[2024-06-29T11:09:08.941+0000] {processor.py:161} INFO - Started process (PID=57) to work on /home/airflow/.local/lib/python3.12/site-packages/airflow/example_dags/example_complex.py
[2024-06-29T11:09:08.944+0000] {processor.py:830} INFO - Processing file /home/airflow/.local/lib/python3.12/site-packages/airflow/example_dags/example_complex.py for tasks to queue
[2024-06-29T11:09:08.956+0000] {logging_mixin.py:188} INFO - [2024-06-29T11:09:08.946+0000] {dagbag.py:545} INFO - Filling up the DagBag from /home/airflow/.local/lib/python3.12/site-packages/airflow/example_dags/example_complex.py
[2024-06-29T11:09:08.973+0000] {processor.py:840} INFO - DAG(s) 'example_complex' retrieved from /home/airflow/.local/lib/python3.12/site-packages/airflow/example_dags/example_complex.py
[2024-06-29T11:09:09.001+0000] {logging_mixin.py:188} INFO - [2024-06-29T11:09:09.000+0000] {dag.py:3096} INFO - Sync 1 DAGs
[2024-06-29T11:09:09.018+0000] {logging_mixin.py:188} INFO - [2024-06-29T11:09:09.018+0000] {dag.py:3954} INFO - Setting next_dagrun for example_complex to None, run_after=None
[2024-06-29T11:09:09.065+0000] {processor.py:183} INFO - Processing /home/airflow/.local/lib/python3.12/site-packages/airflow/example_dags/example_complex.py took 0.130 seconds
[2024-06-29T11:09:39.343+0000] {processor.py:161} INFO - Started process (PID=115) to work on /home/airflow/.local/lib/python3.12/site-packages/airflow/example_dags/example_complex.py
[2024-06-29T11:09:39.344+0000] {processor.py:830} INFO - Processing file /home/airflow/.local/lib/python3.12/site-packages/airflow/example_dags/example_complex.py for tasks to queue
[2024-06-29T11:09:39.345+0000] {logging_mixin.py:188} INFO - [2024-06-29T11:09:39.345+0000] {dagbag.py:545} INFO - Filling up the DagBag from /home/airflow/.local/lib/python3.12/site-packages/airflow/example_dags/example_complex.py
[2024-06-29T11:09:39.351+0000] {processor.py:840} INFO - DAG(s) 'example_complex' retrieved from /home/airflow/.local/lib/python3.12/site-packages/airflow/example_dags/example_complex.py
[2024-06-29T11:09:39.408+0000] {logging_mixin.py:188} INFO - [2024-06-29T11:09:39.408+0000] {dag.py:3096} INFO - Sync 1 DAGs
[2024-06-29T11:09:39.413+0000] {logging_mixin.py:188} INFO - [2024-06-29T11:09:39.413+0000] {dag.py:3954} INFO - Setting next_dagrun for example_complex to None, run_after=None
[2024-06-29T11:09:39.422+0000] {processor.py:183} INFO - Processing /home/airflow/.local/lib/python3.12/site-packages/airflow/example_dags/example_complex.py took 0.082 seconds
[2024-06-29T11:10:09.915+0000] {processor.py:161} INFO - Started process (PID=173) to work on /home/airflow/.local/lib/python3.12/site-packages/airflow/example_dags/example_complex.py
[2024-06-29T11:10:09.915+0000] {processor.py:830} INFO - Processing file /home/airflow/.local/lib/python3.12/site-packages/airflow/example_dags/example_complex.py for tasks to queue
[2024-06-29T11:10:09.917+0000] {logging_mixin.py:188} INFO - [2024-06-29T11:10:09.916+0000] {dagbag.py:545} INFO - Filling up the DagBag from /home/airflow/.local/lib/python3.12/site-packages/airflow/example_dags/example_complex.py
[2024-06-29T11:10:09.922+0000] {processor.py:840} INFO - DAG(s) 'example_complex' retrieved from /home/airflow/.local/lib/python3.12/site-packages/airflow/example_dags/example_complex.py
[2024-06-29T11:10:09.940+0000] {logging_mixin.py:188} INFO - [2024-06-29T11:10:09.940+0000] {dag.py:3096} INFO - Sync 1 DAGs
[2024-06-29T11:10:09.946+0000] {logging_mixin.py:188} INFO - [2024-06-29T11:10:09.946+0000] {dag.py:3954} INFO - Setting next_dagrun for example_complex to None, run_after=None
[2024-06-29T11:10:09.955+0000] {processor.py:183} INFO - Processing /home/airflow/.local/lib/python3.12/site-packages/airflow/example_dags/example_complex.py took 0.044 seconds
[2024-06-29T11:10:40.199+0000] {processor.py:161} INFO - Started process (PID=231) to work on /home/airflow/.local/lib/python3.12/site-packages/airflow/example_dags/example_complex.py
[2024-06-29T11:10:40.200+0000] {processor.py:830} INFO - Processing file /home/airflow/.local/lib/python3.12/site-packages/airflow/example_dags/example_complex.py for tasks to queue
[2024-06-29T11:10:40.201+0000] {logging_mixin.py:188} INFO - [2024-06-29T11:10:40.201+0000] {dagbag.py:545} INFO - Filling up the DagBag from /home/airflow/.local/lib/python3.12/site-packages/airflow/example_dags/example_complex.py
[2024-06-29T11:10:40.207+0000] {processor.py:840} INFO - DAG(s) 'example_complex' retrieved from /home/airflow/.local/lib/python3.12/site-packages/airflow/example_dags/example_complex.py
[2024-06-29T11:10:40.225+0000] {logging_mixin.py:188} INFO - [2024-06-29T11:10:40.225+0000] {dag.py:3096} INFO - Sync 1 DAGs
[2024-06-29T11:10:40.232+0000] {logging_mixin.py:188} INFO - [2024-06-29T11:10:40.232+0000] {dag.py:3954} INFO - Setting next_dagrun for example_complex to None, run_after=None
[2024-06-29T11:10:40.241+0000] {processor.py:183} INFO - Processing /home/airflow/.local/lib/python3.12/site-packages/airflow/example_dags/example_complex.py took 0.045 seconds
[2024-06-29T11:11:10.424+0000] {processor.py:161} INFO - Started process (PID=289) to work on /home/airflow/.local/lib/python3.12/site-packages/airflow/example_dags/example_complex.py
[2024-06-29T11:11:10.425+0000] {processor.py:830} INFO - Processing file /home/airflow/.local/lib/python3.12/site-packages/airflow/example_dags/example_complex.py for tasks to queue
[2024-06-29T11:11:10.426+0000] {logging_mixin.py:188} INFO - [2024-06-29T11:11:10.426+0000] {dagbag.py:545} INFO - Filling up the DagBag from /home/airflow/.local/lib/python3.12/site-packages/airflow/example_dags/example_complex.py
[2024-06-29T11:11:10.431+0000] {processor.py:840} INFO - DAG(s) 'example_complex' retrieved from /home/airflow/.local/lib/python3.12/site-packages/airflow/example_dags/example_complex.py
[2024-06-29T11:11:10.450+0000] {logging_mixin.py:188} INFO - [2024-06-29T11:11:10.449+0000] {dag.py:3096} INFO - Sync 1 DAGs
[2024-06-29T11:11:10.456+0000] {logging_mixin.py:188} INFO - [2024-06-29T11:11:10.456+0000] {dag.py:3954} INFO - Setting next_dagrun for example_complex to None, run_after=None
[2024-06-29T11:11:10.466+0000] {processor.py:183} INFO - Processing /home/airflow/.local/lib/python3.12/site-packages/airflow/example_dags/example_complex.py took 0.045 seconds
[2024-06-29T11:11:41.424+0000] {processor.py:161} INFO - Started process (PID=347) to work on /home/airflow/.local/lib/python3.12/site-packages/airflow/example_dags/example_complex.py
[2024-06-29T11:11:41.424+0000] {processor.py:830} INFO - Processing file /home/airflow/.local/lib/python3.12/site-packages/airflow/example_dags/example_complex.py for tasks to queue
[2024-06-29T11:11:41.425+0000] {logging_mixin.py:188} INFO - [2024-06-29T11:11:41.425+0000] {dagbag.py:545} INFO - Filling up the DagBag from /home/airflow/.local/lib/python3.12/site-packages/airflow/example_dags/example_complex.py
[2024-06-29T11:11:41.431+0000] {processor.py:840} INFO - DAG(s) 'example_complex' retrieved from /home/airflow/.local/lib/python3.12/site-packages/airflow/example_dags/example_complex.py
[2024-06-29T11:11:41.449+0000] {logging_mixin.py:188} INFO - [2024-06-29T11:11:41.449+0000] {dag.py:3096} INFO - Sync 1 DAGs
[2024-06-29T11:11:41.455+0000] {logging_mixin.py:188} INFO - [2024-06-29T11:11:41.455+0000] {dag.py:3954} INFO - Setting next_dagrun for example_complex to None, run_after=None
[2024-06-29T11:11:41.464+0000] {processor.py:183} INFO - Processing /home/airflow/.local/lib/python3.12/site-packages/airflow/example_dags/example_complex.py took 0.044 seconds
[2024-06-29T11:12:11.560+0000] {processor.py:161} INFO - Started process (PID=406) to work on /home/airflow/.local/lib/python3.12/site-packages/airflow/example_dags/example_complex.py
[2024-06-29T11:12:11.560+0000] {processor.py:830} INFO - Processing file /home/airflow/.local/lib/python3.12/site-packages/airflow/example_dags/example_complex.py for tasks to queue
[2024-06-29T11:12:11.562+0000] {logging_mixin.py:188} INFO - [2024-06-29T11:12:11.561+0000] {dagbag.py:545} INFO - Filling up the DagBag from /home/airflow/.local/lib/python3.12/site-packages/airflow/example_dags/example_complex.py
[2024-06-29T11:12:11.567+0000] {processor.py:840} INFO - DAG(s) 'example_complex' retrieved from /home/airflow/.local/lib/python3.12/site-packages/airflow/example_dags/example_complex.py
[2024-06-29T11:12:11.585+0000] {logging_mixin.py:188} INFO - [2024-06-29T11:12:11.585+0000] {dag.py:3096} INFO - Sync 1 DAGs
[2024-06-29T11:12:11.591+0000] {logging_mixin.py:188} INFO - [2024-06-29T11:12:11.591+0000] {dag.py:3954} INFO - Setting next_dagrun for example_complex to None, run_after=None
[2024-06-29T11:12:11.600+0000] {processor.py:183} INFO - Processing /home/airflow/.local/lib/python3.12/site-packages/airflow/example_dags/example_complex.py took 0.044 seconds
[2024-06-29T11:12:41.766+0000] {processor.py:161} INFO - Started process (PID=464) to work on /home/airflow/.local/lib/python3.12/site-packages/airflow/example_dags/example_complex.py
[2024-06-29T11:12:41.767+0000] {processor.py:830} INFO - Processing file /home/airflow/.local/lib/python3.12/site-packages/airflow/example_dags/example_complex.py for tasks to queue
[2024-06-29T11:12:41.768+0000] {logging_mixin.py:188} INFO - [2024-06-29T11:12:41.768+0000] {dagbag.py:545} INFO - Filling up the DagBag from /home/airflow/.local/lib/python3.12/site-packages/airflow/example_dags/example_complex.py
[2024-06-29T11:12:41.773+0000] {processor.py:840} INFO - DAG(s) 'example_complex' retrieved from /home/airflow/.local/lib/python3.12/site-packages/airflow/example_dags/example_complex.py
[2024-06-29T11:12:41.791+0000] {logging_mixin.py:188} INFO - [2024-06-29T11:12:41.791+0000] {dag.py:3096} INFO - Sync 1 DAGs
[2024-06-29T11:12:41.797+0000] {logging_mixin.py:188} INFO - [2024-06-29T11:12:41.797+0000] {dag.py:3954} INFO - Setting next_dagrun for example_complex to None, run_after=None
[2024-06-29T11:12:41.806+0000] {processor.py:183} INFO - Processing /home/airflow/.local/lib/python3.12/site-packages/airflow/example_dags/example_complex.py took 0.043 seconds
[2024-06-29T11:13:11.924+0000] {processor.py:161} INFO - Started process (PID=522) to work on /home/airflow/.local/lib/python3.12/site-packages/airflow/example_dags/example_complex.py
[2024-06-29T11:13:11.924+0000] {processor.py:830} INFO - Processing file /home/airflow/.local/lib/python3.12/site-packages/airflow/example_dags/example_complex.py for tasks to queue
[2024-06-29T11:13:11.926+0000] {logging_mixin.py:188} INFO - [2024-06-29T11:13:11.925+0000] {dagbag.py:545} INFO - Filling up the DagBag from /home/airflow/.local/lib/python3.12/site-packages/airflow/example_dags/example_complex.py
[2024-06-29T11:13:11.931+0000] {processor.py:840} INFO - DAG(s) 'example_complex' retrieved from /home/airflow/.local/lib/python3.12/site-packages/airflow/example_dags/example_complex.py
[2024-06-29T11:13:11.949+0000] {logging_mixin.py:188} INFO - [2024-06-29T11:13:11.949+0000] {dag.py:3096} INFO - Sync 1 DAGs
[2024-06-29T11:13:11.955+0000] {logging_mixin.py:188} INFO - [2024-06-29T11:13:11.955+0000] {dag.py:3954} INFO - Setting next_dagrun for example_complex to None, run_after=None
[2024-06-29T11:13:11.964+0000] {processor.py:183} INFO - Processing /home/airflow/.local/lib/python3.12/site-packages/airflow/example_dags/example_complex.py took 0.044 seconds
[2024-06-29T11:13:42.061+0000] {processor.py:161} INFO - Started process (PID=581) to work on /home/airflow/.local/lib/python3.12/site-packages/airflow/example_dags/example_complex.py
[2024-06-29T11:13:42.062+0000] {processor.py:830} INFO - Processing file /home/airflow/.local/lib/python3.12/site-packages/airflow/example_dags/example_complex.py for tasks to queue
[2024-06-29T11:13:42.063+0000] {logging_mixin.py:188} INFO - [2024-06-29T11:13:42.062+0000] {dagbag.py:545} INFO - Filling up the DagBag from /home/airflow/.local/lib/python3.12/site-packages/airflow/example_dags/example_complex.py
[2024-06-29T11:13:42.068+0000] {processor.py:840} INFO - DAG(s) 'example_complex' retrieved from /home/airflow/.local/lib/python3.12/site-packages/airflow/example_dags/example_complex.py
[2024-06-29T11:13:42.086+0000] {logging_mixin.py:188} INFO - [2024-06-29T11:13:42.085+0000] {dag.py:3096} INFO - Sync 1 DAGs
[2024-06-29T11:13:42.092+0000] {logging_mixin.py:188} INFO - [2024-06-29T11:13:42.092+0000] {dag.py:3954} INFO - Setting next_dagrun for example_complex to None, run_after=None
[2024-06-29T11:13:42.101+0000] {processor.py:183} INFO - Processing /home/airflow/.local/lib/python3.12/site-packages/airflow/example_dags/example_complex.py took 0.044 seconds
[2024-06-29T11:14:12.149+0000] {processor.py:161} INFO - Started process (PID=639) to work on /home/airflow/.local/lib/python3.12/site-packages/airflow/example_dags/example_complex.py
[2024-06-29T11:14:12.150+0000] {processor.py:830} INFO - Processing file /home/airflow/.local/lib/python3.12/site-packages/airflow/example_dags/example_complex.py for tasks to queue
[2024-06-29T11:14:12.151+0000] {logging_mixin.py:188} INFO - [2024-06-29T11:14:12.151+0000] {dagbag.py:545} INFO - Filling up the DagBag from /home/airflow/.local/lib/python3.12/site-packages/airflow/example_dags/example_complex.py
[2024-06-29T11:14:12.156+0000] {processor.py:840} INFO - DAG(s) 'example_complex' retrieved from /home/airflow/.local/lib/python3.12/site-packages/airflow/example_dags/example_complex.py
[2024-06-29T11:14:12.174+0000] {logging_mixin.py:188} INFO - [2024-06-29T11:14:12.174+0000] {dag.py:3096} INFO - Sync 1 DAGs
[2024-06-29T11:14:12.180+0000] {logging_mixin.py:188} INFO - [2024-06-29T11:14:12.180+0000] {dag.py:3954} INFO - Setting next_dagrun for example_complex to None, run_after=None
[2024-06-29T11:14:12.190+0000] {processor.py:183} INFO - Processing /home/airflow/.local/lib/python3.12/site-packages/airflow/example_dags/example_complex.py took 0.044 seconds
[2024-06-29T11:14:42.598+0000] {processor.py:161} INFO - Started process (PID=697) to work on /home/airflow/.local/lib/python3.12/site-packages/airflow/example_dags/example_complex.py
[2024-06-29T11:14:42.599+0000] {processor.py:830} INFO - Processing file /home/airflow/.local/lib/python3.12/site-packages/airflow/example_dags/example_complex.py for tasks to queue
[2024-06-29T11:14:42.601+0000] {logging_mixin.py:188} INFO - [2024-06-29T11:14:42.600+0000] {dagbag.py:545} INFO - Filling up the DagBag from /home/airflow/.local/lib/python3.12/site-packages/airflow/example_dags/example_complex.py
[2024-06-29T11:14:42.610+0000] {processor.py:840} INFO - DAG(s) 'example_complex' retrieved from /home/airflow/.local/lib/python3.12/site-packages/airflow/example_dags/example_complex.py
[2024-06-29T11:14:42.632+0000] {logging_mixin.py:188} INFO - [2024-06-29T11:14:42.632+0000] {dag.py:3096} INFO - Sync 1 DAGs
[2024-06-29T11:14:42.641+0000] {logging_mixin.py:188} INFO - [2024-06-29T11:14:42.641+0000] {dag.py:3954} INFO - Setting next_dagrun for example_complex to None, run_after=None
[2024-06-29T11:14:42.652+0000] {processor.py:183} INFO - Processing /home/airflow/.local/lib/python3.12/site-packages/airflow/example_dags/example_complex.py took 0.058 seconds
[2024-06-29T11:15:13.677+0000] {processor.py:161} INFO - Started process (PID=755) to work on /home/airflow/.local/lib/python3.12/site-packages/airflow/example_dags/example_complex.py
[2024-06-29T11:15:13.678+0000] {processor.py:830} INFO - Processing file /home/airflow/.local/lib/python3.12/site-packages/airflow/example_dags/example_complex.py for tasks to queue
[2024-06-29T11:15:13.679+0000] {logging_mixin.py:188} INFO - [2024-06-29T11:15:13.679+0000] {dagbag.py:545} INFO - Filling up the DagBag from /home/airflow/.local/lib/python3.12/site-packages/airflow/example_dags/example_complex.py
[2024-06-29T11:15:13.684+0000] {processor.py:840} INFO - DAG(s) 'example_complex' retrieved from /home/airflow/.local/lib/python3.12/site-packages/airflow/example_dags/example_complex.py
[2024-06-29T11:15:13.704+0000] {logging_mixin.py:188} INFO - [2024-06-29T11:15:13.704+0000] {dag.py:3096} INFO - Sync 1 DAGs
[2024-06-29T11:15:13.710+0000] {logging_mixin.py:188} INFO - [2024-06-29T11:15:13.710+0000] {dag.py:3954} INFO - Setting next_dagrun for example_complex to None, run_after=None
[2024-06-29T11:15:13.720+0000] {processor.py:183} INFO - Processing /home/airflow/.local/lib/python3.12/site-packages/airflow/example_dags/example_complex.py took 0.046 seconds
[2024-06-29T11:15:44.103+0000] {processor.py:161} INFO - Started process (PID=812) to work on /home/airflow/.local/lib/python3.12/site-packages/airflow/example_dags/example_complex.py
[2024-06-29T11:15:44.104+0000] {processor.py:830} INFO - Processing file /home/airflow/.local/lib/python3.12/site-packages/airflow/example_dags/example_complex.py for tasks to queue
[2024-06-29T11:15:44.105+0000] {logging_mixin.py:188} INFO - [2024-06-29T11:15:44.105+0000] {dagbag.py:545} INFO - Filling up the DagBag from /home/airflow/.local/lib/python3.12/site-packages/airflow/example_dags/example_complex.py
[2024-06-29T11:15:44.110+0000] {processor.py:840} INFO - DAG(s) 'example_complex' retrieved from /home/airflow/.local/lib/python3.12/site-packages/airflow/example_dags/example_complex.py
[2024-06-29T11:15:44.129+0000] {logging_mixin.py:188} INFO - [2024-06-29T11:15:44.129+0000] {dag.py:3096} INFO - Sync 1 DAGs
[2024-06-29T11:15:44.136+0000] {logging_mixin.py:188} INFO - [2024-06-29T11:15:44.136+0000] {dag.py:3954} INFO - Setting next_dagrun for example_complex to None, run_after=None
[2024-06-29T11:15:44.145+0000] {processor.py:183} INFO - Processing /home/airflow/.local/lib/python3.12/site-packages/airflow/example_dags/example_complex.py took 0.046 seconds
[2024-06-29T11:16:14.195+0000] {processor.py:161} INFO - Started process (PID=869) to work on /home/airflow/.local/lib/python3.12/site-packages/airflow/example_dags/example_complex.py
[2024-06-29T11:16:14.196+0000] {processor.py:830} INFO - Processing file /home/airflow/.local/lib/python3.12/site-packages/airflow/example_dags/example_complex.py for tasks to queue
[2024-06-29T11:16:14.197+0000] {logging_mixin.py:188} INFO - [2024-06-29T11:16:14.196+0000] {dagbag.py:545} INFO - Filling up the DagBag from /home/airflow/.local/lib/python3.12/site-packages/airflow/example_dags/example_complex.py
[2024-06-29T11:16:14.202+0000] {processor.py:840} INFO - DAG(s) 'example_complex' retrieved from /home/airflow/.local/lib/python3.12/site-packages/airflow/example_dags/example_complex.py
[2024-06-29T11:16:14.220+0000] {logging_mixin.py:188} INFO - [2024-06-29T11:16:14.220+0000] {dag.py:3096} INFO - Sync 1 DAGs
[2024-06-29T11:16:14.227+0000] {logging_mixin.py:188} INFO - [2024-06-29T11:16:14.227+0000] {dag.py:3954} INFO - Setting next_dagrun for example_complex to None, run_after=None
[2024-06-29T11:16:14.236+0000] {processor.py:183} INFO - Processing /home/airflow/.local/lib/python3.12/site-packages/airflow/example_dags/example_complex.py took 0.045 seconds
[2024-06-29T11:16:44.465+0000] {processor.py:161} INFO - Started process (PID=927) to work on /home/airflow/.local/lib/python3.12/site-packages/airflow/example_dags/example_complex.py
[2024-06-29T11:16:44.466+0000] {processor.py:830} INFO - Processing file /home/airflow/.local/lib/python3.12/site-packages/airflow/example_dags/example_complex.py for tasks to queue
[2024-06-29T11:16:44.467+0000] {logging_mixin.py:188} INFO - [2024-06-29T11:16:44.467+0000] {dagbag.py:545} INFO - Filling up the DagBag from /home/airflow/.local/lib/python3.12/site-packages/airflow/example_dags/example_complex.py
[2024-06-29T11:16:44.472+0000] {processor.py:840} INFO - DAG(s) 'example_complex' retrieved from /home/airflow/.local/lib/python3.12/site-packages/airflow/example_dags/example_complex.py
[2024-06-29T11:16:44.491+0000] {logging_mixin.py:188} INFO - [2024-06-29T11:16:44.491+0000] {dag.py:3096} INFO - Sync 1 DAGs
[2024-06-29T11:16:44.498+0000] {logging_mixin.py:188} INFO - [2024-06-29T11:16:44.498+0000] {dag.py:3954} INFO - Setting next_dagrun for example_complex to None, run_after=None
[2024-06-29T11:16:44.507+0000] {processor.py:183} INFO - Processing /home/airflow/.local/lib/python3.12/site-packages/airflow/example_dags/example_complex.py took 0.046 seconds
[2024-06-29T11:17:14.988+0000] {processor.py:161} INFO - Started process (PID=986) to work on /home/airflow/.local/lib/python3.12/site-packages/airflow/example_dags/example_complex.py
[2024-06-29T11:17:14.989+0000] {processor.py:830} INFO - Processing file /home/airflow/.local/lib/python3.12/site-packages/airflow/example_dags/example_complex.py for tasks to queue
[2024-06-29T11:17:14.990+0000] {logging_mixin.py:188} INFO - [2024-06-29T11:17:14.990+0000] {dagbag.py:545} INFO - Filling up the DagBag from /home/airflow/.local/lib/python3.12/site-packages/airflow/example_dags/example_complex.py
[2024-06-29T11:17:14.995+0000] {processor.py:840} INFO - DAG(s) 'example_complex' retrieved from /home/airflow/.local/lib/python3.12/site-packages/airflow/example_dags/example_complex.py
[2024-06-29T11:17:15.014+0000] {logging_mixin.py:188} INFO - [2024-06-29T11:17:15.014+0000] {dag.py:3096} INFO - Sync 1 DAGs
[2024-06-29T11:17:15.021+0000] {logging_mixin.py:188} INFO - [2024-06-29T11:17:15.020+0000] {dag.py:3954} INFO - Setting next_dagrun for example_complex to None, run_after=None
[2024-06-29T11:17:15.031+0000] {processor.py:183} INFO - Processing /home/airflow/.local/lib/python3.12/site-packages/airflow/example_dags/example_complex.py took 0.047 seconds
[2024-06-29T11:17:45.304+0000] {processor.py:161} INFO - Started process (PID=1044) to work on /home/airflow/.local/lib/python3.12/site-packages/airflow/example_dags/example_complex.py
[2024-06-29T11:17:45.304+0000] {processor.py:830} INFO - Processing file /home/airflow/.local/lib/python3.12/site-packages/airflow/example_dags/example_complex.py for tasks to queue
[2024-06-29T11:17:45.306+0000] {logging_mixin.py:188} INFO - [2024-06-29T11:17:45.306+0000] {dagbag.py:545} INFO - Filling up the DagBag from /home/airflow/.local/lib/python3.12/site-packages/airflow/example_dags/example_complex.py
[2024-06-29T11:17:45.312+0000] {processor.py:840} INFO - DAG(s) 'example_complex' retrieved from /home/airflow/.local/lib/python3.12/site-packages/airflow/example_dags/example_complex.py
[2024-06-29T11:17:45.340+0000] {logging_mixin.py:188} INFO - [2024-06-29T11:17:45.340+0000] {dag.py:3096} INFO - Sync 1 DAGs
[2024-06-29T11:17:45.347+0000] {logging_mixin.py:188} INFO - [2024-06-29T11:17:45.347+0000] {dag.py:3954} INFO - Setting next_dagrun for example_complex to None, run_after=None
[2024-06-29T11:17:45.367+0000] {processor.py:183} INFO - Processing /home/airflow/.local/lib/python3.12/site-packages/airflow/example_dags/example_complex.py took 0.068 seconds
[2024-06-29T11:18:15.688+0000] {processor.py:161} INFO - Started process (PID=1102) to work on /home/airflow/.local/lib/python3.12/site-packages/airflow/example_dags/example_complex.py
[2024-06-29T11:18:15.689+0000] {processor.py:830} INFO - Processing file /home/airflow/.local/lib/python3.12/site-packages/airflow/example_dags/example_complex.py for tasks to queue
[2024-06-29T11:18:15.690+0000] {logging_mixin.py:188} INFO - [2024-06-29T11:18:15.690+0000] {dagbag.py:545} INFO - Filling up the DagBag from /home/airflow/.local/lib/python3.12/site-packages/airflow/example_dags/example_complex.py
[2024-06-29T11:18:15.696+0000] {processor.py:840} INFO - DAG(s) 'example_complex' retrieved from /home/airflow/.local/lib/python3.12/site-packages/airflow/example_dags/example_complex.py
[2024-06-29T11:18:15.715+0000] {logging_mixin.py:188} INFO - [2024-06-29T11:18:15.714+0000] {dag.py:3096} INFO - Sync 1 DAGs
[2024-06-29T11:18:15.721+0000] {logging_mixin.py:188} INFO - [2024-06-29T11:18:15.721+0000] {dag.py:3954} INFO - Setting next_dagrun for example_complex to None, run_after=None
[2024-06-29T11:18:15.730+0000] {processor.py:183} INFO - Processing /home/airflow/.local/lib/python3.12/site-packages/airflow/example_dags/example_complex.py took 0.046 seconds
[2024-06-29T11:18:45.820+0000] {processor.py:161} INFO - Started process (PID=1160) to work on /home/airflow/.local/lib/python3.12/site-packages/airflow/example_dags/example_complex.py
[2024-06-29T11:18:45.821+0000] {processor.py:830} INFO - Processing file /home/airflow/.local/lib/python3.12/site-packages/airflow/example_dags/example_complex.py for tasks to queue
[2024-06-29T11:18:45.822+0000] {logging_mixin.py:188} INFO - [2024-06-29T11:18:45.822+0000] {dagbag.py:545} INFO - Filling up the DagBag from /home/airflow/.local/lib/python3.12/site-packages/airflow/example_dags/example_complex.py
[2024-06-29T11:18:45.828+0000] {processor.py:840} INFO - DAG(s) 'example_complex' retrieved from /home/airflow/.local/lib/python3.12/site-packages/airflow/example_dags/example_complex.py
[2024-06-29T11:18:45.846+0000] {logging_mixin.py:188} INFO - [2024-06-29T11:18:45.846+0000] {dag.py:3096} INFO - Sync 1 DAGs
[2024-06-29T11:18:45.852+0000] {logging_mixin.py:188} INFO - [2024-06-29T11:18:45.852+0000] {dag.py:3954} INFO - Setting next_dagrun for example_complex to None, run_after=None
[2024-06-29T11:18:45.861+0000] {processor.py:183} INFO - Processing /home/airflow/.local/lib/python3.12/site-packages/airflow/example_dags/example_complex.py took 0.044 seconds
[2024-06-29T11:19:16.183+0000] {processor.py:161} INFO - Started process (PID=1218) to work on /home/airflow/.local/lib/python3.12/site-packages/airflow/example_dags/example_complex.py
[2024-06-29T11:19:16.184+0000] {processor.py:830} INFO - Processing file /home/airflow/.local/lib/python3.12/site-packages/airflow/example_dags/example_complex.py for tasks to queue
[2024-06-29T11:19:16.185+0000] {logging_mixin.py:188} INFO - [2024-06-29T11:19:16.185+0000] {dagbag.py:545} INFO - Filling up the DagBag from /home/airflow/.local/lib/python3.12/site-packages/airflow/example_dags/example_complex.py
[2024-06-29T11:19:16.191+0000] {processor.py:840} INFO - DAG(s) 'example_complex' retrieved from /home/airflow/.local/lib/python3.12/site-packages/airflow/example_dags/example_complex.py
[2024-06-29T11:19:16.209+0000] {logging_mixin.py:188} INFO - [2024-06-29T11:19:16.208+0000] {dag.py:3096} INFO - Sync 1 DAGs
[2024-06-29T11:19:16.215+0000] {logging_mixin.py:188} INFO - [2024-06-29T11:19:16.214+0000] {dag.py:3954} INFO - Setting next_dagrun for example_complex to None, run_after=None
[2024-06-29T11:19:16.223+0000] {processor.py:183} INFO - Processing /home/airflow/.local/lib/python3.12/site-packages/airflow/example_dags/example_complex.py took 0.044 seconds
[2024-06-29T11:19:46.548+0000] {processor.py:161} INFO - Started process (PID=1276) to work on /home/airflow/.local/lib/python3.12/site-packages/airflow/example_dags/example_complex.py
[2024-06-29T11:19:46.549+0000] {processor.py:830} INFO - Processing file /home/airflow/.local/lib/python3.12/site-packages/airflow/example_dags/example_complex.py for tasks to queue
[2024-06-29T11:19:46.550+0000] {logging_mixin.py:188} INFO - [2024-06-29T11:19:46.550+0000] {dagbag.py:545} INFO - Filling up the DagBag from /home/airflow/.local/lib/python3.12/site-packages/airflow/example_dags/example_complex.py
[2024-06-29T11:19:46.556+0000] {processor.py:840} INFO - DAG(s) 'example_complex' retrieved from /home/airflow/.local/lib/python3.12/site-packages/airflow/example_dags/example_complex.py
[2024-06-29T11:19:46.576+0000] {logging_mixin.py:188} INFO - [2024-06-29T11:19:46.576+0000] {dag.py:3096} INFO - Sync 1 DAGs
[2024-06-29T11:19:46.582+0000] {logging_mixin.py:188} INFO - [2024-06-29T11:19:46.582+0000] {dag.py:3954} INFO - Setting next_dagrun for example_complex to None, run_after=None
[2024-06-29T11:19:46.591+0000] {processor.py:183} INFO - Processing /home/airflow/.local/lib/python3.12/site-packages/airflow/example_dags/example_complex.py took 0.046 seconds
[2024-06-29T11:20:16.815+0000] {processor.py:161} INFO - Started process (PID=1334) to work on /home/airflow/.local/lib/python3.12/site-packages/airflow/example_dags/example_complex.py
[2024-06-29T11:20:16.816+0000] {processor.py:830} INFO - Processing file /home/airflow/.local/lib/python3.12/site-packages/airflow/example_dags/example_complex.py for tasks to queue
[2024-06-29T11:20:16.817+0000] {logging_mixin.py:188} INFO - [2024-06-29T11:20:16.817+0000] {dagbag.py:545} INFO - Filling up the DagBag from /home/airflow/.local/lib/python3.12/site-packages/airflow/example_dags/example_complex.py
[2024-06-29T11:20:16.822+0000] {processor.py:840} INFO - DAG(s) 'example_complex' retrieved from /home/airflow/.local/lib/python3.12/site-packages/airflow/example_dags/example_complex.py
[2024-06-29T11:20:16.841+0000] {logging_mixin.py:188} INFO - [2024-06-29T11:20:16.841+0000] {dag.py:3096} INFO - Sync 1 DAGs
[2024-06-29T11:20:16.847+0000] {logging_mixin.py:188} INFO - [2024-06-29T11:20:16.847+0000] {dag.py:3954} INFO - Setting next_dagrun for example_complex to None, run_after=None
[2024-06-29T11:20:16.856+0000] {processor.py:183} INFO - Processing /home/airflow/.local/lib/python3.12/site-packages/airflow/example_dags/example_complex.py took 0.045 seconds
[2024-06-29T11:20:46.998+0000] {processor.py:161} INFO - Started process (PID=1392) to work on /home/airflow/.local/lib/python3.12/site-packages/airflow/example_dags/example_complex.py
[2024-06-29T11:20:46.999+0000] {processor.py:830} INFO - Processing file /home/airflow/.local/lib/python3.12/site-packages/airflow/example_dags/example_complex.py for tasks to queue
[2024-06-29T11:20:47.000+0000] {logging_mixin.py:188} INFO - [2024-06-29T11:20:47.000+0000] {dagbag.py:545} INFO - Filling up the DagBag from /home/airflow/.local/lib/python3.12/site-packages/airflow/example_dags/example_complex.py
[2024-06-29T11:20:47.006+0000] {processor.py:840} INFO - DAG(s) 'example_complex' retrieved from /home/airflow/.local/lib/python3.12/site-packages/airflow/example_dags/example_complex.py
[2024-06-29T11:20:47.025+0000] {logging_mixin.py:188} INFO - [2024-06-29T11:20:47.024+0000] {dag.py:3096} INFO - Sync 1 DAGs
[2024-06-29T11:20:47.031+0000] {logging_mixin.py:188} INFO - [2024-06-29T11:20:47.031+0000] {dag.py:3954} INFO - Setting next_dagrun for example_complex to None, run_after=None
[2024-06-29T11:20:47.039+0000] {processor.py:183} INFO - Processing /home/airflow/.local/lib/python3.12/site-packages/airflow/example_dags/example_complex.py took 0.045 seconds
[2024-06-29T11:21:17.261+0000] {processor.py:161} INFO - Started process (PID=1450) to work on /home/airflow/.local/lib/python3.12/site-packages/airflow/example_dags/example_complex.py
[2024-06-29T11:21:17.262+0000] {processor.py:830} INFO - Processing file /home/airflow/.local/lib/python3.12/site-packages/airflow/example_dags/example_complex.py for tasks to queue
[2024-06-29T11:21:17.264+0000] {logging_mixin.py:188} INFO - [2024-06-29T11:21:17.263+0000] {dagbag.py:545} INFO - Filling up the DagBag from /home/airflow/.local/lib/python3.12/site-packages/airflow/example_dags/example_complex.py
[2024-06-29T11:21:17.269+0000] {processor.py:840} INFO - DAG(s) 'example_complex' retrieved from /home/airflow/.local/lib/python3.12/site-packages/airflow/example_dags/example_complex.py
[2024-06-29T11:21:17.287+0000] {logging_mixin.py:188} INFO - [2024-06-29T11:21:17.287+0000] {dag.py:3096} INFO - Sync 1 DAGs
[2024-06-29T11:21:17.294+0000] {logging_mixin.py:188} INFO - [2024-06-29T11:21:17.294+0000] {dag.py:3954} INFO - Setting next_dagrun for example_complex to None, run_after=None
[2024-06-29T11:21:17.304+0000] {processor.py:183} INFO - Processing /home/airflow/.local/lib/python3.12/site-packages/airflow/example_dags/example_complex.py took 0.047 seconds
