[2024-06-29T11:09:10.051+0000] {processor.py:161} INFO - Started process (PID=69) to work on /home/airflow/.local/lib/python3.12/site-packages/airflow/example_dags/example_xcomargs.py
[2024-06-29T11:09:10.053+0000] {processor.py:830} INFO - Processing file /home/airflow/.local/lib/python3.12/site-packages/airflow/example_dags/example_xcomargs.py for tasks to queue
[2024-06-29T11:09:10.056+0000] {logging_mixin.py:188} INFO - [2024-06-29T11:09:10.055+0000] {dagbag.py:545} INFO - Filling up the DagBag from /home/airflow/.local/lib/python3.12/site-packages/airflow/example_dags/example_xcomargs.py
[2024-06-29T11:09:10.070+0000] {processor.py:840} INFO - DAG(s) 'example_xcom_args', 'example_xcom_args_with_operators' retrieved from /home/airflow/.local/lib/python3.12/site-packages/airflow/example_dags/example_xcomargs.py
[2024-06-29T11:09:10.104+0000] {logging_mixin.py:188} INFO - [2024-06-29T11:09:10.104+0000] {dag.py:3096} INFO - Sync 2 DAGs
[2024-06-29T11:09:10.123+0000] {logging_mixin.py:188} INFO - [2024-06-29T11:09:10.123+0000] {dag.py:3954} INFO - Setting next_dagrun for example_xcom_args to None, run_after=None
[2024-06-29T11:09:10.131+0000] {logging_mixin.py:188} INFO - [2024-06-29T11:09:10.130+0000] {dag.py:3954} INFO - Setting next_dagrun for example_xcom_args_with_operators to None, run_after=None
[2024-06-29T11:09:10.149+0000] {processor.py:183} INFO - Processing /home/airflow/.local/lib/python3.12/site-packages/airflow/example_dags/example_xcomargs.py took 0.111 seconds
[2024-06-29T11:09:40.244+0000] {processor.py:161} INFO - Started process (PID=127) to work on /home/airflow/.local/lib/python3.12/site-packages/airflow/example_dags/example_xcomargs.py
[2024-06-29T11:09:40.245+0000] {processor.py:830} INFO - Processing file /home/airflow/.local/lib/python3.12/site-packages/airflow/example_dags/example_xcomargs.py for tasks to queue
[2024-06-29T11:09:40.246+0000] {logging_mixin.py:188} INFO - [2024-06-29T11:09:40.245+0000] {dagbag.py:545} INFO - Filling up the DagBag from /home/airflow/.local/lib/python3.12/site-packages/airflow/example_dags/example_xcomargs.py
[2024-06-29T11:09:40.250+0000] {processor.py:840} INFO - DAG(s) 'example_xcom_args', 'example_xcom_args_with_operators' retrieved from /home/airflow/.local/lib/python3.12/site-packages/airflow/example_dags/example_xcomargs.py
[2024-06-29T11:09:40.309+0000] {logging_mixin.py:188} INFO - [2024-06-29T11:09:40.309+0000] {dag.py:3096} INFO - Sync 2 DAGs
[2024-06-29T11:09:40.314+0000] {logging_mixin.py:188} INFO - [2024-06-29T11:09:40.314+0000] {dag.py:3954} INFO - Setting next_dagrun for example_xcom_args to None, run_after=None
[2024-06-29T11:09:40.316+0000] {logging_mixin.py:188} INFO - [2024-06-29T11:09:40.316+0000] {dag.py:3954} INFO - Setting next_dagrun for example_xcom_args_with_operators to None, run_after=None
[2024-06-29T11:09:40.325+0000] {processor.py:183} INFO - Processing /home/airflow/.local/lib/python3.12/site-packages/airflow/example_dags/example_xcomargs.py took 0.085 seconds
[2024-06-29T11:10:11.292+0000] {processor.py:161} INFO - Started process (PID=185) to work on /home/airflow/.local/lib/python3.12/site-packages/airflow/example_dags/example_xcomargs.py
[2024-06-29T11:10:11.294+0000] {processor.py:830} INFO - Processing file /home/airflow/.local/lib/python3.12/site-packages/airflow/example_dags/example_xcomargs.py for tasks to queue
[2024-06-29T11:10:11.296+0000] {logging_mixin.py:188} INFO - [2024-06-29T11:10:11.295+0000] {dagbag.py:545} INFO - Filling up the DagBag from /home/airflow/.local/lib/python3.12/site-packages/airflow/example_dags/example_xcomargs.py
[2024-06-29T11:10:11.304+0000] {processor.py:840} INFO - DAG(s) 'example_xcom_args_with_operators', 'example_xcom_args' retrieved from /home/airflow/.local/lib/python3.12/site-packages/airflow/example_dags/example_xcomargs.py
[2024-06-29T11:10:11.324+0000] {logging_mixin.py:188} INFO - [2024-06-29T11:10:11.324+0000] {dag.py:3096} INFO - Sync 2 DAGs
[2024-06-29T11:10:11.333+0000] {logging_mixin.py:188} INFO - [2024-06-29T11:10:11.332+0000] {dag.py:3954} INFO - Setting next_dagrun for example_xcom_args to None, run_after=None
[2024-06-29T11:10:11.335+0000] {logging_mixin.py:188} INFO - [2024-06-29T11:10:11.335+0000] {dag.py:3954} INFO - Setting next_dagrun for example_xcom_args_with_operators to None, run_after=None
[2024-06-29T11:10:11.343+0000] {processor.py:183} INFO - Processing /home/airflow/.local/lib/python3.12/site-packages/airflow/example_dags/example_xcomargs.py took 0.058 seconds
[2024-06-29T11:10:41.568+0000] {processor.py:161} INFO - Started process (PID=243) to work on /home/airflow/.local/lib/python3.12/site-packages/airflow/example_dags/example_xcomargs.py
[2024-06-29T11:10:41.570+0000] {processor.py:830} INFO - Processing file /home/airflow/.local/lib/python3.12/site-packages/airflow/example_dags/example_xcomargs.py for tasks to queue
[2024-06-29T11:10:41.572+0000] {logging_mixin.py:188} INFO - [2024-06-29T11:10:41.571+0000] {dagbag.py:545} INFO - Filling up the DagBag from /home/airflow/.local/lib/python3.12/site-packages/airflow/example_dags/example_xcomargs.py
[2024-06-29T11:10:41.581+0000] {processor.py:840} INFO - DAG(s) 'example_xcom_args_with_operators', 'example_xcom_args' retrieved from /home/airflow/.local/lib/python3.12/site-packages/airflow/example_dags/example_xcomargs.py
[2024-06-29T11:10:41.605+0000] {logging_mixin.py:188} INFO - [2024-06-29T11:10:41.605+0000] {dag.py:3096} INFO - Sync 2 DAGs
[2024-06-29T11:10:41.613+0000] {logging_mixin.py:188} INFO - [2024-06-29T11:10:41.612+0000] {dag.py:3954} INFO - Setting next_dagrun for example_xcom_args to None, run_after=None
[2024-06-29T11:10:41.615+0000] {logging_mixin.py:188} INFO - [2024-06-29T11:10:41.615+0000] {dag.py:3954} INFO - Setting next_dagrun for example_xcom_args_with_operators to None, run_after=None
[2024-06-29T11:10:41.623+0000] {processor.py:183} INFO - Processing /home/airflow/.local/lib/python3.12/site-packages/airflow/example_dags/example_xcomargs.py took 0.060 seconds
[2024-06-29T11:11:11.790+0000] {processor.py:161} INFO - Started process (PID=301) to work on /home/airflow/.local/lib/python3.12/site-packages/airflow/example_dags/example_xcomargs.py
[2024-06-29T11:11:11.791+0000] {processor.py:830} INFO - Processing file /home/airflow/.local/lib/python3.12/site-packages/airflow/example_dags/example_xcomargs.py for tasks to queue
[2024-06-29T11:11:11.793+0000] {logging_mixin.py:188} INFO - [2024-06-29T11:11:11.793+0000] {dagbag.py:545} INFO - Filling up the DagBag from /home/airflow/.local/lib/python3.12/site-packages/airflow/example_dags/example_xcomargs.py
[2024-06-29T11:11:11.802+0000] {processor.py:840} INFO - DAG(s) 'example_xcom_args_with_operators', 'example_xcom_args' retrieved from /home/airflow/.local/lib/python3.12/site-packages/airflow/example_dags/example_xcomargs.py
[2024-06-29T11:11:11.822+0000] {logging_mixin.py:188} INFO - [2024-06-29T11:11:11.822+0000] {dag.py:3096} INFO - Sync 2 DAGs
[2024-06-29T11:11:11.829+0000] {logging_mixin.py:188} INFO - [2024-06-29T11:11:11.829+0000] {dag.py:3954} INFO - Setting next_dagrun for example_xcom_args to None, run_after=None
[2024-06-29T11:11:11.831+0000] {logging_mixin.py:188} INFO - [2024-06-29T11:11:11.831+0000] {dag.py:3954} INFO - Setting next_dagrun for example_xcom_args_with_operators to None, run_after=None
[2024-06-29T11:11:11.839+0000] {processor.py:183} INFO - Processing /home/airflow/.local/lib/python3.12/site-packages/airflow/example_dags/example_xcomargs.py took 0.056 seconds
[2024-06-29T11:11:42.768+0000] {processor.py:161} INFO - Started process (PID=359) to work on /home/airflow/.local/lib/python3.12/site-packages/airflow/example_dags/example_xcomargs.py
[2024-06-29T11:11:42.769+0000] {processor.py:830} INFO - Processing file /home/airflow/.local/lib/python3.12/site-packages/airflow/example_dags/example_xcomargs.py for tasks to queue
[2024-06-29T11:11:42.771+0000] {logging_mixin.py:188} INFO - [2024-06-29T11:11:42.771+0000] {dagbag.py:545} INFO - Filling up the DagBag from /home/airflow/.local/lib/python3.12/site-packages/airflow/example_dags/example_xcomargs.py
[2024-06-29T11:11:42.779+0000] {processor.py:840} INFO - DAG(s) 'example_xcom_args', 'example_xcom_args_with_operators' retrieved from /home/airflow/.local/lib/python3.12/site-packages/airflow/example_dags/example_xcomargs.py
[2024-06-29T11:11:42.799+0000] {logging_mixin.py:188} INFO - [2024-06-29T11:11:42.799+0000] {dag.py:3096} INFO - Sync 2 DAGs
[2024-06-29T11:11:42.807+0000] {logging_mixin.py:188} INFO - [2024-06-29T11:11:42.807+0000] {dag.py:3954} INFO - Setting next_dagrun for example_xcom_args to None, run_after=None
[2024-06-29T11:11:42.809+0000] {logging_mixin.py:188} INFO - [2024-06-29T11:11:42.809+0000] {dag.py:3954} INFO - Setting next_dagrun for example_xcom_args_with_operators to None, run_after=None
[2024-06-29T11:11:42.816+0000] {processor.py:183} INFO - Processing /home/airflow/.local/lib/python3.12/site-packages/airflow/example_dags/example_xcomargs.py took 0.056 seconds
[2024-06-29T11:12:12.930+0000] {processor.py:161} INFO - Started process (PID=418) to work on /home/airflow/.local/lib/python3.12/site-packages/airflow/example_dags/example_xcomargs.py
[2024-06-29T11:12:12.931+0000] {processor.py:830} INFO - Processing file /home/airflow/.local/lib/python3.12/site-packages/airflow/example_dags/example_xcomargs.py for tasks to queue
[2024-06-29T11:12:12.933+0000] {logging_mixin.py:188} INFO - [2024-06-29T11:12:12.932+0000] {dagbag.py:545} INFO - Filling up the DagBag from /home/airflow/.local/lib/python3.12/site-packages/airflow/example_dags/example_xcomargs.py
[2024-06-29T11:12:12.941+0000] {processor.py:840} INFO - DAG(s) 'example_xcom_args', 'example_xcom_args_with_operators' retrieved from /home/airflow/.local/lib/python3.12/site-packages/airflow/example_dags/example_xcomargs.py
[2024-06-29T11:12:12.961+0000] {logging_mixin.py:188} INFO - [2024-06-29T11:12:12.961+0000] {dag.py:3096} INFO - Sync 2 DAGs
[2024-06-29T11:12:12.969+0000] {logging_mixin.py:188} INFO - [2024-06-29T11:12:12.968+0000] {dag.py:3954} INFO - Setting next_dagrun for example_xcom_args to None, run_after=None
[2024-06-29T11:12:12.971+0000] {logging_mixin.py:188} INFO - [2024-06-29T11:12:12.970+0000] {dag.py:3954} INFO - Setting next_dagrun for example_xcom_args_with_operators to None, run_after=None
[2024-06-29T11:12:12.978+0000] {processor.py:183} INFO - Processing /home/airflow/.local/lib/python3.12/site-packages/airflow/example_dags/example_xcomargs.py took 0.056 seconds
[2024-06-29T11:12:43.139+0000] {processor.py:161} INFO - Started process (PID=476) to work on /home/airflow/.local/lib/python3.12/site-packages/airflow/example_dags/example_xcomargs.py
[2024-06-29T11:12:43.141+0000] {processor.py:830} INFO - Processing file /home/airflow/.local/lib/python3.12/site-packages/airflow/example_dags/example_xcomargs.py for tasks to queue
[2024-06-29T11:12:43.143+0000] {logging_mixin.py:188} INFO - [2024-06-29T11:12:43.142+0000] {dagbag.py:545} INFO - Filling up the DagBag from /home/airflow/.local/lib/python3.12/site-packages/airflow/example_dags/example_xcomargs.py
[2024-06-29T11:12:43.150+0000] {processor.py:840} INFO - DAG(s) 'example_xcom_args', 'example_xcom_args_with_operators' retrieved from /home/airflow/.local/lib/python3.12/site-packages/airflow/example_dags/example_xcomargs.py
[2024-06-29T11:12:43.169+0000] {logging_mixin.py:188} INFO - [2024-06-29T11:12:43.169+0000] {dag.py:3096} INFO - Sync 2 DAGs
[2024-06-29T11:12:43.176+0000] {logging_mixin.py:188} INFO - [2024-06-29T11:12:43.176+0000] {dag.py:3954} INFO - Setting next_dagrun for example_xcom_args to None, run_after=None
[2024-06-29T11:12:43.178+0000] {logging_mixin.py:188} INFO - [2024-06-29T11:12:43.178+0000] {dag.py:3954} INFO - Setting next_dagrun for example_xcom_args_with_operators to None, run_after=None
[2024-06-29T11:12:43.186+0000] {processor.py:183} INFO - Processing /home/airflow/.local/lib/python3.12/site-packages/airflow/example_dags/example_xcomargs.py took 0.054 seconds
[2024-06-29T11:13:13.283+0000] {processor.py:161} INFO - Started process (PID=534) to work on /home/airflow/.local/lib/python3.12/site-packages/airflow/example_dags/example_xcomargs.py
[2024-06-29T11:13:13.285+0000] {processor.py:830} INFO - Processing file /home/airflow/.local/lib/python3.12/site-packages/airflow/example_dags/example_xcomargs.py for tasks to queue
[2024-06-29T11:13:13.287+0000] {logging_mixin.py:188} INFO - [2024-06-29T11:13:13.286+0000] {dagbag.py:545} INFO - Filling up the DagBag from /home/airflow/.local/lib/python3.12/site-packages/airflow/example_dags/example_xcomargs.py
[2024-06-29T11:13:13.295+0000] {processor.py:840} INFO - DAG(s) 'example_xcom_args', 'example_xcom_args_with_operators' retrieved from /home/airflow/.local/lib/python3.12/site-packages/airflow/example_dags/example_xcomargs.py
[2024-06-29T11:13:13.315+0000] {logging_mixin.py:188} INFO - [2024-06-29T11:13:13.315+0000] {dag.py:3096} INFO - Sync 2 DAGs
[2024-06-29T11:13:13.322+0000] {logging_mixin.py:188} INFO - [2024-06-29T11:13:13.322+0000] {dag.py:3954} INFO - Setting next_dagrun for example_xcom_args to None, run_after=None
[2024-06-29T11:13:13.324+0000] {logging_mixin.py:188} INFO - [2024-06-29T11:13:13.324+0000] {dag.py:3954} INFO - Setting next_dagrun for example_xcom_args_with_operators to None, run_after=None
[2024-06-29T11:13:13.331+0000] {processor.py:183} INFO - Processing /home/airflow/.local/lib/python3.12/site-packages/airflow/example_dags/example_xcomargs.py took 0.055 seconds
[2024-06-29T11:13:43.433+0000] {processor.py:161} INFO - Started process (PID=593) to work on /home/airflow/.local/lib/python3.12/site-packages/airflow/example_dags/example_xcomargs.py
[2024-06-29T11:13:43.434+0000] {processor.py:830} INFO - Processing file /home/airflow/.local/lib/python3.12/site-packages/airflow/example_dags/example_xcomargs.py for tasks to queue
[2024-06-29T11:13:43.436+0000] {logging_mixin.py:188} INFO - [2024-06-29T11:13:43.435+0000] {dagbag.py:545} INFO - Filling up the DagBag from /home/airflow/.local/lib/python3.12/site-packages/airflow/example_dags/example_xcomargs.py
[2024-06-29T11:13:43.444+0000] {processor.py:840} INFO - DAG(s) 'example_xcom_args', 'example_xcom_args_with_operators' retrieved from /home/airflow/.local/lib/python3.12/site-packages/airflow/example_dags/example_xcomargs.py
[2024-06-29T11:13:43.463+0000] {logging_mixin.py:188} INFO - [2024-06-29T11:13:43.463+0000] {dag.py:3096} INFO - Sync 2 DAGs
[2024-06-29T11:13:43.471+0000] {logging_mixin.py:188} INFO - [2024-06-29T11:13:43.471+0000] {dag.py:3954} INFO - Setting next_dagrun for example_xcom_args to None, run_after=None
[2024-06-29T11:13:43.473+0000] {logging_mixin.py:188} INFO - [2024-06-29T11:13:43.473+0000] {dag.py:3954} INFO - Setting next_dagrun for example_xcom_args_with_operators to None, run_after=None
[2024-06-29T11:13:43.480+0000] {processor.py:183} INFO - Processing /home/airflow/.local/lib/python3.12/site-packages/airflow/example_dags/example_xcomargs.py took 0.054 seconds
[2024-06-29T11:14:13.537+0000] {processor.py:161} INFO - Started process (PID=651) to work on /home/airflow/.local/lib/python3.12/site-packages/airflow/example_dags/example_xcomargs.py
[2024-06-29T11:14:13.538+0000] {processor.py:830} INFO - Processing file /home/airflow/.local/lib/python3.12/site-packages/airflow/example_dags/example_xcomargs.py for tasks to queue
[2024-06-29T11:14:13.540+0000] {logging_mixin.py:188} INFO - [2024-06-29T11:14:13.540+0000] {dagbag.py:545} INFO - Filling up the DagBag from /home/airflow/.local/lib/python3.12/site-packages/airflow/example_dags/example_xcomargs.py
[2024-06-29T11:14:13.548+0000] {processor.py:840} INFO - DAG(s) 'example_xcom_args', 'example_xcom_args_with_operators' retrieved from /home/airflow/.local/lib/python3.12/site-packages/airflow/example_dags/example_xcomargs.py
[2024-06-29T11:14:13.569+0000] {logging_mixin.py:188} INFO - [2024-06-29T11:14:13.569+0000] {dag.py:3096} INFO - Sync 2 DAGs
[2024-06-29T11:14:13.576+0000] {logging_mixin.py:188} INFO - [2024-06-29T11:14:13.576+0000] {dag.py:3954} INFO - Setting next_dagrun for example_xcom_args to None, run_after=None
[2024-06-29T11:14:13.578+0000] {logging_mixin.py:188} INFO - [2024-06-29T11:14:13.578+0000] {dag.py:3954} INFO - Setting next_dagrun for example_xcom_args_with_operators to None, run_after=None
[2024-06-29T11:14:13.586+0000] {processor.py:183} INFO - Processing /home/airflow/.local/lib/python3.12/site-packages/airflow/example_dags/example_xcomargs.py took 0.056 seconds
[2024-06-29T11:14:44.027+0000] {processor.py:161} INFO - Started process (PID=709) to work on /home/airflow/.local/lib/python3.12/site-packages/airflow/example_dags/example_xcomargs.py
[2024-06-29T11:14:44.028+0000] {processor.py:830} INFO - Processing file /home/airflow/.local/lib/python3.12/site-packages/airflow/example_dags/example_xcomargs.py for tasks to queue
[2024-06-29T11:14:44.030+0000] {logging_mixin.py:188} INFO - [2024-06-29T11:14:44.029+0000] {dagbag.py:545} INFO - Filling up the DagBag from /home/airflow/.local/lib/python3.12/site-packages/airflow/example_dags/example_xcomargs.py
[2024-06-29T11:14:44.038+0000] {processor.py:840} INFO - DAG(s) 'example_xcom_args', 'example_xcom_args_with_operators' retrieved from /home/airflow/.local/lib/python3.12/site-packages/airflow/example_dags/example_xcomargs.py
[2024-06-29T11:14:44.058+0000] {logging_mixin.py:188} INFO - [2024-06-29T11:14:44.058+0000] {dag.py:3096} INFO - Sync 2 DAGs
[2024-06-29T11:14:44.066+0000] {logging_mixin.py:188} INFO - [2024-06-29T11:14:44.066+0000] {dag.py:3954} INFO - Setting next_dagrun for example_xcom_args to None, run_after=None
[2024-06-29T11:14:44.068+0000] {logging_mixin.py:188} INFO - [2024-06-29T11:14:44.067+0000] {dag.py:3954} INFO - Setting next_dagrun for example_xcom_args_with_operators to None, run_after=None
[2024-06-29T11:14:44.075+0000] {processor.py:183} INFO - Processing /home/airflow/.local/lib/python3.12/site-packages/airflow/example_dags/example_xcomargs.py took 0.056 seconds
[2024-06-29T11:15:14.106+0000] {processor.py:161} INFO - Started process (PID=767) to work on /home/airflow/.local/lib/python3.12/site-packages/airflow/example_dags/example_xcomargs.py
[2024-06-29T11:15:14.107+0000] {processor.py:830} INFO - Processing file /home/airflow/.local/lib/python3.12/site-packages/airflow/example_dags/example_xcomargs.py for tasks to queue
[2024-06-29T11:15:14.108+0000] {logging_mixin.py:188} INFO - [2024-06-29T11:15:14.108+0000] {dagbag.py:545} INFO - Filling up the DagBag from /home/airflow/.local/lib/python3.12/site-packages/airflow/example_dags/example_xcomargs.py
[2024-06-29T11:15:14.113+0000] {processor.py:840} INFO - DAG(s) 'example_xcom_args_with_operators', 'example_xcom_args' retrieved from /home/airflow/.local/lib/python3.12/site-packages/airflow/example_dags/example_xcomargs.py
[2024-06-29T11:15:14.127+0000] {logging_mixin.py:188} INFO - [2024-06-29T11:15:14.127+0000] {dag.py:3096} INFO - Sync 2 DAGs
[2024-06-29T11:15:14.133+0000] {logging_mixin.py:188} INFO - [2024-06-29T11:15:14.133+0000] {dag.py:3954} INFO - Setting next_dagrun for example_xcom_args to None, run_after=None
[2024-06-29T11:15:14.135+0000] {logging_mixin.py:188} INFO - [2024-06-29T11:15:14.135+0000] {dag.py:3954} INFO - Setting next_dagrun for example_xcom_args_with_operators to None, run_after=None
[2024-06-29T11:15:14.146+0000] {processor.py:183} INFO - Processing /home/airflow/.local/lib/python3.12/site-packages/airflow/example_dags/example_xcomargs.py took 0.044 seconds
[2024-06-29T11:15:44.475+0000] {processor.py:161} INFO - Started process (PID=824) to work on /home/airflow/.local/lib/python3.12/site-packages/airflow/example_dags/example_xcomargs.py
[2024-06-29T11:15:44.476+0000] {processor.py:830} INFO - Processing file /home/airflow/.local/lib/python3.12/site-packages/airflow/example_dags/example_xcomargs.py for tasks to queue
[2024-06-29T11:15:44.477+0000] {logging_mixin.py:188} INFO - [2024-06-29T11:15:44.477+0000] {dagbag.py:545} INFO - Filling up the DagBag from /home/airflow/.local/lib/python3.12/site-packages/airflow/example_dags/example_xcomargs.py
[2024-06-29T11:15:44.483+0000] {processor.py:840} INFO - DAG(s) 'example_xcom_args_with_operators', 'example_xcom_args' retrieved from /home/airflow/.local/lib/python3.12/site-packages/airflow/example_dags/example_xcomargs.py
[2024-06-29T11:15:44.501+0000] {logging_mixin.py:188} INFO - [2024-06-29T11:15:44.501+0000] {dag.py:3096} INFO - Sync 2 DAGs
[2024-06-29T11:15:44.508+0000] {logging_mixin.py:188} INFO - [2024-06-29T11:15:44.508+0000] {dag.py:3954} INFO - Setting next_dagrun for example_xcom_args to None, run_after=None
[2024-06-29T11:15:44.511+0000] {logging_mixin.py:188} INFO - [2024-06-29T11:15:44.510+0000] {dag.py:3954} INFO - Setting next_dagrun for example_xcom_args_with_operators to None, run_after=None
[2024-06-29T11:15:44.519+0000] {processor.py:183} INFO - Processing /home/airflow/.local/lib/python3.12/site-packages/airflow/example_dags/example_xcomargs.py took 0.049 seconds
[2024-06-29T11:16:14.543+0000] {processor.py:161} INFO - Started process (PID=881) to work on /home/airflow/.local/lib/python3.12/site-packages/airflow/example_dags/example_xcomargs.py
[2024-06-29T11:16:14.543+0000] {processor.py:830} INFO - Processing file /home/airflow/.local/lib/python3.12/site-packages/airflow/example_dags/example_xcomargs.py for tasks to queue
[2024-06-29T11:16:14.545+0000] {logging_mixin.py:188} INFO - [2024-06-29T11:16:14.544+0000] {dagbag.py:545} INFO - Filling up the DagBag from /home/airflow/.local/lib/python3.12/site-packages/airflow/example_dags/example_xcomargs.py
[2024-06-29T11:16:14.550+0000] {processor.py:840} INFO - DAG(s) 'example_xcom_args', 'example_xcom_args_with_operators' retrieved from /home/airflow/.local/lib/python3.12/site-packages/airflow/example_dags/example_xcomargs.py
[2024-06-29T11:16:14.565+0000] {logging_mixin.py:188} INFO - [2024-06-29T11:16:14.565+0000] {dag.py:3096} INFO - Sync 2 DAGs
[2024-06-29T11:16:14.572+0000] {logging_mixin.py:188} INFO - [2024-06-29T11:16:14.572+0000] {dag.py:3954} INFO - Setting next_dagrun for example_xcom_args to None, run_after=None
[2024-06-29T11:16:14.574+0000] {logging_mixin.py:188} INFO - [2024-06-29T11:16:14.574+0000] {dag.py:3954} INFO - Setting next_dagrun for example_xcom_args_with_operators to None, run_after=None
[2024-06-29T11:16:14.582+0000] {processor.py:183} INFO - Processing /home/airflow/.local/lib/python3.12/site-packages/airflow/example_dags/example_xcomargs.py took 0.043 seconds
[2024-06-29T11:16:44.833+0000] {processor.py:161} INFO - Started process (PID=939) to work on /home/airflow/.local/lib/python3.12/site-packages/airflow/example_dags/example_xcomargs.py
[2024-06-29T11:16:44.834+0000] {processor.py:830} INFO - Processing file /home/airflow/.local/lib/python3.12/site-packages/airflow/example_dags/example_xcomargs.py for tasks to queue
[2024-06-29T11:16:44.836+0000] {logging_mixin.py:188} INFO - [2024-06-29T11:16:44.835+0000] {dagbag.py:545} INFO - Filling up the DagBag from /home/airflow/.local/lib/python3.12/site-packages/airflow/example_dags/example_xcomargs.py
[2024-06-29T11:16:44.841+0000] {processor.py:840} INFO - DAG(s) 'example_xcom_args_with_operators', 'example_xcom_args' retrieved from /home/airflow/.local/lib/python3.12/site-packages/airflow/example_dags/example_xcomargs.py
[2024-06-29T11:16:44.857+0000] {logging_mixin.py:188} INFO - [2024-06-29T11:16:44.857+0000] {dag.py:3096} INFO - Sync 2 DAGs
[2024-06-29T11:16:44.864+0000] {logging_mixin.py:188} INFO - [2024-06-29T11:16:44.864+0000] {dag.py:3954} INFO - Setting next_dagrun for example_xcom_args to None, run_after=None
[2024-06-29T11:16:44.866+0000] {logging_mixin.py:188} INFO - [2024-06-29T11:16:44.866+0000] {dag.py:3954} INFO - Setting next_dagrun for example_xcom_args_with_operators to None, run_after=None
[2024-06-29T11:16:44.874+0000] {processor.py:183} INFO - Processing /home/airflow/.local/lib/python3.12/site-packages/airflow/example_dags/example_xcomargs.py took 0.044 seconds
[2024-06-29T11:17:15.356+0000] {processor.py:161} INFO - Started process (PID=998) to work on /home/airflow/.local/lib/python3.12/site-packages/airflow/example_dags/example_xcomargs.py
[2024-06-29T11:17:15.357+0000] {processor.py:830} INFO - Processing file /home/airflow/.local/lib/python3.12/site-packages/airflow/example_dags/example_xcomargs.py for tasks to queue
[2024-06-29T11:17:15.358+0000] {logging_mixin.py:188} INFO - [2024-06-29T11:17:15.358+0000] {dagbag.py:545} INFO - Filling up the DagBag from /home/airflow/.local/lib/python3.12/site-packages/airflow/example_dags/example_xcomargs.py
[2024-06-29T11:17:15.363+0000] {processor.py:840} INFO - DAG(s) 'example_xcom_args', 'example_xcom_args_with_operators' retrieved from /home/airflow/.local/lib/python3.12/site-packages/airflow/example_dags/example_xcomargs.py
[2024-06-29T11:17:15.379+0000] {logging_mixin.py:188} INFO - [2024-06-29T11:17:15.379+0000] {dag.py:3096} INFO - Sync 2 DAGs
[2024-06-29T11:17:15.387+0000] {logging_mixin.py:188} INFO - [2024-06-29T11:17:15.386+0000] {dag.py:3954} INFO - Setting next_dagrun for example_xcom_args to None, run_after=None
[2024-06-29T11:17:15.388+0000] {logging_mixin.py:188} INFO - [2024-06-29T11:17:15.388+0000] {dag.py:3954} INFO - Setting next_dagrun for example_xcom_args_with_operators to None, run_after=None
[2024-06-29T11:17:15.396+0000] {processor.py:183} INFO - Processing /home/airflow/.local/lib/python3.12/site-packages/airflow/example_dags/example_xcomargs.py took 0.044 seconds
[2024-06-29T11:17:45.736+0000] {processor.py:161} INFO - Started process (PID=1056) to work on /home/airflow/.local/lib/python3.12/site-packages/airflow/example_dags/example_xcomargs.py
[2024-06-29T11:17:45.736+0000] {processor.py:830} INFO - Processing file /home/airflow/.local/lib/python3.12/site-packages/airflow/example_dags/example_xcomargs.py for tasks to queue
[2024-06-29T11:17:45.738+0000] {logging_mixin.py:188} INFO - [2024-06-29T11:17:45.737+0000] {dagbag.py:545} INFO - Filling up the DagBag from /home/airflow/.local/lib/python3.12/site-packages/airflow/example_dags/example_xcomargs.py
[2024-06-29T11:17:45.742+0000] {processor.py:840} INFO - DAG(s) 'example_xcom_args', 'example_xcom_args_with_operators' retrieved from /home/airflow/.local/lib/python3.12/site-packages/airflow/example_dags/example_xcomargs.py
[2024-06-29T11:17:45.757+0000] {logging_mixin.py:188} INFO - [2024-06-29T11:17:45.757+0000] {dag.py:3096} INFO - Sync 2 DAGs
[2024-06-29T11:17:45.764+0000] {logging_mixin.py:188} INFO - [2024-06-29T11:17:45.764+0000] {dag.py:3954} INFO - Setting next_dagrun for example_xcom_args to None, run_after=None
[2024-06-29T11:17:45.766+0000] {logging_mixin.py:188} INFO - [2024-06-29T11:17:45.766+0000] {dag.py:3954} INFO - Setting next_dagrun for example_xcom_args_with_operators to None, run_after=None
[2024-06-29T11:17:45.774+0000] {processor.py:183} INFO - Processing /home/airflow/.local/lib/python3.12/site-packages/airflow/example_dags/example_xcomargs.py took 0.043 seconds
[2024-06-29T11:18:16.194+0000] {processor.py:161} INFO - Started process (PID=1114) to work on /home/airflow/.local/lib/python3.12/site-packages/airflow/example_dags/example_xcomargs.py
[2024-06-29T11:18:16.195+0000] {processor.py:830} INFO - Processing file /home/airflow/.local/lib/python3.12/site-packages/airflow/example_dags/example_xcomargs.py for tasks to queue
[2024-06-29T11:18:16.196+0000] {logging_mixin.py:188} INFO - [2024-06-29T11:18:16.195+0000] {dagbag.py:545} INFO - Filling up the DagBag from /home/airflow/.local/lib/python3.12/site-packages/airflow/example_dags/example_xcomargs.py
[2024-06-29T11:18:16.201+0000] {processor.py:840} INFO - DAG(s) 'example_xcom_args_with_operators', 'example_xcom_args' retrieved from /home/airflow/.local/lib/python3.12/site-packages/airflow/example_dags/example_xcomargs.py
[2024-06-29T11:18:16.216+0000] {logging_mixin.py:188} INFO - [2024-06-29T11:18:16.216+0000] {dag.py:3096} INFO - Sync 2 DAGs
[2024-06-29T11:18:16.222+0000] {logging_mixin.py:188} INFO - [2024-06-29T11:18:16.222+0000] {dag.py:3954} INFO - Setting next_dagrun for example_xcom_args to None, run_after=None
[2024-06-29T11:18:16.224+0000] {logging_mixin.py:188} INFO - [2024-06-29T11:18:16.224+0000] {dag.py:3954} INFO - Setting next_dagrun for example_xcom_args_with_operators to None, run_after=None
[2024-06-29T11:18:16.231+0000] {processor.py:183} INFO - Processing /home/airflow/.local/lib/python3.12/site-packages/airflow/example_dags/example_xcomargs.py took 0.042 seconds
[2024-06-29T11:18:46.263+0000] {processor.py:161} INFO - Started process (PID=1172) to work on /home/airflow/.local/lib/python3.12/site-packages/airflow/example_dags/example_xcomargs.py
[2024-06-29T11:18:46.264+0000] {processor.py:830} INFO - Processing file /home/airflow/.local/lib/python3.12/site-packages/airflow/example_dags/example_xcomargs.py for tasks to queue
[2024-06-29T11:18:46.265+0000] {logging_mixin.py:188} INFO - [2024-06-29T11:18:46.265+0000] {dagbag.py:545} INFO - Filling up the DagBag from /home/airflow/.local/lib/python3.12/site-packages/airflow/example_dags/example_xcomargs.py
[2024-06-29T11:18:46.270+0000] {processor.py:840} INFO - DAG(s) 'example_xcom_args', 'example_xcom_args_with_operators' retrieved from /home/airflow/.local/lib/python3.12/site-packages/airflow/example_dags/example_xcomargs.py
[2024-06-29T11:18:46.286+0000] {logging_mixin.py:188} INFO - [2024-06-29T11:18:46.285+0000] {dag.py:3096} INFO - Sync 2 DAGs
[2024-06-29T11:18:46.292+0000] {logging_mixin.py:188} INFO - [2024-06-29T11:18:46.291+0000] {dag.py:3954} INFO - Setting next_dagrun for example_xcom_args to None, run_after=None
[2024-06-29T11:18:46.293+0000] {logging_mixin.py:188} INFO - [2024-06-29T11:18:46.293+0000] {dag.py:3954} INFO - Setting next_dagrun for example_xcom_args_with_operators to None, run_after=None
[2024-06-29T11:18:46.301+0000] {processor.py:183} INFO - Processing /home/airflow/.local/lib/python3.12/site-packages/airflow/example_dags/example_xcomargs.py took 0.040 seconds
[2024-06-29T11:19:16.571+0000] {processor.py:161} INFO - Started process (PID=1230) to work on /home/airflow/.local/lib/python3.12/site-packages/airflow/example_dags/example_xcomargs.py
[2024-06-29T11:19:16.571+0000] {processor.py:830} INFO - Processing file /home/airflow/.local/lib/python3.12/site-packages/airflow/example_dags/example_xcomargs.py for tasks to queue
[2024-06-29T11:19:16.573+0000] {logging_mixin.py:188} INFO - [2024-06-29T11:19:16.572+0000] {dagbag.py:545} INFO - Filling up the DagBag from /home/airflow/.local/lib/python3.12/site-packages/airflow/example_dags/example_xcomargs.py
[2024-06-29T11:19:16.578+0000] {processor.py:840} INFO - DAG(s) 'example_xcom_args', 'example_xcom_args_with_operators' retrieved from /home/airflow/.local/lib/python3.12/site-packages/airflow/example_dags/example_xcomargs.py
[2024-06-29T11:19:16.592+0000] {logging_mixin.py:188} INFO - [2024-06-29T11:19:16.592+0000] {dag.py:3096} INFO - Sync 2 DAGs
[2024-06-29T11:19:16.599+0000] {logging_mixin.py:188} INFO - [2024-06-29T11:19:16.599+0000] {dag.py:3954} INFO - Setting next_dagrun for example_xcom_args to None, run_after=None
[2024-06-29T11:19:16.600+0000] {logging_mixin.py:188} INFO - [2024-06-29T11:19:16.600+0000] {dag.py:3954} INFO - Setting next_dagrun for example_xcom_args_with_operators to None, run_after=None
[2024-06-29T11:19:16.608+0000] {processor.py:183} INFO - Processing /home/airflow/.local/lib/python3.12/site-packages/airflow/example_dags/example_xcomargs.py took 0.041 seconds
[2024-06-29T11:19:46.903+0000] {processor.py:161} INFO - Started process (PID=1288) to work on /home/airflow/.local/lib/python3.12/site-packages/airflow/example_dags/example_xcomargs.py
[2024-06-29T11:19:46.904+0000] {processor.py:830} INFO - Processing file /home/airflow/.local/lib/python3.12/site-packages/airflow/example_dags/example_xcomargs.py for tasks to queue
[2024-06-29T11:19:46.905+0000] {logging_mixin.py:188} INFO - [2024-06-29T11:19:46.905+0000] {dagbag.py:545} INFO - Filling up the DagBag from /home/airflow/.local/lib/python3.12/site-packages/airflow/example_dags/example_xcomargs.py
[2024-06-29T11:19:46.910+0000] {processor.py:840} INFO - DAG(s) 'example_xcom_args', 'example_xcom_args_with_operators' retrieved from /home/airflow/.local/lib/python3.12/site-packages/airflow/example_dags/example_xcomargs.py
[2024-06-29T11:19:46.927+0000] {logging_mixin.py:188} INFO - [2024-06-29T11:19:46.927+0000] {dag.py:3096} INFO - Sync 2 DAGs
[2024-06-29T11:19:46.934+0000] {logging_mixin.py:188} INFO - [2024-06-29T11:19:46.934+0000] {dag.py:3954} INFO - Setting next_dagrun for example_xcom_args to None, run_after=None
[2024-06-29T11:19:46.936+0000] {logging_mixin.py:188} INFO - [2024-06-29T11:19:46.936+0000] {dag.py:3954} INFO - Setting next_dagrun for example_xcom_args_with_operators to None, run_after=None
[2024-06-29T11:19:46.945+0000] {processor.py:183} INFO - Processing /home/airflow/.local/lib/python3.12/site-packages/airflow/example_dags/example_xcomargs.py took 0.046 seconds
[2024-06-29T11:20:17.174+0000] {processor.py:161} INFO - Started process (PID=1346) to work on /home/airflow/.local/lib/python3.12/site-packages/airflow/example_dags/example_xcomargs.py
[2024-06-29T11:20:17.175+0000] {processor.py:830} INFO - Processing file /home/airflow/.local/lib/python3.12/site-packages/airflow/example_dags/example_xcomargs.py for tasks to queue
[2024-06-29T11:20:17.176+0000] {logging_mixin.py:188} INFO - [2024-06-29T11:20:17.176+0000] {dagbag.py:545} INFO - Filling up the DagBag from /home/airflow/.local/lib/python3.12/site-packages/airflow/example_dags/example_xcomargs.py
[2024-06-29T11:20:17.183+0000] {processor.py:840} INFO - DAG(s) 'example_xcom_args', 'example_xcom_args_with_operators' retrieved from /home/airflow/.local/lib/python3.12/site-packages/airflow/example_dags/example_xcomargs.py
[2024-06-29T11:20:17.199+0000] {logging_mixin.py:188} INFO - [2024-06-29T11:20:17.199+0000] {dag.py:3096} INFO - Sync 2 DAGs
[2024-06-29T11:20:17.207+0000] {logging_mixin.py:188} INFO - [2024-06-29T11:20:17.207+0000] {dag.py:3954} INFO - Setting next_dagrun for example_xcom_args to None, run_after=None
[2024-06-29T11:20:17.209+0000] {logging_mixin.py:188} INFO - [2024-06-29T11:20:17.209+0000] {dag.py:3954} INFO - Setting next_dagrun for example_xcom_args_with_operators to None, run_after=None
[2024-06-29T11:20:17.218+0000] {processor.py:183} INFO - Processing /home/airflow/.local/lib/python3.12/site-packages/airflow/example_dags/example_xcomargs.py took 0.047 seconds
[2024-06-29T11:20:47.346+0000] {processor.py:161} INFO - Started process (PID=1404) to work on /home/airflow/.local/lib/python3.12/site-packages/airflow/example_dags/example_xcomargs.py
[2024-06-29T11:20:47.347+0000] {processor.py:830} INFO - Processing file /home/airflow/.local/lib/python3.12/site-packages/airflow/example_dags/example_xcomargs.py for tasks to queue
[2024-06-29T11:20:47.348+0000] {logging_mixin.py:188} INFO - [2024-06-29T11:20:47.348+0000] {dagbag.py:545} INFO - Filling up the DagBag from /home/airflow/.local/lib/python3.12/site-packages/airflow/example_dags/example_xcomargs.py
[2024-06-29T11:20:47.353+0000] {processor.py:840} INFO - DAG(s) 'example_xcom_args', 'example_xcom_args_with_operators' retrieved from /home/airflow/.local/lib/python3.12/site-packages/airflow/example_dags/example_xcomargs.py
[2024-06-29T11:20:47.369+0000] {logging_mixin.py:188} INFO - [2024-06-29T11:20:47.369+0000] {dag.py:3096} INFO - Sync 2 DAGs
[2024-06-29T11:20:47.375+0000] {logging_mixin.py:188} INFO - [2024-06-29T11:20:47.375+0000] {dag.py:3954} INFO - Setting next_dagrun for example_xcom_args to None, run_after=None
[2024-06-29T11:20:47.377+0000] {logging_mixin.py:188} INFO - [2024-06-29T11:20:47.377+0000] {dag.py:3954} INFO - Setting next_dagrun for example_xcom_args_with_operators to None, run_after=None
[2024-06-29T11:20:47.385+0000] {processor.py:183} INFO - Processing /home/airflow/.local/lib/python3.12/site-packages/airflow/example_dags/example_xcomargs.py took 0.043 seconds
[2024-06-29T11:21:17.612+0000] {processor.py:161} INFO - Started process (PID=1462) to work on /home/airflow/.local/lib/python3.12/site-packages/airflow/example_dags/example_xcomargs.py
[2024-06-29T11:21:17.614+0000] {processor.py:830} INFO - Processing file /home/airflow/.local/lib/python3.12/site-packages/airflow/example_dags/example_xcomargs.py for tasks to queue
[2024-06-29T11:21:17.617+0000] {logging_mixin.py:188} INFO - [2024-06-29T11:21:17.616+0000] {dagbag.py:545} INFO - Filling up the DagBag from /home/airflow/.local/lib/python3.12/site-packages/airflow/example_dags/example_xcomargs.py
[2024-06-29T11:21:17.622+0000] {processor.py:840} INFO - DAG(s) 'example_xcom_args', 'example_xcom_args_with_operators' retrieved from /home/airflow/.local/lib/python3.12/site-packages/airflow/example_dags/example_xcomargs.py
[2024-06-29T11:21:17.640+0000] {logging_mixin.py:188} INFO - [2024-06-29T11:21:17.639+0000] {dag.py:3096} INFO - Sync 2 DAGs
[2024-06-29T11:21:17.648+0000] {logging_mixin.py:188} INFO - [2024-06-29T11:21:17.648+0000] {dag.py:3954} INFO - Setting next_dagrun for example_xcom_args to None, run_after=None
[2024-06-29T11:21:17.650+0000] {logging_mixin.py:188} INFO - [2024-06-29T11:21:17.650+0000] {dag.py:3954} INFO - Setting next_dagrun for example_xcom_args_with_operators to None, run_after=None
[2024-06-29T11:21:17.658+0000] {processor.py:183} INFO - Processing /home/airflow/.local/lib/python3.12/site-packages/airflow/example_dags/example_xcomargs.py took 0.049 seconds
