[2024-06-29T11:09:09.567+0000] {processor.py:161} INFO - Started process (PID=62) to work on /home/airflow/.local/lib/python3.12/site-packages/airflow/example_dags/example_task_group.py
[2024-06-29T11:09:09.569+0000] {processor.py:830} INFO - Processing file /home/airflow/.local/lib/python3.12/site-packages/airflow/example_dags/example_task_group.py for tasks to queue
[2024-06-29T11:09:09.572+0000] {logging_mixin.py:188} INFO - [2024-06-29T11:09:09.572+0000] {dagbag.py:545} INFO - Filling up the DagBag from /home/airflow/.local/lib/python3.12/site-packages/airflow/example_dags/example_task_group.py
[2024-06-29T11:09:09.593+0000] {processor.py:840} INFO - DAG(s) 'example_task_group' retrieved from /home/airflow/.local/lib/python3.12/site-packages/airflow/example_dags/example_task_group.py
[2024-06-29T11:09:09.615+0000] {logging_mixin.py:188} INFO - [2024-06-29T11:09:09.614+0000] {dag.py:3096} INFO - Sync 1 DAGs
[2024-06-29T11:09:09.651+0000] {logging_mixin.py:188} INFO - [2024-06-29T11:09:09.650+0000] {dag.py:3954} INFO - Setting next_dagrun for example_task_group to 2024-06-28 00:00:00+00:00, run_after=2024-06-29 00:00:00+00:00
[2024-06-29T11:09:09.671+0000] {processor.py:183} INFO - Processing /home/airflow/.local/lib/python3.12/site-packages/airflow/example_dags/example_task_group.py took 0.111 seconds
[2024-06-29T11:09:39.713+0000] {processor.py:161} INFO - Started process (PID=120) to work on /home/airflow/.local/lib/python3.12/site-packages/airflow/example_dags/example_task_group.py
[2024-06-29T11:09:39.714+0000] {processor.py:830} INFO - Processing file /home/airflow/.local/lib/python3.12/site-packages/airflow/example_dags/example_task_group.py for tasks to queue
[2024-06-29T11:09:39.715+0000] {logging_mixin.py:188} INFO - [2024-06-29T11:09:39.715+0000] {dagbag.py:545} INFO - Filling up the DagBag from /home/airflow/.local/lib/python3.12/site-packages/airflow/example_dags/example_task_group.py
[2024-06-29T11:09:39.719+0000] {processor.py:840} INFO - DAG(s) 'example_task_group' retrieved from /home/airflow/.local/lib/python3.12/site-packages/airflow/example_dags/example_task_group.py
[2024-06-29T11:09:39.768+0000] {logging_mixin.py:188} INFO - [2024-06-29T11:09:39.768+0000] {dag.py:3096} INFO - Sync 1 DAGs
[2024-06-29T11:09:39.777+0000] {logging_mixin.py:188} INFO - [2024-06-29T11:09:39.777+0000] {dag.py:3954} INFO - Setting next_dagrun for example_task_group to 2024-06-28 00:00:00+00:00, run_after=2024-06-29 00:00:00+00:00
[2024-06-29T11:09:39.784+0000] {processor.py:183} INFO - Processing /home/airflow/.local/lib/python3.12/site-packages/airflow/example_dags/example_task_group.py took 0.074 seconds
[2024-06-29T11:10:10.085+0000] {processor.py:161} INFO - Started process (PID=178) to work on /home/airflow/.local/lib/python3.12/site-packages/airflow/example_dags/example_task_group.py
[2024-06-29T11:10:10.085+0000] {processor.py:830} INFO - Processing file /home/airflow/.local/lib/python3.12/site-packages/airflow/example_dags/example_task_group.py for tasks to queue
[2024-06-29T11:10:10.087+0000] {logging_mixin.py:188} INFO - [2024-06-29T11:10:10.086+0000] {dagbag.py:545} INFO - Filling up the DagBag from /home/airflow/.local/lib/python3.12/site-packages/airflow/example_dags/example_task_group.py
[2024-06-29T11:10:10.091+0000] {processor.py:840} INFO - DAG(s) 'example_task_group' retrieved from /home/airflow/.local/lib/python3.12/site-packages/airflow/example_dags/example_task_group.py
[2024-06-29T11:10:10.105+0000] {logging_mixin.py:188} INFO - [2024-06-29T11:10:10.105+0000] {dag.py:3096} INFO - Sync 1 DAGs
[2024-06-29T11:10:10.116+0000] {logging_mixin.py:188} INFO - [2024-06-29T11:10:10.116+0000] {dag.py:3954} INFO - Setting next_dagrun for example_task_group to 2024-06-28 00:00:00+00:00, run_after=2024-06-29 00:00:00+00:00
[2024-06-29T11:10:10.125+0000] {processor.py:183} INFO - Processing /home/airflow/.local/lib/python3.12/site-packages/airflow/example_dags/example_task_group.py took 0.044 seconds
[2024-06-29T11:10:40.363+0000] {processor.py:161} INFO - Started process (PID=236) to work on /home/airflow/.local/lib/python3.12/site-packages/airflow/example_dags/example_task_group.py
[2024-06-29T11:10:40.363+0000] {processor.py:830} INFO - Processing file /home/airflow/.local/lib/python3.12/site-packages/airflow/example_dags/example_task_group.py for tasks to queue
[2024-06-29T11:10:40.365+0000] {logging_mixin.py:188} INFO - [2024-06-29T11:10:40.365+0000] {dagbag.py:545} INFO - Filling up the DagBag from /home/airflow/.local/lib/python3.12/site-packages/airflow/example_dags/example_task_group.py
[2024-06-29T11:10:40.369+0000] {processor.py:840} INFO - DAG(s) 'example_task_group' retrieved from /home/airflow/.local/lib/python3.12/site-packages/airflow/example_dags/example_task_group.py
[2024-06-29T11:10:40.384+0000] {logging_mixin.py:188} INFO - [2024-06-29T11:10:40.384+0000] {dag.py:3096} INFO - Sync 1 DAGs
[2024-06-29T11:10:40.395+0000] {logging_mixin.py:188} INFO - [2024-06-29T11:10:40.395+0000] {dag.py:3954} INFO - Setting next_dagrun for example_task_group to 2024-06-28 00:00:00+00:00, run_after=2024-06-29 00:00:00+00:00
[2024-06-29T11:10:40.404+0000] {processor.py:183} INFO - Processing /home/airflow/.local/lib/python3.12/site-packages/airflow/example_dags/example_task_group.py took 0.045 seconds
[2024-06-29T11:11:10.581+0000] {processor.py:161} INFO - Started process (PID=294) to work on /home/airflow/.local/lib/python3.12/site-packages/airflow/example_dags/example_task_group.py
[2024-06-29T11:11:10.582+0000] {processor.py:830} INFO - Processing file /home/airflow/.local/lib/python3.12/site-packages/airflow/example_dags/example_task_group.py for tasks to queue
[2024-06-29T11:11:10.583+0000] {logging_mixin.py:188} INFO - [2024-06-29T11:11:10.583+0000] {dagbag.py:545} INFO - Filling up the DagBag from /home/airflow/.local/lib/python3.12/site-packages/airflow/example_dags/example_task_group.py
[2024-06-29T11:11:10.588+0000] {processor.py:840} INFO - DAG(s) 'example_task_group' retrieved from /home/airflow/.local/lib/python3.12/site-packages/airflow/example_dags/example_task_group.py
[2024-06-29T11:11:10.602+0000] {logging_mixin.py:188} INFO - [2024-06-29T11:11:10.602+0000] {dag.py:3096} INFO - Sync 1 DAGs
[2024-06-29T11:11:10.613+0000] {logging_mixin.py:188} INFO - [2024-06-29T11:11:10.613+0000] {dag.py:3954} INFO - Setting next_dagrun for example_task_group to 2024-06-28 00:00:00+00:00, run_after=2024-06-29 00:00:00+00:00
[2024-06-29T11:11:10.622+0000] {processor.py:183} INFO - Processing /home/airflow/.local/lib/python3.12/site-packages/airflow/example_dags/example_task_group.py took 0.044 seconds
[2024-06-29T11:11:41.557+0000] {processor.py:161} INFO - Started process (PID=352) to work on /home/airflow/.local/lib/python3.12/site-packages/airflow/example_dags/example_task_group.py
[2024-06-29T11:11:41.558+0000] {processor.py:830} INFO - Processing file /home/airflow/.local/lib/python3.12/site-packages/airflow/example_dags/example_task_group.py for tasks to queue
[2024-06-29T11:11:41.559+0000] {logging_mixin.py:188} INFO - [2024-06-29T11:11:41.559+0000] {dagbag.py:545} INFO - Filling up the DagBag from /home/airflow/.local/lib/python3.12/site-packages/airflow/example_dags/example_task_group.py
[2024-06-29T11:11:41.563+0000] {processor.py:840} INFO - DAG(s) 'example_task_group' retrieved from /home/airflow/.local/lib/python3.12/site-packages/airflow/example_dags/example_task_group.py
[2024-06-29T11:11:41.577+0000] {logging_mixin.py:188} INFO - [2024-06-29T11:11:41.577+0000] {dag.py:3096} INFO - Sync 1 DAGs
[2024-06-29T11:11:41.588+0000] {logging_mixin.py:188} INFO - [2024-06-29T11:11:41.588+0000] {dag.py:3954} INFO - Setting next_dagrun for example_task_group to 2024-06-28 00:00:00+00:00, run_after=2024-06-29 00:00:00+00:00
[2024-06-29T11:11:41.597+0000] {processor.py:183} INFO - Processing /home/airflow/.local/lib/python3.12/site-packages/airflow/example_dags/example_task_group.py took 0.044 seconds
[2024-06-29T11:12:11.723+0000] {processor.py:161} INFO - Started process (PID=411) to work on /home/airflow/.local/lib/python3.12/site-packages/airflow/example_dags/example_task_group.py
[2024-06-29T11:12:11.724+0000] {processor.py:830} INFO - Processing file /home/airflow/.local/lib/python3.12/site-packages/airflow/example_dags/example_task_group.py for tasks to queue
[2024-06-29T11:12:11.725+0000] {logging_mixin.py:188} INFO - [2024-06-29T11:12:11.725+0000] {dagbag.py:545} INFO - Filling up the DagBag from /home/airflow/.local/lib/python3.12/site-packages/airflow/example_dags/example_task_group.py
[2024-06-29T11:12:11.729+0000] {processor.py:840} INFO - DAG(s) 'example_task_group' retrieved from /home/airflow/.local/lib/python3.12/site-packages/airflow/example_dags/example_task_group.py
[2024-06-29T11:12:11.744+0000] {logging_mixin.py:188} INFO - [2024-06-29T11:12:11.743+0000] {dag.py:3096} INFO - Sync 1 DAGs
[2024-06-29T11:12:11.754+0000] {logging_mixin.py:188} INFO - [2024-06-29T11:12:11.754+0000] {dag.py:3954} INFO - Setting next_dagrun for example_task_group to 2024-06-28 00:00:00+00:00, run_after=2024-06-29 00:00:00+00:00
[2024-06-29T11:12:11.763+0000] {processor.py:183} INFO - Processing /home/airflow/.local/lib/python3.12/site-packages/airflow/example_dags/example_task_group.py took 0.043 seconds
[2024-06-29T11:12:41.933+0000] {processor.py:161} INFO - Started process (PID=469) to work on /home/airflow/.local/lib/python3.12/site-packages/airflow/example_dags/example_task_group.py
[2024-06-29T11:12:41.934+0000] {processor.py:830} INFO - Processing file /home/airflow/.local/lib/python3.12/site-packages/airflow/example_dags/example_task_group.py for tasks to queue
[2024-06-29T11:12:41.935+0000] {logging_mixin.py:188} INFO - [2024-06-29T11:12:41.935+0000] {dagbag.py:545} INFO - Filling up the DagBag from /home/airflow/.local/lib/python3.12/site-packages/airflow/example_dags/example_task_group.py
[2024-06-29T11:12:41.939+0000] {processor.py:840} INFO - DAG(s) 'example_task_group' retrieved from /home/airflow/.local/lib/python3.12/site-packages/airflow/example_dags/example_task_group.py
[2024-06-29T11:12:41.954+0000] {logging_mixin.py:188} INFO - [2024-06-29T11:12:41.953+0000] {dag.py:3096} INFO - Sync 1 DAGs
[2024-06-29T11:12:41.964+0000] {logging_mixin.py:188} INFO - [2024-06-29T11:12:41.964+0000] {dag.py:3954} INFO - Setting next_dagrun for example_task_group to 2024-06-28 00:00:00+00:00, run_after=2024-06-29 00:00:00+00:00
[2024-06-29T11:12:41.973+0000] {processor.py:183} INFO - Processing /home/airflow/.local/lib/python3.12/site-packages/airflow/example_dags/example_task_group.py took 0.043 seconds
[2024-06-29T11:13:12.086+0000] {processor.py:161} INFO - Started process (PID=527) to work on /home/airflow/.local/lib/python3.12/site-packages/airflow/example_dags/example_task_group.py
[2024-06-29T11:13:12.086+0000] {processor.py:830} INFO - Processing file /home/airflow/.local/lib/python3.12/site-packages/airflow/example_dags/example_task_group.py for tasks to queue
[2024-06-29T11:13:12.088+0000] {logging_mixin.py:188} INFO - [2024-06-29T11:13:12.087+0000] {dagbag.py:545} INFO - Filling up the DagBag from /home/airflow/.local/lib/python3.12/site-packages/airflow/example_dags/example_task_group.py
[2024-06-29T11:13:12.092+0000] {processor.py:840} INFO - DAG(s) 'example_task_group' retrieved from /home/airflow/.local/lib/python3.12/site-packages/airflow/example_dags/example_task_group.py
[2024-06-29T11:13:12.107+0000] {logging_mixin.py:188} INFO - [2024-06-29T11:13:12.106+0000] {dag.py:3096} INFO - Sync 1 DAGs
[2024-06-29T11:13:12.117+0000] {logging_mixin.py:188} INFO - [2024-06-29T11:13:12.117+0000] {dag.py:3954} INFO - Setting next_dagrun for example_task_group to 2024-06-28 00:00:00+00:00, run_after=2024-06-29 00:00:00+00:00
[2024-06-29T11:13:12.125+0000] {processor.py:183} INFO - Processing /home/airflow/.local/lib/python3.12/site-packages/airflow/example_dags/example_task_group.py took 0.043 seconds
[2024-06-29T11:13:42.224+0000] {processor.py:161} INFO - Started process (PID=586) to work on /home/airflow/.local/lib/python3.12/site-packages/airflow/example_dags/example_task_group.py
[2024-06-29T11:13:42.224+0000] {processor.py:830} INFO - Processing file /home/airflow/.local/lib/python3.12/site-packages/airflow/example_dags/example_task_group.py for tasks to queue
[2024-06-29T11:13:42.226+0000] {logging_mixin.py:188} INFO - [2024-06-29T11:13:42.225+0000] {dagbag.py:545} INFO - Filling up the DagBag from /home/airflow/.local/lib/python3.12/site-packages/airflow/example_dags/example_task_group.py
[2024-06-29T11:13:42.230+0000] {processor.py:840} INFO - DAG(s) 'example_task_group' retrieved from /home/airflow/.local/lib/python3.12/site-packages/airflow/example_dags/example_task_group.py
[2024-06-29T11:13:42.244+0000] {logging_mixin.py:188} INFO - [2024-06-29T11:13:42.244+0000] {dag.py:3096} INFO - Sync 1 DAGs
[2024-06-29T11:13:42.254+0000] {logging_mixin.py:188} INFO - [2024-06-29T11:13:42.254+0000] {dag.py:3954} INFO - Setting next_dagrun for example_task_group to 2024-06-28 00:00:00+00:00, run_after=2024-06-29 00:00:00+00:00
[2024-06-29T11:13:42.263+0000] {processor.py:183} INFO - Processing /home/airflow/.local/lib/python3.12/site-packages/airflow/example_dags/example_task_group.py took 0.043 seconds
[2024-06-29T11:14:12.317+0000] {processor.py:161} INFO - Started process (PID=644) to work on /home/airflow/.local/lib/python3.12/site-packages/airflow/example_dags/example_task_group.py
[2024-06-29T11:14:12.317+0000] {processor.py:830} INFO - Processing file /home/airflow/.local/lib/python3.12/site-packages/airflow/example_dags/example_task_group.py for tasks to queue
[2024-06-29T11:14:12.319+0000] {logging_mixin.py:188} INFO - [2024-06-29T11:14:12.319+0000] {dagbag.py:545} INFO - Filling up the DagBag from /home/airflow/.local/lib/python3.12/site-packages/airflow/example_dags/example_task_group.py
[2024-06-29T11:14:12.323+0000] {processor.py:840} INFO - DAG(s) 'example_task_group' retrieved from /home/airflow/.local/lib/python3.12/site-packages/airflow/example_dags/example_task_group.py
[2024-06-29T11:14:12.337+0000] {logging_mixin.py:188} INFO - [2024-06-29T11:14:12.337+0000] {dag.py:3096} INFO - Sync 1 DAGs
[2024-06-29T11:14:12.348+0000] {logging_mixin.py:188} INFO - [2024-06-29T11:14:12.348+0000] {dag.py:3954} INFO - Setting next_dagrun for example_task_group to 2024-06-28 00:00:00+00:00, run_after=2024-06-29 00:00:00+00:00
[2024-06-29T11:14:12.357+0000] {processor.py:183} INFO - Processing /home/airflow/.local/lib/python3.12/site-packages/airflow/example_dags/example_task_group.py took 0.043 seconds
[2024-06-29T11:14:42.772+0000] {processor.py:161} INFO - Started process (PID=702) to work on /home/airflow/.local/lib/python3.12/site-packages/airflow/example_dags/example_task_group.py
[2024-06-29T11:14:42.772+0000] {processor.py:830} INFO - Processing file /home/airflow/.local/lib/python3.12/site-packages/airflow/example_dags/example_task_group.py for tasks to queue
[2024-06-29T11:14:42.774+0000] {logging_mixin.py:188} INFO - [2024-06-29T11:14:42.773+0000] {dagbag.py:545} INFO - Filling up the DagBag from /home/airflow/.local/lib/python3.12/site-packages/airflow/example_dags/example_task_group.py
[2024-06-29T11:14:42.778+0000] {processor.py:840} INFO - DAG(s) 'example_task_group' retrieved from /home/airflow/.local/lib/python3.12/site-packages/airflow/example_dags/example_task_group.py
[2024-06-29T11:14:42.798+0000] {logging_mixin.py:188} INFO - [2024-06-29T11:14:42.798+0000] {dag.py:3096} INFO - Sync 1 DAGs
[2024-06-29T11:14:42.812+0000] {logging_mixin.py:188} INFO - [2024-06-29T11:14:42.811+0000] {dag.py:3954} INFO - Setting next_dagrun for example_task_group to 2024-06-28 00:00:00+00:00, run_after=2024-06-29 00:00:00+00:00
[2024-06-29T11:14:42.823+0000] {processor.py:183} INFO - Processing /home/airflow/.local/lib/python3.12/site-packages/airflow/example_dags/example_task_group.py took 0.055 seconds
[2024-06-29T11:15:13.866+0000] {processor.py:161} INFO - Started process (PID=760) to work on /home/airflow/.local/lib/python3.12/site-packages/airflow/example_dags/example_task_group.py
[2024-06-29T11:15:13.866+0000] {processor.py:830} INFO - Processing file /home/airflow/.local/lib/python3.12/site-packages/airflow/example_dags/example_task_group.py for tasks to queue
[2024-06-29T11:15:13.868+0000] {logging_mixin.py:188} INFO - [2024-06-29T11:15:13.867+0000] {dagbag.py:545} INFO - Filling up the DagBag from /home/airflow/.local/lib/python3.12/site-packages/airflow/example_dags/example_task_group.py
[2024-06-29T11:15:13.872+0000] {processor.py:840} INFO - DAG(s) 'example_task_group' retrieved from /home/airflow/.local/lib/python3.12/site-packages/airflow/example_dags/example_task_group.py
[2024-06-29T11:15:13.887+0000] {logging_mixin.py:188} INFO - [2024-06-29T11:15:13.887+0000] {dag.py:3096} INFO - Sync 1 DAGs
[2024-06-29T11:15:13.899+0000] {logging_mixin.py:188} INFO - [2024-06-29T11:15:13.898+0000] {dag.py:3954} INFO - Setting next_dagrun for example_task_group to 2024-06-28 00:00:00+00:00, run_after=2024-06-29 00:00:00+00:00
[2024-06-29T11:15:13.911+0000] {processor.py:183} INFO - Processing /home/airflow/.local/lib/python3.12/site-packages/airflow/example_dags/example_task_group.py took 0.049 seconds
[2024-06-29T11:15:44.251+0000] {processor.py:161} INFO - Started process (PID=817) to work on /home/airflow/.local/lib/python3.12/site-packages/airflow/example_dags/example_task_group.py
[2024-06-29T11:15:44.252+0000] {processor.py:830} INFO - Processing file /home/airflow/.local/lib/python3.12/site-packages/airflow/example_dags/example_task_group.py for tasks to queue
[2024-06-29T11:15:44.253+0000] {logging_mixin.py:188} INFO - [2024-06-29T11:15:44.253+0000] {dagbag.py:545} INFO - Filling up the DagBag from /home/airflow/.local/lib/python3.12/site-packages/airflow/example_dags/example_task_group.py
[2024-06-29T11:15:44.258+0000] {processor.py:840} INFO - DAG(s) 'example_task_group' retrieved from /home/airflow/.local/lib/python3.12/site-packages/airflow/example_dags/example_task_group.py
[2024-06-29T11:15:44.272+0000] {logging_mixin.py:188} INFO - [2024-06-29T11:15:44.272+0000] {dag.py:3096} INFO - Sync 1 DAGs
[2024-06-29T11:15:44.284+0000] {logging_mixin.py:188} INFO - [2024-06-29T11:15:44.284+0000] {dag.py:3954} INFO - Setting next_dagrun for example_task_group to 2024-06-28 00:00:00+00:00, run_after=2024-06-29 00:00:00+00:00
[2024-06-29T11:15:44.294+0000] {processor.py:183} INFO - Processing /home/airflow/.local/lib/python3.12/site-packages/airflow/example_dags/example_task_group.py took 0.046 seconds
[2024-06-29T11:16:14.343+0000] {processor.py:161} INFO - Started process (PID=874) to work on /home/airflow/.local/lib/python3.12/site-packages/airflow/example_dags/example_task_group.py
[2024-06-29T11:16:14.343+0000] {processor.py:830} INFO - Processing file /home/airflow/.local/lib/python3.12/site-packages/airflow/example_dags/example_task_group.py for tasks to queue
[2024-06-29T11:16:14.345+0000] {logging_mixin.py:188} INFO - [2024-06-29T11:16:14.344+0000] {dagbag.py:545} INFO - Filling up the DagBag from /home/airflow/.local/lib/python3.12/site-packages/airflow/example_dags/example_task_group.py
[2024-06-29T11:16:14.349+0000] {processor.py:840} INFO - DAG(s) 'example_task_group' retrieved from /home/airflow/.local/lib/python3.12/site-packages/airflow/example_dags/example_task_group.py
[2024-06-29T11:16:14.364+0000] {logging_mixin.py:188} INFO - [2024-06-29T11:16:14.364+0000] {dag.py:3096} INFO - Sync 1 DAGs
[2024-06-29T11:16:14.375+0000] {logging_mixin.py:188} INFO - [2024-06-29T11:16:14.375+0000] {dag.py:3954} INFO - Setting next_dagrun for example_task_group to 2024-06-28 00:00:00+00:00, run_after=2024-06-29 00:00:00+00:00
[2024-06-29T11:16:14.385+0000] {processor.py:183} INFO - Processing /home/airflow/.local/lib/python3.12/site-packages/airflow/example_dags/example_task_group.py took 0.045 seconds
[2024-06-29T11:16:44.603+0000] {processor.py:161} INFO - Started process (PID=932) to work on /home/airflow/.local/lib/python3.12/site-packages/airflow/example_dags/example_task_group.py
[2024-06-29T11:16:44.603+0000] {processor.py:830} INFO - Processing file /home/airflow/.local/lib/python3.12/site-packages/airflow/example_dags/example_task_group.py for tasks to queue
[2024-06-29T11:16:44.605+0000] {logging_mixin.py:188} INFO - [2024-06-29T11:16:44.604+0000] {dagbag.py:545} INFO - Filling up the DagBag from /home/airflow/.local/lib/python3.12/site-packages/airflow/example_dags/example_task_group.py
[2024-06-29T11:16:44.609+0000] {processor.py:840} INFO - DAG(s) 'example_task_group' retrieved from /home/airflow/.local/lib/python3.12/site-packages/airflow/example_dags/example_task_group.py
[2024-06-29T11:16:44.625+0000] {logging_mixin.py:188} INFO - [2024-06-29T11:16:44.625+0000] {dag.py:3096} INFO - Sync 1 DAGs
[2024-06-29T11:16:44.637+0000] {logging_mixin.py:188} INFO - [2024-06-29T11:16:44.637+0000] {dag.py:3954} INFO - Setting next_dagrun for example_task_group to 2024-06-28 00:00:00+00:00, run_after=2024-06-29 00:00:00+00:00
[2024-06-29T11:16:44.649+0000] {processor.py:183} INFO - Processing /home/airflow/.local/lib/python3.12/site-packages/airflow/example_dags/example_task_group.py took 0.050 seconds
[2024-06-29T11:17:15.139+0000] {processor.py:161} INFO - Started process (PID=991) to work on /home/airflow/.local/lib/python3.12/site-packages/airflow/example_dags/example_task_group.py
[2024-06-29T11:17:15.140+0000] {processor.py:830} INFO - Processing file /home/airflow/.local/lib/python3.12/site-packages/airflow/example_dags/example_task_group.py for tasks to queue
[2024-06-29T11:17:15.141+0000] {logging_mixin.py:188} INFO - [2024-06-29T11:17:15.141+0000] {dagbag.py:545} INFO - Filling up the DagBag from /home/airflow/.local/lib/python3.12/site-packages/airflow/example_dags/example_task_group.py
[2024-06-29T11:17:15.145+0000] {processor.py:840} INFO - DAG(s) 'example_task_group' retrieved from /home/airflow/.local/lib/python3.12/site-packages/airflow/example_dags/example_task_group.py
[2024-06-29T11:17:15.161+0000] {logging_mixin.py:188} INFO - [2024-06-29T11:17:15.161+0000] {dag.py:3096} INFO - Sync 1 DAGs
[2024-06-29T11:17:15.173+0000] {logging_mixin.py:188} INFO - [2024-06-29T11:17:15.173+0000] {dag.py:3954} INFO - Setting next_dagrun for example_task_group to 2024-06-28 00:00:00+00:00, run_after=2024-06-29 00:00:00+00:00
[2024-06-29T11:17:15.183+0000] {processor.py:183} INFO - Processing /home/airflow/.local/lib/python3.12/site-packages/airflow/example_dags/example_task_group.py took 0.047 seconds
[2024-06-29T11:17:45.507+0000] {processor.py:161} INFO - Started process (PID=1049) to work on /home/airflow/.local/lib/python3.12/site-packages/airflow/example_dags/example_task_group.py
[2024-06-29T11:17:45.508+0000] {processor.py:830} INFO - Processing file /home/airflow/.local/lib/python3.12/site-packages/airflow/example_dags/example_task_group.py for tasks to queue
[2024-06-29T11:17:45.509+0000] {logging_mixin.py:188} INFO - [2024-06-29T11:17:45.508+0000] {dagbag.py:545} INFO - Filling up the DagBag from /home/airflow/.local/lib/python3.12/site-packages/airflow/example_dags/example_task_group.py
[2024-06-29T11:17:45.513+0000] {processor.py:840} INFO - DAG(s) 'example_task_group' retrieved from /home/airflow/.local/lib/python3.12/site-packages/airflow/example_dags/example_task_group.py
[2024-06-29T11:17:45.526+0000] {logging_mixin.py:188} INFO - [2024-06-29T11:17:45.525+0000] {dag.py:3096} INFO - Sync 1 DAGs
[2024-06-29T11:17:45.536+0000] {logging_mixin.py:188} INFO - [2024-06-29T11:17:45.536+0000] {dag.py:3954} INFO - Setting next_dagrun for example_task_group to 2024-06-28 00:00:00+00:00, run_after=2024-06-29 00:00:00+00:00
[2024-06-29T11:17:45.546+0000] {processor.py:183} INFO - Processing /home/airflow/.local/lib/python3.12/site-packages/airflow/example_dags/example_task_group.py took 0.042 seconds
[2024-06-29T11:18:15.906+0000] {processor.py:161} INFO - Started process (PID=1107) to work on /home/airflow/.local/lib/python3.12/site-packages/airflow/example_dags/example_task_group.py
[2024-06-29T11:18:15.908+0000] {processor.py:830} INFO - Processing file /home/airflow/.local/lib/python3.12/site-packages/airflow/example_dags/example_task_group.py for tasks to queue
[2024-06-29T11:18:15.909+0000] {logging_mixin.py:188} INFO - [2024-06-29T11:18:15.909+0000] {dagbag.py:545} INFO - Filling up the DagBag from /home/airflow/.local/lib/python3.12/site-packages/airflow/example_dags/example_task_group.py
[2024-06-29T11:18:15.915+0000] {processor.py:840} INFO - DAG(s) 'example_task_group' retrieved from /home/airflow/.local/lib/python3.12/site-packages/airflow/example_dags/example_task_group.py
[2024-06-29T11:18:15.930+0000] {logging_mixin.py:188} INFO - [2024-06-29T11:18:15.930+0000] {dag.py:3096} INFO - Sync 1 DAGs
[2024-06-29T11:18:15.940+0000] {logging_mixin.py:188} INFO - [2024-06-29T11:18:15.940+0000] {dag.py:3954} INFO - Setting next_dagrun for example_task_group to 2024-06-28 00:00:00+00:00, run_after=2024-06-29 00:00:00+00:00
[2024-06-29T11:18:15.949+0000] {processor.py:183} INFO - Processing /home/airflow/.local/lib/python3.12/site-packages/airflow/example_dags/example_task_group.py took 0.047 seconds
[2024-06-29T11:18:45.991+0000] {processor.py:161} INFO - Started process (PID=1165) to work on /home/airflow/.local/lib/python3.12/site-packages/airflow/example_dags/example_task_group.py
[2024-06-29T11:18:45.992+0000] {processor.py:830} INFO - Processing file /home/airflow/.local/lib/python3.12/site-packages/airflow/example_dags/example_task_group.py for tasks to queue
[2024-06-29T11:18:45.993+0000] {logging_mixin.py:188} INFO - [2024-06-29T11:18:45.993+0000] {dagbag.py:545} INFO - Filling up the DagBag from /home/airflow/.local/lib/python3.12/site-packages/airflow/example_dags/example_task_group.py
[2024-06-29T11:18:45.997+0000] {processor.py:840} INFO - DAG(s) 'example_task_group' retrieved from /home/airflow/.local/lib/python3.12/site-packages/airflow/example_dags/example_task_group.py
[2024-06-29T11:18:46.011+0000] {logging_mixin.py:188} INFO - [2024-06-29T11:18:46.011+0000] {dag.py:3096} INFO - Sync 1 DAGs
[2024-06-29T11:18:46.022+0000] {logging_mixin.py:188} INFO - [2024-06-29T11:18:46.022+0000] {dag.py:3954} INFO - Setting next_dagrun for example_task_group to 2024-06-28 00:00:00+00:00, run_after=2024-06-29 00:00:00+00:00
[2024-06-29T11:18:46.030+0000] {processor.py:183} INFO - Processing /home/airflow/.local/lib/python3.12/site-packages/airflow/example_dags/example_task_group.py took 0.042 seconds
[2024-06-29T11:19:16.352+0000] {processor.py:161} INFO - Started process (PID=1223) to work on /home/airflow/.local/lib/python3.12/site-packages/airflow/example_dags/example_task_group.py
[2024-06-29T11:19:16.352+0000] {processor.py:830} INFO - Processing file /home/airflow/.local/lib/python3.12/site-packages/airflow/example_dags/example_task_group.py for tasks to queue
[2024-06-29T11:19:16.353+0000] {logging_mixin.py:188} INFO - [2024-06-29T11:19:16.353+0000] {dagbag.py:545} INFO - Filling up the DagBag from /home/airflow/.local/lib/python3.12/site-packages/airflow/example_dags/example_task_group.py
[2024-06-29T11:19:16.358+0000] {processor.py:840} INFO - DAG(s) 'example_task_group' retrieved from /home/airflow/.local/lib/python3.12/site-packages/airflow/example_dags/example_task_group.py
[2024-06-29T11:19:16.371+0000] {logging_mixin.py:188} INFO - [2024-06-29T11:19:16.371+0000] {dag.py:3096} INFO - Sync 1 DAGs
[2024-06-29T11:19:16.381+0000] {logging_mixin.py:188} INFO - [2024-06-29T11:19:16.381+0000] {dag.py:3954} INFO - Setting next_dagrun for example_task_group to 2024-06-28 00:00:00+00:00, run_after=2024-06-29 00:00:00+00:00
[2024-06-29T11:19:16.390+0000] {processor.py:183} INFO - Processing /home/airflow/.local/lib/python3.12/site-packages/airflow/example_dags/example_task_group.py took 0.041 seconds
[2024-06-29T11:19:46.691+0000] {processor.py:161} INFO - Started process (PID=1281) to work on /home/airflow/.local/lib/python3.12/site-packages/airflow/example_dags/example_task_group.py
[2024-06-29T11:19:46.691+0000] {processor.py:830} INFO - Processing file /home/airflow/.local/lib/python3.12/site-packages/airflow/example_dags/example_task_group.py for tasks to queue
[2024-06-29T11:19:46.693+0000] {logging_mixin.py:188} INFO - [2024-06-29T11:19:46.692+0000] {dagbag.py:545} INFO - Filling up the DagBag from /home/airflow/.local/lib/python3.12/site-packages/airflow/example_dags/example_task_group.py
[2024-06-29T11:19:46.697+0000] {processor.py:840} INFO - DAG(s) 'example_task_group' retrieved from /home/airflow/.local/lib/python3.12/site-packages/airflow/example_dags/example_task_group.py
[2024-06-29T11:19:46.711+0000] {logging_mixin.py:188} INFO - [2024-06-29T11:19:46.711+0000] {dag.py:3096} INFO - Sync 1 DAGs
[2024-06-29T11:19:46.722+0000] {logging_mixin.py:188} INFO - [2024-06-29T11:19:46.722+0000] {dag.py:3954} INFO - Setting next_dagrun for example_task_group to 2024-06-28 00:00:00+00:00, run_after=2024-06-29 00:00:00+00:00
[2024-06-29T11:19:46.732+0000] {processor.py:183} INFO - Processing /home/airflow/.local/lib/python3.12/site-packages/airflow/example_dags/example_task_group.py took 0.045 seconds
[2024-06-29T11:20:16.956+0000] {processor.py:161} INFO - Started process (PID=1339) to work on /home/airflow/.local/lib/python3.12/site-packages/airflow/example_dags/example_task_group.py
[2024-06-29T11:20:16.957+0000] {processor.py:830} INFO - Processing file /home/airflow/.local/lib/python3.12/site-packages/airflow/example_dags/example_task_group.py for tasks to queue
[2024-06-29T11:20:16.958+0000] {logging_mixin.py:188} INFO - [2024-06-29T11:20:16.958+0000] {dagbag.py:545} INFO - Filling up the DagBag from /home/airflow/.local/lib/python3.12/site-packages/airflow/example_dags/example_task_group.py
[2024-06-29T11:20:16.963+0000] {processor.py:840} INFO - DAG(s) 'example_task_group' retrieved from /home/airflow/.local/lib/python3.12/site-packages/airflow/example_dags/example_task_group.py
[2024-06-29T11:20:16.977+0000] {logging_mixin.py:188} INFO - [2024-06-29T11:20:16.977+0000] {dag.py:3096} INFO - Sync 1 DAGs
[2024-06-29T11:20:16.989+0000] {logging_mixin.py:188} INFO - [2024-06-29T11:20:16.989+0000] {dag.py:3954} INFO - Setting next_dagrun for example_task_group to 2024-06-28 00:00:00+00:00, run_after=2024-06-29 00:00:00+00:00
[2024-06-29T11:20:16.999+0000] {processor.py:183} INFO - Processing /home/airflow/.local/lib/python3.12/site-packages/airflow/example_dags/example_task_group.py took 0.046 seconds
[2024-06-29T11:20:47.134+0000] {processor.py:161} INFO - Started process (PID=1397) to work on /home/airflow/.local/lib/python3.12/site-packages/airflow/example_dags/example_task_group.py
[2024-06-29T11:20:47.135+0000] {processor.py:830} INFO - Processing file /home/airflow/.local/lib/python3.12/site-packages/airflow/example_dags/example_task_group.py for tasks to queue
[2024-06-29T11:20:47.136+0000] {logging_mixin.py:188} INFO - [2024-06-29T11:20:47.136+0000] {dagbag.py:545} INFO - Filling up the DagBag from /home/airflow/.local/lib/python3.12/site-packages/airflow/example_dags/example_task_group.py
[2024-06-29T11:20:47.140+0000] {processor.py:840} INFO - DAG(s) 'example_task_group' retrieved from /home/airflow/.local/lib/python3.12/site-packages/airflow/example_dags/example_task_group.py
[2024-06-29T11:20:47.155+0000] {logging_mixin.py:188} INFO - [2024-06-29T11:20:47.155+0000] {dag.py:3096} INFO - Sync 1 DAGs
[2024-06-29T11:20:47.166+0000] {logging_mixin.py:188} INFO - [2024-06-29T11:20:47.166+0000] {dag.py:3954} INFO - Setting next_dagrun for example_task_group to 2024-06-28 00:00:00+00:00, run_after=2024-06-29 00:00:00+00:00
[2024-06-29T11:20:47.175+0000] {processor.py:183} INFO - Processing /home/airflow/.local/lib/python3.12/site-packages/airflow/example_dags/example_task_group.py took 0.045 seconds
[2024-06-29T11:21:17.401+0000] {processor.py:161} INFO - Started process (PID=1455) to work on /home/airflow/.local/lib/python3.12/site-packages/airflow/example_dags/example_task_group.py
[2024-06-29T11:21:17.402+0000] {processor.py:830} INFO - Processing file /home/airflow/.local/lib/python3.12/site-packages/airflow/example_dags/example_task_group.py for tasks to queue
[2024-06-29T11:21:17.403+0000] {logging_mixin.py:188} INFO - [2024-06-29T11:21:17.403+0000] {dagbag.py:545} INFO - Filling up the DagBag from /home/airflow/.local/lib/python3.12/site-packages/airflow/example_dags/example_task_group.py
[2024-06-29T11:21:17.408+0000] {processor.py:840} INFO - DAG(s) 'example_task_group' retrieved from /home/airflow/.local/lib/python3.12/site-packages/airflow/example_dags/example_task_group.py
[2024-06-29T11:21:17.422+0000] {logging_mixin.py:188} INFO - [2024-06-29T11:21:17.422+0000] {dag.py:3096} INFO - Sync 1 DAGs
[2024-06-29T11:21:17.433+0000] {logging_mixin.py:188} INFO - [2024-06-29T11:21:17.433+0000] {dag.py:3954} INFO - Setting next_dagrun for example_task_group to 2024-06-28 00:00:00+00:00, run_after=2024-06-29 00:00:00+00:00
[2024-06-29T11:21:17.442+0000] {processor.py:183} INFO - Processing /home/airflow/.local/lib/python3.12/site-packages/airflow/example_dags/example_task_group.py took 0.045 seconds
