[2024-06-29T11:09:10.206+0000] {processor.py:161} INFO - Started process (PID=71) to work on /home/airflow/.local/lib/python3.12/site-packages/airflow/example_dags/example_display_name.py
[2024-06-29T11:09:10.207+0000] {processor.py:830} INFO - Processing file /home/airflow/.local/lib/python3.12/site-packages/airflow/example_dags/example_display_name.py for tasks to queue
[2024-06-29T11:09:10.213+0000] {logging_mixin.py:188} INFO - [2024-06-29T11:09:10.213+0000] {dagbag.py:545} INFO - Filling up the DagBag from /home/airflow/.local/lib/python3.12/site-packages/airflow/example_dags/example_display_name.py
[2024-06-29T11:09:10.225+0000] {processor.py:840} INFO - DAG(s) 'example_display_name' retrieved from /home/airflow/.local/lib/python3.12/site-packages/airflow/example_dags/example_display_name.py
[2024-06-29T11:09:10.252+0000] {logging_mixin.py:188} INFO - [2024-06-29T11:09:10.251+0000] {dag.py:3096} INFO - Sync 1 DAGs
[2024-06-29T11:09:10.265+0000] {logging_mixin.py:188} INFO - [2024-06-29T11:09:10.264+0000] {dag.py:3954} INFO - Setting next_dagrun for example_display_name to None, run_after=None
[2024-06-29T11:09:10.286+0000] {processor.py:183} INFO - Processing /home/airflow/.local/lib/python3.12/site-packages/airflow/example_dags/example_display_name.py took 0.095 seconds
[2024-06-29T11:09:40.343+0000] {processor.py:161} INFO - Started process (PID=129) to work on /home/airflow/.local/lib/python3.12/site-packages/airflow/example_dags/example_display_name.py
[2024-06-29T11:09:40.344+0000] {processor.py:830} INFO - Processing file /home/airflow/.local/lib/python3.12/site-packages/airflow/example_dags/example_display_name.py for tasks to queue
[2024-06-29T11:09:40.345+0000] {logging_mixin.py:188} INFO - [2024-06-29T11:09:40.345+0000] {dagbag.py:545} INFO - Filling up the DagBag from /home/airflow/.local/lib/python3.12/site-packages/airflow/example_dags/example_display_name.py
[2024-06-29T11:09:40.349+0000] {processor.py:840} INFO - DAG(s) 'example_display_name' retrieved from /home/airflow/.local/lib/python3.12/site-packages/airflow/example_dags/example_display_name.py
[2024-06-29T11:09:40.431+0000] {logging_mixin.py:188} INFO - [2024-06-29T11:09:40.431+0000] {dag.py:3096} INFO - Sync 1 DAGs
[2024-06-29T11:09:40.438+0000] {logging_mixin.py:188} INFO - [2024-06-29T11:09:40.437+0000] {dag.py:3954} INFO - Setting next_dagrun for example_display_name to None, run_after=None
[2024-06-29T11:09:40.453+0000] {processor.py:183} INFO - Processing /home/airflow/.local/lib/python3.12/site-packages/airflow/example_dags/example_display_name.py took 0.114 seconds
[2024-06-29T11:10:11.403+0000] {processor.py:161} INFO - Started process (PID=187) to work on /home/airflow/.local/lib/python3.12/site-packages/airflow/example_dags/example_display_name.py
[2024-06-29T11:10:11.404+0000] {processor.py:830} INFO - Processing file /home/airflow/.local/lib/python3.12/site-packages/airflow/example_dags/example_display_name.py for tasks to queue
[2024-06-29T11:10:11.405+0000] {logging_mixin.py:188} INFO - [2024-06-29T11:10:11.405+0000] {dagbag.py:545} INFO - Filling up the DagBag from /home/airflow/.local/lib/python3.12/site-packages/airflow/example_dags/example_display_name.py
[2024-06-29T11:10:11.409+0000] {processor.py:840} INFO - DAG(s) 'example_display_name' retrieved from /home/airflow/.local/lib/python3.12/site-packages/airflow/example_dags/example_display_name.py
[2024-06-29T11:10:11.424+0000] {logging_mixin.py:188} INFO - [2024-06-29T11:10:11.424+0000] {dag.py:3096} INFO - Sync 1 DAGs
[2024-06-29T11:10:11.431+0000] {logging_mixin.py:188} INFO - [2024-06-29T11:10:11.431+0000] {dag.py:3954} INFO - Setting next_dagrun for example_display_name to None, run_after=None
[2024-06-29T11:10:11.441+0000] {processor.py:183} INFO - Processing /home/airflow/.local/lib/python3.12/site-packages/airflow/example_dags/example_display_name.py took 0.041 seconds
[2024-06-29T11:10:41.692+0000] {processor.py:161} INFO - Started process (PID=245) to work on /home/airflow/.local/lib/python3.12/site-packages/airflow/example_dags/example_display_name.py
[2024-06-29T11:10:41.693+0000] {processor.py:830} INFO - Processing file /home/airflow/.local/lib/python3.12/site-packages/airflow/example_dags/example_display_name.py for tasks to queue
[2024-06-29T11:10:41.694+0000] {logging_mixin.py:188} INFO - [2024-06-29T11:10:41.694+0000] {dagbag.py:545} INFO - Filling up the DagBag from /home/airflow/.local/lib/python3.12/site-packages/airflow/example_dags/example_display_name.py
[2024-06-29T11:10:41.698+0000] {processor.py:840} INFO - DAG(s) 'example_display_name' retrieved from /home/airflow/.local/lib/python3.12/site-packages/airflow/example_dags/example_display_name.py
[2024-06-29T11:10:41.713+0000] {logging_mixin.py:188} INFO - [2024-06-29T11:10:41.712+0000] {dag.py:3096} INFO - Sync 1 DAGs
[2024-06-29T11:10:41.719+0000] {logging_mixin.py:188} INFO - [2024-06-29T11:10:41.719+0000] {dag.py:3954} INFO - Setting next_dagrun for example_display_name to None, run_after=None
[2024-06-29T11:10:41.729+0000] {processor.py:183} INFO - Processing /home/airflow/.local/lib/python3.12/site-packages/airflow/example_dags/example_display_name.py took 0.041 seconds
[2024-06-29T11:11:11.898+0000] {processor.py:161} INFO - Started process (PID=303) to work on /home/airflow/.local/lib/python3.12/site-packages/airflow/example_dags/example_display_name.py
[2024-06-29T11:11:11.899+0000] {processor.py:830} INFO - Processing file /home/airflow/.local/lib/python3.12/site-packages/airflow/example_dags/example_display_name.py for tasks to queue
[2024-06-29T11:11:11.900+0000] {logging_mixin.py:188} INFO - [2024-06-29T11:11:11.900+0000] {dagbag.py:545} INFO - Filling up the DagBag from /home/airflow/.local/lib/python3.12/site-packages/airflow/example_dags/example_display_name.py
[2024-06-29T11:11:11.904+0000] {processor.py:840} INFO - DAG(s) 'example_display_name' retrieved from /home/airflow/.local/lib/python3.12/site-packages/airflow/example_dags/example_display_name.py
[2024-06-29T11:11:11.917+0000] {logging_mixin.py:188} INFO - [2024-06-29T11:11:11.917+0000] {dag.py:3096} INFO - Sync 1 DAGs
[2024-06-29T11:11:11.923+0000] {logging_mixin.py:188} INFO - [2024-06-29T11:11:11.923+0000] {dag.py:3954} INFO - Setting next_dagrun for example_display_name to None, run_after=None
[2024-06-29T11:11:11.931+0000] {processor.py:183} INFO - Processing /home/airflow/.local/lib/python3.12/site-packages/airflow/example_dags/example_display_name.py took 0.036 seconds
[2024-06-29T11:11:42.876+0000] {processor.py:161} INFO - Started process (PID=361) to work on /home/airflow/.local/lib/python3.12/site-packages/airflow/example_dags/example_display_name.py
[2024-06-29T11:11:42.877+0000] {processor.py:830} INFO - Processing file /home/airflow/.local/lib/python3.12/site-packages/airflow/example_dags/example_display_name.py for tasks to queue
[2024-06-29T11:11:42.878+0000] {logging_mixin.py:188} INFO - [2024-06-29T11:11:42.878+0000] {dagbag.py:545} INFO - Filling up the DagBag from /home/airflow/.local/lib/python3.12/site-packages/airflow/example_dags/example_display_name.py
[2024-06-29T11:11:42.882+0000] {processor.py:840} INFO - DAG(s) 'example_display_name' retrieved from /home/airflow/.local/lib/python3.12/site-packages/airflow/example_dags/example_display_name.py
[2024-06-29T11:11:42.896+0000] {logging_mixin.py:188} INFO - [2024-06-29T11:11:42.896+0000] {dag.py:3096} INFO - Sync 1 DAGs
[2024-06-29T11:11:42.902+0000] {logging_mixin.py:188} INFO - [2024-06-29T11:11:42.902+0000] {dag.py:3954} INFO - Setting next_dagrun for example_display_name to None, run_after=None
[2024-06-29T11:11:42.913+0000] {processor.py:183} INFO - Processing /home/airflow/.local/lib/python3.12/site-packages/airflow/example_dags/example_display_name.py took 0.040 seconds
[2024-06-29T11:12:13.038+0000] {processor.py:161} INFO - Started process (PID=420) to work on /home/airflow/.local/lib/python3.12/site-packages/airflow/example_dags/example_display_name.py
[2024-06-29T11:12:13.039+0000] {processor.py:830} INFO - Processing file /home/airflow/.local/lib/python3.12/site-packages/airflow/example_dags/example_display_name.py for tasks to queue
[2024-06-29T11:12:13.040+0000] {logging_mixin.py:188} INFO - [2024-06-29T11:12:13.040+0000] {dagbag.py:545} INFO - Filling up the DagBag from /home/airflow/.local/lib/python3.12/site-packages/airflow/example_dags/example_display_name.py
[2024-06-29T11:12:13.044+0000] {processor.py:840} INFO - DAG(s) 'example_display_name' retrieved from /home/airflow/.local/lib/python3.12/site-packages/airflow/example_dags/example_display_name.py
[2024-06-29T11:12:13.058+0000] {logging_mixin.py:188} INFO - [2024-06-29T11:12:13.058+0000] {dag.py:3096} INFO - Sync 1 DAGs
[2024-06-29T11:12:13.064+0000] {logging_mixin.py:188} INFO - [2024-06-29T11:12:13.064+0000] {dag.py:3954} INFO - Setting next_dagrun for example_display_name to None, run_after=None
[2024-06-29T11:12:13.073+0000] {processor.py:183} INFO - Processing /home/airflow/.local/lib/python3.12/site-packages/airflow/example_dags/example_display_name.py took 0.038 seconds
[2024-06-29T11:12:43.245+0000] {processor.py:161} INFO - Started process (PID=478) to work on /home/airflow/.local/lib/python3.12/site-packages/airflow/example_dags/example_display_name.py
[2024-06-29T11:12:43.246+0000] {processor.py:830} INFO - Processing file /home/airflow/.local/lib/python3.12/site-packages/airflow/example_dags/example_display_name.py for tasks to queue
[2024-06-29T11:12:43.247+0000] {logging_mixin.py:188} INFO - [2024-06-29T11:12:43.247+0000] {dagbag.py:545} INFO - Filling up the DagBag from /home/airflow/.local/lib/python3.12/site-packages/airflow/example_dags/example_display_name.py
[2024-06-29T11:12:43.251+0000] {processor.py:840} INFO - DAG(s) 'example_display_name' retrieved from /home/airflow/.local/lib/python3.12/site-packages/airflow/example_dags/example_display_name.py
[2024-06-29T11:12:43.265+0000] {logging_mixin.py:188} INFO - [2024-06-29T11:12:43.265+0000] {dag.py:3096} INFO - Sync 1 DAGs
[2024-06-29T11:12:43.271+0000] {logging_mixin.py:188} INFO - [2024-06-29T11:12:43.271+0000] {dag.py:3954} INFO - Setting next_dagrun for example_display_name to None, run_after=None
[2024-06-29T11:12:43.280+0000] {processor.py:183} INFO - Processing /home/airflow/.local/lib/python3.12/site-packages/airflow/example_dags/example_display_name.py took 0.038 seconds
[2024-06-29T11:13:13.390+0000] {processor.py:161} INFO - Started process (PID=536) to work on /home/airflow/.local/lib/python3.12/site-packages/airflow/example_dags/example_display_name.py
[2024-06-29T11:13:13.391+0000] {processor.py:830} INFO - Processing file /home/airflow/.local/lib/python3.12/site-packages/airflow/example_dags/example_display_name.py for tasks to queue
[2024-06-29T11:13:13.392+0000] {logging_mixin.py:188} INFO - [2024-06-29T11:13:13.392+0000] {dagbag.py:545} INFO - Filling up the DagBag from /home/airflow/.local/lib/python3.12/site-packages/airflow/example_dags/example_display_name.py
[2024-06-29T11:13:13.396+0000] {processor.py:840} INFO - DAG(s) 'example_display_name' retrieved from /home/airflow/.local/lib/python3.12/site-packages/airflow/example_dags/example_display_name.py
[2024-06-29T11:13:13.409+0000] {logging_mixin.py:188} INFO - [2024-06-29T11:13:13.409+0000] {dag.py:3096} INFO - Sync 1 DAGs
[2024-06-29T11:13:13.415+0000] {logging_mixin.py:188} INFO - [2024-06-29T11:13:13.415+0000] {dag.py:3954} INFO - Setting next_dagrun for example_display_name to None, run_after=None
[2024-06-29T11:13:13.424+0000] {processor.py:183} INFO - Processing /home/airflow/.local/lib/python3.12/site-packages/airflow/example_dags/example_display_name.py took 0.037 seconds
[2024-06-29T11:13:43.540+0000] {processor.py:161} INFO - Started process (PID=595) to work on /home/airflow/.local/lib/python3.12/site-packages/airflow/example_dags/example_display_name.py
[2024-06-29T11:13:43.540+0000] {processor.py:830} INFO - Processing file /home/airflow/.local/lib/python3.12/site-packages/airflow/example_dags/example_display_name.py for tasks to queue
[2024-06-29T11:13:43.542+0000] {logging_mixin.py:188} INFO - [2024-06-29T11:13:43.541+0000] {dagbag.py:545} INFO - Filling up the DagBag from /home/airflow/.local/lib/python3.12/site-packages/airflow/example_dags/example_display_name.py
[2024-06-29T11:13:43.545+0000] {processor.py:840} INFO - DAG(s) 'example_display_name' retrieved from /home/airflow/.local/lib/python3.12/site-packages/airflow/example_dags/example_display_name.py
[2024-06-29T11:13:43.560+0000] {logging_mixin.py:188} INFO - [2024-06-29T11:13:43.560+0000] {dag.py:3096} INFO - Sync 1 DAGs
[2024-06-29T11:13:43.566+0000] {logging_mixin.py:188} INFO - [2024-06-29T11:13:43.566+0000] {dag.py:3954} INFO - Setting next_dagrun for example_display_name to None, run_after=None
[2024-06-29T11:13:43.575+0000] {processor.py:183} INFO - Processing /home/airflow/.local/lib/python3.12/site-packages/airflow/example_dags/example_display_name.py took 0.038 seconds
[2024-06-29T11:14:13.646+0000] {processor.py:161} INFO - Started process (PID=653) to work on /home/airflow/.local/lib/python3.12/site-packages/airflow/example_dags/example_display_name.py
[2024-06-29T11:14:13.646+0000] {processor.py:830} INFO - Processing file /home/airflow/.local/lib/python3.12/site-packages/airflow/example_dags/example_display_name.py for tasks to queue
[2024-06-29T11:14:13.647+0000] {logging_mixin.py:188} INFO - [2024-06-29T11:14:13.647+0000] {dagbag.py:545} INFO - Filling up the DagBag from /home/airflow/.local/lib/python3.12/site-packages/airflow/example_dags/example_display_name.py
[2024-06-29T11:14:13.651+0000] {processor.py:840} INFO - DAG(s) 'example_display_name' retrieved from /home/airflow/.local/lib/python3.12/site-packages/airflow/example_dags/example_display_name.py
[2024-06-29T11:14:13.664+0000] {logging_mixin.py:188} INFO - [2024-06-29T11:14:13.664+0000] {dag.py:3096} INFO - Sync 1 DAGs
[2024-06-29T11:14:13.670+0000] {logging_mixin.py:188} INFO - [2024-06-29T11:14:13.670+0000] {dag.py:3954} INFO - Setting next_dagrun for example_display_name to None, run_after=None
[2024-06-29T11:14:13.678+0000] {processor.py:183} INFO - Processing /home/airflow/.local/lib/python3.12/site-packages/airflow/example_dags/example_display_name.py took 0.036 seconds
[2024-06-29T11:14:44.135+0000] {processor.py:161} INFO - Started process (PID=711) to work on /home/airflow/.local/lib/python3.12/site-packages/airflow/example_dags/example_display_name.py
[2024-06-29T11:14:44.135+0000] {processor.py:830} INFO - Processing file /home/airflow/.local/lib/python3.12/site-packages/airflow/example_dags/example_display_name.py for tasks to queue
[2024-06-29T11:14:44.137+0000] {logging_mixin.py:188} INFO - [2024-06-29T11:14:44.136+0000] {dagbag.py:545} INFO - Filling up the DagBag from /home/airflow/.local/lib/python3.12/site-packages/airflow/example_dags/example_display_name.py
[2024-06-29T11:14:44.140+0000] {processor.py:840} INFO - DAG(s) 'example_display_name' retrieved from /home/airflow/.local/lib/python3.12/site-packages/airflow/example_dags/example_display_name.py
[2024-06-29T11:14:44.154+0000] {logging_mixin.py:188} INFO - [2024-06-29T11:14:44.154+0000] {dag.py:3096} INFO - Sync 1 DAGs
[2024-06-29T11:14:44.160+0000] {logging_mixin.py:188} INFO - [2024-06-29T11:14:44.160+0000] {dag.py:3954} INFO - Setting next_dagrun for example_display_name to None, run_after=None
[2024-06-29T11:14:44.169+0000] {processor.py:183} INFO - Processing /home/airflow/.local/lib/python3.12/site-packages/airflow/example_dags/example_display_name.py took 0.038 seconds
[2024-06-29T11:15:14.205+0000] {processor.py:161} INFO - Started process (PID=769) to work on /home/airflow/.local/lib/python3.12/site-packages/airflow/example_dags/example_display_name.py
[2024-06-29T11:15:14.206+0000] {processor.py:830} INFO - Processing file /home/airflow/.local/lib/python3.12/site-packages/airflow/example_dags/example_display_name.py for tasks to queue
[2024-06-29T11:15:14.207+0000] {logging_mixin.py:188} INFO - [2024-06-29T11:15:14.207+0000] {dagbag.py:545} INFO - Filling up the DagBag from /home/airflow/.local/lib/python3.12/site-packages/airflow/example_dags/example_display_name.py
[2024-06-29T11:15:14.211+0000] {processor.py:840} INFO - DAG(s) 'example_display_name' retrieved from /home/airflow/.local/lib/python3.12/site-packages/airflow/example_dags/example_display_name.py
[2024-06-29T11:15:14.227+0000] {logging_mixin.py:188} INFO - [2024-06-29T11:15:14.227+0000] {dag.py:3096} INFO - Sync 1 DAGs
[2024-06-29T11:15:14.234+0000] {logging_mixin.py:188} INFO - [2024-06-29T11:15:14.234+0000] {dag.py:3954} INFO - Setting next_dagrun for example_display_name to None, run_after=None
[2024-06-29T11:15:14.243+0000] {processor.py:183} INFO - Processing /home/airflow/.local/lib/python3.12/site-packages/airflow/example_dags/example_display_name.py took 0.041 seconds
[2024-06-29T11:15:44.536+0000] {processor.py:161} INFO - Started process (PID=826) to work on /home/airflow/.local/lib/python3.12/site-packages/airflow/example_dags/example_display_name.py
[2024-06-29T11:15:44.537+0000] {processor.py:830} INFO - Processing file /home/airflow/.local/lib/python3.12/site-packages/airflow/example_dags/example_display_name.py for tasks to queue
[2024-06-29T11:15:44.538+0000] {logging_mixin.py:188} INFO - [2024-06-29T11:15:44.538+0000] {dagbag.py:545} INFO - Filling up the DagBag from /home/airflow/.local/lib/python3.12/site-packages/airflow/example_dags/example_display_name.py
[2024-06-29T11:15:44.543+0000] {processor.py:840} INFO - DAG(s) 'example_display_name' retrieved from /home/airflow/.local/lib/python3.12/site-packages/airflow/example_dags/example_display_name.py
[2024-06-29T11:15:44.557+0000] {logging_mixin.py:188} INFO - [2024-06-29T11:15:44.557+0000] {dag.py:3096} INFO - Sync 1 DAGs
[2024-06-29T11:15:44.563+0000] {logging_mixin.py:188} INFO - [2024-06-29T11:15:44.563+0000] {dag.py:3954} INFO - Setting next_dagrun for example_display_name to None, run_after=None
[2024-06-29T11:15:44.578+0000] {processor.py:183} INFO - Processing /home/airflow/.local/lib/python3.12/site-packages/airflow/example_dags/example_display_name.py took 0.046 seconds
[2024-06-29T11:16:14.598+0000] {processor.py:161} INFO - Started process (PID=883) to work on /home/airflow/.local/lib/python3.12/site-packages/airflow/example_dags/example_display_name.py
[2024-06-29T11:16:14.599+0000] {processor.py:830} INFO - Processing file /home/airflow/.local/lib/python3.12/site-packages/airflow/example_dags/example_display_name.py for tasks to queue
[2024-06-29T11:16:14.600+0000] {logging_mixin.py:188} INFO - [2024-06-29T11:16:14.599+0000] {dagbag.py:545} INFO - Filling up the DagBag from /home/airflow/.local/lib/python3.12/site-packages/airflow/example_dags/example_display_name.py
[2024-06-29T11:16:14.604+0000] {processor.py:840} INFO - DAG(s) 'example_display_name' retrieved from /home/airflow/.local/lib/python3.12/site-packages/airflow/example_dags/example_display_name.py
[2024-06-29T11:16:14.616+0000] {logging_mixin.py:188} INFO - [2024-06-29T11:16:14.616+0000] {dag.py:3096} INFO - Sync 1 DAGs
[2024-06-29T11:16:14.622+0000] {logging_mixin.py:188} INFO - [2024-06-29T11:16:14.622+0000] {dag.py:3954} INFO - Setting next_dagrun for example_display_name to None, run_after=None
[2024-06-29T11:16:14.631+0000] {processor.py:183} INFO - Processing /home/airflow/.local/lib/python3.12/site-packages/airflow/example_dags/example_display_name.py took 0.036 seconds
[2024-06-29T11:16:44.891+0000] {processor.py:161} INFO - Started process (PID=941) to work on /home/airflow/.local/lib/python3.12/site-packages/airflow/example_dags/example_display_name.py
[2024-06-29T11:16:44.891+0000] {processor.py:830} INFO - Processing file /home/airflow/.local/lib/python3.12/site-packages/airflow/example_dags/example_display_name.py for tasks to queue
[2024-06-29T11:16:44.893+0000] {logging_mixin.py:188} INFO - [2024-06-29T11:16:44.892+0000] {dagbag.py:545} INFO - Filling up the DagBag from /home/airflow/.local/lib/python3.12/site-packages/airflow/example_dags/example_display_name.py
[2024-06-29T11:16:44.896+0000] {processor.py:840} INFO - DAG(s) 'example_display_name' retrieved from /home/airflow/.local/lib/python3.12/site-packages/airflow/example_dags/example_display_name.py
[2024-06-29T11:16:44.911+0000] {logging_mixin.py:188} INFO - [2024-06-29T11:16:44.911+0000] {dag.py:3096} INFO - Sync 1 DAGs
[2024-06-29T11:16:44.917+0000] {logging_mixin.py:188} INFO - [2024-06-29T11:16:44.917+0000] {dag.py:3954} INFO - Setting next_dagrun for example_display_name to None, run_after=None
[2024-06-29T11:16:44.927+0000] {processor.py:183} INFO - Processing /home/airflow/.local/lib/python3.12/site-packages/airflow/example_dags/example_display_name.py took 0.041 seconds
[2024-06-29T11:17:15.412+0000] {processor.py:161} INFO - Started process (PID=1000) to work on /home/airflow/.local/lib/python3.12/site-packages/airflow/example_dags/example_display_name.py
[2024-06-29T11:17:15.413+0000] {processor.py:830} INFO - Processing file /home/airflow/.local/lib/python3.12/site-packages/airflow/example_dags/example_display_name.py for tasks to queue
[2024-06-29T11:17:15.414+0000] {logging_mixin.py:188} INFO - [2024-06-29T11:17:15.414+0000] {dagbag.py:545} INFO - Filling up the DagBag from /home/airflow/.local/lib/python3.12/site-packages/airflow/example_dags/example_display_name.py
[2024-06-29T11:17:15.418+0000] {processor.py:840} INFO - DAG(s) 'example_display_name' retrieved from /home/airflow/.local/lib/python3.12/site-packages/airflow/example_dags/example_display_name.py
[2024-06-29T11:17:15.432+0000] {logging_mixin.py:188} INFO - [2024-06-29T11:17:15.432+0000] {dag.py:3096} INFO - Sync 1 DAGs
[2024-06-29T11:17:15.439+0000] {logging_mixin.py:188} INFO - [2024-06-29T11:17:15.439+0000] {dag.py:3954} INFO - Setting next_dagrun for example_display_name to None, run_after=None
[2024-06-29T11:17:15.450+0000] {processor.py:183} INFO - Processing /home/airflow/.local/lib/python3.12/site-packages/airflow/example_dags/example_display_name.py took 0.041 seconds
[2024-06-29T11:17:45.834+0000] {processor.py:161} INFO - Started process (PID=1058) to work on /home/airflow/.local/lib/python3.12/site-packages/airflow/example_dags/example_display_name.py
[2024-06-29T11:17:45.834+0000] {processor.py:830} INFO - Processing file /home/airflow/.local/lib/python3.12/site-packages/airflow/example_dags/example_display_name.py for tasks to queue
[2024-06-29T11:17:45.836+0000] {logging_mixin.py:188} INFO - [2024-06-29T11:17:45.835+0000] {dagbag.py:545} INFO - Filling up the DagBag from /home/airflow/.local/lib/python3.12/site-packages/airflow/example_dags/example_display_name.py
[2024-06-29T11:17:45.840+0000] {processor.py:840} INFO - DAG(s) 'example_display_name' retrieved from /home/airflow/.local/lib/python3.12/site-packages/airflow/example_dags/example_display_name.py
[2024-06-29T11:17:45.853+0000] {logging_mixin.py:188} INFO - [2024-06-29T11:17:45.853+0000] {dag.py:3096} INFO - Sync 1 DAGs
[2024-06-29T11:17:45.859+0000] {logging_mixin.py:188} INFO - [2024-06-29T11:17:45.859+0000] {dag.py:3954} INFO - Setting next_dagrun for example_display_name to None, run_after=None
[2024-06-29T11:17:45.868+0000] {processor.py:183} INFO - Processing /home/airflow/.local/lib/python3.12/site-packages/airflow/example_dags/example_display_name.py took 0.038 seconds
[2024-06-29T11:18:16.246+0000] {processor.py:161} INFO - Started process (PID=1116) to work on /home/airflow/.local/lib/python3.12/site-packages/airflow/example_dags/example_display_name.py
[2024-06-29T11:18:16.247+0000] {processor.py:830} INFO - Processing file /home/airflow/.local/lib/python3.12/site-packages/airflow/example_dags/example_display_name.py for tasks to queue
[2024-06-29T11:18:16.248+0000] {logging_mixin.py:188} INFO - [2024-06-29T11:18:16.248+0000] {dagbag.py:545} INFO - Filling up the DagBag from /home/airflow/.local/lib/python3.12/site-packages/airflow/example_dags/example_display_name.py
[2024-06-29T11:18:16.252+0000] {processor.py:840} INFO - DAG(s) 'example_display_name' retrieved from /home/airflow/.local/lib/python3.12/site-packages/airflow/example_dags/example_display_name.py
[2024-06-29T11:18:16.270+0000] {logging_mixin.py:188} INFO - [2024-06-29T11:18:16.270+0000] {dag.py:3096} INFO - Sync 1 DAGs
[2024-06-29T11:18:16.277+0000] {logging_mixin.py:188} INFO - [2024-06-29T11:18:16.277+0000] {dag.py:3954} INFO - Setting next_dagrun for example_display_name to None, run_after=None
[2024-06-29T11:18:16.287+0000] {processor.py:183} INFO - Processing /home/airflow/.local/lib/python3.12/site-packages/airflow/example_dags/example_display_name.py took 0.044 seconds
[2024-06-29T11:18:46.313+0000] {processor.py:161} INFO - Started process (PID=1174) to work on /home/airflow/.local/lib/python3.12/site-packages/airflow/example_dags/example_display_name.py
[2024-06-29T11:18:46.314+0000] {processor.py:830} INFO - Processing file /home/airflow/.local/lib/python3.12/site-packages/airflow/example_dags/example_display_name.py for tasks to queue
[2024-06-29T11:18:46.315+0000] {logging_mixin.py:188} INFO - [2024-06-29T11:18:46.315+0000] {dagbag.py:545} INFO - Filling up the DagBag from /home/airflow/.local/lib/python3.12/site-packages/airflow/example_dags/example_display_name.py
[2024-06-29T11:18:46.319+0000] {processor.py:840} INFO - DAG(s) 'example_display_name' retrieved from /home/airflow/.local/lib/python3.12/site-packages/airflow/example_dags/example_display_name.py
[2024-06-29T11:18:46.332+0000] {logging_mixin.py:188} INFO - [2024-06-29T11:18:46.331+0000] {dag.py:3096} INFO - Sync 1 DAGs
[2024-06-29T11:18:46.337+0000] {logging_mixin.py:188} INFO - [2024-06-29T11:18:46.337+0000] {dag.py:3954} INFO - Setting next_dagrun for example_display_name to None, run_after=None
[2024-06-29T11:18:46.345+0000] {processor.py:183} INFO - Processing /home/airflow/.local/lib/python3.12/site-packages/airflow/example_dags/example_display_name.py took 0.035 seconds
[2024-06-29T11:19:16.624+0000] {processor.py:161} INFO - Started process (PID=1232) to work on /home/airflow/.local/lib/python3.12/site-packages/airflow/example_dags/example_display_name.py
[2024-06-29T11:19:16.625+0000] {processor.py:830} INFO - Processing file /home/airflow/.local/lib/python3.12/site-packages/airflow/example_dags/example_display_name.py for tasks to queue
[2024-06-29T11:19:16.626+0000] {logging_mixin.py:188} INFO - [2024-06-29T11:19:16.626+0000] {dagbag.py:545} INFO - Filling up the DagBag from /home/airflow/.local/lib/python3.12/site-packages/airflow/example_dags/example_display_name.py
[2024-06-29T11:19:16.630+0000] {processor.py:840} INFO - DAG(s) 'example_display_name' retrieved from /home/airflow/.local/lib/python3.12/site-packages/airflow/example_dags/example_display_name.py
[2024-06-29T11:19:16.643+0000] {logging_mixin.py:188} INFO - [2024-06-29T11:19:16.643+0000] {dag.py:3096} INFO - Sync 1 DAGs
[2024-06-29T11:19:16.650+0000] {logging_mixin.py:188} INFO - [2024-06-29T11:19:16.649+0000] {dag.py:3954} INFO - Setting next_dagrun for example_display_name to None, run_after=None
[2024-06-29T11:19:16.658+0000] {processor.py:183} INFO - Processing /home/airflow/.local/lib/python3.12/site-packages/airflow/example_dags/example_display_name.py took 0.037 seconds
[2024-06-29T11:19:46.961+0000] {processor.py:161} INFO - Started process (PID=1290) to work on /home/airflow/.local/lib/python3.12/site-packages/airflow/example_dags/example_display_name.py
[2024-06-29T11:19:46.961+0000] {processor.py:830} INFO - Processing file /home/airflow/.local/lib/python3.12/site-packages/airflow/example_dags/example_display_name.py for tasks to queue
[2024-06-29T11:19:46.963+0000] {logging_mixin.py:188} INFO - [2024-06-29T11:19:46.962+0000] {dagbag.py:545} INFO - Filling up the DagBag from /home/airflow/.local/lib/python3.12/site-packages/airflow/example_dags/example_display_name.py
[2024-06-29T11:19:46.966+0000] {processor.py:840} INFO - DAG(s) 'example_display_name' retrieved from /home/airflow/.local/lib/python3.12/site-packages/airflow/example_dags/example_display_name.py
[2024-06-29T11:19:46.980+0000] {logging_mixin.py:188} INFO - [2024-06-29T11:19:46.980+0000] {dag.py:3096} INFO - Sync 1 DAGs
[2024-06-29T11:19:46.987+0000] {logging_mixin.py:188} INFO - [2024-06-29T11:19:46.987+0000] {dag.py:3954} INFO - Setting next_dagrun for example_display_name to None, run_after=None
[2024-06-29T11:19:46.996+0000] {processor.py:183} INFO - Processing /home/airflow/.local/lib/python3.12/site-packages/airflow/example_dags/example_display_name.py took 0.039 seconds
[2024-06-29T11:20:17.233+0000] {processor.py:161} INFO - Started process (PID=1348) to work on /home/airflow/.local/lib/python3.12/site-packages/airflow/example_dags/example_display_name.py
[2024-06-29T11:20:17.234+0000] {processor.py:830} INFO - Processing file /home/airflow/.local/lib/python3.12/site-packages/airflow/example_dags/example_display_name.py for tasks to queue
[2024-06-29T11:20:17.235+0000] {logging_mixin.py:188} INFO - [2024-06-29T11:20:17.235+0000] {dagbag.py:545} INFO - Filling up the DagBag from /home/airflow/.local/lib/python3.12/site-packages/airflow/example_dags/example_display_name.py
[2024-06-29T11:20:17.239+0000] {processor.py:840} INFO - DAG(s) 'example_display_name' retrieved from /home/airflow/.local/lib/python3.12/site-packages/airflow/example_dags/example_display_name.py
[2024-06-29T11:20:17.253+0000] {logging_mixin.py:188} INFO - [2024-06-29T11:20:17.252+0000] {dag.py:3096} INFO - Sync 1 DAGs
[2024-06-29T11:20:17.259+0000] {logging_mixin.py:188} INFO - [2024-06-29T11:20:17.259+0000] {dag.py:3954} INFO - Setting next_dagrun for example_display_name to None, run_after=None
[2024-06-29T11:20:17.269+0000] {processor.py:183} INFO - Processing /home/airflow/.local/lib/python3.12/site-packages/airflow/example_dags/example_display_name.py took 0.039 seconds
[2024-06-29T11:20:47.401+0000] {processor.py:161} INFO - Started process (PID=1406) to work on /home/airflow/.local/lib/python3.12/site-packages/airflow/example_dags/example_display_name.py
[2024-06-29T11:20:47.402+0000] {processor.py:830} INFO - Processing file /home/airflow/.local/lib/python3.12/site-packages/airflow/example_dags/example_display_name.py for tasks to queue
[2024-06-29T11:20:47.403+0000] {logging_mixin.py:188} INFO - [2024-06-29T11:20:47.403+0000] {dagbag.py:545} INFO - Filling up the DagBag from /home/airflow/.local/lib/python3.12/site-packages/airflow/example_dags/example_display_name.py
[2024-06-29T11:20:47.408+0000] {processor.py:840} INFO - DAG(s) 'example_display_name' retrieved from /home/airflow/.local/lib/python3.12/site-packages/airflow/example_dags/example_display_name.py
[2024-06-29T11:20:47.421+0000] {logging_mixin.py:188} INFO - [2024-06-29T11:20:47.421+0000] {dag.py:3096} INFO - Sync 1 DAGs
[2024-06-29T11:20:47.428+0000] {logging_mixin.py:188} INFO - [2024-06-29T11:20:47.428+0000] {dag.py:3954} INFO - Setting next_dagrun for example_display_name to None, run_after=None
[2024-06-29T11:20:47.437+0000] {processor.py:183} INFO - Processing /home/airflow/.local/lib/python3.12/site-packages/airflow/example_dags/example_display_name.py took 0.040 seconds
[2024-06-29T11:21:17.674+0000] {processor.py:161} INFO - Started process (PID=1464) to work on /home/airflow/.local/lib/python3.12/site-packages/airflow/example_dags/example_display_name.py
[2024-06-29T11:21:17.675+0000] {processor.py:830} INFO - Processing file /home/airflow/.local/lib/python3.12/site-packages/airflow/example_dags/example_display_name.py for tasks to queue
[2024-06-29T11:21:17.676+0000] {logging_mixin.py:188} INFO - [2024-06-29T11:21:17.676+0000] {dagbag.py:545} INFO - Filling up the DagBag from /home/airflow/.local/lib/python3.12/site-packages/airflow/example_dags/example_display_name.py
[2024-06-29T11:21:17.680+0000] {processor.py:840} INFO - DAG(s) 'example_display_name' retrieved from /home/airflow/.local/lib/python3.12/site-packages/airflow/example_dags/example_display_name.py
[2024-06-29T11:21:17.694+0000] {logging_mixin.py:188} INFO - [2024-06-29T11:21:17.694+0000] {dag.py:3096} INFO - Sync 1 DAGs
[2024-06-29T11:21:17.700+0000] {logging_mixin.py:188} INFO - [2024-06-29T11:21:17.700+0000] {dag.py:3954} INFO - Setting next_dagrun for example_display_name to None, run_after=None
[2024-06-29T11:21:17.709+0000] {processor.py:183} INFO - Processing /home/airflow/.local/lib/python3.12/site-packages/airflow/example_dags/example_display_name.py took 0.038 seconds
