[2024-06-29T11:09:09.776+0000] {processor.py:161} INFO - Started process (PID=65) to work on /home/airflow/.local/lib/python3.12/site-packages/airflow/example_dags/example_short_circuit_operator.py
[2024-06-29T11:09:09.778+0000] {processor.py:830} INFO - Processing file /home/airflow/.local/lib/python3.12/site-packages/airflow/example_dags/example_short_circuit_operator.py for tasks to queue
[2024-06-29T11:09:09.783+0000] {logging_mixin.py:188} INFO - [2024-06-29T11:09:09.782+0000] {dagbag.py:545} INFO - Filling up the DagBag from /home/airflow/.local/lib/python3.12/site-packages/airflow/example_dags/example_short_circuit_operator.py
[2024-06-29T11:09:09.798+0000] {processor.py:840} INFO - DAG(s) 'example_short_circuit_operator' retrieved from /home/airflow/.local/lib/python3.12/site-packages/airflow/example_dags/example_short_circuit_operator.py
[2024-06-29T11:09:09.820+0000] {logging_mixin.py:188} INFO - [2024-06-29T11:09:09.820+0000] {dag.py:3096} INFO - Sync 1 DAGs
[2024-06-29T11:09:09.856+0000] {logging_mixin.py:188} INFO - [2024-06-29T11:09:09.856+0000] {dag.py:3954} INFO - Setting next_dagrun for example_short_circuit_operator to 2024-06-28 00:00:00+00:00, run_after=2024-06-29 00:00:00+00:00
[2024-06-29T11:09:09.887+0000] {processor.py:183} INFO - Processing /home/airflow/.local/lib/python3.12/site-packages/airflow/example_dags/example_short_circuit_operator.py took 0.136 seconds
[2024-06-29T11:09:39.991+0000] {processor.py:161} INFO - Started process (PID=123) to work on /home/airflow/.local/lib/python3.12/site-packages/airflow/example_dags/example_short_circuit_operator.py
[2024-06-29T11:09:39.991+0000] {processor.py:830} INFO - Processing file /home/airflow/.local/lib/python3.12/site-packages/airflow/example_dags/example_short_circuit_operator.py for tasks to queue
[2024-06-29T11:09:39.993+0000] {logging_mixin.py:188} INFO - [2024-06-29T11:09:39.992+0000] {dagbag.py:545} INFO - Filling up the DagBag from /home/airflow/.local/lib/python3.12/site-packages/airflow/example_dags/example_short_circuit_operator.py
[2024-06-29T11:09:39.997+0000] {processor.py:840} INFO - DAG(s) 'example_short_circuit_operator' retrieved from /home/airflow/.local/lib/python3.12/site-packages/airflow/example_dags/example_short_circuit_operator.py
[2024-06-29T11:09:40.068+0000] {logging_mixin.py:188} INFO - [2024-06-29T11:09:40.068+0000] {dag.py:3096} INFO - Sync 1 DAGs
[2024-06-29T11:09:40.077+0000] {logging_mixin.py:188} INFO - [2024-06-29T11:09:40.077+0000] {dag.py:3954} INFO - Setting next_dagrun for example_short_circuit_operator to 2024-06-28 00:00:00+00:00, run_after=2024-06-29 00:00:00+00:00
[2024-06-29T11:09:40.093+0000] {processor.py:183} INFO - Processing /home/airflow/.local/lib/python3.12/site-packages/airflow/example_dags/example_short_circuit_operator.py took 0.106 seconds
[2024-06-29T11:10:10.148+0000] {processor.py:161} INFO - Started process (PID=181) to work on /home/airflow/.local/lib/python3.12/site-packages/airflow/example_dags/example_short_circuit_operator.py
[2024-06-29T11:10:10.148+0000] {processor.py:830} INFO - Processing file /home/airflow/.local/lib/python3.12/site-packages/airflow/example_dags/example_short_circuit_operator.py for tasks to queue
[2024-06-29T11:10:10.149+0000] {logging_mixin.py:188} INFO - [2024-06-29T11:10:10.149+0000] {dagbag.py:545} INFO - Filling up the DagBag from /home/airflow/.local/lib/python3.12/site-packages/airflow/example_dags/example_short_circuit_operator.py
[2024-06-29T11:10:10.154+0000] {processor.py:840} INFO - DAG(s) 'example_short_circuit_operator' retrieved from /home/airflow/.local/lib/python3.12/site-packages/airflow/example_dags/example_short_circuit_operator.py
[2024-06-29T11:10:10.169+0000] {logging_mixin.py:188} INFO - [2024-06-29T11:10:10.169+0000] {dag.py:3096} INFO - Sync 1 DAGs
[2024-06-29T11:10:10.179+0000] {logging_mixin.py:188} INFO - [2024-06-29T11:10:10.179+0000] {dag.py:3954} INFO - Setting next_dagrun for example_short_circuit_operator to 2024-06-28 00:00:00+00:00, run_after=2024-06-29 00:00:00+00:00
[2024-06-29T11:10:10.188+0000] {processor.py:183} INFO - Processing /home/airflow/.local/lib/python3.12/site-packages/airflow/example_dags/example_short_circuit_operator.py took 0.044 seconds
[2024-06-29T11:10:40.439+0000] {processor.py:161} INFO - Started process (PID=239) to work on /home/airflow/.local/lib/python3.12/site-packages/airflow/example_dags/example_short_circuit_operator.py
[2024-06-29T11:10:40.439+0000] {processor.py:830} INFO - Processing file /home/airflow/.local/lib/python3.12/site-packages/airflow/example_dags/example_short_circuit_operator.py for tasks to queue
[2024-06-29T11:10:40.441+0000] {logging_mixin.py:188} INFO - [2024-06-29T11:10:40.440+0000] {dagbag.py:545} INFO - Filling up the DagBag from /home/airflow/.local/lib/python3.12/site-packages/airflow/example_dags/example_short_circuit_operator.py
[2024-06-29T11:10:40.446+0000] {processor.py:840} INFO - DAG(s) 'example_short_circuit_operator' retrieved from /home/airflow/.local/lib/python3.12/site-packages/airflow/example_dags/example_short_circuit_operator.py
[2024-06-29T11:10:40.461+0000] {logging_mixin.py:188} INFO - [2024-06-29T11:10:40.461+0000] {dag.py:3096} INFO - Sync 1 DAGs
[2024-06-29T11:10:40.472+0000] {logging_mixin.py:188} INFO - [2024-06-29T11:10:40.472+0000] {dag.py:3954} INFO - Setting next_dagrun for example_short_circuit_operator to 2024-06-28 00:00:00+00:00, run_after=2024-06-29 00:00:00+00:00
[2024-06-29T11:10:40.482+0000] {processor.py:183} INFO - Processing /home/airflow/.local/lib/python3.12/site-packages/airflow/example_dags/example_short_circuit_operator.py took 0.047 seconds
[2024-06-29T11:11:10.660+0000] {processor.py:161} INFO - Started process (PID=297) to work on /home/airflow/.local/lib/python3.12/site-packages/airflow/example_dags/example_short_circuit_operator.py
[2024-06-29T11:11:10.660+0000] {processor.py:830} INFO - Processing file /home/airflow/.local/lib/python3.12/site-packages/airflow/example_dags/example_short_circuit_operator.py for tasks to queue
[2024-06-29T11:11:10.662+0000] {logging_mixin.py:188} INFO - [2024-06-29T11:11:10.662+0000] {dagbag.py:545} INFO - Filling up the DagBag from /home/airflow/.local/lib/python3.12/site-packages/airflow/example_dags/example_short_circuit_operator.py
[2024-06-29T11:11:10.666+0000] {processor.py:840} INFO - DAG(s) 'example_short_circuit_operator' retrieved from /home/airflow/.local/lib/python3.12/site-packages/airflow/example_dags/example_short_circuit_operator.py
[2024-06-29T11:11:10.681+0000] {logging_mixin.py:188} INFO - [2024-06-29T11:11:10.681+0000] {dag.py:3096} INFO - Sync 1 DAGs
[2024-06-29T11:11:10.692+0000] {logging_mixin.py:188} INFO - [2024-06-29T11:11:10.692+0000] {dag.py:3954} INFO - Setting next_dagrun for example_short_circuit_operator to 2024-06-28 00:00:00+00:00, run_after=2024-06-29 00:00:00+00:00
[2024-06-29T11:11:10.701+0000] {processor.py:183} INFO - Processing /home/airflow/.local/lib/python3.12/site-packages/airflow/example_dags/example_short_circuit_operator.py took 0.045 seconds
[2024-06-29T11:11:41.653+0000] {processor.py:161} INFO - Started process (PID=355) to work on /home/airflow/.local/lib/python3.12/site-packages/airflow/example_dags/example_short_circuit_operator.py
[2024-06-29T11:11:41.653+0000] {processor.py:830} INFO - Processing file /home/airflow/.local/lib/python3.12/site-packages/airflow/example_dags/example_short_circuit_operator.py for tasks to queue
[2024-06-29T11:11:41.655+0000] {logging_mixin.py:188} INFO - [2024-06-29T11:11:41.654+0000] {dagbag.py:545} INFO - Filling up the DagBag from /home/airflow/.local/lib/python3.12/site-packages/airflow/example_dags/example_short_circuit_operator.py
[2024-06-29T11:11:41.659+0000] {processor.py:840} INFO - DAG(s) 'example_short_circuit_operator' retrieved from /home/airflow/.local/lib/python3.12/site-packages/airflow/example_dags/example_short_circuit_operator.py
[2024-06-29T11:11:41.674+0000] {logging_mixin.py:188} INFO - [2024-06-29T11:11:41.674+0000] {dag.py:3096} INFO - Sync 1 DAGs
[2024-06-29T11:11:41.685+0000] {logging_mixin.py:188} INFO - [2024-06-29T11:11:41.685+0000] {dag.py:3954} INFO - Setting next_dagrun for example_short_circuit_operator to 2024-06-28 00:00:00+00:00, run_after=2024-06-29 00:00:00+00:00
[2024-06-29T11:11:41.694+0000] {processor.py:183} INFO - Processing /home/airflow/.local/lib/python3.12/site-packages/airflow/example_dags/example_short_circuit_operator.py took 0.045 seconds
[2024-06-29T11:12:11.792+0000] {processor.py:161} INFO - Started process (PID=414) to work on /home/airflow/.local/lib/python3.12/site-packages/airflow/example_dags/example_short_circuit_operator.py
[2024-06-29T11:12:11.793+0000] {processor.py:830} INFO - Processing file /home/airflow/.local/lib/python3.12/site-packages/airflow/example_dags/example_short_circuit_operator.py for tasks to queue
[2024-06-29T11:12:11.794+0000] {logging_mixin.py:188} INFO - [2024-06-29T11:12:11.793+0000] {dagbag.py:545} INFO - Filling up the DagBag from /home/airflow/.local/lib/python3.12/site-packages/airflow/example_dags/example_short_circuit_operator.py
[2024-06-29T11:12:11.798+0000] {processor.py:840} INFO - DAG(s) 'example_short_circuit_operator' retrieved from /home/airflow/.local/lib/python3.12/site-packages/airflow/example_dags/example_short_circuit_operator.py
[2024-06-29T11:12:11.813+0000] {logging_mixin.py:188} INFO - [2024-06-29T11:12:11.813+0000] {dag.py:3096} INFO - Sync 1 DAGs
[2024-06-29T11:12:11.823+0000] {logging_mixin.py:188} INFO - [2024-06-29T11:12:11.823+0000] {dag.py:3954} INFO - Setting next_dagrun for example_short_circuit_operator to 2024-06-28 00:00:00+00:00, run_after=2024-06-29 00:00:00+00:00
[2024-06-29T11:12:11.832+0000] {processor.py:183} INFO - Processing /home/airflow/.local/lib/python3.12/site-packages/airflow/example_dags/example_short_circuit_operator.py took 0.044 seconds
[2024-06-29T11:12:41.995+0000] {processor.py:161} INFO - Started process (PID=472) to work on /home/airflow/.local/lib/python3.12/site-packages/airflow/example_dags/example_short_circuit_operator.py
[2024-06-29T11:12:41.996+0000] {processor.py:830} INFO - Processing file /home/airflow/.local/lib/python3.12/site-packages/airflow/example_dags/example_short_circuit_operator.py for tasks to queue
[2024-06-29T11:12:41.997+0000] {logging_mixin.py:188} INFO - [2024-06-29T11:12:41.997+0000] {dagbag.py:545} INFO - Filling up the DagBag from /home/airflow/.local/lib/python3.12/site-packages/airflow/example_dags/example_short_circuit_operator.py
[2024-06-29T11:12:42.001+0000] {processor.py:840} INFO - DAG(s) 'example_short_circuit_operator' retrieved from /home/airflow/.local/lib/python3.12/site-packages/airflow/example_dags/example_short_circuit_operator.py
[2024-06-29T11:12:42.016+0000] {logging_mixin.py:188} INFO - [2024-06-29T11:12:42.016+0000] {dag.py:3096} INFO - Sync 1 DAGs
[2024-06-29T11:12:42.026+0000] {logging_mixin.py:188} INFO - [2024-06-29T11:12:42.026+0000] {dag.py:3954} INFO - Setting next_dagrun for example_short_circuit_operator to 2024-06-28 00:00:00+00:00, run_after=2024-06-29 00:00:00+00:00
[2024-06-29T11:12:42.034+0000] {processor.py:183} INFO - Processing /home/airflow/.local/lib/python3.12/site-packages/airflow/example_dags/example_short_circuit_operator.py took 0.042 seconds
[2024-06-29T11:13:12.156+0000] {processor.py:161} INFO - Started process (PID=530) to work on /home/airflow/.local/lib/python3.12/site-packages/airflow/example_dags/example_short_circuit_operator.py
[2024-06-29T11:13:12.156+0000] {processor.py:830} INFO - Processing file /home/airflow/.local/lib/python3.12/site-packages/airflow/example_dags/example_short_circuit_operator.py for tasks to queue
[2024-06-29T11:13:12.158+0000] {logging_mixin.py:188} INFO - [2024-06-29T11:13:12.157+0000] {dagbag.py:545} INFO - Filling up the DagBag from /home/airflow/.local/lib/python3.12/site-packages/airflow/example_dags/example_short_circuit_operator.py
[2024-06-29T11:13:12.162+0000] {processor.py:840} INFO - DAG(s) 'example_short_circuit_operator' retrieved from /home/airflow/.local/lib/python3.12/site-packages/airflow/example_dags/example_short_circuit_operator.py
[2024-06-29T11:13:12.178+0000] {logging_mixin.py:188} INFO - [2024-06-29T11:13:12.178+0000] {dag.py:3096} INFO - Sync 1 DAGs
[2024-06-29T11:13:12.189+0000] {logging_mixin.py:188} INFO - [2024-06-29T11:13:12.189+0000] {dag.py:3954} INFO - Setting next_dagrun for example_short_circuit_operator to 2024-06-28 00:00:00+00:00, run_after=2024-06-29 00:00:00+00:00
[2024-06-29T11:13:12.198+0000] {processor.py:183} INFO - Processing /home/airflow/.local/lib/python3.12/site-packages/airflow/example_dags/example_short_circuit_operator.py took 0.046 seconds
[2024-06-29T11:13:42.290+0000] {processor.py:161} INFO - Started process (PID=589) to work on /home/airflow/.local/lib/python3.12/site-packages/airflow/example_dags/example_short_circuit_operator.py
[2024-06-29T11:13:42.291+0000] {processor.py:830} INFO - Processing file /home/airflow/.local/lib/python3.12/site-packages/airflow/example_dags/example_short_circuit_operator.py for tasks to queue
[2024-06-29T11:13:42.292+0000] {logging_mixin.py:188} INFO - [2024-06-29T11:13:42.292+0000] {dagbag.py:545} INFO - Filling up the DagBag from /home/airflow/.local/lib/python3.12/site-packages/airflow/example_dags/example_short_circuit_operator.py
[2024-06-29T11:13:42.296+0000] {processor.py:840} INFO - DAG(s) 'example_short_circuit_operator' retrieved from /home/airflow/.local/lib/python3.12/site-packages/airflow/example_dags/example_short_circuit_operator.py
[2024-06-29T11:13:42.311+0000] {logging_mixin.py:188} INFO - [2024-06-29T11:13:42.311+0000] {dag.py:3096} INFO - Sync 1 DAGs
[2024-06-29T11:13:42.322+0000] {logging_mixin.py:188} INFO - [2024-06-29T11:13:42.322+0000] {dag.py:3954} INFO - Setting next_dagrun for example_short_circuit_operator to 2024-06-28 00:00:00+00:00, run_after=2024-06-29 00:00:00+00:00
[2024-06-29T11:13:42.330+0000] {processor.py:183} INFO - Processing /home/airflow/.local/lib/python3.12/site-packages/airflow/example_dags/example_short_circuit_operator.py took 0.044 seconds
[2024-06-29T11:14:12.380+0000] {processor.py:161} INFO - Started process (PID=647) to work on /home/airflow/.local/lib/python3.12/site-packages/airflow/example_dags/example_short_circuit_operator.py
[2024-06-29T11:14:12.381+0000] {processor.py:830} INFO - Processing file /home/airflow/.local/lib/python3.12/site-packages/airflow/example_dags/example_short_circuit_operator.py for tasks to queue
[2024-06-29T11:14:12.382+0000] {logging_mixin.py:188} INFO - [2024-06-29T11:14:12.382+0000] {dagbag.py:545} INFO - Filling up the DagBag from /home/airflow/.local/lib/python3.12/site-packages/airflow/example_dags/example_short_circuit_operator.py
[2024-06-29T11:14:12.386+0000] {processor.py:840} INFO - DAG(s) 'example_short_circuit_operator' retrieved from /home/airflow/.local/lib/python3.12/site-packages/airflow/example_dags/example_short_circuit_operator.py
[2024-06-29T11:14:12.401+0000] {logging_mixin.py:188} INFO - [2024-06-29T11:14:12.401+0000] {dag.py:3096} INFO - Sync 1 DAGs
[2024-06-29T11:14:12.412+0000] {logging_mixin.py:188} INFO - [2024-06-29T11:14:12.412+0000] {dag.py:3954} INFO - Setting next_dagrun for example_short_circuit_operator to 2024-06-28 00:00:00+00:00, run_after=2024-06-29 00:00:00+00:00
[2024-06-29T11:14:12.422+0000] {processor.py:183} INFO - Processing /home/airflow/.local/lib/python3.12/site-packages/airflow/example_dags/example_short_circuit_operator.py took 0.045 seconds
[2024-06-29T11:14:42.868+0000] {processor.py:161} INFO - Started process (PID=705) to work on /home/airflow/.local/lib/python3.12/site-packages/airflow/example_dags/example_short_circuit_operator.py
[2024-06-29T11:14:42.868+0000] {processor.py:830} INFO - Processing file /home/airflow/.local/lib/python3.12/site-packages/airflow/example_dags/example_short_circuit_operator.py for tasks to queue
[2024-06-29T11:14:42.870+0000] {logging_mixin.py:188} INFO - [2024-06-29T11:14:42.869+0000] {dagbag.py:545} INFO - Filling up the DagBag from /home/airflow/.local/lib/python3.12/site-packages/airflow/example_dags/example_short_circuit_operator.py
[2024-06-29T11:14:42.875+0000] {processor.py:840} INFO - DAG(s) 'example_short_circuit_operator' retrieved from /home/airflow/.local/lib/python3.12/site-packages/airflow/example_dags/example_short_circuit_operator.py
[2024-06-29T11:14:42.892+0000] {logging_mixin.py:188} INFO - [2024-06-29T11:14:42.892+0000] {dag.py:3096} INFO - Sync 1 DAGs
[2024-06-29T11:14:42.908+0000] {logging_mixin.py:188} INFO - [2024-06-29T11:14:42.908+0000] {dag.py:3954} INFO - Setting next_dagrun for example_short_circuit_operator to 2024-06-28 00:00:00+00:00, run_after=2024-06-29 00:00:00+00:00
[2024-06-29T11:14:42.920+0000] {processor.py:183} INFO - Processing /home/airflow/.local/lib/python3.12/site-packages/airflow/example_dags/example_short_circuit_operator.py took 0.057 seconds
[2024-06-29T11:15:13.985+0000] {processor.py:161} INFO - Started process (PID=763) to work on /home/airflow/.local/lib/python3.12/site-packages/airflow/example_dags/example_short_circuit_operator.py
[2024-06-29T11:15:13.986+0000] {processor.py:830} INFO - Processing file /home/airflow/.local/lib/python3.12/site-packages/airflow/example_dags/example_short_circuit_operator.py for tasks to queue
[2024-06-29T11:15:13.987+0000] {logging_mixin.py:188} INFO - [2024-06-29T11:15:13.987+0000] {dagbag.py:545} INFO - Filling up the DagBag from /home/airflow/.local/lib/python3.12/site-packages/airflow/example_dags/example_short_circuit_operator.py
[2024-06-29T11:15:13.992+0000] {processor.py:840} INFO - DAG(s) 'example_short_circuit_operator' retrieved from /home/airflow/.local/lib/python3.12/site-packages/airflow/example_dags/example_short_circuit_operator.py
[2024-06-29T11:15:14.008+0000] {logging_mixin.py:188} INFO - [2024-06-29T11:15:14.008+0000] {dag.py:3096} INFO - Sync 1 DAGs
[2024-06-29T11:15:14.020+0000] {logging_mixin.py:188} INFO - [2024-06-29T11:15:14.020+0000] {dag.py:3954} INFO - Setting next_dagrun for example_short_circuit_operator to 2024-06-28 00:00:00+00:00, run_after=2024-06-29 00:00:00+00:00
[2024-06-29T11:15:14.030+0000] {processor.py:183} INFO - Processing /home/airflow/.local/lib/python3.12/site-packages/airflow/example_dags/example_short_circuit_operator.py took 0.049 seconds
[2024-06-29T11:15:44.349+0000] {processor.py:161} INFO - Started process (PID=820) to work on /home/airflow/.local/lib/python3.12/site-packages/airflow/example_dags/example_short_circuit_operator.py
[2024-06-29T11:15:44.350+0000] {processor.py:830} INFO - Processing file /home/airflow/.local/lib/python3.12/site-packages/airflow/example_dags/example_short_circuit_operator.py for tasks to queue
[2024-06-29T11:15:44.351+0000] {logging_mixin.py:188} INFO - [2024-06-29T11:15:44.351+0000] {dagbag.py:545} INFO - Filling up the DagBag from /home/airflow/.local/lib/python3.12/site-packages/airflow/example_dags/example_short_circuit_operator.py
[2024-06-29T11:15:44.355+0000] {processor.py:840} INFO - DAG(s) 'example_short_circuit_operator' retrieved from /home/airflow/.local/lib/python3.12/site-packages/airflow/example_dags/example_short_circuit_operator.py
[2024-06-29T11:15:44.373+0000] {logging_mixin.py:188} INFO - [2024-06-29T11:15:44.372+0000] {dag.py:3096} INFO - Sync 1 DAGs
[2024-06-29T11:15:44.385+0000] {logging_mixin.py:188} INFO - [2024-06-29T11:15:44.385+0000] {dag.py:3954} INFO - Setting next_dagrun for example_short_circuit_operator to 2024-06-28 00:00:00+00:00, run_after=2024-06-29 00:00:00+00:00
[2024-06-29T11:15:44.394+0000] {processor.py:183} INFO - Processing /home/airflow/.local/lib/python3.12/site-packages/airflow/example_dags/example_short_circuit_operator.py took 0.049 seconds
[2024-06-29T11:16:14.429+0000] {processor.py:161} INFO - Started process (PID=877) to work on /home/airflow/.local/lib/python3.12/site-packages/airflow/example_dags/example_short_circuit_operator.py
[2024-06-29T11:16:14.429+0000] {processor.py:830} INFO - Processing file /home/airflow/.local/lib/python3.12/site-packages/airflow/example_dags/example_short_circuit_operator.py for tasks to queue
[2024-06-29T11:16:14.430+0000] {logging_mixin.py:188} INFO - [2024-06-29T11:16:14.430+0000] {dagbag.py:545} INFO - Filling up the DagBag from /home/airflow/.local/lib/python3.12/site-packages/airflow/example_dags/example_short_circuit_operator.py
[2024-06-29T11:16:14.434+0000] {processor.py:840} INFO - DAG(s) 'example_short_circuit_operator' retrieved from /home/airflow/.local/lib/python3.12/site-packages/airflow/example_dags/example_short_circuit_operator.py
[2024-06-29T11:16:14.450+0000] {logging_mixin.py:188} INFO - [2024-06-29T11:16:14.450+0000] {dag.py:3096} INFO - Sync 1 DAGs
[2024-06-29T11:16:14.461+0000] {logging_mixin.py:188} INFO - [2024-06-29T11:16:14.461+0000] {dag.py:3954} INFO - Setting next_dagrun for example_short_circuit_operator to 2024-06-28 00:00:00+00:00, run_after=2024-06-29 00:00:00+00:00
[2024-06-29T11:16:14.471+0000] {processor.py:183} INFO - Processing /home/airflow/.local/lib/python3.12/site-packages/airflow/example_dags/example_short_circuit_operator.py took 0.046 seconds
[2024-06-29T11:16:44.715+0000] {processor.py:161} INFO - Started process (PID=935) to work on /home/airflow/.local/lib/python3.12/site-packages/airflow/example_dags/example_short_circuit_operator.py
[2024-06-29T11:16:44.716+0000] {processor.py:830} INFO - Processing file /home/airflow/.local/lib/python3.12/site-packages/airflow/example_dags/example_short_circuit_operator.py for tasks to queue
[2024-06-29T11:16:44.717+0000] {logging_mixin.py:188} INFO - [2024-06-29T11:16:44.716+0000] {dagbag.py:545} INFO - Filling up the DagBag from /home/airflow/.local/lib/python3.12/site-packages/airflow/example_dags/example_short_circuit_operator.py
[2024-06-29T11:16:44.722+0000] {processor.py:840} INFO - DAG(s) 'example_short_circuit_operator' retrieved from /home/airflow/.local/lib/python3.12/site-packages/airflow/example_dags/example_short_circuit_operator.py
[2024-06-29T11:16:44.740+0000] {logging_mixin.py:188} INFO - [2024-06-29T11:16:44.740+0000] {dag.py:3096} INFO - Sync 1 DAGs
[2024-06-29T11:16:44.752+0000] {logging_mixin.py:188} INFO - [2024-06-29T11:16:44.752+0000] {dag.py:3954} INFO - Setting next_dagrun for example_short_circuit_operator to 2024-06-28 00:00:00+00:00, run_after=2024-06-29 00:00:00+00:00
[2024-06-29T11:16:44.761+0000] {processor.py:183} INFO - Processing /home/airflow/.local/lib/python3.12/site-packages/airflow/example_dags/example_short_circuit_operator.py took 0.050 seconds
[2024-06-29T11:17:15.241+0000] {processor.py:161} INFO - Started process (PID=994) to work on /home/airflow/.local/lib/python3.12/site-packages/airflow/example_dags/example_short_circuit_operator.py
[2024-06-29T11:17:15.241+0000] {processor.py:830} INFO - Processing file /home/airflow/.local/lib/python3.12/site-packages/airflow/example_dags/example_short_circuit_operator.py for tasks to queue
[2024-06-29T11:17:15.242+0000] {logging_mixin.py:188} INFO - [2024-06-29T11:17:15.242+0000] {dagbag.py:545} INFO - Filling up the DagBag from /home/airflow/.local/lib/python3.12/site-packages/airflow/example_dags/example_short_circuit_operator.py
[2024-06-29T11:17:15.247+0000] {processor.py:840} INFO - DAG(s) 'example_short_circuit_operator' retrieved from /home/airflow/.local/lib/python3.12/site-packages/airflow/example_dags/example_short_circuit_operator.py
[2024-06-29T11:17:15.263+0000] {logging_mixin.py:188} INFO - [2024-06-29T11:17:15.262+0000] {dag.py:3096} INFO - Sync 1 DAGs
[2024-06-29T11:17:15.275+0000] {logging_mixin.py:188} INFO - [2024-06-29T11:17:15.275+0000] {dag.py:3954} INFO - Setting next_dagrun for example_short_circuit_operator to 2024-06-28 00:00:00+00:00, run_after=2024-06-29 00:00:00+00:00
[2024-06-29T11:17:15.284+0000] {processor.py:183} INFO - Processing /home/airflow/.local/lib/python3.12/site-packages/airflow/example_dags/example_short_circuit_operator.py took 0.047 seconds
[2024-06-29T11:17:45.618+0000] {processor.py:161} INFO - Started process (PID=1052) to work on /home/airflow/.local/lib/python3.12/site-packages/airflow/example_dags/example_short_circuit_operator.py
[2024-06-29T11:17:45.619+0000] {processor.py:830} INFO - Processing file /home/airflow/.local/lib/python3.12/site-packages/airflow/example_dags/example_short_circuit_operator.py for tasks to queue
[2024-06-29T11:17:45.620+0000] {logging_mixin.py:188} INFO - [2024-06-29T11:17:45.620+0000] {dagbag.py:545} INFO - Filling up the DagBag from /home/airflow/.local/lib/python3.12/site-packages/airflow/example_dags/example_short_circuit_operator.py
[2024-06-29T11:17:45.625+0000] {processor.py:840} INFO - DAG(s) 'example_short_circuit_operator' retrieved from /home/airflow/.local/lib/python3.12/site-packages/airflow/example_dags/example_short_circuit_operator.py
[2024-06-29T11:17:45.640+0000] {logging_mixin.py:188} INFO - [2024-06-29T11:17:45.640+0000] {dag.py:3096} INFO - Sync 1 DAGs
[2024-06-29T11:17:45.653+0000] {logging_mixin.py:188} INFO - [2024-06-29T11:17:45.653+0000] {dag.py:3954} INFO - Setting next_dagrun for example_short_circuit_operator to 2024-06-28 00:00:00+00:00, run_after=2024-06-29 00:00:00+00:00
[2024-06-29T11:17:45.663+0000] {processor.py:183} INFO - Processing /home/airflow/.local/lib/python3.12/site-packages/airflow/example_dags/example_short_circuit_operator.py took 0.048 seconds
[2024-06-29T11:18:16.028+0000] {processor.py:161} INFO - Started process (PID=1110) to work on /home/airflow/.local/lib/python3.12/site-packages/airflow/example_dags/example_short_circuit_operator.py
[2024-06-29T11:18:16.029+0000] {processor.py:830} INFO - Processing file /home/airflow/.local/lib/python3.12/site-packages/airflow/example_dags/example_short_circuit_operator.py for tasks to queue
[2024-06-29T11:18:16.030+0000] {logging_mixin.py:188} INFO - [2024-06-29T11:18:16.030+0000] {dagbag.py:545} INFO - Filling up the DagBag from /home/airflow/.local/lib/python3.12/site-packages/airflow/example_dags/example_short_circuit_operator.py
[2024-06-29T11:18:16.035+0000] {processor.py:840} INFO - DAG(s) 'example_short_circuit_operator' retrieved from /home/airflow/.local/lib/python3.12/site-packages/airflow/example_dags/example_short_circuit_operator.py
[2024-06-29T11:18:16.050+0000] {logging_mixin.py:188} INFO - [2024-06-29T11:18:16.050+0000] {dag.py:3096} INFO - Sync 1 DAGs
[2024-06-29T11:18:16.060+0000] {logging_mixin.py:188} INFO - [2024-06-29T11:18:16.060+0000] {dag.py:3954} INFO - Setting next_dagrun for example_short_circuit_operator to 2024-06-28 00:00:00+00:00, run_after=2024-06-29 00:00:00+00:00
[2024-06-29T11:18:16.068+0000] {processor.py:183} INFO - Processing /home/airflow/.local/lib/python3.12/site-packages/airflow/example_dags/example_short_circuit_operator.py took 0.044 seconds
[2024-06-29T11:18:46.102+0000] {processor.py:161} INFO - Started process (PID=1168) to work on /home/airflow/.local/lib/python3.12/site-packages/airflow/example_dags/example_short_circuit_operator.py
[2024-06-29T11:18:46.102+0000] {processor.py:830} INFO - Processing file /home/airflow/.local/lib/python3.12/site-packages/airflow/example_dags/example_short_circuit_operator.py for tasks to queue
[2024-06-29T11:18:46.103+0000] {logging_mixin.py:188} INFO - [2024-06-29T11:18:46.103+0000] {dagbag.py:545} INFO - Filling up the DagBag from /home/airflow/.local/lib/python3.12/site-packages/airflow/example_dags/example_short_circuit_operator.py
[2024-06-29T11:18:46.107+0000] {processor.py:840} INFO - DAG(s) 'example_short_circuit_operator' retrieved from /home/airflow/.local/lib/python3.12/site-packages/airflow/example_dags/example_short_circuit_operator.py
[2024-06-29T11:18:46.121+0000] {logging_mixin.py:188} INFO - [2024-06-29T11:18:46.121+0000] {dag.py:3096} INFO - Sync 1 DAGs
[2024-06-29T11:18:46.131+0000] {logging_mixin.py:188} INFO - [2024-06-29T11:18:46.131+0000] {dag.py:3954} INFO - Setting next_dagrun for example_short_circuit_operator to 2024-06-28 00:00:00+00:00, run_after=2024-06-29 00:00:00+00:00
[2024-06-29T11:18:46.140+0000] {processor.py:183} INFO - Processing /home/airflow/.local/lib/python3.12/site-packages/airflow/example_dags/example_short_circuit_operator.py took 0.041 seconds
[2024-06-29T11:19:16.460+0000] {processor.py:161} INFO - Started process (PID=1226) to work on /home/airflow/.local/lib/python3.12/site-packages/airflow/example_dags/example_short_circuit_operator.py
[2024-06-29T11:19:16.460+0000] {processor.py:830} INFO - Processing file /home/airflow/.local/lib/python3.12/site-packages/airflow/example_dags/example_short_circuit_operator.py for tasks to queue
[2024-06-29T11:19:16.462+0000] {logging_mixin.py:188} INFO - [2024-06-29T11:19:16.461+0000] {dagbag.py:545} INFO - Filling up the DagBag from /home/airflow/.local/lib/python3.12/site-packages/airflow/example_dags/example_short_circuit_operator.py
[2024-06-29T11:19:16.466+0000] {processor.py:840} INFO - DAG(s) 'example_short_circuit_operator' retrieved from /home/airflow/.local/lib/python3.12/site-packages/airflow/example_dags/example_short_circuit_operator.py
[2024-06-29T11:19:16.480+0000] {logging_mixin.py:188} INFO - [2024-06-29T11:19:16.480+0000] {dag.py:3096} INFO - Sync 1 DAGs
[2024-06-29T11:19:16.490+0000] {logging_mixin.py:188} INFO - [2024-06-29T11:19:16.490+0000] {dag.py:3954} INFO - Setting next_dagrun for example_short_circuit_operator to 2024-06-28 00:00:00+00:00, run_after=2024-06-29 00:00:00+00:00
[2024-06-29T11:19:16.499+0000] {processor.py:183} INFO - Processing /home/airflow/.local/lib/python3.12/site-packages/airflow/example_dags/example_short_circuit_operator.py took 0.042 seconds
[2024-06-29T11:19:46.787+0000] {processor.py:161} INFO - Started process (PID=1284) to work on /home/airflow/.local/lib/python3.12/site-packages/airflow/example_dags/example_short_circuit_operator.py
[2024-06-29T11:19:46.788+0000] {processor.py:830} INFO - Processing file /home/airflow/.local/lib/python3.12/site-packages/airflow/example_dags/example_short_circuit_operator.py for tasks to queue
[2024-06-29T11:19:46.789+0000] {logging_mixin.py:188} INFO - [2024-06-29T11:19:46.789+0000] {dagbag.py:545} INFO - Filling up the DagBag from /home/airflow/.local/lib/python3.12/site-packages/airflow/example_dags/example_short_circuit_operator.py
[2024-06-29T11:19:46.793+0000] {processor.py:840} INFO - DAG(s) 'example_short_circuit_operator' retrieved from /home/airflow/.local/lib/python3.12/site-packages/airflow/example_dags/example_short_circuit_operator.py
[2024-06-29T11:19:46.809+0000] {logging_mixin.py:188} INFO - [2024-06-29T11:19:46.809+0000] {dag.py:3096} INFO - Sync 1 DAGs
[2024-06-29T11:19:46.820+0000] {logging_mixin.py:188} INFO - [2024-06-29T11:19:46.820+0000] {dag.py:3954} INFO - Setting next_dagrun for example_short_circuit_operator to 2024-06-28 00:00:00+00:00, run_after=2024-06-29 00:00:00+00:00
[2024-06-29T11:19:46.830+0000] {processor.py:183} INFO - Processing /home/airflow/.local/lib/python3.12/site-packages/airflow/example_dags/example_short_circuit_operator.py took 0.046 seconds
[2024-06-29T11:20:17.051+0000] {processor.py:161} INFO - Started process (PID=1342) to work on /home/airflow/.local/lib/python3.12/site-packages/airflow/example_dags/example_short_circuit_operator.py
[2024-06-29T11:20:17.052+0000] {processor.py:830} INFO - Processing file /home/airflow/.local/lib/python3.12/site-packages/airflow/example_dags/example_short_circuit_operator.py for tasks to queue
[2024-06-29T11:20:17.053+0000] {logging_mixin.py:188} INFO - [2024-06-29T11:20:17.053+0000] {dagbag.py:545} INFO - Filling up the DagBag from /home/airflow/.local/lib/python3.12/site-packages/airflow/example_dags/example_short_circuit_operator.py
[2024-06-29T11:20:17.057+0000] {processor.py:840} INFO - DAG(s) 'example_short_circuit_operator' retrieved from /home/airflow/.local/lib/python3.12/site-packages/airflow/example_dags/example_short_circuit_operator.py
[2024-06-29T11:20:17.074+0000] {logging_mixin.py:188} INFO - [2024-06-29T11:20:17.074+0000] {dag.py:3096} INFO - Sync 1 DAGs
[2024-06-29T11:20:17.088+0000] {logging_mixin.py:188} INFO - [2024-06-29T11:20:17.087+0000] {dag.py:3954} INFO - Setting next_dagrun for example_short_circuit_operator to 2024-06-28 00:00:00+00:00, run_after=2024-06-29 00:00:00+00:00
[2024-06-29T11:20:17.097+0000] {processor.py:183} INFO - Processing /home/airflow/.local/lib/python3.12/site-packages/airflow/example_dags/example_short_circuit_operator.py took 0.050 seconds
[2024-06-29T11:20:47.231+0000] {processor.py:161} INFO - Started process (PID=1400) to work on /home/airflow/.local/lib/python3.12/site-packages/airflow/example_dags/example_short_circuit_operator.py
[2024-06-29T11:20:47.232+0000] {processor.py:830} INFO - Processing file /home/airflow/.local/lib/python3.12/site-packages/airflow/example_dags/example_short_circuit_operator.py for tasks to queue
[2024-06-29T11:20:47.233+0000] {logging_mixin.py:188} INFO - [2024-06-29T11:20:47.233+0000] {dagbag.py:545} INFO - Filling up the DagBag from /home/airflow/.local/lib/python3.12/site-packages/airflow/example_dags/example_short_circuit_operator.py
[2024-06-29T11:20:47.238+0000] {processor.py:840} INFO - DAG(s) 'example_short_circuit_operator' retrieved from /home/airflow/.local/lib/python3.12/site-packages/airflow/example_dags/example_short_circuit_operator.py
[2024-06-29T11:20:47.253+0000] {logging_mixin.py:188} INFO - [2024-06-29T11:20:47.253+0000] {dag.py:3096} INFO - Sync 1 DAGs
[2024-06-29T11:20:47.265+0000] {logging_mixin.py:188} INFO - [2024-06-29T11:20:47.265+0000] {dag.py:3954} INFO - Setting next_dagrun for example_short_circuit_operator to 2024-06-28 00:00:00+00:00, run_after=2024-06-29 00:00:00+00:00
[2024-06-29T11:20:47.274+0000] {processor.py:183} INFO - Processing /home/airflow/.local/lib/python3.12/site-packages/airflow/example_dags/example_short_circuit_operator.py took 0.046 seconds
[2024-06-29T11:21:17.499+0000] {processor.py:161} INFO - Started process (PID=1458) to work on /home/airflow/.local/lib/python3.12/site-packages/airflow/example_dags/example_short_circuit_operator.py
[2024-06-29T11:21:17.499+0000] {processor.py:830} INFO - Processing file /home/airflow/.local/lib/python3.12/site-packages/airflow/example_dags/example_short_circuit_operator.py for tasks to queue
[2024-06-29T11:21:17.501+0000] {logging_mixin.py:188} INFO - [2024-06-29T11:21:17.501+0000] {dagbag.py:545} INFO - Filling up the DagBag from /home/airflow/.local/lib/python3.12/site-packages/airflow/example_dags/example_short_circuit_operator.py
[2024-06-29T11:21:17.505+0000] {processor.py:840} INFO - DAG(s) 'example_short_circuit_operator' retrieved from /home/airflow/.local/lib/python3.12/site-packages/airflow/example_dags/example_short_circuit_operator.py
[2024-06-29T11:21:17.521+0000] {logging_mixin.py:188} INFO - [2024-06-29T11:21:17.521+0000] {dag.py:3096} INFO - Sync 1 DAGs
[2024-06-29T11:21:17.532+0000] {logging_mixin.py:188} INFO - [2024-06-29T11:21:17.532+0000] {dag.py:3954} INFO - Setting next_dagrun for example_short_circuit_operator to 2024-06-28 00:00:00+00:00, run_after=2024-06-29 00:00:00+00:00
[2024-06-29T11:21:17.541+0000] {processor.py:183} INFO - Processing /home/airflow/.local/lib/python3.12/site-packages/airflow/example_dags/example_short_circuit_operator.py took 0.046 seconds
