[2024-06-29T11:09:08.410+0000] {processor.py:161} INFO - Started process (PID=47) to work on /home/airflow/.local/lib/python3.12/site-packages/airflow/example_dags/example_external_task_marker_dag.py
[2024-06-29T11:09:08.411+0000] {processor.py:830} INFO - Processing file /home/airflow/.local/lib/python3.12/site-packages/airflow/example_dags/example_external_task_marker_dag.py for tasks to queue
[2024-06-29T11:09:08.413+0000] {logging_mixin.py:188} INFO - [2024-06-29T11:09:08.413+0000] {dagbag.py:545} INFO - Filling up the DagBag from /home/airflow/.local/lib/python3.12/site-packages/airflow/example_dags/example_external_task_marker_dag.py
[2024-06-29T11:09:08.420+0000] {processor.py:840} INFO - DAG(s) 'example_external_task_marker_child', 'example_external_task_marker_parent' retrieved from /home/airflow/.local/lib/python3.12/site-packages/airflow/example_dags/example_external_task_marker_dag.py
[2024-06-29T11:09:08.432+0000] {logging_mixin.py:188} INFO - [2024-06-29T11:09:08.432+0000] {dag.py:3096} INFO - Sync 2 DAGs
[2024-06-29T11:09:08.442+0000] {logging_mixin.py:188} INFO - [2024-06-29T11:09:08.442+0000] {dag.py:3954} INFO - Setting next_dagrun for example_external_task_marker_child to None, run_after=None
[2024-06-29T11:09:08.445+0000] {logging_mixin.py:188} INFO - [2024-06-29T11:09:08.445+0000] {dag.py:3954} INFO - Setting next_dagrun for example_external_task_marker_parent to None, run_after=None
[2024-06-29T11:09:08.456+0000] {processor.py:183} INFO - Processing /home/airflow/.local/lib/python3.12/site-packages/airflow/example_dags/example_external_task_marker_dag.py took 0.053 seconds
[2024-06-29T11:09:38.885+0000] {processor.py:161} INFO - Started process (PID=105) to work on /home/airflow/.local/lib/python3.12/site-packages/airflow/example_dags/example_external_task_marker_dag.py
[2024-06-29T11:09:38.885+0000] {processor.py:830} INFO - Processing file /home/airflow/.local/lib/python3.12/site-packages/airflow/example_dags/example_external_task_marker_dag.py for tasks to queue
[2024-06-29T11:09:38.887+0000] {logging_mixin.py:188} INFO - [2024-06-29T11:09:38.887+0000] {dagbag.py:545} INFO - Filling up the DagBag from /home/airflow/.local/lib/python3.12/site-packages/airflow/example_dags/example_external_task_marker_dag.py
[2024-06-29T11:09:38.891+0000] {processor.py:840} INFO - DAG(s) 'example_external_task_marker_child', 'example_external_task_marker_parent' retrieved from /home/airflow/.local/lib/python3.12/site-packages/airflow/example_dags/example_external_task_marker_dag.py
[2024-06-29T11:09:38.948+0000] {logging_mixin.py:188} INFO - [2024-06-29T11:09:38.947+0000] {dag.py:3096} INFO - Sync 2 DAGs
[2024-06-29T11:09:38.953+0000] {logging_mixin.py:188} INFO - [2024-06-29T11:09:38.953+0000] {dag.py:3954} INFO - Setting next_dagrun for example_external_task_marker_child to None, run_after=None
[2024-06-29T11:09:38.954+0000] {logging_mixin.py:188} INFO - [2024-06-29T11:09:38.954+0000] {dag.py:3954} INFO - Setting next_dagrun for example_external_task_marker_parent to None, run_after=None
[2024-06-29T11:09:38.963+0000] {processor.py:183} INFO - Processing /home/airflow/.local/lib/python3.12/site-packages/airflow/example_dags/example_external_task_marker_dag.py took 0.082 seconds
[2024-06-29T11:10:09.644+0000] {processor.py:161} INFO - Started process (PID=163) to work on /home/airflow/.local/lib/python3.12/site-packages/airflow/example_dags/example_external_task_marker_dag.py
[2024-06-29T11:10:09.644+0000] {processor.py:830} INFO - Processing file /home/airflow/.local/lib/python3.12/site-packages/airflow/example_dags/example_external_task_marker_dag.py for tasks to queue
[2024-06-29T11:10:09.646+0000] {logging_mixin.py:188} INFO - [2024-06-29T11:10:09.645+0000] {dagbag.py:545} INFO - Filling up the DagBag from /home/airflow/.local/lib/python3.12/site-packages/airflow/example_dags/example_external_task_marker_dag.py
[2024-06-29T11:10:09.649+0000] {processor.py:840} INFO - DAG(s) 'example_external_task_marker_child', 'example_external_task_marker_parent' retrieved from /home/airflow/.local/lib/python3.12/site-packages/airflow/example_dags/example_external_task_marker_dag.py
[2024-06-29T11:10:09.665+0000] {logging_mixin.py:188} INFO - [2024-06-29T11:10:09.664+0000] {dag.py:3096} INFO - Sync 2 DAGs
[2024-06-29T11:10:09.672+0000] {logging_mixin.py:188} INFO - [2024-06-29T11:10:09.672+0000] {dag.py:3954} INFO - Setting next_dagrun for example_external_task_marker_child to None, run_after=None
[2024-06-29T11:10:09.674+0000] {logging_mixin.py:188} INFO - [2024-06-29T11:10:09.674+0000] {dag.py:3954} INFO - Setting next_dagrun for example_external_task_marker_parent to None, run_after=None
[2024-06-29T11:10:09.682+0000] {processor.py:183} INFO - Processing /home/airflow/.local/lib/python3.12/site-packages/airflow/example_dags/example_external_task_marker_dag.py took 0.042 seconds
[2024-06-29T11:10:39.924+0000] {processor.py:161} INFO - Started process (PID=221) to work on /home/airflow/.local/lib/python3.12/site-packages/airflow/example_dags/example_external_task_marker_dag.py
[2024-06-29T11:10:39.925+0000] {processor.py:830} INFO - Processing file /home/airflow/.local/lib/python3.12/site-packages/airflow/example_dags/example_external_task_marker_dag.py for tasks to queue
[2024-06-29T11:10:39.926+0000] {logging_mixin.py:188} INFO - [2024-06-29T11:10:39.926+0000] {dagbag.py:545} INFO - Filling up the DagBag from /home/airflow/.local/lib/python3.12/site-packages/airflow/example_dags/example_external_task_marker_dag.py
[2024-06-29T11:10:39.930+0000] {processor.py:840} INFO - DAG(s) 'example_external_task_marker_parent', 'example_external_task_marker_child' retrieved from /home/airflow/.local/lib/python3.12/site-packages/airflow/example_dags/example_external_task_marker_dag.py
[2024-06-29T11:10:39.946+0000] {logging_mixin.py:188} INFO - [2024-06-29T11:10:39.946+0000] {dag.py:3096} INFO - Sync 2 DAGs
[2024-06-29T11:10:39.953+0000] {logging_mixin.py:188} INFO - [2024-06-29T11:10:39.952+0000] {dag.py:3954} INFO - Setting next_dagrun for example_external_task_marker_child to None, run_after=None
[2024-06-29T11:10:39.955+0000] {logging_mixin.py:188} INFO - [2024-06-29T11:10:39.955+0000] {dag.py:3954} INFO - Setting next_dagrun for example_external_task_marker_parent to None, run_after=None
[2024-06-29T11:10:39.963+0000] {processor.py:183} INFO - Processing /home/airflow/.local/lib/python3.12/site-packages/airflow/example_dags/example_external_task_marker_dag.py took 0.042 seconds
[2024-06-29T11:11:10.155+0000] {processor.py:161} INFO - Started process (PID=279) to work on /home/airflow/.local/lib/python3.12/site-packages/airflow/example_dags/example_external_task_marker_dag.py
[2024-06-29T11:11:10.156+0000] {processor.py:830} INFO - Processing file /home/airflow/.local/lib/python3.12/site-packages/airflow/example_dags/example_external_task_marker_dag.py for tasks to queue
[2024-06-29T11:11:10.157+0000] {logging_mixin.py:188} INFO - [2024-06-29T11:11:10.157+0000] {dagbag.py:545} INFO - Filling up the DagBag from /home/airflow/.local/lib/python3.12/site-packages/airflow/example_dags/example_external_task_marker_dag.py
[2024-06-29T11:11:10.161+0000] {processor.py:840} INFO - DAG(s) 'example_external_task_marker_parent', 'example_external_task_marker_child' retrieved from /home/airflow/.local/lib/python3.12/site-packages/airflow/example_dags/example_external_task_marker_dag.py
[2024-06-29T11:11:10.176+0000] {logging_mixin.py:188} INFO - [2024-06-29T11:11:10.176+0000] {dag.py:3096} INFO - Sync 2 DAGs
[2024-06-29T11:11:10.183+0000] {logging_mixin.py:188} INFO - [2024-06-29T11:11:10.183+0000] {dag.py:3954} INFO - Setting next_dagrun for example_external_task_marker_child to None, run_after=None
[2024-06-29T11:11:10.185+0000] {logging_mixin.py:188} INFO - [2024-06-29T11:11:10.185+0000] {dag.py:3954} INFO - Setting next_dagrun for example_external_task_marker_parent to None, run_after=None
[2024-06-29T11:11:10.193+0000] {processor.py:183} INFO - Processing /home/airflow/.local/lib/python3.12/site-packages/airflow/example_dags/example_external_task_marker_dag.py took 0.042 seconds
[2024-06-29T11:11:41.055+0000] {processor.py:161} INFO - Started process (PID=337) to work on /home/airflow/.local/lib/python3.12/site-packages/airflow/example_dags/example_external_task_marker_dag.py
[2024-06-29T11:11:41.056+0000] {processor.py:830} INFO - Processing file /home/airflow/.local/lib/python3.12/site-packages/airflow/example_dags/example_external_task_marker_dag.py for tasks to queue
[2024-06-29T11:11:41.057+0000] {logging_mixin.py:188} INFO - [2024-06-29T11:11:41.057+0000] {dagbag.py:545} INFO - Filling up the DagBag from /home/airflow/.local/lib/python3.12/site-packages/airflow/example_dags/example_external_task_marker_dag.py
[2024-06-29T11:11:41.061+0000] {processor.py:840} INFO - DAG(s) 'example_external_task_marker_parent', 'example_external_task_marker_child' retrieved from /home/airflow/.local/lib/python3.12/site-packages/airflow/example_dags/example_external_task_marker_dag.py
[2024-06-29T11:11:41.075+0000] {logging_mixin.py:188} INFO - [2024-06-29T11:11:41.075+0000] {dag.py:3096} INFO - Sync 2 DAGs
[2024-06-29T11:11:41.081+0000] {logging_mixin.py:188} INFO - [2024-06-29T11:11:41.081+0000] {dag.py:3954} INFO - Setting next_dagrun for example_external_task_marker_child to None, run_after=None
[2024-06-29T11:11:41.083+0000] {logging_mixin.py:188} INFO - [2024-06-29T11:11:41.083+0000] {dag.py:3954} INFO - Setting next_dagrun for example_external_task_marker_parent to None, run_after=None
[2024-06-29T11:11:41.091+0000] {processor.py:183} INFO - Processing /home/airflow/.local/lib/python3.12/site-packages/airflow/example_dags/example_external_task_marker_dag.py took 0.039 seconds
[2024-06-29T11:12:11.286+0000] {processor.py:161} INFO - Started process (PID=396) to work on /home/airflow/.local/lib/python3.12/site-packages/airflow/example_dags/example_external_task_marker_dag.py
[2024-06-29T11:12:11.286+0000] {processor.py:830} INFO - Processing file /home/airflow/.local/lib/python3.12/site-packages/airflow/example_dags/example_external_task_marker_dag.py for tasks to queue
[2024-06-29T11:12:11.288+0000] {logging_mixin.py:188} INFO - [2024-06-29T11:12:11.288+0000] {dagbag.py:545} INFO - Filling up the DagBag from /home/airflow/.local/lib/python3.12/site-packages/airflow/example_dags/example_external_task_marker_dag.py
[2024-06-29T11:12:11.292+0000] {processor.py:840} INFO - DAG(s) 'example_external_task_marker_child', 'example_external_task_marker_parent' retrieved from /home/airflow/.local/lib/python3.12/site-packages/airflow/example_dags/example_external_task_marker_dag.py
[2024-06-29T11:12:11.307+0000] {logging_mixin.py:188} INFO - [2024-06-29T11:12:11.307+0000] {dag.py:3096} INFO - Sync 2 DAGs
[2024-06-29T11:12:11.314+0000] {logging_mixin.py:188} INFO - [2024-06-29T11:12:11.314+0000] {dag.py:3954} INFO - Setting next_dagrun for example_external_task_marker_child to None, run_after=None
[2024-06-29T11:12:11.316+0000] {logging_mixin.py:188} INFO - [2024-06-29T11:12:11.316+0000] {dag.py:3954} INFO - Setting next_dagrun for example_external_task_marker_parent to None, run_after=None
[2024-06-29T11:12:11.324+0000] {processor.py:183} INFO - Processing /home/airflow/.local/lib/python3.12/site-packages/airflow/example_dags/example_external_task_marker_dag.py took 0.042 seconds
[2024-06-29T11:12:41.496+0000] {processor.py:161} INFO - Started process (PID=454) to work on /home/airflow/.local/lib/python3.12/site-packages/airflow/example_dags/example_external_task_marker_dag.py
[2024-06-29T11:12:41.496+0000] {processor.py:830} INFO - Processing file /home/airflow/.local/lib/python3.12/site-packages/airflow/example_dags/example_external_task_marker_dag.py for tasks to queue
[2024-06-29T11:12:41.498+0000] {logging_mixin.py:188} INFO - [2024-06-29T11:12:41.498+0000] {dagbag.py:545} INFO - Filling up the DagBag from /home/airflow/.local/lib/python3.12/site-packages/airflow/example_dags/example_external_task_marker_dag.py
[2024-06-29T11:12:41.502+0000] {processor.py:840} INFO - DAG(s) 'example_external_task_marker_parent', 'example_external_task_marker_child' retrieved from /home/airflow/.local/lib/python3.12/site-packages/airflow/example_dags/example_external_task_marker_dag.py
[2024-06-29T11:12:41.517+0000] {logging_mixin.py:188} INFO - [2024-06-29T11:12:41.517+0000] {dag.py:3096} INFO - Sync 2 DAGs
[2024-06-29T11:12:41.525+0000] {logging_mixin.py:188} INFO - [2024-06-29T11:12:41.524+0000] {dag.py:3954} INFO - Setting next_dagrun for example_external_task_marker_child to None, run_after=None
[2024-06-29T11:12:41.527+0000] {logging_mixin.py:188} INFO - [2024-06-29T11:12:41.527+0000] {dag.py:3954} INFO - Setting next_dagrun for example_external_task_marker_parent to None, run_after=None
[2024-06-29T11:12:41.535+0000] {processor.py:183} INFO - Processing /home/airflow/.local/lib/python3.12/site-packages/airflow/example_dags/example_external_task_marker_dag.py took 0.042 seconds
[2024-06-29T11:13:11.654+0000] {processor.py:161} INFO - Started process (PID=512) to work on /home/airflow/.local/lib/python3.12/site-packages/airflow/example_dags/example_external_task_marker_dag.py
[2024-06-29T11:13:11.655+0000] {processor.py:830} INFO - Processing file /home/airflow/.local/lib/python3.12/site-packages/airflow/example_dags/example_external_task_marker_dag.py for tasks to queue
[2024-06-29T11:13:11.656+0000] {logging_mixin.py:188} INFO - [2024-06-29T11:13:11.656+0000] {dagbag.py:545} INFO - Filling up the DagBag from /home/airflow/.local/lib/python3.12/site-packages/airflow/example_dags/example_external_task_marker_dag.py
[2024-06-29T11:13:11.660+0000] {processor.py:840} INFO - DAG(s) 'example_external_task_marker_parent', 'example_external_task_marker_child' retrieved from /home/airflow/.local/lib/python3.12/site-packages/airflow/example_dags/example_external_task_marker_dag.py
[2024-06-29T11:13:11.676+0000] {logging_mixin.py:188} INFO - [2024-06-29T11:13:11.676+0000] {dag.py:3096} INFO - Sync 2 DAGs
[2024-06-29T11:13:11.683+0000] {logging_mixin.py:188} INFO - [2024-06-29T11:13:11.683+0000] {dag.py:3954} INFO - Setting next_dagrun for example_external_task_marker_child to None, run_after=None
[2024-06-29T11:13:11.685+0000] {logging_mixin.py:188} INFO - [2024-06-29T11:13:11.685+0000] {dag.py:3954} INFO - Setting next_dagrun for example_external_task_marker_parent to None, run_after=None
[2024-06-29T11:13:11.693+0000] {processor.py:183} INFO - Processing /home/airflow/.local/lib/python3.12/site-packages/airflow/example_dags/example_external_task_marker_dag.py took 0.042 seconds
[2024-06-29T11:13:41.791+0000] {processor.py:161} INFO - Started process (PID=571) to work on /home/airflow/.local/lib/python3.12/site-packages/airflow/example_dags/example_external_task_marker_dag.py
[2024-06-29T11:13:41.792+0000] {processor.py:830} INFO - Processing file /home/airflow/.local/lib/python3.12/site-packages/airflow/example_dags/example_external_task_marker_dag.py for tasks to queue
[2024-06-29T11:13:41.793+0000] {logging_mixin.py:188} INFO - [2024-06-29T11:13:41.793+0000] {dagbag.py:545} INFO - Filling up the DagBag from /home/airflow/.local/lib/python3.12/site-packages/airflow/example_dags/example_external_task_marker_dag.py
[2024-06-29T11:13:41.797+0000] {processor.py:840} INFO - DAG(s) 'example_external_task_marker_child', 'example_external_task_marker_parent' retrieved from /home/airflow/.local/lib/python3.12/site-packages/airflow/example_dags/example_external_task_marker_dag.py
[2024-06-29T11:13:41.812+0000] {logging_mixin.py:188} INFO - [2024-06-29T11:13:41.812+0000] {dag.py:3096} INFO - Sync 2 DAGs
[2024-06-29T11:13:41.819+0000] {logging_mixin.py:188} INFO - [2024-06-29T11:13:41.819+0000] {dag.py:3954} INFO - Setting next_dagrun for example_external_task_marker_child to None, run_after=None
[2024-06-29T11:13:41.821+0000] {logging_mixin.py:188} INFO - [2024-06-29T11:13:41.821+0000] {dag.py:3954} INFO - Setting next_dagrun for example_external_task_marker_parent to None, run_after=None
[2024-06-29T11:13:41.829+0000] {processor.py:183} INFO - Processing /home/airflow/.local/lib/python3.12/site-packages/airflow/example_dags/example_external_task_marker_dag.py took 0.041 seconds
[2024-06-29T11:14:11.855+0000] {processor.py:161} INFO - Started process (PID=629) to work on /home/airflow/.local/lib/python3.12/site-packages/airflow/example_dags/example_external_task_marker_dag.py
[2024-06-29T11:14:11.856+0000] {processor.py:830} INFO - Processing file /home/airflow/.local/lib/python3.12/site-packages/airflow/example_dags/example_external_task_marker_dag.py for tasks to queue
[2024-06-29T11:14:11.857+0000] {logging_mixin.py:188} INFO - [2024-06-29T11:14:11.857+0000] {dagbag.py:545} INFO - Filling up the DagBag from /home/airflow/.local/lib/python3.12/site-packages/airflow/example_dags/example_external_task_marker_dag.py
[2024-06-29T11:14:11.860+0000] {processor.py:840} INFO - DAG(s) 'example_external_task_marker_parent', 'example_external_task_marker_child' retrieved from /home/airflow/.local/lib/python3.12/site-packages/airflow/example_dags/example_external_task_marker_dag.py
[2024-06-29T11:14:11.875+0000] {logging_mixin.py:188} INFO - [2024-06-29T11:14:11.875+0000] {dag.py:3096} INFO - Sync 2 DAGs
[2024-06-29T11:14:11.882+0000] {logging_mixin.py:188} INFO - [2024-06-29T11:14:11.882+0000] {dag.py:3954} INFO - Setting next_dagrun for example_external_task_marker_child to None, run_after=None
[2024-06-29T11:14:11.883+0000] {logging_mixin.py:188} INFO - [2024-06-29T11:14:11.883+0000] {dag.py:3954} INFO - Setting next_dagrun for example_external_task_marker_parent to None, run_after=None
[2024-06-29T11:14:11.891+0000] {processor.py:183} INFO - Processing /home/airflow/.local/lib/python3.12/site-packages/airflow/example_dags/example_external_task_marker_dag.py took 0.040 seconds
[2024-06-29T11:14:42.255+0000] {processor.py:161} INFO - Started process (PID=687) to work on /home/airflow/.local/lib/python3.12/site-packages/airflow/example_dags/example_external_task_marker_dag.py
[2024-06-29T11:14:42.256+0000] {processor.py:830} INFO - Processing file /home/airflow/.local/lib/python3.12/site-packages/airflow/example_dags/example_external_task_marker_dag.py for tasks to queue
[2024-06-29T11:14:42.257+0000] {logging_mixin.py:188} INFO - [2024-06-29T11:14:42.257+0000] {dagbag.py:545} INFO - Filling up the DagBag from /home/airflow/.local/lib/python3.12/site-packages/airflow/example_dags/example_external_task_marker_dag.py
[2024-06-29T11:14:42.261+0000] {processor.py:840} INFO - DAG(s) 'example_external_task_marker_parent', 'example_external_task_marker_child' retrieved from /home/airflow/.local/lib/python3.12/site-packages/airflow/example_dags/example_external_task_marker_dag.py
[2024-06-29T11:14:42.279+0000] {logging_mixin.py:188} INFO - [2024-06-29T11:14:42.278+0000] {dag.py:3096} INFO - Sync 2 DAGs
[2024-06-29T11:14:42.287+0000] {logging_mixin.py:188} INFO - [2024-06-29T11:14:42.286+0000] {dag.py:3954} INFO - Setting next_dagrun for example_external_task_marker_child to None, run_after=None
[2024-06-29T11:14:42.289+0000] {logging_mixin.py:188} INFO - [2024-06-29T11:14:42.289+0000] {dag.py:3954} INFO - Setting next_dagrun for example_external_task_marker_parent to None, run_after=None
[2024-06-29T11:14:42.299+0000] {processor.py:183} INFO - Processing /home/airflow/.local/lib/python3.12/site-packages/airflow/example_dags/example_external_task_marker_dag.py took 0.048 seconds
[2024-06-29T11:15:13.273+0000] {processor.py:161} INFO - Started process (PID=745) to work on /home/airflow/.local/lib/python3.12/site-packages/airflow/example_dags/example_external_task_marker_dag.py
[2024-06-29T11:15:13.274+0000] {processor.py:830} INFO - Processing file /home/airflow/.local/lib/python3.12/site-packages/airflow/example_dags/example_external_task_marker_dag.py for tasks to queue
[2024-06-29T11:15:13.276+0000] {logging_mixin.py:188} INFO - [2024-06-29T11:15:13.275+0000] {dagbag.py:545} INFO - Filling up the DagBag from /home/airflow/.local/lib/python3.12/site-packages/airflow/example_dags/example_external_task_marker_dag.py
[2024-06-29T11:15:13.280+0000] {processor.py:840} INFO - DAG(s) 'example_external_task_marker_child', 'example_external_task_marker_parent' retrieved from /home/airflow/.local/lib/python3.12/site-packages/airflow/example_dags/example_external_task_marker_dag.py
[2024-06-29T11:15:13.297+0000] {logging_mixin.py:188} INFO - [2024-06-29T11:15:13.297+0000] {dag.py:3096} INFO - Sync 2 DAGs
[2024-06-29T11:15:13.305+0000] {logging_mixin.py:188} INFO - [2024-06-29T11:15:13.304+0000] {dag.py:3954} INFO - Setting next_dagrun for example_external_task_marker_child to None, run_after=None
[2024-06-29T11:15:13.306+0000] {logging_mixin.py:188} INFO - [2024-06-29T11:15:13.306+0000] {dag.py:3954} INFO - Setting next_dagrun for example_external_task_marker_parent to None, run_after=None
[2024-06-29T11:15:13.317+0000] {processor.py:183} INFO - Processing /home/airflow/.local/lib/python3.12/site-packages/airflow/example_dags/example_external_task_marker_dag.py took 0.051 seconds
[2024-06-29T11:15:43.720+0000] {processor.py:161} INFO - Started process (PID=802) to work on /home/airflow/.local/lib/python3.12/site-packages/airflow/example_dags/example_external_task_marker_dag.py
[2024-06-29T11:15:43.720+0000] {processor.py:830} INFO - Processing file /home/airflow/.local/lib/python3.12/site-packages/airflow/example_dags/example_external_task_marker_dag.py for tasks to queue
[2024-06-29T11:15:43.721+0000] {logging_mixin.py:188} INFO - [2024-06-29T11:15:43.721+0000] {dagbag.py:545} INFO - Filling up the DagBag from /home/airflow/.local/lib/python3.12/site-packages/airflow/example_dags/example_external_task_marker_dag.py
[2024-06-29T11:15:43.725+0000] {processor.py:840} INFO - DAG(s) 'example_external_task_marker_parent', 'example_external_task_marker_child' retrieved from /home/airflow/.local/lib/python3.12/site-packages/airflow/example_dags/example_external_task_marker_dag.py
[2024-06-29T11:15:43.740+0000] {logging_mixin.py:188} INFO - [2024-06-29T11:15:43.739+0000] {dag.py:3096} INFO - Sync 2 DAGs
[2024-06-29T11:15:43.746+0000] {logging_mixin.py:188} INFO - [2024-06-29T11:15:43.746+0000] {dag.py:3954} INFO - Setting next_dagrun for example_external_task_marker_child to None, run_after=None
[2024-06-29T11:15:43.749+0000] {logging_mixin.py:188} INFO - [2024-06-29T11:15:43.748+0000] {dag.py:3954} INFO - Setting next_dagrun for example_external_task_marker_parent to None, run_after=None
[2024-06-29T11:15:43.757+0000] {processor.py:183} INFO - Processing /home/airflow/.local/lib/python3.12/site-packages/airflow/example_dags/example_external_task_marker_dag.py took 0.041 seconds
[2024-06-29T11:16:13.877+0000] {processor.py:161} INFO - Started process (PID=859) to work on /home/airflow/.local/lib/python3.12/site-packages/airflow/example_dags/example_external_task_marker_dag.py
[2024-06-29T11:16:13.878+0000] {processor.py:830} INFO - Processing file /home/airflow/.local/lib/python3.12/site-packages/airflow/example_dags/example_external_task_marker_dag.py for tasks to queue
[2024-06-29T11:16:13.879+0000] {logging_mixin.py:188} INFO - [2024-06-29T11:16:13.879+0000] {dagbag.py:545} INFO - Filling up the DagBag from /home/airflow/.local/lib/python3.12/site-packages/airflow/example_dags/example_external_task_marker_dag.py
[2024-06-29T11:16:13.883+0000] {processor.py:840} INFO - DAG(s) 'example_external_task_marker_child', 'example_external_task_marker_parent' retrieved from /home/airflow/.local/lib/python3.12/site-packages/airflow/example_dags/example_external_task_marker_dag.py
[2024-06-29T11:16:13.897+0000] {logging_mixin.py:188} INFO - [2024-06-29T11:16:13.897+0000] {dag.py:3096} INFO - Sync 2 DAGs
[2024-06-29T11:16:13.903+0000] {logging_mixin.py:188} INFO - [2024-06-29T11:16:13.903+0000] {dag.py:3954} INFO - Setting next_dagrun for example_external_task_marker_child to None, run_after=None
[2024-06-29T11:16:13.905+0000] {logging_mixin.py:188} INFO - [2024-06-29T11:16:13.905+0000] {dag.py:3954} INFO - Setting next_dagrun for example_external_task_marker_parent to None, run_after=None
[2024-06-29T11:16:13.913+0000] {processor.py:183} INFO - Processing /home/airflow/.local/lib/python3.12/site-packages/airflow/example_dags/example_external_task_marker_dag.py took 0.039 seconds
[2024-06-29T11:16:44.089+0000] {processor.py:161} INFO - Started process (PID=917) to work on /home/airflow/.local/lib/python3.12/site-packages/airflow/example_dags/example_external_task_marker_dag.py
[2024-06-29T11:16:44.090+0000] {processor.py:830} INFO - Processing file /home/airflow/.local/lib/python3.12/site-packages/airflow/example_dags/example_external_task_marker_dag.py for tasks to queue
[2024-06-29T11:16:44.091+0000] {logging_mixin.py:188} INFO - [2024-06-29T11:16:44.091+0000] {dagbag.py:545} INFO - Filling up the DagBag from /home/airflow/.local/lib/python3.12/site-packages/airflow/example_dags/example_external_task_marker_dag.py
[2024-06-29T11:16:44.095+0000] {processor.py:840} INFO - DAG(s) 'example_external_task_marker_parent', 'example_external_task_marker_child' retrieved from /home/airflow/.local/lib/python3.12/site-packages/airflow/example_dags/example_external_task_marker_dag.py
[2024-06-29T11:16:44.110+0000] {logging_mixin.py:188} INFO - [2024-06-29T11:16:44.110+0000] {dag.py:3096} INFO - Sync 2 DAGs
[2024-06-29T11:16:44.116+0000] {logging_mixin.py:188} INFO - [2024-06-29T11:16:44.116+0000] {dag.py:3954} INFO - Setting next_dagrun for example_external_task_marker_child to None, run_after=None
[2024-06-29T11:16:44.118+0000] {logging_mixin.py:188} INFO - [2024-06-29T11:16:44.118+0000] {dag.py:3954} INFO - Setting next_dagrun for example_external_task_marker_parent to None, run_after=None
[2024-06-29T11:16:44.126+0000] {processor.py:183} INFO - Processing /home/airflow/.local/lib/python3.12/site-packages/airflow/example_dags/example_external_task_marker_dag.py took 0.041 seconds
[2024-06-29T11:17:14.582+0000] {processor.py:161} INFO - Started process (PID=976) to work on /home/airflow/.local/lib/python3.12/site-packages/airflow/example_dags/example_external_task_marker_dag.py
[2024-06-29T11:17:14.583+0000] {processor.py:830} INFO - Processing file /home/airflow/.local/lib/python3.12/site-packages/airflow/example_dags/example_external_task_marker_dag.py for tasks to queue
[2024-06-29T11:17:14.584+0000] {logging_mixin.py:188} INFO - [2024-06-29T11:17:14.584+0000] {dagbag.py:545} INFO - Filling up the DagBag from /home/airflow/.local/lib/python3.12/site-packages/airflow/example_dags/example_external_task_marker_dag.py
[2024-06-29T11:17:14.588+0000] {processor.py:840} INFO - DAG(s) 'example_external_task_marker_parent', 'example_external_task_marker_child' retrieved from /home/airflow/.local/lib/python3.12/site-packages/airflow/example_dags/example_external_task_marker_dag.py
[2024-06-29T11:17:14.602+0000] {logging_mixin.py:188} INFO - [2024-06-29T11:17:14.602+0000] {dag.py:3096} INFO - Sync 2 DAGs
[2024-06-29T11:17:14.608+0000] {logging_mixin.py:188} INFO - [2024-06-29T11:17:14.608+0000] {dag.py:3954} INFO - Setting next_dagrun for example_external_task_marker_child to None, run_after=None
[2024-06-29T11:17:14.610+0000] {logging_mixin.py:188} INFO - [2024-06-29T11:17:14.610+0000] {dag.py:3954} INFO - Setting next_dagrun for example_external_task_marker_parent to None, run_after=None
[2024-06-29T11:17:14.618+0000] {processor.py:183} INFO - Processing /home/airflow/.local/lib/python3.12/site-packages/airflow/example_dags/example_external_task_marker_dag.py took 0.040 seconds
[2024-06-29T11:17:44.840+0000] {processor.py:161} INFO - Started process (PID=1034) to work on /home/airflow/.local/lib/python3.12/site-packages/airflow/example_dags/example_external_task_marker_dag.py
[2024-06-29T11:17:44.841+0000] {processor.py:830} INFO - Processing file /home/airflow/.local/lib/python3.12/site-packages/airflow/example_dags/example_external_task_marker_dag.py for tasks to queue
[2024-06-29T11:17:44.842+0000] {logging_mixin.py:188} INFO - [2024-06-29T11:17:44.842+0000] {dagbag.py:545} INFO - Filling up the DagBag from /home/airflow/.local/lib/python3.12/site-packages/airflow/example_dags/example_external_task_marker_dag.py
[2024-06-29T11:17:44.846+0000] {processor.py:840} INFO - DAG(s) 'example_external_task_marker_child', 'example_external_task_marker_parent' retrieved from /home/airflow/.local/lib/python3.12/site-packages/airflow/example_dags/example_external_task_marker_dag.py
[2024-06-29T11:17:44.861+0000] {logging_mixin.py:188} INFO - [2024-06-29T11:17:44.861+0000] {dag.py:3096} INFO - Sync 2 DAGs
[2024-06-29T11:17:44.867+0000] {logging_mixin.py:188} INFO - [2024-06-29T11:17:44.867+0000] {dag.py:3954} INFO - Setting next_dagrun for example_external_task_marker_child to None, run_after=None
[2024-06-29T11:17:44.869+0000] {logging_mixin.py:188} INFO - [2024-06-29T11:17:44.869+0000] {dag.py:3954} INFO - Setting next_dagrun for example_external_task_marker_parent to None, run_after=None
[2024-06-29T11:17:44.877+0000] {processor.py:183} INFO - Processing /home/airflow/.local/lib/python3.12/site-packages/airflow/example_dags/example_external_task_marker_dag.py took 0.041 seconds
[2024-06-29T11:18:15.229+0000] {processor.py:161} INFO - Started process (PID=1092) to work on /home/airflow/.local/lib/python3.12/site-packages/airflow/example_dags/example_external_task_marker_dag.py
[2024-06-29T11:18:15.230+0000] {processor.py:830} INFO - Processing file /home/airflow/.local/lib/python3.12/site-packages/airflow/example_dags/example_external_task_marker_dag.py for tasks to queue
[2024-06-29T11:18:15.232+0000] {logging_mixin.py:188} INFO - [2024-06-29T11:18:15.231+0000] {dagbag.py:545} INFO - Filling up the DagBag from /home/airflow/.local/lib/python3.12/site-packages/airflow/example_dags/example_external_task_marker_dag.py
[2024-06-29T11:18:15.237+0000] {processor.py:840} INFO - DAG(s) 'example_external_task_marker_child', 'example_external_task_marker_parent' retrieved from /home/airflow/.local/lib/python3.12/site-packages/airflow/example_dags/example_external_task_marker_dag.py
[2024-06-29T11:18:15.257+0000] {logging_mixin.py:188} INFO - [2024-06-29T11:18:15.256+0000] {dag.py:3096} INFO - Sync 2 DAGs
[2024-06-29T11:18:15.265+0000] {logging_mixin.py:188} INFO - [2024-06-29T11:18:15.265+0000] {dag.py:3954} INFO - Setting next_dagrun for example_external_task_marker_child to None, run_after=None
[2024-06-29T11:18:15.268+0000] {logging_mixin.py:188} INFO - [2024-06-29T11:18:15.268+0000] {dag.py:3954} INFO - Setting next_dagrun for example_external_task_marker_parent to None, run_after=None
[2024-06-29T11:18:15.286+0000] {processor.py:183} INFO - Processing /home/airflow/.local/lib/python3.12/site-packages/airflow/example_dags/example_external_task_marker_dag.py took 0.061 seconds
[2024-06-29T11:18:45.446+0000] {processor.py:161} INFO - Started process (PID=1150) to work on /home/airflow/.local/lib/python3.12/site-packages/airflow/example_dags/example_external_task_marker_dag.py
[2024-06-29T11:18:45.447+0000] {processor.py:830} INFO - Processing file /home/airflow/.local/lib/python3.12/site-packages/airflow/example_dags/example_external_task_marker_dag.py for tasks to queue
[2024-06-29T11:18:45.448+0000] {logging_mixin.py:188} INFO - [2024-06-29T11:18:45.448+0000] {dagbag.py:545} INFO - Filling up the DagBag from /home/airflow/.local/lib/python3.12/site-packages/airflow/example_dags/example_external_task_marker_dag.py
[2024-06-29T11:18:45.452+0000] {processor.py:840} INFO - DAG(s) 'example_external_task_marker_child', 'example_external_task_marker_parent' retrieved from /home/airflow/.local/lib/python3.12/site-packages/airflow/example_dags/example_external_task_marker_dag.py
[2024-06-29T11:18:45.466+0000] {logging_mixin.py:188} INFO - [2024-06-29T11:18:45.466+0000] {dag.py:3096} INFO - Sync 2 DAGs
[2024-06-29T11:18:45.472+0000] {logging_mixin.py:188} INFO - [2024-06-29T11:18:45.472+0000] {dag.py:3954} INFO - Setting next_dagrun for example_external_task_marker_child to None, run_after=None
[2024-06-29T11:18:45.474+0000] {logging_mixin.py:188} INFO - [2024-06-29T11:18:45.474+0000] {dag.py:3954} INFO - Setting next_dagrun for example_external_task_marker_parent to None, run_after=None
[2024-06-29T11:18:45.482+0000] {processor.py:183} INFO - Processing /home/airflow/.local/lib/python3.12/site-packages/airflow/example_dags/example_external_task_marker_dag.py took 0.039 seconds
[2024-06-29T11:19:15.815+0000] {processor.py:161} INFO - Started process (PID=1208) to work on /home/airflow/.local/lib/python3.12/site-packages/airflow/example_dags/example_external_task_marker_dag.py
[2024-06-29T11:19:15.816+0000] {processor.py:830} INFO - Processing file /home/airflow/.local/lib/python3.12/site-packages/airflow/example_dags/example_external_task_marker_dag.py for tasks to queue
[2024-06-29T11:19:15.817+0000] {logging_mixin.py:188} INFO - [2024-06-29T11:19:15.817+0000] {dagbag.py:545} INFO - Filling up the DagBag from /home/airflow/.local/lib/python3.12/site-packages/airflow/example_dags/example_external_task_marker_dag.py
[2024-06-29T11:19:15.821+0000] {processor.py:840} INFO - DAG(s) 'example_external_task_marker_child', 'example_external_task_marker_parent' retrieved from /home/airflow/.local/lib/python3.12/site-packages/airflow/example_dags/example_external_task_marker_dag.py
[2024-06-29T11:19:15.834+0000] {logging_mixin.py:188} INFO - [2024-06-29T11:19:15.834+0000] {dag.py:3096} INFO - Sync 2 DAGs
[2024-06-29T11:19:15.841+0000] {logging_mixin.py:188} INFO - [2024-06-29T11:19:15.840+0000] {dag.py:3954} INFO - Setting next_dagrun for example_external_task_marker_child to None, run_after=None
[2024-06-29T11:19:15.842+0000] {logging_mixin.py:188} INFO - [2024-06-29T11:19:15.842+0000] {dag.py:3954} INFO - Setting next_dagrun for example_external_task_marker_parent to None, run_after=None
[2024-06-29T11:19:15.850+0000] {processor.py:183} INFO - Processing /home/airflow/.local/lib/python3.12/site-packages/airflow/example_dags/example_external_task_marker_dag.py took 0.038 seconds
[2024-06-29T11:19:46.220+0000] {processor.py:161} INFO - Started process (PID=1266) to work on /home/airflow/.local/lib/python3.12/site-packages/airflow/example_dags/example_external_task_marker_dag.py
[2024-06-29T11:19:46.221+0000] {processor.py:830} INFO - Processing file /home/airflow/.local/lib/python3.12/site-packages/airflow/example_dags/example_external_task_marker_dag.py for tasks to queue
[2024-06-29T11:19:46.223+0000] {logging_mixin.py:188} INFO - [2024-06-29T11:19:46.222+0000] {dagbag.py:545} INFO - Filling up the DagBag from /home/airflow/.local/lib/python3.12/site-packages/airflow/example_dags/example_external_task_marker_dag.py
[2024-06-29T11:19:46.227+0000] {processor.py:840} INFO - DAG(s) 'example_external_task_marker_parent', 'example_external_task_marker_child' retrieved from /home/airflow/.local/lib/python3.12/site-packages/airflow/example_dags/example_external_task_marker_dag.py
[2024-06-29T11:19:46.243+0000] {logging_mixin.py:188} INFO - [2024-06-29T11:19:46.243+0000] {dag.py:3096} INFO - Sync 2 DAGs
[2024-06-29T11:19:46.250+0000] {logging_mixin.py:188} INFO - [2024-06-29T11:19:46.250+0000] {dag.py:3954} INFO - Setting next_dagrun for example_external_task_marker_child to None, run_after=None
[2024-06-29T11:19:46.252+0000] {logging_mixin.py:188} INFO - [2024-06-29T11:19:46.252+0000] {dag.py:3954} INFO - Setting next_dagrun for example_external_task_marker_parent to None, run_after=None
[2024-06-29T11:19:46.261+0000] {processor.py:183} INFO - Processing /home/airflow/.local/lib/python3.12/site-packages/airflow/example_dags/example_external_task_marker_dag.py took 0.045 seconds
[2024-06-29T11:20:16.446+0000] {processor.py:161} INFO - Started process (PID=1324) to work on /home/airflow/.local/lib/python3.12/site-packages/airflow/example_dags/example_external_task_marker_dag.py
[2024-06-29T11:20:16.447+0000] {processor.py:830} INFO - Processing file /home/airflow/.local/lib/python3.12/site-packages/airflow/example_dags/example_external_task_marker_dag.py for tasks to queue
[2024-06-29T11:20:16.448+0000] {logging_mixin.py:188} INFO - [2024-06-29T11:20:16.447+0000] {dagbag.py:545} INFO - Filling up the DagBag from /home/airflow/.local/lib/python3.12/site-packages/airflow/example_dags/example_external_task_marker_dag.py
[2024-06-29T11:20:16.452+0000] {processor.py:840} INFO - DAG(s) 'example_external_task_marker_parent', 'example_external_task_marker_child' retrieved from /home/airflow/.local/lib/python3.12/site-packages/airflow/example_dags/example_external_task_marker_dag.py
[2024-06-29T11:20:16.469+0000] {logging_mixin.py:188} INFO - [2024-06-29T11:20:16.468+0000] {dag.py:3096} INFO - Sync 2 DAGs
[2024-06-29T11:20:16.475+0000] {logging_mixin.py:188} INFO - [2024-06-29T11:20:16.475+0000] {dag.py:3954} INFO - Setting next_dagrun for example_external_task_marker_child to None, run_after=None
[2024-06-29T11:20:16.477+0000] {logging_mixin.py:188} INFO - [2024-06-29T11:20:16.477+0000] {dag.py:3954} INFO - Setting next_dagrun for example_external_task_marker_parent to None, run_after=None
[2024-06-29T11:20:16.486+0000] {processor.py:183} INFO - Processing /home/airflow/.local/lib/python3.12/site-packages/airflow/example_dags/example_external_task_marker_dag.py took 0.044 seconds
[2024-06-29T11:20:46.636+0000] {processor.py:161} INFO - Started process (PID=1382) to work on /home/airflow/.local/lib/python3.12/site-packages/airflow/example_dags/example_external_task_marker_dag.py
[2024-06-29T11:20:46.637+0000] {processor.py:830} INFO - Processing file /home/airflow/.local/lib/python3.12/site-packages/airflow/example_dags/example_external_task_marker_dag.py for tasks to queue
[2024-06-29T11:20:46.638+0000] {logging_mixin.py:188} INFO - [2024-06-29T11:20:46.638+0000] {dagbag.py:545} INFO - Filling up the DagBag from /home/airflow/.local/lib/python3.12/site-packages/airflow/example_dags/example_external_task_marker_dag.py
[2024-06-29T11:20:46.642+0000] {processor.py:840} INFO - DAG(s) 'example_external_task_marker_child', 'example_external_task_marker_parent' retrieved from /home/airflow/.local/lib/python3.12/site-packages/airflow/example_dags/example_external_task_marker_dag.py
[2024-06-29T11:20:46.656+0000] {logging_mixin.py:188} INFO - [2024-06-29T11:20:46.656+0000] {dag.py:3096} INFO - Sync 2 DAGs
[2024-06-29T11:20:46.662+0000] {logging_mixin.py:188} INFO - [2024-06-29T11:20:46.662+0000] {dag.py:3954} INFO - Setting next_dagrun for example_external_task_marker_child to None, run_after=None
[2024-06-29T11:20:46.664+0000] {logging_mixin.py:188} INFO - [2024-06-29T11:20:46.664+0000] {dag.py:3954} INFO - Setting next_dagrun for example_external_task_marker_parent to None, run_after=None
[2024-06-29T11:20:46.672+0000] {processor.py:183} INFO - Processing /home/airflow/.local/lib/python3.12/site-packages/airflow/example_dags/example_external_task_marker_dag.py took 0.039 seconds
[2024-06-29T11:21:16.893+0000] {processor.py:161} INFO - Started process (PID=1440) to work on /home/airflow/.local/lib/python3.12/site-packages/airflow/example_dags/example_external_task_marker_dag.py
[2024-06-29T11:21:16.894+0000] {processor.py:830} INFO - Processing file /home/airflow/.local/lib/python3.12/site-packages/airflow/example_dags/example_external_task_marker_dag.py for tasks to queue
[2024-06-29T11:21:16.895+0000] {logging_mixin.py:188} INFO - [2024-06-29T11:21:16.895+0000] {dagbag.py:545} INFO - Filling up the DagBag from /home/airflow/.local/lib/python3.12/site-packages/airflow/example_dags/example_external_task_marker_dag.py
[2024-06-29T11:21:16.900+0000] {processor.py:840} INFO - DAG(s) 'example_external_task_marker_child', 'example_external_task_marker_parent' retrieved from /home/airflow/.local/lib/python3.12/site-packages/airflow/example_dags/example_external_task_marker_dag.py
[2024-06-29T11:21:16.917+0000] {logging_mixin.py:188} INFO - [2024-06-29T11:21:16.917+0000] {dag.py:3096} INFO - Sync 2 DAGs
[2024-06-29T11:21:16.923+0000] {logging_mixin.py:188} INFO - [2024-06-29T11:21:16.923+0000] {dag.py:3954} INFO - Setting next_dagrun for example_external_task_marker_child to None, run_after=None
[2024-06-29T11:21:16.925+0000] {logging_mixin.py:188} INFO - [2024-06-29T11:21:16.925+0000] {dag.py:3954} INFO - Setting next_dagrun for example_external_task_marker_parent to None, run_after=None
[2024-06-29T11:21:16.934+0000] {processor.py:183} INFO - Processing /home/airflow/.local/lib/python3.12/site-packages/airflow/example_dags/example_external_task_marker_dag.py took 0.044 seconds
