[2024-06-29T11:09:07.646+0000] {processor.py:161} INFO - Started process (PID=34) to work on /home/airflow/.local/lib/python3.12/site-packages/airflow/example_dags/example_bash_operator.py
[2024-06-29T11:09:07.647+0000] {processor.py:830} INFO - Processing file /home/airflow/.local/lib/python3.12/site-packages/airflow/example_dags/example_bash_operator.py for tasks to queue
[2024-06-29T11:09:07.654+0000] {logging_mixin.py:188} INFO - [2024-06-29T11:09:07.651+0000] {dagbag.py:545} INFO - Filling up the DagBag from /home/airflow/.local/lib/python3.12/site-packages/airflow/example_dags/example_bash_operator.py
[2024-06-29T11:09:07.681+0000] {processor.py:840} INFO - DAG(s) 'example_bash_operator' retrieved from /home/airflow/.local/lib/python3.12/site-packages/airflow/example_dags/example_bash_operator.py
[2024-06-29T11:09:07.708+0000] {logging_mixin.py:188} INFO - [2024-06-29T11:09:07.708+0000] {dag.py:3096} INFO - Sync 1 DAGs
[2024-06-29T11:09:07.737+0000] {logging_mixin.py:188} INFO - [2024-06-29T11:09:07.737+0000] {dag.py:3954} INFO - Setting next_dagrun for example_bash_operator to 2024-06-28 00:00:00+00:00, run_after=2024-06-29 00:00:00+00:00
[2024-06-29T11:09:07.761+0000] {processor.py:183} INFO - Processing /home/airflow/.local/lib/python3.12/site-packages/airflow/example_dags/example_bash_operator.py took 0.121 seconds
[2024-06-29T11:09:38.143+0000] {processor.py:161} INFO - Started process (PID=92) to work on /home/airflow/.local/lib/python3.12/site-packages/airflow/example_dags/example_bash_operator.py
[2024-06-29T11:09:38.143+0000] {processor.py:830} INFO - Processing file /home/airflow/.local/lib/python3.12/site-packages/airflow/example_dags/example_bash_operator.py for tasks to queue
[2024-06-29T11:09:38.144+0000] {logging_mixin.py:188} INFO - [2024-06-29T11:09:38.144+0000] {dagbag.py:545} INFO - Filling up the DagBag from /home/airflow/.local/lib/python3.12/site-packages/airflow/example_dags/example_bash_operator.py
[2024-06-29T11:09:38.151+0000] {processor.py:840} INFO - DAG(s) 'example_bash_operator' retrieved from /home/airflow/.local/lib/python3.12/site-packages/airflow/example_dags/example_bash_operator.py
[2024-06-29T11:09:38.203+0000] {logging_mixin.py:188} INFO - [2024-06-29T11:09:38.203+0000] {dag.py:3096} INFO - Sync 1 DAGs
[2024-06-29T11:09:38.213+0000] {logging_mixin.py:188} INFO - [2024-06-29T11:09:38.212+0000] {dag.py:3954} INFO - Setting next_dagrun for example_bash_operator to 2024-06-28 00:00:00+00:00, run_after=2024-06-29 00:00:00+00:00
[2024-06-29T11:09:38.222+0000] {processor.py:183} INFO - Processing /home/airflow/.local/lib/python3.12/site-packages/airflow/example_dags/example_bash_operator.py took 0.083 seconds
[2024-06-29T11:10:09.194+0000] {processor.py:161} INFO - Started process (PID=150) to work on /home/airflow/.local/lib/python3.12/site-packages/airflow/example_dags/example_bash_operator.py
[2024-06-29T11:10:09.195+0000] {processor.py:830} INFO - Processing file /home/airflow/.local/lib/python3.12/site-packages/airflow/example_dags/example_bash_operator.py for tasks to queue
[2024-06-29T11:10:09.198+0000] {logging_mixin.py:188} INFO - [2024-06-29T11:10:09.197+0000] {dagbag.py:545} INFO - Filling up the DagBag from /home/airflow/.local/lib/python3.12/site-packages/airflow/example_dags/example_bash_operator.py
[2024-06-29T11:10:09.209+0000] {processor.py:840} INFO - DAG(s) 'example_bash_operator' retrieved from /home/airflow/.local/lib/python3.12/site-packages/airflow/example_dags/example_bash_operator.py
[2024-06-29T11:10:09.230+0000] {logging_mixin.py:188} INFO - [2024-06-29T11:10:09.230+0000] {dag.py:3096} INFO - Sync 1 DAGs
[2024-06-29T11:10:09.243+0000] {logging_mixin.py:188} INFO - [2024-06-29T11:10:09.243+0000] {dag.py:3954} INFO - Setting next_dagrun for example_bash_operator to 2024-06-28 00:00:00+00:00, run_after=2024-06-29 00:00:00+00:00
[2024-06-29T11:10:09.252+0000] {processor.py:183} INFO - Processing /home/airflow/.local/lib/python3.12/site-packages/airflow/example_dags/example_bash_operator.py took 0.065 seconds
[2024-06-29T11:10:39.471+0000] {processor.py:161} INFO - Started process (PID=208) to work on /home/airflow/.local/lib/python3.12/site-packages/airflow/example_dags/example_bash_operator.py
[2024-06-29T11:10:39.472+0000] {processor.py:830} INFO - Processing file /home/airflow/.local/lib/python3.12/site-packages/airflow/example_dags/example_bash_operator.py for tasks to queue
[2024-06-29T11:10:39.475+0000] {logging_mixin.py:188} INFO - [2024-06-29T11:10:39.474+0000] {dagbag.py:545} INFO - Filling up the DagBag from /home/airflow/.local/lib/python3.12/site-packages/airflow/example_dags/example_bash_operator.py
[2024-06-29T11:10:39.487+0000] {processor.py:840} INFO - DAG(s) 'example_bash_operator' retrieved from /home/airflow/.local/lib/python3.12/site-packages/airflow/example_dags/example_bash_operator.py
[2024-06-29T11:10:39.509+0000] {logging_mixin.py:188} INFO - [2024-06-29T11:10:39.509+0000] {dag.py:3096} INFO - Sync 1 DAGs
[2024-06-29T11:10:39.522+0000] {logging_mixin.py:188} INFO - [2024-06-29T11:10:39.521+0000] {dag.py:3954} INFO - Setting next_dagrun for example_bash_operator to 2024-06-28 00:00:00+00:00, run_after=2024-06-29 00:00:00+00:00
[2024-06-29T11:10:39.531+0000] {processor.py:183} INFO - Processing /home/airflow/.local/lib/python3.12/site-packages/airflow/example_dags/example_bash_operator.py took 0.068 seconds
[2024-06-29T11:11:09.721+0000] {processor.py:161} INFO - Started process (PID=266) to work on /home/airflow/.local/lib/python3.12/site-packages/airflow/example_dags/example_bash_operator.py
[2024-06-29T11:11:09.722+0000] {processor.py:830} INFO - Processing file /home/airflow/.local/lib/python3.12/site-packages/airflow/example_dags/example_bash_operator.py for tasks to queue
[2024-06-29T11:11:09.725+0000] {logging_mixin.py:188} INFO - [2024-06-29T11:11:09.724+0000] {dagbag.py:545} INFO - Filling up the DagBag from /home/airflow/.local/lib/python3.12/site-packages/airflow/example_dags/example_bash_operator.py
[2024-06-29T11:11:09.735+0000] {processor.py:840} INFO - DAG(s) 'example_bash_operator' retrieved from /home/airflow/.local/lib/python3.12/site-packages/airflow/example_dags/example_bash_operator.py
[2024-06-29T11:11:09.756+0000] {logging_mixin.py:188} INFO - [2024-06-29T11:11:09.756+0000] {dag.py:3096} INFO - Sync 1 DAGs
[2024-06-29T11:11:09.768+0000] {logging_mixin.py:188} INFO - [2024-06-29T11:11:09.768+0000] {dag.py:3954} INFO - Setting next_dagrun for example_bash_operator to 2024-06-28 00:00:00+00:00, run_after=2024-06-29 00:00:00+00:00
[2024-06-29T11:11:09.777+0000] {processor.py:183} INFO - Processing /home/airflow/.local/lib/python3.12/site-packages/airflow/example_dags/example_bash_operator.py took 0.063 seconds
[2024-06-29T11:11:40.580+0000] {processor.py:161} INFO - Started process (PID=324) to work on /home/airflow/.local/lib/python3.12/site-packages/airflow/example_dags/example_bash_operator.py
[2024-06-29T11:11:40.581+0000] {processor.py:830} INFO - Processing file /home/airflow/.local/lib/python3.12/site-packages/airflow/example_dags/example_bash_operator.py for tasks to queue
[2024-06-29T11:11:40.583+0000] {logging_mixin.py:188} INFO - [2024-06-29T11:11:40.583+0000] {dagbag.py:545} INFO - Filling up the DagBag from /home/airflow/.local/lib/python3.12/site-packages/airflow/example_dags/example_bash_operator.py
[2024-06-29T11:11:40.594+0000] {processor.py:840} INFO - DAG(s) 'example_bash_operator' retrieved from /home/airflow/.local/lib/python3.12/site-packages/airflow/example_dags/example_bash_operator.py
[2024-06-29T11:11:40.616+0000] {logging_mixin.py:188} INFO - [2024-06-29T11:11:40.615+0000] {dag.py:3096} INFO - Sync 1 DAGs
[2024-06-29T11:11:40.628+0000] {logging_mixin.py:188} INFO - [2024-06-29T11:11:40.628+0000] {dag.py:3954} INFO - Setting next_dagrun for example_bash_operator to 2024-06-28 00:00:00+00:00, run_after=2024-06-29 00:00:00+00:00
[2024-06-29T11:11:40.637+0000] {processor.py:183} INFO - Processing /home/airflow/.local/lib/python3.12/site-packages/airflow/example_dags/example_bash_operator.py took 0.064 seconds
[2024-06-29T11:12:10.829+0000] {processor.py:161} INFO - Started process (PID=383) to work on /home/airflow/.local/lib/python3.12/site-packages/airflow/example_dags/example_bash_operator.py
[2024-06-29T11:12:10.830+0000] {processor.py:830} INFO - Processing file /home/airflow/.local/lib/python3.12/site-packages/airflow/example_dags/example_bash_operator.py for tasks to queue
[2024-06-29T11:12:10.832+0000] {logging_mixin.py:188} INFO - [2024-06-29T11:12:10.831+0000] {dagbag.py:545} INFO - Filling up the DagBag from /home/airflow/.local/lib/python3.12/site-packages/airflow/example_dags/example_bash_operator.py
[2024-06-29T11:12:10.842+0000] {processor.py:840} INFO - DAG(s) 'example_bash_operator' retrieved from /home/airflow/.local/lib/python3.12/site-packages/airflow/example_dags/example_bash_operator.py
[2024-06-29T11:12:10.864+0000] {logging_mixin.py:188} INFO - [2024-06-29T11:12:10.863+0000] {dag.py:3096} INFO - Sync 1 DAGs
[2024-06-29T11:12:10.875+0000] {logging_mixin.py:188} INFO - [2024-06-29T11:12:10.875+0000] {dag.py:3954} INFO - Setting next_dagrun for example_bash_operator to 2024-06-28 00:00:00+00:00, run_after=2024-06-29 00:00:00+00:00
[2024-06-29T11:12:10.885+0000] {processor.py:183} INFO - Processing /home/airflow/.local/lib/python3.12/site-packages/airflow/example_dags/example_bash_operator.py took 0.063 seconds
[2024-06-29T11:12:41.032+0000] {processor.py:161} INFO - Started process (PID=441) to work on /home/airflow/.local/lib/python3.12/site-packages/airflow/example_dags/example_bash_operator.py
[2024-06-29T11:12:41.033+0000] {processor.py:830} INFO - Processing file /home/airflow/.local/lib/python3.12/site-packages/airflow/example_dags/example_bash_operator.py for tasks to queue
[2024-06-29T11:12:41.035+0000] {logging_mixin.py:188} INFO - [2024-06-29T11:12:41.035+0000] {dagbag.py:545} INFO - Filling up the DagBag from /home/airflow/.local/lib/python3.12/site-packages/airflow/example_dags/example_bash_operator.py
[2024-06-29T11:12:41.047+0000] {processor.py:840} INFO - DAG(s) 'example_bash_operator' retrieved from /home/airflow/.local/lib/python3.12/site-packages/airflow/example_dags/example_bash_operator.py
[2024-06-29T11:12:41.068+0000] {logging_mixin.py:188} INFO - [2024-06-29T11:12:41.068+0000] {dag.py:3096} INFO - Sync 1 DAGs
[2024-06-29T11:12:41.081+0000] {logging_mixin.py:188} INFO - [2024-06-29T11:12:41.080+0000] {dag.py:3954} INFO - Setting next_dagrun for example_bash_operator to 2024-06-28 00:00:00+00:00, run_after=2024-06-29 00:00:00+00:00
[2024-06-29T11:12:41.090+0000] {processor.py:183} INFO - Processing /home/airflow/.local/lib/python3.12/site-packages/airflow/example_dags/example_bash_operator.py took 0.065 seconds
[2024-06-29T11:13:11.190+0000] {processor.py:161} INFO - Started process (PID=499) to work on /home/airflow/.local/lib/python3.12/site-packages/airflow/example_dags/example_bash_operator.py
[2024-06-29T11:13:11.191+0000] {processor.py:830} INFO - Processing file /home/airflow/.local/lib/python3.12/site-packages/airflow/example_dags/example_bash_operator.py for tasks to queue
[2024-06-29T11:13:11.193+0000] {logging_mixin.py:188} INFO - [2024-06-29T11:13:11.192+0000] {dagbag.py:545} INFO - Filling up the DagBag from /home/airflow/.local/lib/python3.12/site-packages/airflow/example_dags/example_bash_operator.py
[2024-06-29T11:13:11.203+0000] {processor.py:840} INFO - DAG(s) 'example_bash_operator' retrieved from /home/airflow/.local/lib/python3.12/site-packages/airflow/example_dags/example_bash_operator.py
[2024-06-29T11:13:11.225+0000] {logging_mixin.py:188} INFO - [2024-06-29T11:13:11.224+0000] {dag.py:3096} INFO - Sync 1 DAGs
[2024-06-29T11:13:11.237+0000] {logging_mixin.py:188} INFO - [2024-06-29T11:13:11.237+0000] {dag.py:3954} INFO - Setting next_dagrun for example_bash_operator to 2024-06-28 00:00:00+00:00, run_after=2024-06-29 00:00:00+00:00
[2024-06-29T11:13:11.246+0000] {processor.py:183} INFO - Processing /home/airflow/.local/lib/python3.12/site-packages/airflow/example_dags/example_bash_operator.py took 0.063 seconds
[2024-06-29T11:13:41.350+0000] {processor.py:161} INFO - Started process (PID=558) to work on /home/airflow/.local/lib/python3.12/site-packages/airflow/example_dags/example_bash_operator.py
[2024-06-29T11:13:41.351+0000] {processor.py:830} INFO - Processing file /home/airflow/.local/lib/python3.12/site-packages/airflow/example_dags/example_bash_operator.py for tasks to queue
[2024-06-29T11:13:41.354+0000] {logging_mixin.py:188} INFO - [2024-06-29T11:13:41.353+0000] {dagbag.py:545} INFO - Filling up the DagBag from /home/airflow/.local/lib/python3.12/site-packages/airflow/example_dags/example_bash_operator.py
[2024-06-29T11:13:41.364+0000] {processor.py:840} INFO - DAG(s) 'example_bash_operator' retrieved from /home/airflow/.local/lib/python3.12/site-packages/airflow/example_dags/example_bash_operator.py
[2024-06-29T11:13:41.385+0000] {logging_mixin.py:188} INFO - [2024-06-29T11:13:41.385+0000] {dag.py:3096} INFO - Sync 1 DAGs
[2024-06-29T11:13:41.397+0000] {logging_mixin.py:188} INFO - [2024-06-29T11:13:41.397+0000] {dag.py:3954} INFO - Setting next_dagrun for example_bash_operator to 2024-06-28 00:00:00+00:00, run_after=2024-06-29 00:00:00+00:00
[2024-06-29T11:13:41.406+0000] {processor.py:183} INFO - Processing /home/airflow/.local/lib/python3.12/site-packages/airflow/example_dags/example_bash_operator.py took 0.063 seconds
[2024-06-29T11:14:11.423+0000] {processor.py:161} INFO - Started process (PID=616) to work on /home/airflow/.local/lib/python3.12/site-packages/airflow/example_dags/example_bash_operator.py
[2024-06-29T11:14:11.423+0000] {processor.py:830} INFO - Processing file /home/airflow/.local/lib/python3.12/site-packages/airflow/example_dags/example_bash_operator.py for tasks to queue
[2024-06-29T11:14:11.424+0000] {logging_mixin.py:188} INFO - [2024-06-29T11:14:11.424+0000] {dagbag.py:545} INFO - Filling up the DagBag from /home/airflow/.local/lib/python3.12/site-packages/airflow/example_dags/example_bash_operator.py
[2024-06-29T11:14:11.431+0000] {processor.py:840} INFO - DAG(s) 'example_bash_operator' retrieved from /home/airflow/.local/lib/python3.12/site-packages/airflow/example_dags/example_bash_operator.py
[2024-06-29T11:14:11.446+0000] {logging_mixin.py:188} INFO - [2024-06-29T11:14:11.446+0000] {dag.py:3096} INFO - Sync 1 DAGs
[2024-06-29T11:14:11.457+0000] {logging_mixin.py:188} INFO - [2024-06-29T11:14:11.457+0000] {dag.py:3954} INFO - Setting next_dagrun for example_bash_operator to 2024-06-28 00:00:00+00:00, run_after=2024-06-29 00:00:00+00:00
[2024-06-29T11:14:11.466+0000] {processor.py:183} INFO - Processing /home/airflow/.local/lib/python3.12/site-packages/airflow/example_dags/example_bash_operator.py took 0.046 seconds
[2024-06-29T11:14:41.653+0000] {processor.py:161} INFO - Started process (PID=674) to work on /home/airflow/.local/lib/python3.12/site-packages/airflow/example_dags/example_bash_operator.py
[2024-06-29T11:14:41.654+0000] {processor.py:830} INFO - Processing file /home/airflow/.local/lib/python3.12/site-packages/airflow/example_dags/example_bash_operator.py for tasks to queue
[2024-06-29T11:14:41.658+0000] {logging_mixin.py:188} INFO - [2024-06-29T11:14:41.656+0000] {dagbag.py:545} INFO - Filling up the DagBag from /home/airflow/.local/lib/python3.12/site-packages/airflow/example_dags/example_bash_operator.py
[2024-06-29T11:14:41.666+0000] {processor.py:840} INFO - DAG(s) 'example_bash_operator' retrieved from /home/airflow/.local/lib/python3.12/site-packages/airflow/example_dags/example_bash_operator.py
[2024-06-29T11:14:41.687+0000] {logging_mixin.py:188} INFO - [2024-06-29T11:14:41.687+0000] {dag.py:3096} INFO - Sync 1 DAGs
[2024-06-29T11:14:41.702+0000] {logging_mixin.py:188} INFO - [2024-06-29T11:14:41.702+0000] {dag.py:3954} INFO - Setting next_dagrun for example_bash_operator to 2024-06-28 00:00:00+00:00, run_after=2024-06-29 00:00:00+00:00
[2024-06-29T11:14:41.713+0000] {processor.py:183} INFO - Processing /home/airflow/.local/lib/python3.12/site-packages/airflow/example_dags/example_bash_operator.py took 0.065 seconds
[2024-06-29T11:15:11.815+0000] {processor.py:161} INFO - Started process (PID=732) to work on /home/airflow/.local/lib/python3.12/site-packages/airflow/example_dags/example_bash_operator.py
[2024-06-29T11:15:11.816+0000] {processor.py:830} INFO - Processing file /home/airflow/.local/lib/python3.12/site-packages/airflow/example_dags/example_bash_operator.py for tasks to queue
[2024-06-29T11:15:11.818+0000] {logging_mixin.py:188} INFO - [2024-06-29T11:15:11.818+0000] {dagbag.py:545} INFO - Filling up the DagBag from /home/airflow/.local/lib/python3.12/site-packages/airflow/example_dags/example_bash_operator.py
[2024-06-29T11:15:11.830+0000] {processor.py:840} INFO - DAG(s) 'example_bash_operator' retrieved from /home/airflow/.local/lib/python3.12/site-packages/airflow/example_dags/example_bash_operator.py
[2024-06-29T11:15:11.851+0000] {logging_mixin.py:188} INFO - [2024-06-29T11:15:11.851+0000] {dag.py:3096} INFO - Sync 1 DAGs
[2024-06-29T11:15:11.863+0000] {logging_mixin.py:188} INFO - [2024-06-29T11:15:11.863+0000] {dag.py:3954} INFO - Setting next_dagrun for example_bash_operator to 2024-06-28 00:00:00+00:00, run_after=2024-06-29 00:00:00+00:00
[2024-06-29T11:15:11.872+0000] {processor.py:183} INFO - Processing /home/airflow/.local/lib/python3.12/site-packages/airflow/example_dags/example_bash_operator.py took 0.064 seconds
[2024-06-29T11:15:42.218+0000] {processor.py:161} INFO - Started process (PID=789) to work on /home/airflow/.local/lib/python3.12/site-packages/airflow/example_dags/example_bash_operator.py
[2024-06-29T11:15:42.220+0000] {processor.py:830} INFO - Processing file /home/airflow/.local/lib/python3.12/site-packages/airflow/example_dags/example_bash_operator.py for tasks to queue
[2024-06-29T11:15:42.222+0000] {logging_mixin.py:188} INFO - [2024-06-29T11:15:42.221+0000] {dagbag.py:545} INFO - Filling up the DagBag from /home/airflow/.local/lib/python3.12/site-packages/airflow/example_dags/example_bash_operator.py
[2024-06-29T11:15:42.233+0000] {processor.py:840} INFO - DAG(s) 'example_bash_operator' retrieved from /home/airflow/.local/lib/python3.12/site-packages/airflow/example_dags/example_bash_operator.py
[2024-06-29T11:15:42.254+0000] {logging_mixin.py:188} INFO - [2024-06-29T11:15:42.254+0000] {dag.py:3096} INFO - Sync 1 DAGs
[2024-06-29T11:15:42.266+0000] {logging_mixin.py:188} INFO - [2024-06-29T11:15:42.266+0000] {dag.py:3954} INFO - Setting next_dagrun for example_bash_operator to 2024-06-28 00:00:00+00:00, run_after=2024-06-29 00:00:00+00:00
[2024-06-29T11:15:42.276+0000] {processor.py:183} INFO - Processing /home/airflow/.local/lib/python3.12/site-packages/airflow/example_dags/example_bash_operator.py took 0.064 seconds
[2024-06-29T11:16:12.399+0000] {processor.py:161} INFO - Started process (PID=846) to work on /home/airflow/.local/lib/python3.12/site-packages/airflow/example_dags/example_bash_operator.py
[2024-06-29T11:16:12.400+0000] {processor.py:830} INFO - Processing file /home/airflow/.local/lib/python3.12/site-packages/airflow/example_dags/example_bash_operator.py for tasks to queue
[2024-06-29T11:16:12.402+0000] {logging_mixin.py:188} INFO - [2024-06-29T11:16:12.402+0000] {dagbag.py:545} INFO - Filling up the DagBag from /home/airflow/.local/lib/python3.12/site-packages/airflow/example_dags/example_bash_operator.py
[2024-06-29T11:16:12.413+0000] {processor.py:840} INFO - DAG(s) 'example_bash_operator' retrieved from /home/airflow/.local/lib/python3.12/site-packages/airflow/example_dags/example_bash_operator.py
[2024-06-29T11:16:12.436+0000] {logging_mixin.py:188} INFO - [2024-06-29T11:16:12.436+0000] {dag.py:3096} INFO - Sync 1 DAGs
[2024-06-29T11:16:12.450+0000] {logging_mixin.py:188} INFO - [2024-06-29T11:16:12.450+0000] {dag.py:3954} INFO - Setting next_dagrun for example_bash_operator to 2024-06-28 00:00:00+00:00, run_after=2024-06-29 00:00:00+00:00
[2024-06-29T11:16:12.459+0000] {processor.py:183} INFO - Processing /home/airflow/.local/lib/python3.12/site-packages/airflow/example_dags/example_bash_operator.py took 0.067 seconds
[2024-06-29T11:16:42.595+0000] {processor.py:161} INFO - Started process (PID=904) to work on /home/airflow/.local/lib/python3.12/site-packages/airflow/example_dags/example_bash_operator.py
[2024-06-29T11:16:42.596+0000] {processor.py:830} INFO - Processing file /home/airflow/.local/lib/python3.12/site-packages/airflow/example_dags/example_bash_operator.py for tasks to queue
[2024-06-29T11:16:42.598+0000] {logging_mixin.py:188} INFO - [2024-06-29T11:16:42.598+0000] {dagbag.py:545} INFO - Filling up the DagBag from /home/airflow/.local/lib/python3.12/site-packages/airflow/example_dags/example_bash_operator.py
[2024-06-29T11:16:42.609+0000] {processor.py:840} INFO - DAG(s) 'example_bash_operator' retrieved from /home/airflow/.local/lib/python3.12/site-packages/airflow/example_dags/example_bash_operator.py
[2024-06-29T11:16:42.631+0000] {logging_mixin.py:188} INFO - [2024-06-29T11:16:42.631+0000] {dag.py:3096} INFO - Sync 1 DAGs
[2024-06-29T11:16:42.643+0000] {logging_mixin.py:188} INFO - [2024-06-29T11:16:42.643+0000] {dag.py:3954} INFO - Setting next_dagrun for example_bash_operator to 2024-06-28 00:00:00+00:00, run_after=2024-06-29 00:00:00+00:00
[2024-06-29T11:16:42.652+0000] {processor.py:183} INFO - Processing /home/airflow/.local/lib/python3.12/site-packages/airflow/example_dags/example_bash_operator.py took 0.064 seconds
[2024-06-29T11:17:13.107+0000] {processor.py:161} INFO - Started process (PID=963) to work on /home/airflow/.local/lib/python3.12/site-packages/airflow/example_dags/example_bash_operator.py
[2024-06-29T11:17:13.109+0000] {processor.py:830} INFO - Processing file /home/airflow/.local/lib/python3.12/site-packages/airflow/example_dags/example_bash_operator.py for tasks to queue
[2024-06-29T11:17:13.112+0000] {logging_mixin.py:188} INFO - [2024-06-29T11:17:13.111+0000] {dagbag.py:545} INFO - Filling up the DagBag from /home/airflow/.local/lib/python3.12/site-packages/airflow/example_dags/example_bash_operator.py
[2024-06-29T11:17:13.126+0000] {processor.py:840} INFO - DAG(s) 'example_bash_operator' retrieved from /home/airflow/.local/lib/python3.12/site-packages/airflow/example_dags/example_bash_operator.py
[2024-06-29T11:17:13.149+0000] {logging_mixin.py:188} INFO - [2024-06-29T11:17:13.149+0000] {dag.py:3096} INFO - Sync 1 DAGs
[2024-06-29T11:17:13.162+0000] {logging_mixin.py:188} INFO - [2024-06-29T11:17:13.162+0000] {dag.py:3954} INFO - Setting next_dagrun for example_bash_operator to 2024-06-28 00:00:00+00:00, run_after=2024-06-29 00:00:00+00:00
[2024-06-29T11:17:13.171+0000] {processor.py:183} INFO - Processing /home/airflow/.local/lib/python3.12/site-packages/airflow/example_dags/example_bash_operator.py took 0.074 seconds
[2024-06-29T11:17:43.337+0000] {processor.py:161} INFO - Started process (PID=1021) to work on /home/airflow/.local/lib/python3.12/site-packages/airflow/example_dags/example_bash_operator.py
[2024-06-29T11:17:43.338+0000] {processor.py:830} INFO - Processing file /home/airflow/.local/lib/python3.12/site-packages/airflow/example_dags/example_bash_operator.py for tasks to queue
[2024-06-29T11:17:43.341+0000] {logging_mixin.py:188} INFO - [2024-06-29T11:17:43.340+0000] {dagbag.py:545} INFO - Filling up the DagBag from /home/airflow/.local/lib/python3.12/site-packages/airflow/example_dags/example_bash_operator.py
[2024-06-29T11:17:43.352+0000] {processor.py:840} INFO - DAG(s) 'example_bash_operator' retrieved from /home/airflow/.local/lib/python3.12/site-packages/airflow/example_dags/example_bash_operator.py
[2024-06-29T11:17:43.375+0000] {logging_mixin.py:188} INFO - [2024-06-29T11:17:43.374+0000] {dag.py:3096} INFO - Sync 1 DAGs
[2024-06-29T11:17:43.387+0000] {logging_mixin.py:188} INFO - [2024-06-29T11:17:43.387+0000] {dag.py:3954} INFO - Setting next_dagrun for example_bash_operator to 2024-06-28 00:00:00+00:00, run_after=2024-06-29 00:00:00+00:00
[2024-06-29T11:17:43.395+0000] {processor.py:183} INFO - Processing /home/airflow/.local/lib/python3.12/site-packages/airflow/example_dags/example_bash_operator.py took 0.065 seconds
[2024-06-29T11:18:13.539+0000] {processor.py:161} INFO - Started process (PID=1079) to work on /home/airflow/.local/lib/python3.12/site-packages/airflow/example_dags/example_bash_operator.py
[2024-06-29T11:18:13.540+0000] {processor.py:830} INFO - Processing file /home/airflow/.local/lib/python3.12/site-packages/airflow/example_dags/example_bash_operator.py for tasks to queue
[2024-06-29T11:18:13.542+0000] {logging_mixin.py:188} INFO - [2024-06-29T11:18:13.542+0000] {dagbag.py:545} INFO - Filling up the DagBag from /home/airflow/.local/lib/python3.12/site-packages/airflow/example_dags/example_bash_operator.py
[2024-06-29T11:18:13.553+0000] {processor.py:840} INFO - DAG(s) 'example_bash_operator' retrieved from /home/airflow/.local/lib/python3.12/site-packages/airflow/example_dags/example_bash_operator.py
[2024-06-29T11:18:13.574+0000] {logging_mixin.py:188} INFO - [2024-06-29T11:18:13.574+0000] {dag.py:3096} INFO - Sync 1 DAGs
[2024-06-29T11:18:13.586+0000] {logging_mixin.py:188} INFO - [2024-06-29T11:18:13.586+0000] {dag.py:3954} INFO - Setting next_dagrun for example_bash_operator to 2024-06-28 00:00:00+00:00, run_after=2024-06-29 00:00:00+00:00
[2024-06-29T11:18:13.595+0000] {processor.py:183} INFO - Processing /home/airflow/.local/lib/python3.12/site-packages/airflow/example_dags/example_bash_operator.py took 0.064 seconds
[2024-06-29T11:18:43.981+0000] {processor.py:161} INFO - Started process (PID=1137) to work on /home/airflow/.local/lib/python3.12/site-packages/airflow/example_dags/example_bash_operator.py
[2024-06-29T11:18:43.982+0000] {processor.py:830} INFO - Processing file /home/airflow/.local/lib/python3.12/site-packages/airflow/example_dags/example_bash_operator.py for tasks to queue
[2024-06-29T11:18:43.984+0000] {logging_mixin.py:188} INFO - [2024-06-29T11:18:43.984+0000] {dagbag.py:545} INFO - Filling up the DagBag from /home/airflow/.local/lib/python3.12/site-packages/airflow/example_dags/example_bash_operator.py
[2024-06-29T11:18:43.997+0000] {processor.py:840} INFO - DAG(s) 'example_bash_operator' retrieved from /home/airflow/.local/lib/python3.12/site-packages/airflow/example_dags/example_bash_operator.py
[2024-06-29T11:18:44.019+0000] {logging_mixin.py:188} INFO - [2024-06-29T11:18:44.019+0000] {dag.py:3096} INFO - Sync 1 DAGs
[2024-06-29T11:18:44.032+0000] {logging_mixin.py:188} INFO - [2024-06-29T11:18:44.031+0000] {dag.py:3954} INFO - Setting next_dagrun for example_bash_operator to 2024-06-28 00:00:00+00:00, run_after=2024-06-29 00:00:00+00:00
[2024-06-29T11:18:44.041+0000] {processor.py:183} INFO - Processing /home/airflow/.local/lib/python3.12/site-packages/airflow/example_dags/example_bash_operator.py took 0.068 seconds
[2024-06-29T11:19:14.356+0000] {processor.py:161} INFO - Started process (PID=1195) to work on /home/airflow/.local/lib/python3.12/site-packages/airflow/example_dags/example_bash_operator.py
[2024-06-29T11:19:14.357+0000] {processor.py:830} INFO - Processing file /home/airflow/.local/lib/python3.12/site-packages/airflow/example_dags/example_bash_operator.py for tasks to queue
[2024-06-29T11:19:14.359+0000] {logging_mixin.py:188} INFO - [2024-06-29T11:19:14.358+0000] {dagbag.py:545} INFO - Filling up the DagBag from /home/airflow/.local/lib/python3.12/site-packages/airflow/example_dags/example_bash_operator.py
[2024-06-29T11:19:14.369+0000] {processor.py:840} INFO - DAG(s) 'example_bash_operator' retrieved from /home/airflow/.local/lib/python3.12/site-packages/airflow/example_dags/example_bash_operator.py
[2024-06-29T11:19:14.391+0000] {logging_mixin.py:188} INFO - [2024-06-29T11:19:14.390+0000] {dag.py:3096} INFO - Sync 1 DAGs
[2024-06-29T11:19:14.403+0000] {logging_mixin.py:188} INFO - [2024-06-29T11:19:14.403+0000] {dag.py:3954} INFO - Setting next_dagrun for example_bash_operator to 2024-06-28 00:00:00+00:00, run_after=2024-06-29 00:00:00+00:00
[2024-06-29T11:19:14.412+0000] {processor.py:183} INFO - Processing /home/airflow/.local/lib/python3.12/site-packages/airflow/example_dags/example_bash_operator.py took 0.063 seconds
[2024-06-29T11:19:44.729+0000] {processor.py:161} INFO - Started process (PID=1253) to work on /home/airflow/.local/lib/python3.12/site-packages/airflow/example_dags/example_bash_operator.py
[2024-06-29T11:19:44.730+0000] {processor.py:830} INFO - Processing file /home/airflow/.local/lib/python3.12/site-packages/airflow/example_dags/example_bash_operator.py for tasks to queue
[2024-06-29T11:19:44.732+0000] {logging_mixin.py:188} INFO - [2024-06-29T11:19:44.731+0000] {dagbag.py:545} INFO - Filling up the DagBag from /home/airflow/.local/lib/python3.12/site-packages/airflow/example_dags/example_bash_operator.py
[2024-06-29T11:19:44.741+0000] {processor.py:840} INFO - DAG(s) 'example_bash_operator' retrieved from /home/airflow/.local/lib/python3.12/site-packages/airflow/example_dags/example_bash_operator.py
[2024-06-29T11:19:44.761+0000] {logging_mixin.py:188} INFO - [2024-06-29T11:19:44.761+0000] {dag.py:3096} INFO - Sync 1 DAGs
[2024-06-29T11:19:44.776+0000] {logging_mixin.py:188} INFO - [2024-06-29T11:19:44.775+0000] {dag.py:3954} INFO - Setting next_dagrun for example_bash_operator to 2024-06-28 00:00:00+00:00, run_after=2024-06-29 00:00:00+00:00
[2024-06-29T11:19:44.800+0000] {processor.py:183} INFO - Processing /home/airflow/.local/lib/python3.12/site-packages/airflow/example_dags/example_bash_operator.py took 0.076 seconds
[2024-06-29T11:20:14.927+0000] {processor.py:161} INFO - Started process (PID=1311) to work on /home/airflow/.local/lib/python3.12/site-packages/airflow/example_dags/example_bash_operator.py
[2024-06-29T11:20:14.929+0000] {processor.py:830} INFO - Processing file /home/airflow/.local/lib/python3.12/site-packages/airflow/example_dags/example_bash_operator.py for tasks to queue
[2024-06-29T11:20:14.931+0000] {logging_mixin.py:188} INFO - [2024-06-29T11:20:14.931+0000] {dagbag.py:545} INFO - Filling up the DagBag from /home/airflow/.local/lib/python3.12/site-packages/airflow/example_dags/example_bash_operator.py
[2024-06-29T11:20:14.944+0000] {processor.py:840} INFO - DAG(s) 'example_bash_operator' retrieved from /home/airflow/.local/lib/python3.12/site-packages/airflow/example_dags/example_bash_operator.py
[2024-06-29T11:20:14.967+0000] {logging_mixin.py:188} INFO - [2024-06-29T11:20:14.967+0000] {dag.py:3096} INFO - Sync 1 DAGs
[2024-06-29T11:20:14.980+0000] {logging_mixin.py:188} INFO - [2024-06-29T11:20:14.979+0000] {dag.py:3954} INFO - Setting next_dagrun for example_bash_operator to 2024-06-28 00:00:00+00:00, run_after=2024-06-29 00:00:00+00:00
[2024-06-29T11:20:14.989+0000] {processor.py:183} INFO - Processing /home/airflow/.local/lib/python3.12/site-packages/airflow/example_dags/example_bash_operator.py took 0.069 seconds
[2024-06-29T11:20:45.099+0000] {processor.py:161} INFO - Started process (PID=1369) to work on /home/airflow/.local/lib/python3.12/site-packages/airflow/example_dags/example_bash_operator.py
[2024-06-29T11:20:45.101+0000] {processor.py:830} INFO - Processing file /home/airflow/.local/lib/python3.12/site-packages/airflow/example_dags/example_bash_operator.py for tasks to queue
[2024-06-29T11:20:45.103+0000] {logging_mixin.py:188} INFO - [2024-06-29T11:20:45.102+0000] {dagbag.py:545} INFO - Filling up the DagBag from /home/airflow/.local/lib/python3.12/site-packages/airflow/example_dags/example_bash_operator.py
[2024-06-29T11:20:45.116+0000] {processor.py:840} INFO - DAG(s) 'example_bash_operator' retrieved from /home/airflow/.local/lib/python3.12/site-packages/airflow/example_dags/example_bash_operator.py
[2024-06-29T11:20:45.140+0000] {logging_mixin.py:188} INFO - [2024-06-29T11:20:45.140+0000] {dag.py:3096} INFO - Sync 1 DAGs
[2024-06-29T11:20:45.160+0000] {logging_mixin.py:188} INFO - [2024-06-29T11:20:45.160+0000] {dag.py:3954} INFO - Setting next_dagrun for example_bash_operator to 2024-06-28 00:00:00+00:00, run_after=2024-06-29 00:00:00+00:00
[2024-06-29T11:20:45.181+0000] {processor.py:183} INFO - Processing /home/airflow/.local/lib/python3.12/site-packages/airflow/example_dags/example_bash_operator.py took 0.087 seconds
[2024-06-29T11:21:15.393+0000] {processor.py:161} INFO - Started process (PID=1427) to work on /home/airflow/.local/lib/python3.12/site-packages/airflow/example_dags/example_bash_operator.py
[2024-06-29T11:21:15.394+0000] {processor.py:830} INFO - Processing file /home/airflow/.local/lib/python3.12/site-packages/airflow/example_dags/example_bash_operator.py for tasks to queue
[2024-06-29T11:21:15.396+0000] {logging_mixin.py:188} INFO - [2024-06-29T11:21:15.396+0000] {dagbag.py:545} INFO - Filling up the DagBag from /home/airflow/.local/lib/python3.12/site-packages/airflow/example_dags/example_bash_operator.py
[2024-06-29T11:21:15.409+0000] {processor.py:840} INFO - DAG(s) 'example_bash_operator' retrieved from /home/airflow/.local/lib/python3.12/site-packages/airflow/example_dags/example_bash_operator.py
[2024-06-29T11:21:15.431+0000] {logging_mixin.py:188} INFO - [2024-06-29T11:21:15.431+0000] {dag.py:3096} INFO - Sync 1 DAGs
[2024-06-29T11:21:15.443+0000] {logging_mixin.py:188} INFO - [2024-06-29T11:21:15.443+0000] {dag.py:3954} INFO - Setting next_dagrun for example_bash_operator to 2024-06-28 00:00:00+00:00, run_after=2024-06-29 00:00:00+00:00
[2024-06-29T11:21:15.453+0000] {processor.py:183} INFO - Processing /home/airflow/.local/lib/python3.12/site-packages/airflow/example_dags/example_bash_operator.py took 0.069 seconds
