[2024-06-29T11:09:06.982+0000] {processor.py:161} INFO - Started process (PID=27) to work on /home/airflow/.local/lib/python3.12/site-packages/airflow/example_dags/example_dag_decorator.py
[2024-06-29T11:09:06.983+0000] {processor.py:830} INFO - Processing file /home/airflow/.local/lib/python3.12/site-packages/airflow/example_dags/example_dag_decorator.py for tasks to queue
[2024-06-29T11:09:06.986+0000] {logging_mixin.py:188} INFO - [2024-06-29T11:09:06.985+0000] {dagbag.py:545} INFO - Filling up the DagBag from /home/airflow/.local/lib/python3.12/site-packages/airflow/example_dags/example_dag_decorator.py
[2024-06-29T11:09:07.312+0000] {processor.py:840} INFO - DAG(s) 'example_dag_decorator' retrieved from /home/airflow/.local/lib/python3.12/site-packages/airflow/example_dags/example_dag_decorator.py
[2024-06-29T11:09:07.368+0000] {logging_mixin.py:188} INFO - [2024-06-29T11:09:07.367+0000] {dag.py:3096} INFO - Sync 1 DAGs
[2024-06-29T11:09:07.381+0000] {logging_mixin.py:188} INFO - [2024-06-29T11:09:07.381+0000] {dag.py:3954} INFO - Setting next_dagrun for example_dag_decorator to None, run_after=None
[2024-06-29T11:09:07.417+0000] {processor.py:183} INFO - Processing /home/airflow/.local/lib/python3.12/site-packages/airflow/example_dags/example_dag_decorator.py took 0.452 seconds
[2024-06-29T11:09:37.682+0000] {processor.py:161} INFO - Started process (PID=85) to work on /home/airflow/.local/lib/python3.12/site-packages/airflow/example_dags/example_dag_decorator.py
[2024-06-29T11:09:37.684+0000] {processor.py:830} INFO - Processing file /home/airflow/.local/lib/python3.12/site-packages/airflow/example_dags/example_dag_decorator.py for tasks to queue
[2024-06-29T11:09:37.686+0000] {logging_mixin.py:188} INFO - [2024-06-29T11:09:37.686+0000] {dagbag.py:545} INFO - Filling up the DagBag from /home/airflow/.local/lib/python3.12/site-packages/airflow/example_dags/example_dag_decorator.py
[2024-06-29T11:09:37.754+0000] {processor.py:840} INFO - DAG(s) 'example_dag_decorator' retrieved from /home/airflow/.local/lib/python3.12/site-packages/airflow/example_dags/example_dag_decorator.py
[2024-06-29T11:09:37.820+0000] {logging_mixin.py:188} INFO - [2024-06-29T11:09:37.820+0000] {dag.py:3096} INFO - Sync 1 DAGs
[2024-06-29T11:09:37.826+0000] {logging_mixin.py:188} INFO - [2024-06-29T11:09:37.826+0000] {dag.py:3954} INFO - Setting next_dagrun for example_dag_decorator to None, run_after=None
[2024-06-29T11:09:37.836+0000] {processor.py:183} INFO - Processing /home/airflow/.local/lib/python3.12/site-packages/airflow/example_dags/example_dag_decorator.py took 0.161 seconds
[2024-06-29T11:10:07.923+0000] {processor.py:161} INFO - Started process (PID=143) to work on /home/airflow/.local/lib/python3.12/site-packages/airflow/example_dags/example_dag_decorator.py
[2024-06-29T11:10:07.925+0000] {processor.py:830} INFO - Processing file /home/airflow/.local/lib/python3.12/site-packages/airflow/example_dags/example_dag_decorator.py for tasks to queue
[2024-06-29T11:10:07.928+0000] {logging_mixin.py:188} INFO - [2024-06-29T11:10:07.928+0000] {dagbag.py:545} INFO - Filling up the DagBag from /home/airflow/.local/lib/python3.12/site-packages/airflow/example_dags/example_dag_decorator.py
[2024-06-29T11:10:07.999+0000] {processor.py:840} INFO - DAG(s) 'example_dag_decorator' retrieved from /home/airflow/.local/lib/python3.12/site-packages/airflow/example_dags/example_dag_decorator.py
[2024-06-29T11:10:08.054+0000] {logging_mixin.py:188} INFO - [2024-06-29T11:10:08.053+0000] {dag.py:3096} INFO - Sync 1 DAGs
[2024-06-29T11:10:08.060+0000] {logging_mixin.py:188} INFO - [2024-06-29T11:10:08.059+0000] {dag.py:3954} INFO - Setting next_dagrun for example_dag_decorator to None, run_after=None
[2024-06-29T11:10:08.069+0000] {processor.py:183} INFO - Processing /home/airflow/.local/lib/python3.12/site-packages/airflow/example_dags/example_dag_decorator.py took 0.157 seconds
[2024-06-29T11:10:38.187+0000] {processor.py:161} INFO - Started process (PID=201) to work on /home/airflow/.local/lib/python3.12/site-packages/airflow/example_dags/example_dag_decorator.py
[2024-06-29T11:10:38.188+0000] {processor.py:830} INFO - Processing file /home/airflow/.local/lib/python3.12/site-packages/airflow/example_dags/example_dag_decorator.py for tasks to queue
[2024-06-29T11:10:38.192+0000] {logging_mixin.py:188} INFO - [2024-06-29T11:10:38.191+0000] {dagbag.py:545} INFO - Filling up the DagBag from /home/airflow/.local/lib/python3.12/site-packages/airflow/example_dags/example_dag_decorator.py
[2024-06-29T11:10:38.271+0000] {processor.py:840} INFO - DAG(s) 'example_dag_decorator' retrieved from /home/airflow/.local/lib/python3.12/site-packages/airflow/example_dags/example_dag_decorator.py
[2024-06-29T11:10:38.331+0000] {logging_mixin.py:188} INFO - [2024-06-29T11:10:38.331+0000] {dag.py:3096} INFO - Sync 1 DAGs
[2024-06-29T11:10:38.337+0000] {logging_mixin.py:188} INFO - [2024-06-29T11:10:38.337+0000] {dag.py:3954} INFO - Setting next_dagrun for example_dag_decorator to None, run_after=None
[2024-06-29T11:10:38.346+0000] {processor.py:183} INFO - Processing /home/airflow/.local/lib/python3.12/site-packages/airflow/example_dags/example_dag_decorator.py took 0.171 seconds
[2024-06-29T11:11:08.456+0000] {processor.py:161} INFO - Started process (PID=259) to work on /home/airflow/.local/lib/python3.12/site-packages/airflow/example_dags/example_dag_decorator.py
[2024-06-29T11:11:08.458+0000] {processor.py:830} INFO - Processing file /home/airflow/.local/lib/python3.12/site-packages/airflow/example_dags/example_dag_decorator.py for tasks to queue
[2024-06-29T11:11:08.461+0000] {logging_mixin.py:188} INFO - [2024-06-29T11:11:08.460+0000] {dagbag.py:545} INFO - Filling up the DagBag from /home/airflow/.local/lib/python3.12/site-packages/airflow/example_dags/example_dag_decorator.py
[2024-06-29T11:11:08.527+0000] {processor.py:840} INFO - DAG(s) 'example_dag_decorator' retrieved from /home/airflow/.local/lib/python3.12/site-packages/airflow/example_dags/example_dag_decorator.py
[2024-06-29T11:11:08.579+0000] {logging_mixin.py:188} INFO - [2024-06-29T11:11:08.579+0000] {dag.py:3096} INFO - Sync 1 DAGs
[2024-06-29T11:11:08.585+0000] {logging_mixin.py:188} INFO - [2024-06-29T11:11:08.585+0000] {dag.py:3954} INFO - Setting next_dagrun for example_dag_decorator to None, run_after=None
[2024-06-29T11:11:08.595+0000] {processor.py:183} INFO - Processing /home/airflow/.local/lib/python3.12/site-packages/airflow/example_dags/example_dag_decorator.py took 0.148 seconds
[2024-06-29T11:11:39.301+0000] {processor.py:161} INFO - Started process (PID=317) to work on /home/airflow/.local/lib/python3.12/site-packages/airflow/example_dags/example_dag_decorator.py
[2024-06-29T11:11:39.302+0000] {processor.py:830} INFO - Processing file /home/airflow/.local/lib/python3.12/site-packages/airflow/example_dags/example_dag_decorator.py for tasks to queue
[2024-06-29T11:11:39.306+0000] {logging_mixin.py:188} INFO - [2024-06-29T11:11:39.305+0000] {dagbag.py:545} INFO - Filling up the DagBag from /home/airflow/.local/lib/python3.12/site-packages/airflow/example_dags/example_dag_decorator.py
[2024-06-29T11:11:39.377+0000] {processor.py:840} INFO - DAG(s) 'example_dag_decorator' retrieved from /home/airflow/.local/lib/python3.12/site-packages/airflow/example_dags/example_dag_decorator.py
[2024-06-29T11:11:39.436+0000] {logging_mixin.py:188} INFO - [2024-06-29T11:11:39.436+0000] {dag.py:3096} INFO - Sync 1 DAGs
[2024-06-29T11:11:39.441+0000] {logging_mixin.py:188} INFO - [2024-06-29T11:11:39.441+0000] {dag.py:3954} INFO - Setting next_dagrun for example_dag_decorator to None, run_after=None
[2024-06-29T11:11:39.451+0000] {processor.py:183} INFO - Processing /home/airflow/.local/lib/python3.12/site-packages/airflow/example_dags/example_dag_decorator.py took 0.159 seconds
[2024-06-29T11:12:09.552+0000] {processor.py:161} INFO - Started process (PID=376) to work on /home/airflow/.local/lib/python3.12/site-packages/airflow/example_dags/example_dag_decorator.py
[2024-06-29T11:12:09.553+0000] {processor.py:830} INFO - Processing file /home/airflow/.local/lib/python3.12/site-packages/airflow/example_dags/example_dag_decorator.py for tasks to queue
[2024-06-29T11:12:09.557+0000] {logging_mixin.py:188} INFO - [2024-06-29T11:12:09.556+0000] {dagbag.py:545} INFO - Filling up the DagBag from /home/airflow/.local/lib/python3.12/site-packages/airflow/example_dags/example_dag_decorator.py
[2024-06-29T11:12:09.621+0000] {processor.py:840} INFO - DAG(s) 'example_dag_decorator' retrieved from /home/airflow/.local/lib/python3.12/site-packages/airflow/example_dags/example_dag_decorator.py
[2024-06-29T11:12:09.674+0000] {logging_mixin.py:188} INFO - [2024-06-29T11:12:09.673+0000] {dag.py:3096} INFO - Sync 1 DAGs
[2024-06-29T11:12:09.680+0000] {logging_mixin.py:188} INFO - [2024-06-29T11:12:09.680+0000] {dag.py:3954} INFO - Setting next_dagrun for example_dag_decorator to None, run_after=None
[2024-06-29T11:12:09.698+0000] {processor.py:183} INFO - Processing /home/airflow/.local/lib/python3.12/site-packages/airflow/example_dags/example_dag_decorator.py took 0.154 seconds
[2024-06-29T11:12:39.790+0000] {processor.py:161} INFO - Started process (PID=435) to work on /home/airflow/.local/lib/python3.12/site-packages/airflow/example_dags/example_dag_decorator.py
[2024-06-29T11:12:39.791+0000] {processor.py:830} INFO - Processing file /home/airflow/.local/lib/python3.12/site-packages/airflow/example_dags/example_dag_decorator.py for tasks to queue
[2024-06-29T11:12:39.792+0000] {logging_mixin.py:188} INFO - [2024-06-29T11:12:39.792+0000] {dagbag.py:545} INFO - Filling up the DagBag from /home/airflow/.local/lib/python3.12/site-packages/airflow/example_dags/example_dag_decorator.py
[2024-06-29T11:12:39.852+0000] {processor.py:840} INFO - DAG(s) 'example_dag_decorator' retrieved from /home/airflow/.local/lib/python3.12/site-packages/airflow/example_dags/example_dag_decorator.py
[2024-06-29T11:12:39.910+0000] {logging_mixin.py:188} INFO - [2024-06-29T11:12:39.910+0000] {dag.py:3096} INFO - Sync 1 DAGs
[2024-06-29T11:12:39.915+0000] {logging_mixin.py:188} INFO - [2024-06-29T11:12:39.915+0000] {dag.py:3954} INFO - Setting next_dagrun for example_dag_decorator to None, run_after=None
[2024-06-29T11:12:39.924+0000] {processor.py:183} INFO - Processing /home/airflow/.local/lib/python3.12/site-packages/airflow/example_dags/example_dag_decorator.py took 0.137 seconds
[2024-06-29T11:13:10.004+0000] {processor.py:161} INFO - Started process (PID=494) to work on /home/airflow/.local/lib/python3.12/site-packages/airflow/example_dags/example_dag_decorator.py
[2024-06-29T11:13:10.004+0000] {processor.py:830} INFO - Processing file /home/airflow/.local/lib/python3.12/site-packages/airflow/example_dags/example_dag_decorator.py for tasks to queue
[2024-06-29T11:13:10.005+0000] {logging_mixin.py:188} INFO - [2024-06-29T11:13:10.005+0000] {dagbag.py:545} INFO - Filling up the DagBag from /home/airflow/.local/lib/python3.12/site-packages/airflow/example_dags/example_dag_decorator.py
[2024-06-29T11:13:10.056+0000] {processor.py:840} INFO - DAG(s) 'example_dag_decorator' retrieved from /home/airflow/.local/lib/python3.12/site-packages/airflow/example_dags/example_dag_decorator.py
[2024-06-29T11:13:10.108+0000] {logging_mixin.py:188} INFO - [2024-06-29T11:13:10.108+0000] {dag.py:3096} INFO - Sync 1 DAGs
[2024-06-29T11:13:10.113+0000] {logging_mixin.py:188} INFO - [2024-06-29T11:13:10.113+0000] {dag.py:3954} INFO - Setting next_dagrun for example_dag_decorator to None, run_after=None
[2024-06-29T11:13:10.121+0000] {processor.py:183} INFO - Processing /home/airflow/.local/lib/python3.12/site-packages/airflow/example_dags/example_dag_decorator.py took 0.121 seconds
[2024-06-29T11:13:40.175+0000] {processor.py:161} INFO - Started process (PID=554) to work on /home/airflow/.local/lib/python3.12/site-packages/airflow/example_dags/example_dag_decorator.py
[2024-06-29T11:13:40.175+0000] {processor.py:830} INFO - Processing file /home/airflow/.local/lib/python3.12/site-packages/airflow/example_dags/example_dag_decorator.py for tasks to queue
[2024-06-29T11:13:40.177+0000] {logging_mixin.py:188} INFO - [2024-06-29T11:13:40.176+0000] {dagbag.py:545} INFO - Filling up the DagBag from /home/airflow/.local/lib/python3.12/site-packages/airflow/example_dags/example_dag_decorator.py
[2024-06-29T11:13:40.225+0000] {processor.py:840} INFO - DAG(s) 'example_dag_decorator' retrieved from /home/airflow/.local/lib/python3.12/site-packages/airflow/example_dags/example_dag_decorator.py
[2024-06-29T11:13:40.277+0000] {logging_mixin.py:188} INFO - [2024-06-29T11:13:40.277+0000] {dag.py:3096} INFO - Sync 1 DAGs
[2024-06-29T11:13:40.282+0000] {logging_mixin.py:188} INFO - [2024-06-29T11:13:40.282+0000] {dag.py:3954} INFO - Setting next_dagrun for example_dag_decorator to None, run_after=None
[2024-06-29T11:13:40.291+0000] {processor.py:183} INFO - Processing /home/airflow/.local/lib/python3.12/site-packages/airflow/example_dags/example_dag_decorator.py took 0.120 seconds
[2024-06-29T11:14:10.320+0000] {processor.py:161} INFO - Started process (PID=612) to work on /home/airflow/.local/lib/python3.12/site-packages/airflow/example_dags/example_dag_decorator.py
[2024-06-29T11:14:10.320+0000] {processor.py:830} INFO - Processing file /home/airflow/.local/lib/python3.12/site-packages/airflow/example_dags/example_dag_decorator.py for tasks to queue
[2024-06-29T11:14:10.322+0000] {logging_mixin.py:188} INFO - [2024-06-29T11:14:10.322+0000] {dagbag.py:545} INFO - Filling up the DagBag from /home/airflow/.local/lib/python3.12/site-packages/airflow/example_dags/example_dag_decorator.py
[2024-06-29T11:14:10.382+0000] {processor.py:840} INFO - DAG(s) 'example_dag_decorator' retrieved from /home/airflow/.local/lib/python3.12/site-packages/airflow/example_dags/example_dag_decorator.py
[2024-06-29T11:14:10.450+0000] {logging_mixin.py:188} INFO - [2024-06-29T11:14:10.450+0000] {dag.py:3096} INFO - Sync 1 DAGs
[2024-06-29T11:14:10.459+0000] {logging_mixin.py:188} INFO - [2024-06-29T11:14:10.459+0000] {dag.py:3954} INFO - Setting next_dagrun for example_dag_decorator to None, run_after=None
[2024-06-29T11:14:10.471+0000] {processor.py:183} INFO - Processing /home/airflow/.local/lib/python3.12/site-packages/airflow/example_dags/example_dag_decorator.py took 0.155 seconds
[2024-06-29T11:14:40.494+0000] {processor.py:161} INFO - Started process (PID=670) to work on /home/airflow/.local/lib/python3.12/site-packages/airflow/example_dags/example_dag_decorator.py
[2024-06-29T11:14:40.495+0000] {processor.py:830} INFO - Processing file /home/airflow/.local/lib/python3.12/site-packages/airflow/example_dags/example_dag_decorator.py for tasks to queue
[2024-06-29T11:14:40.496+0000] {logging_mixin.py:188} INFO - [2024-06-29T11:14:40.496+0000] {dagbag.py:545} INFO - Filling up the DagBag from /home/airflow/.local/lib/python3.12/site-packages/airflow/example_dags/example_dag_decorator.py
[2024-06-29T11:14:40.556+0000] {processor.py:840} INFO - DAG(s) 'example_dag_decorator' retrieved from /home/airflow/.local/lib/python3.12/site-packages/airflow/example_dags/example_dag_decorator.py
[2024-06-29T11:14:40.611+0000] {logging_mixin.py:188} INFO - [2024-06-29T11:14:40.611+0000] {dag.py:3096} INFO - Sync 1 DAGs
[2024-06-29T11:14:40.616+0000] {logging_mixin.py:188} INFO - [2024-06-29T11:14:40.616+0000] {dag.py:3954} INFO - Setting next_dagrun for example_dag_decorator to None, run_after=None
[2024-06-29T11:14:40.625+0000] {processor.py:183} INFO - Processing /home/airflow/.local/lib/python3.12/site-packages/airflow/example_dags/example_dag_decorator.py took 0.134 seconds
[2024-06-29T11:15:10.699+0000] {processor.py:161} INFO - Started process (PID=729) to work on /home/airflow/.local/lib/python3.12/site-packages/airflow/example_dags/example_dag_decorator.py
[2024-06-29T11:15:10.700+0000] {processor.py:830} INFO - Processing file /home/airflow/.local/lib/python3.12/site-packages/airflow/example_dags/example_dag_decorator.py for tasks to queue
[2024-06-29T11:15:10.701+0000] {logging_mixin.py:188} INFO - [2024-06-29T11:15:10.701+0000] {dagbag.py:545} INFO - Filling up the DagBag from /home/airflow/.local/lib/python3.12/site-packages/airflow/example_dags/example_dag_decorator.py
[2024-06-29T11:15:10.751+0000] {processor.py:840} INFO - DAG(s) 'example_dag_decorator' retrieved from /home/airflow/.local/lib/python3.12/site-packages/airflow/example_dags/example_dag_decorator.py
[2024-06-29T11:15:10.801+0000] {logging_mixin.py:188} INFO - [2024-06-29T11:15:10.801+0000] {dag.py:3096} INFO - Sync 1 DAGs
[2024-06-29T11:15:10.805+0000] {logging_mixin.py:188} INFO - [2024-06-29T11:15:10.805+0000] {dag.py:3954} INFO - Setting next_dagrun for example_dag_decorator to None, run_after=None
[2024-06-29T11:15:10.813+0000] {processor.py:183} INFO - Processing /home/airflow/.local/lib/python3.12/site-packages/airflow/example_dags/example_dag_decorator.py took 0.118 seconds
[2024-06-29T11:15:40.881+0000] {processor.py:161} INFO - Started process (PID=782) to work on /home/airflow/.local/lib/python3.12/site-packages/airflow/example_dags/example_dag_decorator.py
[2024-06-29T11:15:40.883+0000] {processor.py:830} INFO - Processing file /home/airflow/.local/lib/python3.12/site-packages/airflow/example_dags/example_dag_decorator.py for tasks to queue
[2024-06-29T11:15:40.886+0000] {logging_mixin.py:188} INFO - [2024-06-29T11:15:40.885+0000] {dagbag.py:545} INFO - Filling up the DagBag from /home/airflow/.local/lib/python3.12/site-packages/airflow/example_dags/example_dag_decorator.py
[2024-06-29T11:15:40.953+0000] {processor.py:840} INFO - DAG(s) 'example_dag_decorator' retrieved from /home/airflow/.local/lib/python3.12/site-packages/airflow/example_dags/example_dag_decorator.py
[2024-06-29T11:15:41.004+0000] {logging_mixin.py:188} INFO - [2024-06-29T11:15:41.004+0000] {dag.py:3096} INFO - Sync 1 DAGs
[2024-06-29T11:15:41.113+0000] {logging_mixin.py:188} INFO - [2024-06-29T11:15:41.113+0000] {dag.py:3954} INFO - Setting next_dagrun for example_dag_decorator to None, run_after=None
[2024-06-29T11:15:41.122+0000] {processor.py:183} INFO - Processing /home/airflow/.local/lib/python3.12/site-packages/airflow/example_dags/example_dag_decorator.py took 0.250 seconds
[2024-06-29T11:16:11.148+0000] {processor.py:161} INFO - Started process (PID=841) to work on /home/airflow/.local/lib/python3.12/site-packages/airflow/example_dags/example_dag_decorator.py
[2024-06-29T11:16:11.149+0000] {processor.py:830} INFO - Processing file /home/airflow/.local/lib/python3.12/site-packages/airflow/example_dags/example_dag_decorator.py for tasks to queue
[2024-06-29T11:16:11.150+0000] {logging_mixin.py:188} INFO - [2024-06-29T11:16:11.150+0000] {dagbag.py:545} INFO - Filling up the DagBag from /home/airflow/.local/lib/python3.12/site-packages/airflow/example_dags/example_dag_decorator.py
[2024-06-29T11:16:11.207+0000] {processor.py:840} INFO - DAG(s) 'example_dag_decorator' retrieved from /home/airflow/.local/lib/python3.12/site-packages/airflow/example_dags/example_dag_decorator.py
[2024-06-29T11:16:11.261+0000] {logging_mixin.py:188} INFO - [2024-06-29T11:16:11.261+0000] {dag.py:3096} INFO - Sync 1 DAGs
[2024-06-29T11:16:11.267+0000] {logging_mixin.py:188} INFO - [2024-06-29T11:16:11.267+0000] {dag.py:3954} INFO - Setting next_dagrun for example_dag_decorator to None, run_after=None
[2024-06-29T11:16:11.371+0000] {processor.py:183} INFO - Processing /home/airflow/.local/lib/python3.12/site-packages/airflow/example_dags/example_dag_decorator.py took 0.226 seconds
[2024-06-29T11:16:41.476+0000] {processor.py:161} INFO - Started process (PID=901) to work on /home/airflow/.local/lib/python3.12/site-packages/airflow/example_dags/example_dag_decorator.py
[2024-06-29T11:16:41.476+0000] {processor.py:830} INFO - Processing file /home/airflow/.local/lib/python3.12/site-packages/airflow/example_dags/example_dag_decorator.py for tasks to queue
[2024-06-29T11:16:41.478+0000] {logging_mixin.py:188} INFO - [2024-06-29T11:16:41.477+0000] {dagbag.py:545} INFO - Filling up the DagBag from /home/airflow/.local/lib/python3.12/site-packages/airflow/example_dags/example_dag_decorator.py
[2024-06-29T11:16:41.529+0000] {processor.py:840} INFO - DAG(s) 'example_dag_decorator' retrieved from /home/airflow/.local/lib/python3.12/site-packages/airflow/example_dags/example_dag_decorator.py
[2024-06-29T11:16:41.580+0000] {logging_mixin.py:188} INFO - [2024-06-29T11:16:41.579+0000] {dag.py:3096} INFO - Sync 1 DAGs
[2024-06-29T11:16:41.664+0000] {logging_mixin.py:188} INFO - [2024-06-29T11:16:41.664+0000] {dag.py:3954} INFO - Setting next_dagrun for example_dag_decorator to None, run_after=None
[2024-06-29T11:16:41.672+0000] {processor.py:183} INFO - Processing /home/airflow/.local/lib/python3.12/site-packages/airflow/example_dags/example_dag_decorator.py took 0.200 seconds
[2024-06-29T11:17:11.756+0000] {processor.py:161} INFO - Started process (PID=956) to work on /home/airflow/.local/lib/python3.12/site-packages/airflow/example_dags/example_dag_decorator.py
[2024-06-29T11:17:11.758+0000] {processor.py:830} INFO - Processing file /home/airflow/.local/lib/python3.12/site-packages/airflow/example_dags/example_dag_decorator.py for tasks to queue
[2024-06-29T11:17:11.762+0000] {logging_mixin.py:188} INFO - [2024-06-29T11:17:11.761+0000] {dagbag.py:545} INFO - Filling up the DagBag from /home/airflow/.local/lib/python3.12/site-packages/airflow/example_dags/example_dag_decorator.py
[2024-06-29T11:17:11.830+0000] {processor.py:840} INFO - DAG(s) 'example_dag_decorator' retrieved from /home/airflow/.local/lib/python3.12/site-packages/airflow/example_dags/example_dag_decorator.py
[2024-06-29T11:17:11.991+0000] {logging_mixin.py:188} INFO - [2024-06-29T11:17:11.991+0000] {dag.py:3096} INFO - Sync 1 DAGs
[2024-06-29T11:17:11.996+0000] {logging_mixin.py:188} INFO - [2024-06-29T11:17:11.996+0000] {dag.py:3954} INFO - Setting next_dagrun for example_dag_decorator to None, run_after=None
[2024-06-29T11:17:12.004+0000] {processor.py:183} INFO - Processing /home/airflow/.local/lib/python3.12/site-packages/airflow/example_dags/example_dag_decorator.py took 0.258 seconds
[2024-06-29T11:17:42.046+0000] {processor.py:161} INFO - Started process (PID=1017) to work on /home/airflow/.local/lib/python3.12/site-packages/airflow/example_dags/example_dag_decorator.py
[2024-06-29T11:17:42.047+0000] {processor.py:830} INFO - Processing file /home/airflow/.local/lib/python3.12/site-packages/airflow/example_dags/example_dag_decorator.py for tasks to queue
[2024-06-29T11:17:42.048+0000] {logging_mixin.py:188} INFO - [2024-06-29T11:17:42.048+0000] {dagbag.py:545} INFO - Filling up the DagBag from /home/airflow/.local/lib/python3.12/site-packages/airflow/example_dags/example_dag_decorator.py
[2024-06-29T11:17:42.093+0000] {processor.py:840} INFO - DAG(s) 'example_dag_decorator' retrieved from /home/airflow/.local/lib/python3.12/site-packages/airflow/example_dags/example_dag_decorator.py
[2024-06-29T11:17:42.218+0000] {logging_mixin.py:188} INFO - [2024-06-29T11:17:42.218+0000] {dag.py:3096} INFO - Sync 1 DAGs
[2024-06-29T11:17:42.222+0000] {logging_mixin.py:188} INFO - [2024-06-29T11:17:42.222+0000] {dag.py:3954} INFO - Setting next_dagrun for example_dag_decorator to None, run_after=None
[2024-06-29T11:17:42.229+0000] {processor.py:183} INFO - Processing /home/airflow/.local/lib/python3.12/site-packages/airflow/example_dags/example_dag_decorator.py took 0.186 seconds
[2024-06-29T11:18:12.321+0000] {processor.py:161} INFO - Started process (PID=1075) to work on /home/airflow/.local/lib/python3.12/site-packages/airflow/example_dags/example_dag_decorator.py
[2024-06-29T11:18:12.322+0000] {processor.py:830} INFO - Processing file /home/airflow/.local/lib/python3.12/site-packages/airflow/example_dags/example_dag_decorator.py for tasks to queue
[2024-06-29T11:18:12.323+0000] {logging_mixin.py:188} INFO - [2024-06-29T11:18:12.323+0000] {dagbag.py:545} INFO - Filling up the DagBag from /home/airflow/.local/lib/python3.12/site-packages/airflow/example_dags/example_dag_decorator.py
[2024-06-29T11:18:12.377+0000] {processor.py:840} INFO - DAG(s) 'example_dag_decorator' retrieved from /home/airflow/.local/lib/python3.12/site-packages/airflow/example_dags/example_dag_decorator.py
[2024-06-29T11:18:12.515+0000] {logging_mixin.py:188} INFO - [2024-06-29T11:18:12.515+0000] {dag.py:3096} INFO - Sync 1 DAGs
[2024-06-29T11:18:12.519+0000] {logging_mixin.py:188} INFO - [2024-06-29T11:18:12.519+0000] {dag.py:3954} INFO - Setting next_dagrun for example_dag_decorator to None, run_after=None
[2024-06-29T11:18:12.527+0000] {processor.py:183} INFO - Processing /home/airflow/.local/lib/python3.12/site-packages/airflow/example_dags/example_dag_decorator.py took 0.209 seconds
[2024-06-29T11:18:42.650+0000] {processor.py:161} INFO - Started process (PID=1130) to work on /home/airflow/.local/lib/python3.12/site-packages/airflow/example_dags/example_dag_decorator.py
[2024-06-29T11:18:42.652+0000] {processor.py:830} INFO - Processing file /home/airflow/.local/lib/python3.12/site-packages/airflow/example_dags/example_dag_decorator.py for tasks to queue
[2024-06-29T11:18:42.655+0000] {logging_mixin.py:188} INFO - [2024-06-29T11:18:42.654+0000] {dagbag.py:545} INFO - Filling up the DagBag from /home/airflow/.local/lib/python3.12/site-packages/airflow/example_dags/example_dag_decorator.py
[2024-06-29T11:18:42.722+0000] {processor.py:840} INFO - DAG(s) 'example_dag_decorator' retrieved from /home/airflow/.local/lib/python3.12/site-packages/airflow/example_dags/example_dag_decorator.py
[2024-06-29T11:18:42.874+0000] {logging_mixin.py:188} INFO - [2024-06-29T11:18:42.874+0000] {dag.py:3096} INFO - Sync 1 DAGs
[2024-06-29T11:18:42.879+0000] {logging_mixin.py:188} INFO - [2024-06-29T11:18:42.879+0000] {dag.py:3954} INFO - Setting next_dagrun for example_dag_decorator to None, run_after=None
[2024-06-29T11:18:42.888+0000] {processor.py:183} INFO - Processing /home/airflow/.local/lib/python3.12/site-packages/airflow/example_dags/example_dag_decorator.py took 0.247 seconds
[2024-06-29T11:19:13.035+0000] {processor.py:161} INFO - Started process (PID=1188) to work on /home/airflow/.local/lib/python3.12/site-packages/airflow/example_dags/example_dag_decorator.py
[2024-06-29T11:19:13.036+0000] {processor.py:830} INFO - Processing file /home/airflow/.local/lib/python3.12/site-packages/airflow/example_dags/example_dag_decorator.py for tasks to queue
[2024-06-29T11:19:13.039+0000] {logging_mixin.py:188} INFO - [2024-06-29T11:19:13.038+0000] {dagbag.py:545} INFO - Filling up the DagBag from /home/airflow/.local/lib/python3.12/site-packages/airflow/example_dags/example_dag_decorator.py
[2024-06-29T11:19:13.106+0000] {processor.py:840} INFO - DAG(s) 'example_dag_decorator' retrieved from /home/airflow/.local/lib/python3.12/site-packages/airflow/example_dags/example_dag_decorator.py
[2024-06-29T11:19:13.243+0000] {logging_mixin.py:188} INFO - [2024-06-29T11:19:13.243+0000] {dag.py:3096} INFO - Sync 1 DAGs
[2024-06-29T11:19:13.248+0000] {logging_mixin.py:188} INFO - [2024-06-29T11:19:13.247+0000] {dag.py:3954} INFO - Setting next_dagrun for example_dag_decorator to None, run_after=None
[2024-06-29T11:19:13.256+0000] {processor.py:183} INFO - Processing /home/airflow/.local/lib/python3.12/site-packages/airflow/example_dags/example_dag_decorator.py took 0.231 seconds
[2024-06-29T11:19:43.416+0000] {processor.py:161} INFO - Started process (PID=1249) to work on /home/airflow/.local/lib/python3.12/site-packages/airflow/example_dags/example_dag_decorator.py
[2024-06-29T11:19:43.417+0000] {processor.py:830} INFO - Processing file /home/airflow/.local/lib/python3.12/site-packages/airflow/example_dags/example_dag_decorator.py for tasks to queue
[2024-06-29T11:19:43.418+0000] {logging_mixin.py:188} INFO - [2024-06-29T11:19:43.418+0000] {dagbag.py:545} INFO - Filling up the DagBag from /home/airflow/.local/lib/python3.12/site-packages/airflow/example_dags/example_dag_decorator.py
[2024-06-29T11:19:43.488+0000] {processor.py:840} INFO - DAG(s) 'example_dag_decorator' retrieved from /home/airflow/.local/lib/python3.12/site-packages/airflow/example_dags/example_dag_decorator.py
[2024-06-29T11:19:43.754+0000] {logging_mixin.py:188} INFO - [2024-06-29T11:19:43.754+0000] {dag.py:3096} INFO - Sync 1 DAGs
[2024-06-29T11:19:43.759+0000] {logging_mixin.py:188} INFO - [2024-06-29T11:19:43.759+0000] {dag.py:3954} INFO - Setting next_dagrun for example_dag_decorator to None, run_after=None
[2024-06-29T11:19:43.767+0000] {processor.py:183} INFO - Processing /home/airflow/.local/lib/python3.12/site-packages/airflow/example_dags/example_dag_decorator.py took 0.355 seconds
[2024-06-29T11:20:13.813+0000] {processor.py:161} INFO - Started process (PID=1308) to work on /home/airflow/.local/lib/python3.12/site-packages/airflow/example_dags/example_dag_decorator.py
[2024-06-29T11:20:13.813+0000] {processor.py:830} INFO - Processing file /home/airflow/.local/lib/python3.12/site-packages/airflow/example_dags/example_dag_decorator.py for tasks to queue
[2024-06-29T11:20:13.815+0000] {logging_mixin.py:188} INFO - [2024-06-29T11:20:13.814+0000] {dagbag.py:545} INFO - Filling up the DagBag from /home/airflow/.local/lib/python3.12/site-packages/airflow/example_dags/example_dag_decorator.py
[2024-06-29T11:20:13.865+0000] {processor.py:840} INFO - DAG(s) 'example_dag_decorator' retrieved from /home/airflow/.local/lib/python3.12/site-packages/airflow/example_dags/example_dag_decorator.py
[2024-06-29T11:20:13.999+0000] {logging_mixin.py:188} INFO - [2024-06-29T11:20:13.999+0000] {dag.py:3096} INFO - Sync 1 DAGs
[2024-06-29T11:20:14.004+0000] {logging_mixin.py:188} INFO - [2024-06-29T11:20:14.004+0000] {dag.py:3954} INFO - Setting next_dagrun for example_dag_decorator to None, run_after=None
[2024-06-29T11:20:14.012+0000] {processor.py:183} INFO - Processing /home/airflow/.local/lib/python3.12/site-packages/airflow/example_dags/example_dag_decorator.py took 0.203 seconds
[2024-06-29T11:20:44.051+0000] {processor.py:161} INFO - Started process (PID=1367) to work on /home/airflow/.local/lib/python3.12/site-packages/airflow/example_dags/example_dag_decorator.py
[2024-06-29T11:20:44.051+0000] {processor.py:830} INFO - Processing file /home/airflow/.local/lib/python3.12/site-packages/airflow/example_dags/example_dag_decorator.py for tasks to queue
[2024-06-29T11:20:44.053+0000] {logging_mixin.py:188} INFO - [2024-06-29T11:20:44.052+0000] {dagbag.py:545} INFO - Filling up the DagBag from /home/airflow/.local/lib/python3.12/site-packages/airflow/example_dags/example_dag_decorator.py
[2024-06-29T11:20:44.102+0000] {processor.py:840} INFO - DAG(s) 'example_dag_decorator' retrieved from /home/airflow/.local/lib/python3.12/site-packages/airflow/example_dags/example_dag_decorator.py
[2024-06-29T11:20:44.228+0000] {logging_mixin.py:188} INFO - [2024-06-29T11:20:44.228+0000] {dag.py:3096} INFO - Sync 1 DAGs
[2024-06-29T11:20:44.233+0000] {logging_mixin.py:188} INFO - [2024-06-29T11:20:44.233+0000] {dag.py:3954} INFO - Setting next_dagrun for example_dag_decorator to None, run_after=None
[2024-06-29T11:20:44.240+0000] {processor.py:183} INFO - Processing /home/airflow/.local/lib/python3.12/site-packages/airflow/example_dags/example_dag_decorator.py took 0.193 seconds
[2024-06-29T11:21:14.319+0000] {processor.py:161} INFO - Started process (PID=1425) to work on /home/airflow/.local/lib/python3.12/site-packages/airflow/example_dags/example_dag_decorator.py
[2024-06-29T11:21:14.319+0000] {processor.py:830} INFO - Processing file /home/airflow/.local/lib/python3.12/site-packages/airflow/example_dags/example_dag_decorator.py for tasks to queue
[2024-06-29T11:21:14.321+0000] {logging_mixin.py:188} INFO - [2024-06-29T11:21:14.320+0000] {dagbag.py:545} INFO - Filling up the DagBag from /home/airflow/.local/lib/python3.12/site-packages/airflow/example_dags/example_dag_decorator.py
[2024-06-29T11:21:14.371+0000] {processor.py:840} INFO - DAG(s) 'example_dag_decorator' retrieved from /home/airflow/.local/lib/python3.12/site-packages/airflow/example_dags/example_dag_decorator.py
[2024-06-29T11:21:14.505+0000] {logging_mixin.py:188} INFO - [2024-06-29T11:21:14.505+0000] {dag.py:3096} INFO - Sync 1 DAGs
[2024-06-29T11:21:14.510+0000] {logging_mixin.py:188} INFO - [2024-06-29T11:21:14.510+0000] {dag.py:3954} INFO - Setting next_dagrun for example_dag_decorator to None, run_after=None
[2024-06-29T11:21:14.518+0000] {processor.py:183} INFO - Processing /home/airflow/.local/lib/python3.12/site-packages/airflow/example_dags/example_dag_decorator.py took 0.203 seconds
