[2024-06-29T11:09:08.988+0000] {processor.py:161} INFO - Started process (PID=58) to work on /home/airflow/.local/lib/python3.12/site-packages/airflow/example_dags/example_branch_python_dop_operator_3.py
[2024-06-29T11:09:08.989+0000] {processor.py:830} INFO - Processing file /home/airflow/.local/lib/python3.12/site-packages/airflow/example_dags/example_branch_python_dop_operator_3.py for tasks to queue
[2024-06-29T11:09:08.990+0000] {logging_mixin.py:188} INFO - [2024-06-29T11:09:08.990+0000] {dagbag.py:545} INFO - Filling up the DagBag from /home/airflow/.local/lib/python3.12/site-packages/airflow/example_dags/example_branch_python_dop_operator_3.py
[2024-06-29T11:09:08.998+0000] {processor.py:840} INFO - DAG(s) 'example_branch_dop_operator_v3' retrieved from /home/airflow/.local/lib/python3.12/site-packages/airflow/example_dags/example_branch_python_dop_operator_3.py
[2024-06-29T11:09:09.058+0000] {logging_mixin.py:188} INFO - [2024-06-29T11:09:09.058+0000] {dag.py:3096} INFO - Sync 1 DAGs
[2024-06-29T11:09:09.101+0000] {logging_mixin.py:188} INFO - [2024-06-29T11:09:09.101+0000] {dag.py:3954} INFO - Setting next_dagrun for example_branch_dop_operator_v3 to 2024-06-29 11:08:00+00:00, run_after=2024-06-29 11:09:00+00:00
[2024-06-29T11:09:09.140+0000] {processor.py:183} INFO - Processing /home/airflow/.local/lib/python3.12/site-packages/airflow/example_dags/example_branch_python_dop_operator_3.py took 0.165 seconds
[2024-06-29T11:09:39.377+0000] {processor.py:161} INFO - Started process (PID=116) to work on /home/airflow/.local/lib/python3.12/site-packages/airflow/example_dags/example_branch_python_dop_operator_3.py
[2024-06-29T11:09:39.378+0000] {processor.py:830} INFO - Processing file /home/airflow/.local/lib/python3.12/site-packages/airflow/example_dags/example_branch_python_dop_operator_3.py for tasks to queue
[2024-06-29T11:09:39.380+0000] {logging_mixin.py:188} INFO - [2024-06-29T11:09:39.379+0000] {dagbag.py:545} INFO - Filling up the DagBag from /home/airflow/.local/lib/python3.12/site-packages/airflow/example_dags/example_branch_python_dop_operator_3.py
[2024-06-29T11:09:39.384+0000] {processor.py:840} INFO - DAG(s) 'example_branch_dop_operator_v3' retrieved from /home/airflow/.local/lib/python3.12/site-packages/airflow/example_dags/example_branch_python_dop_operator_3.py
[2024-06-29T11:09:39.436+0000] {logging_mixin.py:188} INFO - [2024-06-29T11:09:39.436+0000] {dag.py:3096} INFO - Sync 1 DAGs
[2024-06-29T11:09:39.448+0000] {logging_mixin.py:188} INFO - [2024-06-29T11:09:39.448+0000] {dag.py:3954} INFO - Setting next_dagrun for example_branch_dop_operator_v3 to 2024-06-29 11:08:00+00:00, run_after=2024-06-29 11:09:00+00:00
[2024-06-29T11:09:39.457+0000] {processor.py:183} INFO - Processing /home/airflow/.local/lib/python3.12/site-packages/airflow/example_dags/example_branch_python_dop_operator_3.py took 0.082 seconds
[2024-06-29T11:10:09.962+0000] {processor.py:161} INFO - Started process (PID=174) to work on /home/airflow/.local/lib/python3.12/site-packages/airflow/example_dags/example_branch_python_dop_operator_3.py
[2024-06-29T11:10:09.963+0000] {processor.py:830} INFO - Processing file /home/airflow/.local/lib/python3.12/site-packages/airflow/example_dags/example_branch_python_dop_operator_3.py for tasks to queue
[2024-06-29T11:10:09.964+0000] {logging_mixin.py:188} INFO - [2024-06-29T11:10:09.964+0000] {dagbag.py:545} INFO - Filling up the DagBag from /home/airflow/.local/lib/python3.12/site-packages/airflow/example_dags/example_branch_python_dop_operator_3.py
[2024-06-29T11:10:09.969+0000] {processor.py:840} INFO - DAG(s) 'example_branch_dop_operator_v3' retrieved from /home/airflow/.local/lib/python3.12/site-packages/airflow/example_dags/example_branch_python_dop_operator_3.py
[2024-06-29T11:10:09.983+0000] {logging_mixin.py:188} INFO - [2024-06-29T11:10:09.983+0000] {dag.py:3096} INFO - Sync 1 DAGs
[2024-06-29T11:10:09.995+0000] {logging_mixin.py:188} INFO - [2024-06-29T11:10:09.995+0000] {dag.py:3954} INFO - Setting next_dagrun for example_branch_dop_operator_v3 to 2024-06-29 11:09:00+00:00, run_after=2024-06-29 11:10:00+00:00
[2024-06-29T11:10:10.004+0000] {processor.py:183} INFO - Processing /home/airflow/.local/lib/python3.12/site-packages/airflow/example_dags/example_branch_python_dop_operator_3.py took 0.045 seconds
[2024-06-29T11:10:40.239+0000] {processor.py:161} INFO - Started process (PID=232) to work on /home/airflow/.local/lib/python3.12/site-packages/airflow/example_dags/example_branch_python_dop_operator_3.py
[2024-06-29T11:10:40.240+0000] {processor.py:830} INFO - Processing file /home/airflow/.local/lib/python3.12/site-packages/airflow/example_dags/example_branch_python_dop_operator_3.py for tasks to queue
[2024-06-29T11:10:40.241+0000] {logging_mixin.py:188} INFO - [2024-06-29T11:10:40.241+0000] {dagbag.py:545} INFO - Filling up the DagBag from /home/airflow/.local/lib/python3.12/site-packages/airflow/example_dags/example_branch_python_dop_operator_3.py
[2024-06-29T11:10:40.246+0000] {processor.py:840} INFO - DAG(s) 'example_branch_dop_operator_v3' retrieved from /home/airflow/.local/lib/python3.12/site-packages/airflow/example_dags/example_branch_python_dop_operator_3.py
[2024-06-29T11:10:40.260+0000] {logging_mixin.py:188} INFO - [2024-06-29T11:10:40.260+0000] {dag.py:3096} INFO - Sync 1 DAGs
[2024-06-29T11:10:40.273+0000] {logging_mixin.py:188} INFO - [2024-06-29T11:10:40.273+0000] {dag.py:3954} INFO - Setting next_dagrun for example_branch_dop_operator_v3 to 2024-06-29 11:09:00+00:00, run_after=2024-06-29 11:10:00+00:00
[2024-06-29T11:10:40.282+0000] {processor.py:183} INFO - Processing /home/airflow/.local/lib/python3.12/site-packages/airflow/example_dags/example_branch_python_dop_operator_3.py took 0.046 seconds
[2024-06-29T11:11:10.460+0000] {processor.py:161} INFO - Started process (PID=290) to work on /home/airflow/.local/lib/python3.12/site-packages/airflow/example_dags/example_branch_python_dop_operator_3.py
[2024-06-29T11:11:10.461+0000] {processor.py:830} INFO - Processing file /home/airflow/.local/lib/python3.12/site-packages/airflow/example_dags/example_branch_python_dop_operator_3.py for tasks to queue
[2024-06-29T11:11:10.462+0000] {logging_mixin.py:188} INFO - [2024-06-29T11:11:10.462+0000] {dagbag.py:545} INFO - Filling up the DagBag from /home/airflow/.local/lib/python3.12/site-packages/airflow/example_dags/example_branch_python_dop_operator_3.py
[2024-06-29T11:11:10.467+0000] {processor.py:840} INFO - DAG(s) 'example_branch_dop_operator_v3' retrieved from /home/airflow/.local/lib/python3.12/site-packages/airflow/example_dags/example_branch_python_dop_operator_3.py
[2024-06-29T11:11:10.481+0000] {logging_mixin.py:188} INFO - [2024-06-29T11:11:10.481+0000] {dag.py:3096} INFO - Sync 1 DAGs
[2024-06-29T11:11:10.494+0000] {logging_mixin.py:188} INFO - [2024-06-29T11:11:10.493+0000] {dag.py:3954} INFO - Setting next_dagrun for example_branch_dop_operator_v3 to 2024-06-29 11:10:00+00:00, run_after=2024-06-29 11:11:00+00:00
[2024-06-29T11:11:10.502+0000] {processor.py:183} INFO - Processing /home/airflow/.local/lib/python3.12/site-packages/airflow/example_dags/example_branch_python_dop_operator_3.py took 0.046 seconds
[2024-06-29T11:11:41.435+0000] {processor.py:161} INFO - Started process (PID=348) to work on /home/airflow/.local/lib/python3.12/site-packages/airflow/example_dags/example_branch_python_dop_operator_3.py
[2024-06-29T11:11:41.436+0000] {processor.py:830} INFO - Processing file /home/airflow/.local/lib/python3.12/site-packages/airflow/example_dags/example_branch_python_dop_operator_3.py for tasks to queue
[2024-06-29T11:11:41.437+0000] {logging_mixin.py:188} INFO - [2024-06-29T11:11:41.436+0000] {dagbag.py:545} INFO - Filling up the DagBag from /home/airflow/.local/lib/python3.12/site-packages/airflow/example_dags/example_branch_python_dop_operator_3.py
[2024-06-29T11:11:41.442+0000] {processor.py:840} INFO - DAG(s) 'example_branch_dop_operator_v3' retrieved from /home/airflow/.local/lib/python3.12/site-packages/airflow/example_dags/example_branch_python_dop_operator_3.py
[2024-06-29T11:11:41.455+0000] {logging_mixin.py:188} INFO - [2024-06-29T11:11:41.455+0000] {dag.py:3096} INFO - Sync 1 DAGs
[2024-06-29T11:11:41.467+0000] {logging_mixin.py:188} INFO - [2024-06-29T11:11:41.467+0000] {dag.py:3954} INFO - Setting next_dagrun for example_branch_dop_operator_v3 to 2024-06-29 11:10:00+00:00, run_after=2024-06-29 11:11:00+00:00
[2024-06-29T11:11:41.476+0000] {processor.py:183} INFO - Processing /home/airflow/.local/lib/python3.12/site-packages/airflow/example_dags/example_branch_python_dop_operator_3.py took 0.045 seconds
[2024-06-29T11:12:11.601+0000] {processor.py:161} INFO - Started process (PID=407) to work on /home/airflow/.local/lib/python3.12/site-packages/airflow/example_dags/example_branch_python_dop_operator_3.py
[2024-06-29T11:12:11.602+0000] {processor.py:830} INFO - Processing file /home/airflow/.local/lib/python3.12/site-packages/airflow/example_dags/example_branch_python_dop_operator_3.py for tasks to queue
[2024-06-29T11:12:11.603+0000] {logging_mixin.py:188} INFO - [2024-06-29T11:12:11.603+0000] {dagbag.py:545} INFO - Filling up the DagBag from /home/airflow/.local/lib/python3.12/site-packages/airflow/example_dags/example_branch_python_dop_operator_3.py
[2024-06-29T11:12:11.608+0000] {processor.py:840} INFO - DAG(s) 'example_branch_dop_operator_v3' retrieved from /home/airflow/.local/lib/python3.12/site-packages/airflow/example_dags/example_branch_python_dop_operator_3.py
[2024-06-29T11:12:11.623+0000] {logging_mixin.py:188} INFO - [2024-06-29T11:12:11.623+0000] {dag.py:3096} INFO - Sync 1 DAGs
[2024-06-29T11:12:11.635+0000] {logging_mixin.py:188} INFO - [2024-06-29T11:12:11.635+0000] {dag.py:3954} INFO - Setting next_dagrun for example_branch_dop_operator_v3 to 2024-06-29 11:11:00+00:00, run_after=2024-06-29 11:12:00+00:00
[2024-06-29T11:12:11.644+0000] {processor.py:183} INFO - Processing /home/airflow/.local/lib/python3.12/site-packages/airflow/example_dags/example_branch_python_dop_operator_3.py took 0.047 seconds
[2024-06-29T11:12:41.810+0000] {processor.py:161} INFO - Started process (PID=465) to work on /home/airflow/.local/lib/python3.12/site-packages/airflow/example_dags/example_branch_python_dop_operator_3.py
[2024-06-29T11:12:41.811+0000] {processor.py:830} INFO - Processing file /home/airflow/.local/lib/python3.12/site-packages/airflow/example_dags/example_branch_python_dop_operator_3.py for tasks to queue
[2024-06-29T11:12:41.812+0000] {logging_mixin.py:188} INFO - [2024-06-29T11:12:41.812+0000] {dagbag.py:545} INFO - Filling up the DagBag from /home/airflow/.local/lib/python3.12/site-packages/airflow/example_dags/example_branch_python_dop_operator_3.py
[2024-06-29T11:12:41.817+0000] {processor.py:840} INFO - DAG(s) 'example_branch_dop_operator_v3' retrieved from /home/airflow/.local/lib/python3.12/site-packages/airflow/example_dags/example_branch_python_dop_operator_3.py
[2024-06-29T11:12:41.831+0000] {logging_mixin.py:188} INFO - [2024-06-29T11:12:41.831+0000] {dag.py:3096} INFO - Sync 1 DAGs
[2024-06-29T11:12:41.843+0000] {logging_mixin.py:188} INFO - [2024-06-29T11:12:41.843+0000] {dag.py:3954} INFO - Setting next_dagrun for example_branch_dop_operator_v3 to 2024-06-29 11:11:00+00:00, run_after=2024-06-29 11:12:00+00:00
[2024-06-29T11:12:41.852+0000] {processor.py:183} INFO - Processing /home/airflow/.local/lib/python3.12/site-packages/airflow/example_dags/example_branch_python_dop_operator_3.py took 0.045 seconds
[2024-06-29T11:13:11.964+0000] {processor.py:161} INFO - Started process (PID=523) to work on /home/airflow/.local/lib/python3.12/site-packages/airflow/example_dags/example_branch_python_dop_operator_3.py
[2024-06-29T11:13:11.965+0000] {processor.py:830} INFO - Processing file /home/airflow/.local/lib/python3.12/site-packages/airflow/example_dags/example_branch_python_dop_operator_3.py for tasks to queue
[2024-06-29T11:13:11.966+0000] {logging_mixin.py:188} INFO - [2024-06-29T11:13:11.966+0000] {dagbag.py:545} INFO - Filling up the DagBag from /home/airflow/.local/lib/python3.12/site-packages/airflow/example_dags/example_branch_python_dop_operator_3.py
[2024-06-29T11:13:11.972+0000] {processor.py:840} INFO - DAG(s) 'example_branch_dop_operator_v3' retrieved from /home/airflow/.local/lib/python3.12/site-packages/airflow/example_dags/example_branch_python_dop_operator_3.py
[2024-06-29T11:13:11.986+0000] {logging_mixin.py:188} INFO - [2024-06-29T11:13:11.986+0000] {dag.py:3096} INFO - Sync 1 DAGs
[2024-06-29T11:13:11.998+0000] {logging_mixin.py:188} INFO - [2024-06-29T11:13:11.998+0000] {dag.py:3954} INFO - Setting next_dagrun for example_branch_dop_operator_v3 to 2024-06-29 11:12:00+00:00, run_after=2024-06-29 11:13:00+00:00
[2024-06-29T11:13:12.006+0000] {processor.py:183} INFO - Processing /home/airflow/.local/lib/python3.12/site-packages/airflow/example_dags/example_branch_python_dop_operator_3.py took 0.045 seconds
[2024-06-29T11:13:42.103+0000] {processor.py:161} INFO - Started process (PID=582) to work on /home/airflow/.local/lib/python3.12/site-packages/airflow/example_dags/example_branch_python_dop_operator_3.py
[2024-06-29T11:13:42.104+0000] {processor.py:830} INFO - Processing file /home/airflow/.local/lib/python3.12/site-packages/airflow/example_dags/example_branch_python_dop_operator_3.py for tasks to queue
[2024-06-29T11:13:42.105+0000] {logging_mixin.py:188} INFO - [2024-06-29T11:13:42.105+0000] {dagbag.py:545} INFO - Filling up the DagBag from /home/airflow/.local/lib/python3.12/site-packages/airflow/example_dags/example_branch_python_dop_operator_3.py
[2024-06-29T11:13:42.110+0000] {processor.py:840} INFO - DAG(s) 'example_branch_dop_operator_v3' retrieved from /home/airflow/.local/lib/python3.12/site-packages/airflow/example_dags/example_branch_python_dop_operator_3.py
[2024-06-29T11:13:42.124+0000] {logging_mixin.py:188} INFO - [2024-06-29T11:13:42.124+0000] {dag.py:3096} INFO - Sync 1 DAGs
[2024-06-29T11:13:42.136+0000] {logging_mixin.py:188} INFO - [2024-06-29T11:13:42.136+0000] {dag.py:3954} INFO - Setting next_dagrun for example_branch_dop_operator_v3 to 2024-06-29 11:12:00+00:00, run_after=2024-06-29 11:13:00+00:00
[2024-06-29T11:13:42.145+0000] {processor.py:183} INFO - Processing /home/airflow/.local/lib/python3.12/site-packages/airflow/example_dags/example_branch_python_dop_operator_3.py took 0.045 seconds
[2024-06-29T11:14:12.197+0000] {processor.py:161} INFO - Started process (PID=640) to work on /home/airflow/.local/lib/python3.12/site-packages/airflow/example_dags/example_branch_python_dop_operator_3.py
[2024-06-29T11:14:12.197+0000] {processor.py:830} INFO - Processing file /home/airflow/.local/lib/python3.12/site-packages/airflow/example_dags/example_branch_python_dop_operator_3.py for tasks to queue
[2024-06-29T11:14:12.199+0000] {logging_mixin.py:188} INFO - [2024-06-29T11:14:12.198+0000] {dagbag.py:545} INFO - Filling up the DagBag from /home/airflow/.local/lib/python3.12/site-packages/airflow/example_dags/example_branch_python_dop_operator_3.py
[2024-06-29T11:14:12.204+0000] {processor.py:840} INFO - DAG(s) 'example_branch_dop_operator_v3' retrieved from /home/airflow/.local/lib/python3.12/site-packages/airflow/example_dags/example_branch_python_dop_operator_3.py
[2024-06-29T11:14:12.217+0000] {logging_mixin.py:188} INFO - [2024-06-29T11:14:12.217+0000] {dag.py:3096} INFO - Sync 1 DAGs
[2024-06-29T11:14:12.229+0000] {logging_mixin.py:188} INFO - [2024-06-29T11:14:12.229+0000] {dag.py:3954} INFO - Setting next_dagrun for example_branch_dop_operator_v3 to 2024-06-29 11:13:00+00:00, run_after=2024-06-29 11:14:00+00:00
[2024-06-29T11:14:12.238+0000] {processor.py:183} INFO - Processing /home/airflow/.local/lib/python3.12/site-packages/airflow/example_dags/example_branch_python_dop_operator_3.py took 0.044 seconds
[2024-06-29T11:14:42.638+0000] {processor.py:161} INFO - Started process (PID=698) to work on /home/airflow/.local/lib/python3.12/site-packages/airflow/example_dags/example_branch_python_dop_operator_3.py
[2024-06-29T11:14:42.639+0000] {processor.py:830} INFO - Processing file /home/airflow/.local/lib/python3.12/site-packages/airflow/example_dags/example_branch_python_dop_operator_3.py for tasks to queue
[2024-06-29T11:14:42.640+0000] {logging_mixin.py:188} INFO - [2024-06-29T11:14:42.640+0000] {dagbag.py:545} INFO - Filling up the DagBag from /home/airflow/.local/lib/python3.12/site-packages/airflow/example_dags/example_branch_python_dop_operator_3.py
[2024-06-29T11:14:42.645+0000] {processor.py:840} INFO - DAG(s) 'example_branch_dop_operator_v3' retrieved from /home/airflow/.local/lib/python3.12/site-packages/airflow/example_dags/example_branch_python_dop_operator_3.py
[2024-06-29T11:14:42.663+0000] {logging_mixin.py:188} INFO - [2024-06-29T11:14:42.662+0000] {dag.py:3096} INFO - Sync 1 DAGs
[2024-06-29T11:14:42.676+0000] {logging_mixin.py:188} INFO - [2024-06-29T11:14:42.675+0000] {dag.py:3954} INFO - Setting next_dagrun for example_branch_dop_operator_v3 to 2024-06-29 11:13:00+00:00, run_after=2024-06-29 11:14:00+00:00
[2024-06-29T11:14:42.685+0000] {processor.py:183} INFO - Processing /home/airflow/.local/lib/python3.12/site-packages/airflow/example_dags/example_branch_python_dop_operator_3.py took 0.053 seconds
[2024-06-29T11:15:13.735+0000] {processor.py:161} INFO - Started process (PID=756) to work on /home/airflow/.local/lib/python3.12/site-packages/airflow/example_dags/example_branch_python_dop_operator_3.py
[2024-06-29T11:15:13.735+0000] {processor.py:830} INFO - Processing file /home/airflow/.local/lib/python3.12/site-packages/airflow/example_dags/example_branch_python_dop_operator_3.py for tasks to queue
[2024-06-29T11:15:13.737+0000] {logging_mixin.py:188} INFO - [2024-06-29T11:15:13.737+0000] {dagbag.py:545} INFO - Filling up the DagBag from /home/airflow/.local/lib/python3.12/site-packages/airflow/example_dags/example_branch_python_dop_operator_3.py
[2024-06-29T11:15:13.742+0000] {processor.py:840} INFO - DAG(s) 'example_branch_dop_operator_v3' retrieved from /home/airflow/.local/lib/python3.12/site-packages/airflow/example_dags/example_branch_python_dop_operator_3.py
[2024-06-29T11:15:13.756+0000] {logging_mixin.py:188} INFO - [2024-06-29T11:15:13.756+0000] {dag.py:3096} INFO - Sync 1 DAGs
[2024-06-29T11:15:13.767+0000] {logging_mixin.py:188} INFO - [2024-06-29T11:15:13.767+0000] {dag.py:3954} INFO - Setting next_dagrun for example_branch_dop_operator_v3 to 2024-06-29 11:14:00+00:00, run_after=2024-06-29 11:15:00+00:00
[2024-06-29T11:15:13.776+0000] {processor.py:183} INFO - Processing /home/airflow/.local/lib/python3.12/site-packages/airflow/example_dags/example_branch_python_dop_operator_3.py took 0.044 seconds
[2024-06-29T11:15:44.116+0000] {processor.py:161} INFO - Started process (PID=813) to work on /home/airflow/.local/lib/python3.12/site-packages/airflow/example_dags/example_branch_python_dop_operator_3.py
[2024-06-29T11:15:44.117+0000] {processor.py:830} INFO - Processing file /home/airflow/.local/lib/python3.12/site-packages/airflow/example_dags/example_branch_python_dop_operator_3.py for tasks to queue
[2024-06-29T11:15:44.118+0000] {logging_mixin.py:188} INFO - [2024-06-29T11:15:44.118+0000] {dagbag.py:545} INFO - Filling up the DagBag from /home/airflow/.local/lib/python3.12/site-packages/airflow/example_dags/example_branch_python_dop_operator_3.py
[2024-06-29T11:15:44.123+0000] {processor.py:840} INFO - DAG(s) 'example_branch_dop_operator_v3' retrieved from /home/airflow/.local/lib/python3.12/site-packages/airflow/example_dags/example_branch_python_dop_operator_3.py
[2024-06-29T11:15:44.137+0000] {logging_mixin.py:188} INFO - [2024-06-29T11:15:44.137+0000] {dag.py:3096} INFO - Sync 1 DAGs
[2024-06-29T11:15:44.153+0000] {logging_mixin.py:188} INFO - [2024-06-29T11:15:44.153+0000] {dag.py:3954} INFO - Setting next_dagrun for example_branch_dop_operator_v3 to 2024-06-29 11:14:00+00:00, run_after=2024-06-29 11:15:00+00:00
[2024-06-29T11:15:44.163+0000] {processor.py:183} INFO - Processing /home/airflow/.local/lib/python3.12/site-packages/airflow/example_dags/example_branch_python_dop_operator_3.py took 0.050 seconds
[2024-06-29T11:16:14.220+0000] {processor.py:161} INFO - Started process (PID=870) to work on /home/airflow/.local/lib/python3.12/site-packages/airflow/example_dags/example_branch_python_dop_operator_3.py
[2024-06-29T11:16:14.221+0000] {processor.py:830} INFO - Processing file /home/airflow/.local/lib/python3.12/site-packages/airflow/example_dags/example_branch_python_dop_operator_3.py for tasks to queue
[2024-06-29T11:16:14.222+0000] {logging_mixin.py:188} INFO - [2024-06-29T11:16:14.222+0000] {dagbag.py:545} INFO - Filling up the DagBag from /home/airflow/.local/lib/python3.12/site-packages/airflow/example_dags/example_branch_python_dop_operator_3.py
[2024-06-29T11:16:14.227+0000] {processor.py:840} INFO - DAG(s) 'example_branch_dop_operator_v3' retrieved from /home/airflow/.local/lib/python3.12/site-packages/airflow/example_dags/example_branch_python_dop_operator_3.py
[2024-06-29T11:16:14.241+0000] {logging_mixin.py:188} INFO - [2024-06-29T11:16:14.241+0000] {dag.py:3096} INFO - Sync 1 DAGs
[2024-06-29T11:16:14.254+0000] {logging_mixin.py:188} INFO - [2024-06-29T11:16:14.254+0000] {dag.py:3954} INFO - Setting next_dagrun for example_branch_dop_operator_v3 to 2024-06-29 11:15:00+00:00, run_after=2024-06-29 11:16:00+00:00
[2024-06-29T11:16:14.263+0000] {processor.py:183} INFO - Processing /home/airflow/.local/lib/python3.12/site-packages/airflow/example_dags/example_branch_python_dop_operator_3.py took 0.047 seconds
[2024-06-29T11:16:44.477+0000] {processor.py:161} INFO - Started process (PID=928) to work on /home/airflow/.local/lib/python3.12/site-packages/airflow/example_dags/example_branch_python_dop_operator_3.py
[2024-06-29T11:16:44.478+0000] {processor.py:830} INFO - Processing file /home/airflow/.local/lib/python3.12/site-packages/airflow/example_dags/example_branch_python_dop_operator_3.py for tasks to queue
[2024-06-29T11:16:44.479+0000] {logging_mixin.py:188} INFO - [2024-06-29T11:16:44.479+0000] {dagbag.py:545} INFO - Filling up the DagBag from /home/airflow/.local/lib/python3.12/site-packages/airflow/example_dags/example_branch_python_dop_operator_3.py
[2024-06-29T11:16:44.484+0000] {processor.py:840} INFO - DAG(s) 'example_branch_dop_operator_v3' retrieved from /home/airflow/.local/lib/python3.12/site-packages/airflow/example_dags/example_branch_python_dop_operator_3.py
[2024-06-29T11:16:44.498+0000] {logging_mixin.py:188} INFO - [2024-06-29T11:16:44.498+0000] {dag.py:3096} INFO - Sync 1 DAGs
[2024-06-29T11:16:44.510+0000] {logging_mixin.py:188} INFO - [2024-06-29T11:16:44.510+0000] {dag.py:3954} INFO - Setting next_dagrun for example_branch_dop_operator_v3 to 2024-06-29 11:15:00+00:00, run_after=2024-06-29 11:16:00+00:00
[2024-06-29T11:16:44.519+0000] {processor.py:183} INFO - Processing /home/airflow/.local/lib/python3.12/site-packages/airflow/example_dags/example_branch_python_dop_operator_3.py took 0.046 seconds
[2024-06-29T11:17:15.001+0000] {processor.py:161} INFO - Started process (PID=987) to work on /home/airflow/.local/lib/python3.12/site-packages/airflow/example_dags/example_branch_python_dop_operator_3.py
[2024-06-29T11:17:15.002+0000] {processor.py:830} INFO - Processing file /home/airflow/.local/lib/python3.12/site-packages/airflow/example_dags/example_branch_python_dop_operator_3.py for tasks to queue
[2024-06-29T11:17:15.003+0000] {logging_mixin.py:188} INFO - [2024-06-29T11:17:15.003+0000] {dagbag.py:545} INFO - Filling up the DagBag from /home/airflow/.local/lib/python3.12/site-packages/airflow/example_dags/example_branch_python_dop_operator_3.py
[2024-06-29T11:17:15.008+0000] {processor.py:840} INFO - DAG(s) 'example_branch_dop_operator_v3' retrieved from /home/airflow/.local/lib/python3.12/site-packages/airflow/example_dags/example_branch_python_dop_operator_3.py
[2024-06-29T11:17:15.022+0000] {logging_mixin.py:188} INFO - [2024-06-29T11:17:15.022+0000] {dag.py:3096} INFO - Sync 1 DAGs
[2024-06-29T11:17:15.036+0000] {logging_mixin.py:188} INFO - [2024-06-29T11:17:15.036+0000] {dag.py:3954} INFO - Setting next_dagrun for example_branch_dop_operator_v3 to 2024-06-29 11:16:00+00:00, run_after=2024-06-29 11:17:00+00:00
[2024-06-29T11:17:15.047+0000] {processor.py:183} INFO - Processing /home/airflow/.local/lib/python3.12/site-packages/airflow/example_dags/example_branch_python_dop_operator_3.py took 0.050 seconds
[2024-06-29T11:17:45.307+0000] {processor.py:161} INFO - Started process (PID=1045) to work on /home/airflow/.local/lib/python3.12/site-packages/airflow/example_dags/example_branch_python_dop_operator_3.py
[2024-06-29T11:17:45.308+0000] {processor.py:830} INFO - Processing file /home/airflow/.local/lib/python3.12/site-packages/airflow/example_dags/example_branch_python_dop_operator_3.py for tasks to queue
[2024-06-29T11:17:45.309+0000] {logging_mixin.py:188} INFO - [2024-06-29T11:17:45.309+0000] {dagbag.py:545} INFO - Filling up the DagBag from /home/airflow/.local/lib/python3.12/site-packages/airflow/example_dags/example_branch_python_dop_operator_3.py
[2024-06-29T11:17:45.314+0000] {processor.py:840} INFO - DAG(s) 'example_branch_dop_operator_v3' retrieved from /home/airflow/.local/lib/python3.12/site-packages/airflow/example_dags/example_branch_python_dop_operator_3.py
[2024-06-29T11:17:45.339+0000] {logging_mixin.py:188} INFO - [2024-06-29T11:17:45.338+0000] {dag.py:3096} INFO - Sync 1 DAGs
[2024-06-29T11:17:45.362+0000] {logging_mixin.py:188} INFO - [2024-06-29T11:17:45.362+0000] {dag.py:3954} INFO - Setting next_dagrun for example_branch_dop_operator_v3 to 2024-06-29 11:16:00+00:00, run_after=2024-06-29 11:17:00+00:00
[2024-06-29T11:17:45.374+0000] {processor.py:183} INFO - Processing /home/airflow/.local/lib/python3.12/site-packages/airflow/example_dags/example_branch_python_dop_operator_3.py took 0.071 seconds
[2024-06-29T11:18:15.691+0000] {processor.py:161} INFO - Started process (PID=1103) to work on /home/airflow/.local/lib/python3.12/site-packages/airflow/example_dags/example_branch_python_dop_operator_3.py
[2024-06-29T11:18:15.692+0000] {processor.py:830} INFO - Processing file /home/airflow/.local/lib/python3.12/site-packages/airflow/example_dags/example_branch_python_dop_operator_3.py for tasks to queue
[2024-06-29T11:18:15.693+0000] {logging_mixin.py:188} INFO - [2024-06-29T11:18:15.693+0000] {dagbag.py:545} INFO - Filling up the DagBag from /home/airflow/.local/lib/python3.12/site-packages/airflow/example_dags/example_branch_python_dop_operator_3.py
[2024-06-29T11:18:15.699+0000] {processor.py:840} INFO - DAG(s) 'example_branch_dop_operator_v3' retrieved from /home/airflow/.local/lib/python3.12/site-packages/airflow/example_dags/example_branch_python_dop_operator_3.py
[2024-06-29T11:18:15.711+0000] {logging_mixin.py:188} INFO - [2024-06-29T11:18:15.711+0000] {dag.py:3096} INFO - Sync 1 DAGs
[2024-06-29T11:18:15.723+0000] {logging_mixin.py:188} INFO - [2024-06-29T11:18:15.723+0000] {dag.py:3954} INFO - Setting next_dagrun for example_branch_dop_operator_v3 to 2024-06-29 11:17:00+00:00, run_after=2024-06-29 11:18:00+00:00
[2024-06-29T11:18:15.732+0000] {processor.py:183} INFO - Processing /home/airflow/.local/lib/python3.12/site-packages/airflow/example_dags/example_branch_python_dop_operator_3.py took 0.045 seconds
[2024-06-29T11:18:45.823+0000] {processor.py:161} INFO - Started process (PID=1161) to work on /home/airflow/.local/lib/python3.12/site-packages/airflow/example_dags/example_branch_python_dop_operator_3.py
[2024-06-29T11:18:45.824+0000] {processor.py:830} INFO - Processing file /home/airflow/.local/lib/python3.12/site-packages/airflow/example_dags/example_branch_python_dop_operator_3.py for tasks to queue
[2024-06-29T11:18:45.825+0000] {logging_mixin.py:188} INFO - [2024-06-29T11:18:45.825+0000] {dagbag.py:545} INFO - Filling up the DagBag from /home/airflow/.local/lib/python3.12/site-packages/airflow/example_dags/example_branch_python_dop_operator_3.py
[2024-06-29T11:18:45.830+0000] {processor.py:840} INFO - DAG(s) 'example_branch_dop_operator_v3' retrieved from /home/airflow/.local/lib/python3.12/site-packages/airflow/example_dags/example_branch_python_dop_operator_3.py
[2024-06-29T11:18:45.842+0000] {logging_mixin.py:188} INFO - [2024-06-29T11:18:45.842+0000] {dag.py:3096} INFO - Sync 1 DAGs
[2024-06-29T11:18:45.854+0000] {logging_mixin.py:188} INFO - [2024-06-29T11:18:45.854+0000] {dag.py:3954} INFO - Setting next_dagrun for example_branch_dop_operator_v3 to 2024-06-29 11:17:00+00:00, run_after=2024-06-29 11:18:00+00:00
[2024-06-29T11:18:45.862+0000] {processor.py:183} INFO - Processing /home/airflow/.local/lib/python3.12/site-packages/airflow/example_dags/example_branch_python_dop_operator_3.py took 0.042 seconds
[2024-06-29T11:19:16.186+0000] {processor.py:161} INFO - Started process (PID=1219) to work on /home/airflow/.local/lib/python3.12/site-packages/airflow/example_dags/example_branch_python_dop_operator_3.py
[2024-06-29T11:19:16.187+0000] {processor.py:830} INFO - Processing file /home/airflow/.local/lib/python3.12/site-packages/airflow/example_dags/example_branch_python_dop_operator_3.py for tasks to queue
[2024-06-29T11:19:16.188+0000] {logging_mixin.py:188} INFO - [2024-06-29T11:19:16.188+0000] {dagbag.py:545} INFO - Filling up the DagBag from /home/airflow/.local/lib/python3.12/site-packages/airflow/example_dags/example_branch_python_dop_operator_3.py
[2024-06-29T11:19:16.192+0000] {processor.py:840} INFO - DAG(s) 'example_branch_dop_operator_v3' retrieved from /home/airflow/.local/lib/python3.12/site-packages/airflow/example_dags/example_branch_python_dop_operator_3.py
[2024-06-29T11:19:16.205+0000] {logging_mixin.py:188} INFO - [2024-06-29T11:19:16.205+0000] {dag.py:3096} INFO - Sync 1 DAGs
[2024-06-29T11:19:16.216+0000] {logging_mixin.py:188} INFO - [2024-06-29T11:19:16.216+0000] {dag.py:3954} INFO - Setting next_dagrun for example_branch_dop_operator_v3 to 2024-06-29 11:18:00+00:00, run_after=2024-06-29 11:19:00+00:00
[2024-06-29T11:19:16.225+0000] {processor.py:183} INFO - Processing /home/airflow/.local/lib/python3.12/site-packages/airflow/example_dags/example_branch_python_dop_operator_3.py took 0.042 seconds
[2024-06-29T11:19:46.565+0000] {processor.py:161} INFO - Started process (PID=1277) to work on /home/airflow/.local/lib/python3.12/site-packages/airflow/example_dags/example_branch_python_dop_operator_3.py
[2024-06-29T11:19:46.566+0000] {processor.py:830} INFO - Processing file /home/airflow/.local/lib/python3.12/site-packages/airflow/example_dags/example_branch_python_dop_operator_3.py for tasks to queue
[2024-06-29T11:19:46.567+0000] {logging_mixin.py:188} INFO - [2024-06-29T11:19:46.567+0000] {dagbag.py:545} INFO - Filling up the DagBag from /home/airflow/.local/lib/python3.12/site-packages/airflow/example_dags/example_branch_python_dop_operator_3.py
[2024-06-29T11:19:46.573+0000] {processor.py:840} INFO - DAG(s) 'example_branch_dop_operator_v3' retrieved from /home/airflow/.local/lib/python3.12/site-packages/airflow/example_dags/example_branch_python_dop_operator_3.py
[2024-06-29T11:19:46.587+0000] {logging_mixin.py:188} INFO - [2024-06-29T11:19:46.587+0000] {dag.py:3096} INFO - Sync 1 DAGs
[2024-06-29T11:19:46.599+0000] {logging_mixin.py:188} INFO - [2024-06-29T11:19:46.599+0000] {dag.py:3954} INFO - Setting next_dagrun for example_branch_dop_operator_v3 to 2024-06-29 11:18:00+00:00, run_after=2024-06-29 11:19:00+00:00
[2024-06-29T11:19:46.609+0000] {processor.py:183} INFO - Processing /home/airflow/.local/lib/python3.12/site-packages/airflow/example_dags/example_branch_python_dop_operator_3.py took 0.047 seconds
[2024-06-29T11:20:16.831+0000] {processor.py:161} INFO - Started process (PID=1335) to work on /home/airflow/.local/lib/python3.12/site-packages/airflow/example_dags/example_branch_python_dop_operator_3.py
[2024-06-29T11:20:16.832+0000] {processor.py:830} INFO - Processing file /home/airflow/.local/lib/python3.12/site-packages/airflow/example_dags/example_branch_python_dop_operator_3.py for tasks to queue
[2024-06-29T11:20:16.833+0000] {logging_mixin.py:188} INFO - [2024-06-29T11:20:16.833+0000] {dagbag.py:545} INFO - Filling up the DagBag from /home/airflow/.local/lib/python3.12/site-packages/airflow/example_dags/example_branch_python_dop_operator_3.py
[2024-06-29T11:20:16.838+0000] {processor.py:840} INFO - DAG(s) 'example_branch_dop_operator_v3' retrieved from /home/airflow/.local/lib/python3.12/site-packages/airflow/example_dags/example_branch_python_dop_operator_3.py
[2024-06-29T11:20:16.852+0000] {logging_mixin.py:188} INFO - [2024-06-29T11:20:16.852+0000] {dag.py:3096} INFO - Sync 1 DAGs
[2024-06-29T11:20:16.865+0000] {logging_mixin.py:188} INFO - [2024-06-29T11:20:16.865+0000] {dag.py:3954} INFO - Setting next_dagrun for example_branch_dop_operator_v3 to 2024-06-29 11:19:00+00:00, run_after=2024-06-29 11:20:00+00:00
[2024-06-29T11:20:16.874+0000] {processor.py:183} INFO - Processing /home/airflow/.local/lib/python3.12/site-packages/airflow/example_dags/example_branch_python_dop_operator_3.py took 0.047 seconds
[2024-06-29T11:20:47.010+0000] {processor.py:161} INFO - Started process (PID=1393) to work on /home/airflow/.local/lib/python3.12/site-packages/airflow/example_dags/example_branch_python_dop_operator_3.py
[2024-06-29T11:20:47.011+0000] {processor.py:830} INFO - Processing file /home/airflow/.local/lib/python3.12/site-packages/airflow/example_dags/example_branch_python_dop_operator_3.py for tasks to queue
[2024-06-29T11:20:47.012+0000] {logging_mixin.py:188} INFO - [2024-06-29T11:20:47.012+0000] {dagbag.py:545} INFO - Filling up the DagBag from /home/airflow/.local/lib/python3.12/site-packages/airflow/example_dags/example_branch_python_dop_operator_3.py
[2024-06-29T11:20:47.017+0000] {processor.py:840} INFO - DAG(s) 'example_branch_dop_operator_v3' retrieved from /home/airflow/.local/lib/python3.12/site-packages/airflow/example_dags/example_branch_python_dop_operator_3.py
[2024-06-29T11:20:47.031+0000] {logging_mixin.py:188} INFO - [2024-06-29T11:20:47.030+0000] {dag.py:3096} INFO - Sync 1 DAGs
[2024-06-29T11:20:47.043+0000] {logging_mixin.py:188} INFO - [2024-06-29T11:20:47.042+0000] {dag.py:3954} INFO - Setting next_dagrun for example_branch_dop_operator_v3 to 2024-06-29 11:19:00+00:00, run_after=2024-06-29 11:20:00+00:00
[2024-06-29T11:20:47.051+0000] {processor.py:183} INFO - Processing /home/airflow/.local/lib/python3.12/site-packages/airflow/example_dags/example_branch_python_dop_operator_3.py took 0.045 seconds
[2024-06-29T11:21:17.273+0000] {processor.py:161} INFO - Started process (PID=1451) to work on /home/airflow/.local/lib/python3.12/site-packages/airflow/example_dags/example_branch_python_dop_operator_3.py
[2024-06-29T11:21:17.273+0000] {processor.py:830} INFO - Processing file /home/airflow/.local/lib/python3.12/site-packages/airflow/example_dags/example_branch_python_dop_operator_3.py for tasks to queue
[2024-06-29T11:21:17.274+0000] {logging_mixin.py:188} INFO - [2024-06-29T11:21:17.274+0000] {dagbag.py:545} INFO - Filling up the DagBag from /home/airflow/.local/lib/python3.12/site-packages/airflow/example_dags/example_branch_python_dop_operator_3.py
[2024-06-29T11:21:17.279+0000] {processor.py:840} INFO - DAG(s) 'example_branch_dop_operator_v3' retrieved from /home/airflow/.local/lib/python3.12/site-packages/airflow/example_dags/example_branch_python_dop_operator_3.py
[2024-06-29T11:21:17.293+0000] {logging_mixin.py:188} INFO - [2024-06-29T11:21:17.293+0000] {dag.py:3096} INFO - Sync 1 DAGs
[2024-06-29T11:21:17.307+0000] {logging_mixin.py:188} INFO - [2024-06-29T11:21:17.307+0000] {dag.py:3954} INFO - Setting next_dagrun for example_branch_dop_operator_v3 to 2024-06-29 11:20:00+00:00, run_after=2024-06-29 11:21:00+00:00
[2024-06-29T11:21:17.318+0000] {processor.py:183} INFO - Processing /home/airflow/.local/lib/python3.12/site-packages/airflow/example_dags/example_branch_python_dop_operator_3.py took 0.049 seconds
