[2024-06-29T11:09:08.271+0000] {processor.py:161} INFO - Started process (PID=45) to work on /home/airflow/.local/lib/python3.12/site-packages/airflow/example_dags/example_datasets.py
[2024-06-29T11:09:08.272+0000] {processor.py:830} INFO - Processing file /home/airflow/.local/lib/python3.12/site-packages/airflow/example_dags/example_datasets.py for tasks to queue
[2024-06-29T11:09:08.274+0000] {logging_mixin.py:188} INFO - [2024-06-29T11:09:08.273+0000] {dagbag.py:545} INFO - Filling up the DagBag from /home/airflow/.local/lib/python3.12/site-packages/airflow/example_dags/example_datasets.py
[2024-06-29T11:09:08.295+0000] {processor.py:840} INFO - DAG(s) 'dataset_consumes_1_never_scheduled', 'dataset_consumes_unknown_never_scheduled', 'consume_1_and_2_with_dataset_expressions', 'dataset_consumes_1', 'consume_1_or_2_with_dataset_expressions', 'dataset_produces_2', 'conditional_dataset_and_time_based_timetable', 'consume_1_or_both_2_and_3_with_dataset_expressions', 'dataset_produces_1', 'dataset_consumes_1_and_2' retrieved from /home/airflow/.local/lib/python3.12/site-packages/airflow/example_dags/example_datasets.py
[2024-06-29T11:09:08.320+0000] {logging_mixin.py:188} INFO - [2024-06-29T11:09:08.320+0000] {dag.py:3096} INFO - Sync 10 DAGs
[2024-06-29T11:09:08.350+0000] {logging_mixin.py:188} INFO - [2024-06-29T11:09:08.350+0000] {dag.py:3954} INFO - Setting next_dagrun for conditional_dataset_and_time_based_timetable to 2024-06-26 01:00:00+00:00, run_after=2024-06-26 01:00:00+00:00
[2024-06-29T11:09:08.353+0000] {logging_mixin.py:188} INFO - [2024-06-29T11:09:08.353+0000] {dag.py:3954} INFO - Setting next_dagrun for consume_1_and_2_with_dataset_expressions to None, run_after=None
[2024-06-29T11:09:08.354+0000] {logging_mixin.py:188} INFO - [2024-06-29T11:09:08.354+0000] {dag.py:3954} INFO - Setting next_dagrun for consume_1_or_2_with_dataset_expressions to None, run_after=None
[2024-06-29T11:09:08.355+0000] {logging_mixin.py:188} INFO - [2024-06-29T11:09:08.355+0000] {dag.py:3954} INFO - Setting next_dagrun for consume_1_or_both_2_and_3_with_dataset_expressions to None, run_after=None
[2024-06-29T11:09:08.356+0000] {logging_mixin.py:188} INFO - [2024-06-29T11:09:08.356+0000] {dag.py:3954} INFO - Setting next_dagrun for dataset_consumes_1 to None, run_after=None
[2024-06-29T11:09:08.357+0000] {logging_mixin.py:188} INFO - [2024-06-29T11:09:08.357+0000] {dag.py:3954} INFO - Setting next_dagrun for dataset_consumes_1_and_2 to None, run_after=None
[2024-06-29T11:09:08.358+0000] {logging_mixin.py:188} INFO - [2024-06-29T11:09:08.358+0000] {dag.py:3954} INFO - Setting next_dagrun for dataset_consumes_1_never_scheduled to None, run_after=None
[2024-06-29T11:09:08.358+0000] {logging_mixin.py:188} INFO - [2024-06-29T11:09:08.358+0000] {dag.py:3954} INFO - Setting next_dagrun for dataset_consumes_unknown_never_scheduled to None, run_after=None
[2024-06-29T11:09:08.360+0000] {logging_mixin.py:188} INFO - [2024-06-29T11:09:08.360+0000] {dag.py:3954} INFO - Setting next_dagrun for dataset_produces_1 to 2024-06-28 00:00:00+00:00, run_after=2024-06-29 00:00:00+00:00
[2024-06-29T11:09:08.361+0000] {logging_mixin.py:188} INFO - [2024-06-29T11:09:08.361+0000] {dag.py:3954} INFO - Setting next_dagrun for dataset_produces_2 to None, run_after=None
[2024-06-29T11:09:08.386+0000] {processor.py:183} INFO - Processing /home/airflow/.local/lib/python3.12/site-packages/airflow/example_dags/example_datasets.py took 0.119 seconds
[2024-06-29T11:09:38.735+0000] {processor.py:161} INFO - Started process (PID=103) to work on /home/airflow/.local/lib/python3.12/site-packages/airflow/example_dags/example_datasets.py
[2024-06-29T11:09:38.736+0000] {processor.py:830} INFO - Processing file /home/airflow/.local/lib/python3.12/site-packages/airflow/example_dags/example_datasets.py for tasks to queue
[2024-06-29T11:09:38.737+0000] {logging_mixin.py:188} INFO - [2024-06-29T11:09:38.737+0000] {dagbag.py:545} INFO - Filling up the DagBag from /home/airflow/.local/lib/python3.12/site-packages/airflow/example_dags/example_datasets.py
[2024-06-29T11:09:38.746+0000] {processor.py:840} INFO - DAG(s) 'dataset_produces_1', 'dataset_consumes_1_and_2', 'dataset_consumes_unknown_never_scheduled', 'consume_1_or_2_with_dataset_expressions', 'consume_1_and_2_with_dataset_expressions', 'dataset_consumes_1', 'dataset_produces_2', 'dataset_consumes_1_never_scheduled', 'conditional_dataset_and_time_based_timetable', 'consume_1_or_both_2_and_3_with_dataset_expressions' retrieved from /home/airflow/.local/lib/python3.12/site-packages/airflow/example_dags/example_datasets.py
[2024-06-29T11:09:38.835+0000] {logging_mixin.py:188} INFO - [2024-06-29T11:09:38.835+0000] {dag.py:3096} INFO - Sync 10 DAGs
[2024-06-29T11:09:38.845+0000] {logging_mixin.py:188} INFO - [2024-06-29T11:09:38.845+0000] {dag.py:3954} INFO - Setting next_dagrun for conditional_dataset_and_time_based_timetable to 2024-06-26 01:00:00+00:00, run_after=2024-06-26 01:00:00+00:00
[2024-06-29T11:09:38.847+0000] {logging_mixin.py:188} INFO - [2024-06-29T11:09:38.847+0000] {dag.py:3954} INFO - Setting next_dagrun for consume_1_and_2_with_dataset_expressions to None, run_after=None
[2024-06-29T11:09:38.847+0000] {logging_mixin.py:188} INFO - [2024-06-29T11:09:38.847+0000] {dag.py:3954} INFO - Setting next_dagrun for consume_1_or_2_with_dataset_expressions to None, run_after=None
[2024-06-29T11:09:38.848+0000] {logging_mixin.py:188} INFO - [2024-06-29T11:09:38.848+0000] {dag.py:3954} INFO - Setting next_dagrun for consume_1_or_both_2_and_3_with_dataset_expressions to None, run_after=None
[2024-06-29T11:09:38.849+0000] {logging_mixin.py:188} INFO - [2024-06-29T11:09:38.849+0000] {dag.py:3954} INFO - Setting next_dagrun for dataset_consumes_1 to None, run_after=None
[2024-06-29T11:09:38.849+0000] {logging_mixin.py:188} INFO - [2024-06-29T11:09:38.849+0000] {dag.py:3954} INFO - Setting next_dagrun for dataset_consumes_1_and_2 to None, run_after=None
[2024-06-29T11:09:38.850+0000] {logging_mixin.py:188} INFO - [2024-06-29T11:09:38.850+0000] {dag.py:3954} INFO - Setting next_dagrun for dataset_consumes_1_never_scheduled to None, run_after=None
[2024-06-29T11:09:38.850+0000] {logging_mixin.py:188} INFO - [2024-06-29T11:09:38.850+0000] {dag.py:3954} INFO - Setting next_dagrun for dataset_consumes_unknown_never_scheduled to None, run_after=None
[2024-06-29T11:09:38.851+0000] {logging_mixin.py:188} INFO - [2024-06-29T11:09:38.851+0000] {dag.py:3954} INFO - Setting next_dagrun for dataset_produces_1 to 2024-06-28 00:00:00+00:00, run_after=2024-06-29 00:00:00+00:00
[2024-06-29T11:09:38.852+0000] {logging_mixin.py:188} INFO - [2024-06-29T11:09:38.852+0000] {dag.py:3954} INFO - Setting next_dagrun for dataset_produces_2 to None, run_after=None
[2024-06-29T11:09:38.869+0000] {processor.py:183} INFO - Processing /home/airflow/.local/lib/python3.12/site-packages/airflow/example_dags/example_datasets.py took 0.137 seconds
[2024-06-29T11:10:09.587+0000] {processor.py:161} INFO - Started process (PID=161) to work on /home/airflow/.local/lib/python3.12/site-packages/airflow/example_dags/example_datasets.py
[2024-06-29T11:10:09.587+0000] {processor.py:830} INFO - Processing file /home/airflow/.local/lib/python3.12/site-packages/airflow/example_dags/example_datasets.py for tasks to queue
[2024-06-29T11:10:09.589+0000] {logging_mixin.py:188} INFO - [2024-06-29T11:10:09.589+0000] {dagbag.py:545} INFO - Filling up the DagBag from /home/airflow/.local/lib/python3.12/site-packages/airflow/example_dags/example_datasets.py
[2024-06-29T11:10:09.596+0000] {processor.py:840} INFO - DAG(s) 'consume_1_and_2_with_dataset_expressions', 'dataset_produces_1', 'conditional_dataset_and_time_based_timetable', 'dataset_consumes_1', 'dataset_consumes_unknown_never_scheduled', 'consume_1_or_2_with_dataset_expressions', 'consume_1_or_both_2_and_3_with_dataset_expressions', 'dataset_consumes_1_never_scheduled', 'dataset_consumes_1_and_2', 'dataset_produces_2' retrieved from /home/airflow/.local/lib/python3.12/site-packages/airflow/example_dags/example_datasets.py
[2024-06-29T11:10:09.620+0000] {logging_mixin.py:188} INFO - [2024-06-29T11:10:09.620+0000] {dag.py:3096} INFO - Sync 10 DAGs
[2024-06-29T11:10:09.633+0000] {logging_mixin.py:188} INFO - [2024-06-29T11:10:09.633+0000] {dag.py:3954} INFO - Setting next_dagrun for conditional_dataset_and_time_based_timetable to 2024-06-26 01:00:00+00:00, run_after=2024-06-26 01:00:00+00:00
[2024-06-29T11:10:09.635+0000] {logging_mixin.py:188} INFO - [2024-06-29T11:10:09.635+0000] {dag.py:3954} INFO - Setting next_dagrun for consume_1_and_2_with_dataset_expressions to None, run_after=None
[2024-06-29T11:10:09.636+0000] {logging_mixin.py:188} INFO - [2024-06-29T11:10:09.636+0000] {dag.py:3954} INFO - Setting next_dagrun for consume_1_or_2_with_dataset_expressions to None, run_after=None
[2024-06-29T11:10:09.636+0000] {logging_mixin.py:188} INFO - [2024-06-29T11:10:09.636+0000] {dag.py:3954} INFO - Setting next_dagrun for consume_1_or_both_2_and_3_with_dataset_expressions to None, run_after=None
[2024-06-29T11:10:09.637+0000] {logging_mixin.py:188} INFO - [2024-06-29T11:10:09.637+0000] {dag.py:3954} INFO - Setting next_dagrun for dataset_consumes_1 to None, run_after=None
[2024-06-29T11:10:09.637+0000] {logging_mixin.py:188} INFO - [2024-06-29T11:10:09.637+0000] {dag.py:3954} INFO - Setting next_dagrun for dataset_consumes_1_and_2 to None, run_after=None
[2024-06-29T11:10:09.638+0000] {logging_mixin.py:188} INFO - [2024-06-29T11:10:09.638+0000] {dag.py:3954} INFO - Setting next_dagrun for dataset_consumes_1_never_scheduled to None, run_after=None
[2024-06-29T11:10:09.638+0000] {logging_mixin.py:188} INFO - [2024-06-29T11:10:09.638+0000] {dag.py:3954} INFO - Setting next_dagrun for dataset_consumes_unknown_never_scheduled to None, run_after=None
[2024-06-29T11:10:09.639+0000] {logging_mixin.py:188} INFO - [2024-06-29T11:10:09.639+0000] {dag.py:3954} INFO - Setting next_dagrun for dataset_produces_1 to 2024-06-28 00:00:00+00:00, run_after=2024-06-29 00:00:00+00:00
[2024-06-29T11:10:09.640+0000] {logging_mixin.py:188} INFO - [2024-06-29T11:10:09.640+0000] {dag.py:3954} INFO - Setting next_dagrun for dataset_produces_2 to None, run_after=None
[2024-06-29T11:10:09.655+0000] {processor.py:183} INFO - Processing /home/airflow/.local/lib/python3.12/site-packages/airflow/example_dags/example_datasets.py took 0.072 seconds
[2024-06-29T11:10:39.836+0000] {processor.py:161} INFO - Started process (PID=219) to work on /home/airflow/.local/lib/python3.12/site-packages/airflow/example_dags/example_datasets.py
[2024-06-29T11:10:39.837+0000] {processor.py:830} INFO - Processing file /home/airflow/.local/lib/python3.12/site-packages/airflow/example_dags/example_datasets.py for tasks to queue
[2024-06-29T11:10:39.838+0000] {logging_mixin.py:188} INFO - [2024-06-29T11:10:39.838+0000] {dagbag.py:545} INFO - Filling up the DagBag from /home/airflow/.local/lib/python3.12/site-packages/airflow/example_dags/example_datasets.py
[2024-06-29T11:10:39.846+0000] {processor.py:840} INFO - DAG(s) 'dataset_consumes_unknown_never_scheduled', 'consume_1_or_both_2_and_3_with_dataset_expressions', 'consume_1_and_2_with_dataset_expressions', 'dataset_consumes_1', 'dataset_produces_1', 'dataset_consumes_1_and_2', 'conditional_dataset_and_time_based_timetable', 'dataset_consumes_1_never_scheduled', 'dataset_produces_2', 'consume_1_or_2_with_dataset_expressions' retrieved from /home/airflow/.local/lib/python3.12/site-packages/airflow/example_dags/example_datasets.py
[2024-06-29T11:10:39.871+0000] {logging_mixin.py:188} INFO - [2024-06-29T11:10:39.870+0000] {dag.py:3096} INFO - Sync 10 DAGs
[2024-06-29T11:10:39.884+0000] {logging_mixin.py:188} INFO - [2024-06-29T11:10:39.884+0000] {dag.py:3954} INFO - Setting next_dagrun for conditional_dataset_and_time_based_timetable to 2024-06-26 01:00:00+00:00, run_after=2024-06-26 01:00:00+00:00
[2024-06-29T11:10:39.886+0000] {logging_mixin.py:188} INFO - [2024-06-29T11:10:39.886+0000] {dag.py:3954} INFO - Setting next_dagrun for consume_1_and_2_with_dataset_expressions to None, run_after=None
[2024-06-29T11:10:39.887+0000] {logging_mixin.py:188} INFO - [2024-06-29T11:10:39.887+0000] {dag.py:3954} INFO - Setting next_dagrun for consume_1_or_2_with_dataset_expressions to None, run_after=None
[2024-06-29T11:10:39.888+0000] {logging_mixin.py:188} INFO - [2024-06-29T11:10:39.888+0000] {dag.py:3954} INFO - Setting next_dagrun for consume_1_or_both_2_and_3_with_dataset_expressions to None, run_after=None
[2024-06-29T11:10:39.888+0000] {logging_mixin.py:188} INFO - [2024-06-29T11:10:39.888+0000] {dag.py:3954} INFO - Setting next_dagrun for dataset_consumes_1 to None, run_after=None
[2024-06-29T11:10:39.889+0000] {logging_mixin.py:188} INFO - [2024-06-29T11:10:39.889+0000] {dag.py:3954} INFO - Setting next_dagrun for dataset_consumes_1_and_2 to None, run_after=None
[2024-06-29T11:10:39.889+0000] {logging_mixin.py:188} INFO - [2024-06-29T11:10:39.889+0000] {dag.py:3954} INFO - Setting next_dagrun for dataset_consumes_1_never_scheduled to None, run_after=None
[2024-06-29T11:10:39.890+0000] {logging_mixin.py:188} INFO - [2024-06-29T11:10:39.890+0000] {dag.py:3954} INFO - Setting next_dagrun for dataset_consumes_unknown_never_scheduled to None, run_after=None
[2024-06-29T11:10:39.891+0000] {logging_mixin.py:188} INFO - [2024-06-29T11:10:39.891+0000] {dag.py:3954} INFO - Setting next_dagrun for dataset_produces_1 to 2024-06-28 00:00:00+00:00, run_after=2024-06-29 00:00:00+00:00
[2024-06-29T11:10:39.892+0000] {logging_mixin.py:188} INFO - [2024-06-29T11:10:39.892+0000] {dag.py:3954} INFO - Setting next_dagrun for dataset_produces_2 to None, run_after=None
[2024-06-29T11:10:39.908+0000] {processor.py:183} INFO - Processing /home/airflow/.local/lib/python3.12/site-packages/airflow/example_dags/example_datasets.py took 0.075 seconds
[2024-06-29T11:11:10.070+0000] {processor.py:161} INFO - Started process (PID=277) to work on /home/airflow/.local/lib/python3.12/site-packages/airflow/example_dags/example_datasets.py
[2024-06-29T11:11:10.071+0000] {processor.py:830} INFO - Processing file /home/airflow/.local/lib/python3.12/site-packages/airflow/example_dags/example_datasets.py for tasks to queue
[2024-06-29T11:11:10.072+0000] {logging_mixin.py:188} INFO - [2024-06-29T11:11:10.072+0000] {dagbag.py:545} INFO - Filling up the DagBag from /home/airflow/.local/lib/python3.12/site-packages/airflow/example_dags/example_datasets.py
[2024-06-29T11:11:10.079+0000] {processor.py:840} INFO - DAG(s) 'dataset_consumes_1', 'dataset_consumes_1_and_2', 'consume_1_or_both_2_and_3_with_dataset_expressions', 'dataset_produces_2', 'consume_1_or_2_with_dataset_expressions', 'dataset_consumes_1_never_scheduled', 'dataset_produces_1', 'conditional_dataset_and_time_based_timetable', 'dataset_consumes_unknown_never_scheduled', 'consume_1_and_2_with_dataset_expressions' retrieved from /home/airflow/.local/lib/python3.12/site-packages/airflow/example_dags/example_datasets.py
[2024-06-29T11:11:10.104+0000] {logging_mixin.py:188} INFO - [2024-06-29T11:11:10.104+0000] {dag.py:3096} INFO - Sync 10 DAGs
[2024-06-29T11:11:10.117+0000] {logging_mixin.py:188} INFO - [2024-06-29T11:11:10.117+0000] {dag.py:3954} INFO - Setting next_dagrun for conditional_dataset_and_time_based_timetable to 2024-06-26 01:00:00+00:00, run_after=2024-06-26 01:00:00+00:00
[2024-06-29T11:11:10.119+0000] {logging_mixin.py:188} INFO - [2024-06-29T11:11:10.119+0000] {dag.py:3954} INFO - Setting next_dagrun for consume_1_and_2_with_dataset_expressions to None, run_after=None
[2024-06-29T11:11:10.119+0000] {logging_mixin.py:188} INFO - [2024-06-29T11:11:10.119+0000] {dag.py:3954} INFO - Setting next_dagrun for consume_1_or_2_with_dataset_expressions to None, run_after=None
[2024-06-29T11:11:10.120+0000] {logging_mixin.py:188} INFO - [2024-06-29T11:11:10.120+0000] {dag.py:3954} INFO - Setting next_dagrun for consume_1_or_both_2_and_3_with_dataset_expressions to None, run_after=None
[2024-06-29T11:11:10.121+0000] {logging_mixin.py:188} INFO - [2024-06-29T11:11:10.121+0000] {dag.py:3954} INFO - Setting next_dagrun for dataset_consumes_1 to None, run_after=None
[2024-06-29T11:11:10.121+0000] {logging_mixin.py:188} INFO - [2024-06-29T11:11:10.121+0000] {dag.py:3954} INFO - Setting next_dagrun for dataset_consumes_1_and_2 to None, run_after=None
[2024-06-29T11:11:10.122+0000] {logging_mixin.py:188} INFO - [2024-06-29T11:11:10.122+0000] {dag.py:3954} INFO - Setting next_dagrun for dataset_consumes_1_never_scheduled to None, run_after=None
[2024-06-29T11:11:10.123+0000] {logging_mixin.py:188} INFO - [2024-06-29T11:11:10.123+0000] {dag.py:3954} INFO - Setting next_dagrun for dataset_consumes_unknown_never_scheduled to None, run_after=None
[2024-06-29T11:11:10.124+0000] {logging_mixin.py:188} INFO - [2024-06-29T11:11:10.124+0000] {dag.py:3954} INFO - Setting next_dagrun for dataset_produces_1 to 2024-06-28 00:00:00+00:00, run_after=2024-06-29 00:00:00+00:00
[2024-06-29T11:11:10.124+0000] {logging_mixin.py:188} INFO - [2024-06-29T11:11:10.124+0000] {dag.py:3954} INFO - Setting next_dagrun for dataset_produces_2 to None, run_after=None
[2024-06-29T11:11:10.139+0000] {processor.py:183} INFO - Processing /home/airflow/.local/lib/python3.12/site-packages/airflow/example_dags/example_datasets.py took 0.072 seconds
[2024-06-29T11:11:40.972+0000] {processor.py:161} INFO - Started process (PID=335) to work on /home/airflow/.local/lib/python3.12/site-packages/airflow/example_dags/example_datasets.py
[2024-06-29T11:11:40.972+0000] {processor.py:830} INFO - Processing file /home/airflow/.local/lib/python3.12/site-packages/airflow/example_dags/example_datasets.py for tasks to queue
[2024-06-29T11:11:40.973+0000] {logging_mixin.py:188} INFO - [2024-06-29T11:11:40.973+0000] {dagbag.py:545} INFO - Filling up the DagBag from /home/airflow/.local/lib/python3.12/site-packages/airflow/example_dags/example_datasets.py
[2024-06-29T11:11:40.982+0000] {processor.py:840} INFO - DAG(s) 'conditional_dataset_and_time_based_timetable', 'dataset_consumes_1_never_scheduled', 'dataset_produces_2', 'dataset_consumes_unknown_never_scheduled', 'consume_1_and_2_with_dataset_expressions', 'dataset_consumes_1_and_2', 'dataset_produces_1', 'consume_1_or_both_2_and_3_with_dataset_expressions', 'dataset_consumes_1', 'consume_1_or_2_with_dataset_expressions' retrieved from /home/airflow/.local/lib/python3.12/site-packages/airflow/example_dags/example_datasets.py
[2024-06-29T11:11:41.005+0000] {logging_mixin.py:188} INFO - [2024-06-29T11:11:41.005+0000] {dag.py:3096} INFO - Sync 10 DAGs
[2024-06-29T11:11:41.016+0000] {logging_mixin.py:188} INFO - [2024-06-29T11:11:41.016+0000] {dag.py:3954} INFO - Setting next_dagrun for conditional_dataset_and_time_based_timetable to 2024-06-26 01:00:00+00:00, run_after=2024-06-26 01:00:00+00:00
[2024-06-29T11:11:41.018+0000] {logging_mixin.py:188} INFO - [2024-06-29T11:11:41.018+0000] {dag.py:3954} INFO - Setting next_dagrun for consume_1_and_2_with_dataset_expressions to None, run_after=None
[2024-06-29T11:11:41.019+0000] {logging_mixin.py:188} INFO - [2024-06-29T11:11:41.019+0000] {dag.py:3954} INFO - Setting next_dagrun for consume_1_or_2_with_dataset_expressions to None, run_after=None
[2024-06-29T11:11:41.019+0000] {logging_mixin.py:188} INFO - [2024-06-29T11:11:41.019+0000] {dag.py:3954} INFO - Setting next_dagrun for consume_1_or_both_2_and_3_with_dataset_expressions to None, run_after=None
[2024-06-29T11:11:41.020+0000] {logging_mixin.py:188} INFO - [2024-06-29T11:11:41.020+0000] {dag.py:3954} INFO - Setting next_dagrun for dataset_consumes_1 to None, run_after=None
[2024-06-29T11:11:41.020+0000] {logging_mixin.py:188} INFO - [2024-06-29T11:11:41.020+0000] {dag.py:3954} INFO - Setting next_dagrun for dataset_consumes_1_and_2 to None, run_after=None
[2024-06-29T11:11:41.021+0000] {logging_mixin.py:188} INFO - [2024-06-29T11:11:41.021+0000] {dag.py:3954} INFO - Setting next_dagrun for dataset_consumes_1_never_scheduled to None, run_after=None
[2024-06-29T11:11:41.021+0000] {logging_mixin.py:188} INFO - [2024-06-29T11:11:41.021+0000] {dag.py:3954} INFO - Setting next_dagrun for dataset_consumes_unknown_never_scheduled to None, run_after=None
[2024-06-29T11:11:41.022+0000] {logging_mixin.py:188} INFO - [2024-06-29T11:11:41.022+0000] {dag.py:3954} INFO - Setting next_dagrun for dataset_produces_1 to 2024-06-28 00:00:00+00:00, run_after=2024-06-29 00:00:00+00:00
[2024-06-29T11:11:41.023+0000] {logging_mixin.py:188} INFO - [2024-06-29T11:11:41.023+0000] {dag.py:3954} INFO - Setting next_dagrun for dataset_produces_2 to None, run_after=None
[2024-06-29T11:11:41.038+0000] {processor.py:183} INFO - Processing /home/airflow/.local/lib/python3.12/site-packages/airflow/example_dags/example_datasets.py took 0.069 seconds
[2024-06-29T11:12:11.229+0000] {processor.py:161} INFO - Started process (PID=394) to work on /home/airflow/.local/lib/python3.12/site-packages/airflow/example_dags/example_datasets.py
[2024-06-29T11:12:11.229+0000] {processor.py:830} INFO - Processing file /home/airflow/.local/lib/python3.12/site-packages/airflow/example_dags/example_datasets.py for tasks to queue
[2024-06-29T11:12:11.230+0000] {logging_mixin.py:188} INFO - [2024-06-29T11:12:11.230+0000] {dagbag.py:545} INFO - Filling up the DagBag from /home/airflow/.local/lib/python3.12/site-packages/airflow/example_dags/example_datasets.py
[2024-06-29T11:12:11.238+0000] {processor.py:840} INFO - DAG(s) 'dataset_produces_1', 'consume_1_and_2_with_dataset_expressions', 'dataset_consumes_1', 'consume_1_or_2_with_dataset_expressions', 'consume_1_or_both_2_and_3_with_dataset_expressions', 'dataset_consumes_1_and_2', 'dataset_consumes_unknown_never_scheduled', 'dataset_produces_2', 'dataset_consumes_1_never_scheduled', 'conditional_dataset_and_time_based_timetable' retrieved from /home/airflow/.local/lib/python3.12/site-packages/airflow/example_dags/example_datasets.py
[2024-06-29T11:12:11.262+0000] {logging_mixin.py:188} INFO - [2024-06-29T11:12:11.262+0000] {dag.py:3096} INFO - Sync 10 DAGs
[2024-06-29T11:12:11.274+0000] {logging_mixin.py:188} INFO - [2024-06-29T11:12:11.274+0000] {dag.py:3954} INFO - Setting next_dagrun for conditional_dataset_and_time_based_timetable to 2024-06-26 01:00:00+00:00, run_after=2024-06-26 01:00:00+00:00
[2024-06-29T11:12:11.277+0000] {logging_mixin.py:188} INFO - [2024-06-29T11:12:11.276+0000] {dag.py:3954} INFO - Setting next_dagrun for consume_1_and_2_with_dataset_expressions to None, run_after=None
[2024-06-29T11:12:11.277+0000] {logging_mixin.py:188} INFO - [2024-06-29T11:12:11.277+0000] {dag.py:3954} INFO - Setting next_dagrun for consume_1_or_2_with_dataset_expressions to None, run_after=None
[2024-06-29T11:12:11.278+0000] {logging_mixin.py:188} INFO - [2024-06-29T11:12:11.278+0000] {dag.py:3954} INFO - Setting next_dagrun for consume_1_or_both_2_and_3_with_dataset_expressions to None, run_after=None
[2024-06-29T11:12:11.278+0000] {logging_mixin.py:188} INFO - [2024-06-29T11:12:11.278+0000] {dag.py:3954} INFO - Setting next_dagrun for dataset_consumes_1 to None, run_after=None
[2024-06-29T11:12:11.279+0000] {logging_mixin.py:188} INFO - [2024-06-29T11:12:11.279+0000] {dag.py:3954} INFO - Setting next_dagrun for dataset_consumes_1_and_2 to None, run_after=None
[2024-06-29T11:12:11.279+0000] {logging_mixin.py:188} INFO - [2024-06-29T11:12:11.279+0000] {dag.py:3954} INFO - Setting next_dagrun for dataset_consumes_1_never_scheduled to None, run_after=None
[2024-06-29T11:12:11.280+0000] {logging_mixin.py:188} INFO - [2024-06-29T11:12:11.280+0000] {dag.py:3954} INFO - Setting next_dagrun for dataset_consumes_unknown_never_scheduled to None, run_after=None
[2024-06-29T11:12:11.281+0000] {logging_mixin.py:188} INFO - [2024-06-29T11:12:11.281+0000] {dag.py:3954} INFO - Setting next_dagrun for dataset_produces_1 to 2024-06-28 00:00:00+00:00, run_after=2024-06-29 00:00:00+00:00
[2024-06-29T11:12:11.282+0000] {logging_mixin.py:188} INFO - [2024-06-29T11:12:11.281+0000] {dag.py:3954} INFO - Setting next_dagrun for dataset_produces_2 to None, run_after=None
[2024-06-29T11:12:11.297+0000] {processor.py:183} INFO - Processing /home/airflow/.local/lib/python3.12/site-packages/airflow/example_dags/example_datasets.py took 0.072 seconds
[2024-06-29T11:12:41.439+0000] {processor.py:161} INFO - Started process (PID=452) to work on /home/airflow/.local/lib/python3.12/site-packages/airflow/example_dags/example_datasets.py
[2024-06-29T11:12:41.440+0000] {processor.py:830} INFO - Processing file /home/airflow/.local/lib/python3.12/site-packages/airflow/example_dags/example_datasets.py for tasks to queue
[2024-06-29T11:12:41.441+0000] {logging_mixin.py:188} INFO - [2024-06-29T11:12:41.441+0000] {dagbag.py:545} INFO - Filling up the DagBag from /home/airflow/.local/lib/python3.12/site-packages/airflow/example_dags/example_datasets.py
[2024-06-29T11:12:41.449+0000] {processor.py:840} INFO - DAG(s) 'consume_1_or_both_2_and_3_with_dataset_expressions', 'dataset_consumes_unknown_never_scheduled', 'dataset_consumes_1_never_scheduled', 'dataset_produces_1', 'dataset_produces_2', 'dataset_consumes_1_and_2', 'dataset_consumes_1', 'consume_1_and_2_with_dataset_expressions', 'conditional_dataset_and_time_based_timetable', 'consume_1_or_2_with_dataset_expressions' retrieved from /home/airflow/.local/lib/python3.12/site-packages/airflow/example_dags/example_datasets.py
[2024-06-29T11:12:41.472+0000] {logging_mixin.py:188} INFO - [2024-06-29T11:12:41.472+0000] {dag.py:3096} INFO - Sync 10 DAGs
[2024-06-29T11:12:41.484+0000] {logging_mixin.py:188} INFO - [2024-06-29T11:12:41.484+0000] {dag.py:3954} INFO - Setting next_dagrun for conditional_dataset_and_time_based_timetable to 2024-06-26 01:00:00+00:00, run_after=2024-06-26 01:00:00+00:00
[2024-06-29T11:12:41.486+0000] {logging_mixin.py:188} INFO - [2024-06-29T11:12:41.486+0000] {dag.py:3954} INFO - Setting next_dagrun for consume_1_and_2_with_dataset_expressions to None, run_after=None
[2024-06-29T11:12:41.487+0000] {logging_mixin.py:188} INFO - [2024-06-29T11:12:41.487+0000] {dag.py:3954} INFO - Setting next_dagrun for consume_1_or_2_with_dataset_expressions to None, run_after=None
[2024-06-29T11:12:41.488+0000] {logging_mixin.py:188} INFO - [2024-06-29T11:12:41.488+0000] {dag.py:3954} INFO - Setting next_dagrun for consume_1_or_both_2_and_3_with_dataset_expressions to None, run_after=None
[2024-06-29T11:12:41.488+0000] {logging_mixin.py:188} INFO - [2024-06-29T11:12:41.488+0000] {dag.py:3954} INFO - Setting next_dagrun for dataset_consumes_1 to None, run_after=None
[2024-06-29T11:12:41.489+0000] {logging_mixin.py:188} INFO - [2024-06-29T11:12:41.489+0000] {dag.py:3954} INFO - Setting next_dagrun for dataset_consumes_1_and_2 to None, run_after=None
[2024-06-29T11:12:41.489+0000] {logging_mixin.py:188} INFO - [2024-06-29T11:12:41.489+0000] {dag.py:3954} INFO - Setting next_dagrun for dataset_consumes_1_never_scheduled to None, run_after=None
[2024-06-29T11:12:41.490+0000] {logging_mixin.py:188} INFO - [2024-06-29T11:12:41.490+0000] {dag.py:3954} INFO - Setting next_dagrun for dataset_consumes_unknown_never_scheduled to None, run_after=None
[2024-06-29T11:12:41.491+0000] {logging_mixin.py:188} INFO - [2024-06-29T11:12:41.491+0000] {dag.py:3954} INFO - Setting next_dagrun for dataset_produces_1 to 2024-06-28 00:00:00+00:00, run_after=2024-06-29 00:00:00+00:00
[2024-06-29T11:12:41.491+0000] {logging_mixin.py:188} INFO - [2024-06-29T11:12:41.491+0000] {dag.py:3954} INFO - Setting next_dagrun for dataset_produces_2 to None, run_after=None
[2024-06-29T11:12:41.507+0000] {processor.py:183} INFO - Processing /home/airflow/.local/lib/python3.12/site-packages/airflow/example_dags/example_datasets.py took 0.071 seconds
[2024-06-29T11:13:11.588+0000] {processor.py:161} INFO - Started process (PID=510) to work on /home/airflow/.local/lib/python3.12/site-packages/airflow/example_dags/example_datasets.py
[2024-06-29T11:13:11.589+0000] {processor.py:830} INFO - Processing file /home/airflow/.local/lib/python3.12/site-packages/airflow/example_dags/example_datasets.py for tasks to queue
[2024-06-29T11:13:11.590+0000] {logging_mixin.py:188} INFO - [2024-06-29T11:13:11.590+0000] {dagbag.py:545} INFO - Filling up the DagBag from /home/airflow/.local/lib/python3.12/site-packages/airflow/example_dags/example_datasets.py
[2024-06-29T11:13:11.600+0000] {processor.py:840} INFO - DAG(s) 'conditional_dataset_and_time_based_timetable', 'dataset_consumes_1_never_scheduled', 'dataset_produces_1', 'dataset_consumes_unknown_never_scheduled', 'consume_1_or_2_with_dataset_expressions', 'dataset_consumes_1_and_2', 'dataset_produces_2', 'consume_1_and_2_with_dataset_expressions', 'consume_1_or_both_2_and_3_with_dataset_expressions', 'dataset_consumes_1' retrieved from /home/airflow/.local/lib/python3.12/site-packages/airflow/example_dags/example_datasets.py
[2024-06-29T11:13:11.627+0000] {logging_mixin.py:188} INFO - [2024-06-29T11:13:11.627+0000] {dag.py:3096} INFO - Sync 10 DAGs
[2024-06-29T11:13:11.639+0000] {logging_mixin.py:188} INFO - [2024-06-29T11:13:11.639+0000] {dag.py:3954} INFO - Setting next_dagrun for conditional_dataset_and_time_based_timetable to 2024-06-26 01:00:00+00:00, run_after=2024-06-26 01:00:00+00:00
[2024-06-29T11:13:11.642+0000] {logging_mixin.py:188} INFO - [2024-06-29T11:13:11.641+0000] {dag.py:3954} INFO - Setting next_dagrun for consume_1_and_2_with_dataset_expressions to None, run_after=None
[2024-06-29T11:13:11.642+0000] {logging_mixin.py:188} INFO - [2024-06-29T11:13:11.642+0000] {dag.py:3954} INFO - Setting next_dagrun for consume_1_or_2_with_dataset_expressions to None, run_after=None
[2024-06-29T11:13:11.643+0000] {logging_mixin.py:188} INFO - [2024-06-29T11:13:11.643+0000] {dag.py:3954} INFO - Setting next_dagrun for consume_1_or_both_2_and_3_with_dataset_expressions to None, run_after=None
[2024-06-29T11:13:11.644+0000] {logging_mixin.py:188} INFO - [2024-06-29T11:13:11.644+0000] {dag.py:3954} INFO - Setting next_dagrun for dataset_consumes_1 to None, run_after=None
[2024-06-29T11:13:11.644+0000] {logging_mixin.py:188} INFO - [2024-06-29T11:13:11.644+0000] {dag.py:3954} INFO - Setting next_dagrun for dataset_consumes_1_and_2 to None, run_after=None
[2024-06-29T11:13:11.645+0000] {logging_mixin.py:188} INFO - [2024-06-29T11:13:11.645+0000] {dag.py:3954} INFO - Setting next_dagrun for dataset_consumes_1_never_scheduled to None, run_after=None
[2024-06-29T11:13:11.645+0000] {logging_mixin.py:188} INFO - [2024-06-29T11:13:11.645+0000] {dag.py:3954} INFO - Setting next_dagrun for dataset_consumes_unknown_never_scheduled to None, run_after=None
[2024-06-29T11:13:11.646+0000] {logging_mixin.py:188} INFO - [2024-06-29T11:13:11.646+0000] {dag.py:3954} INFO - Setting next_dagrun for dataset_produces_1 to 2024-06-28 00:00:00+00:00, run_after=2024-06-29 00:00:00+00:00
[2024-06-29T11:13:11.647+0000] {logging_mixin.py:188} INFO - [2024-06-29T11:13:11.647+0000] {dag.py:3954} INFO - Setting next_dagrun for dataset_produces_2 to None, run_after=None
[2024-06-29T11:13:11.662+0000] {processor.py:183} INFO - Processing /home/airflow/.local/lib/python3.12/site-packages/airflow/example_dags/example_datasets.py took 0.078 seconds
[2024-06-29T11:13:41.735+0000] {processor.py:161} INFO - Started process (PID=569) to work on /home/airflow/.local/lib/python3.12/site-packages/airflow/example_dags/example_datasets.py
[2024-06-29T11:13:41.736+0000] {processor.py:830} INFO - Processing file /home/airflow/.local/lib/python3.12/site-packages/airflow/example_dags/example_datasets.py for tasks to queue
[2024-06-29T11:13:41.737+0000] {logging_mixin.py:188} INFO - [2024-06-29T11:13:41.737+0000] {dagbag.py:545} INFO - Filling up the DagBag from /home/airflow/.local/lib/python3.12/site-packages/airflow/example_dags/example_datasets.py
[2024-06-29T11:13:41.745+0000] {processor.py:840} INFO - DAG(s) 'dataset_produces_2', 'dataset_consumes_1', 'conditional_dataset_and_time_based_timetable', 'dataset_consumes_unknown_never_scheduled', 'dataset_consumes_1_never_scheduled', 'consume_1_and_2_with_dataset_expressions', 'consume_1_or_both_2_and_3_with_dataset_expressions', 'consume_1_or_2_with_dataset_expressions', 'dataset_produces_1', 'dataset_consumes_1_and_2' retrieved from /home/airflow/.local/lib/python3.12/site-packages/airflow/example_dags/example_datasets.py
[2024-06-29T11:13:41.767+0000] {logging_mixin.py:188} INFO - [2024-06-29T11:13:41.767+0000] {dag.py:3096} INFO - Sync 10 DAGs
[2024-06-29T11:13:41.779+0000] {logging_mixin.py:188} INFO - [2024-06-29T11:13:41.779+0000] {dag.py:3954} INFO - Setting next_dagrun for conditional_dataset_and_time_based_timetable to 2024-06-26 01:00:00+00:00, run_after=2024-06-26 01:00:00+00:00
[2024-06-29T11:13:41.781+0000] {logging_mixin.py:188} INFO - [2024-06-29T11:13:41.781+0000] {dag.py:3954} INFO - Setting next_dagrun for consume_1_and_2_with_dataset_expressions to None, run_after=None
[2024-06-29T11:13:41.782+0000] {logging_mixin.py:188} INFO - [2024-06-29T11:13:41.782+0000] {dag.py:3954} INFO - Setting next_dagrun for consume_1_or_2_with_dataset_expressions to None, run_after=None
[2024-06-29T11:13:41.783+0000] {logging_mixin.py:188} INFO - [2024-06-29T11:13:41.783+0000] {dag.py:3954} INFO - Setting next_dagrun for consume_1_or_both_2_and_3_with_dataset_expressions to None, run_after=None
[2024-06-29T11:13:41.783+0000] {logging_mixin.py:188} INFO - [2024-06-29T11:13:41.783+0000] {dag.py:3954} INFO - Setting next_dagrun for dataset_consumes_1 to None, run_after=None
[2024-06-29T11:13:41.784+0000] {logging_mixin.py:188} INFO - [2024-06-29T11:13:41.783+0000] {dag.py:3954} INFO - Setting next_dagrun for dataset_consumes_1_and_2 to None, run_after=None
[2024-06-29T11:13:41.784+0000] {logging_mixin.py:188} INFO - [2024-06-29T11:13:41.784+0000] {dag.py:3954} INFO - Setting next_dagrun for dataset_consumes_1_never_scheduled to None, run_after=None
[2024-06-29T11:13:41.784+0000] {logging_mixin.py:188} INFO - [2024-06-29T11:13:41.784+0000] {dag.py:3954} INFO - Setting next_dagrun for dataset_consumes_unknown_never_scheduled to None, run_after=None
[2024-06-29T11:13:41.785+0000] {logging_mixin.py:188} INFO - [2024-06-29T11:13:41.785+0000] {dag.py:3954} INFO - Setting next_dagrun for dataset_produces_1 to 2024-06-28 00:00:00+00:00, run_after=2024-06-29 00:00:00+00:00
[2024-06-29T11:13:41.786+0000] {logging_mixin.py:188} INFO - [2024-06-29T11:13:41.786+0000] {dag.py:3954} INFO - Setting next_dagrun for dataset_produces_2 to None, run_after=None
[2024-06-29T11:13:41.801+0000] {processor.py:183} INFO - Processing /home/airflow/.local/lib/python3.12/site-packages/airflow/example_dags/example_datasets.py took 0.069 seconds
[2024-06-29T11:14:11.852+0000] {processor.py:161} INFO - Started process (PID=628) to work on /home/airflow/.local/lib/python3.12/site-packages/airflow/example_dags/example_datasets.py
[2024-06-29T11:14:11.853+0000] {processor.py:830} INFO - Processing file /home/airflow/.local/lib/python3.12/site-packages/airflow/example_dags/example_datasets.py for tasks to queue
[2024-06-29T11:14:11.854+0000] {logging_mixin.py:188} INFO - [2024-06-29T11:14:11.854+0000] {dagbag.py:545} INFO - Filling up the DagBag from /home/airflow/.local/lib/python3.12/site-packages/airflow/example_dags/example_datasets.py
[2024-06-29T11:14:11.861+0000] {processor.py:840} INFO - DAG(s) 'dataset_consumes_1', 'dataset_produces_1', 'consume_1_or_2_with_dataset_expressions', 'dataset_produces_2', 'conditional_dataset_and_time_based_timetable', 'consume_1_and_2_with_dataset_expressions', 'consume_1_or_both_2_and_3_with_dataset_expressions', 'dataset_consumes_1_never_scheduled', 'dataset_consumes_unknown_never_scheduled', 'dataset_consumes_1_and_2' retrieved from /home/airflow/.local/lib/python3.12/site-packages/airflow/example_dags/example_datasets.py
[2024-06-29T11:14:11.884+0000] {logging_mixin.py:188} INFO - [2024-06-29T11:14:11.884+0000] {dag.py:3096} INFO - Sync 10 DAGs
[2024-06-29T11:14:11.896+0000] {logging_mixin.py:188} INFO - [2024-06-29T11:14:11.896+0000] {dag.py:3954} INFO - Setting next_dagrun for conditional_dataset_and_time_based_timetable to 2024-06-26 01:00:00+00:00, run_after=2024-06-26 01:00:00+00:00
[2024-06-29T11:14:11.898+0000] {logging_mixin.py:188} INFO - [2024-06-29T11:14:11.898+0000] {dag.py:3954} INFO - Setting next_dagrun for consume_1_and_2_with_dataset_expressions to None, run_after=None
[2024-06-29T11:14:11.899+0000] {logging_mixin.py:188} INFO - [2024-06-29T11:14:11.899+0000] {dag.py:3954} INFO - Setting next_dagrun for consume_1_or_2_with_dataset_expressions to None, run_after=None
[2024-06-29T11:14:11.899+0000] {logging_mixin.py:188} INFO - [2024-06-29T11:14:11.899+0000] {dag.py:3954} INFO - Setting next_dagrun for consume_1_or_both_2_and_3_with_dataset_expressions to None, run_after=None
[2024-06-29T11:14:11.900+0000] {logging_mixin.py:188} INFO - [2024-06-29T11:14:11.900+0000] {dag.py:3954} INFO - Setting next_dagrun for dataset_consumes_1 to None, run_after=None
[2024-06-29T11:14:11.900+0000] {logging_mixin.py:188} INFO - [2024-06-29T11:14:11.900+0000] {dag.py:3954} INFO - Setting next_dagrun for dataset_consumes_1_and_2 to None, run_after=None
[2024-06-29T11:14:11.901+0000] {logging_mixin.py:188} INFO - [2024-06-29T11:14:11.901+0000] {dag.py:3954} INFO - Setting next_dagrun for dataset_consumes_1_never_scheduled to None, run_after=None
[2024-06-29T11:14:11.902+0000] {logging_mixin.py:188} INFO - [2024-06-29T11:14:11.901+0000] {dag.py:3954} INFO - Setting next_dagrun for dataset_consumes_unknown_never_scheduled to None, run_after=None
[2024-06-29T11:14:11.903+0000] {logging_mixin.py:188} INFO - [2024-06-29T11:14:11.902+0000] {dag.py:3954} INFO - Setting next_dagrun for dataset_produces_1 to 2024-06-28 00:00:00+00:00, run_after=2024-06-29 00:00:00+00:00
[2024-06-29T11:14:11.903+0000] {logging_mixin.py:188} INFO - [2024-06-29T11:14:11.903+0000] {dag.py:3954} INFO - Setting next_dagrun for dataset_produces_2 to None, run_after=None
[2024-06-29T11:14:11.918+0000] {processor.py:183} INFO - Processing /home/airflow/.local/lib/python3.12/site-packages/airflow/example_dags/example_datasets.py took 0.069 seconds
[2024-06-29T11:14:42.164+0000] {processor.py:161} INFO - Started process (PID=685) to work on /home/airflow/.local/lib/python3.12/site-packages/airflow/example_dags/example_datasets.py
[2024-06-29T11:14:42.165+0000] {processor.py:830} INFO - Processing file /home/airflow/.local/lib/python3.12/site-packages/airflow/example_dags/example_datasets.py for tasks to queue
[2024-06-29T11:14:42.166+0000] {logging_mixin.py:188} INFO - [2024-06-29T11:14:42.166+0000] {dagbag.py:545} INFO - Filling up the DagBag from /home/airflow/.local/lib/python3.12/site-packages/airflow/example_dags/example_datasets.py
[2024-06-29T11:14:42.174+0000] {processor.py:840} INFO - DAG(s) 'dataset_produces_2', 'conditional_dataset_and_time_based_timetable', 'dataset_consumes_1_never_scheduled', 'dataset_consumes_unknown_never_scheduled', 'consume_1_or_2_with_dataset_expressions', 'dataset_produces_1', 'dataset_consumes_1', 'dataset_consumes_1_and_2', 'consume_1_and_2_with_dataset_expressions', 'consume_1_or_both_2_and_3_with_dataset_expressions' retrieved from /home/airflow/.local/lib/python3.12/site-packages/airflow/example_dags/example_datasets.py
[2024-06-29T11:14:42.202+0000] {logging_mixin.py:188} INFO - [2024-06-29T11:14:42.202+0000] {dag.py:3096} INFO - Sync 10 DAGs
[2024-06-29T11:14:42.214+0000] {logging_mixin.py:188} INFO - [2024-06-29T11:14:42.214+0000] {dag.py:3954} INFO - Setting next_dagrun for conditional_dataset_and_time_based_timetable to 2024-06-26 01:00:00+00:00, run_after=2024-06-26 01:00:00+00:00
[2024-06-29T11:14:42.216+0000] {logging_mixin.py:188} INFO - [2024-06-29T11:14:42.216+0000] {dag.py:3954} INFO - Setting next_dagrun for consume_1_and_2_with_dataset_expressions to None, run_after=None
[2024-06-29T11:14:42.217+0000] {logging_mixin.py:188} INFO - [2024-06-29T11:14:42.217+0000] {dag.py:3954} INFO - Setting next_dagrun for consume_1_or_2_with_dataset_expressions to None, run_after=None
[2024-06-29T11:14:42.217+0000] {logging_mixin.py:188} INFO - [2024-06-29T11:14:42.217+0000] {dag.py:3954} INFO - Setting next_dagrun for consume_1_or_both_2_and_3_with_dataset_expressions to None, run_after=None
[2024-06-29T11:14:42.218+0000] {logging_mixin.py:188} INFO - [2024-06-29T11:14:42.218+0000] {dag.py:3954} INFO - Setting next_dagrun for dataset_consumes_1 to None, run_after=None
[2024-06-29T11:14:42.219+0000] {logging_mixin.py:188} INFO - [2024-06-29T11:14:42.218+0000] {dag.py:3954} INFO - Setting next_dagrun for dataset_consumes_1_and_2 to None, run_after=None
[2024-06-29T11:14:42.219+0000] {logging_mixin.py:188} INFO - [2024-06-29T11:14:42.219+0000] {dag.py:3954} INFO - Setting next_dagrun for dataset_consumes_1_never_scheduled to None, run_after=None
[2024-06-29T11:14:42.220+0000] {logging_mixin.py:188} INFO - [2024-06-29T11:14:42.220+0000] {dag.py:3954} INFO - Setting next_dagrun for dataset_consumes_unknown_never_scheduled to None, run_after=None
[2024-06-29T11:14:42.221+0000] {logging_mixin.py:188} INFO - [2024-06-29T11:14:42.221+0000] {dag.py:3954} INFO - Setting next_dagrun for dataset_produces_1 to 2024-06-28 00:00:00+00:00, run_after=2024-06-29 00:00:00+00:00
[2024-06-29T11:14:42.221+0000] {logging_mixin.py:188} INFO - [2024-06-29T11:14:42.221+0000] {dag.py:3954} INFO - Setting next_dagrun for dataset_produces_2 to None, run_after=None
[2024-06-29T11:14:42.236+0000] {processor.py:183} INFO - Processing /home/airflow/.local/lib/python3.12/site-packages/airflow/example_dags/example_datasets.py took 0.077 seconds
[2024-06-29T11:15:13.171+0000] {processor.py:161} INFO - Started process (PID=743) to work on /home/airflow/.local/lib/python3.12/site-packages/airflow/example_dags/example_datasets.py
[2024-06-29T11:15:13.172+0000] {processor.py:830} INFO - Processing file /home/airflow/.local/lib/python3.12/site-packages/airflow/example_dags/example_datasets.py for tasks to queue
[2024-06-29T11:15:13.174+0000] {logging_mixin.py:188} INFO - [2024-06-29T11:15:13.173+0000] {dagbag.py:545} INFO - Filling up the DagBag from /home/airflow/.local/lib/python3.12/site-packages/airflow/example_dags/example_datasets.py
[2024-06-29T11:15:13.182+0000] {processor.py:840} INFO - DAG(s) 'dataset_consumes_1', 'conditional_dataset_and_time_based_timetable', 'consume_1_and_2_with_dataset_expressions', 'dataset_consumes_1_and_2', 'dataset_consumes_1_never_scheduled', 'dataset_produces_2', 'dataset_produces_1', 'consume_1_or_both_2_and_3_with_dataset_expressions', 'dataset_consumes_unknown_never_scheduled', 'consume_1_or_2_with_dataset_expressions' retrieved from /home/airflow/.local/lib/python3.12/site-packages/airflow/example_dags/example_datasets.py
[2024-06-29T11:15:13.207+0000] {logging_mixin.py:188} INFO - [2024-06-29T11:15:13.207+0000] {dag.py:3096} INFO - Sync 10 DAGs
[2024-06-29T11:15:13.220+0000] {logging_mixin.py:188} INFO - [2024-06-29T11:15:13.220+0000] {dag.py:3954} INFO - Setting next_dagrun for conditional_dataset_and_time_based_timetable to 2024-06-26 01:00:00+00:00, run_after=2024-06-26 01:00:00+00:00
[2024-06-29T11:15:13.222+0000] {logging_mixin.py:188} INFO - [2024-06-29T11:15:13.222+0000] {dag.py:3954} INFO - Setting next_dagrun for consume_1_and_2_with_dataset_expressions to None, run_after=None
[2024-06-29T11:15:13.223+0000] {logging_mixin.py:188} INFO - [2024-06-29T11:15:13.223+0000] {dag.py:3954} INFO - Setting next_dagrun for consume_1_or_2_with_dataset_expressions to None, run_after=None
[2024-06-29T11:15:13.223+0000] {logging_mixin.py:188} INFO - [2024-06-29T11:15:13.223+0000] {dag.py:3954} INFO - Setting next_dagrun for consume_1_or_both_2_and_3_with_dataset_expressions to None, run_after=None
[2024-06-29T11:15:13.224+0000] {logging_mixin.py:188} INFO - [2024-06-29T11:15:13.224+0000] {dag.py:3954} INFO - Setting next_dagrun for dataset_consumes_1 to None, run_after=None
[2024-06-29T11:15:13.225+0000] {logging_mixin.py:188} INFO - [2024-06-29T11:15:13.225+0000] {dag.py:3954} INFO - Setting next_dagrun for dataset_consumes_1_and_2 to None, run_after=None
[2024-06-29T11:15:13.225+0000] {logging_mixin.py:188} INFO - [2024-06-29T11:15:13.225+0000] {dag.py:3954} INFO - Setting next_dagrun for dataset_consumes_1_never_scheduled to None, run_after=None
[2024-06-29T11:15:13.226+0000] {logging_mixin.py:188} INFO - [2024-06-29T11:15:13.226+0000] {dag.py:3954} INFO - Setting next_dagrun for dataset_consumes_unknown_never_scheduled to None, run_after=None
[2024-06-29T11:15:13.227+0000] {logging_mixin.py:188} INFO - [2024-06-29T11:15:13.227+0000] {dag.py:3954} INFO - Setting next_dagrun for dataset_produces_1 to 2024-06-28 00:00:00+00:00, run_after=2024-06-29 00:00:00+00:00
[2024-06-29T11:15:13.228+0000] {logging_mixin.py:188} INFO - [2024-06-29T11:15:13.227+0000] {dag.py:3954} INFO - Setting next_dagrun for dataset_produces_2 to None, run_after=None
[2024-06-29T11:15:13.245+0000] {processor.py:183} INFO - Processing /home/airflow/.local/lib/python3.12/site-packages/airflow/example_dags/example_datasets.py took 0.077 seconds
[2024-06-29T11:15:43.633+0000] {processor.py:161} INFO - Started process (PID=800) to work on /home/airflow/.local/lib/python3.12/site-packages/airflow/example_dags/example_datasets.py
[2024-06-29T11:15:43.634+0000] {processor.py:830} INFO - Processing file /home/airflow/.local/lib/python3.12/site-packages/airflow/example_dags/example_datasets.py for tasks to queue
[2024-06-29T11:15:43.635+0000] {logging_mixin.py:188} INFO - [2024-06-29T11:15:43.635+0000] {dagbag.py:545} INFO - Filling up the DagBag from /home/airflow/.local/lib/python3.12/site-packages/airflow/example_dags/example_datasets.py
[2024-06-29T11:15:43.642+0000] {processor.py:840} INFO - DAG(s) 'consume_1_or_both_2_and_3_with_dataset_expressions', 'consume_1_and_2_with_dataset_expressions', 'dataset_produces_2', 'consume_1_or_2_with_dataset_expressions', 'dataset_consumes_1', 'dataset_consumes_1_never_scheduled', 'dataset_consumes_1_and_2', 'dataset_consumes_unknown_never_scheduled', 'dataset_produces_1', 'conditional_dataset_and_time_based_timetable' retrieved from /home/airflow/.local/lib/python3.12/site-packages/airflow/example_dags/example_datasets.py
[2024-06-29T11:15:43.666+0000] {logging_mixin.py:188} INFO - [2024-06-29T11:15:43.666+0000] {dag.py:3096} INFO - Sync 10 DAGs
[2024-06-29T11:15:43.679+0000] {logging_mixin.py:188} INFO - [2024-06-29T11:15:43.679+0000] {dag.py:3954} INFO - Setting next_dagrun for conditional_dataset_and_time_based_timetable to 2024-06-26 01:00:00+00:00, run_after=2024-06-26 01:00:00+00:00
[2024-06-29T11:15:43.681+0000] {logging_mixin.py:188} INFO - [2024-06-29T11:15:43.681+0000] {dag.py:3954} INFO - Setting next_dagrun for consume_1_and_2_with_dataset_expressions to None, run_after=None
[2024-06-29T11:15:43.682+0000] {logging_mixin.py:188} INFO - [2024-06-29T11:15:43.682+0000] {dag.py:3954} INFO - Setting next_dagrun for consume_1_or_2_with_dataset_expressions to None, run_after=None
[2024-06-29T11:15:43.682+0000] {logging_mixin.py:188} INFO - [2024-06-29T11:15:43.682+0000] {dag.py:3954} INFO - Setting next_dagrun for consume_1_or_both_2_and_3_with_dataset_expressions to None, run_after=None
[2024-06-29T11:15:43.683+0000] {logging_mixin.py:188} INFO - [2024-06-29T11:15:43.683+0000] {dag.py:3954} INFO - Setting next_dagrun for dataset_consumes_1 to None, run_after=None
[2024-06-29T11:15:43.683+0000] {logging_mixin.py:188} INFO - [2024-06-29T11:15:43.683+0000] {dag.py:3954} INFO - Setting next_dagrun for dataset_consumes_1_and_2 to None, run_after=None
[2024-06-29T11:15:43.684+0000] {logging_mixin.py:188} INFO - [2024-06-29T11:15:43.684+0000] {dag.py:3954} INFO - Setting next_dagrun for dataset_consumes_1_never_scheduled to None, run_after=None
[2024-06-29T11:15:43.684+0000] {logging_mixin.py:188} INFO - [2024-06-29T11:15:43.684+0000] {dag.py:3954} INFO - Setting next_dagrun for dataset_consumes_unknown_never_scheduled to None, run_after=None
[2024-06-29T11:15:43.685+0000] {logging_mixin.py:188} INFO - [2024-06-29T11:15:43.685+0000] {dag.py:3954} INFO - Setting next_dagrun for dataset_produces_1 to 2024-06-28 00:00:00+00:00, run_after=2024-06-29 00:00:00+00:00
[2024-06-29T11:15:43.686+0000] {logging_mixin.py:188} INFO - [2024-06-29T11:15:43.686+0000] {dag.py:3954} INFO - Setting next_dagrun for dataset_produces_2 to None, run_after=None
[2024-06-29T11:15:43.701+0000] {processor.py:183} INFO - Processing /home/airflow/.local/lib/python3.12/site-packages/airflow/example_dags/example_datasets.py took 0.071 seconds
[2024-06-29T11:16:13.797+0000] {processor.py:161} INFO - Started process (PID=857) to work on /home/airflow/.local/lib/python3.12/site-packages/airflow/example_dags/example_datasets.py
[2024-06-29T11:16:13.798+0000] {processor.py:830} INFO - Processing file /home/airflow/.local/lib/python3.12/site-packages/airflow/example_dags/example_datasets.py for tasks to queue
[2024-06-29T11:16:13.799+0000] {logging_mixin.py:188} INFO - [2024-06-29T11:16:13.798+0000] {dagbag.py:545} INFO - Filling up the DagBag from /home/airflow/.local/lib/python3.12/site-packages/airflow/example_dags/example_datasets.py
[2024-06-29T11:16:13.806+0000] {processor.py:840} INFO - DAG(s) 'consume_1_or_2_with_dataset_expressions', 'dataset_consumes_1_never_scheduled', 'dataset_consumes_unknown_never_scheduled', 'dataset_consumes_1', 'dataset_consumes_1_and_2', 'consume_1_and_2_with_dataset_expressions', 'dataset_produces_1', 'consume_1_or_both_2_and_3_with_dataset_expressions', 'conditional_dataset_and_time_based_timetable', 'dataset_produces_2' retrieved from /home/airflow/.local/lib/python3.12/site-packages/airflow/example_dags/example_datasets.py
[2024-06-29T11:16:13.829+0000] {logging_mixin.py:188} INFO - [2024-06-29T11:16:13.829+0000] {dag.py:3096} INFO - Sync 10 DAGs
[2024-06-29T11:16:13.840+0000] {logging_mixin.py:188} INFO - [2024-06-29T11:16:13.840+0000] {dag.py:3954} INFO - Setting next_dagrun for conditional_dataset_and_time_based_timetable to 2024-06-26 01:00:00+00:00, run_after=2024-06-26 01:00:00+00:00
[2024-06-29T11:16:13.842+0000] {logging_mixin.py:188} INFO - [2024-06-29T11:16:13.842+0000] {dag.py:3954} INFO - Setting next_dagrun for consume_1_and_2_with_dataset_expressions to None, run_after=None
[2024-06-29T11:16:13.843+0000] {logging_mixin.py:188} INFO - [2024-06-29T11:16:13.843+0000] {dag.py:3954} INFO - Setting next_dagrun for consume_1_or_2_with_dataset_expressions to None, run_after=None
[2024-06-29T11:16:13.843+0000] {logging_mixin.py:188} INFO - [2024-06-29T11:16:13.843+0000] {dag.py:3954} INFO - Setting next_dagrun for consume_1_or_both_2_and_3_with_dataset_expressions to None, run_after=None
[2024-06-29T11:16:13.844+0000] {logging_mixin.py:188} INFO - [2024-06-29T11:16:13.844+0000] {dag.py:3954} INFO - Setting next_dagrun for dataset_consumes_1 to None, run_after=None
[2024-06-29T11:16:13.844+0000] {logging_mixin.py:188} INFO - [2024-06-29T11:16:13.844+0000] {dag.py:3954} INFO - Setting next_dagrun for dataset_consumes_1_and_2 to None, run_after=None
[2024-06-29T11:16:13.845+0000] {logging_mixin.py:188} INFO - [2024-06-29T11:16:13.845+0000] {dag.py:3954} INFO - Setting next_dagrun for dataset_consumes_1_never_scheduled to None, run_after=None
[2024-06-29T11:16:13.845+0000] {logging_mixin.py:188} INFO - [2024-06-29T11:16:13.845+0000] {dag.py:3954} INFO - Setting next_dagrun for dataset_consumes_unknown_never_scheduled to None, run_after=None
[2024-06-29T11:16:13.846+0000] {logging_mixin.py:188} INFO - [2024-06-29T11:16:13.846+0000] {dag.py:3954} INFO - Setting next_dagrun for dataset_produces_1 to 2024-06-28 00:00:00+00:00, run_after=2024-06-29 00:00:00+00:00
[2024-06-29T11:16:13.847+0000] {logging_mixin.py:188} INFO - [2024-06-29T11:16:13.847+0000] {dag.py:3954} INFO - Setting next_dagrun for dataset_produces_2 to None, run_after=None
[2024-06-29T11:16:13.860+0000] {processor.py:183} INFO - Processing /home/airflow/.local/lib/python3.12/site-packages/airflow/example_dags/example_datasets.py took 0.066 seconds
[2024-06-29T11:16:44.000+0000] {processor.py:161} INFO - Started process (PID=915) to work on /home/airflow/.local/lib/python3.12/site-packages/airflow/example_dags/example_datasets.py
[2024-06-29T11:16:44.003+0000] {processor.py:830} INFO - Processing file /home/airflow/.local/lib/python3.12/site-packages/airflow/example_dags/example_datasets.py for tasks to queue
[2024-06-29T11:16:44.004+0000] {logging_mixin.py:188} INFO - [2024-06-29T11:16:44.004+0000] {dagbag.py:545} INFO - Filling up the DagBag from /home/airflow/.local/lib/python3.12/site-packages/airflow/example_dags/example_datasets.py
[2024-06-29T11:16:44.011+0000] {processor.py:840} INFO - DAG(s) 'dataset_produces_1', 'consume_1_or_2_with_dataset_expressions', 'dataset_consumes_1', 'dataset_consumes_unknown_never_scheduled', 'consume_1_and_2_with_dataset_expressions', 'conditional_dataset_and_time_based_timetable', 'dataset_produces_2', 'consume_1_or_both_2_and_3_with_dataset_expressions', 'dataset_consumes_1_never_scheduled', 'dataset_consumes_1_and_2' retrieved from /home/airflow/.local/lib/python3.12/site-packages/airflow/example_dags/example_datasets.py
[2024-06-29T11:16:44.036+0000] {logging_mixin.py:188} INFO - [2024-06-29T11:16:44.035+0000] {dag.py:3096} INFO - Sync 10 DAGs
[2024-06-29T11:16:44.048+0000] {logging_mixin.py:188} INFO - [2024-06-29T11:16:44.048+0000] {dag.py:3954} INFO - Setting next_dagrun for conditional_dataset_and_time_based_timetable to 2024-06-26 01:00:00+00:00, run_after=2024-06-26 01:00:00+00:00
[2024-06-29T11:16:44.050+0000] {logging_mixin.py:188} INFO - [2024-06-29T11:16:44.050+0000] {dag.py:3954} INFO - Setting next_dagrun for consume_1_and_2_with_dataset_expressions to None, run_after=None
[2024-06-29T11:16:44.051+0000] {logging_mixin.py:188} INFO - [2024-06-29T11:16:44.050+0000] {dag.py:3954} INFO - Setting next_dagrun for consume_1_or_2_with_dataset_expressions to None, run_after=None
[2024-06-29T11:16:44.051+0000] {logging_mixin.py:188} INFO - [2024-06-29T11:16:44.051+0000] {dag.py:3954} INFO - Setting next_dagrun for consume_1_or_both_2_and_3_with_dataset_expressions to None, run_after=None
[2024-06-29T11:16:44.052+0000] {logging_mixin.py:188} INFO - [2024-06-29T11:16:44.052+0000] {dag.py:3954} INFO - Setting next_dagrun for dataset_consumes_1 to None, run_after=None
[2024-06-29T11:16:44.052+0000] {logging_mixin.py:188} INFO - [2024-06-29T11:16:44.052+0000] {dag.py:3954} INFO - Setting next_dagrun for dataset_consumes_1_and_2 to None, run_after=None
[2024-06-29T11:16:44.053+0000] {logging_mixin.py:188} INFO - [2024-06-29T11:16:44.053+0000] {dag.py:3954} INFO - Setting next_dagrun for dataset_consumes_1_never_scheduled to None, run_after=None
[2024-06-29T11:16:44.053+0000] {logging_mixin.py:188} INFO - [2024-06-29T11:16:44.053+0000] {dag.py:3954} INFO - Setting next_dagrun for dataset_consumes_unknown_never_scheduled to None, run_after=None
[2024-06-29T11:16:44.054+0000] {logging_mixin.py:188} INFO - [2024-06-29T11:16:44.054+0000] {dag.py:3954} INFO - Setting next_dagrun for dataset_produces_1 to 2024-06-28 00:00:00+00:00, run_after=2024-06-29 00:00:00+00:00
[2024-06-29T11:16:44.055+0000] {logging_mixin.py:188} INFO - [2024-06-29T11:16:44.055+0000] {dag.py:3954} INFO - Setting next_dagrun for dataset_produces_2 to None, run_after=None
[2024-06-29T11:16:44.069+0000] {processor.py:183} INFO - Processing /home/airflow/.local/lib/python3.12/site-packages/airflow/example_dags/example_datasets.py took 0.072 seconds
[2024-06-29T11:17:14.496+0000] {processor.py:161} INFO - Started process (PID=974) to work on /home/airflow/.local/lib/python3.12/site-packages/airflow/example_dags/example_datasets.py
[2024-06-29T11:17:14.497+0000] {processor.py:830} INFO - Processing file /home/airflow/.local/lib/python3.12/site-packages/airflow/example_dags/example_datasets.py for tasks to queue
[2024-06-29T11:17:14.498+0000] {logging_mixin.py:188} INFO - [2024-06-29T11:17:14.498+0000] {dagbag.py:545} INFO - Filling up the DagBag from /home/airflow/.local/lib/python3.12/site-packages/airflow/example_dags/example_datasets.py
[2024-06-29T11:17:14.507+0000] {processor.py:840} INFO - DAG(s) 'dataset_consumes_1', 'consume_1_or_2_with_dataset_expressions', 'conditional_dataset_and_time_based_timetable', 'dataset_produces_2', 'dataset_consumes_1_and_2', 'dataset_consumes_unknown_never_scheduled', 'consume_1_and_2_with_dataset_expressions', 'dataset_consumes_1_never_scheduled', 'consume_1_or_both_2_and_3_with_dataset_expressions', 'dataset_produces_1' retrieved from /home/airflow/.local/lib/python3.12/site-packages/airflow/example_dags/example_datasets.py
[2024-06-29T11:17:14.529+0000] {logging_mixin.py:188} INFO - [2024-06-29T11:17:14.529+0000] {dag.py:3096} INFO - Sync 10 DAGs
[2024-06-29T11:17:14.541+0000] {logging_mixin.py:188} INFO - [2024-06-29T11:17:14.541+0000] {dag.py:3954} INFO - Setting next_dagrun for conditional_dataset_and_time_based_timetable to 2024-06-26 01:00:00+00:00, run_after=2024-06-26 01:00:00+00:00
[2024-06-29T11:17:14.543+0000] {logging_mixin.py:188} INFO - [2024-06-29T11:17:14.543+0000] {dag.py:3954} INFO - Setting next_dagrun for consume_1_and_2_with_dataset_expressions to None, run_after=None
[2024-06-29T11:17:14.544+0000] {logging_mixin.py:188} INFO - [2024-06-29T11:17:14.544+0000] {dag.py:3954} INFO - Setting next_dagrun for consume_1_or_2_with_dataset_expressions to None, run_after=None
[2024-06-29T11:17:14.545+0000] {logging_mixin.py:188} INFO - [2024-06-29T11:17:14.545+0000] {dag.py:3954} INFO - Setting next_dagrun for consume_1_or_both_2_and_3_with_dataset_expressions to None, run_after=None
[2024-06-29T11:17:14.545+0000] {logging_mixin.py:188} INFO - [2024-06-29T11:17:14.545+0000] {dag.py:3954} INFO - Setting next_dagrun for dataset_consumes_1 to None, run_after=None
[2024-06-29T11:17:14.546+0000] {logging_mixin.py:188} INFO - [2024-06-29T11:17:14.546+0000] {dag.py:3954} INFO - Setting next_dagrun for dataset_consumes_1_and_2 to None, run_after=None
[2024-06-29T11:17:14.546+0000] {logging_mixin.py:188} INFO - [2024-06-29T11:17:14.546+0000] {dag.py:3954} INFO - Setting next_dagrun for dataset_consumes_1_never_scheduled to None, run_after=None
[2024-06-29T11:17:14.547+0000] {logging_mixin.py:188} INFO - [2024-06-29T11:17:14.547+0000] {dag.py:3954} INFO - Setting next_dagrun for dataset_consumes_unknown_never_scheduled to None, run_after=None
[2024-06-29T11:17:14.548+0000] {logging_mixin.py:188} INFO - [2024-06-29T11:17:14.548+0000] {dag.py:3954} INFO - Setting next_dagrun for dataset_produces_1 to 2024-06-28 00:00:00+00:00, run_after=2024-06-29 00:00:00+00:00
[2024-06-29T11:17:14.548+0000] {logging_mixin.py:188} INFO - [2024-06-29T11:17:14.548+0000] {dag.py:3954} INFO - Setting next_dagrun for dataset_produces_2 to None, run_after=None
[2024-06-29T11:17:14.563+0000] {processor.py:183} INFO - Processing /home/airflow/.local/lib/python3.12/site-packages/airflow/example_dags/example_datasets.py took 0.070 seconds
[2024-06-29T11:17:44.752+0000] {processor.py:161} INFO - Started process (PID=1032) to work on /home/airflow/.local/lib/python3.12/site-packages/airflow/example_dags/example_datasets.py
[2024-06-29T11:17:44.753+0000] {processor.py:830} INFO - Processing file /home/airflow/.local/lib/python3.12/site-packages/airflow/example_dags/example_datasets.py for tasks to queue
[2024-06-29T11:17:44.754+0000] {logging_mixin.py:188} INFO - [2024-06-29T11:17:44.754+0000] {dagbag.py:545} INFO - Filling up the DagBag from /home/airflow/.local/lib/python3.12/site-packages/airflow/example_dags/example_datasets.py
[2024-06-29T11:17:44.763+0000] {processor.py:840} INFO - DAG(s) 'dataset_consumes_1_never_scheduled', 'dataset_produces_2', 'consume_1_or_2_with_dataset_expressions', 'dataset_consumes_1', 'dataset_produces_1', 'consume_1_and_2_with_dataset_expressions', 'dataset_consumes_unknown_never_scheduled', 'conditional_dataset_and_time_based_timetable', 'dataset_consumes_1_and_2', 'consume_1_or_both_2_and_3_with_dataset_expressions' retrieved from /home/airflow/.local/lib/python3.12/site-packages/airflow/example_dags/example_datasets.py
[2024-06-29T11:17:44.788+0000] {logging_mixin.py:188} INFO - [2024-06-29T11:17:44.787+0000] {dag.py:3096} INFO - Sync 10 DAGs
[2024-06-29T11:17:44.799+0000] {logging_mixin.py:188} INFO - [2024-06-29T11:17:44.799+0000] {dag.py:3954} INFO - Setting next_dagrun for conditional_dataset_and_time_based_timetable to 2024-06-26 01:00:00+00:00, run_after=2024-06-26 01:00:00+00:00
[2024-06-29T11:17:44.801+0000] {logging_mixin.py:188} INFO - [2024-06-29T11:17:44.801+0000] {dag.py:3954} INFO - Setting next_dagrun for consume_1_and_2_with_dataset_expressions to None, run_after=None
[2024-06-29T11:17:44.802+0000] {logging_mixin.py:188} INFO - [2024-06-29T11:17:44.802+0000] {dag.py:3954} INFO - Setting next_dagrun for consume_1_or_2_with_dataset_expressions to None, run_after=None
[2024-06-29T11:17:44.803+0000] {logging_mixin.py:188} INFO - [2024-06-29T11:17:44.802+0000] {dag.py:3954} INFO - Setting next_dagrun for consume_1_or_both_2_and_3_with_dataset_expressions to None, run_after=None
[2024-06-29T11:17:44.803+0000] {logging_mixin.py:188} INFO - [2024-06-29T11:17:44.803+0000] {dag.py:3954} INFO - Setting next_dagrun for dataset_consumes_1 to None, run_after=None
[2024-06-29T11:17:44.804+0000] {logging_mixin.py:188} INFO - [2024-06-29T11:17:44.804+0000] {dag.py:3954} INFO - Setting next_dagrun for dataset_consumes_1_and_2 to None, run_after=None
[2024-06-29T11:17:44.804+0000] {logging_mixin.py:188} INFO - [2024-06-29T11:17:44.804+0000] {dag.py:3954} INFO - Setting next_dagrun for dataset_consumes_1_never_scheduled to None, run_after=None
[2024-06-29T11:17:44.805+0000] {logging_mixin.py:188} INFO - [2024-06-29T11:17:44.805+0000] {dag.py:3954} INFO - Setting next_dagrun for dataset_consumes_unknown_never_scheduled to None, run_after=None
[2024-06-29T11:17:44.806+0000] {logging_mixin.py:188} INFO - [2024-06-29T11:17:44.806+0000] {dag.py:3954} INFO - Setting next_dagrun for dataset_produces_1 to 2024-06-28 00:00:00+00:00, run_after=2024-06-29 00:00:00+00:00
[2024-06-29T11:17:44.806+0000] {logging_mixin.py:188} INFO - [2024-06-29T11:17:44.806+0000] {dag.py:3954} INFO - Setting next_dagrun for dataset_produces_2 to None, run_after=None
[2024-06-29T11:17:44.822+0000] {processor.py:183} INFO - Processing /home/airflow/.local/lib/python3.12/site-packages/airflow/example_dags/example_datasets.py took 0.074 seconds
[2024-06-29T11:18:15.048+0000] {processor.py:161} INFO - Started process (PID=1090) to work on /home/airflow/.local/lib/python3.12/site-packages/airflow/example_dags/example_datasets.py
[2024-06-29T11:18:15.050+0000] {processor.py:830} INFO - Processing file /home/airflow/.local/lib/python3.12/site-packages/airflow/example_dags/example_datasets.py for tasks to queue
[2024-06-29T11:18:15.054+0000] {logging_mixin.py:188} INFO - [2024-06-29T11:18:15.053+0000] {dagbag.py:545} INFO - Filling up the DagBag from /home/airflow/.local/lib/python3.12/site-packages/airflow/example_dags/example_datasets.py
[2024-06-29T11:18:15.075+0000] {processor.py:840} INFO - DAG(s) 'dataset_produces_2', 'dataset_consumes_1', 'conditional_dataset_and_time_based_timetable', 'consume_1_or_2_with_dataset_expressions', 'dataset_produces_1', 'dataset_consumes_1_never_scheduled', 'consume_1_or_both_2_and_3_with_dataset_expressions', 'consume_1_and_2_with_dataset_expressions', 'dataset_consumes_1_and_2', 'dataset_consumes_unknown_never_scheduled' retrieved from /home/airflow/.local/lib/python3.12/site-packages/airflow/example_dags/example_datasets.py
[2024-06-29T11:18:15.146+0000] {logging_mixin.py:188} INFO - [2024-06-29T11:18:15.146+0000] {dag.py:3096} INFO - Sync 10 DAGs
[2024-06-29T11:18:15.167+0000] {logging_mixin.py:188} INFO - [2024-06-29T11:18:15.167+0000] {dag.py:3954} INFO - Setting next_dagrun for conditional_dataset_and_time_based_timetable to 2024-06-26 01:00:00+00:00, run_after=2024-06-26 01:00:00+00:00
[2024-06-29T11:18:15.171+0000] {logging_mixin.py:188} INFO - [2024-06-29T11:18:15.170+0000] {dag.py:3954} INFO - Setting next_dagrun for consume_1_and_2_with_dataset_expressions to None, run_after=None
[2024-06-29T11:18:15.172+0000] {logging_mixin.py:188} INFO - [2024-06-29T11:18:15.172+0000] {dag.py:3954} INFO - Setting next_dagrun for consume_1_or_2_with_dataset_expressions to None, run_after=None
[2024-06-29T11:18:15.173+0000] {logging_mixin.py:188} INFO - [2024-06-29T11:18:15.173+0000] {dag.py:3954} INFO - Setting next_dagrun for consume_1_or_both_2_and_3_with_dataset_expressions to None, run_after=None
[2024-06-29T11:18:15.173+0000] {logging_mixin.py:188} INFO - [2024-06-29T11:18:15.173+0000] {dag.py:3954} INFO - Setting next_dagrun for dataset_consumes_1 to None, run_after=None
[2024-06-29T11:18:15.174+0000] {logging_mixin.py:188} INFO - [2024-06-29T11:18:15.174+0000] {dag.py:3954} INFO - Setting next_dagrun for dataset_consumes_1_and_2 to None, run_after=None
[2024-06-29T11:18:15.179+0000] {logging_mixin.py:188} INFO - [2024-06-29T11:18:15.179+0000] {dag.py:3954} INFO - Setting next_dagrun for dataset_consumes_1_never_scheduled to None, run_after=None
[2024-06-29T11:18:15.181+0000] {logging_mixin.py:188} INFO - [2024-06-29T11:18:15.181+0000] {dag.py:3954} INFO - Setting next_dagrun for dataset_consumes_unknown_never_scheduled to None, run_after=None
[2024-06-29T11:18:15.182+0000] {logging_mixin.py:188} INFO - [2024-06-29T11:18:15.182+0000] {dag.py:3954} INFO - Setting next_dagrun for dataset_produces_1 to 2024-06-28 00:00:00+00:00, run_after=2024-06-29 00:00:00+00:00
[2024-06-29T11:18:15.183+0000] {logging_mixin.py:188} INFO - [2024-06-29T11:18:15.183+0000] {dag.py:3954} INFO - Setting next_dagrun for dataset_produces_2 to None, run_after=None
[2024-06-29T11:18:15.202+0000] {processor.py:183} INFO - Processing /home/airflow/.local/lib/python3.12/site-packages/airflow/example_dags/example_datasets.py took 0.166 seconds
[2024-06-29T11:18:45.362+0000] {processor.py:161} INFO - Started process (PID=1148) to work on /home/airflow/.local/lib/python3.12/site-packages/airflow/example_dags/example_datasets.py
[2024-06-29T11:18:45.362+0000] {processor.py:830} INFO - Processing file /home/airflow/.local/lib/python3.12/site-packages/airflow/example_dags/example_datasets.py for tasks to queue
[2024-06-29T11:18:45.364+0000] {logging_mixin.py:188} INFO - [2024-06-29T11:18:45.363+0000] {dagbag.py:545} INFO - Filling up the DagBag from /home/airflow/.local/lib/python3.12/site-packages/airflow/example_dags/example_datasets.py
[2024-06-29T11:18:45.371+0000] {processor.py:840} INFO - DAG(s) 'dataset_produces_1', 'consume_1_and_2_with_dataset_expressions', 'dataset_consumes_unknown_never_scheduled', 'dataset_produces_2', 'conditional_dataset_and_time_based_timetable', 'dataset_consumes_1_and_2', 'consume_1_or_2_with_dataset_expressions', 'dataset_consumes_1_never_scheduled', 'dataset_consumes_1', 'consume_1_or_both_2_and_3_with_dataset_expressions' retrieved from /home/airflow/.local/lib/python3.12/site-packages/airflow/example_dags/example_datasets.py
[2024-06-29T11:18:45.395+0000] {logging_mixin.py:188} INFO - [2024-06-29T11:18:45.395+0000] {dag.py:3096} INFO - Sync 10 DAGs
[2024-06-29T11:18:45.407+0000] {logging_mixin.py:188} INFO - [2024-06-29T11:18:45.407+0000] {dag.py:3954} INFO - Setting next_dagrun for conditional_dataset_and_time_based_timetable to 2024-06-26 01:00:00+00:00, run_after=2024-06-26 01:00:00+00:00
[2024-06-29T11:18:45.409+0000] {logging_mixin.py:188} INFO - [2024-06-29T11:18:45.409+0000] {dag.py:3954} INFO - Setting next_dagrun for consume_1_and_2_with_dataset_expressions to None, run_after=None
[2024-06-29T11:18:45.410+0000] {logging_mixin.py:188} INFO - [2024-06-29T11:18:45.410+0000] {dag.py:3954} INFO - Setting next_dagrun for consume_1_or_2_with_dataset_expressions to None, run_after=None
[2024-06-29T11:18:45.410+0000] {logging_mixin.py:188} INFO - [2024-06-29T11:18:45.410+0000] {dag.py:3954} INFO - Setting next_dagrun for consume_1_or_both_2_and_3_with_dataset_expressions to None, run_after=None
[2024-06-29T11:18:45.411+0000] {logging_mixin.py:188} INFO - [2024-06-29T11:18:45.411+0000] {dag.py:3954} INFO - Setting next_dagrun for dataset_consumes_1 to None, run_after=None
[2024-06-29T11:18:45.411+0000] {logging_mixin.py:188} INFO - [2024-06-29T11:18:45.411+0000] {dag.py:3954} INFO - Setting next_dagrun for dataset_consumes_1_and_2 to None, run_after=None
[2024-06-29T11:18:45.412+0000] {logging_mixin.py:188} INFO - [2024-06-29T11:18:45.411+0000] {dag.py:3954} INFO - Setting next_dagrun for dataset_consumes_1_never_scheduled to None, run_after=None
[2024-06-29T11:18:45.412+0000] {logging_mixin.py:188} INFO - [2024-06-29T11:18:45.412+0000] {dag.py:3954} INFO - Setting next_dagrun for dataset_consumes_unknown_never_scheduled to None, run_after=None
[2024-06-29T11:18:45.413+0000] {logging_mixin.py:188} INFO - [2024-06-29T11:18:45.413+0000] {dag.py:3954} INFO - Setting next_dagrun for dataset_produces_1 to 2024-06-28 00:00:00+00:00, run_after=2024-06-29 00:00:00+00:00
[2024-06-29T11:18:45.413+0000] {logging_mixin.py:188} INFO - [2024-06-29T11:18:45.413+0000] {dag.py:3954} INFO - Setting next_dagrun for dataset_produces_2 to None, run_after=None
[2024-06-29T11:18:45.429+0000] {processor.py:183} INFO - Processing /home/airflow/.local/lib/python3.12/site-packages/airflow/example_dags/example_datasets.py took 0.070 seconds
[2024-06-29T11:19:15.734+0000] {processor.py:161} INFO - Started process (PID=1206) to work on /home/airflow/.local/lib/python3.12/site-packages/airflow/example_dags/example_datasets.py
[2024-06-29T11:19:15.735+0000] {processor.py:830} INFO - Processing file /home/airflow/.local/lib/python3.12/site-packages/airflow/example_dags/example_datasets.py for tasks to queue
[2024-06-29T11:19:15.736+0000] {logging_mixin.py:188} INFO - [2024-06-29T11:19:15.736+0000] {dagbag.py:545} INFO - Filling up the DagBag from /home/airflow/.local/lib/python3.12/site-packages/airflow/example_dags/example_datasets.py
[2024-06-29T11:19:15.744+0000] {processor.py:840} INFO - DAG(s) 'dataset_consumes_1', 'consume_1_or_both_2_and_3_with_dataset_expressions', 'dataset_consumes_1_and_2', 'consume_1_and_2_with_dataset_expressions', 'conditional_dataset_and_time_based_timetable', 'dataset_consumes_1_never_scheduled', 'dataset_produces_2', 'dataset_produces_1', 'dataset_consumes_unknown_never_scheduled', 'consume_1_or_2_with_dataset_expressions' retrieved from /home/airflow/.local/lib/python3.12/site-packages/airflow/example_dags/example_datasets.py
[2024-06-29T11:19:15.767+0000] {logging_mixin.py:188} INFO - [2024-06-29T11:19:15.766+0000] {dag.py:3096} INFO - Sync 10 DAGs
[2024-06-29T11:19:15.778+0000] {logging_mixin.py:188} INFO - [2024-06-29T11:19:15.777+0000] {dag.py:3954} INFO - Setting next_dagrun for conditional_dataset_and_time_based_timetable to 2024-06-26 01:00:00+00:00, run_after=2024-06-26 01:00:00+00:00
[2024-06-29T11:19:15.779+0000] {logging_mixin.py:188} INFO - [2024-06-29T11:19:15.779+0000] {dag.py:3954} INFO - Setting next_dagrun for consume_1_and_2_with_dataset_expressions to None, run_after=None
[2024-06-29T11:19:15.780+0000] {logging_mixin.py:188} INFO - [2024-06-29T11:19:15.780+0000] {dag.py:3954} INFO - Setting next_dagrun for consume_1_or_2_with_dataset_expressions to None, run_after=None
[2024-06-29T11:19:15.781+0000] {logging_mixin.py:188} INFO - [2024-06-29T11:19:15.781+0000] {dag.py:3954} INFO - Setting next_dagrun for consume_1_or_both_2_and_3_with_dataset_expressions to None, run_after=None
[2024-06-29T11:19:15.781+0000] {logging_mixin.py:188} INFO - [2024-06-29T11:19:15.781+0000] {dag.py:3954} INFO - Setting next_dagrun for dataset_consumes_1 to None, run_after=None
[2024-06-29T11:19:15.782+0000] {logging_mixin.py:188} INFO - [2024-06-29T11:19:15.782+0000] {dag.py:3954} INFO - Setting next_dagrun for dataset_consumes_1_and_2 to None, run_after=None
[2024-06-29T11:19:15.782+0000] {logging_mixin.py:188} INFO - [2024-06-29T11:19:15.782+0000] {dag.py:3954} INFO - Setting next_dagrun for dataset_consumes_1_never_scheduled to None, run_after=None
[2024-06-29T11:19:15.783+0000] {logging_mixin.py:188} INFO - [2024-06-29T11:19:15.783+0000] {dag.py:3954} INFO - Setting next_dagrun for dataset_consumes_unknown_never_scheduled to None, run_after=None
[2024-06-29T11:19:15.784+0000] {logging_mixin.py:188} INFO - [2024-06-29T11:19:15.784+0000] {dag.py:3954} INFO - Setting next_dagrun for dataset_produces_1 to 2024-06-28 00:00:00+00:00, run_after=2024-06-29 00:00:00+00:00
[2024-06-29T11:19:15.784+0000] {logging_mixin.py:188} INFO - [2024-06-29T11:19:15.784+0000] {dag.py:3954} INFO - Setting next_dagrun for dataset_produces_2 to None, run_after=None
[2024-06-29T11:19:15.798+0000] {processor.py:183} INFO - Processing /home/airflow/.local/lib/python3.12/site-packages/airflow/example_dags/example_datasets.py took 0.067 seconds
[2024-06-29T11:19:46.129+0000] {processor.py:161} INFO - Started process (PID=1264) to work on /home/airflow/.local/lib/python3.12/site-packages/airflow/example_dags/example_datasets.py
[2024-06-29T11:19:46.130+0000] {processor.py:830} INFO - Processing file /home/airflow/.local/lib/python3.12/site-packages/airflow/example_dags/example_datasets.py for tasks to queue
[2024-06-29T11:19:46.131+0000] {logging_mixin.py:188} INFO - [2024-06-29T11:19:46.131+0000] {dagbag.py:545} INFO - Filling up the DagBag from /home/airflow/.local/lib/python3.12/site-packages/airflow/example_dags/example_datasets.py
[2024-06-29T11:19:46.141+0000] {processor.py:840} INFO - DAG(s) 'consume_1_or_both_2_and_3_with_dataset_expressions', 'dataset_produces_2', 'dataset_consumes_1_never_scheduled', 'dataset_consumes_1', 'dataset_consumes_1_and_2', 'consume_1_or_2_with_dataset_expressions', 'dataset_consumes_unknown_never_scheduled', 'consume_1_and_2_with_dataset_expressions', 'conditional_dataset_and_time_based_timetable', 'dataset_produces_1' retrieved from /home/airflow/.local/lib/python3.12/site-packages/airflow/example_dags/example_datasets.py
[2024-06-29T11:19:46.167+0000] {logging_mixin.py:188} INFO - [2024-06-29T11:19:46.167+0000] {dag.py:3096} INFO - Sync 10 DAGs
[2024-06-29T11:19:46.179+0000] {logging_mixin.py:188} INFO - [2024-06-29T11:19:46.179+0000] {dag.py:3954} INFO - Setting next_dagrun for conditional_dataset_and_time_based_timetable to 2024-06-26 01:00:00+00:00, run_after=2024-06-26 01:00:00+00:00
[2024-06-29T11:19:46.181+0000] {logging_mixin.py:188} INFO - [2024-06-29T11:19:46.181+0000] {dag.py:3954} INFO - Setting next_dagrun for consume_1_and_2_with_dataset_expressions to None, run_after=None
[2024-06-29T11:19:46.182+0000] {logging_mixin.py:188} INFO - [2024-06-29T11:19:46.182+0000] {dag.py:3954} INFO - Setting next_dagrun for consume_1_or_2_with_dataset_expressions to None, run_after=None
[2024-06-29T11:19:46.182+0000] {logging_mixin.py:188} INFO - [2024-06-29T11:19:46.182+0000] {dag.py:3954} INFO - Setting next_dagrun for consume_1_or_both_2_and_3_with_dataset_expressions to None, run_after=None
[2024-06-29T11:19:46.183+0000] {logging_mixin.py:188} INFO - [2024-06-29T11:19:46.183+0000] {dag.py:3954} INFO - Setting next_dagrun for dataset_consumes_1 to None, run_after=None
[2024-06-29T11:19:46.183+0000] {logging_mixin.py:188} INFO - [2024-06-29T11:19:46.183+0000] {dag.py:3954} INFO - Setting next_dagrun for dataset_consumes_1_and_2 to None, run_after=None
[2024-06-29T11:19:46.184+0000] {logging_mixin.py:188} INFO - [2024-06-29T11:19:46.184+0000] {dag.py:3954} INFO - Setting next_dagrun for dataset_consumes_1_never_scheduled to None, run_after=None
[2024-06-29T11:19:46.184+0000] {logging_mixin.py:188} INFO - [2024-06-29T11:19:46.184+0000] {dag.py:3954} INFO - Setting next_dagrun for dataset_consumes_unknown_never_scheduled to None, run_after=None
[2024-06-29T11:19:46.185+0000] {logging_mixin.py:188} INFO - [2024-06-29T11:19:46.185+0000] {dag.py:3954} INFO - Setting next_dagrun for dataset_produces_1 to 2024-06-28 00:00:00+00:00, run_after=2024-06-29 00:00:00+00:00
[2024-06-29T11:19:46.186+0000] {logging_mixin.py:188} INFO - [2024-06-29T11:19:46.186+0000] {dag.py:3954} INFO - Setting next_dagrun for dataset_produces_2 to None, run_after=None
[2024-06-29T11:19:46.201+0000] {processor.py:183} INFO - Processing /home/airflow/.local/lib/python3.12/site-packages/airflow/example_dags/example_datasets.py took 0.075 seconds
[2024-06-29T11:20:16.350+0000] {processor.py:161} INFO - Started process (PID=1322) to work on /home/airflow/.local/lib/python3.12/site-packages/airflow/example_dags/example_datasets.py
[2024-06-29T11:20:16.350+0000] {processor.py:830} INFO - Processing file /home/airflow/.local/lib/python3.12/site-packages/airflow/example_dags/example_datasets.py for tasks to queue
[2024-06-29T11:20:16.351+0000] {logging_mixin.py:188} INFO - [2024-06-29T11:20:16.351+0000] {dagbag.py:545} INFO - Filling up the DagBag from /home/airflow/.local/lib/python3.12/site-packages/airflow/example_dags/example_datasets.py
[2024-06-29T11:20:16.359+0000] {processor.py:840} INFO - DAG(s) 'consume_1_and_2_with_dataset_expressions', 'dataset_consumes_1_never_scheduled', 'dataset_consumes_1', 'consume_1_or_both_2_and_3_with_dataset_expressions', 'dataset_produces_2', 'conditional_dataset_and_time_based_timetable', 'consume_1_or_2_with_dataset_expressions', 'dataset_consumes_1_and_2', 'dataset_consumes_unknown_never_scheduled', 'dataset_produces_1' retrieved from /home/airflow/.local/lib/python3.12/site-packages/airflow/example_dags/example_datasets.py
[2024-06-29T11:20:16.383+0000] {logging_mixin.py:188} INFO - [2024-06-29T11:20:16.383+0000] {dag.py:3096} INFO - Sync 10 DAGs
[2024-06-29T11:20:16.400+0000] {logging_mixin.py:188} INFO - [2024-06-29T11:20:16.400+0000] {dag.py:3954} INFO - Setting next_dagrun for conditional_dataset_and_time_based_timetable to 2024-06-26 01:00:00+00:00, run_after=2024-06-26 01:00:00+00:00
[2024-06-29T11:20:16.403+0000] {logging_mixin.py:188} INFO - [2024-06-29T11:20:16.402+0000] {dag.py:3954} INFO - Setting next_dagrun for consume_1_and_2_with_dataset_expressions to None, run_after=None
[2024-06-29T11:20:16.403+0000] {logging_mixin.py:188} INFO - [2024-06-29T11:20:16.403+0000] {dag.py:3954} INFO - Setting next_dagrun for consume_1_or_2_with_dataset_expressions to None, run_after=None
[2024-06-29T11:20:16.404+0000] {logging_mixin.py:188} INFO - [2024-06-29T11:20:16.404+0000] {dag.py:3954} INFO - Setting next_dagrun for consume_1_or_both_2_and_3_with_dataset_expressions to None, run_after=None
[2024-06-29T11:20:16.404+0000] {logging_mixin.py:188} INFO - [2024-06-29T11:20:16.404+0000] {dag.py:3954} INFO - Setting next_dagrun for dataset_consumes_1 to None, run_after=None
[2024-06-29T11:20:16.405+0000] {logging_mixin.py:188} INFO - [2024-06-29T11:20:16.405+0000] {dag.py:3954} INFO - Setting next_dagrun for dataset_consumes_1_and_2 to None, run_after=None
[2024-06-29T11:20:16.406+0000] {logging_mixin.py:188} INFO - [2024-06-29T11:20:16.406+0000] {dag.py:3954} INFO - Setting next_dagrun for dataset_consumes_1_never_scheduled to None, run_after=None
[2024-06-29T11:20:16.406+0000] {logging_mixin.py:188} INFO - [2024-06-29T11:20:16.406+0000] {dag.py:3954} INFO - Setting next_dagrun for dataset_consumes_unknown_never_scheduled to None, run_after=None
[2024-06-29T11:20:16.407+0000] {logging_mixin.py:188} INFO - [2024-06-29T11:20:16.407+0000] {dag.py:3954} INFO - Setting next_dagrun for dataset_produces_1 to 2024-06-28 00:00:00+00:00, run_after=2024-06-29 00:00:00+00:00
[2024-06-29T11:20:16.408+0000] {logging_mixin.py:188} INFO - [2024-06-29T11:20:16.407+0000] {dag.py:3954} INFO - Setting next_dagrun for dataset_produces_2 to None, run_after=None
[2024-06-29T11:20:16.423+0000] {processor.py:183} INFO - Processing /home/airflow/.local/lib/python3.12/site-packages/airflow/example_dags/example_datasets.py took 0.077 seconds
[2024-06-29T11:20:46.553+0000] {processor.py:161} INFO - Started process (PID=1380) to work on /home/airflow/.local/lib/python3.12/site-packages/airflow/example_dags/example_datasets.py
[2024-06-29T11:20:46.554+0000] {processor.py:830} INFO - Processing file /home/airflow/.local/lib/python3.12/site-packages/airflow/example_dags/example_datasets.py for tasks to queue
[2024-06-29T11:20:46.555+0000] {logging_mixin.py:188} INFO - [2024-06-29T11:20:46.555+0000] {dagbag.py:545} INFO - Filling up the DagBag from /home/airflow/.local/lib/python3.12/site-packages/airflow/example_dags/example_datasets.py
[2024-06-29T11:20:46.563+0000] {processor.py:840} INFO - DAG(s) 'consume_1_or_both_2_and_3_with_dataset_expressions', 'dataset_produces_1', 'consume_1_or_2_with_dataset_expressions', 'dataset_produces_2', 'consume_1_and_2_with_dataset_expressions', 'dataset_consumes_unknown_never_scheduled', 'dataset_consumes_1_and_2', 'dataset_consumes_1_never_scheduled', 'conditional_dataset_and_time_based_timetable', 'dataset_consumes_1' retrieved from /home/airflow/.local/lib/python3.12/site-packages/airflow/example_dags/example_datasets.py
[2024-06-29T11:20:46.586+0000] {logging_mixin.py:188} INFO - [2024-06-29T11:20:46.586+0000] {dag.py:3096} INFO - Sync 10 DAGs
[2024-06-29T11:20:46.597+0000] {logging_mixin.py:188} INFO - [2024-06-29T11:20:46.597+0000] {dag.py:3954} INFO - Setting next_dagrun for conditional_dataset_and_time_based_timetable to 2024-06-26 01:00:00+00:00, run_after=2024-06-26 01:00:00+00:00
[2024-06-29T11:20:46.599+0000] {logging_mixin.py:188} INFO - [2024-06-29T11:20:46.599+0000] {dag.py:3954} INFO - Setting next_dagrun for consume_1_and_2_with_dataset_expressions to None, run_after=None
[2024-06-29T11:20:46.600+0000] {logging_mixin.py:188} INFO - [2024-06-29T11:20:46.599+0000] {dag.py:3954} INFO - Setting next_dagrun for consume_1_or_2_with_dataset_expressions to None, run_after=None
[2024-06-29T11:20:46.600+0000] {logging_mixin.py:188} INFO - [2024-06-29T11:20:46.600+0000] {dag.py:3954} INFO - Setting next_dagrun for consume_1_or_both_2_and_3_with_dataset_expressions to None, run_after=None
[2024-06-29T11:20:46.601+0000] {logging_mixin.py:188} INFO - [2024-06-29T11:20:46.600+0000] {dag.py:3954} INFO - Setting next_dagrun for dataset_consumes_1 to None, run_after=None
[2024-06-29T11:20:46.601+0000] {logging_mixin.py:188} INFO - [2024-06-29T11:20:46.601+0000] {dag.py:3954} INFO - Setting next_dagrun for dataset_consumes_1_and_2 to None, run_after=None
[2024-06-29T11:20:46.602+0000] {logging_mixin.py:188} INFO - [2024-06-29T11:20:46.602+0000] {dag.py:3954} INFO - Setting next_dagrun for dataset_consumes_1_never_scheduled to None, run_after=None
[2024-06-29T11:20:46.602+0000] {logging_mixin.py:188} INFO - [2024-06-29T11:20:46.602+0000] {dag.py:3954} INFO - Setting next_dagrun for dataset_consumes_unknown_never_scheduled to None, run_after=None
[2024-06-29T11:20:46.603+0000] {logging_mixin.py:188} INFO - [2024-06-29T11:20:46.603+0000] {dag.py:3954} INFO - Setting next_dagrun for dataset_produces_1 to 2024-06-28 00:00:00+00:00, run_after=2024-06-29 00:00:00+00:00
[2024-06-29T11:20:46.603+0000] {logging_mixin.py:188} INFO - [2024-06-29T11:20:46.603+0000] {dag.py:3954} INFO - Setting next_dagrun for dataset_produces_2 to None, run_after=None
[2024-06-29T11:20:46.619+0000] {processor.py:183} INFO - Processing /home/airflow/.local/lib/python3.12/site-packages/airflow/example_dags/example_datasets.py took 0.069 seconds
[2024-06-29T11:21:16.808+0000] {processor.py:161} INFO - Started process (PID=1438) to work on /home/airflow/.local/lib/python3.12/site-packages/airflow/example_dags/example_datasets.py
[2024-06-29T11:21:16.808+0000] {processor.py:830} INFO - Processing file /home/airflow/.local/lib/python3.12/site-packages/airflow/example_dags/example_datasets.py for tasks to queue
[2024-06-29T11:21:16.809+0000] {logging_mixin.py:188} INFO - [2024-06-29T11:21:16.809+0000] {dagbag.py:545} INFO - Filling up the DagBag from /home/airflow/.local/lib/python3.12/site-packages/airflow/example_dags/example_datasets.py
[2024-06-29T11:21:16.817+0000] {processor.py:840} INFO - DAG(s) 'dataset_consumes_1', 'consume_1_or_both_2_and_3_with_dataset_expressions', 'dataset_produces_2', 'consume_1_or_2_with_dataset_expressions', 'dataset_produces_1', 'conditional_dataset_and_time_based_timetable', 'dataset_consumes_1_never_scheduled', 'consume_1_and_2_with_dataset_expressions', 'dataset_consumes_1_and_2', 'dataset_consumes_unknown_never_scheduled' retrieved from /home/airflow/.local/lib/python3.12/site-packages/airflow/example_dags/example_datasets.py
[2024-06-29T11:21:16.840+0000] {logging_mixin.py:188} INFO - [2024-06-29T11:21:16.840+0000] {dag.py:3096} INFO - Sync 10 DAGs
[2024-06-29T11:21:16.852+0000] {logging_mixin.py:188} INFO - [2024-06-29T11:21:16.852+0000] {dag.py:3954} INFO - Setting next_dagrun for conditional_dataset_and_time_based_timetable to 2024-06-26 01:00:00+00:00, run_after=2024-06-26 01:00:00+00:00
[2024-06-29T11:21:16.854+0000] {logging_mixin.py:188} INFO - [2024-06-29T11:21:16.854+0000] {dag.py:3954} INFO - Setting next_dagrun for consume_1_and_2_with_dataset_expressions to None, run_after=None
[2024-06-29T11:21:16.854+0000] {logging_mixin.py:188} INFO - [2024-06-29T11:21:16.854+0000] {dag.py:3954} INFO - Setting next_dagrun for consume_1_or_2_with_dataset_expressions to None, run_after=None
[2024-06-29T11:21:16.855+0000] {logging_mixin.py:188} INFO - [2024-06-29T11:21:16.855+0000] {dag.py:3954} INFO - Setting next_dagrun for consume_1_or_both_2_and_3_with_dataset_expressions to None, run_after=None
[2024-06-29T11:21:16.855+0000] {logging_mixin.py:188} INFO - [2024-06-29T11:21:16.855+0000] {dag.py:3954} INFO - Setting next_dagrun for dataset_consumes_1 to None, run_after=None
[2024-06-29T11:21:16.856+0000] {logging_mixin.py:188} INFO - [2024-06-29T11:21:16.856+0000] {dag.py:3954} INFO - Setting next_dagrun for dataset_consumes_1_and_2 to None, run_after=None
[2024-06-29T11:21:16.856+0000] {logging_mixin.py:188} INFO - [2024-06-29T11:21:16.856+0000] {dag.py:3954} INFO - Setting next_dagrun for dataset_consumes_1_never_scheduled to None, run_after=None
[2024-06-29T11:21:16.857+0000] {logging_mixin.py:188} INFO - [2024-06-29T11:21:16.857+0000] {dag.py:3954} INFO - Setting next_dagrun for dataset_consumes_unknown_never_scheduled to None, run_after=None
[2024-06-29T11:21:16.858+0000] {logging_mixin.py:188} INFO - [2024-06-29T11:21:16.858+0000] {dag.py:3954} INFO - Setting next_dagrun for dataset_produces_1 to 2024-06-28 00:00:00+00:00, run_after=2024-06-29 00:00:00+00:00
[2024-06-29T11:21:16.859+0000] {logging_mixin.py:188} INFO - [2024-06-29T11:21:16.859+0000] {dag.py:3954} INFO - Setting next_dagrun for dataset_produces_2 to None, run_after=None
[2024-06-29T11:21:16.873+0000] {processor.py:183} INFO - Processing /home/airflow/.local/lib/python3.12/site-packages/airflow/example_dags/example_datasets.py took 0.068 seconds
