[2024-06-29T11:09:08.093+0000] {processor.py:161} INFO - Started process (PID=41) to work on /home/airflow/.local/lib/python3.12/site-packages/airflow/example_dags/example_latest_only_with_trigger.py
[2024-06-29T11:09:08.094+0000] {processor.py:830} INFO - Processing file /home/airflow/.local/lib/python3.12/site-packages/airflow/example_dags/example_latest_only_with_trigger.py for tasks to queue
[2024-06-29T11:09:08.095+0000] {logging_mixin.py:188} INFO - [2024-06-29T11:09:08.095+0000] {dagbag.py:545} INFO - Filling up the DagBag from /home/airflow/.local/lib/python3.12/site-packages/airflow/example_dags/example_latest_only_with_trigger.py
[2024-06-29T11:09:08.102+0000] {processor.py:840} INFO - DAG(s) 'latest_only_with_trigger' retrieved from /home/airflow/.local/lib/python3.12/site-packages/airflow/example_dags/example_latest_only_with_trigger.py
[2024-06-29T11:09:08.121+0000] {logging_mixin.py:188} INFO - [2024-06-29T11:09:08.120+0000] {dag.py:3096} INFO - Sync 1 DAGs
[2024-06-29T11:09:08.136+0000] {logging_mixin.py:188} INFO - [2024-06-29T11:09:08.136+0000] {dag.py:3954} INFO - Setting next_dagrun for latest_only_with_trigger to 2024-06-29 04:00:00+00:00, run_after=2024-06-29 08:00:00+00:00
[2024-06-29T11:09:08.149+0000] {processor.py:183} INFO - Processing /home/airflow/.local/lib/python3.12/site-packages/airflow/example_dags/example_latest_only_with_trigger.py took 0.062 seconds
[2024-06-29T11:09:38.545+0000] {processor.py:161} INFO - Started process (PID=99) to work on /home/airflow/.local/lib/python3.12/site-packages/airflow/example_dags/example_latest_only_with_trigger.py
[2024-06-29T11:09:38.545+0000] {processor.py:830} INFO - Processing file /home/airflow/.local/lib/python3.12/site-packages/airflow/example_dags/example_latest_only_with_trigger.py for tasks to queue
[2024-06-29T11:09:38.547+0000] {logging_mixin.py:188} INFO - [2024-06-29T11:09:38.547+0000] {dagbag.py:545} INFO - Filling up the DagBag from /home/airflow/.local/lib/python3.12/site-packages/airflow/example_dags/example_latest_only_with_trigger.py
[2024-06-29T11:09:38.550+0000] {processor.py:840} INFO - DAG(s) 'latest_only_with_trigger' retrieved from /home/airflow/.local/lib/python3.12/site-packages/airflow/example_dags/example_latest_only_with_trigger.py
[2024-06-29T11:09:38.604+0000] {logging_mixin.py:188} INFO - [2024-06-29T11:09:38.604+0000] {dag.py:3096} INFO - Sync 1 DAGs
[2024-06-29T11:09:38.614+0000] {logging_mixin.py:188} INFO - [2024-06-29T11:09:38.614+0000] {dag.py:3954} INFO - Setting next_dagrun for latest_only_with_trigger to 2024-06-29 04:00:00+00:00, run_after=2024-06-29 08:00:00+00:00
[2024-06-29T11:09:38.627+0000] {processor.py:183} INFO - Processing /home/airflow/.local/lib/python3.12/site-packages/airflow/example_dags/example_latest_only_with_trigger.py took 0.086 seconds
[2024-06-29T11:10:09.434+0000] {processor.py:161} INFO - Started process (PID=157) to work on /home/airflow/.local/lib/python3.12/site-packages/airflow/example_dags/example_latest_only_with_trigger.py
[2024-06-29T11:10:09.435+0000] {processor.py:830} INFO - Processing file /home/airflow/.local/lib/python3.12/site-packages/airflow/example_dags/example_latest_only_with_trigger.py for tasks to queue
[2024-06-29T11:10:09.436+0000] {logging_mixin.py:188} INFO - [2024-06-29T11:10:09.436+0000] {dagbag.py:545} INFO - Filling up the DagBag from /home/airflow/.local/lib/python3.12/site-packages/airflow/example_dags/example_latest_only_with_trigger.py
[2024-06-29T11:10:09.439+0000] {processor.py:840} INFO - DAG(s) 'latest_only_with_trigger' retrieved from /home/airflow/.local/lib/python3.12/site-packages/airflow/example_dags/example_latest_only_with_trigger.py
[2024-06-29T11:10:09.452+0000] {logging_mixin.py:188} INFO - [2024-06-29T11:10:09.452+0000] {dag.py:3096} INFO - Sync 1 DAGs
[2024-06-29T11:10:09.463+0000] {logging_mixin.py:188} INFO - [2024-06-29T11:10:09.462+0000] {dag.py:3954} INFO - Setting next_dagrun for latest_only_with_trigger to 2024-06-29 04:00:00+00:00, run_after=2024-06-29 08:00:00+00:00
[2024-06-29T11:10:09.471+0000] {processor.py:183} INFO - Processing /home/airflow/.local/lib/python3.12/site-packages/airflow/example_dags/example_latest_only_with_trigger.py took 0.040 seconds
[2024-06-29T11:10:39.724+0000] {processor.py:161} INFO - Started process (PID=215) to work on /home/airflow/.local/lib/python3.12/site-packages/airflow/example_dags/example_latest_only_with_trigger.py
[2024-06-29T11:10:39.725+0000] {processor.py:830} INFO - Processing file /home/airflow/.local/lib/python3.12/site-packages/airflow/example_dags/example_latest_only_with_trigger.py for tasks to queue
[2024-06-29T11:10:39.726+0000] {logging_mixin.py:188} INFO - [2024-06-29T11:10:39.725+0000] {dagbag.py:545} INFO - Filling up the DagBag from /home/airflow/.local/lib/python3.12/site-packages/airflow/example_dags/example_latest_only_with_trigger.py
[2024-06-29T11:10:39.729+0000] {processor.py:840} INFO - DAG(s) 'latest_only_with_trigger' retrieved from /home/airflow/.local/lib/python3.12/site-packages/airflow/example_dags/example_latest_only_with_trigger.py
[2024-06-29T11:10:39.742+0000] {logging_mixin.py:188} INFO - [2024-06-29T11:10:39.742+0000] {dag.py:3096} INFO - Sync 1 DAGs
[2024-06-29T11:10:39.753+0000] {logging_mixin.py:188} INFO - [2024-06-29T11:10:39.753+0000] {dag.py:3954} INFO - Setting next_dagrun for latest_only_with_trigger to 2024-06-29 04:00:00+00:00, run_after=2024-06-29 08:00:00+00:00
[2024-06-29T11:10:39.761+0000] {processor.py:183} INFO - Processing /home/airflow/.local/lib/python3.12/site-packages/airflow/example_dags/example_latest_only_with_trigger.py took 0.041 seconds
[2024-06-29T11:11:09.959+0000] {processor.py:161} INFO - Started process (PID=273) to work on /home/airflow/.local/lib/python3.12/site-packages/airflow/example_dags/example_latest_only_with_trigger.py
[2024-06-29T11:11:09.960+0000] {processor.py:830} INFO - Processing file /home/airflow/.local/lib/python3.12/site-packages/airflow/example_dags/example_latest_only_with_trigger.py for tasks to queue
[2024-06-29T11:11:09.961+0000] {logging_mixin.py:188} INFO - [2024-06-29T11:11:09.961+0000] {dagbag.py:545} INFO - Filling up the DagBag from /home/airflow/.local/lib/python3.12/site-packages/airflow/example_dags/example_latest_only_with_trigger.py
[2024-06-29T11:11:09.964+0000] {processor.py:840} INFO - DAG(s) 'latest_only_with_trigger' retrieved from /home/airflow/.local/lib/python3.12/site-packages/airflow/example_dags/example_latest_only_with_trigger.py
[2024-06-29T11:11:09.978+0000] {logging_mixin.py:188} INFO - [2024-06-29T11:11:09.978+0000] {dag.py:3096} INFO - Sync 1 DAGs
[2024-06-29T11:11:09.988+0000] {logging_mixin.py:188} INFO - [2024-06-29T11:11:09.988+0000] {dag.py:3954} INFO - Setting next_dagrun for latest_only_with_trigger to 2024-06-29 04:00:00+00:00, run_after=2024-06-29 08:00:00+00:00
[2024-06-29T11:11:09.998+0000] {processor.py:183} INFO - Processing /home/airflow/.local/lib/python3.12/site-packages/airflow/example_dags/example_latest_only_with_trigger.py took 0.042 seconds
[2024-06-29T11:11:40.820+0000] {processor.py:161} INFO - Started process (PID=331) to work on /home/airflow/.local/lib/python3.12/site-packages/airflow/example_dags/example_latest_only_with_trigger.py
[2024-06-29T11:11:40.820+0000] {processor.py:830} INFO - Processing file /home/airflow/.local/lib/python3.12/site-packages/airflow/example_dags/example_latest_only_with_trigger.py for tasks to queue
[2024-06-29T11:11:40.821+0000] {logging_mixin.py:188} INFO - [2024-06-29T11:11:40.821+0000] {dagbag.py:545} INFO - Filling up the DagBag from /home/airflow/.local/lib/python3.12/site-packages/airflow/example_dags/example_latest_only_with_trigger.py
[2024-06-29T11:11:40.825+0000] {processor.py:840} INFO - DAG(s) 'latest_only_with_trigger' retrieved from /home/airflow/.local/lib/python3.12/site-packages/airflow/example_dags/example_latest_only_with_trigger.py
[2024-06-29T11:11:40.838+0000] {logging_mixin.py:188} INFO - [2024-06-29T11:11:40.838+0000] {dag.py:3096} INFO - Sync 1 DAGs
[2024-06-29T11:11:40.848+0000] {logging_mixin.py:188} INFO - [2024-06-29T11:11:40.848+0000] {dag.py:3954} INFO - Setting next_dagrun for latest_only_with_trigger to 2024-06-29 04:00:00+00:00, run_after=2024-06-29 08:00:00+00:00
[2024-06-29T11:11:40.857+0000] {processor.py:183} INFO - Processing /home/airflow/.local/lib/python3.12/site-packages/airflow/example_dags/example_latest_only_with_trigger.py took 0.041 seconds
[2024-06-29T11:12:11.078+0000] {processor.py:161} INFO - Started process (PID=390) to work on /home/airflow/.local/lib/python3.12/site-packages/airflow/example_dags/example_latest_only_with_trigger.py
[2024-06-29T11:12:11.078+0000] {processor.py:830} INFO - Processing file /home/airflow/.local/lib/python3.12/site-packages/airflow/example_dags/example_latest_only_with_trigger.py for tasks to queue
[2024-06-29T11:12:11.079+0000] {logging_mixin.py:188} INFO - [2024-06-29T11:12:11.079+0000] {dagbag.py:545} INFO - Filling up the DagBag from /home/airflow/.local/lib/python3.12/site-packages/airflow/example_dags/example_latest_only_with_trigger.py
[2024-06-29T11:12:11.083+0000] {processor.py:840} INFO - DAG(s) 'latest_only_with_trigger' retrieved from /home/airflow/.local/lib/python3.12/site-packages/airflow/example_dags/example_latest_only_with_trigger.py
[2024-06-29T11:12:11.095+0000] {logging_mixin.py:188} INFO - [2024-06-29T11:12:11.095+0000] {dag.py:3096} INFO - Sync 1 DAGs
[2024-06-29T11:12:11.106+0000] {logging_mixin.py:188} INFO - [2024-06-29T11:12:11.106+0000] {dag.py:3954} INFO - Setting next_dagrun for latest_only_with_trigger to 2024-06-29 04:00:00+00:00, run_after=2024-06-29 08:00:00+00:00
[2024-06-29T11:12:11.115+0000] {processor.py:183} INFO - Processing /home/airflow/.local/lib/python3.12/site-packages/airflow/example_dags/example_latest_only_with_trigger.py took 0.040 seconds
[2024-06-29T11:12:41.290+0000] {processor.py:161} INFO - Started process (PID=448) to work on /home/airflow/.local/lib/python3.12/site-packages/airflow/example_dags/example_latest_only_with_trigger.py
[2024-06-29T11:12:41.290+0000] {processor.py:830} INFO - Processing file /home/airflow/.local/lib/python3.12/site-packages/airflow/example_dags/example_latest_only_with_trigger.py for tasks to queue
[2024-06-29T11:12:41.292+0000] {logging_mixin.py:188} INFO - [2024-06-29T11:12:41.291+0000] {dagbag.py:545} INFO - Filling up the DagBag from /home/airflow/.local/lib/python3.12/site-packages/airflow/example_dags/example_latest_only_with_trigger.py
[2024-06-29T11:12:41.295+0000] {processor.py:840} INFO - DAG(s) 'latest_only_with_trigger' retrieved from /home/airflow/.local/lib/python3.12/site-packages/airflow/example_dags/example_latest_only_with_trigger.py
[2024-06-29T11:12:41.308+0000] {logging_mixin.py:188} INFO - [2024-06-29T11:12:41.308+0000] {dag.py:3096} INFO - Sync 1 DAGs
[2024-06-29T11:12:41.318+0000] {logging_mixin.py:188} INFO - [2024-06-29T11:12:41.318+0000] {dag.py:3954} INFO - Setting next_dagrun for latest_only_with_trigger to 2024-06-29 04:00:00+00:00, run_after=2024-06-29 08:00:00+00:00
[2024-06-29T11:12:41.326+0000] {processor.py:183} INFO - Processing /home/airflow/.local/lib/python3.12/site-packages/airflow/example_dags/example_latest_only_with_trigger.py took 0.040 seconds
[2024-06-29T11:13:11.430+0000] {processor.py:161} INFO - Started process (PID=506) to work on /home/airflow/.local/lib/python3.12/site-packages/airflow/example_dags/example_latest_only_with_trigger.py
[2024-06-29T11:13:11.431+0000] {processor.py:830} INFO - Processing file /home/airflow/.local/lib/python3.12/site-packages/airflow/example_dags/example_latest_only_with_trigger.py for tasks to queue
[2024-06-29T11:13:11.432+0000] {logging_mixin.py:188} INFO - [2024-06-29T11:13:11.432+0000] {dagbag.py:545} INFO - Filling up the DagBag from /home/airflow/.local/lib/python3.12/site-packages/airflow/example_dags/example_latest_only_with_trigger.py
[2024-06-29T11:13:11.435+0000] {processor.py:840} INFO - DAG(s) 'latest_only_with_trigger' retrieved from /home/airflow/.local/lib/python3.12/site-packages/airflow/example_dags/example_latest_only_with_trigger.py
[2024-06-29T11:13:11.448+0000] {logging_mixin.py:188} INFO - [2024-06-29T11:13:11.448+0000] {dag.py:3096} INFO - Sync 1 DAGs
[2024-06-29T11:13:11.459+0000] {logging_mixin.py:188} INFO - [2024-06-29T11:13:11.459+0000] {dag.py:3954} INFO - Setting next_dagrun for latest_only_with_trigger to 2024-06-29 04:00:00+00:00, run_after=2024-06-29 08:00:00+00:00
[2024-06-29T11:13:11.467+0000] {processor.py:183} INFO - Processing /home/airflow/.local/lib/python3.12/site-packages/airflow/example_dags/example_latest_only_with_trigger.py took 0.040 seconds
[2024-06-29T11:13:41.586+0000] {processor.py:161} INFO - Started process (PID=565) to work on /home/airflow/.local/lib/python3.12/site-packages/airflow/example_dags/example_latest_only_with_trigger.py
[2024-06-29T11:13:41.587+0000] {processor.py:830} INFO - Processing file /home/airflow/.local/lib/python3.12/site-packages/airflow/example_dags/example_latest_only_with_trigger.py for tasks to queue
[2024-06-29T11:13:41.588+0000] {logging_mixin.py:188} INFO - [2024-06-29T11:13:41.587+0000] {dagbag.py:545} INFO - Filling up the DagBag from /home/airflow/.local/lib/python3.12/site-packages/airflow/example_dags/example_latest_only_with_trigger.py
[2024-06-29T11:13:41.591+0000] {processor.py:840} INFO - DAG(s) 'latest_only_with_trigger' retrieved from /home/airflow/.local/lib/python3.12/site-packages/airflow/example_dags/example_latest_only_with_trigger.py
[2024-06-29T11:13:41.605+0000] {logging_mixin.py:188} INFO - [2024-06-29T11:13:41.604+0000] {dag.py:3096} INFO - Sync 1 DAGs
[2024-06-29T11:13:41.615+0000] {logging_mixin.py:188} INFO - [2024-06-29T11:13:41.615+0000] {dag.py:3954} INFO - Setting next_dagrun for latest_only_with_trigger to 2024-06-29 04:00:00+00:00, run_after=2024-06-29 08:00:00+00:00
[2024-06-29T11:13:41.623+0000] {processor.py:183} INFO - Processing /home/airflow/.local/lib/python3.12/site-packages/airflow/example_dags/example_latest_only_with_trigger.py took 0.040 seconds
[2024-06-29T11:14:11.650+0000] {processor.py:161} INFO - Started process (PID=623) to work on /home/airflow/.local/lib/python3.12/site-packages/airflow/example_dags/example_latest_only_with_trigger.py
[2024-06-29T11:14:11.650+0000] {processor.py:830} INFO - Processing file /home/airflow/.local/lib/python3.12/site-packages/airflow/example_dags/example_latest_only_with_trigger.py for tasks to queue
[2024-06-29T11:14:11.651+0000] {logging_mixin.py:188} INFO - [2024-06-29T11:14:11.651+0000] {dagbag.py:545} INFO - Filling up the DagBag from /home/airflow/.local/lib/python3.12/site-packages/airflow/example_dags/example_latest_only_with_trigger.py
[2024-06-29T11:14:11.655+0000] {processor.py:840} INFO - DAG(s) 'latest_only_with_trigger' retrieved from /home/airflow/.local/lib/python3.12/site-packages/airflow/example_dags/example_latest_only_with_trigger.py
[2024-06-29T11:14:11.668+0000] {logging_mixin.py:188} INFO - [2024-06-29T11:14:11.667+0000] {dag.py:3096} INFO - Sync 1 DAGs
[2024-06-29T11:14:11.678+0000] {logging_mixin.py:188} INFO - [2024-06-29T11:14:11.678+0000] {dag.py:3954} INFO - Setting next_dagrun for latest_only_with_trigger to 2024-06-29 04:00:00+00:00, run_after=2024-06-29 08:00:00+00:00
[2024-06-29T11:14:11.687+0000] {processor.py:183} INFO - Processing /home/airflow/.local/lib/python3.12/site-packages/airflow/example_dags/example_latest_only_with_trigger.py took 0.041 seconds
[2024-06-29T11:14:41.949+0000] {processor.py:161} INFO - Started process (PID=681) to work on /home/airflow/.local/lib/python3.12/site-packages/airflow/example_dags/example_latest_only_with_trigger.py
[2024-06-29T11:14:41.950+0000] {processor.py:830} INFO - Processing file /home/airflow/.local/lib/python3.12/site-packages/airflow/example_dags/example_latest_only_with_trigger.py for tasks to queue
[2024-06-29T11:14:41.952+0000] {logging_mixin.py:188} INFO - [2024-06-29T11:14:41.952+0000] {dagbag.py:545} INFO - Filling up the DagBag from /home/airflow/.local/lib/python3.12/site-packages/airflow/example_dags/example_latest_only_with_trigger.py
[2024-06-29T11:14:41.956+0000] {processor.py:840} INFO - DAG(s) 'latest_only_with_trigger' retrieved from /home/airflow/.local/lib/python3.12/site-packages/airflow/example_dags/example_latest_only_with_trigger.py
[2024-06-29T11:14:41.973+0000] {logging_mixin.py:188} INFO - [2024-06-29T11:14:41.972+0000] {dag.py:3096} INFO - Sync 1 DAGs
[2024-06-29T11:14:41.987+0000] {logging_mixin.py:188} INFO - [2024-06-29T11:14:41.987+0000] {dag.py:3954} INFO - Setting next_dagrun for latest_only_with_trigger to 2024-06-29 04:00:00+00:00, run_after=2024-06-29 08:00:00+00:00
[2024-06-29T11:14:42.000+0000] {processor.py:183} INFO - Processing /home/airflow/.local/lib/python3.12/site-packages/airflow/example_dags/example_latest_only_with_trigger.py took 0.054 seconds
[2024-06-29T11:15:12.053+0000] {processor.py:161} INFO - Started process (PID=739) to work on /home/airflow/.local/lib/python3.12/site-packages/airflow/example_dags/example_latest_only_with_trigger.py
[2024-06-29T11:15:12.054+0000] {processor.py:830} INFO - Processing file /home/airflow/.local/lib/python3.12/site-packages/airflow/example_dags/example_latest_only_with_trigger.py for tasks to queue
[2024-06-29T11:15:12.055+0000] {logging_mixin.py:188} INFO - [2024-06-29T11:15:12.055+0000] {dagbag.py:545} INFO - Filling up the DagBag from /home/airflow/.local/lib/python3.12/site-packages/airflow/example_dags/example_latest_only_with_trigger.py
[2024-06-29T11:15:12.058+0000] {processor.py:840} INFO - DAG(s) 'latest_only_with_trigger' retrieved from /home/airflow/.local/lib/python3.12/site-packages/airflow/example_dags/example_latest_only_with_trigger.py
[2024-06-29T11:15:12.071+0000] {logging_mixin.py:188} INFO - [2024-06-29T11:15:12.071+0000] {dag.py:3096} INFO - Sync 1 DAGs
[2024-06-29T11:15:12.082+0000] {logging_mixin.py:188} INFO - [2024-06-29T11:15:12.082+0000] {dag.py:3954} INFO - Setting next_dagrun for latest_only_with_trigger to 2024-06-29 04:00:00+00:00, run_after=2024-06-29 08:00:00+00:00
[2024-06-29T11:15:12.090+0000] {processor.py:183} INFO - Processing /home/airflow/.local/lib/python3.12/site-packages/airflow/example_dags/example_latest_only_with_trigger.py took 0.040 seconds
[2024-06-29T11:15:42.458+0000] {processor.py:161} INFO - Started process (PID=796) to work on /home/airflow/.local/lib/python3.12/site-packages/airflow/example_dags/example_latest_only_with_trigger.py
[2024-06-29T11:15:42.459+0000] {processor.py:830} INFO - Processing file /home/airflow/.local/lib/python3.12/site-packages/airflow/example_dags/example_latest_only_with_trigger.py for tasks to queue
[2024-06-29T11:15:42.460+0000] {logging_mixin.py:188} INFO - [2024-06-29T11:15:42.460+0000] {dagbag.py:545} INFO - Filling up the DagBag from /home/airflow/.local/lib/python3.12/site-packages/airflow/example_dags/example_latest_only_with_trigger.py
[2024-06-29T11:15:42.463+0000] {processor.py:840} INFO - DAG(s) 'latest_only_with_trigger' retrieved from /home/airflow/.local/lib/python3.12/site-packages/airflow/example_dags/example_latest_only_with_trigger.py
[2024-06-29T11:15:42.476+0000] {logging_mixin.py:188} INFO - [2024-06-29T11:15:42.476+0000] {dag.py:3096} INFO - Sync 1 DAGs
[2024-06-29T11:15:42.486+0000] {logging_mixin.py:188} INFO - [2024-06-29T11:15:42.486+0000] {dag.py:3954} INFO - Setting next_dagrun for latest_only_with_trigger to 2024-06-29 04:00:00+00:00, run_after=2024-06-29 08:00:00+00:00
[2024-06-29T11:15:42.495+0000] {processor.py:183} INFO - Processing /home/airflow/.local/lib/python3.12/site-packages/airflow/example_dags/example_latest_only_with_trigger.py took 0.040 seconds
[2024-06-29T11:16:12.643+0000] {processor.py:161} INFO - Started process (PID=853) to work on /home/airflow/.local/lib/python3.12/site-packages/airflow/example_dags/example_latest_only_with_trigger.py
[2024-06-29T11:16:12.644+0000] {processor.py:830} INFO - Processing file /home/airflow/.local/lib/python3.12/site-packages/airflow/example_dags/example_latest_only_with_trigger.py for tasks to queue
[2024-06-29T11:16:12.645+0000] {logging_mixin.py:188} INFO - [2024-06-29T11:16:12.644+0000] {dagbag.py:545} INFO - Filling up the DagBag from /home/airflow/.local/lib/python3.12/site-packages/airflow/example_dags/example_latest_only_with_trigger.py
[2024-06-29T11:16:12.648+0000] {processor.py:840} INFO - DAG(s) 'latest_only_with_trigger' retrieved from /home/airflow/.local/lib/python3.12/site-packages/airflow/example_dags/example_latest_only_with_trigger.py
[2024-06-29T11:16:12.661+0000] {logging_mixin.py:188} INFO - [2024-06-29T11:16:12.661+0000] {dag.py:3096} INFO - Sync 1 DAGs
[2024-06-29T11:16:12.672+0000] {logging_mixin.py:188} INFO - [2024-06-29T11:16:12.672+0000] {dag.py:3954} INFO - Setting next_dagrun for latest_only_with_trigger to 2024-06-29 04:00:00+00:00, run_after=2024-06-29 08:00:00+00:00
[2024-06-29T11:16:12.681+0000] {processor.py:183} INFO - Processing /home/airflow/.local/lib/python3.12/site-packages/airflow/example_dags/example_latest_only_with_trigger.py took 0.041 seconds
[2024-06-29T11:16:42.836+0000] {processor.py:161} INFO - Started process (PID=911) to work on /home/airflow/.local/lib/python3.12/site-packages/airflow/example_dags/example_latest_only_with_trigger.py
[2024-06-29T11:16:42.837+0000] {processor.py:830} INFO - Processing file /home/airflow/.local/lib/python3.12/site-packages/airflow/example_dags/example_latest_only_with_trigger.py for tasks to queue
[2024-06-29T11:16:42.838+0000] {logging_mixin.py:188} INFO - [2024-06-29T11:16:42.838+0000] {dagbag.py:545} INFO - Filling up the DagBag from /home/airflow/.local/lib/python3.12/site-packages/airflow/example_dags/example_latest_only_with_trigger.py
[2024-06-29T11:16:42.842+0000] {processor.py:840} INFO - DAG(s) 'latest_only_with_trigger' retrieved from /home/airflow/.local/lib/python3.12/site-packages/airflow/example_dags/example_latest_only_with_trigger.py
[2024-06-29T11:16:42.855+0000] {logging_mixin.py:188} INFO - [2024-06-29T11:16:42.855+0000] {dag.py:3096} INFO - Sync 1 DAGs
[2024-06-29T11:16:42.866+0000] {logging_mixin.py:188} INFO - [2024-06-29T11:16:42.866+0000] {dag.py:3954} INFO - Setting next_dagrun for latest_only_with_trigger to 2024-06-29 04:00:00+00:00, run_after=2024-06-29 08:00:00+00:00
[2024-06-29T11:16:42.875+0000] {processor.py:183} INFO - Processing /home/airflow/.local/lib/python3.12/site-packages/airflow/example_dags/example_latest_only_with_trigger.py took 0.042 seconds
[2024-06-29T11:17:13.369+0000] {processor.py:161} INFO - Started process (PID=970) to work on /home/airflow/.local/lib/python3.12/site-packages/airflow/example_dags/example_latest_only_with_trigger.py
[2024-06-29T11:17:13.370+0000] {processor.py:830} INFO - Processing file /home/airflow/.local/lib/python3.12/site-packages/airflow/example_dags/example_latest_only_with_trigger.py for tasks to queue
[2024-06-29T11:17:13.371+0000] {logging_mixin.py:188} INFO - [2024-06-29T11:17:13.371+0000] {dagbag.py:545} INFO - Filling up the DagBag from /home/airflow/.local/lib/python3.12/site-packages/airflow/example_dags/example_latest_only_with_trigger.py
[2024-06-29T11:17:13.375+0000] {processor.py:840} INFO - DAG(s) 'latest_only_with_trigger' retrieved from /home/airflow/.local/lib/python3.12/site-packages/airflow/example_dags/example_latest_only_with_trigger.py
[2024-06-29T11:17:13.388+0000] {logging_mixin.py:188} INFO - [2024-06-29T11:17:13.388+0000] {dag.py:3096} INFO - Sync 1 DAGs
[2024-06-29T11:17:13.400+0000] {logging_mixin.py:188} INFO - [2024-06-29T11:17:13.400+0000] {dag.py:3954} INFO - Setting next_dagrun for latest_only_with_trigger to 2024-06-29 04:00:00+00:00, run_after=2024-06-29 08:00:00+00:00
[2024-06-29T11:17:13.408+0000] {processor.py:183} INFO - Processing /home/airflow/.local/lib/python3.12/site-packages/airflow/example_dags/example_latest_only_with_trigger.py took 0.043 seconds
[2024-06-29T11:17:43.578+0000] {processor.py:161} INFO - Started process (PID=1028) to work on /home/airflow/.local/lib/python3.12/site-packages/airflow/example_dags/example_latest_only_with_trigger.py
[2024-06-29T11:17:43.579+0000] {processor.py:830} INFO - Processing file /home/airflow/.local/lib/python3.12/site-packages/airflow/example_dags/example_latest_only_with_trigger.py for tasks to queue
[2024-06-29T11:17:43.580+0000] {logging_mixin.py:188} INFO - [2024-06-29T11:17:43.580+0000] {dagbag.py:545} INFO - Filling up the DagBag from /home/airflow/.local/lib/python3.12/site-packages/airflow/example_dags/example_latest_only_with_trigger.py
[2024-06-29T11:17:43.583+0000] {processor.py:840} INFO - DAG(s) 'latest_only_with_trigger' retrieved from /home/airflow/.local/lib/python3.12/site-packages/airflow/example_dags/example_latest_only_with_trigger.py
[2024-06-29T11:17:43.596+0000] {logging_mixin.py:188} INFO - [2024-06-29T11:17:43.596+0000] {dag.py:3096} INFO - Sync 1 DAGs
[2024-06-29T11:17:43.607+0000] {logging_mixin.py:188} INFO - [2024-06-29T11:17:43.606+0000] {dag.py:3954} INFO - Setting next_dagrun for latest_only_with_trigger to 2024-06-29 04:00:00+00:00, run_after=2024-06-29 08:00:00+00:00
[2024-06-29T11:17:43.615+0000] {processor.py:183} INFO - Processing /home/airflow/.local/lib/python3.12/site-packages/airflow/example_dags/example_latest_only_with_trigger.py took 0.040 seconds
[2024-06-29T11:18:13.781+0000] {processor.py:161} INFO - Started process (PID=1086) to work on /home/airflow/.local/lib/python3.12/site-packages/airflow/example_dags/example_latest_only_with_trigger.py
[2024-06-29T11:18:13.781+0000] {processor.py:830} INFO - Processing file /home/airflow/.local/lib/python3.12/site-packages/airflow/example_dags/example_latest_only_with_trigger.py for tasks to queue
[2024-06-29T11:18:13.783+0000] {logging_mixin.py:188} INFO - [2024-06-29T11:18:13.782+0000] {dagbag.py:545} INFO - Filling up the DagBag from /home/airflow/.local/lib/python3.12/site-packages/airflow/example_dags/example_latest_only_with_trigger.py
[2024-06-29T11:18:13.786+0000] {processor.py:840} INFO - DAG(s) 'latest_only_with_trigger' retrieved from /home/airflow/.local/lib/python3.12/site-packages/airflow/example_dags/example_latest_only_with_trigger.py
[2024-06-29T11:18:13.799+0000] {logging_mixin.py:188} INFO - [2024-06-29T11:18:13.799+0000] {dag.py:3096} INFO - Sync 1 DAGs
[2024-06-29T11:18:13.810+0000] {logging_mixin.py:188} INFO - [2024-06-29T11:18:13.810+0000] {dag.py:3954} INFO - Setting next_dagrun for latest_only_with_trigger to 2024-06-29 04:00:00+00:00, run_after=2024-06-29 08:00:00+00:00
[2024-06-29T11:18:13.818+0000] {processor.py:183} INFO - Processing /home/airflow/.local/lib/python3.12/site-packages/airflow/example_dags/example_latest_only_with_trigger.py took 0.041 seconds
[2024-06-29T11:18:44.226+0000] {processor.py:161} INFO - Started process (PID=1144) to work on /home/airflow/.local/lib/python3.12/site-packages/airflow/example_dags/example_latest_only_with_trigger.py
[2024-06-29T11:18:44.227+0000] {processor.py:830} INFO - Processing file /home/airflow/.local/lib/python3.12/site-packages/airflow/example_dags/example_latest_only_with_trigger.py for tasks to queue
[2024-06-29T11:18:44.228+0000] {logging_mixin.py:188} INFO - [2024-06-29T11:18:44.228+0000] {dagbag.py:545} INFO - Filling up the DagBag from /home/airflow/.local/lib/python3.12/site-packages/airflow/example_dags/example_latest_only_with_trigger.py
[2024-06-29T11:18:44.232+0000] {processor.py:840} INFO - DAG(s) 'latest_only_with_trigger' retrieved from /home/airflow/.local/lib/python3.12/site-packages/airflow/example_dags/example_latest_only_with_trigger.py
[2024-06-29T11:18:44.245+0000] {logging_mixin.py:188} INFO - [2024-06-29T11:18:44.245+0000] {dag.py:3096} INFO - Sync 1 DAGs
[2024-06-29T11:18:44.255+0000] {logging_mixin.py:188} INFO - [2024-06-29T11:18:44.255+0000] {dag.py:3954} INFO - Setting next_dagrun for latest_only_with_trigger to 2024-06-29 04:00:00+00:00, run_after=2024-06-29 08:00:00+00:00
[2024-06-29T11:18:44.264+0000] {processor.py:183} INFO - Processing /home/airflow/.local/lib/python3.12/site-packages/airflow/example_dags/example_latest_only_with_trigger.py took 0.042 seconds
[2024-06-29T11:19:14.600+0000] {processor.py:161} INFO - Started process (PID=1202) to work on /home/airflow/.local/lib/python3.12/site-packages/airflow/example_dags/example_latest_only_with_trigger.py
[2024-06-29T11:19:14.600+0000] {processor.py:830} INFO - Processing file /home/airflow/.local/lib/python3.12/site-packages/airflow/example_dags/example_latest_only_with_trigger.py for tasks to queue
[2024-06-29T11:19:14.602+0000] {logging_mixin.py:188} INFO - [2024-06-29T11:19:14.601+0000] {dagbag.py:545} INFO - Filling up the DagBag from /home/airflow/.local/lib/python3.12/site-packages/airflow/example_dags/example_latest_only_with_trigger.py
[2024-06-29T11:19:14.605+0000] {processor.py:840} INFO - DAG(s) 'latest_only_with_trigger' retrieved from /home/airflow/.local/lib/python3.12/site-packages/airflow/example_dags/example_latest_only_with_trigger.py
[2024-06-29T11:19:14.618+0000] {logging_mixin.py:188} INFO - [2024-06-29T11:19:14.618+0000] {dag.py:3096} INFO - Sync 1 DAGs
[2024-06-29T11:19:14.628+0000] {logging_mixin.py:188} INFO - [2024-06-29T11:19:14.628+0000] {dag.py:3954} INFO - Setting next_dagrun for latest_only_with_trigger to 2024-06-29 04:00:00+00:00, run_after=2024-06-29 08:00:00+00:00
[2024-06-29T11:19:14.637+0000] {processor.py:183} INFO - Processing /home/airflow/.local/lib/python3.12/site-packages/airflow/example_dags/example_latest_only_with_trigger.py took 0.041 seconds
[2024-06-29T11:19:45.002+0000] {processor.py:161} INFO - Started process (PID=1260) to work on /home/airflow/.local/lib/python3.12/site-packages/airflow/example_dags/example_latest_only_with_trigger.py
[2024-06-29T11:19:45.003+0000] {processor.py:830} INFO - Processing file /home/airflow/.local/lib/python3.12/site-packages/airflow/example_dags/example_latest_only_with_trigger.py for tasks to queue
[2024-06-29T11:19:45.004+0000] {logging_mixin.py:188} INFO - [2024-06-29T11:19:45.004+0000] {dagbag.py:545} INFO - Filling up the DagBag from /home/airflow/.local/lib/python3.12/site-packages/airflow/example_dags/example_latest_only_with_trigger.py
[2024-06-29T11:19:45.008+0000] {processor.py:840} INFO - DAG(s) 'latest_only_with_trigger' retrieved from /home/airflow/.local/lib/python3.12/site-packages/airflow/example_dags/example_latest_only_with_trigger.py
[2024-06-29T11:19:45.021+0000] {logging_mixin.py:188} INFO - [2024-06-29T11:19:45.021+0000] {dag.py:3096} INFO - Sync 1 DAGs
[2024-06-29T11:19:45.032+0000] {logging_mixin.py:188} INFO - [2024-06-29T11:19:45.032+0000] {dag.py:3954} INFO - Setting next_dagrun for latest_only_with_trigger to 2024-06-29 04:00:00+00:00, run_after=2024-06-29 08:00:00+00:00
[2024-06-29T11:19:45.040+0000] {processor.py:183} INFO - Processing /home/airflow/.local/lib/python3.12/site-packages/airflow/example_dags/example_latest_only_with_trigger.py took 0.041 seconds
[2024-06-29T11:20:15.202+0000] {processor.py:161} INFO - Started process (PID=1318) to work on /home/airflow/.local/lib/python3.12/site-packages/airflow/example_dags/example_latest_only_with_trigger.py
[2024-06-29T11:20:15.202+0000] {processor.py:830} INFO - Processing file /home/airflow/.local/lib/python3.12/site-packages/airflow/example_dags/example_latest_only_with_trigger.py for tasks to queue
[2024-06-29T11:20:15.204+0000] {logging_mixin.py:188} INFO - [2024-06-29T11:20:15.203+0000] {dagbag.py:545} INFO - Filling up the DagBag from /home/airflow/.local/lib/python3.12/site-packages/airflow/example_dags/example_latest_only_with_trigger.py
[2024-06-29T11:20:15.207+0000] {processor.py:840} INFO - DAG(s) 'latest_only_with_trigger' retrieved from /home/airflow/.local/lib/python3.12/site-packages/airflow/example_dags/example_latest_only_with_trigger.py
[2024-06-29T11:20:15.220+0000] {logging_mixin.py:188} INFO - [2024-06-29T11:20:15.220+0000] {dag.py:3096} INFO - Sync 1 DAGs
[2024-06-29T11:20:15.231+0000] {logging_mixin.py:188} INFO - [2024-06-29T11:20:15.231+0000] {dag.py:3954} INFO - Setting next_dagrun for latest_only_with_trigger to 2024-06-29 04:00:00+00:00, run_after=2024-06-29 08:00:00+00:00
[2024-06-29T11:20:15.240+0000] {processor.py:183} INFO - Processing /home/airflow/.local/lib/python3.12/site-packages/airflow/example_dags/example_latest_only_with_trigger.py took 0.042 seconds
[2024-06-29T11:20:45.423+0000] {processor.py:161} INFO - Started process (PID=1376) to work on /home/airflow/.local/lib/python3.12/site-packages/airflow/example_dags/example_latest_only_with_trigger.py
[2024-06-29T11:20:45.423+0000] {processor.py:830} INFO - Processing file /home/airflow/.local/lib/python3.12/site-packages/airflow/example_dags/example_latest_only_with_trigger.py for tasks to queue
[2024-06-29T11:20:45.425+0000] {logging_mixin.py:188} INFO - [2024-06-29T11:20:45.424+0000] {dagbag.py:545} INFO - Filling up the DagBag from /home/airflow/.local/lib/python3.12/site-packages/airflow/example_dags/example_latest_only_with_trigger.py
[2024-06-29T11:20:45.428+0000] {processor.py:840} INFO - DAG(s) 'latest_only_with_trigger' retrieved from /home/airflow/.local/lib/python3.12/site-packages/airflow/example_dags/example_latest_only_with_trigger.py
[2024-06-29T11:20:45.442+0000] {logging_mixin.py:188} INFO - [2024-06-29T11:20:45.442+0000] {dag.py:3096} INFO - Sync 1 DAGs
[2024-06-29T11:20:45.451+0000] {logging_mixin.py:188} INFO - [2024-06-29T11:20:45.451+0000] {dag.py:3954} INFO - Setting next_dagrun for latest_only_with_trigger to 2024-06-29 04:00:00+00:00, run_after=2024-06-29 08:00:00+00:00
[2024-06-29T11:20:45.460+0000] {processor.py:183} INFO - Processing /home/airflow/.local/lib/python3.12/site-packages/airflow/example_dags/example_latest_only_with_trigger.py took 0.041 seconds
[2024-06-29T11:21:15.645+0000] {processor.py:161} INFO - Started process (PID=1434) to work on /home/airflow/.local/lib/python3.12/site-packages/airflow/example_dags/example_latest_only_with_trigger.py
[2024-06-29T11:21:15.646+0000] {processor.py:830} INFO - Processing file /home/airflow/.local/lib/python3.12/site-packages/airflow/example_dags/example_latest_only_with_trigger.py for tasks to queue
[2024-06-29T11:21:15.647+0000] {logging_mixin.py:188} INFO - [2024-06-29T11:21:15.646+0000] {dagbag.py:545} INFO - Filling up the DagBag from /home/airflow/.local/lib/python3.12/site-packages/airflow/example_dags/example_latest_only_with_trigger.py
[2024-06-29T11:21:15.650+0000] {processor.py:840} INFO - DAG(s) 'latest_only_with_trigger' retrieved from /home/airflow/.local/lib/python3.12/site-packages/airflow/example_dags/example_latest_only_with_trigger.py
[2024-06-29T11:21:15.664+0000] {logging_mixin.py:188} INFO - [2024-06-29T11:21:15.664+0000] {dag.py:3096} INFO - Sync 1 DAGs
[2024-06-29T11:21:15.674+0000] {logging_mixin.py:188} INFO - [2024-06-29T11:21:15.674+0000] {dag.py:3954} INFO - Setting next_dagrun for latest_only_with_trigger to 2024-06-29 04:00:00+00:00, run_after=2024-06-29 08:00:00+00:00
[2024-06-29T11:21:15.683+0000] {processor.py:183} INFO - Processing /home/airflow/.local/lib/python3.12/site-packages/airflow/example_dags/example_latest_only_with_trigger.py took 0.041 seconds
