[2024-06-29T11:54:21.270+0000] {processor.py:161} INFO - Started process (PID=372) to work on /home/airflow/.local/lib/python3.12/site-packages/airflow/example_dags/example_xcomargs.py
[2024-06-29T11:54:21.271+0000] {processor.py:830} INFO - Processing file /home/airflow/.local/lib/python3.12/site-packages/airflow/example_dags/example_xcomargs.py for tasks to queue
[2024-06-29T11:54:21.272+0000] {logging_mixin.py:188} INFO - [2024-06-29T11:54:21.272+0000] {dagbag.py:545} INFO - Filling up the DagBag from /home/airflow/.local/lib/python3.12/site-packages/airflow/example_dags/example_xcomargs.py
[2024-06-29T11:54:21.279+0000] {processor.py:840} INFO - DAG(s) 'example_xcom_args_with_operators', 'example_xcom_args' retrieved from /home/airflow/.local/lib/python3.12/site-packages/airflow/example_dags/example_xcomargs.py
[2024-06-29T11:54:21.293+0000] {logging_mixin.py:188} INFO - [2024-06-29T11:54:21.292+0000] {dag.py:3096} INFO - Sync 2 DAGs
[2024-06-29T11:54:21.302+0000] {logging_mixin.py:188} INFO - [2024-06-29T11:54:21.302+0000] {dag.py:3954} INFO - Setting next_dagrun for example_xcom_args to None, run_after=None
[2024-06-29T11:54:21.305+0000] {logging_mixin.py:188} INFO - [2024-06-29T11:54:21.304+0000] {dag.py:3954} INFO - Setting next_dagrun for example_xcom_args_with_operators to None, run_after=None
[2024-06-29T11:54:21.315+0000] {processor.py:183} INFO - Processing /home/airflow/.local/lib/python3.12/site-packages/airflow/example_dags/example_xcomargs.py took 0.050 seconds
[2024-06-29T11:54:53.068+0000] {processor.py:161} INFO - Started process (PID=632) to work on /home/airflow/.local/lib/python3.12/site-packages/airflow/example_dags/example_xcomargs.py
[2024-06-29T11:54:53.069+0000] {processor.py:830} INFO - Processing file /home/airflow/.local/lib/python3.12/site-packages/airflow/example_dags/example_xcomargs.py for tasks to queue
[2024-06-29T11:54:53.070+0000] {logging_mixin.py:188} INFO - [2024-06-29T11:54:53.070+0000] {dagbag.py:545} INFO - Filling up the DagBag from /home/airflow/.local/lib/python3.12/site-packages/airflow/example_dags/example_xcomargs.py
[2024-06-29T11:54:53.074+0000] {processor.py:840} INFO - DAG(s) 'example_xcom_args_with_operators', 'example_xcom_args' retrieved from /home/airflow/.local/lib/python3.12/site-packages/airflow/example_dags/example_xcomargs.py
[2024-06-29T11:54:53.131+0000] {logging_mixin.py:188} INFO - [2024-06-29T11:54:53.131+0000] {dag.py:3096} INFO - Sync 2 DAGs
[2024-06-29T11:54:53.137+0000] {logging_mixin.py:188} INFO - [2024-06-29T11:54:53.137+0000] {dag.py:3954} INFO - Setting next_dagrun for example_xcom_args to None, run_after=None
[2024-06-29T11:54:53.139+0000] {logging_mixin.py:188} INFO - [2024-06-29T11:54:53.138+0000] {dag.py:3954} INFO - Setting next_dagrun for example_xcom_args_with_operators to None, run_after=None
[2024-06-29T11:54:53.147+0000] {processor.py:183} INFO - Processing /home/airflow/.local/lib/python3.12/site-packages/airflow/example_dags/example_xcomargs.py took 0.083 seconds
[2024-06-29T11:55:23.195+0000] {processor.py:161} INFO - Started process (PID=894) to work on /home/airflow/.local/lib/python3.12/site-packages/airflow/example_dags/example_xcomargs.py
[2024-06-29T11:55:23.196+0000] {processor.py:830} INFO - Processing file /home/airflow/.local/lib/python3.12/site-packages/airflow/example_dags/example_xcomargs.py for tasks to queue
[2024-06-29T11:55:23.197+0000] {logging_mixin.py:188} INFO - [2024-06-29T11:55:23.197+0000] {dagbag.py:545} INFO - Filling up the DagBag from /home/airflow/.local/lib/python3.12/site-packages/airflow/example_dags/example_xcomargs.py
[2024-06-29T11:55:23.202+0000] {processor.py:840} INFO - DAG(s) 'example_xcom_args_with_operators', 'example_xcom_args' retrieved from /home/airflow/.local/lib/python3.12/site-packages/airflow/example_dags/example_xcomargs.py
[2024-06-29T11:55:23.218+0000] {logging_mixin.py:188} INFO - [2024-06-29T11:55:23.218+0000] {dag.py:3096} INFO - Sync 2 DAGs
[2024-06-29T11:55:23.225+0000] {logging_mixin.py:188} INFO - [2024-06-29T11:55:23.225+0000] {dag.py:3954} INFO - Setting next_dagrun for example_xcom_args to None, run_after=None
[2024-06-29T11:55:23.227+0000] {logging_mixin.py:188} INFO - [2024-06-29T11:55:23.227+0000] {dag.py:3954} INFO - Setting next_dagrun for example_xcom_args_with_operators to None, run_after=None
[2024-06-29T11:55:23.237+0000] {processor.py:183} INFO - Processing /home/airflow/.local/lib/python3.12/site-packages/airflow/example_dags/example_xcomargs.py took 0.045 seconds
[2024-06-29T11:55:53.554+0000] {processor.py:161} INFO - Started process (PID=1156) to work on /home/airflow/.local/lib/python3.12/site-packages/airflow/example_dags/example_xcomargs.py
[2024-06-29T11:55:53.555+0000] {processor.py:830} INFO - Processing file /home/airflow/.local/lib/python3.12/site-packages/airflow/example_dags/example_xcomargs.py for tasks to queue
[2024-06-29T11:55:53.556+0000] {logging_mixin.py:188} INFO - [2024-06-29T11:55:53.556+0000] {dagbag.py:545} INFO - Filling up the DagBag from /home/airflow/.local/lib/python3.12/site-packages/airflow/example_dags/example_xcomargs.py
[2024-06-29T11:55:53.560+0000] {processor.py:840} INFO - DAG(s) 'example_xcom_args_with_operators', 'example_xcom_args' retrieved from /home/airflow/.local/lib/python3.12/site-packages/airflow/example_dags/example_xcomargs.py
[2024-06-29T11:55:53.577+0000] {logging_mixin.py:188} INFO - [2024-06-29T11:55:53.577+0000] {dag.py:3096} INFO - Sync 2 DAGs
[2024-06-29T11:55:53.584+0000] {logging_mixin.py:188} INFO - [2024-06-29T11:55:53.584+0000] {dag.py:3954} INFO - Setting next_dagrun for example_xcom_args to None, run_after=None
[2024-06-29T11:55:53.587+0000] {logging_mixin.py:188} INFO - [2024-06-29T11:55:53.586+0000] {dag.py:3954} INFO - Setting next_dagrun for example_xcom_args_with_operators to None, run_after=None
[2024-06-29T11:55:53.594+0000] {processor.py:183} INFO - Processing /home/airflow/.local/lib/python3.12/site-packages/airflow/example_dags/example_xcomargs.py took 0.043 seconds
[2024-06-29T11:56:23.792+0000] {processor.py:161} INFO - Started process (PID=1419) to work on /home/airflow/.local/lib/python3.12/site-packages/airflow/example_dags/example_xcomargs.py
[2024-06-29T11:56:23.792+0000] {processor.py:830} INFO - Processing file /home/airflow/.local/lib/python3.12/site-packages/airflow/example_dags/example_xcomargs.py for tasks to queue
[2024-06-29T11:56:23.793+0000] {logging_mixin.py:188} INFO - [2024-06-29T11:56:23.793+0000] {dagbag.py:545} INFO - Filling up the DagBag from /home/airflow/.local/lib/python3.12/site-packages/airflow/example_dags/example_xcomargs.py
[2024-06-29T11:56:23.798+0000] {processor.py:840} INFO - DAG(s) 'example_xcom_args', 'example_xcom_args_with_operators' retrieved from /home/airflow/.local/lib/python3.12/site-packages/airflow/example_dags/example_xcomargs.py
[2024-06-29T11:56:23.813+0000] {logging_mixin.py:188} INFO - [2024-06-29T11:56:23.813+0000] {dag.py:3096} INFO - Sync 2 DAGs
[2024-06-29T11:56:23.820+0000] {logging_mixin.py:188} INFO - [2024-06-29T11:56:23.820+0000] {dag.py:3954} INFO - Setting next_dagrun for example_xcom_args to None, run_after=None
[2024-06-29T11:56:23.823+0000] {logging_mixin.py:188} INFO - [2024-06-29T11:56:23.823+0000] {dag.py:3954} INFO - Setting next_dagrun for example_xcom_args_with_operators to None, run_after=None
[2024-06-29T11:56:23.830+0000] {processor.py:183} INFO - Processing /home/airflow/.local/lib/python3.12/site-packages/airflow/example_dags/example_xcomargs.py took 0.042 seconds
[2024-06-29T11:56:53.956+0000] {processor.py:161} INFO - Started process (PID=1681) to work on /home/airflow/.local/lib/python3.12/site-packages/airflow/example_dags/example_xcomargs.py
[2024-06-29T11:56:53.956+0000] {processor.py:830} INFO - Processing file /home/airflow/.local/lib/python3.12/site-packages/airflow/example_dags/example_xcomargs.py for tasks to queue
[2024-06-29T11:56:53.957+0000] {logging_mixin.py:188} INFO - [2024-06-29T11:56:53.957+0000] {dagbag.py:545} INFO - Filling up the DagBag from /home/airflow/.local/lib/python3.12/site-packages/airflow/example_dags/example_xcomargs.py
[2024-06-29T11:56:53.962+0000] {processor.py:840} INFO - DAG(s) 'example_xcom_args_with_operators', 'example_xcom_args' retrieved from /home/airflow/.local/lib/python3.12/site-packages/airflow/example_dags/example_xcomargs.py
[2024-06-29T11:56:53.977+0000] {logging_mixin.py:188} INFO - [2024-06-29T11:56:53.977+0000] {dag.py:3096} INFO - Sync 2 DAGs
[2024-06-29T11:56:53.984+0000] {logging_mixin.py:188} INFO - [2024-06-29T11:56:53.984+0000] {dag.py:3954} INFO - Setting next_dagrun for example_xcom_args to None, run_after=None
[2024-06-29T11:56:53.986+0000] {logging_mixin.py:188} INFO - [2024-06-29T11:56:53.986+0000] {dag.py:3954} INFO - Setting next_dagrun for example_xcom_args_with_operators to None, run_after=None
[2024-06-29T11:56:53.994+0000] {processor.py:183} INFO - Processing /home/airflow/.local/lib/python3.12/site-packages/airflow/example_dags/example_xcomargs.py took 0.042 seconds
[2024-06-29T11:57:24.343+0000] {processor.py:161} INFO - Started process (PID=1943) to work on /home/airflow/.local/lib/python3.12/site-packages/airflow/example_dags/example_xcomargs.py
[2024-06-29T11:57:24.344+0000] {processor.py:830} INFO - Processing file /home/airflow/.local/lib/python3.12/site-packages/airflow/example_dags/example_xcomargs.py for tasks to queue
[2024-06-29T11:57:24.345+0000] {logging_mixin.py:188} INFO - [2024-06-29T11:57:24.345+0000] {dagbag.py:545} INFO - Filling up the DagBag from /home/airflow/.local/lib/python3.12/site-packages/airflow/example_dags/example_xcomargs.py
[2024-06-29T11:57:24.350+0000] {processor.py:840} INFO - DAG(s) 'example_xcom_args', 'example_xcom_args_with_operators' retrieved from /home/airflow/.local/lib/python3.12/site-packages/airflow/example_dags/example_xcomargs.py
[2024-06-29T11:57:24.366+0000] {logging_mixin.py:188} INFO - [2024-06-29T11:57:24.366+0000] {dag.py:3096} INFO - Sync 2 DAGs
[2024-06-29T11:57:24.374+0000] {logging_mixin.py:188} INFO - [2024-06-29T11:57:24.374+0000] {dag.py:3954} INFO - Setting next_dagrun for example_xcom_args to None, run_after=None
[2024-06-29T11:57:24.376+0000] {logging_mixin.py:188} INFO - [2024-06-29T11:57:24.376+0000] {dag.py:3954} INFO - Setting next_dagrun for example_xcom_args_with_operators to None, run_after=None
[2024-06-29T11:57:24.385+0000] {processor.py:183} INFO - Processing /home/airflow/.local/lib/python3.12/site-packages/airflow/example_dags/example_xcomargs.py took 0.045 seconds
[2024-06-29T11:57:54.543+0000] {processor.py:161} INFO - Started process (PID=2205) to work on /home/airflow/.local/lib/python3.12/site-packages/airflow/example_dags/example_xcomargs.py
[2024-06-29T11:57:54.544+0000] {processor.py:830} INFO - Processing file /home/airflow/.local/lib/python3.12/site-packages/airflow/example_dags/example_xcomargs.py for tasks to queue
[2024-06-29T11:57:54.545+0000] {logging_mixin.py:188} INFO - [2024-06-29T11:57:54.545+0000] {dagbag.py:545} INFO - Filling up the DagBag from /home/airflow/.local/lib/python3.12/site-packages/airflow/example_dags/example_xcomargs.py
[2024-06-29T11:57:54.550+0000] {processor.py:840} INFO - DAG(s) 'example_xcom_args_with_operators', 'example_xcom_args' retrieved from /home/airflow/.local/lib/python3.12/site-packages/airflow/example_dags/example_xcomargs.py
[2024-06-29T11:57:54.565+0000] {logging_mixin.py:188} INFO - [2024-06-29T11:57:54.565+0000] {dag.py:3096} INFO - Sync 2 DAGs
[2024-06-29T11:57:54.572+0000] {logging_mixin.py:188} INFO - [2024-06-29T11:57:54.572+0000] {dag.py:3954} INFO - Setting next_dagrun for example_xcom_args to None, run_after=None
[2024-06-29T11:57:54.574+0000] {logging_mixin.py:188} INFO - [2024-06-29T11:57:54.574+0000] {dag.py:3954} INFO - Setting next_dagrun for example_xcom_args_with_operators to None, run_after=None
[2024-06-29T11:57:54.583+0000] {processor.py:183} INFO - Processing /home/airflow/.local/lib/python3.12/site-packages/airflow/example_dags/example_xcomargs.py took 0.043 seconds
[2024-06-29T11:58:24.771+0000] {processor.py:161} INFO - Started process (PID=2467) to work on /home/airflow/.local/lib/python3.12/site-packages/airflow/example_dags/example_xcomargs.py
[2024-06-29T11:58:24.772+0000] {processor.py:830} INFO - Processing file /home/airflow/.local/lib/python3.12/site-packages/airflow/example_dags/example_xcomargs.py for tasks to queue
[2024-06-29T11:58:24.773+0000] {logging_mixin.py:188} INFO - [2024-06-29T11:58:24.773+0000] {dagbag.py:545} INFO - Filling up the DagBag from /home/airflow/.local/lib/python3.12/site-packages/airflow/example_dags/example_xcomargs.py
[2024-06-29T11:58:24.778+0000] {processor.py:840} INFO - DAG(s) 'example_xcom_args', 'example_xcom_args_with_operators' retrieved from /home/airflow/.local/lib/python3.12/site-packages/airflow/example_dags/example_xcomargs.py
[2024-06-29T11:58:24.793+0000] {logging_mixin.py:188} INFO - [2024-06-29T11:58:24.793+0000] {dag.py:3096} INFO - Sync 2 DAGs
[2024-06-29T11:58:24.800+0000] {logging_mixin.py:188} INFO - [2024-06-29T11:58:24.800+0000] {dag.py:3954} INFO - Setting next_dagrun for example_xcom_args to None, run_after=None
[2024-06-29T11:58:24.802+0000] {logging_mixin.py:188} INFO - [2024-06-29T11:58:24.802+0000] {dag.py:3954} INFO - Setting next_dagrun for example_xcom_args_with_operators to None, run_after=None
[2024-06-29T11:58:24.811+0000] {processor.py:183} INFO - Processing /home/airflow/.local/lib/python3.12/site-packages/airflow/example_dags/example_xcomargs.py took 0.043 seconds
[2024-06-29T11:58:55.148+0000] {processor.py:161} INFO - Started process (PID=2731) to work on /home/airflow/.local/lib/python3.12/site-packages/airflow/example_dags/example_xcomargs.py
[2024-06-29T11:58:55.149+0000] {processor.py:830} INFO - Processing file /home/airflow/.local/lib/python3.12/site-packages/airflow/example_dags/example_xcomargs.py for tasks to queue
[2024-06-29T11:58:55.150+0000] {logging_mixin.py:188} INFO - [2024-06-29T11:58:55.150+0000] {dagbag.py:545} INFO - Filling up the DagBag from /home/airflow/.local/lib/python3.12/site-packages/airflow/example_dags/example_xcomargs.py
[2024-06-29T11:58:55.155+0000] {processor.py:840} INFO - DAG(s) 'example_xcom_args_with_operators', 'example_xcom_args' retrieved from /home/airflow/.local/lib/python3.12/site-packages/airflow/example_dags/example_xcomargs.py
[2024-06-29T11:58:55.170+0000] {logging_mixin.py:188} INFO - [2024-06-29T11:58:55.170+0000] {dag.py:3096} INFO - Sync 2 DAGs
[2024-06-29T11:58:55.176+0000] {logging_mixin.py:188} INFO - [2024-06-29T11:58:55.176+0000] {dag.py:3954} INFO - Setting next_dagrun for example_xcom_args to None, run_after=None
[2024-06-29T11:58:55.178+0000] {logging_mixin.py:188} INFO - [2024-06-29T11:58:55.178+0000] {dag.py:3954} INFO - Setting next_dagrun for example_xcom_args_with_operators to None, run_after=None
[2024-06-29T11:58:55.185+0000] {processor.py:183} INFO - Processing /home/airflow/.local/lib/python3.12/site-packages/airflow/example_dags/example_xcomargs.py took 0.041 seconds
[2024-06-29T11:59:25.348+0000] {processor.py:161} INFO - Started process (PID=2991) to work on /home/airflow/.local/lib/python3.12/site-packages/airflow/example_dags/example_xcomargs.py
[2024-06-29T11:59:25.349+0000] {processor.py:830} INFO - Processing file /home/airflow/.local/lib/python3.12/site-packages/airflow/example_dags/example_xcomargs.py for tasks to queue
[2024-06-29T11:59:25.350+0000] {logging_mixin.py:188} INFO - [2024-06-29T11:59:25.350+0000] {dagbag.py:545} INFO - Filling up the DagBag from /home/airflow/.local/lib/python3.12/site-packages/airflow/example_dags/example_xcomargs.py
[2024-06-29T11:59:25.354+0000] {processor.py:840} INFO - DAG(s) 'example_xcom_args_with_operators', 'example_xcom_args' retrieved from /home/airflow/.local/lib/python3.12/site-packages/airflow/example_dags/example_xcomargs.py
[2024-06-29T11:59:25.370+0000] {logging_mixin.py:188} INFO - [2024-06-29T11:59:25.370+0000] {dag.py:3096} INFO - Sync 2 DAGs
[2024-06-29T11:59:25.377+0000] {logging_mixin.py:188} INFO - [2024-06-29T11:59:25.377+0000] {dag.py:3954} INFO - Setting next_dagrun for example_xcom_args to None, run_after=None
[2024-06-29T11:59:25.380+0000] {logging_mixin.py:188} INFO - [2024-06-29T11:59:25.380+0000] {dag.py:3954} INFO - Setting next_dagrun for example_xcom_args_with_operators to None, run_after=None
[2024-06-29T11:59:25.388+0000] {processor.py:183} INFO - Processing /home/airflow/.local/lib/python3.12/site-packages/airflow/example_dags/example_xcomargs.py took 0.044 seconds
[2024-06-29T11:59:55.556+0000] {processor.py:161} INFO - Started process (PID=3253) to work on /home/airflow/.local/lib/python3.12/site-packages/airflow/example_dags/example_xcomargs.py
[2024-06-29T11:59:55.557+0000] {processor.py:830} INFO - Processing file /home/airflow/.local/lib/python3.12/site-packages/airflow/example_dags/example_xcomargs.py for tasks to queue
[2024-06-29T11:59:55.558+0000] {logging_mixin.py:188} INFO - [2024-06-29T11:59:55.558+0000] {dagbag.py:545} INFO - Filling up the DagBag from /home/airflow/.local/lib/python3.12/site-packages/airflow/example_dags/example_xcomargs.py
[2024-06-29T11:59:55.562+0000] {processor.py:840} INFO - DAG(s) 'example_xcom_args_with_operators', 'example_xcom_args' retrieved from /home/airflow/.local/lib/python3.12/site-packages/airflow/example_dags/example_xcomargs.py
[2024-06-29T11:59:55.577+0000] {logging_mixin.py:188} INFO - [2024-06-29T11:59:55.577+0000] {dag.py:3096} INFO - Sync 2 DAGs
[2024-06-29T11:59:55.584+0000] {logging_mixin.py:188} INFO - [2024-06-29T11:59:55.584+0000] {dag.py:3954} INFO - Setting next_dagrun for example_xcom_args to None, run_after=None
[2024-06-29T11:59:55.586+0000] {logging_mixin.py:188} INFO - [2024-06-29T11:59:55.586+0000] {dag.py:3954} INFO - Setting next_dagrun for example_xcom_args_with_operators to None, run_after=None
[2024-06-29T11:59:55.595+0000] {processor.py:183} INFO - Processing /home/airflow/.local/lib/python3.12/site-packages/airflow/example_dags/example_xcomargs.py took 0.042 seconds
[2024-06-29T12:00:25.719+0000] {processor.py:161} INFO - Started process (PID=3515) to work on /home/airflow/.local/lib/python3.12/site-packages/airflow/example_dags/example_xcomargs.py
[2024-06-29T12:00:25.719+0000] {processor.py:830} INFO - Processing file /home/airflow/.local/lib/python3.12/site-packages/airflow/example_dags/example_xcomargs.py for tasks to queue
[2024-06-29T12:00:25.721+0000] {logging_mixin.py:188} INFO - [2024-06-29T12:00:25.720+0000] {dagbag.py:545} INFO - Filling up the DagBag from /home/airflow/.local/lib/python3.12/site-packages/airflow/example_dags/example_xcomargs.py
[2024-06-29T12:00:25.725+0000] {processor.py:840} INFO - DAG(s) 'example_xcom_args_with_operators', 'example_xcom_args' retrieved from /home/airflow/.local/lib/python3.12/site-packages/airflow/example_dags/example_xcomargs.py
[2024-06-29T12:00:25.740+0000] {logging_mixin.py:188} INFO - [2024-06-29T12:00:25.740+0000] {dag.py:3096} INFO - Sync 2 DAGs
[2024-06-29T12:00:25.747+0000] {logging_mixin.py:188} INFO - [2024-06-29T12:00:25.747+0000] {dag.py:3954} INFO - Setting next_dagrun for example_xcom_args to None, run_after=None
[2024-06-29T12:00:25.749+0000] {logging_mixin.py:188} INFO - [2024-06-29T12:00:25.749+0000] {dag.py:3954} INFO - Setting next_dagrun for example_xcom_args_with_operators to None, run_after=None
[2024-06-29T12:00:25.757+0000] {processor.py:183} INFO - Processing /home/airflow/.local/lib/python3.12/site-packages/airflow/example_dags/example_xcomargs.py took 0.042 seconds
[2024-06-29T12:00:55.957+0000] {processor.py:161} INFO - Started process (PID=3777) to work on /home/airflow/.local/lib/python3.12/site-packages/airflow/example_dags/example_xcomargs.py
[2024-06-29T12:00:55.958+0000] {processor.py:830} INFO - Processing file /home/airflow/.local/lib/python3.12/site-packages/airflow/example_dags/example_xcomargs.py for tasks to queue
[2024-06-29T12:00:55.959+0000] {logging_mixin.py:188} INFO - [2024-06-29T12:00:55.959+0000] {dagbag.py:545} INFO - Filling up the DagBag from /home/airflow/.local/lib/python3.12/site-packages/airflow/example_dags/example_xcomargs.py
[2024-06-29T12:00:55.963+0000] {processor.py:840} INFO - DAG(s) 'example_xcom_args_with_operators', 'example_xcom_args' retrieved from /home/airflow/.local/lib/python3.12/site-packages/airflow/example_dags/example_xcomargs.py
[2024-06-29T12:00:55.979+0000] {logging_mixin.py:188} INFO - [2024-06-29T12:00:55.978+0000] {dag.py:3096} INFO - Sync 2 DAGs
[2024-06-29T12:00:55.986+0000] {logging_mixin.py:188} INFO - [2024-06-29T12:00:55.985+0000] {dag.py:3954} INFO - Setting next_dagrun for example_xcom_args to None, run_after=None
[2024-06-29T12:00:55.988+0000] {logging_mixin.py:188} INFO - [2024-06-29T12:00:55.987+0000] {dag.py:3954} INFO - Setting next_dagrun for example_xcom_args_with_operators to None, run_after=None
[2024-06-29T12:00:55.996+0000] {processor.py:183} INFO - Processing /home/airflow/.local/lib/python3.12/site-packages/airflow/example_dags/example_xcomargs.py took 0.042 seconds
[2024-06-29T12:01:26.158+0000] {processor.py:161} INFO - Started process (PID=4039) to work on /home/airflow/.local/lib/python3.12/site-packages/airflow/example_dags/example_xcomargs.py
[2024-06-29T12:01:26.158+0000] {processor.py:830} INFO - Processing file /home/airflow/.local/lib/python3.12/site-packages/airflow/example_dags/example_xcomargs.py for tasks to queue
[2024-06-29T12:01:26.159+0000] {logging_mixin.py:188} INFO - [2024-06-29T12:01:26.159+0000] {dagbag.py:545} INFO - Filling up the DagBag from /home/airflow/.local/lib/python3.12/site-packages/airflow/example_dags/example_xcomargs.py
[2024-06-29T12:01:26.164+0000] {processor.py:840} INFO - DAG(s) 'example_xcom_args_with_operators', 'example_xcom_args' retrieved from /home/airflow/.local/lib/python3.12/site-packages/airflow/example_dags/example_xcomargs.py
[2024-06-29T12:01:26.179+0000] {logging_mixin.py:188} INFO - [2024-06-29T12:01:26.179+0000] {dag.py:3096} INFO - Sync 2 DAGs
[2024-06-29T12:01:26.187+0000] {logging_mixin.py:188} INFO - [2024-06-29T12:01:26.187+0000] {dag.py:3954} INFO - Setting next_dagrun for example_xcom_args to None, run_after=None
[2024-06-29T12:01:26.189+0000] {logging_mixin.py:188} INFO - [2024-06-29T12:01:26.189+0000] {dag.py:3954} INFO - Setting next_dagrun for example_xcom_args_with_operators to None, run_after=None
[2024-06-29T12:01:26.199+0000] {processor.py:183} INFO - Processing /home/airflow/.local/lib/python3.12/site-packages/airflow/example_dags/example_xcomargs.py took 0.045 seconds
[2024-06-29T12:01:56.433+0000] {processor.py:161} INFO - Started process (PID=4301) to work on /home/airflow/.local/lib/python3.12/site-packages/airflow/example_dags/example_xcomargs.py
[2024-06-29T12:01:56.433+0000] {processor.py:830} INFO - Processing file /home/airflow/.local/lib/python3.12/site-packages/airflow/example_dags/example_xcomargs.py for tasks to queue
[2024-06-29T12:01:56.434+0000] {logging_mixin.py:188} INFO - [2024-06-29T12:01:56.434+0000] {dagbag.py:545} INFO - Filling up the DagBag from /home/airflow/.local/lib/python3.12/site-packages/airflow/example_dags/example_xcomargs.py
[2024-06-29T12:01:56.439+0000] {processor.py:840} INFO - DAG(s) 'example_xcom_args', 'example_xcom_args_with_operators' retrieved from /home/airflow/.local/lib/python3.12/site-packages/airflow/example_dags/example_xcomargs.py
[2024-06-29T12:01:56.455+0000] {logging_mixin.py:188} INFO - [2024-06-29T12:01:56.455+0000] {dag.py:3096} INFO - Sync 2 DAGs
[2024-06-29T12:01:56.463+0000] {logging_mixin.py:188} INFO - [2024-06-29T12:01:56.462+0000] {dag.py:3954} INFO - Setting next_dagrun for example_xcom_args to None, run_after=None
[2024-06-29T12:01:56.465+0000] {logging_mixin.py:188} INFO - [2024-06-29T12:01:56.465+0000] {dag.py:3954} INFO - Setting next_dagrun for example_xcom_args_with_operators to None, run_after=None
[2024-06-29T12:01:56.473+0000] {processor.py:183} INFO - Processing /home/airflow/.local/lib/python3.12/site-packages/airflow/example_dags/example_xcomargs.py took 0.044 seconds
[2024-06-29T12:02:26.661+0000] {processor.py:161} INFO - Started process (PID=4563) to work on /home/airflow/.local/lib/python3.12/site-packages/airflow/example_dags/example_xcomargs.py
[2024-06-29T12:02:26.661+0000] {processor.py:830} INFO - Processing file /home/airflow/.local/lib/python3.12/site-packages/airflow/example_dags/example_xcomargs.py for tasks to queue
[2024-06-29T12:02:26.662+0000] {logging_mixin.py:188} INFO - [2024-06-29T12:02:26.662+0000] {dagbag.py:545} INFO - Filling up the DagBag from /home/airflow/.local/lib/python3.12/site-packages/airflow/example_dags/example_xcomargs.py
[2024-06-29T12:02:26.667+0000] {processor.py:840} INFO - DAG(s) 'example_xcom_args', 'example_xcom_args_with_operators' retrieved from /home/airflow/.local/lib/python3.12/site-packages/airflow/example_dags/example_xcomargs.py
[2024-06-29T12:02:26.682+0000] {logging_mixin.py:188} INFO - [2024-06-29T12:02:26.682+0000] {dag.py:3096} INFO - Sync 2 DAGs
[2024-06-29T12:02:26.689+0000] {logging_mixin.py:188} INFO - [2024-06-29T12:02:26.688+0000] {dag.py:3954} INFO - Setting next_dagrun for example_xcom_args to None, run_after=None
[2024-06-29T12:02:26.691+0000] {logging_mixin.py:188} INFO - [2024-06-29T12:02:26.691+0000] {dag.py:3954} INFO - Setting next_dagrun for example_xcom_args_with_operators to None, run_after=None
[2024-06-29T12:02:26.699+0000] {processor.py:183} INFO - Processing /home/airflow/.local/lib/python3.12/site-packages/airflow/example_dags/example_xcomargs.py took 0.042 seconds
[2024-06-29T12:02:57.043+0000] {processor.py:161} INFO - Started process (PID=4825) to work on /home/airflow/.local/lib/python3.12/site-packages/airflow/example_dags/example_xcomargs.py
[2024-06-29T12:02:57.043+0000] {processor.py:830} INFO - Processing file /home/airflow/.local/lib/python3.12/site-packages/airflow/example_dags/example_xcomargs.py for tasks to queue
[2024-06-29T12:02:57.044+0000] {logging_mixin.py:188} INFO - [2024-06-29T12:02:57.044+0000] {dagbag.py:545} INFO - Filling up the DagBag from /home/airflow/.local/lib/python3.12/site-packages/airflow/example_dags/example_xcomargs.py
[2024-06-29T12:02:57.049+0000] {processor.py:840} INFO - DAG(s) 'example_xcom_args', 'example_xcom_args_with_operators' retrieved from /home/airflow/.local/lib/python3.12/site-packages/airflow/example_dags/example_xcomargs.py
[2024-06-29T12:02:57.064+0000] {logging_mixin.py:188} INFO - [2024-06-29T12:02:57.064+0000] {dag.py:3096} INFO - Sync 2 DAGs
[2024-06-29T12:02:57.071+0000] {logging_mixin.py:188} INFO - [2024-06-29T12:02:57.071+0000] {dag.py:3954} INFO - Setting next_dagrun for example_xcom_args to None, run_after=None
[2024-06-29T12:02:57.073+0000] {logging_mixin.py:188} INFO - [2024-06-29T12:02:57.073+0000] {dag.py:3954} INFO - Setting next_dagrun for example_xcom_args_with_operators to None, run_after=None
[2024-06-29T12:02:57.081+0000] {processor.py:183} INFO - Processing /home/airflow/.local/lib/python3.12/site-packages/airflow/example_dags/example_xcomargs.py took 0.042 seconds
[2024-06-29T12:03:27.421+0000] {processor.py:161} INFO - Started process (PID=5097) to work on /home/airflow/.local/lib/python3.12/site-packages/airflow/example_dags/example_xcomargs.py
[2024-06-29T12:03:27.422+0000] {processor.py:830} INFO - Processing file /home/airflow/.local/lib/python3.12/site-packages/airflow/example_dags/example_xcomargs.py for tasks to queue
[2024-06-29T12:03:27.423+0000] {logging_mixin.py:188} INFO - [2024-06-29T12:03:27.423+0000] {dagbag.py:545} INFO - Filling up the DagBag from /home/airflow/.local/lib/python3.12/site-packages/airflow/example_dags/example_xcomargs.py
[2024-06-29T12:03:27.428+0000] {processor.py:840} INFO - DAG(s) 'example_xcom_args', 'example_xcom_args_with_operators' retrieved from /home/airflow/.local/lib/python3.12/site-packages/airflow/example_dags/example_xcomargs.py
[2024-06-29T12:03:27.443+0000] {logging_mixin.py:188} INFO - [2024-06-29T12:03:27.443+0000] {dag.py:3096} INFO - Sync 2 DAGs
[2024-06-29T12:03:27.449+0000] {logging_mixin.py:188} INFO - [2024-06-29T12:03:27.449+0000] {dag.py:3954} INFO - Setting next_dagrun for example_xcom_args to None, run_after=None
[2024-06-29T12:03:27.451+0000] {logging_mixin.py:188} INFO - [2024-06-29T12:03:27.451+0000] {dag.py:3954} INFO - Setting next_dagrun for example_xcom_args_with_operators to None, run_after=None
[2024-06-29T12:03:27.458+0000] {processor.py:183} INFO - Processing /home/airflow/.local/lib/python3.12/site-packages/airflow/example_dags/example_xcomargs.py took 0.040 seconds
[2024-06-29T12:03:57.485+0000] {processor.py:161} INFO - Started process (PID=5357) to work on /home/airflow/.local/lib/python3.12/site-packages/airflow/example_dags/example_xcomargs.py
[2024-06-29T12:03:57.486+0000] {processor.py:830} INFO - Processing file /home/airflow/.local/lib/python3.12/site-packages/airflow/example_dags/example_xcomargs.py for tasks to queue
[2024-06-29T12:03:57.487+0000] {logging_mixin.py:188} INFO - [2024-06-29T12:03:57.487+0000] {dagbag.py:545} INFO - Filling up the DagBag from /home/airflow/.local/lib/python3.12/site-packages/airflow/example_dags/example_xcomargs.py
[2024-06-29T12:03:57.491+0000] {processor.py:840} INFO - DAG(s) 'example_xcom_args', 'example_xcom_args_with_operators' retrieved from /home/airflow/.local/lib/python3.12/site-packages/airflow/example_dags/example_xcomargs.py
[2024-06-29T12:03:57.507+0000] {logging_mixin.py:188} INFO - [2024-06-29T12:03:57.506+0000] {dag.py:3096} INFO - Sync 2 DAGs
[2024-06-29T12:03:57.513+0000] {logging_mixin.py:188} INFO - [2024-06-29T12:03:57.513+0000] {dag.py:3954} INFO - Setting next_dagrun for example_xcom_args to None, run_after=None
[2024-06-29T12:03:57.515+0000] {logging_mixin.py:188} INFO - [2024-06-29T12:03:57.515+0000] {dag.py:3954} INFO - Setting next_dagrun for example_xcom_args_with_operators to None, run_after=None
[2024-06-29T12:03:57.524+0000] {processor.py:183} INFO - Processing /home/airflow/.local/lib/python3.12/site-packages/airflow/example_dags/example_xcomargs.py took 0.043 seconds
[2024-06-29T12:04:27.858+0000] {processor.py:161} INFO - Started process (PID=5621) to work on /home/airflow/.local/lib/python3.12/site-packages/airflow/example_dags/example_xcomargs.py
[2024-06-29T12:04:27.859+0000] {processor.py:830} INFO - Processing file /home/airflow/.local/lib/python3.12/site-packages/airflow/example_dags/example_xcomargs.py for tasks to queue
[2024-06-29T12:04:27.860+0000] {logging_mixin.py:188} INFO - [2024-06-29T12:04:27.860+0000] {dagbag.py:545} INFO - Filling up the DagBag from /home/airflow/.local/lib/python3.12/site-packages/airflow/example_dags/example_xcomargs.py
[2024-06-29T12:04:27.865+0000] {processor.py:840} INFO - DAG(s) 'example_xcom_args', 'example_xcom_args_with_operators' retrieved from /home/airflow/.local/lib/python3.12/site-packages/airflow/example_dags/example_xcomargs.py
[2024-06-29T12:04:27.880+0000] {logging_mixin.py:188} INFO - [2024-06-29T12:04:27.880+0000] {dag.py:3096} INFO - Sync 2 DAGs
[2024-06-29T12:04:27.886+0000] {logging_mixin.py:188} INFO - [2024-06-29T12:04:27.886+0000] {dag.py:3954} INFO - Setting next_dagrun for example_xcom_args to None, run_after=None
[2024-06-29T12:04:27.888+0000] {logging_mixin.py:188} INFO - [2024-06-29T12:04:27.888+0000] {dag.py:3954} INFO - Setting next_dagrun for example_xcom_args_with_operators to None, run_after=None
[2024-06-29T12:04:27.895+0000] {processor.py:183} INFO - Processing /home/airflow/.local/lib/python3.12/site-packages/airflow/example_dags/example_xcomargs.py took 0.040 seconds
[2024-06-29T12:04:58.277+0000] {processor.py:161} INFO - Started process (PID=5883) to work on /home/airflow/.local/lib/python3.12/site-packages/airflow/example_dags/example_xcomargs.py
[2024-06-29T12:04:58.278+0000] {processor.py:830} INFO - Processing file /home/airflow/.local/lib/python3.12/site-packages/airflow/example_dags/example_xcomargs.py for tasks to queue
[2024-06-29T12:04:58.279+0000] {logging_mixin.py:188} INFO - [2024-06-29T12:04:58.279+0000] {dagbag.py:545} INFO - Filling up the DagBag from /home/airflow/.local/lib/python3.12/site-packages/airflow/example_dags/example_xcomargs.py
[2024-06-29T12:04:58.283+0000] {processor.py:840} INFO - DAG(s) 'example_xcom_args_with_operators', 'example_xcom_args' retrieved from /home/airflow/.local/lib/python3.12/site-packages/airflow/example_dags/example_xcomargs.py
[2024-06-29T12:04:58.298+0000] {logging_mixin.py:188} INFO - [2024-06-29T12:04:58.298+0000] {dag.py:3096} INFO - Sync 2 DAGs
[2024-06-29T12:04:58.304+0000] {logging_mixin.py:188} INFO - [2024-06-29T12:04:58.304+0000] {dag.py:3954} INFO - Setting next_dagrun for example_xcom_args to None, run_after=None
[2024-06-29T12:04:58.306+0000] {logging_mixin.py:188} INFO - [2024-06-29T12:04:58.306+0000] {dag.py:3954} INFO - Setting next_dagrun for example_xcom_args_with_operators to None, run_after=None
[2024-06-29T12:04:58.313+0000] {processor.py:183} INFO - Processing /home/airflow/.local/lib/python3.12/site-packages/airflow/example_dags/example_xcomargs.py took 0.040 seconds
[2024-06-29T12:05:28.359+0000] {processor.py:161} INFO - Started process (PID=6145) to work on /home/airflow/.local/lib/python3.12/site-packages/airflow/example_dags/example_xcomargs.py
[2024-06-29T12:05:28.359+0000] {processor.py:830} INFO - Processing file /home/airflow/.local/lib/python3.12/site-packages/airflow/example_dags/example_xcomargs.py for tasks to queue
[2024-06-29T12:05:28.361+0000] {logging_mixin.py:188} INFO - [2024-06-29T12:05:28.361+0000] {dagbag.py:545} INFO - Filling up the DagBag from /home/airflow/.local/lib/python3.12/site-packages/airflow/example_dags/example_xcomargs.py
[2024-06-29T12:05:28.367+0000] {processor.py:840} INFO - DAG(s) 'example_xcom_args_with_operators', 'example_xcom_args' retrieved from /home/airflow/.local/lib/python3.12/site-packages/airflow/example_dags/example_xcomargs.py
[2024-06-29T12:05:28.383+0000] {logging_mixin.py:188} INFO - [2024-06-29T12:05:28.383+0000] {dag.py:3096} INFO - Sync 2 DAGs
[2024-06-29T12:05:28.389+0000] {logging_mixin.py:188} INFO - [2024-06-29T12:05:28.389+0000] {dag.py:3954} INFO - Setting next_dagrun for example_xcom_args to None, run_after=None
[2024-06-29T12:05:28.391+0000] {logging_mixin.py:188} INFO - [2024-06-29T12:05:28.391+0000] {dag.py:3954} INFO - Setting next_dagrun for example_xcom_args_with_operators to None, run_after=None
[2024-06-29T12:05:28.399+0000] {processor.py:183} INFO - Processing /home/airflow/.local/lib/python3.12/site-packages/airflow/example_dags/example_xcomargs.py took 0.046 seconds
[2024-06-29T12:05:58.585+0000] {processor.py:161} INFO - Started process (PID=6405) to work on /home/airflow/.local/lib/python3.12/site-packages/airflow/example_dags/example_xcomargs.py
[2024-06-29T12:05:58.586+0000] {processor.py:830} INFO - Processing file /home/airflow/.local/lib/python3.12/site-packages/airflow/example_dags/example_xcomargs.py for tasks to queue
[2024-06-29T12:05:58.587+0000] {logging_mixin.py:188} INFO - [2024-06-29T12:05:58.587+0000] {dagbag.py:545} INFO - Filling up the DagBag from /home/airflow/.local/lib/python3.12/site-packages/airflow/example_dags/example_xcomargs.py
[2024-06-29T12:05:58.592+0000] {processor.py:840} INFO - DAG(s) 'example_xcom_args_with_operators', 'example_xcom_args' retrieved from /home/airflow/.local/lib/python3.12/site-packages/airflow/example_dags/example_xcomargs.py
[2024-06-29T12:05:58.606+0000] {logging_mixin.py:188} INFO - [2024-06-29T12:05:58.606+0000] {dag.py:3096} INFO - Sync 2 DAGs
[2024-06-29T12:05:58.613+0000] {logging_mixin.py:188} INFO - [2024-06-29T12:05:58.613+0000] {dag.py:3954} INFO - Setting next_dagrun for example_xcom_args to None, run_after=None
[2024-06-29T12:05:58.615+0000] {logging_mixin.py:188} INFO - [2024-06-29T12:05:58.615+0000] {dag.py:3954} INFO - Setting next_dagrun for example_xcom_args_with_operators to None, run_after=None
[2024-06-29T12:05:58.624+0000] {processor.py:183} INFO - Processing /home/airflow/.local/lib/python3.12/site-packages/airflow/example_dags/example_xcomargs.py took 0.042 seconds
[2024-06-29T12:06:28.839+0000] {processor.py:161} INFO - Started process (PID=6667) to work on /home/airflow/.local/lib/python3.12/site-packages/airflow/example_dags/example_xcomargs.py
[2024-06-29T12:06:28.840+0000] {processor.py:830} INFO - Processing file /home/airflow/.local/lib/python3.12/site-packages/airflow/example_dags/example_xcomargs.py for tasks to queue
[2024-06-29T12:06:28.841+0000] {logging_mixin.py:188} INFO - [2024-06-29T12:06:28.841+0000] {dagbag.py:545} INFO - Filling up the DagBag from /home/airflow/.local/lib/python3.12/site-packages/airflow/example_dags/example_xcomargs.py
[2024-06-29T12:06:28.845+0000] {processor.py:840} INFO - DAG(s) 'example_xcom_args_with_operators', 'example_xcom_args' retrieved from /home/airflow/.local/lib/python3.12/site-packages/airflow/example_dags/example_xcomargs.py
[2024-06-29T12:06:28.860+0000] {logging_mixin.py:188} INFO - [2024-06-29T12:06:28.860+0000] {dag.py:3096} INFO - Sync 2 DAGs
[2024-06-29T12:06:28.867+0000] {logging_mixin.py:188} INFO - [2024-06-29T12:06:28.867+0000] {dag.py:3954} INFO - Setting next_dagrun for example_xcom_args to None, run_after=None
[2024-06-29T12:06:28.869+0000] {logging_mixin.py:188} INFO - [2024-06-29T12:06:28.869+0000] {dag.py:3954} INFO - Setting next_dagrun for example_xcom_args_with_operators to None, run_after=None
[2024-06-29T12:06:28.877+0000] {processor.py:183} INFO - Processing /home/airflow/.local/lib/python3.12/site-packages/airflow/example_dags/example_xcomargs.py took 0.041 seconds
[2024-06-29T12:06:59.053+0000] {processor.py:161} INFO - Started process (PID=6930) to work on /home/airflow/.local/lib/python3.12/site-packages/airflow/example_dags/example_xcomargs.py
[2024-06-29T12:06:59.054+0000] {processor.py:830} INFO - Processing file /home/airflow/.local/lib/python3.12/site-packages/airflow/example_dags/example_xcomargs.py for tasks to queue
[2024-06-29T12:06:59.055+0000] {logging_mixin.py:188} INFO - [2024-06-29T12:06:59.055+0000] {dagbag.py:545} INFO - Filling up the DagBag from /home/airflow/.local/lib/python3.12/site-packages/airflow/example_dags/example_xcomargs.py
[2024-06-29T12:06:59.060+0000] {processor.py:840} INFO - DAG(s) 'example_xcom_args', 'example_xcom_args_with_operators' retrieved from /home/airflow/.local/lib/python3.12/site-packages/airflow/example_dags/example_xcomargs.py
[2024-06-29T12:06:59.075+0000] {logging_mixin.py:188} INFO - [2024-06-29T12:06:59.075+0000] {dag.py:3096} INFO - Sync 2 DAGs
[2024-06-29T12:06:59.082+0000] {logging_mixin.py:188} INFO - [2024-06-29T12:06:59.082+0000] {dag.py:3954} INFO - Setting next_dagrun for example_xcom_args to None, run_after=None
[2024-06-29T12:06:59.084+0000] {logging_mixin.py:188} INFO - [2024-06-29T12:06:59.084+0000] {dag.py:3954} INFO - Setting next_dagrun for example_xcom_args_with_operators to None, run_after=None
[2024-06-29T12:06:59.092+0000] {processor.py:183} INFO - Processing /home/airflow/.local/lib/python3.12/site-packages/airflow/example_dags/example_xcomargs.py took 0.042 seconds
[2024-06-29T12:07:29.267+0000] {processor.py:161} INFO - Started process (PID=7192) to work on /home/airflow/.local/lib/python3.12/site-packages/airflow/example_dags/example_xcomargs.py
[2024-06-29T12:07:29.267+0000] {processor.py:830} INFO - Processing file /home/airflow/.local/lib/python3.12/site-packages/airflow/example_dags/example_xcomargs.py for tasks to queue
[2024-06-29T12:07:29.269+0000] {logging_mixin.py:188} INFO - [2024-06-29T12:07:29.268+0000] {dagbag.py:545} INFO - Filling up the DagBag from /home/airflow/.local/lib/python3.12/site-packages/airflow/example_dags/example_xcomargs.py
[2024-06-29T12:07:29.273+0000] {processor.py:840} INFO - DAG(s) 'example_xcom_args_with_operators', 'example_xcom_args' retrieved from /home/airflow/.local/lib/python3.12/site-packages/airflow/example_dags/example_xcomargs.py
[2024-06-29T12:07:29.288+0000] {logging_mixin.py:188} INFO - [2024-06-29T12:07:29.288+0000] {dag.py:3096} INFO - Sync 2 DAGs
[2024-06-29T12:07:29.295+0000] {logging_mixin.py:188} INFO - [2024-06-29T12:07:29.295+0000] {dag.py:3954} INFO - Setting next_dagrun for example_xcom_args to None, run_after=None
[2024-06-29T12:07:29.297+0000] {logging_mixin.py:188} INFO - [2024-06-29T12:07:29.297+0000] {dag.py:3954} INFO - Setting next_dagrun for example_xcom_args_with_operators to None, run_after=None
[2024-06-29T12:07:29.305+0000] {processor.py:183} INFO - Processing /home/airflow/.local/lib/python3.12/site-packages/airflow/example_dags/example_xcomargs.py took 0.042 seconds
[2024-06-29T12:07:59.424+0000] {processor.py:161} INFO - Started process (PID=7454) to work on /home/airflow/.local/lib/python3.12/site-packages/airflow/example_dags/example_xcomargs.py
[2024-06-29T12:07:59.424+0000] {processor.py:830} INFO - Processing file /home/airflow/.local/lib/python3.12/site-packages/airflow/example_dags/example_xcomargs.py for tasks to queue
[2024-06-29T12:07:59.426+0000] {logging_mixin.py:188} INFO - [2024-06-29T12:07:59.425+0000] {dagbag.py:545} INFO - Filling up the DagBag from /home/airflow/.local/lib/python3.12/site-packages/airflow/example_dags/example_xcomargs.py
[2024-06-29T12:07:59.430+0000] {processor.py:840} INFO - DAG(s) 'example_xcom_args_with_operators', 'example_xcom_args' retrieved from /home/airflow/.local/lib/python3.12/site-packages/airflow/example_dags/example_xcomargs.py
[2024-06-29T12:07:59.445+0000] {logging_mixin.py:188} INFO - [2024-06-29T12:07:59.445+0000] {dag.py:3096} INFO - Sync 2 DAGs
[2024-06-29T12:07:59.452+0000] {logging_mixin.py:188} INFO - [2024-06-29T12:07:59.452+0000] {dag.py:3954} INFO - Setting next_dagrun for example_xcom_args to None, run_after=None
[2024-06-29T12:07:59.454+0000] {logging_mixin.py:188} INFO - [2024-06-29T12:07:59.454+0000] {dag.py:3954} INFO - Setting next_dagrun for example_xcom_args_with_operators to None, run_after=None
[2024-06-29T12:07:59.462+0000] {processor.py:183} INFO - Processing /home/airflow/.local/lib/python3.12/site-packages/airflow/example_dags/example_xcomargs.py took 0.042 seconds
[2024-06-29T12:08:29.620+0000] {processor.py:161} INFO - Started process (PID=7717) to work on /home/airflow/.local/lib/python3.12/site-packages/airflow/example_dags/example_xcomargs.py
[2024-06-29T12:08:29.620+0000] {processor.py:830} INFO - Processing file /home/airflow/.local/lib/python3.12/site-packages/airflow/example_dags/example_xcomargs.py for tasks to queue
[2024-06-29T12:08:29.622+0000] {logging_mixin.py:188} INFO - [2024-06-29T12:08:29.621+0000] {dagbag.py:545} INFO - Filling up the DagBag from /home/airflow/.local/lib/python3.12/site-packages/airflow/example_dags/example_xcomargs.py
[2024-06-29T12:08:29.626+0000] {processor.py:840} INFO - DAG(s) 'example_xcom_args_with_operators', 'example_xcom_args' retrieved from /home/airflow/.local/lib/python3.12/site-packages/airflow/example_dags/example_xcomargs.py
[2024-06-29T12:08:29.642+0000] {logging_mixin.py:188} INFO - [2024-06-29T12:08:29.642+0000] {dag.py:3096} INFO - Sync 2 DAGs
[2024-06-29T12:08:29.649+0000] {logging_mixin.py:188} INFO - [2024-06-29T12:08:29.648+0000] {dag.py:3954} INFO - Setting next_dagrun for example_xcom_args to None, run_after=None
[2024-06-29T12:08:29.651+0000] {logging_mixin.py:188} INFO - [2024-06-29T12:08:29.650+0000] {dag.py:3954} INFO - Setting next_dagrun for example_xcom_args_with_operators to None, run_after=None
[2024-06-29T12:08:29.658+0000] {processor.py:183} INFO - Processing /home/airflow/.local/lib/python3.12/site-packages/airflow/example_dags/example_xcomargs.py took 0.042 seconds
[2024-06-29T12:08:59.889+0000] {processor.py:161} INFO - Started process (PID=7980) to work on /home/airflow/.local/lib/python3.12/site-packages/airflow/example_dags/example_xcomargs.py
[2024-06-29T12:08:59.890+0000] {processor.py:830} INFO - Processing file /home/airflow/.local/lib/python3.12/site-packages/airflow/example_dags/example_xcomargs.py for tasks to queue
[2024-06-29T12:08:59.891+0000] {logging_mixin.py:188} INFO - [2024-06-29T12:08:59.890+0000] {dagbag.py:545} INFO - Filling up the DagBag from /home/airflow/.local/lib/python3.12/site-packages/airflow/example_dags/example_xcomargs.py
[2024-06-29T12:08:59.895+0000] {processor.py:840} INFO - DAG(s) 'example_xcom_args_with_operators', 'example_xcom_args' retrieved from /home/airflow/.local/lib/python3.12/site-packages/airflow/example_dags/example_xcomargs.py
[2024-06-29T12:08:59.910+0000] {logging_mixin.py:188} INFO - [2024-06-29T12:08:59.910+0000] {dag.py:3096} INFO - Sync 2 DAGs
[2024-06-29T12:08:59.917+0000] {logging_mixin.py:188} INFO - [2024-06-29T12:08:59.917+0000] {dag.py:3954} INFO - Setting next_dagrun for example_xcom_args to None, run_after=None
[2024-06-29T12:08:59.920+0000] {logging_mixin.py:188} INFO - [2024-06-29T12:08:59.920+0000] {dag.py:3954} INFO - Setting next_dagrun for example_xcom_args_with_operators to None, run_after=None
[2024-06-29T12:08:59.929+0000] {processor.py:183} INFO - Processing /home/airflow/.local/lib/python3.12/site-packages/airflow/example_dags/example_xcomargs.py took 0.043 seconds
[2024-06-29T12:09:30.273+0000] {processor.py:161} INFO - Started process (PID=8244) to work on /home/airflow/.local/lib/python3.12/site-packages/airflow/example_dags/example_xcomargs.py
[2024-06-29T12:09:30.274+0000] {processor.py:830} INFO - Processing file /home/airflow/.local/lib/python3.12/site-packages/airflow/example_dags/example_xcomargs.py for tasks to queue
[2024-06-29T12:09:30.275+0000] {logging_mixin.py:188} INFO - [2024-06-29T12:09:30.275+0000] {dagbag.py:545} INFO - Filling up the DagBag from /home/airflow/.local/lib/python3.12/site-packages/airflow/example_dags/example_xcomargs.py
[2024-06-29T12:09:30.279+0000] {processor.py:840} INFO - DAG(s) 'example_xcom_args', 'example_xcom_args_with_operators' retrieved from /home/airflow/.local/lib/python3.12/site-packages/airflow/example_dags/example_xcomargs.py
[2024-06-29T12:09:30.294+0000] {logging_mixin.py:188} INFO - [2024-06-29T12:09:30.294+0000] {dag.py:3096} INFO - Sync 2 DAGs
[2024-06-29T12:09:30.301+0000] {logging_mixin.py:188} INFO - [2024-06-29T12:09:30.301+0000] {dag.py:3954} INFO - Setting next_dagrun for example_xcom_args to None, run_after=None
[2024-06-29T12:09:30.303+0000] {logging_mixin.py:188} INFO - [2024-06-29T12:09:30.303+0000] {dag.py:3954} INFO - Setting next_dagrun for example_xcom_args_with_operators to None, run_after=None
[2024-06-29T12:09:30.311+0000] {processor.py:183} INFO - Processing /home/airflow/.local/lib/python3.12/site-packages/airflow/example_dags/example_xcomargs.py took 0.041 seconds
[2024-06-29T12:10:01.009+0000] {processor.py:161} INFO - Started process (PID=8504) to work on /home/airflow/.local/lib/python3.12/site-packages/airflow/example_dags/example_xcomargs.py
[2024-06-29T12:10:01.009+0000] {processor.py:830} INFO - Processing file /home/airflow/.local/lib/python3.12/site-packages/airflow/example_dags/example_xcomargs.py for tasks to queue
[2024-06-29T12:10:01.011+0000] {logging_mixin.py:188} INFO - [2024-06-29T12:10:01.010+0000] {dagbag.py:545} INFO - Filling up the DagBag from /home/airflow/.local/lib/python3.12/site-packages/airflow/example_dags/example_xcomargs.py
[2024-06-29T12:10:01.015+0000] {processor.py:840} INFO - DAG(s) 'example_xcom_args', 'example_xcom_args_with_operators' retrieved from /home/airflow/.local/lib/python3.12/site-packages/airflow/example_dags/example_xcomargs.py
[2024-06-29T12:10:01.032+0000] {logging_mixin.py:188} INFO - [2024-06-29T12:10:01.032+0000] {dag.py:3096} INFO - Sync 2 DAGs
[2024-06-29T12:10:01.040+0000] {logging_mixin.py:188} INFO - [2024-06-29T12:10:01.040+0000] {dag.py:3954} INFO - Setting next_dagrun for example_xcom_args to None, run_after=None
[2024-06-29T12:10:01.042+0000] {logging_mixin.py:188} INFO - [2024-06-29T12:10:01.042+0000] {dag.py:3954} INFO - Setting next_dagrun for example_xcom_args_with_operators to None, run_after=None
[2024-06-29T12:10:01.146+0000] {processor.py:183} INFO - Processing /home/airflow/.local/lib/python3.12/site-packages/airflow/example_dags/example_xcomargs.py took 0.141 seconds
[2024-06-29T12:10:31.743+0000] {processor.py:161} INFO - Started process (PID=8766) to work on /home/airflow/.local/lib/python3.12/site-packages/airflow/example_dags/example_xcomargs.py
[2024-06-29T12:10:31.744+0000] {processor.py:830} INFO - Processing file /home/airflow/.local/lib/python3.12/site-packages/airflow/example_dags/example_xcomargs.py for tasks to queue
[2024-06-29T12:10:31.745+0000] {logging_mixin.py:188} INFO - [2024-06-29T12:10:31.745+0000] {dagbag.py:545} INFO - Filling up the DagBag from /home/airflow/.local/lib/python3.12/site-packages/airflow/example_dags/example_xcomargs.py
[2024-06-29T12:10:31.750+0000] {processor.py:840} INFO - DAG(s) 'example_xcom_args', 'example_xcom_args_with_operators' retrieved from /home/airflow/.local/lib/python3.12/site-packages/airflow/example_dags/example_xcomargs.py
[2024-06-29T12:10:31.765+0000] {logging_mixin.py:188} INFO - [2024-06-29T12:10:31.765+0000] {dag.py:3096} INFO - Sync 2 DAGs
[2024-06-29T12:10:31.773+0000] {logging_mixin.py:188} INFO - [2024-06-29T12:10:31.773+0000] {dag.py:3954} INFO - Setting next_dagrun for example_xcom_args to None, run_after=None
[2024-06-29T12:10:31.775+0000] {logging_mixin.py:188} INFO - [2024-06-29T12:10:31.775+0000] {dag.py:3954} INFO - Setting next_dagrun for example_xcom_args_with_operators to None, run_after=None
[2024-06-29T12:10:31.871+0000] {processor.py:183} INFO - Processing /home/airflow/.local/lib/python3.12/site-packages/airflow/example_dags/example_xcomargs.py took 0.132 seconds
[2024-06-29T12:11:02.260+0000] {processor.py:161} INFO - Started process (PID=9028) to work on /home/airflow/.local/lib/python3.12/site-packages/airflow/example_dags/example_xcomargs.py
[2024-06-29T12:11:02.261+0000] {processor.py:830} INFO - Processing file /home/airflow/.local/lib/python3.12/site-packages/airflow/example_dags/example_xcomargs.py for tasks to queue
[2024-06-29T12:11:02.262+0000] {logging_mixin.py:188} INFO - [2024-06-29T12:11:02.262+0000] {dagbag.py:545} INFO - Filling up the DagBag from /home/airflow/.local/lib/python3.12/site-packages/airflow/example_dags/example_xcomargs.py
[2024-06-29T12:11:02.267+0000] {processor.py:840} INFO - DAG(s) 'example_xcom_args_with_operators', 'example_xcom_args' retrieved from /home/airflow/.local/lib/python3.12/site-packages/airflow/example_dags/example_xcomargs.py
[2024-06-29T12:11:02.283+0000] {logging_mixin.py:188} INFO - [2024-06-29T12:11:02.282+0000] {dag.py:3096} INFO - Sync 2 DAGs
[2024-06-29T12:11:02.290+0000] {logging_mixin.py:188} INFO - [2024-06-29T12:11:02.289+0000] {dag.py:3954} INFO - Setting next_dagrun for example_xcom_args to None, run_after=None
[2024-06-29T12:11:02.292+0000] {logging_mixin.py:188} INFO - [2024-06-29T12:11:02.292+0000] {dag.py:3954} INFO - Setting next_dagrun for example_xcom_args_with_operators to None, run_after=None
[2024-06-29T12:11:02.301+0000] {processor.py:183} INFO - Processing /home/airflow/.local/lib/python3.12/site-packages/airflow/example_dags/example_xcomargs.py took 0.045 seconds
[2024-06-29T12:11:32.919+0000] {processor.py:161} INFO - Started process (PID=9290) to work on /home/airflow/.local/lib/python3.12/site-packages/airflow/example_dags/example_xcomargs.py
[2024-06-29T12:11:32.920+0000] {processor.py:830} INFO - Processing file /home/airflow/.local/lib/python3.12/site-packages/airflow/example_dags/example_xcomargs.py for tasks to queue
[2024-06-29T12:11:32.921+0000] {logging_mixin.py:188} INFO - [2024-06-29T12:11:32.921+0000] {dagbag.py:545} INFO - Filling up the DagBag from /home/airflow/.local/lib/python3.12/site-packages/airflow/example_dags/example_xcomargs.py
[2024-06-29T12:11:32.926+0000] {processor.py:840} INFO - DAG(s) 'example_xcom_args', 'example_xcom_args_with_operators' retrieved from /home/airflow/.local/lib/python3.12/site-packages/airflow/example_dags/example_xcomargs.py
[2024-06-29T12:11:32.942+0000] {logging_mixin.py:188} INFO - [2024-06-29T12:11:32.942+0000] {dag.py:3096} INFO - Sync 2 DAGs
[2024-06-29T12:11:32.950+0000] {logging_mixin.py:188} INFO - [2024-06-29T12:11:32.950+0000] {dag.py:3954} INFO - Setting next_dagrun for example_xcom_args to None, run_after=None
[2024-06-29T12:11:32.953+0000] {logging_mixin.py:188} INFO - [2024-06-29T12:11:32.953+0000] {dag.py:3954} INFO - Setting next_dagrun for example_xcom_args_with_operators to None, run_after=None
[2024-06-29T12:11:33.059+0000] {processor.py:183} INFO - Processing /home/airflow/.local/lib/python3.12/site-packages/airflow/example_dags/example_xcomargs.py took 0.143 seconds
[2024-06-29T12:12:03.199+0000] {processor.py:161} INFO - Started process (PID=9552) to work on /home/airflow/.local/lib/python3.12/site-packages/airflow/example_dags/example_xcomargs.py
[2024-06-29T12:12:03.200+0000] {processor.py:830} INFO - Processing file /home/airflow/.local/lib/python3.12/site-packages/airflow/example_dags/example_xcomargs.py for tasks to queue
[2024-06-29T12:12:03.201+0000] {logging_mixin.py:188} INFO - [2024-06-29T12:12:03.201+0000] {dagbag.py:545} INFO - Filling up the DagBag from /home/airflow/.local/lib/python3.12/site-packages/airflow/example_dags/example_xcomargs.py
[2024-06-29T12:12:03.206+0000] {processor.py:840} INFO - DAG(s) 'example_xcom_args_with_operators', 'example_xcom_args' retrieved from /home/airflow/.local/lib/python3.12/site-packages/airflow/example_dags/example_xcomargs.py
[2024-06-29T12:12:03.222+0000] {logging_mixin.py:188} INFO - [2024-06-29T12:12:03.222+0000] {dag.py:3096} INFO - Sync 2 DAGs
[2024-06-29T12:12:03.229+0000] {logging_mixin.py:188} INFO - [2024-06-29T12:12:03.229+0000] {dag.py:3954} INFO - Setting next_dagrun for example_xcom_args to None, run_after=None
[2024-06-29T12:12:03.232+0000] {logging_mixin.py:188} INFO - [2024-06-29T12:12:03.231+0000] {dag.py:3954} INFO - Setting next_dagrun for example_xcom_args_with_operators to None, run_after=None
[2024-06-29T12:12:03.240+0000] {processor.py:183} INFO - Processing /home/airflow/.local/lib/python3.12/site-packages/airflow/example_dags/example_xcomargs.py took 0.045 seconds
[2024-06-29T12:12:33.296+0000] {processor.py:161} INFO - Started process (PID=9815) to work on /home/airflow/.local/lib/python3.12/site-packages/airflow/example_dags/example_xcomargs.py
[2024-06-29T12:12:33.297+0000] {processor.py:830} INFO - Processing file /home/airflow/.local/lib/python3.12/site-packages/airflow/example_dags/example_xcomargs.py for tasks to queue
[2024-06-29T12:12:33.298+0000] {logging_mixin.py:188} INFO - [2024-06-29T12:12:33.298+0000] {dagbag.py:545} INFO - Filling up the DagBag from /home/airflow/.local/lib/python3.12/site-packages/airflow/example_dags/example_xcomargs.py
[2024-06-29T12:12:33.303+0000] {processor.py:840} INFO - DAG(s) 'example_xcom_args', 'example_xcom_args_with_operators' retrieved from /home/airflow/.local/lib/python3.12/site-packages/airflow/example_dags/example_xcomargs.py
[2024-06-29T12:12:33.318+0000] {logging_mixin.py:188} INFO - [2024-06-29T12:12:33.318+0000] {dag.py:3096} INFO - Sync 2 DAGs
[2024-06-29T12:12:33.325+0000] {logging_mixin.py:188} INFO - [2024-06-29T12:12:33.325+0000] {dag.py:3954} INFO - Setting next_dagrun for example_xcom_args to None, run_after=None
[2024-06-29T12:12:33.327+0000] {logging_mixin.py:188} INFO - [2024-06-29T12:12:33.327+0000] {dag.py:3954} INFO - Setting next_dagrun for example_xcom_args_with_operators to None, run_after=None
[2024-06-29T12:12:33.335+0000] {processor.py:183} INFO - Processing /home/airflow/.local/lib/python3.12/site-packages/airflow/example_dags/example_xcomargs.py took 0.042 seconds
[2024-06-29T12:13:03.502+0000] {processor.py:161} INFO - Started process (PID=10077) to work on /home/airflow/.local/lib/python3.12/site-packages/airflow/example_dags/example_xcomargs.py
[2024-06-29T12:13:03.502+0000] {processor.py:830} INFO - Processing file /home/airflow/.local/lib/python3.12/site-packages/airflow/example_dags/example_xcomargs.py for tasks to queue
[2024-06-29T12:13:03.503+0000] {logging_mixin.py:188} INFO - [2024-06-29T12:13:03.503+0000] {dagbag.py:545} INFO - Filling up the DagBag from /home/airflow/.local/lib/python3.12/site-packages/airflow/example_dags/example_xcomargs.py
[2024-06-29T12:13:03.508+0000] {processor.py:840} INFO - DAG(s) 'example_xcom_args_with_operators', 'example_xcom_args' retrieved from /home/airflow/.local/lib/python3.12/site-packages/airflow/example_dags/example_xcomargs.py
[2024-06-29T12:13:03.524+0000] {logging_mixin.py:188} INFO - [2024-06-29T12:13:03.524+0000] {dag.py:3096} INFO - Sync 2 DAGs
[2024-06-29T12:13:03.531+0000] {logging_mixin.py:188} INFO - [2024-06-29T12:13:03.531+0000] {dag.py:3954} INFO - Setting next_dagrun for example_xcom_args to None, run_after=None
[2024-06-29T12:13:03.533+0000] {logging_mixin.py:188} INFO - [2024-06-29T12:13:03.533+0000] {dag.py:3954} INFO - Setting next_dagrun for example_xcom_args_with_operators to None, run_after=None
[2024-06-29T12:13:03.540+0000] {processor.py:183} INFO - Processing /home/airflow/.local/lib/python3.12/site-packages/airflow/example_dags/example_xcomargs.py took 0.042 seconds
[2024-06-29T12:13:33.675+0000] {processor.py:161} INFO - Started process (PID=10338) to work on /home/airflow/.local/lib/python3.12/site-packages/airflow/example_dags/example_xcomargs.py
[2024-06-29T12:13:33.676+0000] {processor.py:830} INFO - Processing file /home/airflow/.local/lib/python3.12/site-packages/airflow/example_dags/example_xcomargs.py for tasks to queue
[2024-06-29T12:13:33.677+0000] {logging_mixin.py:188} INFO - [2024-06-29T12:13:33.677+0000] {dagbag.py:545} INFO - Filling up the DagBag from /home/airflow/.local/lib/python3.12/site-packages/airflow/example_dags/example_xcomargs.py
[2024-06-29T12:13:33.682+0000] {processor.py:840} INFO - DAG(s) 'example_xcom_args_with_operators', 'example_xcom_args' retrieved from /home/airflow/.local/lib/python3.12/site-packages/airflow/example_dags/example_xcomargs.py
[2024-06-29T12:13:33.699+0000] {logging_mixin.py:188} INFO - [2024-06-29T12:13:33.699+0000] {dag.py:3096} INFO - Sync 2 DAGs
[2024-06-29T12:13:33.706+0000] {logging_mixin.py:188} INFO - [2024-06-29T12:13:33.706+0000] {dag.py:3954} INFO - Setting next_dagrun for example_xcom_args to None, run_after=None
[2024-06-29T12:13:33.708+0000] {logging_mixin.py:188} INFO - [2024-06-29T12:13:33.708+0000] {dag.py:3954} INFO - Setting next_dagrun for example_xcom_args_with_operators to None, run_after=None
[2024-06-29T12:13:33.716+0000] {processor.py:183} INFO - Processing /home/airflow/.local/lib/python3.12/site-packages/airflow/example_dags/example_xcomargs.py took 0.044 seconds
[2024-06-29T12:14:03.872+0000] {processor.py:161} INFO - Started process (PID=10600) to work on /home/airflow/.local/lib/python3.12/site-packages/airflow/example_dags/example_xcomargs.py
[2024-06-29T12:14:03.873+0000] {processor.py:830} INFO - Processing file /home/airflow/.local/lib/python3.12/site-packages/airflow/example_dags/example_xcomargs.py for tasks to queue
[2024-06-29T12:14:03.874+0000] {logging_mixin.py:188} INFO - [2024-06-29T12:14:03.874+0000] {dagbag.py:545} INFO - Filling up the DagBag from /home/airflow/.local/lib/python3.12/site-packages/airflow/example_dags/example_xcomargs.py
[2024-06-29T12:14:03.879+0000] {processor.py:840} INFO - DAG(s) 'example_xcom_args', 'example_xcom_args_with_operators' retrieved from /home/airflow/.local/lib/python3.12/site-packages/airflow/example_dags/example_xcomargs.py
[2024-06-29T12:14:03.894+0000] {logging_mixin.py:188} INFO - [2024-06-29T12:14:03.894+0000] {dag.py:3096} INFO - Sync 2 DAGs
[2024-06-29T12:14:03.903+0000] {logging_mixin.py:188} INFO - [2024-06-29T12:14:03.902+0000] {dag.py:3954} INFO - Setting next_dagrun for example_xcom_args to None, run_after=None
[2024-06-29T12:14:03.906+0000] {logging_mixin.py:188} INFO - [2024-06-29T12:14:03.906+0000] {dag.py:3954} INFO - Setting next_dagrun for example_xcom_args_with_operators to None, run_after=None
[2024-06-29T12:14:03.914+0000] {processor.py:183} INFO - Processing /home/airflow/.local/lib/python3.12/site-packages/airflow/example_dags/example_xcomargs.py took 0.045 seconds
[2024-06-29T12:14:33.959+0000] {processor.py:161} INFO - Started process (PID=10862) to work on /home/airflow/.local/lib/python3.12/site-packages/airflow/example_dags/example_xcomargs.py
[2024-06-29T12:14:33.959+0000] {processor.py:830} INFO - Processing file /home/airflow/.local/lib/python3.12/site-packages/airflow/example_dags/example_xcomargs.py for tasks to queue
[2024-06-29T12:14:33.960+0000] {logging_mixin.py:188} INFO - [2024-06-29T12:14:33.960+0000] {dagbag.py:545} INFO - Filling up the DagBag from /home/airflow/.local/lib/python3.12/site-packages/airflow/example_dags/example_xcomargs.py
[2024-06-29T12:14:33.965+0000] {processor.py:840} INFO - DAG(s) 'example_xcom_args', 'example_xcom_args_with_operators' retrieved from /home/airflow/.local/lib/python3.12/site-packages/airflow/example_dags/example_xcomargs.py
[2024-06-29T12:14:33.981+0000] {logging_mixin.py:188} INFO - [2024-06-29T12:14:33.980+0000] {dag.py:3096} INFO - Sync 2 DAGs
[2024-06-29T12:14:33.987+0000] {logging_mixin.py:188} INFO - [2024-06-29T12:14:33.987+0000] {dag.py:3954} INFO - Setting next_dagrun for example_xcom_args to None, run_after=None
[2024-06-29T12:14:33.989+0000] {logging_mixin.py:188} INFO - [2024-06-29T12:14:33.989+0000] {dag.py:3954} INFO - Setting next_dagrun for example_xcom_args_with_operators to None, run_after=None
[2024-06-29T12:14:33.998+0000] {processor.py:183} INFO - Processing /home/airflow/.local/lib/python3.12/site-packages/airflow/example_dags/example_xcomargs.py took 0.043 seconds
[2024-06-29T12:15:05.106+0000] {processor.py:161} INFO - Started process (PID=11126) to work on /home/airflow/.local/lib/python3.12/site-packages/airflow/example_dags/example_xcomargs.py
[2024-06-29T12:15:05.106+0000] {processor.py:830} INFO - Processing file /home/airflow/.local/lib/python3.12/site-packages/airflow/example_dags/example_xcomargs.py for tasks to queue
[2024-06-29T12:15:05.107+0000] {logging_mixin.py:188} INFO - [2024-06-29T12:15:05.107+0000] {dagbag.py:545} INFO - Filling up the DagBag from /home/airflow/.local/lib/python3.12/site-packages/airflow/example_dags/example_xcomargs.py
[2024-06-29T12:15:05.112+0000] {processor.py:840} INFO - DAG(s) 'example_xcom_args_with_operators', 'example_xcom_args' retrieved from /home/airflow/.local/lib/python3.12/site-packages/airflow/example_dags/example_xcomargs.py
[2024-06-29T12:15:05.127+0000] {logging_mixin.py:188} INFO - [2024-06-29T12:15:05.127+0000] {dag.py:3096} INFO - Sync 2 DAGs
[2024-06-29T12:15:05.133+0000] {logging_mixin.py:188} INFO - [2024-06-29T12:15:05.133+0000] {dag.py:3954} INFO - Setting next_dagrun for example_xcom_args to None, run_after=None
[2024-06-29T12:15:05.135+0000] {logging_mixin.py:188} INFO - [2024-06-29T12:15:05.135+0000] {dag.py:3954} INFO - Setting next_dagrun for example_xcom_args_with_operators to None, run_after=None
[2024-06-29T12:15:05.142+0000] {processor.py:183} INFO - Processing /home/airflow/.local/lib/python3.12/site-packages/airflow/example_dags/example_xcomargs.py took 0.040 seconds
[2024-06-29T12:15:35.300+0000] {processor.py:161} INFO - Started process (PID=11386) to work on /home/airflow/.local/lib/python3.12/site-packages/airflow/example_dags/example_xcomargs.py
[2024-06-29T12:15:35.300+0000] {processor.py:830} INFO - Processing file /home/airflow/.local/lib/python3.12/site-packages/airflow/example_dags/example_xcomargs.py for tasks to queue
[2024-06-29T12:15:35.301+0000] {logging_mixin.py:188} INFO - [2024-06-29T12:15:35.301+0000] {dagbag.py:545} INFO - Filling up the DagBag from /home/airflow/.local/lib/python3.12/site-packages/airflow/example_dags/example_xcomargs.py
[2024-06-29T12:15:35.306+0000] {processor.py:840} INFO - DAG(s) 'example_xcom_args_with_operators', 'example_xcom_args' retrieved from /home/airflow/.local/lib/python3.12/site-packages/airflow/example_dags/example_xcomargs.py
[2024-06-29T12:15:35.321+0000] {logging_mixin.py:188} INFO - [2024-06-29T12:15:35.321+0000] {dag.py:3096} INFO - Sync 2 DAGs
[2024-06-29T12:15:35.327+0000] {logging_mixin.py:188} INFO - [2024-06-29T12:15:35.327+0000] {dag.py:3954} INFO - Setting next_dagrun for example_xcom_args to None, run_after=None
[2024-06-29T12:15:35.329+0000] {logging_mixin.py:188} INFO - [2024-06-29T12:15:35.329+0000] {dag.py:3954} INFO - Setting next_dagrun for example_xcom_args_with_operators to None, run_after=None
[2024-06-29T12:15:35.337+0000] {processor.py:183} INFO - Processing /home/airflow/.local/lib/python3.12/site-packages/airflow/example_dags/example_xcomargs.py took 0.041 seconds
[2024-06-29T12:16:05.464+0000] {processor.py:161} INFO - Started process (PID=11649) to work on /home/airflow/.local/lib/python3.12/site-packages/airflow/example_dags/example_xcomargs.py
[2024-06-29T12:16:05.465+0000] {processor.py:830} INFO - Processing file /home/airflow/.local/lib/python3.12/site-packages/airflow/example_dags/example_xcomargs.py for tasks to queue
[2024-06-29T12:16:05.466+0000] {logging_mixin.py:188} INFO - [2024-06-29T12:16:05.466+0000] {dagbag.py:545} INFO - Filling up the DagBag from /home/airflow/.local/lib/python3.12/site-packages/airflow/example_dags/example_xcomargs.py
[2024-06-29T12:16:05.471+0000] {processor.py:840} INFO - DAG(s) 'example_xcom_args', 'example_xcom_args_with_operators' retrieved from /home/airflow/.local/lib/python3.12/site-packages/airflow/example_dags/example_xcomargs.py
[2024-06-29T12:16:05.486+0000] {logging_mixin.py:188} INFO - [2024-06-29T12:16:05.486+0000] {dag.py:3096} INFO - Sync 2 DAGs
[2024-06-29T12:16:05.493+0000] {logging_mixin.py:188} INFO - [2024-06-29T12:16:05.493+0000] {dag.py:3954} INFO - Setting next_dagrun for example_xcom_args to None, run_after=None
[2024-06-29T12:16:05.495+0000] {logging_mixin.py:188} INFO - [2024-06-29T12:16:05.495+0000] {dag.py:3954} INFO - Setting next_dagrun for example_xcom_args_with_operators to None, run_after=None
[2024-06-29T12:16:05.503+0000] {processor.py:183} INFO - Processing /home/airflow/.local/lib/python3.12/site-packages/airflow/example_dags/example_xcomargs.py took 0.043 seconds
[2024-06-29T12:16:35.776+0000] {processor.py:161} INFO - Started process (PID=11912) to work on /home/airflow/.local/lib/python3.12/site-packages/airflow/example_dags/example_xcomargs.py
[2024-06-29T12:16:35.777+0000] {processor.py:830} INFO - Processing file /home/airflow/.local/lib/python3.12/site-packages/airflow/example_dags/example_xcomargs.py for tasks to queue
[2024-06-29T12:16:35.778+0000] {logging_mixin.py:188} INFO - [2024-06-29T12:16:35.777+0000] {dagbag.py:545} INFO - Filling up the DagBag from /home/airflow/.local/lib/python3.12/site-packages/airflow/example_dags/example_xcomargs.py
[2024-06-29T12:16:35.782+0000] {processor.py:840} INFO - DAG(s) 'example_xcom_args_with_operators', 'example_xcom_args' retrieved from /home/airflow/.local/lib/python3.12/site-packages/airflow/example_dags/example_xcomargs.py
[2024-06-29T12:16:35.798+0000] {logging_mixin.py:188} INFO - [2024-06-29T12:16:35.798+0000] {dag.py:3096} INFO - Sync 2 DAGs
[2024-06-29T12:16:35.805+0000] {logging_mixin.py:188} INFO - [2024-06-29T12:16:35.805+0000] {dag.py:3954} INFO - Setting next_dagrun for example_xcom_args to None, run_after=None
[2024-06-29T12:16:35.807+0000] {logging_mixin.py:188} INFO - [2024-06-29T12:16:35.807+0000] {dag.py:3954} INFO - Setting next_dagrun for example_xcom_args_with_operators to None, run_after=None
[2024-06-29T12:16:35.815+0000] {processor.py:183} INFO - Processing /home/airflow/.local/lib/python3.12/site-packages/airflow/example_dags/example_xcomargs.py took 0.042 seconds
[2024-06-29T12:17:05.967+0000] {processor.py:161} INFO - Started process (PID=12173) to work on /home/airflow/.local/lib/python3.12/site-packages/airflow/example_dags/example_xcomargs.py
[2024-06-29T12:17:05.968+0000] {processor.py:830} INFO - Processing file /home/airflow/.local/lib/python3.12/site-packages/airflow/example_dags/example_xcomargs.py for tasks to queue
[2024-06-29T12:17:05.969+0000] {logging_mixin.py:188} INFO - [2024-06-29T12:17:05.969+0000] {dagbag.py:545} INFO - Filling up the DagBag from /home/airflow/.local/lib/python3.12/site-packages/airflow/example_dags/example_xcomargs.py
[2024-06-29T12:17:05.975+0000] {processor.py:840} INFO - DAG(s) 'example_xcom_args', 'example_xcom_args_with_operators' retrieved from /home/airflow/.local/lib/python3.12/site-packages/airflow/example_dags/example_xcomargs.py
[2024-06-29T12:17:05.991+0000] {logging_mixin.py:188} INFO - [2024-06-29T12:17:05.991+0000] {dag.py:3096} INFO - Sync 2 DAGs
[2024-06-29T12:17:05.998+0000] {logging_mixin.py:188} INFO - [2024-06-29T12:17:05.998+0000] {dag.py:3954} INFO - Setting next_dagrun for example_xcom_args to None, run_after=None
[2024-06-29T12:17:06.000+0000] {logging_mixin.py:188} INFO - [2024-06-29T12:17:06.000+0000] {dag.py:3954} INFO - Setting next_dagrun for example_xcom_args_with_operators to None, run_after=None
[2024-06-29T12:17:06.008+0000] {processor.py:183} INFO - Processing /home/airflow/.local/lib/python3.12/site-packages/airflow/example_dags/example_xcomargs.py took 0.045 seconds
[2024-06-29T12:17:36.125+0000] {processor.py:161} INFO - Started process (PID=12429) to work on /home/airflow/.local/lib/python3.12/site-packages/airflow/example_dags/example_xcomargs.py
[2024-06-29T12:17:36.126+0000] {processor.py:830} INFO - Processing file /home/airflow/.local/lib/python3.12/site-packages/airflow/example_dags/example_xcomargs.py for tasks to queue
[2024-06-29T12:17:36.127+0000] {logging_mixin.py:188} INFO - [2024-06-29T12:17:36.126+0000] {dagbag.py:545} INFO - Filling up the DagBag from /home/airflow/.local/lib/python3.12/site-packages/airflow/example_dags/example_xcomargs.py
[2024-06-29T12:17:36.131+0000] {processor.py:840} INFO - DAG(s) 'example_xcom_args', 'example_xcom_args_with_operators' retrieved from /home/airflow/.local/lib/python3.12/site-packages/airflow/example_dags/example_xcomargs.py
[2024-06-29T12:17:36.147+0000] {logging_mixin.py:188} INFO - [2024-06-29T12:17:36.147+0000] {dag.py:3096} INFO - Sync 2 DAGs
[2024-06-29T12:17:36.153+0000] {logging_mixin.py:188} INFO - [2024-06-29T12:17:36.153+0000] {dag.py:3954} INFO - Setting next_dagrun for example_xcom_args to None, run_after=None
[2024-06-29T12:17:36.155+0000] {logging_mixin.py:188} INFO - [2024-06-29T12:17:36.155+0000] {dag.py:3954} INFO - Setting next_dagrun for example_xcom_args_with_operators to None, run_after=None
[2024-06-29T12:17:36.163+0000] {processor.py:183} INFO - Processing /home/airflow/.local/lib/python3.12/site-packages/airflow/example_dags/example_xcomargs.py took 0.042 seconds
[2024-06-29T12:18:06.238+0000] {processor.py:161} INFO - Started process (PID=12691) to work on /home/airflow/.local/lib/python3.12/site-packages/airflow/example_dags/example_xcomargs.py
[2024-06-29T12:18:06.239+0000] {processor.py:830} INFO - Processing file /home/airflow/.local/lib/python3.12/site-packages/airflow/example_dags/example_xcomargs.py for tasks to queue
[2024-06-29T12:18:06.240+0000] {logging_mixin.py:188} INFO - [2024-06-29T12:18:06.239+0000] {dagbag.py:545} INFO - Filling up the DagBag from /home/airflow/.local/lib/python3.12/site-packages/airflow/example_dags/example_xcomargs.py
[2024-06-29T12:18:06.244+0000] {processor.py:840} INFO - DAG(s) 'example_xcom_args_with_operators', 'example_xcom_args' retrieved from /home/airflow/.local/lib/python3.12/site-packages/airflow/example_dags/example_xcomargs.py
[2024-06-29T12:18:06.258+0000] {logging_mixin.py:188} INFO - [2024-06-29T12:18:06.258+0000] {dag.py:3096} INFO - Sync 2 DAGs
[2024-06-29T12:18:06.264+0000] {logging_mixin.py:188} INFO - [2024-06-29T12:18:06.264+0000] {dag.py:3954} INFO - Setting next_dagrun for example_xcom_args to None, run_after=None
[2024-06-29T12:18:06.265+0000] {logging_mixin.py:188} INFO - [2024-06-29T12:18:06.265+0000] {dag.py:3954} INFO - Setting next_dagrun for example_xcom_args_with_operators to None, run_after=None
[2024-06-29T12:18:06.273+0000] {processor.py:183} INFO - Processing /home/airflow/.local/lib/python3.12/site-packages/airflow/example_dags/example_xcomargs.py took 0.038 seconds
[2024-06-29T12:18:36.454+0000] {processor.py:161} INFO - Started process (PID=12952) to work on /home/airflow/.local/lib/python3.12/site-packages/airflow/example_dags/example_xcomargs.py
[2024-06-29T12:18:36.455+0000] {processor.py:830} INFO - Processing file /home/airflow/.local/lib/python3.12/site-packages/airflow/example_dags/example_xcomargs.py for tasks to queue
[2024-06-29T12:18:36.456+0000] {logging_mixin.py:188} INFO - [2024-06-29T12:18:36.456+0000] {dagbag.py:545} INFO - Filling up the DagBag from /home/airflow/.local/lib/python3.12/site-packages/airflow/example_dags/example_xcomargs.py
[2024-06-29T12:18:36.461+0000] {processor.py:840} INFO - DAG(s) 'example_xcom_args', 'example_xcom_args_with_operators' retrieved from /home/airflow/.local/lib/python3.12/site-packages/airflow/example_dags/example_xcomargs.py
[2024-06-29T12:18:36.478+0000] {logging_mixin.py:188} INFO - [2024-06-29T12:18:36.477+0000] {dag.py:3096} INFO - Sync 2 DAGs
[2024-06-29T12:18:36.485+0000] {logging_mixin.py:188} INFO - [2024-06-29T12:18:36.484+0000] {dag.py:3954} INFO - Setting next_dagrun for example_xcom_args to None, run_after=None
[2024-06-29T12:18:36.487+0000] {logging_mixin.py:188} INFO - [2024-06-29T12:18:36.487+0000] {dag.py:3954} INFO - Setting next_dagrun for example_xcom_args_with_operators to None, run_after=None
[2024-06-29T12:18:36.495+0000] {processor.py:183} INFO - Processing /home/airflow/.local/lib/python3.12/site-packages/airflow/example_dags/example_xcomargs.py took 0.045 seconds
[2024-06-29T12:19:06.520+0000] {processor.py:161} INFO - Started process (PID=13215) to work on /home/airflow/.local/lib/python3.12/site-packages/airflow/example_dags/example_xcomargs.py
[2024-06-29T12:19:06.521+0000] {processor.py:830} INFO - Processing file /home/airflow/.local/lib/python3.12/site-packages/airflow/example_dags/example_xcomargs.py for tasks to queue
[2024-06-29T12:19:06.522+0000] {logging_mixin.py:188} INFO - [2024-06-29T12:19:06.522+0000] {dagbag.py:545} INFO - Filling up the DagBag from /home/airflow/.local/lib/python3.12/site-packages/airflow/example_dags/example_xcomargs.py
[2024-06-29T12:19:06.527+0000] {processor.py:840} INFO - DAG(s) 'example_xcom_args_with_operators', 'example_xcom_args' retrieved from /home/airflow/.local/lib/python3.12/site-packages/airflow/example_dags/example_xcomargs.py
[2024-06-29T12:19:06.542+0000] {logging_mixin.py:188} INFO - [2024-06-29T12:19:06.542+0000] {dag.py:3096} INFO - Sync 2 DAGs
[2024-06-29T12:19:06.549+0000] {logging_mixin.py:188} INFO - [2024-06-29T12:19:06.549+0000] {dag.py:3954} INFO - Setting next_dagrun for example_xcom_args to None, run_after=None
[2024-06-29T12:19:06.551+0000] {logging_mixin.py:188} INFO - [2024-06-29T12:19:06.551+0000] {dag.py:3954} INFO - Setting next_dagrun for example_xcom_args_with_operators to None, run_after=None
[2024-06-29T12:19:06.560+0000] {processor.py:183} INFO - Processing /home/airflow/.local/lib/python3.12/site-packages/airflow/example_dags/example_xcomargs.py took 0.043 seconds
[2024-06-29T12:19:37.758+0000] {processor.py:161} INFO - Started process (PID=13479) to work on /home/airflow/.local/lib/python3.12/site-packages/airflow/example_dags/example_xcomargs.py
[2024-06-29T12:19:37.759+0000] {processor.py:830} INFO - Processing file /home/airflow/.local/lib/python3.12/site-packages/airflow/example_dags/example_xcomargs.py for tasks to queue
[2024-06-29T12:19:37.760+0000] {logging_mixin.py:188} INFO - [2024-06-29T12:19:37.760+0000] {dagbag.py:545} INFO - Filling up the DagBag from /home/airflow/.local/lib/python3.12/site-packages/airflow/example_dags/example_xcomargs.py
[2024-06-29T12:19:37.764+0000] {processor.py:840} INFO - DAG(s) 'example_xcom_args_with_operators', 'example_xcom_args' retrieved from /home/airflow/.local/lib/python3.12/site-packages/airflow/example_dags/example_xcomargs.py
[2024-06-29T12:19:37.779+0000] {logging_mixin.py:188} INFO - [2024-06-29T12:19:37.779+0000] {dag.py:3096} INFO - Sync 2 DAGs
[2024-06-29T12:19:37.785+0000] {logging_mixin.py:188} INFO - [2024-06-29T12:19:37.785+0000] {dag.py:3954} INFO - Setting next_dagrun for example_xcom_args to None, run_after=None
[2024-06-29T12:19:37.787+0000] {logging_mixin.py:188} INFO - [2024-06-29T12:19:37.787+0000] {dag.py:3954} INFO - Setting next_dagrun for example_xcom_args_with_operators to None, run_after=None
[2024-06-29T12:19:37.794+0000] {processor.py:183} INFO - Processing /home/airflow/.local/lib/python3.12/site-packages/airflow/example_dags/example_xcomargs.py took 0.040 seconds
[2024-06-29T12:20:07.934+0000] {processor.py:161} INFO - Started process (PID=13741) to work on /home/airflow/.local/lib/python3.12/site-packages/airflow/example_dags/example_xcomargs.py
[2024-06-29T12:20:07.934+0000] {processor.py:830} INFO - Processing file /home/airflow/.local/lib/python3.12/site-packages/airflow/example_dags/example_xcomargs.py for tasks to queue
[2024-06-29T12:20:07.936+0000] {logging_mixin.py:188} INFO - [2024-06-29T12:20:07.935+0000] {dagbag.py:545} INFO - Filling up the DagBag from /home/airflow/.local/lib/python3.12/site-packages/airflow/example_dags/example_xcomargs.py
[2024-06-29T12:20:07.940+0000] {processor.py:840} INFO - DAG(s) 'example_xcom_args', 'example_xcom_args_with_operators' retrieved from /home/airflow/.local/lib/python3.12/site-packages/airflow/example_dags/example_xcomargs.py
[2024-06-29T12:20:07.956+0000] {logging_mixin.py:188} INFO - [2024-06-29T12:20:07.956+0000] {dag.py:3096} INFO - Sync 2 DAGs
[2024-06-29T12:20:07.962+0000] {logging_mixin.py:188} INFO - [2024-06-29T12:20:07.962+0000] {dag.py:3954} INFO - Setting next_dagrun for example_xcom_args to None, run_after=None
[2024-06-29T12:20:07.964+0000] {logging_mixin.py:188} INFO - [2024-06-29T12:20:07.964+0000] {dag.py:3954} INFO - Setting next_dagrun for example_xcom_args_with_operators to None, run_after=None
[2024-06-29T12:20:07.971+0000] {processor.py:183} INFO - Processing /home/airflow/.local/lib/python3.12/site-packages/airflow/example_dags/example_xcomargs.py took 0.041 seconds
[2024-06-29T12:20:38.085+0000] {processor.py:161} INFO - Started process (PID=14001) to work on /home/airflow/.local/lib/python3.12/site-packages/airflow/example_dags/example_xcomargs.py
[2024-06-29T12:20:38.086+0000] {processor.py:830} INFO - Processing file /home/airflow/.local/lib/python3.12/site-packages/airflow/example_dags/example_xcomargs.py for tasks to queue
[2024-06-29T12:20:38.087+0000] {logging_mixin.py:188} INFO - [2024-06-29T12:20:38.087+0000] {dagbag.py:545} INFO - Filling up the DagBag from /home/airflow/.local/lib/python3.12/site-packages/airflow/example_dags/example_xcomargs.py
[2024-06-29T12:20:38.092+0000] {processor.py:840} INFO - DAG(s) 'example_xcom_args_with_operators', 'example_xcom_args' retrieved from /home/airflow/.local/lib/python3.12/site-packages/airflow/example_dags/example_xcomargs.py
[2024-06-29T12:20:38.107+0000] {logging_mixin.py:188} INFO - [2024-06-29T12:20:38.107+0000] {dag.py:3096} INFO - Sync 2 DAGs
[2024-06-29T12:20:38.114+0000] {logging_mixin.py:188} INFO - [2024-06-29T12:20:38.114+0000] {dag.py:3954} INFO - Setting next_dagrun for example_xcom_args to None, run_after=None
[2024-06-29T12:20:38.116+0000] {logging_mixin.py:188} INFO - [2024-06-29T12:20:38.116+0000] {dag.py:3954} INFO - Setting next_dagrun for example_xcom_args_with_operators to None, run_after=None
[2024-06-29T12:20:38.124+0000] {processor.py:183} INFO - Processing /home/airflow/.local/lib/python3.12/site-packages/airflow/example_dags/example_xcomargs.py took 0.043 seconds
[2024-06-29T12:21:08.273+0000] {processor.py:161} INFO - Started process (PID=14263) to work on /home/airflow/.local/lib/python3.12/site-packages/airflow/example_dags/example_xcomargs.py
[2024-06-29T12:21:08.274+0000] {processor.py:830} INFO - Processing file /home/airflow/.local/lib/python3.12/site-packages/airflow/example_dags/example_xcomargs.py for tasks to queue
[2024-06-29T12:21:08.275+0000] {logging_mixin.py:188} INFO - [2024-06-29T12:21:08.275+0000] {dagbag.py:545} INFO - Filling up the DagBag from /home/airflow/.local/lib/python3.12/site-packages/airflow/example_dags/example_xcomargs.py
[2024-06-29T12:21:08.279+0000] {processor.py:840} INFO - DAG(s) 'example_xcom_args_with_operators', 'example_xcom_args' retrieved from /home/airflow/.local/lib/python3.12/site-packages/airflow/example_dags/example_xcomargs.py
[2024-06-29T12:21:08.293+0000] {logging_mixin.py:188} INFO - [2024-06-29T12:21:08.293+0000] {dag.py:3096} INFO - Sync 2 DAGs
[2024-06-29T12:21:08.299+0000] {logging_mixin.py:188} INFO - [2024-06-29T12:21:08.299+0000] {dag.py:3954} INFO - Setting next_dagrun for example_xcom_args to None, run_after=None
[2024-06-29T12:21:08.301+0000] {logging_mixin.py:188} INFO - [2024-06-29T12:21:08.301+0000] {dag.py:3954} INFO - Setting next_dagrun for example_xcom_args_with_operators to None, run_after=None
[2024-06-29T12:21:08.308+0000] {processor.py:183} INFO - Processing /home/airflow/.local/lib/python3.12/site-packages/airflow/example_dags/example_xcomargs.py took 0.038 seconds
[2024-06-29T12:21:38.459+0000] {processor.py:161} INFO - Started process (PID=14525) to work on /home/airflow/.local/lib/python3.12/site-packages/airflow/example_dags/example_xcomargs.py
[2024-06-29T12:21:38.460+0000] {processor.py:830} INFO - Processing file /home/airflow/.local/lib/python3.12/site-packages/airflow/example_dags/example_xcomargs.py for tasks to queue
[2024-06-29T12:21:38.461+0000] {logging_mixin.py:188} INFO - [2024-06-29T12:21:38.461+0000] {dagbag.py:545} INFO - Filling up the DagBag from /home/airflow/.local/lib/python3.12/site-packages/airflow/example_dags/example_xcomargs.py
[2024-06-29T12:21:38.465+0000] {processor.py:840} INFO - DAG(s) 'example_xcom_args', 'example_xcom_args_with_operators' retrieved from /home/airflow/.local/lib/python3.12/site-packages/airflow/example_dags/example_xcomargs.py
[2024-06-29T12:21:38.480+0000] {logging_mixin.py:188} INFO - [2024-06-29T12:21:38.480+0000] {dag.py:3096} INFO - Sync 2 DAGs
[2024-06-29T12:21:38.487+0000] {logging_mixin.py:188} INFO - [2024-06-29T12:21:38.487+0000] {dag.py:3954} INFO - Setting next_dagrun for example_xcom_args to None, run_after=None
[2024-06-29T12:21:38.489+0000] {logging_mixin.py:188} INFO - [2024-06-29T12:21:38.489+0000] {dag.py:3954} INFO - Setting next_dagrun for example_xcom_args_with_operators to None, run_after=None
[2024-06-29T12:21:38.497+0000] {processor.py:183} INFO - Processing /home/airflow/.local/lib/python3.12/site-packages/airflow/example_dags/example_xcomargs.py took 0.042 seconds
[2024-06-29T12:22:08.661+0000] {processor.py:161} INFO - Started process (PID=14787) to work on /home/airflow/.local/lib/python3.12/site-packages/airflow/example_dags/example_xcomargs.py
[2024-06-29T12:22:08.662+0000] {processor.py:830} INFO - Processing file /home/airflow/.local/lib/python3.12/site-packages/airflow/example_dags/example_xcomargs.py for tasks to queue
[2024-06-29T12:22:08.663+0000] {logging_mixin.py:188} INFO - [2024-06-29T12:22:08.663+0000] {dagbag.py:545} INFO - Filling up the DagBag from /home/airflow/.local/lib/python3.12/site-packages/airflow/example_dags/example_xcomargs.py
[2024-06-29T12:22:08.668+0000] {processor.py:840} INFO - DAG(s) 'example_xcom_args', 'example_xcom_args_with_operators' retrieved from /home/airflow/.local/lib/python3.12/site-packages/airflow/example_dags/example_xcomargs.py
[2024-06-29T12:22:08.683+0000] {logging_mixin.py:188} INFO - [2024-06-29T12:22:08.683+0000] {dag.py:3096} INFO - Sync 2 DAGs
[2024-06-29T12:22:08.690+0000] {logging_mixin.py:188} INFO - [2024-06-29T12:22:08.689+0000] {dag.py:3954} INFO - Setting next_dagrun for example_xcom_args to None, run_after=None
[2024-06-29T12:22:08.692+0000] {logging_mixin.py:188} INFO - [2024-06-29T12:22:08.691+0000] {dag.py:3954} INFO - Setting next_dagrun for example_xcom_args_with_operators to None, run_after=None
[2024-06-29T12:22:08.699+0000] {processor.py:183} INFO - Processing /home/airflow/.local/lib/python3.12/site-packages/airflow/example_dags/example_xcomargs.py took 0.041 seconds
[2024-06-29T12:22:38.816+0000] {processor.py:161} INFO - Started process (PID=15050) to work on /home/airflow/.local/lib/python3.12/site-packages/airflow/example_dags/example_xcomargs.py
[2024-06-29T12:22:38.817+0000] {processor.py:830} INFO - Processing file /home/airflow/.local/lib/python3.12/site-packages/airflow/example_dags/example_xcomargs.py for tasks to queue
[2024-06-29T12:22:38.818+0000] {logging_mixin.py:188} INFO - [2024-06-29T12:22:38.818+0000] {dagbag.py:545} INFO - Filling up the DagBag from /home/airflow/.local/lib/python3.12/site-packages/airflow/example_dags/example_xcomargs.py
[2024-06-29T12:22:38.823+0000] {processor.py:840} INFO - DAG(s) 'example_xcom_args_with_operators', 'example_xcom_args' retrieved from /home/airflow/.local/lib/python3.12/site-packages/airflow/example_dags/example_xcomargs.py
[2024-06-29T12:22:38.838+0000] {logging_mixin.py:188} INFO - [2024-06-29T12:22:38.838+0000] {dag.py:3096} INFO - Sync 2 DAGs
[2024-06-29T12:22:38.845+0000] {logging_mixin.py:188} INFO - [2024-06-29T12:22:38.845+0000] {dag.py:3954} INFO - Setting next_dagrun for example_xcom_args to None, run_after=None
[2024-06-29T12:22:38.847+0000] {logging_mixin.py:188} INFO - [2024-06-29T12:22:38.847+0000] {dag.py:3954} INFO - Setting next_dagrun for example_xcom_args_with_operators to None, run_after=None
[2024-06-29T12:22:38.855+0000] {processor.py:183} INFO - Processing /home/airflow/.local/lib/python3.12/site-packages/airflow/example_dags/example_xcomargs.py took 0.043 seconds
[2024-06-29T12:23:09.058+0000] {processor.py:161} INFO - Started process (PID=15312) to work on /home/airflow/.local/lib/python3.12/site-packages/airflow/example_dags/example_xcomargs.py
[2024-06-29T12:23:09.059+0000] {processor.py:830} INFO - Processing file /home/airflow/.local/lib/python3.12/site-packages/airflow/example_dags/example_xcomargs.py for tasks to queue
[2024-06-29T12:23:09.060+0000] {logging_mixin.py:188} INFO - [2024-06-29T12:23:09.060+0000] {dagbag.py:545} INFO - Filling up the DagBag from /home/airflow/.local/lib/python3.12/site-packages/airflow/example_dags/example_xcomargs.py
[2024-06-29T12:23:09.065+0000] {processor.py:840} INFO - DAG(s) 'example_xcom_args', 'example_xcom_args_with_operators' retrieved from /home/airflow/.local/lib/python3.12/site-packages/airflow/example_dags/example_xcomargs.py
[2024-06-29T12:23:09.080+0000] {logging_mixin.py:188} INFO - [2024-06-29T12:23:09.080+0000] {dag.py:3096} INFO - Sync 2 DAGs
[2024-06-29T12:23:09.087+0000] {logging_mixin.py:188} INFO - [2024-06-29T12:23:09.087+0000] {dag.py:3954} INFO - Setting next_dagrun for example_xcom_args to None, run_after=None
[2024-06-29T12:23:09.090+0000] {logging_mixin.py:188} INFO - [2024-06-29T12:23:09.089+0000] {dag.py:3954} INFO - Setting next_dagrun for example_xcom_args_with_operators to None, run_after=None
[2024-06-29T12:23:09.097+0000] {processor.py:183} INFO - Processing /home/airflow/.local/lib/python3.12/site-packages/airflow/example_dags/example_xcomargs.py took 0.043 seconds
[2024-06-29T12:23:39.283+0000] {processor.py:161} INFO - Started process (PID=15574) to work on /home/airflow/.local/lib/python3.12/site-packages/airflow/example_dags/example_xcomargs.py
[2024-06-29T12:23:39.283+0000] {processor.py:830} INFO - Processing file /home/airflow/.local/lib/python3.12/site-packages/airflow/example_dags/example_xcomargs.py for tasks to queue
[2024-06-29T12:23:39.284+0000] {logging_mixin.py:188} INFO - [2024-06-29T12:23:39.284+0000] {dagbag.py:545} INFO - Filling up the DagBag from /home/airflow/.local/lib/python3.12/site-packages/airflow/example_dags/example_xcomargs.py
[2024-06-29T12:23:39.289+0000] {processor.py:840} INFO - DAG(s) 'example_xcom_args_with_operators', 'example_xcom_args' retrieved from /home/airflow/.local/lib/python3.12/site-packages/airflow/example_dags/example_xcomargs.py
[2024-06-29T12:23:39.304+0000] {logging_mixin.py:188} INFO - [2024-06-29T12:23:39.304+0000] {dag.py:3096} INFO - Sync 2 DAGs
[2024-06-29T12:23:39.311+0000] {logging_mixin.py:188} INFO - [2024-06-29T12:23:39.310+0000] {dag.py:3954} INFO - Setting next_dagrun for example_xcom_args to None, run_after=None
[2024-06-29T12:23:39.313+0000] {logging_mixin.py:188} INFO - [2024-06-29T12:23:39.312+0000] {dag.py:3954} INFO - Setting next_dagrun for example_xcom_args_with_operators to None, run_after=None
[2024-06-29T12:23:39.321+0000] {processor.py:183} INFO - Processing /home/airflow/.local/lib/python3.12/site-packages/airflow/example_dags/example_xcomargs.py took 0.042 seconds
[2024-06-29T12:24:09.536+0000] {processor.py:161} INFO - Started process (PID=15837) to work on /home/airflow/.local/lib/python3.12/site-packages/airflow/example_dags/example_xcomargs.py
[2024-06-29T12:24:09.536+0000] {processor.py:830} INFO - Processing file /home/airflow/.local/lib/python3.12/site-packages/airflow/example_dags/example_xcomargs.py for tasks to queue
[2024-06-29T12:24:09.537+0000] {logging_mixin.py:188} INFO - [2024-06-29T12:24:09.537+0000] {dagbag.py:545} INFO - Filling up the DagBag from /home/airflow/.local/lib/python3.12/site-packages/airflow/example_dags/example_xcomargs.py
[2024-06-29T12:24:09.542+0000] {processor.py:840} INFO - DAG(s) 'example_xcom_args', 'example_xcom_args_with_operators' retrieved from /home/airflow/.local/lib/python3.12/site-packages/airflow/example_dags/example_xcomargs.py
[2024-06-29T12:24:09.557+0000] {logging_mixin.py:188} INFO - [2024-06-29T12:24:09.557+0000] {dag.py:3096} INFO - Sync 2 DAGs
[2024-06-29T12:24:09.564+0000] {logging_mixin.py:188} INFO - [2024-06-29T12:24:09.564+0000] {dag.py:3954} INFO - Setting next_dagrun for example_xcom_args to None, run_after=None
[2024-06-29T12:24:09.566+0000] {logging_mixin.py:188} INFO - [2024-06-29T12:24:09.566+0000] {dag.py:3954} INFO - Setting next_dagrun for example_xcom_args_with_operators to None, run_after=None
[2024-06-29T12:24:09.574+0000] {processor.py:183} INFO - Processing /home/airflow/.local/lib/python3.12/site-packages/airflow/example_dags/example_xcomargs.py took 0.042 seconds
[2024-06-29T12:24:39.642+0000] {processor.py:161} INFO - Started process (PID=16102) to work on /home/airflow/.local/lib/python3.12/site-packages/airflow/example_dags/example_xcomargs.py
[2024-06-29T12:24:39.643+0000] {processor.py:830} INFO - Processing file /home/airflow/.local/lib/python3.12/site-packages/airflow/example_dags/example_xcomargs.py for tasks to queue
[2024-06-29T12:24:39.644+0000] {logging_mixin.py:188} INFO - [2024-06-29T12:24:39.643+0000] {dagbag.py:545} INFO - Filling up the DagBag from /home/airflow/.local/lib/python3.12/site-packages/airflow/example_dags/example_xcomargs.py
[2024-06-29T12:24:39.648+0000] {processor.py:840} INFO - DAG(s) 'example_xcom_args', 'example_xcom_args_with_operators' retrieved from /home/airflow/.local/lib/python3.12/site-packages/airflow/example_dags/example_xcomargs.py
[2024-06-29T12:24:39.664+0000] {logging_mixin.py:188} INFO - [2024-06-29T12:24:39.664+0000] {dag.py:3096} INFO - Sync 2 DAGs
[2024-06-29T12:24:39.670+0000] {logging_mixin.py:188} INFO - [2024-06-29T12:24:39.670+0000] {dag.py:3954} INFO - Setting next_dagrun for example_xcom_args to None, run_after=None
[2024-06-29T12:24:39.672+0000] {logging_mixin.py:188} INFO - [2024-06-29T12:24:39.672+0000] {dag.py:3954} INFO - Setting next_dagrun for example_xcom_args_with_operators to None, run_after=None
[2024-06-29T12:24:39.680+0000] {processor.py:183} INFO - Processing /home/airflow/.local/lib/python3.12/site-packages/airflow/example_dags/example_xcomargs.py took 0.041 seconds
[2024-06-29T12:25:09.810+0000] {processor.py:161} INFO - Started process (PID=16362) to work on /home/airflow/.local/lib/python3.12/site-packages/airflow/example_dags/example_xcomargs.py
[2024-06-29T12:25:09.811+0000] {processor.py:830} INFO - Processing file /home/airflow/.local/lib/python3.12/site-packages/airflow/example_dags/example_xcomargs.py for tasks to queue
[2024-06-29T12:25:09.812+0000] {logging_mixin.py:188} INFO - [2024-06-29T12:25:09.812+0000] {dagbag.py:545} INFO - Filling up the DagBag from /home/airflow/.local/lib/python3.12/site-packages/airflow/example_dags/example_xcomargs.py
[2024-06-29T12:25:09.817+0000] {processor.py:840} INFO - DAG(s) 'example_xcom_args_with_operators', 'example_xcom_args' retrieved from /home/airflow/.local/lib/python3.12/site-packages/airflow/example_dags/example_xcomargs.py
[2024-06-29T12:25:09.834+0000] {logging_mixin.py:188} INFO - [2024-06-29T12:25:09.833+0000] {dag.py:3096} INFO - Sync 2 DAGs
[2024-06-29T12:25:09.840+0000] {logging_mixin.py:188} INFO - [2024-06-29T12:25:09.840+0000] {dag.py:3954} INFO - Setting next_dagrun for example_xcom_args to None, run_after=None
[2024-06-29T12:25:09.842+0000] {logging_mixin.py:188} INFO - [2024-06-29T12:25:09.842+0000] {dag.py:3954} INFO - Setting next_dagrun for example_xcom_args_with_operators to None, run_after=None
[2024-06-29T12:25:09.851+0000] {processor.py:183} INFO - Processing /home/airflow/.local/lib/python3.12/site-packages/airflow/example_dags/example_xcomargs.py took 0.044 seconds
