[2024-06-29T11:54:20.354+0000] {processor.py:161} INFO - Started process (PID=235) to work on /home/airflow/.local/lib/python3.12/site-packages/airflow/example_dags/example_python_operator.py
[2024-06-29T11:54:20.354+0000] {processor.py:830} INFO - Processing file /home/airflow/.local/lib/python3.12/site-packages/airflow/example_dags/example_python_operator.py for tasks to queue
[2024-06-29T11:54:20.355+0000] {logging_mixin.py:188} INFO - [2024-06-29T11:54:20.355+0000] {dagbag.py:545} INFO - Filling up the DagBag from /home/airflow/.local/lib/python3.12/site-packages/airflow/example_dags/example_python_operator.py
[2024-06-29T11:54:20.362+0000] {processor.py:840} INFO - DAG(s) 'example_python_operator' retrieved from /home/airflow/.local/lib/python3.12/site-packages/airflow/example_dags/example_python_operator.py
[2024-06-29T11:54:20.374+0000] {logging_mixin.py:188} INFO - [2024-06-29T11:54:20.374+0000] {dag.py:3096} INFO - Sync 1 DAGs
[2024-06-29T11:54:20.381+0000] {logging_mixin.py:188} INFO - [2024-06-29T11:54:20.381+0000] {dag.py:3954} INFO - Setting next_dagrun for example_python_operator to None, run_after=None
[2024-06-29T11:54:20.392+0000] {processor.py:183} INFO - Processing /home/airflow/.local/lib/python3.12/site-packages/airflow/example_dags/example_python_operator.py took 0.043 seconds
[2024-06-29T11:54:51.741+0000] {processor.py:161} INFO - Started process (PID=499) to work on /home/airflow/.local/lib/python3.12/site-packages/airflow/example_dags/example_python_operator.py
[2024-06-29T11:54:51.741+0000] {processor.py:830} INFO - Processing file /home/airflow/.local/lib/python3.12/site-packages/airflow/example_dags/example_python_operator.py for tasks to queue
[2024-06-29T11:54:51.743+0000] {logging_mixin.py:188} INFO - [2024-06-29T11:54:51.742+0000] {dagbag.py:545} INFO - Filling up the DagBag from /home/airflow/.local/lib/python3.12/site-packages/airflow/example_dags/example_python_operator.py
[2024-06-29T11:54:51.749+0000] {processor.py:840} INFO - DAG(s) 'example_python_operator' retrieved from /home/airflow/.local/lib/python3.12/site-packages/airflow/example_dags/example_python_operator.py
[2024-06-29T11:54:51.798+0000] {logging_mixin.py:188} INFO - [2024-06-29T11:54:51.798+0000] {dag.py:3096} INFO - Sync 1 DAGs
[2024-06-29T11:54:51.804+0000] {logging_mixin.py:188} INFO - [2024-06-29T11:54:51.804+0000] {dag.py:3954} INFO - Setting next_dagrun for example_python_operator to None, run_after=None
[2024-06-29T11:54:51.814+0000] {processor.py:183} INFO - Processing /home/airflow/.local/lib/python3.12/site-packages/airflow/example_dags/example_python_operator.py took 0.076 seconds
[2024-06-29T11:55:22.297+0000] {processor.py:161} INFO - Started process (PID=759) to work on /home/airflow/.local/lib/python3.12/site-packages/airflow/example_dags/example_python_operator.py
[2024-06-29T11:55:22.298+0000] {processor.py:830} INFO - Processing file /home/airflow/.local/lib/python3.12/site-packages/airflow/example_dags/example_python_operator.py for tasks to queue
[2024-06-29T11:55:22.299+0000] {logging_mixin.py:188} INFO - [2024-06-29T11:55:22.299+0000] {dagbag.py:545} INFO - Filling up the DagBag from /home/airflow/.local/lib/python3.12/site-packages/airflow/example_dags/example_python_operator.py
[2024-06-29T11:55:22.305+0000] {processor.py:840} INFO - DAG(s) 'example_python_operator' retrieved from /home/airflow/.local/lib/python3.12/site-packages/airflow/example_dags/example_python_operator.py
[2024-06-29T11:55:22.320+0000] {logging_mixin.py:188} INFO - [2024-06-29T11:55:22.320+0000] {dag.py:3096} INFO - Sync 1 DAGs
[2024-06-29T11:55:22.326+0000] {logging_mixin.py:188} INFO - [2024-06-29T11:55:22.326+0000] {dag.py:3954} INFO - Setting next_dagrun for example_python_operator to None, run_after=None
[2024-06-29T11:55:22.337+0000] {processor.py:183} INFO - Processing /home/airflow/.local/lib/python3.12/site-packages/airflow/example_dags/example_python_operator.py took 0.044 seconds
[2024-06-29T11:55:52.681+0000] {processor.py:161} INFO - Started process (PID=1021) to work on /home/airflow/.local/lib/python3.12/site-packages/airflow/example_dags/example_python_operator.py
[2024-06-29T11:55:52.681+0000] {processor.py:830} INFO - Processing file /home/airflow/.local/lib/python3.12/site-packages/airflow/example_dags/example_python_operator.py for tasks to queue
[2024-06-29T11:55:52.682+0000] {logging_mixin.py:188} INFO - [2024-06-29T11:55:52.682+0000] {dagbag.py:545} INFO - Filling up the DagBag from /home/airflow/.local/lib/python3.12/site-packages/airflow/example_dags/example_python_operator.py
[2024-06-29T11:55:52.688+0000] {processor.py:840} INFO - DAG(s) 'example_python_operator' retrieved from /home/airflow/.local/lib/python3.12/site-packages/airflow/example_dags/example_python_operator.py
[2024-06-29T11:55:52.703+0000] {logging_mixin.py:188} INFO - [2024-06-29T11:55:52.703+0000] {dag.py:3096} INFO - Sync 1 DAGs
[2024-06-29T11:55:52.710+0000] {logging_mixin.py:188} INFO - [2024-06-29T11:55:52.710+0000] {dag.py:3954} INFO - Setting next_dagrun for example_python_operator to None, run_after=None
[2024-06-29T11:55:52.720+0000] {processor.py:183} INFO - Processing /home/airflow/.local/lib/python3.12/site-packages/airflow/example_dags/example_python_operator.py took 0.043 seconds
[2024-06-29T11:56:22.963+0000] {processor.py:161} INFO - Started process (PID=1284) to work on /home/airflow/.local/lib/python3.12/site-packages/airflow/example_dags/example_python_operator.py
[2024-06-29T11:56:22.964+0000] {processor.py:830} INFO - Processing file /home/airflow/.local/lib/python3.12/site-packages/airflow/example_dags/example_python_operator.py for tasks to queue
[2024-06-29T11:56:22.965+0000] {logging_mixin.py:188} INFO - [2024-06-29T11:56:22.965+0000] {dagbag.py:545} INFO - Filling up the DagBag from /home/airflow/.local/lib/python3.12/site-packages/airflow/example_dags/example_python_operator.py
[2024-06-29T11:56:22.971+0000] {processor.py:840} INFO - DAG(s) 'example_python_operator' retrieved from /home/airflow/.local/lib/python3.12/site-packages/airflow/example_dags/example_python_operator.py
[2024-06-29T11:56:22.986+0000] {logging_mixin.py:188} INFO - [2024-06-29T11:56:22.985+0000] {dag.py:3096} INFO - Sync 1 DAGs
[2024-06-29T11:56:22.992+0000] {logging_mixin.py:188} INFO - [2024-06-29T11:56:22.992+0000] {dag.py:3954} INFO - Setting next_dagrun for example_python_operator to None, run_after=None
[2024-06-29T11:56:23.002+0000] {processor.py:183} INFO - Processing /home/airflow/.local/lib/python3.12/site-packages/airflow/example_dags/example_python_operator.py took 0.042 seconds
[2024-06-29T11:56:53.133+0000] {processor.py:161} INFO - Started process (PID=1546) to work on /home/airflow/.local/lib/python3.12/site-packages/airflow/example_dags/example_python_operator.py
[2024-06-29T11:56:53.133+0000] {processor.py:830} INFO - Processing file /home/airflow/.local/lib/python3.12/site-packages/airflow/example_dags/example_python_operator.py for tasks to queue
[2024-06-29T11:56:53.134+0000] {logging_mixin.py:188} INFO - [2024-06-29T11:56:53.134+0000] {dagbag.py:545} INFO - Filling up the DagBag from /home/airflow/.local/lib/python3.12/site-packages/airflow/example_dags/example_python_operator.py
[2024-06-29T11:56:53.140+0000] {processor.py:840} INFO - DAG(s) 'example_python_operator' retrieved from /home/airflow/.local/lib/python3.12/site-packages/airflow/example_dags/example_python_operator.py
[2024-06-29T11:56:53.157+0000] {logging_mixin.py:188} INFO - [2024-06-29T11:56:53.157+0000] {dag.py:3096} INFO - Sync 1 DAGs
[2024-06-29T11:56:53.164+0000] {logging_mixin.py:188} INFO - [2024-06-29T11:56:53.164+0000] {dag.py:3954} INFO - Setting next_dagrun for example_python_operator to None, run_after=None
[2024-06-29T11:56:53.174+0000] {processor.py:183} INFO - Processing /home/airflow/.local/lib/python3.12/site-packages/airflow/example_dags/example_python_operator.py took 0.045 seconds
[2024-06-29T11:57:23.391+0000] {processor.py:161} INFO - Started process (PID=1808) to work on /home/airflow/.local/lib/python3.12/site-packages/airflow/example_dags/example_python_operator.py
[2024-06-29T11:57:23.392+0000] {processor.py:830} INFO - Processing file /home/airflow/.local/lib/python3.12/site-packages/airflow/example_dags/example_python_operator.py for tasks to queue
[2024-06-29T11:57:23.394+0000] {logging_mixin.py:188} INFO - [2024-06-29T11:57:23.393+0000] {dagbag.py:545} INFO - Filling up the DagBag from /home/airflow/.local/lib/python3.12/site-packages/airflow/example_dags/example_python_operator.py
[2024-06-29T11:57:23.400+0000] {processor.py:840} INFO - DAG(s) 'example_python_operator' retrieved from /home/airflow/.local/lib/python3.12/site-packages/airflow/example_dags/example_python_operator.py
[2024-06-29T11:57:23.417+0000] {logging_mixin.py:188} INFO - [2024-06-29T11:57:23.416+0000] {dag.py:3096} INFO - Sync 1 DAGs
[2024-06-29T11:57:23.423+0000] {logging_mixin.py:188} INFO - [2024-06-29T11:57:23.423+0000] {dag.py:3954} INFO - Setting next_dagrun for example_python_operator to None, run_after=None
[2024-06-29T11:57:23.433+0000] {processor.py:183} INFO - Processing /home/airflow/.local/lib/python3.12/site-packages/airflow/example_dags/example_python_operator.py took 0.045 seconds
[2024-06-29T11:57:53.741+0000] {processor.py:161} INFO - Started process (PID=2070) to work on /home/airflow/.local/lib/python3.12/site-packages/airflow/example_dags/example_python_operator.py
[2024-06-29T11:57:53.741+0000] {processor.py:830} INFO - Processing file /home/airflow/.local/lib/python3.12/site-packages/airflow/example_dags/example_python_operator.py for tasks to queue
[2024-06-29T11:57:53.742+0000] {logging_mixin.py:188} INFO - [2024-06-29T11:57:53.742+0000] {dagbag.py:545} INFO - Filling up the DagBag from /home/airflow/.local/lib/python3.12/site-packages/airflow/example_dags/example_python_operator.py
[2024-06-29T11:57:53.748+0000] {processor.py:840} INFO - DAG(s) 'example_python_operator' retrieved from /home/airflow/.local/lib/python3.12/site-packages/airflow/example_dags/example_python_operator.py
[2024-06-29T11:57:53.763+0000] {logging_mixin.py:188} INFO - [2024-06-29T11:57:53.763+0000] {dag.py:3096} INFO - Sync 1 DAGs
[2024-06-29T11:57:53.769+0000] {logging_mixin.py:188} INFO - [2024-06-29T11:57:53.769+0000] {dag.py:3954} INFO - Setting next_dagrun for example_python_operator to None, run_after=None
[2024-06-29T11:57:53.779+0000] {processor.py:183} INFO - Processing /home/airflow/.local/lib/python3.12/site-packages/airflow/example_dags/example_python_operator.py took 0.042 seconds
[2024-06-29T11:58:23.960+0000] {processor.py:161} INFO - Started process (PID=2332) to work on /home/airflow/.local/lib/python3.12/site-packages/airflow/example_dags/example_python_operator.py
[2024-06-29T11:58:23.961+0000] {processor.py:830} INFO - Processing file /home/airflow/.local/lib/python3.12/site-packages/airflow/example_dags/example_python_operator.py for tasks to queue
[2024-06-29T11:58:23.962+0000] {logging_mixin.py:188} INFO - [2024-06-29T11:58:23.962+0000] {dagbag.py:545} INFO - Filling up the DagBag from /home/airflow/.local/lib/python3.12/site-packages/airflow/example_dags/example_python_operator.py
[2024-06-29T11:58:23.968+0000] {processor.py:840} INFO - DAG(s) 'example_python_operator' retrieved from /home/airflow/.local/lib/python3.12/site-packages/airflow/example_dags/example_python_operator.py
[2024-06-29T11:58:23.983+0000] {logging_mixin.py:188} INFO - [2024-06-29T11:58:23.982+0000] {dag.py:3096} INFO - Sync 1 DAGs
[2024-06-29T11:58:23.989+0000] {logging_mixin.py:188} INFO - [2024-06-29T11:58:23.989+0000] {dag.py:3954} INFO - Setting next_dagrun for example_python_operator to None, run_after=None
[2024-06-29T11:58:23.998+0000] {processor.py:183} INFO - Processing /home/airflow/.local/lib/python3.12/site-packages/airflow/example_dags/example_python_operator.py took 0.042 seconds
[2024-06-29T11:58:54.133+0000] {processor.py:161} INFO - Started process (PID=2594) to work on /home/airflow/.local/lib/python3.12/site-packages/airflow/example_dags/example_python_operator.py
[2024-06-29T11:58:54.134+0000] {processor.py:830} INFO - Processing file /home/airflow/.local/lib/python3.12/site-packages/airflow/example_dags/example_python_operator.py for tasks to queue
[2024-06-29T11:58:54.135+0000] {logging_mixin.py:188} INFO - [2024-06-29T11:58:54.135+0000] {dagbag.py:545} INFO - Filling up the DagBag from /home/airflow/.local/lib/python3.12/site-packages/airflow/example_dags/example_python_operator.py
[2024-06-29T11:58:54.141+0000] {processor.py:840} INFO - DAG(s) 'example_python_operator' retrieved from /home/airflow/.local/lib/python3.12/site-packages/airflow/example_dags/example_python_operator.py
[2024-06-29T11:58:54.156+0000] {logging_mixin.py:188} INFO - [2024-06-29T11:58:54.156+0000] {dag.py:3096} INFO - Sync 1 DAGs
[2024-06-29T11:58:54.162+0000] {logging_mixin.py:188} INFO - [2024-06-29T11:58:54.162+0000] {dag.py:3954} INFO - Setting next_dagrun for example_python_operator to None, run_after=None
[2024-06-29T11:58:54.171+0000] {processor.py:183} INFO - Processing /home/airflow/.local/lib/python3.12/site-packages/airflow/example_dags/example_python_operator.py took 0.042 seconds
[2024-06-29T11:59:24.534+0000] {processor.py:161} INFO - Started process (PID=2856) to work on /home/airflow/.local/lib/python3.12/site-packages/airflow/example_dags/example_python_operator.py
[2024-06-29T11:59:24.534+0000] {processor.py:830} INFO - Processing file /home/airflow/.local/lib/python3.12/site-packages/airflow/example_dags/example_python_operator.py for tasks to queue
[2024-06-29T11:59:24.535+0000] {logging_mixin.py:188} INFO - [2024-06-29T11:59:24.535+0000] {dagbag.py:545} INFO - Filling up the DagBag from /home/airflow/.local/lib/python3.12/site-packages/airflow/example_dags/example_python_operator.py
[2024-06-29T11:59:24.541+0000] {processor.py:840} INFO - DAG(s) 'example_python_operator' retrieved from /home/airflow/.local/lib/python3.12/site-packages/airflow/example_dags/example_python_operator.py
[2024-06-29T11:59:24.555+0000] {logging_mixin.py:188} INFO - [2024-06-29T11:59:24.555+0000] {dag.py:3096} INFO - Sync 1 DAGs
[2024-06-29T11:59:24.562+0000] {logging_mixin.py:188} INFO - [2024-06-29T11:59:24.562+0000] {dag.py:3954} INFO - Setting next_dagrun for example_python_operator to None, run_after=None
[2024-06-29T11:59:24.572+0000] {processor.py:183} INFO - Processing /home/airflow/.local/lib/python3.12/site-packages/airflow/example_dags/example_python_operator.py took 0.042 seconds
[2024-06-29T11:59:54.759+0000] {processor.py:161} INFO - Started process (PID=3118) to work on /home/airflow/.local/lib/python3.12/site-packages/airflow/example_dags/example_python_operator.py
[2024-06-29T11:59:54.760+0000] {processor.py:830} INFO - Processing file /home/airflow/.local/lib/python3.12/site-packages/airflow/example_dags/example_python_operator.py for tasks to queue
[2024-06-29T11:59:54.761+0000] {logging_mixin.py:188} INFO - [2024-06-29T11:59:54.761+0000] {dagbag.py:545} INFO - Filling up the DagBag from /home/airflow/.local/lib/python3.12/site-packages/airflow/example_dags/example_python_operator.py
[2024-06-29T11:59:54.767+0000] {processor.py:840} INFO - DAG(s) 'example_python_operator' retrieved from /home/airflow/.local/lib/python3.12/site-packages/airflow/example_dags/example_python_operator.py
[2024-06-29T11:59:54.781+0000] {logging_mixin.py:188} INFO - [2024-06-29T11:59:54.781+0000] {dag.py:3096} INFO - Sync 1 DAGs
[2024-06-29T11:59:54.788+0000] {logging_mixin.py:188} INFO - [2024-06-29T11:59:54.787+0000] {dag.py:3954} INFO - Setting next_dagrun for example_python_operator to None, run_after=None
[2024-06-29T11:59:54.797+0000] {processor.py:183} INFO - Processing /home/airflow/.local/lib/python3.12/site-packages/airflow/example_dags/example_python_operator.py took 0.041 seconds
[2024-06-29T12:00:24.919+0000] {processor.py:161} INFO - Started process (PID=3380) to work on /home/airflow/.local/lib/python3.12/site-packages/airflow/example_dags/example_python_operator.py
[2024-06-29T12:00:24.919+0000] {processor.py:830} INFO - Processing file /home/airflow/.local/lib/python3.12/site-packages/airflow/example_dags/example_python_operator.py for tasks to queue
[2024-06-29T12:00:24.920+0000] {logging_mixin.py:188} INFO - [2024-06-29T12:00:24.920+0000] {dagbag.py:545} INFO - Filling up the DagBag from /home/airflow/.local/lib/python3.12/site-packages/airflow/example_dags/example_python_operator.py
[2024-06-29T12:00:24.926+0000] {processor.py:840} INFO - DAG(s) 'example_python_operator' retrieved from /home/airflow/.local/lib/python3.12/site-packages/airflow/example_dags/example_python_operator.py
[2024-06-29T12:00:24.941+0000] {logging_mixin.py:188} INFO - [2024-06-29T12:00:24.941+0000] {dag.py:3096} INFO - Sync 1 DAGs
[2024-06-29T12:00:24.948+0000] {logging_mixin.py:188} INFO - [2024-06-29T12:00:24.947+0000] {dag.py:3954} INFO - Setting next_dagrun for example_python_operator to None, run_after=None
[2024-06-29T12:00:24.957+0000] {processor.py:183} INFO - Processing /home/airflow/.local/lib/python3.12/site-packages/airflow/example_dags/example_python_operator.py took 0.042 seconds
[2024-06-29T12:00:55.121+0000] {processor.py:161} INFO - Started process (PID=3642) to work on /home/airflow/.local/lib/python3.12/site-packages/airflow/example_dags/example_python_operator.py
[2024-06-29T12:00:55.121+0000] {processor.py:830} INFO - Processing file /home/airflow/.local/lib/python3.12/site-packages/airflow/example_dags/example_python_operator.py for tasks to queue
[2024-06-29T12:00:55.122+0000] {logging_mixin.py:188} INFO - [2024-06-29T12:00:55.122+0000] {dagbag.py:545} INFO - Filling up the DagBag from /home/airflow/.local/lib/python3.12/site-packages/airflow/example_dags/example_python_operator.py
[2024-06-29T12:00:55.128+0000] {processor.py:840} INFO - DAG(s) 'example_python_operator' retrieved from /home/airflow/.local/lib/python3.12/site-packages/airflow/example_dags/example_python_operator.py
[2024-06-29T12:00:55.142+0000] {logging_mixin.py:188} INFO - [2024-06-29T12:00:55.142+0000] {dag.py:3096} INFO - Sync 1 DAGs
[2024-06-29T12:00:55.148+0000] {logging_mixin.py:188} INFO - [2024-06-29T12:00:55.148+0000] {dag.py:3954} INFO - Setting next_dagrun for example_python_operator to None, run_after=None
[2024-06-29T12:00:55.156+0000] {processor.py:183} INFO - Processing /home/airflow/.local/lib/python3.12/site-packages/airflow/example_dags/example_python_operator.py took 0.039 seconds
[2024-06-29T12:01:25.325+0000] {processor.py:161} INFO - Started process (PID=3904) to work on /home/airflow/.local/lib/python3.12/site-packages/airflow/example_dags/example_python_operator.py
[2024-06-29T12:01:25.326+0000] {processor.py:830} INFO - Processing file /home/airflow/.local/lib/python3.12/site-packages/airflow/example_dags/example_python_operator.py for tasks to queue
[2024-06-29T12:01:25.327+0000] {logging_mixin.py:188} INFO - [2024-06-29T12:01:25.327+0000] {dagbag.py:545} INFO - Filling up the DagBag from /home/airflow/.local/lib/python3.12/site-packages/airflow/example_dags/example_python_operator.py
[2024-06-29T12:01:25.333+0000] {processor.py:840} INFO - DAG(s) 'example_python_operator' retrieved from /home/airflow/.local/lib/python3.12/site-packages/airflow/example_dags/example_python_operator.py
[2024-06-29T12:01:25.348+0000] {logging_mixin.py:188} INFO - [2024-06-29T12:01:25.348+0000] {dag.py:3096} INFO - Sync 1 DAGs
[2024-06-29T12:01:25.354+0000] {logging_mixin.py:188} INFO - [2024-06-29T12:01:25.354+0000] {dag.py:3954} INFO - Setting next_dagrun for example_python_operator to None, run_after=None
[2024-06-29T12:01:25.364+0000] {processor.py:183} INFO - Processing /home/airflow/.local/lib/python3.12/site-packages/airflow/example_dags/example_python_operator.py took 0.043 seconds
[2024-06-29T12:01:55.522+0000] {processor.py:161} INFO - Started process (PID=4166) to work on /home/airflow/.local/lib/python3.12/site-packages/airflow/example_dags/example_python_operator.py
[2024-06-29T12:01:55.523+0000] {processor.py:830} INFO - Processing file /home/airflow/.local/lib/python3.12/site-packages/airflow/example_dags/example_python_operator.py for tasks to queue
[2024-06-29T12:01:55.524+0000] {logging_mixin.py:188} INFO - [2024-06-29T12:01:55.524+0000] {dagbag.py:545} INFO - Filling up the DagBag from /home/airflow/.local/lib/python3.12/site-packages/airflow/example_dags/example_python_operator.py
[2024-06-29T12:01:55.539+0000] {processor.py:840} INFO - DAG(s) 'example_python_operator' retrieved from /home/airflow/.local/lib/python3.12/site-packages/airflow/example_dags/example_python_operator.py
[2024-06-29T12:01:55.565+0000] {logging_mixin.py:188} INFO - [2024-06-29T12:01:55.565+0000] {dag.py:3096} INFO - Sync 1 DAGs
[2024-06-29T12:01:55.573+0000] {logging_mixin.py:188} INFO - [2024-06-29T12:01:55.573+0000] {dag.py:3954} INFO - Setting next_dagrun for example_python_operator to None, run_after=None
[2024-06-29T12:01:55.584+0000] {processor.py:183} INFO - Processing /home/airflow/.local/lib/python3.12/site-packages/airflow/example_dags/example_python_operator.py took 0.066 seconds
[2024-06-29T12:02:25.841+0000] {processor.py:161} INFO - Started process (PID=4428) to work on /home/airflow/.local/lib/python3.12/site-packages/airflow/example_dags/example_python_operator.py
[2024-06-29T12:02:25.842+0000] {processor.py:830} INFO - Processing file /home/airflow/.local/lib/python3.12/site-packages/airflow/example_dags/example_python_operator.py for tasks to queue
[2024-06-29T12:02:25.843+0000] {logging_mixin.py:188} INFO - [2024-06-29T12:02:25.843+0000] {dagbag.py:545} INFO - Filling up the DagBag from /home/airflow/.local/lib/python3.12/site-packages/airflow/example_dags/example_python_operator.py
[2024-06-29T12:02:25.849+0000] {processor.py:840} INFO - DAG(s) 'example_python_operator' retrieved from /home/airflow/.local/lib/python3.12/site-packages/airflow/example_dags/example_python_operator.py
[2024-06-29T12:02:25.864+0000] {logging_mixin.py:188} INFO - [2024-06-29T12:02:25.864+0000] {dag.py:3096} INFO - Sync 1 DAGs
[2024-06-29T12:02:25.870+0000] {logging_mixin.py:188} INFO - [2024-06-29T12:02:25.870+0000] {dag.py:3954} INFO - Setting next_dagrun for example_python_operator to None, run_after=None
[2024-06-29T12:02:25.879+0000] {processor.py:183} INFO - Processing /home/airflow/.local/lib/python3.12/site-packages/airflow/example_dags/example_python_operator.py took 0.041 seconds
[2024-06-29T12:02:56.201+0000] {processor.py:161} INFO - Started process (PID=4690) to work on /home/airflow/.local/lib/python3.12/site-packages/airflow/example_dags/example_python_operator.py
[2024-06-29T12:02:56.202+0000] {processor.py:830} INFO - Processing file /home/airflow/.local/lib/python3.12/site-packages/airflow/example_dags/example_python_operator.py for tasks to queue
[2024-06-29T12:02:56.203+0000] {logging_mixin.py:188} INFO - [2024-06-29T12:02:56.202+0000] {dagbag.py:545} INFO - Filling up the DagBag from /home/airflow/.local/lib/python3.12/site-packages/airflow/example_dags/example_python_operator.py
[2024-06-29T12:02:56.208+0000] {processor.py:840} INFO - DAG(s) 'example_python_operator' retrieved from /home/airflow/.local/lib/python3.12/site-packages/airflow/example_dags/example_python_operator.py
[2024-06-29T12:02:56.223+0000] {logging_mixin.py:188} INFO - [2024-06-29T12:02:56.223+0000] {dag.py:3096} INFO - Sync 1 DAGs
[2024-06-29T12:02:56.229+0000] {logging_mixin.py:188} INFO - [2024-06-29T12:02:56.229+0000] {dag.py:3954} INFO - Setting next_dagrun for example_python_operator to None, run_after=None
[2024-06-29T12:02:56.238+0000] {processor.py:183} INFO - Processing /home/airflow/.local/lib/python3.12/site-packages/airflow/example_dags/example_python_operator.py took 0.041 seconds
[2024-06-29T12:03:26.421+0000] {processor.py:161} INFO - Started process (PID=4960) to work on /home/airflow/.local/lib/python3.12/site-packages/airflow/example_dags/example_python_operator.py
[2024-06-29T12:03:26.422+0000] {processor.py:830} INFO - Processing file /home/airflow/.local/lib/python3.12/site-packages/airflow/example_dags/example_python_operator.py for tasks to queue
[2024-06-29T12:03:26.423+0000] {logging_mixin.py:188} INFO - [2024-06-29T12:03:26.422+0000] {dagbag.py:545} INFO - Filling up the DagBag from /home/airflow/.local/lib/python3.12/site-packages/airflow/example_dags/example_python_operator.py
[2024-06-29T12:03:26.429+0000] {processor.py:840} INFO - DAG(s) 'example_python_operator' retrieved from /home/airflow/.local/lib/python3.12/site-packages/airflow/example_dags/example_python_operator.py
[2024-06-29T12:03:26.443+0000] {logging_mixin.py:188} INFO - [2024-06-29T12:03:26.443+0000] {dag.py:3096} INFO - Sync 1 DAGs
[2024-06-29T12:03:26.450+0000] {logging_mixin.py:188} INFO - [2024-06-29T12:03:26.450+0000] {dag.py:3954} INFO - Setting next_dagrun for example_python_operator to None, run_after=None
[2024-06-29T12:03:26.459+0000] {processor.py:183} INFO - Processing /home/airflow/.local/lib/python3.12/site-packages/airflow/example_dags/example_python_operator.py took 0.042 seconds
[2024-06-29T12:03:56.670+0000] {processor.py:161} INFO - Started process (PID=5222) to work on /home/airflow/.local/lib/python3.12/site-packages/airflow/example_dags/example_python_operator.py
[2024-06-29T12:03:56.671+0000] {processor.py:830} INFO - Processing file /home/airflow/.local/lib/python3.12/site-packages/airflow/example_dags/example_python_operator.py for tasks to queue
[2024-06-29T12:03:56.672+0000] {logging_mixin.py:188} INFO - [2024-06-29T12:03:56.672+0000] {dagbag.py:545} INFO - Filling up the DagBag from /home/airflow/.local/lib/python3.12/site-packages/airflow/example_dags/example_python_operator.py
[2024-06-29T12:03:56.678+0000] {processor.py:840} INFO - DAG(s) 'example_python_operator' retrieved from /home/airflow/.local/lib/python3.12/site-packages/airflow/example_dags/example_python_operator.py
[2024-06-29T12:03:56.692+0000] {logging_mixin.py:188} INFO - [2024-06-29T12:03:56.692+0000] {dag.py:3096} INFO - Sync 1 DAGs
[2024-06-29T12:03:56.699+0000] {logging_mixin.py:188} INFO - [2024-06-29T12:03:56.699+0000] {dag.py:3954} INFO - Setting next_dagrun for example_python_operator to None, run_after=None
[2024-06-29T12:03:56.709+0000] {processor.py:183} INFO - Processing /home/airflow/.local/lib/python3.12/site-packages/airflow/example_dags/example_python_operator.py took 0.042 seconds
[2024-06-29T12:04:26.988+0000] {processor.py:161} INFO - Started process (PID=5486) to work on /home/airflow/.local/lib/python3.12/site-packages/airflow/example_dags/example_python_operator.py
[2024-06-29T12:04:26.989+0000] {processor.py:830} INFO - Processing file /home/airflow/.local/lib/python3.12/site-packages/airflow/example_dags/example_python_operator.py for tasks to queue
[2024-06-29T12:04:26.990+0000] {logging_mixin.py:188} INFO - [2024-06-29T12:04:26.989+0000] {dagbag.py:545} INFO - Filling up the DagBag from /home/airflow/.local/lib/python3.12/site-packages/airflow/example_dags/example_python_operator.py
[2024-06-29T12:04:26.996+0000] {processor.py:840} INFO - DAG(s) 'example_python_operator' retrieved from /home/airflow/.local/lib/python3.12/site-packages/airflow/example_dags/example_python_operator.py
[2024-06-29T12:04:27.009+0000] {logging_mixin.py:188} INFO - [2024-06-29T12:04:27.009+0000] {dag.py:3096} INFO - Sync 1 DAGs
[2024-06-29T12:04:27.015+0000] {logging_mixin.py:188} INFO - [2024-06-29T12:04:27.015+0000] {dag.py:3954} INFO - Setting next_dagrun for example_python_operator to None, run_after=None
[2024-06-29T12:04:27.024+0000] {processor.py:183} INFO - Processing /home/airflow/.local/lib/python3.12/site-packages/airflow/example_dags/example_python_operator.py took 0.039 seconds
[2024-06-29T12:04:57.252+0000] {processor.py:161} INFO - Started process (PID=5746) to work on /home/airflow/.local/lib/python3.12/site-packages/airflow/example_dags/example_python_operator.py
[2024-06-29T12:04:57.253+0000] {processor.py:830} INFO - Processing file /home/airflow/.local/lib/python3.12/site-packages/airflow/example_dags/example_python_operator.py for tasks to queue
[2024-06-29T12:04:57.254+0000] {logging_mixin.py:188} INFO - [2024-06-29T12:04:57.254+0000] {dagbag.py:545} INFO - Filling up the DagBag from /home/airflow/.local/lib/python3.12/site-packages/airflow/example_dags/example_python_operator.py
[2024-06-29T12:04:57.260+0000] {processor.py:840} INFO - DAG(s) 'example_python_operator' retrieved from /home/airflow/.local/lib/python3.12/site-packages/airflow/example_dags/example_python_operator.py
[2024-06-29T12:04:57.275+0000] {logging_mixin.py:188} INFO - [2024-06-29T12:04:57.275+0000] {dag.py:3096} INFO - Sync 1 DAGs
[2024-06-29T12:04:57.282+0000] {logging_mixin.py:188} INFO - [2024-06-29T12:04:57.282+0000] {dag.py:3954} INFO - Setting next_dagrun for example_python_operator to None, run_after=None
[2024-06-29T12:04:57.291+0000] {processor.py:183} INFO - Processing /home/airflow/.local/lib/python3.12/site-packages/airflow/example_dags/example_python_operator.py took 0.043 seconds
[2024-06-29T12:05:27.430+0000] {processor.py:161} INFO - Started process (PID=6010) to work on /home/airflow/.local/lib/python3.12/site-packages/airflow/example_dags/example_python_operator.py
[2024-06-29T12:05:27.431+0000] {processor.py:830} INFO - Processing file /home/airflow/.local/lib/python3.12/site-packages/airflow/example_dags/example_python_operator.py for tasks to queue
[2024-06-29T12:05:27.432+0000] {logging_mixin.py:188} INFO - [2024-06-29T12:05:27.432+0000] {dagbag.py:545} INFO - Filling up the DagBag from /home/airflow/.local/lib/python3.12/site-packages/airflow/example_dags/example_python_operator.py
[2024-06-29T12:05:27.438+0000] {processor.py:840} INFO - DAG(s) 'example_python_operator' retrieved from /home/airflow/.local/lib/python3.12/site-packages/airflow/example_dags/example_python_operator.py
[2024-06-29T12:05:27.453+0000] {logging_mixin.py:188} INFO - [2024-06-29T12:05:27.453+0000] {dag.py:3096} INFO - Sync 1 DAGs
[2024-06-29T12:05:27.459+0000] {logging_mixin.py:188} INFO - [2024-06-29T12:05:27.459+0000] {dag.py:3954} INFO - Setting next_dagrun for example_python_operator to None, run_after=None
[2024-06-29T12:05:27.469+0000] {processor.py:183} INFO - Processing /home/airflow/.local/lib/python3.12/site-packages/airflow/example_dags/example_python_operator.py took 0.042 seconds
[2024-06-29T12:05:57.800+0000] {processor.py:161} INFO - Started process (PID=6271) to work on /home/airflow/.local/lib/python3.12/site-packages/airflow/example_dags/example_python_operator.py
[2024-06-29T12:05:57.801+0000] {processor.py:830} INFO - Processing file /home/airflow/.local/lib/python3.12/site-packages/airflow/example_dags/example_python_operator.py for tasks to queue
[2024-06-29T12:05:57.802+0000] {logging_mixin.py:188} INFO - [2024-06-29T12:05:57.802+0000] {dagbag.py:545} INFO - Filling up the DagBag from /home/airflow/.local/lib/python3.12/site-packages/airflow/example_dags/example_python_operator.py
[2024-06-29T12:05:57.808+0000] {processor.py:840} INFO - DAG(s) 'example_python_operator' retrieved from /home/airflow/.local/lib/python3.12/site-packages/airflow/example_dags/example_python_operator.py
[2024-06-29T12:05:57.822+0000] {logging_mixin.py:188} INFO - [2024-06-29T12:05:57.822+0000] {dag.py:3096} INFO - Sync 1 DAGs
[2024-06-29T12:05:57.829+0000] {logging_mixin.py:188} INFO - [2024-06-29T12:05:57.829+0000] {dag.py:3954} INFO - Setting next_dagrun for example_python_operator to None, run_after=None
[2024-06-29T12:05:57.837+0000] {processor.py:183} INFO - Processing /home/airflow/.local/lib/python3.12/site-packages/airflow/example_dags/example_python_operator.py took 0.040 seconds
[2024-06-29T12:06:28.012+0000] {processor.py:161} INFO - Started process (PID=6532) to work on /home/airflow/.local/lib/python3.12/site-packages/airflow/example_dags/example_python_operator.py
[2024-06-29T12:06:28.012+0000] {processor.py:830} INFO - Processing file /home/airflow/.local/lib/python3.12/site-packages/airflow/example_dags/example_python_operator.py for tasks to queue
[2024-06-29T12:06:28.014+0000] {logging_mixin.py:188} INFO - [2024-06-29T12:06:28.013+0000] {dagbag.py:545} INFO - Filling up the DagBag from /home/airflow/.local/lib/python3.12/site-packages/airflow/example_dags/example_python_operator.py
[2024-06-29T12:06:28.019+0000] {processor.py:840} INFO - DAG(s) 'example_python_operator' retrieved from /home/airflow/.local/lib/python3.12/site-packages/airflow/example_dags/example_python_operator.py
[2024-06-29T12:06:28.033+0000] {logging_mixin.py:188} INFO - [2024-06-29T12:06:28.033+0000] {dag.py:3096} INFO - Sync 1 DAGs
[2024-06-29T12:06:28.039+0000] {logging_mixin.py:188} INFO - [2024-06-29T12:06:28.039+0000] {dag.py:3954} INFO - Setting next_dagrun for example_python_operator to None, run_after=None
[2024-06-29T12:06:28.049+0000] {processor.py:183} INFO - Processing /home/airflow/.local/lib/python3.12/site-packages/airflow/example_dags/example_python_operator.py took 0.040 seconds
[2024-06-29T12:06:58.214+0000] {processor.py:161} INFO - Started process (PID=6795) to work on /home/airflow/.local/lib/python3.12/site-packages/airflow/example_dags/example_python_operator.py
[2024-06-29T12:06:58.215+0000] {processor.py:830} INFO - Processing file /home/airflow/.local/lib/python3.12/site-packages/airflow/example_dags/example_python_operator.py for tasks to queue
[2024-06-29T12:06:58.216+0000] {logging_mixin.py:188} INFO - [2024-06-29T12:06:58.215+0000] {dagbag.py:545} INFO - Filling up the DagBag from /home/airflow/.local/lib/python3.12/site-packages/airflow/example_dags/example_python_operator.py
[2024-06-29T12:06:58.221+0000] {processor.py:840} INFO - DAG(s) 'example_python_operator' retrieved from /home/airflow/.local/lib/python3.12/site-packages/airflow/example_dags/example_python_operator.py
[2024-06-29T12:06:58.236+0000] {logging_mixin.py:188} INFO - [2024-06-29T12:06:58.236+0000] {dag.py:3096} INFO - Sync 1 DAGs
[2024-06-29T12:06:58.243+0000] {logging_mixin.py:188} INFO - [2024-06-29T12:06:58.242+0000] {dag.py:3954} INFO - Setting next_dagrun for example_python_operator to None, run_after=None
[2024-06-29T12:06:58.251+0000] {processor.py:183} INFO - Processing /home/airflow/.local/lib/python3.12/site-packages/airflow/example_dags/example_python_operator.py took 0.041 seconds
[2024-06-29T12:07:28.458+0000] {processor.py:161} INFO - Started process (PID=7059) to work on /home/airflow/.local/lib/python3.12/site-packages/airflow/example_dags/example_python_operator.py
[2024-06-29T12:07:28.458+0000] {processor.py:830} INFO - Processing file /home/airflow/.local/lib/python3.12/site-packages/airflow/example_dags/example_python_operator.py for tasks to queue
[2024-06-29T12:07:28.459+0000] {logging_mixin.py:188} INFO - [2024-06-29T12:07:28.459+0000] {dagbag.py:545} INFO - Filling up the DagBag from /home/airflow/.local/lib/python3.12/site-packages/airflow/example_dags/example_python_operator.py
[2024-06-29T12:07:28.465+0000] {processor.py:840} INFO - DAG(s) 'example_python_operator' retrieved from /home/airflow/.local/lib/python3.12/site-packages/airflow/example_dags/example_python_operator.py
[2024-06-29T12:07:28.480+0000] {logging_mixin.py:188} INFO - [2024-06-29T12:07:28.480+0000] {dag.py:3096} INFO - Sync 1 DAGs
[2024-06-29T12:07:28.486+0000] {logging_mixin.py:188} INFO - [2024-06-29T12:07:28.486+0000] {dag.py:3954} INFO - Setting next_dagrun for example_python_operator to None, run_after=None
[2024-06-29T12:07:28.495+0000] {processor.py:183} INFO - Processing /home/airflow/.local/lib/python3.12/site-packages/airflow/example_dags/example_python_operator.py took 0.041 seconds
[2024-06-29T12:07:58.559+0000] {processor.py:161} INFO - Started process (PID=7319) to work on /home/airflow/.local/lib/python3.12/site-packages/airflow/example_dags/example_python_operator.py
[2024-06-29T12:07:58.560+0000] {processor.py:830} INFO - Processing file /home/airflow/.local/lib/python3.12/site-packages/airflow/example_dags/example_python_operator.py for tasks to queue
[2024-06-29T12:07:58.561+0000] {logging_mixin.py:188} INFO - [2024-06-29T12:07:58.561+0000] {dagbag.py:545} INFO - Filling up the DagBag from /home/airflow/.local/lib/python3.12/site-packages/airflow/example_dags/example_python_operator.py
[2024-06-29T12:07:58.567+0000] {processor.py:840} INFO - DAG(s) 'example_python_operator' retrieved from /home/airflow/.local/lib/python3.12/site-packages/airflow/example_dags/example_python_operator.py
[2024-06-29T12:07:58.583+0000] {logging_mixin.py:188} INFO - [2024-06-29T12:07:58.583+0000] {dag.py:3096} INFO - Sync 1 DAGs
[2024-06-29T12:07:58.590+0000] {logging_mixin.py:188} INFO - [2024-06-29T12:07:58.590+0000] {dag.py:3954} INFO - Setting next_dagrun for example_python_operator to None, run_after=None
[2024-06-29T12:07:58.601+0000] {processor.py:183} INFO - Processing /home/airflow/.local/lib/python3.12/site-packages/airflow/example_dags/example_python_operator.py took 0.046 seconds
[2024-06-29T12:08:28.668+0000] {processor.py:161} INFO - Started process (PID=7577) to work on /home/airflow/.local/lib/python3.12/site-packages/airflow/example_dags/example_python_operator.py
[2024-06-29T12:08:28.669+0000] {processor.py:830} INFO - Processing file /home/airflow/.local/lib/python3.12/site-packages/airflow/example_dags/example_python_operator.py for tasks to queue
[2024-06-29T12:08:28.670+0000] {logging_mixin.py:188} INFO - [2024-06-29T12:08:28.670+0000] {dagbag.py:545} INFO - Filling up the DagBag from /home/airflow/.local/lib/python3.12/site-packages/airflow/example_dags/example_python_operator.py
[2024-06-29T12:08:28.676+0000] {processor.py:840} INFO - DAG(s) 'example_python_operator' retrieved from /home/airflow/.local/lib/python3.12/site-packages/airflow/example_dags/example_python_operator.py
[2024-06-29T12:08:28.690+0000] {logging_mixin.py:188} INFO - [2024-06-29T12:08:28.690+0000] {dag.py:3096} INFO - Sync 1 DAGs
[2024-06-29T12:08:28.697+0000] {logging_mixin.py:188} INFO - [2024-06-29T12:08:28.697+0000] {dag.py:3954} INFO - Setting next_dagrun for example_python_operator to None, run_after=None
[2024-06-29T12:08:28.706+0000] {processor.py:183} INFO - Processing /home/airflow/.local/lib/python3.12/site-packages/airflow/example_dags/example_python_operator.py took 0.042 seconds
[2024-06-29T12:08:58.971+0000] {processor.py:161} INFO - Started process (PID=7845) to work on /home/airflow/.local/lib/python3.12/site-packages/airflow/example_dags/example_python_operator.py
[2024-06-29T12:08:58.972+0000] {processor.py:830} INFO - Processing file /home/airflow/.local/lib/python3.12/site-packages/airflow/example_dags/example_python_operator.py for tasks to queue
[2024-06-29T12:08:58.973+0000] {logging_mixin.py:188} INFO - [2024-06-29T12:08:58.973+0000] {dagbag.py:545} INFO - Filling up the DagBag from /home/airflow/.local/lib/python3.12/site-packages/airflow/example_dags/example_python_operator.py
[2024-06-29T12:08:58.980+0000] {processor.py:840} INFO - DAG(s) 'example_python_operator' retrieved from /home/airflow/.local/lib/python3.12/site-packages/airflow/example_dags/example_python_operator.py
[2024-06-29T12:08:58.996+0000] {logging_mixin.py:188} INFO - [2024-06-29T12:08:58.996+0000] {dag.py:3096} INFO - Sync 1 DAGs
[2024-06-29T12:08:59.004+0000] {logging_mixin.py:188} INFO - [2024-06-29T12:08:59.003+0000] {dag.py:3954} INFO - Setting next_dagrun for example_python_operator to None, run_after=None
[2024-06-29T12:08:59.014+0000] {processor.py:183} INFO - Processing /home/airflow/.local/lib/python3.12/site-packages/airflow/example_dags/example_python_operator.py took 0.046 seconds
[2024-06-29T12:09:29.292+0000] {processor.py:161} INFO - Started process (PID=8102) to work on /home/airflow/.local/lib/python3.12/site-packages/airflow/example_dags/example_python_operator.py
[2024-06-29T12:09:29.293+0000] {processor.py:830} INFO - Processing file /home/airflow/.local/lib/python3.12/site-packages/airflow/example_dags/example_python_operator.py for tasks to queue
[2024-06-29T12:09:29.294+0000] {logging_mixin.py:188} INFO - [2024-06-29T12:09:29.294+0000] {dagbag.py:545} INFO - Filling up the DagBag from /home/airflow/.local/lib/python3.12/site-packages/airflow/example_dags/example_python_operator.py
[2024-06-29T12:09:29.300+0000] {processor.py:840} INFO - DAG(s) 'example_python_operator' retrieved from /home/airflow/.local/lib/python3.12/site-packages/airflow/example_dags/example_python_operator.py
[2024-06-29T12:09:29.314+0000] {logging_mixin.py:188} INFO - [2024-06-29T12:09:29.314+0000] {dag.py:3096} INFO - Sync 1 DAGs
[2024-06-29T12:09:29.321+0000] {logging_mixin.py:188} INFO - [2024-06-29T12:09:29.320+0000] {dag.py:3954} INFO - Setting next_dagrun for example_python_operator to None, run_after=None
[2024-06-29T12:09:29.330+0000] {processor.py:183} INFO - Processing /home/airflow/.local/lib/python3.12/site-packages/airflow/example_dags/example_python_operator.py took 0.041 seconds
[2024-06-29T12:09:59.828+0000] {processor.py:161} INFO - Started process (PID=8371) to work on /home/airflow/.local/lib/python3.12/site-packages/airflow/example_dags/example_python_operator.py
[2024-06-29T12:09:59.829+0000] {processor.py:830} INFO - Processing file /home/airflow/.local/lib/python3.12/site-packages/airflow/example_dags/example_python_operator.py for tasks to queue
[2024-06-29T12:09:59.830+0000] {logging_mixin.py:188} INFO - [2024-06-29T12:09:59.830+0000] {dagbag.py:545} INFO - Filling up the DagBag from /home/airflow/.local/lib/python3.12/site-packages/airflow/example_dags/example_python_operator.py
[2024-06-29T12:09:59.836+0000] {processor.py:840} INFO - DAG(s) 'example_python_operator' retrieved from /home/airflow/.local/lib/python3.12/site-packages/airflow/example_dags/example_python_operator.py
[2024-06-29T12:09:59.850+0000] {logging_mixin.py:188} INFO - [2024-06-29T12:09:59.850+0000] {dag.py:3096} INFO - Sync 1 DAGs
[2024-06-29T12:09:59.857+0000] {logging_mixin.py:188} INFO - [2024-06-29T12:09:59.856+0000] {dag.py:3954} INFO - Setting next_dagrun for example_python_operator to None, run_after=None
[2024-06-29T12:09:59.866+0000] {processor.py:183} INFO - Processing /home/airflow/.local/lib/python3.12/site-packages/airflow/example_dags/example_python_operator.py took 0.041 seconds
[2024-06-29T12:10:30.404+0000] {processor.py:161} INFO - Started process (PID=8631) to work on /home/airflow/.local/lib/python3.12/site-packages/airflow/example_dags/example_python_operator.py
[2024-06-29T12:10:30.404+0000] {processor.py:830} INFO - Processing file /home/airflow/.local/lib/python3.12/site-packages/airflow/example_dags/example_python_operator.py for tasks to queue
[2024-06-29T12:10:30.405+0000] {logging_mixin.py:188} INFO - [2024-06-29T12:10:30.405+0000] {dagbag.py:545} INFO - Filling up the DagBag from /home/airflow/.local/lib/python3.12/site-packages/airflow/example_dags/example_python_operator.py
[2024-06-29T12:10:30.411+0000] {processor.py:840} INFO - DAG(s) 'example_python_operator' retrieved from /home/airflow/.local/lib/python3.12/site-packages/airflow/example_dags/example_python_operator.py
[2024-06-29T12:10:30.425+0000] {logging_mixin.py:188} INFO - [2024-06-29T12:10:30.425+0000] {dag.py:3096} INFO - Sync 1 DAGs
[2024-06-29T12:10:30.431+0000] {logging_mixin.py:188} INFO - [2024-06-29T12:10:30.431+0000] {dag.py:3954} INFO - Setting next_dagrun for example_python_operator to None, run_after=None
[2024-06-29T12:10:30.440+0000] {processor.py:183} INFO - Processing /home/airflow/.local/lib/python3.12/site-packages/airflow/example_dags/example_python_operator.py took 0.040 seconds
[2024-06-29T12:11:01.130+0000] {processor.py:161} INFO - Started process (PID=8893) to work on /home/airflow/.local/lib/python3.12/site-packages/airflow/example_dags/example_python_operator.py
[2024-06-29T12:11:01.130+0000] {processor.py:830} INFO - Processing file /home/airflow/.local/lib/python3.12/site-packages/airflow/example_dags/example_python_operator.py for tasks to queue
[2024-06-29T12:11:01.132+0000] {logging_mixin.py:188} INFO - [2024-06-29T12:11:01.131+0000] {dagbag.py:545} INFO - Filling up the DagBag from /home/airflow/.local/lib/python3.12/site-packages/airflow/example_dags/example_python_operator.py
[2024-06-29T12:11:01.137+0000] {processor.py:840} INFO - DAG(s) 'example_python_operator' retrieved from /home/airflow/.local/lib/python3.12/site-packages/airflow/example_dags/example_python_operator.py
[2024-06-29T12:11:01.152+0000] {logging_mixin.py:188} INFO - [2024-06-29T12:11:01.151+0000] {dag.py:3096} INFO - Sync 1 DAGs
[2024-06-29T12:11:01.158+0000] {logging_mixin.py:188} INFO - [2024-06-29T12:11:01.158+0000] {dag.py:3954} INFO - Setting next_dagrun for example_python_operator to None, run_after=None
[2024-06-29T12:11:01.166+0000] {processor.py:183} INFO - Processing /home/airflow/.local/lib/python3.12/site-packages/airflow/example_dags/example_python_operator.py took 0.040 seconds
[2024-06-29T12:11:31.732+0000] {processor.py:161} INFO - Started process (PID=9155) to work on /home/airflow/.local/lib/python3.12/site-packages/airflow/example_dags/example_python_operator.py
[2024-06-29T12:11:31.733+0000] {processor.py:830} INFO - Processing file /home/airflow/.local/lib/python3.12/site-packages/airflow/example_dags/example_python_operator.py for tasks to queue
[2024-06-29T12:11:31.734+0000] {logging_mixin.py:188} INFO - [2024-06-29T12:11:31.734+0000] {dagbag.py:545} INFO - Filling up the DagBag from /home/airflow/.local/lib/python3.12/site-packages/airflow/example_dags/example_python_operator.py
[2024-06-29T12:11:31.740+0000] {processor.py:840} INFO - DAG(s) 'example_python_operator' retrieved from /home/airflow/.local/lib/python3.12/site-packages/airflow/example_dags/example_python_operator.py
[2024-06-29T12:11:31.755+0000] {logging_mixin.py:188} INFO - [2024-06-29T12:11:31.755+0000] {dag.py:3096} INFO - Sync 1 DAGs
[2024-06-29T12:11:31.761+0000] {logging_mixin.py:188} INFO - [2024-06-29T12:11:31.761+0000] {dag.py:3954} INFO - Setting next_dagrun for example_python_operator to None, run_after=None
[2024-06-29T12:11:31.770+0000] {processor.py:183} INFO - Processing /home/airflow/.local/lib/python3.12/site-packages/airflow/example_dags/example_python_operator.py took 0.042 seconds
[2024-06-29T12:12:02.340+0000] {processor.py:161} INFO - Started process (PID=9417) to work on /home/airflow/.local/lib/python3.12/site-packages/airflow/example_dags/example_python_operator.py
[2024-06-29T12:12:02.341+0000] {processor.py:830} INFO - Processing file /home/airflow/.local/lib/python3.12/site-packages/airflow/example_dags/example_python_operator.py for tasks to queue
[2024-06-29T12:12:02.342+0000] {logging_mixin.py:188} INFO - [2024-06-29T12:12:02.342+0000] {dagbag.py:545} INFO - Filling up the DagBag from /home/airflow/.local/lib/python3.12/site-packages/airflow/example_dags/example_python_operator.py
[2024-06-29T12:12:02.348+0000] {processor.py:840} INFO - DAG(s) 'example_python_operator' retrieved from /home/airflow/.local/lib/python3.12/site-packages/airflow/example_dags/example_python_operator.py
[2024-06-29T12:12:02.362+0000] {logging_mixin.py:188} INFO - [2024-06-29T12:12:02.362+0000] {dag.py:3096} INFO - Sync 1 DAGs
[2024-06-29T12:12:02.369+0000] {logging_mixin.py:188} INFO - [2024-06-29T12:12:02.369+0000] {dag.py:3954} INFO - Setting next_dagrun for example_python_operator to None, run_after=None
[2024-06-29T12:12:02.377+0000] {processor.py:183} INFO - Processing /home/airflow/.local/lib/python3.12/site-packages/airflow/example_dags/example_python_operator.py took 0.041 seconds
[2024-06-29T12:12:32.409+0000] {processor.py:161} INFO - Started process (PID=9680) to work on /home/airflow/.local/lib/python3.12/site-packages/airflow/example_dags/example_python_operator.py
[2024-06-29T12:12:32.409+0000] {processor.py:830} INFO - Processing file /home/airflow/.local/lib/python3.12/site-packages/airflow/example_dags/example_python_operator.py for tasks to queue
[2024-06-29T12:12:32.410+0000] {logging_mixin.py:188} INFO - [2024-06-29T12:12:32.410+0000] {dagbag.py:545} INFO - Filling up the DagBag from /home/airflow/.local/lib/python3.12/site-packages/airflow/example_dags/example_python_operator.py
[2024-06-29T12:12:32.416+0000] {processor.py:840} INFO - DAG(s) 'example_python_operator' retrieved from /home/airflow/.local/lib/python3.12/site-packages/airflow/example_dags/example_python_operator.py
[2024-06-29T12:12:32.431+0000] {logging_mixin.py:188} INFO - [2024-06-29T12:12:32.431+0000] {dag.py:3096} INFO - Sync 1 DAGs
[2024-06-29T12:12:32.437+0000] {logging_mixin.py:188} INFO - [2024-06-29T12:12:32.437+0000] {dag.py:3954} INFO - Setting next_dagrun for example_python_operator to None, run_after=None
[2024-06-29T12:12:32.446+0000] {processor.py:183} INFO - Processing /home/airflow/.local/lib/python3.12/site-packages/airflow/example_dags/example_python_operator.py took 0.041 seconds
[2024-06-29T12:13:02.600+0000] {processor.py:161} INFO - Started process (PID=9942) to work on /home/airflow/.local/lib/python3.12/site-packages/airflow/example_dags/example_python_operator.py
[2024-06-29T12:13:02.600+0000] {processor.py:830} INFO - Processing file /home/airflow/.local/lib/python3.12/site-packages/airflow/example_dags/example_python_operator.py for tasks to queue
[2024-06-29T12:13:02.601+0000] {logging_mixin.py:188} INFO - [2024-06-29T12:13:02.601+0000] {dagbag.py:545} INFO - Filling up the DagBag from /home/airflow/.local/lib/python3.12/site-packages/airflow/example_dags/example_python_operator.py
[2024-06-29T12:13:02.607+0000] {processor.py:840} INFO - DAG(s) 'example_python_operator' retrieved from /home/airflow/.local/lib/python3.12/site-packages/airflow/example_dags/example_python_operator.py
[2024-06-29T12:13:02.622+0000] {logging_mixin.py:188} INFO - [2024-06-29T12:13:02.622+0000] {dag.py:3096} INFO - Sync 1 DAGs
[2024-06-29T12:13:02.628+0000] {logging_mixin.py:188} INFO - [2024-06-29T12:13:02.628+0000] {dag.py:3954} INFO - Setting next_dagrun for example_python_operator to None, run_after=None
[2024-06-29T12:13:02.638+0000] {processor.py:183} INFO - Processing /home/airflow/.local/lib/python3.12/site-packages/airflow/example_dags/example_python_operator.py took 0.042 seconds
[2024-06-29T12:13:32.842+0000] {processor.py:161} INFO - Started process (PID=10203) to work on /home/airflow/.local/lib/python3.12/site-packages/airflow/example_dags/example_python_operator.py
[2024-06-29T12:13:32.843+0000] {processor.py:830} INFO - Processing file /home/airflow/.local/lib/python3.12/site-packages/airflow/example_dags/example_python_operator.py for tasks to queue
[2024-06-29T12:13:32.844+0000] {logging_mixin.py:188} INFO - [2024-06-29T12:13:32.844+0000] {dagbag.py:545} INFO - Filling up the DagBag from /home/airflow/.local/lib/python3.12/site-packages/airflow/example_dags/example_python_operator.py
[2024-06-29T12:13:32.850+0000] {processor.py:840} INFO - DAG(s) 'example_python_operator' retrieved from /home/airflow/.local/lib/python3.12/site-packages/airflow/example_dags/example_python_operator.py
[2024-06-29T12:13:32.864+0000] {logging_mixin.py:188} INFO - [2024-06-29T12:13:32.864+0000] {dag.py:3096} INFO - Sync 1 DAGs
[2024-06-29T12:13:32.871+0000] {logging_mixin.py:188} INFO - [2024-06-29T12:13:32.871+0000] {dag.py:3954} INFO - Setting next_dagrun for example_python_operator to None, run_after=None
[2024-06-29T12:13:32.881+0000] {processor.py:183} INFO - Processing /home/airflow/.local/lib/python3.12/site-packages/airflow/example_dags/example_python_operator.py took 0.042 seconds
[2024-06-29T12:14:03.003+0000] {processor.py:161} INFO - Started process (PID=10465) to work on /home/airflow/.local/lib/python3.12/site-packages/airflow/example_dags/example_python_operator.py
[2024-06-29T12:14:03.004+0000] {processor.py:830} INFO - Processing file /home/airflow/.local/lib/python3.12/site-packages/airflow/example_dags/example_python_operator.py for tasks to queue
[2024-06-29T12:14:03.005+0000] {logging_mixin.py:188} INFO - [2024-06-29T12:14:03.005+0000] {dagbag.py:545} INFO - Filling up the DagBag from /home/airflow/.local/lib/python3.12/site-packages/airflow/example_dags/example_python_operator.py
[2024-06-29T12:14:03.011+0000] {processor.py:840} INFO - DAG(s) 'example_python_operator' retrieved from /home/airflow/.local/lib/python3.12/site-packages/airflow/example_dags/example_python_operator.py
[2024-06-29T12:14:03.026+0000] {logging_mixin.py:188} INFO - [2024-06-29T12:14:03.025+0000] {dag.py:3096} INFO - Sync 1 DAGs
[2024-06-29T12:14:03.033+0000] {logging_mixin.py:188} INFO - [2024-06-29T12:14:03.032+0000] {dag.py:3954} INFO - Setting next_dagrun for example_python_operator to None, run_after=None
[2024-06-29T12:14:03.043+0000] {processor.py:183} INFO - Processing /home/airflow/.local/lib/python3.12/site-packages/airflow/example_dags/example_python_operator.py took 0.044 seconds
[2024-06-29T12:14:33.140+0000] {processor.py:161} INFO - Started process (PID=10727) to work on /home/airflow/.local/lib/python3.12/site-packages/airflow/example_dags/example_python_operator.py
[2024-06-29T12:14:33.141+0000] {processor.py:830} INFO - Processing file /home/airflow/.local/lib/python3.12/site-packages/airflow/example_dags/example_python_operator.py for tasks to queue
[2024-06-29T12:14:33.142+0000] {logging_mixin.py:188} INFO - [2024-06-29T12:14:33.142+0000] {dagbag.py:545} INFO - Filling up the DagBag from /home/airflow/.local/lib/python3.12/site-packages/airflow/example_dags/example_python_operator.py
[2024-06-29T12:14:33.148+0000] {processor.py:840} INFO - DAG(s) 'example_python_operator' retrieved from /home/airflow/.local/lib/python3.12/site-packages/airflow/example_dags/example_python_operator.py
[2024-06-29T12:14:33.162+0000] {logging_mixin.py:188} INFO - [2024-06-29T12:14:33.162+0000] {dag.py:3096} INFO - Sync 1 DAGs
[2024-06-29T12:14:33.169+0000] {logging_mixin.py:188} INFO - [2024-06-29T12:14:33.169+0000] {dag.py:3954} INFO - Setting next_dagrun for example_python_operator to None, run_after=None
[2024-06-29T12:14:33.179+0000] {processor.py:183} INFO - Processing /home/airflow/.local/lib/python3.12/site-packages/airflow/example_dags/example_python_operator.py took 0.042 seconds
[2024-06-29T12:15:04.069+0000] {processor.py:161} INFO - Started process (PID=10983) to work on /home/airflow/.local/lib/python3.12/site-packages/airflow/example_dags/example_python_operator.py
[2024-06-29T12:15:04.070+0000] {processor.py:830} INFO - Processing file /home/airflow/.local/lib/python3.12/site-packages/airflow/example_dags/example_python_operator.py for tasks to queue
[2024-06-29T12:15:04.071+0000] {logging_mixin.py:188} INFO - [2024-06-29T12:15:04.071+0000] {dagbag.py:545} INFO - Filling up the DagBag from /home/airflow/.local/lib/python3.12/site-packages/airflow/example_dags/example_python_operator.py
[2024-06-29T12:15:04.077+0000] {processor.py:840} INFO - DAG(s) 'example_python_operator' retrieved from /home/airflow/.local/lib/python3.12/site-packages/airflow/example_dags/example_python_operator.py
[2024-06-29T12:15:04.092+0000] {logging_mixin.py:188} INFO - [2024-06-29T12:15:04.091+0000] {dag.py:3096} INFO - Sync 1 DAGs
[2024-06-29T12:15:04.099+0000] {logging_mixin.py:188} INFO - [2024-06-29T12:15:04.098+0000] {dag.py:3954} INFO - Setting next_dagrun for example_python_operator to None, run_after=None
[2024-06-29T12:15:04.108+0000] {processor.py:183} INFO - Processing /home/airflow/.local/lib/python3.12/site-packages/airflow/example_dags/example_python_operator.py took 0.042 seconds
[2024-06-29T12:15:34.297+0000] {processor.py:161} INFO - Started process (PID=11245) to work on /home/airflow/.local/lib/python3.12/site-packages/airflow/example_dags/example_python_operator.py
[2024-06-29T12:15:34.298+0000] {processor.py:830} INFO - Processing file /home/airflow/.local/lib/python3.12/site-packages/airflow/example_dags/example_python_operator.py for tasks to queue
[2024-06-29T12:15:34.299+0000] {logging_mixin.py:188} INFO - [2024-06-29T12:15:34.299+0000] {dagbag.py:545} INFO - Filling up the DagBag from /home/airflow/.local/lib/python3.12/site-packages/airflow/example_dags/example_python_operator.py
[2024-06-29T12:15:34.305+0000] {processor.py:840} INFO - DAG(s) 'example_python_operator' retrieved from /home/airflow/.local/lib/python3.12/site-packages/airflow/example_dags/example_python_operator.py
[2024-06-29T12:15:34.320+0000] {logging_mixin.py:188} INFO - [2024-06-29T12:15:34.320+0000] {dag.py:3096} INFO - Sync 1 DAGs
[2024-06-29T12:15:34.328+0000] {logging_mixin.py:188} INFO - [2024-06-29T12:15:34.327+0000] {dag.py:3954} INFO - Setting next_dagrun for example_python_operator to None, run_after=None
[2024-06-29T12:15:34.337+0000] {processor.py:183} INFO - Processing /home/airflow/.local/lib/python3.12/site-packages/airflow/example_dags/example_python_operator.py took 0.044 seconds
[2024-06-29T12:16:04.526+0000] {processor.py:161} INFO - Started process (PID=11508) to work on /home/airflow/.local/lib/python3.12/site-packages/airflow/example_dags/example_python_operator.py
[2024-06-29T12:16:04.526+0000] {processor.py:830} INFO - Processing file /home/airflow/.local/lib/python3.12/site-packages/airflow/example_dags/example_python_operator.py for tasks to queue
[2024-06-29T12:16:04.527+0000] {logging_mixin.py:188} INFO - [2024-06-29T12:16:04.527+0000] {dagbag.py:545} INFO - Filling up the DagBag from /home/airflow/.local/lib/python3.12/site-packages/airflow/example_dags/example_python_operator.py
[2024-06-29T12:16:04.533+0000] {processor.py:840} INFO - DAG(s) 'example_python_operator' retrieved from /home/airflow/.local/lib/python3.12/site-packages/airflow/example_dags/example_python_operator.py
[2024-06-29T12:16:04.548+0000] {logging_mixin.py:188} INFO - [2024-06-29T12:16:04.548+0000] {dag.py:3096} INFO - Sync 1 DAGs
[2024-06-29T12:16:04.555+0000] {logging_mixin.py:188} INFO - [2024-06-29T12:16:04.555+0000] {dag.py:3954} INFO - Setting next_dagrun for example_python_operator to None, run_after=None
[2024-06-29T12:16:04.566+0000] {processor.py:183} INFO - Processing /home/airflow/.local/lib/python3.12/site-packages/airflow/example_dags/example_python_operator.py took 0.044 seconds
[2024-06-29T12:16:34.671+0000] {processor.py:161} INFO - Started process (PID=11770) to work on /home/airflow/.local/lib/python3.12/site-packages/airflow/example_dags/example_python_operator.py
[2024-06-29T12:16:34.672+0000] {processor.py:830} INFO - Processing file /home/airflow/.local/lib/python3.12/site-packages/airflow/example_dags/example_python_operator.py for tasks to queue
[2024-06-29T12:16:34.673+0000] {logging_mixin.py:188} INFO - [2024-06-29T12:16:34.673+0000] {dagbag.py:545} INFO - Filling up the DagBag from /home/airflow/.local/lib/python3.12/site-packages/airflow/example_dags/example_python_operator.py
[2024-06-29T12:16:34.680+0000] {processor.py:840} INFO - DAG(s) 'example_python_operator' retrieved from /home/airflow/.local/lib/python3.12/site-packages/airflow/example_dags/example_python_operator.py
[2024-06-29T12:16:34.697+0000] {logging_mixin.py:188} INFO - [2024-06-29T12:16:34.697+0000] {dag.py:3096} INFO - Sync 1 DAGs
[2024-06-29T12:16:34.705+0000] {logging_mixin.py:188} INFO - [2024-06-29T12:16:34.704+0000] {dag.py:3954} INFO - Setting next_dagrun for example_python_operator to None, run_after=None
[2024-06-29T12:16:34.714+0000] {processor.py:183} INFO - Processing /home/airflow/.local/lib/python3.12/site-packages/airflow/example_dags/example_python_operator.py took 0.049 seconds
[2024-06-29T12:17:04.897+0000] {processor.py:161} INFO - Started process (PID=12032) to work on /home/airflow/.local/lib/python3.12/site-packages/airflow/example_dags/example_python_operator.py
[2024-06-29T12:17:04.898+0000] {processor.py:830} INFO - Processing file /home/airflow/.local/lib/python3.12/site-packages/airflow/example_dags/example_python_operator.py for tasks to queue
[2024-06-29T12:17:04.900+0000] {logging_mixin.py:188} INFO - [2024-06-29T12:17:04.899+0000] {dagbag.py:545} INFO - Filling up the DagBag from /home/airflow/.local/lib/python3.12/site-packages/airflow/example_dags/example_python_operator.py
[2024-06-29T12:17:04.907+0000] {processor.py:840} INFO - DAG(s) 'example_python_operator' retrieved from /home/airflow/.local/lib/python3.12/site-packages/airflow/example_dags/example_python_operator.py
[2024-06-29T12:17:04.925+0000] {logging_mixin.py:188} INFO - [2024-06-29T12:17:04.925+0000] {dag.py:3096} INFO - Sync 1 DAGs
[2024-06-29T12:17:04.933+0000] {logging_mixin.py:188} INFO - [2024-06-29T12:17:04.933+0000] {dag.py:3954} INFO - Setting next_dagrun for example_python_operator to None, run_after=None
[2024-06-29T12:17:04.948+0000] {processor.py:183} INFO - Processing /home/airflow/.local/lib/python3.12/site-packages/airflow/example_dags/example_python_operator.py took 0.056 seconds
[2024-06-29T12:17:35.067+0000] {processor.py:161} INFO - Started process (PID=12294) to work on /home/airflow/.local/lib/python3.12/site-packages/airflow/example_dags/example_python_operator.py
[2024-06-29T12:17:35.067+0000] {processor.py:830} INFO - Processing file /home/airflow/.local/lib/python3.12/site-packages/airflow/example_dags/example_python_operator.py for tasks to queue
[2024-06-29T12:17:35.069+0000] {logging_mixin.py:188} INFO - [2024-06-29T12:17:35.069+0000] {dagbag.py:545} INFO - Filling up the DagBag from /home/airflow/.local/lib/python3.12/site-packages/airflow/example_dags/example_python_operator.py
[2024-06-29T12:17:35.076+0000] {processor.py:840} INFO - DAG(s) 'example_python_operator' retrieved from /home/airflow/.local/lib/python3.12/site-packages/airflow/example_dags/example_python_operator.py
[2024-06-29T12:17:35.093+0000] {logging_mixin.py:188} INFO - [2024-06-29T12:17:35.093+0000] {dag.py:3096} INFO - Sync 1 DAGs
[2024-06-29T12:17:35.100+0000] {logging_mixin.py:188} INFO - [2024-06-29T12:17:35.100+0000] {dag.py:3954} INFO - Setting next_dagrun for example_python_operator to None, run_after=None
[2024-06-29T12:17:35.113+0000] {processor.py:183} INFO - Processing /home/airflow/.local/lib/python3.12/site-packages/airflow/example_dags/example_python_operator.py took 0.051 seconds
[2024-06-29T12:18:05.238+0000] {processor.py:161} INFO - Started process (PID=12556) to work on /home/airflow/.local/lib/python3.12/site-packages/airflow/example_dags/example_python_operator.py
[2024-06-29T12:18:05.239+0000] {processor.py:830} INFO - Processing file /home/airflow/.local/lib/python3.12/site-packages/airflow/example_dags/example_python_operator.py for tasks to queue
[2024-06-29T12:18:05.240+0000] {logging_mixin.py:188} INFO - [2024-06-29T12:18:05.240+0000] {dagbag.py:545} INFO - Filling up the DagBag from /home/airflow/.local/lib/python3.12/site-packages/airflow/example_dags/example_python_operator.py
[2024-06-29T12:18:05.246+0000] {processor.py:840} INFO - DAG(s) 'example_python_operator' retrieved from /home/airflow/.local/lib/python3.12/site-packages/airflow/example_dags/example_python_operator.py
[2024-06-29T12:18:05.261+0000] {logging_mixin.py:188} INFO - [2024-06-29T12:18:05.261+0000] {dag.py:3096} INFO - Sync 1 DAGs
[2024-06-29T12:18:05.268+0000] {logging_mixin.py:188} INFO - [2024-06-29T12:18:05.267+0000] {dag.py:3954} INFO - Setting next_dagrun for example_python_operator to None, run_after=None
[2024-06-29T12:18:05.277+0000] {processor.py:183} INFO - Processing /home/airflow/.local/lib/python3.12/site-packages/airflow/example_dags/example_python_operator.py took 0.042 seconds
[2024-06-29T12:18:35.504+0000] {processor.py:161} INFO - Started process (PID=12817) to work on /home/airflow/.local/lib/python3.12/site-packages/airflow/example_dags/example_python_operator.py
[2024-06-29T12:18:35.505+0000] {processor.py:830} INFO - Processing file /home/airflow/.local/lib/python3.12/site-packages/airflow/example_dags/example_python_operator.py for tasks to queue
[2024-06-29T12:18:35.506+0000] {logging_mixin.py:188} INFO - [2024-06-29T12:18:35.506+0000] {dagbag.py:545} INFO - Filling up the DagBag from /home/airflow/.local/lib/python3.12/site-packages/airflow/example_dags/example_python_operator.py
[2024-06-29T12:18:35.512+0000] {processor.py:840} INFO - DAG(s) 'example_python_operator' retrieved from /home/airflow/.local/lib/python3.12/site-packages/airflow/example_dags/example_python_operator.py
[2024-06-29T12:18:35.526+0000] {logging_mixin.py:188} INFO - [2024-06-29T12:18:35.526+0000] {dag.py:3096} INFO - Sync 1 DAGs
[2024-06-29T12:18:35.533+0000] {logging_mixin.py:188} INFO - [2024-06-29T12:18:35.533+0000] {dag.py:3954} INFO - Setting next_dagrun for example_python_operator to None, run_after=None
[2024-06-29T12:18:35.543+0000] {processor.py:183} INFO - Processing /home/airflow/.local/lib/python3.12/site-packages/airflow/example_dags/example_python_operator.py took 0.043 seconds
[2024-06-29T12:19:05.704+0000] {processor.py:161} INFO - Started process (PID=13080) to work on /home/airflow/.local/lib/python3.12/site-packages/airflow/example_dags/example_python_operator.py
[2024-06-29T12:19:05.705+0000] {processor.py:830} INFO - Processing file /home/airflow/.local/lib/python3.12/site-packages/airflow/example_dags/example_python_operator.py for tasks to queue
[2024-06-29T12:19:05.706+0000] {logging_mixin.py:188} INFO - [2024-06-29T12:19:05.706+0000] {dagbag.py:545} INFO - Filling up the DagBag from /home/airflow/.local/lib/python3.12/site-packages/airflow/example_dags/example_python_operator.py
[2024-06-29T12:19:05.712+0000] {processor.py:840} INFO - DAG(s) 'example_python_operator' retrieved from /home/airflow/.local/lib/python3.12/site-packages/airflow/example_dags/example_python_operator.py
[2024-06-29T12:19:05.726+0000] {logging_mixin.py:188} INFO - [2024-06-29T12:19:05.726+0000] {dag.py:3096} INFO - Sync 1 DAGs
[2024-06-29T12:19:05.733+0000] {logging_mixin.py:188} INFO - [2024-06-29T12:19:05.733+0000] {dag.py:3954} INFO - Setting next_dagrun for example_python_operator to None, run_after=None
[2024-06-29T12:19:05.743+0000] {processor.py:183} INFO - Processing /home/airflow/.local/lib/python3.12/site-packages/airflow/example_dags/example_python_operator.py took 0.042 seconds
[2024-06-29T12:19:36.722+0000] {processor.py:161} INFO - Started process (PID=13342) to work on /home/airflow/.local/lib/python3.12/site-packages/airflow/example_dags/example_python_operator.py
[2024-06-29T12:19:36.723+0000] {processor.py:830} INFO - Processing file /home/airflow/.local/lib/python3.12/site-packages/airflow/example_dags/example_python_operator.py for tasks to queue
[2024-06-29T12:19:36.724+0000] {logging_mixin.py:188} INFO - [2024-06-29T12:19:36.724+0000] {dagbag.py:545} INFO - Filling up the DagBag from /home/airflow/.local/lib/python3.12/site-packages/airflow/example_dags/example_python_operator.py
[2024-06-29T12:19:36.730+0000] {processor.py:840} INFO - DAG(s) 'example_python_operator' retrieved from /home/airflow/.local/lib/python3.12/site-packages/airflow/example_dags/example_python_operator.py
[2024-06-29T12:19:36.745+0000] {logging_mixin.py:188} INFO - [2024-06-29T12:19:36.745+0000] {dag.py:3096} INFO - Sync 1 DAGs
[2024-06-29T12:19:36.752+0000] {logging_mixin.py:188} INFO - [2024-06-29T12:19:36.751+0000] {dag.py:3954} INFO - Setting next_dagrun for example_python_operator to None, run_after=None
[2024-06-29T12:19:36.761+0000] {processor.py:183} INFO - Processing /home/airflow/.local/lib/python3.12/site-packages/airflow/example_dags/example_python_operator.py took 0.042 seconds
[2024-06-29T12:20:06.885+0000] {processor.py:161} INFO - Started process (PID=13604) to work on /home/airflow/.local/lib/python3.12/site-packages/airflow/example_dags/example_python_operator.py
[2024-06-29T12:20:06.886+0000] {processor.py:830} INFO - Processing file /home/airflow/.local/lib/python3.12/site-packages/airflow/example_dags/example_python_operator.py for tasks to queue
[2024-06-29T12:20:06.887+0000] {logging_mixin.py:188} INFO - [2024-06-29T12:20:06.887+0000] {dagbag.py:545} INFO - Filling up the DagBag from /home/airflow/.local/lib/python3.12/site-packages/airflow/example_dags/example_python_operator.py
[2024-06-29T12:20:06.893+0000] {processor.py:840} INFO - DAG(s) 'example_python_operator' retrieved from /home/airflow/.local/lib/python3.12/site-packages/airflow/example_dags/example_python_operator.py
[2024-06-29T12:20:06.907+0000] {logging_mixin.py:188} INFO - [2024-06-29T12:20:06.907+0000] {dag.py:3096} INFO - Sync 1 DAGs
[2024-06-29T12:20:06.914+0000] {logging_mixin.py:188} INFO - [2024-06-29T12:20:06.914+0000] {dag.py:3954} INFO - Setting next_dagrun for example_python_operator to None, run_after=None
[2024-06-29T12:20:06.922+0000] {processor.py:183} INFO - Processing /home/airflow/.local/lib/python3.12/site-packages/airflow/example_dags/example_python_operator.py took 0.041 seconds
[2024-06-29T12:20:37.161+0000] {processor.py:161} INFO - Started process (PID=13866) to work on /home/airflow/.local/lib/python3.12/site-packages/airflow/example_dags/example_python_operator.py
[2024-06-29T12:20:37.162+0000] {processor.py:830} INFO - Processing file /home/airflow/.local/lib/python3.12/site-packages/airflow/example_dags/example_python_operator.py for tasks to queue
[2024-06-29T12:20:37.163+0000] {logging_mixin.py:188} INFO - [2024-06-29T12:20:37.162+0000] {dagbag.py:545} INFO - Filling up the DagBag from /home/airflow/.local/lib/python3.12/site-packages/airflow/example_dags/example_python_operator.py
[2024-06-29T12:20:37.169+0000] {processor.py:840} INFO - DAG(s) 'example_python_operator' retrieved from /home/airflow/.local/lib/python3.12/site-packages/airflow/example_dags/example_python_operator.py
[2024-06-29T12:20:37.185+0000] {logging_mixin.py:188} INFO - [2024-06-29T12:20:37.185+0000] {dag.py:3096} INFO - Sync 1 DAGs
[2024-06-29T12:20:37.194+0000] {logging_mixin.py:188} INFO - [2024-06-29T12:20:37.194+0000] {dag.py:3954} INFO - Setting next_dagrun for example_python_operator to None, run_after=None
[2024-06-29T12:20:37.206+0000] {processor.py:183} INFO - Processing /home/airflow/.local/lib/python3.12/site-packages/airflow/example_dags/example_python_operator.py took 0.049 seconds
[2024-06-29T12:21:07.311+0000] {processor.py:161} INFO - Started process (PID=14128) to work on /home/airflow/.local/lib/python3.12/site-packages/airflow/example_dags/example_python_operator.py
[2024-06-29T12:21:07.312+0000] {processor.py:830} INFO - Processing file /home/airflow/.local/lib/python3.12/site-packages/airflow/example_dags/example_python_operator.py for tasks to queue
[2024-06-29T12:21:07.313+0000] {logging_mixin.py:188} INFO - [2024-06-29T12:21:07.313+0000] {dagbag.py:545} INFO - Filling up the DagBag from /home/airflow/.local/lib/python3.12/site-packages/airflow/example_dags/example_python_operator.py
[2024-06-29T12:21:07.319+0000] {processor.py:840} INFO - DAG(s) 'example_python_operator' retrieved from /home/airflow/.local/lib/python3.12/site-packages/airflow/example_dags/example_python_operator.py
[2024-06-29T12:21:07.333+0000] {logging_mixin.py:188} INFO - [2024-06-29T12:21:07.333+0000] {dag.py:3096} INFO - Sync 1 DAGs
[2024-06-29T12:21:07.340+0000] {logging_mixin.py:188} INFO - [2024-06-29T12:21:07.340+0000] {dag.py:3954} INFO - Setting next_dagrun for example_python_operator to None, run_after=None
[2024-06-29T12:21:07.350+0000] {processor.py:183} INFO - Processing /home/airflow/.local/lib/python3.12/site-packages/airflow/example_dags/example_python_operator.py took 0.043 seconds
[2024-06-29T12:21:37.582+0000] {processor.py:161} INFO - Started process (PID=14390) to work on /home/airflow/.local/lib/python3.12/site-packages/airflow/example_dags/example_python_operator.py
[2024-06-29T12:21:37.583+0000] {processor.py:830} INFO - Processing file /home/airflow/.local/lib/python3.12/site-packages/airflow/example_dags/example_python_operator.py for tasks to queue
[2024-06-29T12:21:37.584+0000] {logging_mixin.py:188} INFO - [2024-06-29T12:21:37.584+0000] {dagbag.py:545} INFO - Filling up the DagBag from /home/airflow/.local/lib/python3.12/site-packages/airflow/example_dags/example_python_operator.py
[2024-06-29T12:21:37.590+0000] {processor.py:840} INFO - DAG(s) 'example_python_operator' retrieved from /home/airflow/.local/lib/python3.12/site-packages/airflow/example_dags/example_python_operator.py
[2024-06-29T12:21:37.606+0000] {logging_mixin.py:188} INFO - [2024-06-29T12:21:37.606+0000] {dag.py:3096} INFO - Sync 1 DAGs
[2024-06-29T12:21:37.612+0000] {logging_mixin.py:188} INFO - [2024-06-29T12:21:37.612+0000] {dag.py:3954} INFO - Setting next_dagrun for example_python_operator to None, run_after=None
[2024-06-29T12:21:37.622+0000] {processor.py:183} INFO - Processing /home/airflow/.local/lib/python3.12/site-packages/airflow/example_dags/example_python_operator.py took 0.043 seconds
[2024-06-29T12:22:07.678+0000] {processor.py:161} INFO - Started process (PID=14652) to work on /home/airflow/.local/lib/python3.12/site-packages/airflow/example_dags/example_python_operator.py
[2024-06-29T12:22:07.679+0000] {processor.py:830} INFO - Processing file /home/airflow/.local/lib/python3.12/site-packages/airflow/example_dags/example_python_operator.py for tasks to queue
[2024-06-29T12:22:07.680+0000] {logging_mixin.py:188} INFO - [2024-06-29T12:22:07.680+0000] {dagbag.py:545} INFO - Filling up the DagBag from /home/airflow/.local/lib/python3.12/site-packages/airflow/example_dags/example_python_operator.py
[2024-06-29T12:22:07.686+0000] {processor.py:840} INFO - DAG(s) 'example_python_operator' retrieved from /home/airflow/.local/lib/python3.12/site-packages/airflow/example_dags/example_python_operator.py
[2024-06-29T12:22:07.700+0000] {logging_mixin.py:188} INFO - [2024-06-29T12:22:07.700+0000] {dag.py:3096} INFO - Sync 1 DAGs
[2024-06-29T12:22:07.706+0000] {logging_mixin.py:188} INFO - [2024-06-29T12:22:07.706+0000] {dag.py:3954} INFO - Setting next_dagrun for example_python_operator to None, run_after=None
[2024-06-29T12:22:07.715+0000] {processor.py:183} INFO - Processing /home/airflow/.local/lib/python3.12/site-packages/airflow/example_dags/example_python_operator.py took 0.041 seconds
[2024-06-29T12:22:37.907+0000] {processor.py:161} INFO - Started process (PID=14915) to work on /home/airflow/.local/lib/python3.12/site-packages/airflow/example_dags/example_python_operator.py
[2024-06-29T12:22:37.908+0000] {processor.py:830} INFO - Processing file /home/airflow/.local/lib/python3.12/site-packages/airflow/example_dags/example_python_operator.py for tasks to queue
[2024-06-29T12:22:37.909+0000] {logging_mixin.py:188} INFO - [2024-06-29T12:22:37.909+0000] {dagbag.py:545} INFO - Filling up the DagBag from /home/airflow/.local/lib/python3.12/site-packages/airflow/example_dags/example_python_operator.py
[2024-06-29T12:22:37.915+0000] {processor.py:840} INFO - DAG(s) 'example_python_operator' retrieved from /home/airflow/.local/lib/python3.12/site-packages/airflow/example_dags/example_python_operator.py
[2024-06-29T12:22:37.930+0000] {logging_mixin.py:188} INFO - [2024-06-29T12:22:37.930+0000] {dag.py:3096} INFO - Sync 1 DAGs
[2024-06-29T12:22:37.937+0000] {logging_mixin.py:188} INFO - [2024-06-29T12:22:37.937+0000] {dag.py:3954} INFO - Setting next_dagrun for example_python_operator to None, run_after=None
[2024-06-29T12:22:37.947+0000] {processor.py:183} INFO - Processing /home/airflow/.local/lib/python3.12/site-packages/airflow/example_dags/example_python_operator.py took 0.043 seconds
[2024-06-29T12:23:08.178+0000] {processor.py:161} INFO - Started process (PID=15177) to work on /home/airflow/.local/lib/python3.12/site-packages/airflow/example_dags/example_python_operator.py
[2024-06-29T12:23:08.179+0000] {processor.py:830} INFO - Processing file /home/airflow/.local/lib/python3.12/site-packages/airflow/example_dags/example_python_operator.py for tasks to queue
[2024-06-29T12:23:08.180+0000] {logging_mixin.py:188} INFO - [2024-06-29T12:23:08.180+0000] {dagbag.py:545} INFO - Filling up the DagBag from /home/airflow/.local/lib/python3.12/site-packages/airflow/example_dags/example_python_operator.py
[2024-06-29T12:23:08.186+0000] {processor.py:840} INFO - DAG(s) 'example_python_operator' retrieved from /home/airflow/.local/lib/python3.12/site-packages/airflow/example_dags/example_python_operator.py
[2024-06-29T12:23:08.201+0000] {logging_mixin.py:188} INFO - [2024-06-29T12:23:08.201+0000] {dag.py:3096} INFO - Sync 1 DAGs
[2024-06-29T12:23:08.208+0000] {logging_mixin.py:188} INFO - [2024-06-29T12:23:08.208+0000] {dag.py:3954} INFO - Setting next_dagrun for example_python_operator to None, run_after=None
[2024-06-29T12:23:08.217+0000] {processor.py:183} INFO - Processing /home/airflow/.local/lib/python3.12/site-packages/airflow/example_dags/example_python_operator.py took 0.042 seconds
[2024-06-29T12:23:38.408+0000] {processor.py:161} INFO - Started process (PID=15439) to work on /home/airflow/.local/lib/python3.12/site-packages/airflow/example_dags/example_python_operator.py
[2024-06-29T12:23:38.409+0000] {processor.py:830} INFO - Processing file /home/airflow/.local/lib/python3.12/site-packages/airflow/example_dags/example_python_operator.py for tasks to queue
[2024-06-29T12:23:38.410+0000] {logging_mixin.py:188} INFO - [2024-06-29T12:23:38.410+0000] {dagbag.py:545} INFO - Filling up the DagBag from /home/airflow/.local/lib/python3.12/site-packages/airflow/example_dags/example_python_operator.py
[2024-06-29T12:23:38.416+0000] {processor.py:840} INFO - DAG(s) 'example_python_operator' retrieved from /home/airflow/.local/lib/python3.12/site-packages/airflow/example_dags/example_python_operator.py
[2024-06-29T12:23:38.431+0000] {logging_mixin.py:188} INFO - [2024-06-29T12:23:38.431+0000] {dag.py:3096} INFO - Sync 1 DAGs
[2024-06-29T12:23:38.437+0000] {logging_mixin.py:188} INFO - [2024-06-29T12:23:38.437+0000] {dag.py:3954} INFO - Setting next_dagrun for example_python_operator to None, run_after=None
[2024-06-29T12:23:38.446+0000] {processor.py:183} INFO - Processing /home/airflow/.local/lib/python3.12/site-packages/airflow/example_dags/example_python_operator.py took 0.041 seconds
[2024-06-29T12:24:08.535+0000] {processor.py:161} INFO - Started process (PID=15702) to work on /home/airflow/.local/lib/python3.12/site-packages/airflow/example_dags/example_python_operator.py
[2024-06-29T12:24:08.536+0000] {processor.py:830} INFO - Processing file /home/airflow/.local/lib/python3.12/site-packages/airflow/example_dags/example_python_operator.py for tasks to queue
[2024-06-29T12:24:08.537+0000] {logging_mixin.py:188} INFO - [2024-06-29T12:24:08.537+0000] {dagbag.py:545} INFO - Filling up the DagBag from /home/airflow/.local/lib/python3.12/site-packages/airflow/example_dags/example_python_operator.py
[2024-06-29T12:24:08.543+0000] {processor.py:840} INFO - DAG(s) 'example_python_operator' retrieved from /home/airflow/.local/lib/python3.12/site-packages/airflow/example_dags/example_python_operator.py
[2024-06-29T12:24:08.557+0000] {logging_mixin.py:188} INFO - [2024-06-29T12:24:08.557+0000] {dag.py:3096} INFO - Sync 1 DAGs
[2024-06-29T12:24:08.564+0000] {logging_mixin.py:188} INFO - [2024-06-29T12:24:08.564+0000] {dag.py:3954} INFO - Setting next_dagrun for example_python_operator to None, run_after=None
[2024-06-29T12:24:08.573+0000] {processor.py:183} INFO - Processing /home/airflow/.local/lib/python3.12/site-packages/airflow/example_dags/example_python_operator.py took 0.042 seconds
[2024-06-29T12:24:38.731+0000] {processor.py:161} INFO - Started process (PID=15965) to work on /home/airflow/.local/lib/python3.12/site-packages/airflow/example_dags/example_python_operator.py
[2024-06-29T12:24:38.732+0000] {processor.py:830} INFO - Processing file /home/airflow/.local/lib/python3.12/site-packages/airflow/example_dags/example_python_operator.py for tasks to queue
[2024-06-29T12:24:38.733+0000] {logging_mixin.py:188} INFO - [2024-06-29T12:24:38.733+0000] {dagbag.py:545} INFO - Filling up the DagBag from /home/airflow/.local/lib/python3.12/site-packages/airflow/example_dags/example_python_operator.py
[2024-06-29T12:24:38.739+0000] {processor.py:840} INFO - DAG(s) 'example_python_operator' retrieved from /home/airflow/.local/lib/python3.12/site-packages/airflow/example_dags/example_python_operator.py
[2024-06-29T12:24:38.753+0000] {logging_mixin.py:188} INFO - [2024-06-29T12:24:38.753+0000] {dag.py:3096} INFO - Sync 1 DAGs
[2024-06-29T12:24:38.759+0000] {logging_mixin.py:188} INFO - [2024-06-29T12:24:38.759+0000] {dag.py:3954} INFO - Setting next_dagrun for example_python_operator to None, run_after=None
[2024-06-29T12:24:38.768+0000] {processor.py:183} INFO - Processing /home/airflow/.local/lib/python3.12/site-packages/airflow/example_dags/example_python_operator.py took 0.040 seconds
[2024-06-29T12:25:08.968+0000] {processor.py:161} INFO - Started process (PID=16229) to work on /home/airflow/.local/lib/python3.12/site-packages/airflow/example_dags/example_python_operator.py
[2024-06-29T12:25:08.968+0000] {processor.py:830} INFO - Processing file /home/airflow/.local/lib/python3.12/site-packages/airflow/example_dags/example_python_operator.py for tasks to queue
[2024-06-29T12:25:08.969+0000] {logging_mixin.py:188} INFO - [2024-06-29T12:25:08.969+0000] {dagbag.py:545} INFO - Filling up the DagBag from /home/airflow/.local/lib/python3.12/site-packages/airflow/example_dags/example_python_operator.py
[2024-06-29T12:25:08.975+0000] {processor.py:840} INFO - DAG(s) 'example_python_operator' retrieved from /home/airflow/.local/lib/python3.12/site-packages/airflow/example_dags/example_python_operator.py
[2024-06-29T12:25:08.989+0000] {logging_mixin.py:188} INFO - [2024-06-29T12:25:08.989+0000] {dag.py:3096} INFO - Sync 1 DAGs
[2024-06-29T12:25:08.994+0000] {logging_mixin.py:188} INFO - [2024-06-29T12:25:08.994+0000] {dag.py:3954} INFO - Setting next_dagrun for example_python_operator to None, run_after=None
[2024-06-29T12:25:09.003+0000] {processor.py:183} INFO - Processing /home/airflow/.local/lib/python3.12/site-packages/airflow/example_dags/example_python_operator.py took 0.039 seconds
