[2024-06-29T11:54:20.101+0000] {processor.py:161} INFO - Started process (PID=195) to work on /home/airflow/.local/lib/python3.12/site-packages/airflow/example_dags/example_bash_operator.py
[2024-06-29T11:54:20.102+0000] {processor.py:830} INFO - Processing file /home/airflow/.local/lib/python3.12/site-packages/airflow/example_dags/example_bash_operator.py for tasks to queue
[2024-06-29T11:54:20.103+0000] {logging_mixin.py:188} INFO - [2024-06-29T11:54:20.103+0000] {dagbag.py:545} INFO - Filling up the DagBag from /home/airflow/.local/lib/python3.12/site-packages/airflow/example_dags/example_bash_operator.py
[2024-06-29T11:54:20.109+0000] {processor.py:840} INFO - DAG(s) 'example_bash_operator' retrieved from /home/airflow/.local/lib/python3.12/site-packages/airflow/example_dags/example_bash_operator.py
[2024-06-29T11:54:20.119+0000] {logging_mixin.py:188} INFO - [2024-06-29T11:54:20.119+0000] {dag.py:3096} INFO - Sync 1 DAGs
[2024-06-29T11:54:20.132+0000] {logging_mixin.py:188} INFO - [2024-06-29T11:54:20.132+0000] {dag.py:3954} INFO - Setting next_dagrun for example_bash_operator to 2024-06-28 00:00:00+00:00, run_after=2024-06-29 00:00:00+00:00
[2024-06-29T11:54:20.142+0000] {processor.py:183} INFO - Processing /home/airflow/.local/lib/python3.12/site-packages/airflow/example_dags/example_bash_operator.py took 0.045 seconds
[2024-06-29T11:54:51.277+0000] {processor.py:161} INFO - Started process (PID=457) to work on /home/airflow/.local/lib/python3.12/site-packages/airflow/example_dags/example_bash_operator.py
[2024-06-29T11:54:51.278+0000] {processor.py:830} INFO - Processing file /home/airflow/.local/lib/python3.12/site-packages/airflow/example_dags/example_bash_operator.py for tasks to queue
[2024-06-29T11:54:51.279+0000] {logging_mixin.py:188} INFO - [2024-06-29T11:54:51.279+0000] {dagbag.py:545} INFO - Filling up the DagBag from /home/airflow/.local/lib/python3.12/site-packages/airflow/example_dags/example_bash_operator.py
[2024-06-29T11:54:51.285+0000] {processor.py:840} INFO - DAG(s) 'example_bash_operator' retrieved from /home/airflow/.local/lib/python3.12/site-packages/airflow/example_dags/example_bash_operator.py
[2024-06-29T11:54:51.336+0000] {logging_mixin.py:188} INFO - [2024-06-29T11:54:51.336+0000] {dag.py:3096} INFO - Sync 1 DAGs
[2024-06-29T11:54:51.346+0000] {logging_mixin.py:188} INFO - [2024-06-29T11:54:51.346+0000] {dag.py:3954} INFO - Setting next_dagrun for example_bash_operator to 2024-06-28 00:00:00+00:00, run_after=2024-06-29 00:00:00+00:00
[2024-06-29T11:54:51.354+0000] {processor.py:183} INFO - Processing /home/airflow/.local/lib/python3.12/site-packages/airflow/example_dags/example_bash_operator.py took 0.080 seconds
[2024-06-29T11:55:22.039+0000] {processor.py:161} INFO - Started process (PID=719) to work on /home/airflow/.local/lib/python3.12/site-packages/airflow/example_dags/example_bash_operator.py
[2024-06-29T11:55:22.039+0000] {processor.py:830} INFO - Processing file /home/airflow/.local/lib/python3.12/site-packages/airflow/example_dags/example_bash_operator.py for tasks to queue
[2024-06-29T11:55:22.040+0000] {logging_mixin.py:188} INFO - [2024-06-29T11:55:22.040+0000] {dagbag.py:545} INFO - Filling up the DagBag from /home/airflow/.local/lib/python3.12/site-packages/airflow/example_dags/example_bash_operator.py
[2024-06-29T11:55:22.047+0000] {processor.py:840} INFO - DAG(s) 'example_bash_operator' retrieved from /home/airflow/.local/lib/python3.12/site-packages/airflow/example_dags/example_bash_operator.py
[2024-06-29T11:55:22.063+0000] {logging_mixin.py:188} INFO - [2024-06-29T11:55:22.063+0000] {dag.py:3096} INFO - Sync 1 DAGs
[2024-06-29T11:55:22.076+0000] {logging_mixin.py:188} INFO - [2024-06-29T11:55:22.075+0000] {dag.py:3954} INFO - Setting next_dagrun for example_bash_operator to 2024-06-28 00:00:00+00:00, run_after=2024-06-29 00:00:00+00:00
[2024-06-29T11:55:22.085+0000] {processor.py:183} INFO - Processing /home/airflow/.local/lib/python3.12/site-packages/airflow/example_dags/example_bash_operator.py took 0.049 seconds
[2024-06-29T11:55:52.435+0000] {processor.py:161} INFO - Started process (PID=981) to work on /home/airflow/.local/lib/python3.12/site-packages/airflow/example_dags/example_bash_operator.py
[2024-06-29T11:55:52.436+0000] {processor.py:830} INFO - Processing file /home/airflow/.local/lib/python3.12/site-packages/airflow/example_dags/example_bash_operator.py for tasks to queue
[2024-06-29T11:55:52.437+0000] {logging_mixin.py:188} INFO - [2024-06-29T11:55:52.436+0000] {dagbag.py:545} INFO - Filling up the DagBag from /home/airflow/.local/lib/python3.12/site-packages/airflow/example_dags/example_bash_operator.py
[2024-06-29T11:55:52.443+0000] {processor.py:840} INFO - DAG(s) 'example_bash_operator' retrieved from /home/airflow/.local/lib/python3.12/site-packages/airflow/example_dags/example_bash_operator.py
[2024-06-29T11:55:52.460+0000] {logging_mixin.py:188} INFO - [2024-06-29T11:55:52.460+0000] {dag.py:3096} INFO - Sync 1 DAGs
[2024-06-29T11:55:52.472+0000] {logging_mixin.py:188} INFO - [2024-06-29T11:55:52.472+0000] {dag.py:3954} INFO - Setting next_dagrun for example_bash_operator to 2024-06-28 00:00:00+00:00, run_after=2024-06-29 00:00:00+00:00
[2024-06-29T11:55:52.481+0000] {processor.py:183} INFO - Processing /home/airflow/.local/lib/python3.12/site-packages/airflow/example_dags/example_bash_operator.py took 0.049 seconds
[2024-06-29T11:56:22.720+0000] {processor.py:161} INFO - Started process (PID=1244) to work on /home/airflow/.local/lib/python3.12/site-packages/airflow/example_dags/example_bash_operator.py
[2024-06-29T11:56:22.720+0000] {processor.py:830} INFO - Processing file /home/airflow/.local/lib/python3.12/site-packages/airflow/example_dags/example_bash_operator.py for tasks to queue
[2024-06-29T11:56:22.722+0000] {logging_mixin.py:188} INFO - [2024-06-29T11:56:22.721+0000] {dagbag.py:545} INFO - Filling up the DagBag from /home/airflow/.local/lib/python3.12/site-packages/airflow/example_dags/example_bash_operator.py
[2024-06-29T11:56:22.728+0000] {processor.py:840} INFO - DAG(s) 'example_bash_operator' retrieved from /home/airflow/.local/lib/python3.12/site-packages/airflow/example_dags/example_bash_operator.py
[2024-06-29T11:56:22.744+0000] {logging_mixin.py:188} INFO - [2024-06-29T11:56:22.744+0000] {dag.py:3096} INFO - Sync 1 DAGs
[2024-06-29T11:56:22.756+0000] {logging_mixin.py:188} INFO - [2024-06-29T11:56:22.756+0000] {dag.py:3954} INFO - Setting next_dagrun for example_bash_operator to 2024-06-28 00:00:00+00:00, run_after=2024-06-29 00:00:00+00:00
[2024-06-29T11:56:22.765+0000] {processor.py:183} INFO - Processing /home/airflow/.local/lib/python3.12/site-packages/airflow/example_dags/example_bash_operator.py took 0.049 seconds
[2024-06-29T11:56:52.892+0000] {processor.py:161} INFO - Started process (PID=1506) to work on /home/airflow/.local/lib/python3.12/site-packages/airflow/example_dags/example_bash_operator.py
[2024-06-29T11:56:52.892+0000] {processor.py:830} INFO - Processing file /home/airflow/.local/lib/python3.12/site-packages/airflow/example_dags/example_bash_operator.py for tasks to queue
[2024-06-29T11:56:52.894+0000] {logging_mixin.py:188} INFO - [2024-06-29T11:56:52.893+0000] {dagbag.py:545} INFO - Filling up the DagBag from /home/airflow/.local/lib/python3.12/site-packages/airflow/example_dags/example_bash_operator.py
[2024-06-29T11:56:52.900+0000] {processor.py:840} INFO - DAG(s) 'example_bash_operator' retrieved from /home/airflow/.local/lib/python3.12/site-packages/airflow/example_dags/example_bash_operator.py
[2024-06-29T11:56:52.916+0000] {logging_mixin.py:188} INFO - [2024-06-29T11:56:52.916+0000] {dag.py:3096} INFO - Sync 1 DAGs
[2024-06-29T11:56:52.928+0000] {logging_mixin.py:188} INFO - [2024-06-29T11:56:52.927+0000] {dag.py:3954} INFO - Setting next_dagrun for example_bash_operator to 2024-06-28 00:00:00+00:00, run_after=2024-06-29 00:00:00+00:00
[2024-06-29T11:56:52.937+0000] {processor.py:183} INFO - Processing /home/airflow/.local/lib/python3.12/site-packages/airflow/example_dags/example_bash_operator.py took 0.048 seconds
[2024-06-29T11:57:23.136+0000] {processor.py:161} INFO - Started process (PID=1768) to work on /home/airflow/.local/lib/python3.12/site-packages/airflow/example_dags/example_bash_operator.py
[2024-06-29T11:57:23.137+0000] {processor.py:830} INFO - Processing file /home/airflow/.local/lib/python3.12/site-packages/airflow/example_dags/example_bash_operator.py for tasks to queue
[2024-06-29T11:57:23.138+0000] {logging_mixin.py:188} INFO - [2024-06-29T11:57:23.138+0000] {dagbag.py:545} INFO - Filling up the DagBag from /home/airflow/.local/lib/python3.12/site-packages/airflow/example_dags/example_bash_operator.py
[2024-06-29T11:57:23.144+0000] {processor.py:840} INFO - DAG(s) 'example_bash_operator' retrieved from /home/airflow/.local/lib/python3.12/site-packages/airflow/example_dags/example_bash_operator.py
[2024-06-29T11:57:23.161+0000] {logging_mixin.py:188} INFO - [2024-06-29T11:57:23.161+0000] {dag.py:3096} INFO - Sync 1 DAGs
[2024-06-29T11:57:23.172+0000] {logging_mixin.py:188} INFO - [2024-06-29T11:57:23.172+0000] {dag.py:3954} INFO - Setting next_dagrun for example_bash_operator to 2024-06-28 00:00:00+00:00, run_after=2024-06-29 00:00:00+00:00
[2024-06-29T11:57:23.181+0000] {processor.py:183} INFO - Processing /home/airflow/.local/lib/python3.12/site-packages/airflow/example_dags/example_bash_operator.py took 0.049 seconds
[2024-06-29T11:57:53.501+0000] {processor.py:161} INFO - Started process (PID=2030) to work on /home/airflow/.local/lib/python3.12/site-packages/airflow/example_dags/example_bash_operator.py
[2024-06-29T11:57:53.501+0000] {processor.py:830} INFO - Processing file /home/airflow/.local/lib/python3.12/site-packages/airflow/example_dags/example_bash_operator.py for tasks to queue
[2024-06-29T11:57:53.503+0000] {logging_mixin.py:188} INFO - [2024-06-29T11:57:53.502+0000] {dagbag.py:545} INFO - Filling up the DagBag from /home/airflow/.local/lib/python3.12/site-packages/airflow/example_dags/example_bash_operator.py
[2024-06-29T11:57:53.509+0000] {processor.py:840} INFO - DAG(s) 'example_bash_operator' retrieved from /home/airflow/.local/lib/python3.12/site-packages/airflow/example_dags/example_bash_operator.py
[2024-06-29T11:57:53.526+0000] {logging_mixin.py:188} INFO - [2024-06-29T11:57:53.525+0000] {dag.py:3096} INFO - Sync 1 DAGs
[2024-06-29T11:57:53.538+0000] {logging_mixin.py:188} INFO - [2024-06-29T11:57:53.537+0000] {dag.py:3954} INFO - Setting next_dagrun for example_bash_operator to 2024-06-28 00:00:00+00:00, run_after=2024-06-29 00:00:00+00:00
[2024-06-29T11:57:53.546+0000] {processor.py:183} INFO - Processing /home/airflow/.local/lib/python3.12/site-packages/airflow/example_dags/example_bash_operator.py took 0.049 seconds
[2024-06-29T11:58:23.724+0000] {processor.py:161} INFO - Started process (PID=2294) to work on /home/airflow/.local/lib/python3.12/site-packages/airflow/example_dags/example_bash_operator.py
[2024-06-29T11:58:23.725+0000] {processor.py:830} INFO - Processing file /home/airflow/.local/lib/python3.12/site-packages/airflow/example_dags/example_bash_operator.py for tasks to queue
[2024-06-29T11:58:23.726+0000] {logging_mixin.py:188} INFO - [2024-06-29T11:58:23.726+0000] {dagbag.py:545} INFO - Filling up the DagBag from /home/airflow/.local/lib/python3.12/site-packages/airflow/example_dags/example_bash_operator.py
[2024-06-29T11:58:23.732+0000] {processor.py:840} INFO - DAG(s) 'example_bash_operator' retrieved from /home/airflow/.local/lib/python3.12/site-packages/airflow/example_dags/example_bash_operator.py
[2024-06-29T11:58:23.748+0000] {logging_mixin.py:188} INFO - [2024-06-29T11:58:23.747+0000] {dag.py:3096} INFO - Sync 1 DAGs
[2024-06-29T11:58:23.759+0000] {logging_mixin.py:188} INFO - [2024-06-29T11:58:23.758+0000] {dag.py:3954} INFO - Setting next_dagrun for example_bash_operator to 2024-06-28 00:00:00+00:00, run_after=2024-06-29 00:00:00+00:00
[2024-06-29T11:58:23.767+0000] {processor.py:183} INFO - Processing /home/airflow/.local/lib/python3.12/site-packages/airflow/example_dags/example_bash_operator.py took 0.047 seconds
[2024-06-29T11:58:53.893+0000] {processor.py:161} INFO - Started process (PID=2554) to work on /home/airflow/.local/lib/python3.12/site-packages/airflow/example_dags/example_bash_operator.py
[2024-06-29T11:58:53.894+0000] {processor.py:830} INFO - Processing file /home/airflow/.local/lib/python3.12/site-packages/airflow/example_dags/example_bash_operator.py for tasks to queue
[2024-06-29T11:58:53.895+0000] {logging_mixin.py:188} INFO - [2024-06-29T11:58:53.895+0000] {dagbag.py:545} INFO - Filling up the DagBag from /home/airflow/.local/lib/python3.12/site-packages/airflow/example_dags/example_bash_operator.py
[2024-06-29T11:58:53.901+0000] {processor.py:840} INFO - DAG(s) 'example_bash_operator' retrieved from /home/airflow/.local/lib/python3.12/site-packages/airflow/example_dags/example_bash_operator.py
[2024-06-29T11:58:53.918+0000] {logging_mixin.py:188} INFO - [2024-06-29T11:58:53.918+0000] {dag.py:3096} INFO - Sync 1 DAGs
[2024-06-29T11:58:53.929+0000] {logging_mixin.py:188} INFO - [2024-06-29T11:58:53.929+0000] {dag.py:3954} INFO - Setting next_dagrun for example_bash_operator to 2024-06-28 00:00:00+00:00, run_after=2024-06-29 00:00:00+00:00
[2024-06-29T11:58:53.938+0000] {processor.py:183} INFO - Processing /home/airflow/.local/lib/python3.12/site-packages/airflow/example_dags/example_bash_operator.py took 0.048 seconds
[2024-06-29T11:59:24.293+0000] {processor.py:161} INFO - Started process (PID=2816) to work on /home/airflow/.local/lib/python3.12/site-packages/airflow/example_dags/example_bash_operator.py
[2024-06-29T11:59:24.294+0000] {processor.py:830} INFO - Processing file /home/airflow/.local/lib/python3.12/site-packages/airflow/example_dags/example_bash_operator.py for tasks to queue
[2024-06-29T11:59:24.295+0000] {logging_mixin.py:188} INFO - [2024-06-29T11:59:24.295+0000] {dagbag.py:545} INFO - Filling up the DagBag from /home/airflow/.local/lib/python3.12/site-packages/airflow/example_dags/example_bash_operator.py
[2024-06-29T11:59:24.301+0000] {processor.py:840} INFO - DAG(s) 'example_bash_operator' retrieved from /home/airflow/.local/lib/python3.12/site-packages/airflow/example_dags/example_bash_operator.py
[2024-06-29T11:59:24.317+0000] {logging_mixin.py:188} INFO - [2024-06-29T11:59:24.317+0000] {dag.py:3096} INFO - Sync 1 DAGs
[2024-06-29T11:59:24.329+0000] {logging_mixin.py:188} INFO - [2024-06-29T11:59:24.329+0000] {dag.py:3954} INFO - Setting next_dagrun for example_bash_operator to 2024-06-28 00:00:00+00:00, run_after=2024-06-29 00:00:00+00:00
[2024-06-29T11:59:24.338+0000] {processor.py:183} INFO - Processing /home/airflow/.local/lib/python3.12/site-packages/airflow/example_dags/example_bash_operator.py took 0.048 seconds
[2024-06-29T11:59:54.523+0000] {processor.py:161} INFO - Started process (PID=3080) to work on /home/airflow/.local/lib/python3.12/site-packages/airflow/example_dags/example_bash_operator.py
[2024-06-29T11:59:54.523+0000] {processor.py:830} INFO - Processing file /home/airflow/.local/lib/python3.12/site-packages/airflow/example_dags/example_bash_operator.py for tasks to queue
[2024-06-29T11:59:54.525+0000] {logging_mixin.py:188} INFO - [2024-06-29T11:59:54.524+0000] {dagbag.py:545} INFO - Filling up the DagBag from /home/airflow/.local/lib/python3.12/site-packages/airflow/example_dags/example_bash_operator.py
[2024-06-29T11:59:54.530+0000] {processor.py:840} INFO - DAG(s) 'example_bash_operator' retrieved from /home/airflow/.local/lib/python3.12/site-packages/airflow/example_dags/example_bash_operator.py
[2024-06-29T11:59:54.546+0000] {logging_mixin.py:188} INFO - [2024-06-29T11:59:54.546+0000] {dag.py:3096} INFO - Sync 1 DAGs
[2024-06-29T11:59:54.558+0000] {logging_mixin.py:188} INFO - [2024-06-29T11:59:54.557+0000] {dag.py:3954} INFO - Setting next_dagrun for example_bash_operator to 2024-06-28 00:00:00+00:00, run_after=2024-06-29 00:00:00+00:00
[2024-06-29T11:59:54.566+0000] {processor.py:183} INFO - Processing /home/airflow/.local/lib/python3.12/site-packages/airflow/example_dags/example_bash_operator.py took 0.047 seconds
[2024-06-29T12:00:24.682+0000] {processor.py:161} INFO - Started process (PID=3342) to work on /home/airflow/.local/lib/python3.12/site-packages/airflow/example_dags/example_bash_operator.py
[2024-06-29T12:00:24.682+0000] {processor.py:830} INFO - Processing file /home/airflow/.local/lib/python3.12/site-packages/airflow/example_dags/example_bash_operator.py for tasks to queue
[2024-06-29T12:00:24.683+0000] {logging_mixin.py:188} INFO - [2024-06-29T12:00:24.683+0000] {dagbag.py:545} INFO - Filling up the DagBag from /home/airflow/.local/lib/python3.12/site-packages/airflow/example_dags/example_bash_operator.py
[2024-06-29T12:00:24.689+0000] {processor.py:840} INFO - DAG(s) 'example_bash_operator' retrieved from /home/airflow/.local/lib/python3.12/site-packages/airflow/example_dags/example_bash_operator.py
[2024-06-29T12:00:24.705+0000] {logging_mixin.py:188} INFO - [2024-06-29T12:00:24.705+0000] {dag.py:3096} INFO - Sync 1 DAGs
[2024-06-29T12:00:24.717+0000] {logging_mixin.py:188} INFO - [2024-06-29T12:00:24.717+0000] {dag.py:3954} INFO - Setting next_dagrun for example_bash_operator to 2024-06-28 00:00:00+00:00, run_after=2024-06-29 00:00:00+00:00
[2024-06-29T12:00:24.725+0000] {processor.py:183} INFO - Processing /home/airflow/.local/lib/python3.12/site-packages/airflow/example_dags/example_bash_operator.py took 0.047 seconds
[2024-06-29T12:00:54.830+0000] {processor.py:161} INFO - Started process (PID=3604) to work on /home/airflow/.local/lib/python3.12/site-packages/airflow/example_dags/example_bash_operator.py
[2024-06-29T12:00:54.831+0000] {processor.py:830} INFO - Processing file /home/airflow/.local/lib/python3.12/site-packages/airflow/example_dags/example_bash_operator.py for tasks to queue
[2024-06-29T12:00:54.832+0000] {logging_mixin.py:188} INFO - [2024-06-29T12:00:54.831+0000] {dagbag.py:545} INFO - Filling up the DagBag from /home/airflow/.local/lib/python3.12/site-packages/airflow/example_dags/example_bash_operator.py
[2024-06-29T12:00:54.837+0000] {processor.py:840} INFO - DAG(s) 'example_bash_operator' retrieved from /home/airflow/.local/lib/python3.12/site-packages/airflow/example_dags/example_bash_operator.py
[2024-06-29T12:00:54.852+0000] {logging_mixin.py:188} INFO - [2024-06-29T12:00:54.852+0000] {dag.py:3096} INFO - Sync 1 DAGs
[2024-06-29T12:00:54.863+0000] {logging_mixin.py:188} INFO - [2024-06-29T12:00:54.863+0000] {dag.py:3954} INFO - Setting next_dagrun for example_bash_operator to 2024-06-28 00:00:00+00:00, run_after=2024-06-29 00:00:00+00:00
[2024-06-29T12:00:54.871+0000] {processor.py:183} INFO - Processing /home/airflow/.local/lib/python3.12/site-packages/airflow/example_dags/example_bash_operator.py took 0.044 seconds
[2024-06-29T12:01:25.075+0000] {processor.py:161} INFO - Started process (PID=3864) to work on /home/airflow/.local/lib/python3.12/site-packages/airflow/example_dags/example_bash_operator.py
[2024-06-29T12:01:25.076+0000] {processor.py:830} INFO - Processing file /home/airflow/.local/lib/python3.12/site-packages/airflow/example_dags/example_bash_operator.py for tasks to queue
[2024-06-29T12:01:25.077+0000] {logging_mixin.py:188} INFO - [2024-06-29T12:01:25.077+0000] {dagbag.py:545} INFO - Filling up the DagBag from /home/airflow/.local/lib/python3.12/site-packages/airflow/example_dags/example_bash_operator.py
[2024-06-29T12:01:25.083+0000] {processor.py:840} INFO - DAG(s) 'example_bash_operator' retrieved from /home/airflow/.local/lib/python3.12/site-packages/airflow/example_dags/example_bash_operator.py
[2024-06-29T12:01:25.101+0000] {logging_mixin.py:188} INFO - [2024-06-29T12:01:25.101+0000] {dag.py:3096} INFO - Sync 1 DAGs
[2024-06-29T12:01:25.114+0000] {logging_mixin.py:188} INFO - [2024-06-29T12:01:25.114+0000] {dag.py:3954} INFO - Setting next_dagrun for example_bash_operator to 2024-06-28 00:00:00+00:00, run_after=2024-06-29 00:00:00+00:00
[2024-06-29T12:01:25.123+0000] {processor.py:183} INFO - Processing /home/airflow/.local/lib/python3.12/site-packages/airflow/example_dags/example_bash_operator.py took 0.051 seconds
[2024-06-29T12:01:55.278+0000] {processor.py:161} INFO - Started process (PID=4126) to work on /home/airflow/.local/lib/python3.12/site-packages/airflow/example_dags/example_bash_operator.py
[2024-06-29T12:01:55.278+0000] {processor.py:830} INFO - Processing file /home/airflow/.local/lib/python3.12/site-packages/airflow/example_dags/example_bash_operator.py for tasks to queue
[2024-06-29T12:01:55.280+0000] {logging_mixin.py:188} INFO - [2024-06-29T12:01:55.279+0000] {dagbag.py:545} INFO - Filling up the DagBag from /home/airflow/.local/lib/python3.12/site-packages/airflow/example_dags/example_bash_operator.py
[2024-06-29T12:01:55.286+0000] {processor.py:840} INFO - DAG(s) 'example_bash_operator' retrieved from /home/airflow/.local/lib/python3.12/site-packages/airflow/example_dags/example_bash_operator.py
[2024-06-29T12:01:55.303+0000] {logging_mixin.py:188} INFO - [2024-06-29T12:01:55.302+0000] {dag.py:3096} INFO - Sync 1 DAGs
[2024-06-29T12:01:55.314+0000] {logging_mixin.py:188} INFO - [2024-06-29T12:01:55.314+0000] {dag.py:3954} INFO - Setting next_dagrun for example_bash_operator to 2024-06-28 00:00:00+00:00, run_after=2024-06-29 00:00:00+00:00
[2024-06-29T12:01:55.323+0000] {processor.py:183} INFO - Processing /home/airflow/.local/lib/python3.12/site-packages/airflow/example_dags/example_bash_operator.py took 0.049 seconds
[2024-06-29T12:02:25.601+0000] {processor.py:161} INFO - Started process (PID=4390) to work on /home/airflow/.local/lib/python3.12/site-packages/airflow/example_dags/example_bash_operator.py
[2024-06-29T12:02:25.601+0000] {processor.py:830} INFO - Processing file /home/airflow/.local/lib/python3.12/site-packages/airflow/example_dags/example_bash_operator.py for tasks to queue
[2024-06-29T12:02:25.602+0000] {logging_mixin.py:188} INFO - [2024-06-29T12:02:25.602+0000] {dagbag.py:545} INFO - Filling up the DagBag from /home/airflow/.local/lib/python3.12/site-packages/airflow/example_dags/example_bash_operator.py
[2024-06-29T12:02:25.609+0000] {processor.py:840} INFO - DAG(s) 'example_bash_operator' retrieved from /home/airflow/.local/lib/python3.12/site-packages/airflow/example_dags/example_bash_operator.py
[2024-06-29T12:02:25.625+0000] {logging_mixin.py:188} INFO - [2024-06-29T12:02:25.624+0000] {dag.py:3096} INFO - Sync 1 DAGs
[2024-06-29T12:02:25.635+0000] {logging_mixin.py:188} INFO - [2024-06-29T12:02:25.635+0000] {dag.py:3954} INFO - Setting next_dagrun for example_bash_operator to 2024-06-28 00:00:00+00:00, run_after=2024-06-29 00:00:00+00:00
[2024-06-29T12:02:25.643+0000] {processor.py:183} INFO - Processing /home/airflow/.local/lib/python3.12/site-packages/airflow/example_dags/example_bash_operator.py took 0.047 seconds
[2024-06-29T12:02:55.954+0000] {processor.py:161} INFO - Started process (PID=4650) to work on /home/airflow/.local/lib/python3.12/site-packages/airflow/example_dags/example_bash_operator.py
[2024-06-29T12:02:55.955+0000] {processor.py:830} INFO - Processing file /home/airflow/.local/lib/python3.12/site-packages/airflow/example_dags/example_bash_operator.py for tasks to queue
[2024-06-29T12:02:55.956+0000] {logging_mixin.py:188} INFO - [2024-06-29T12:02:55.956+0000] {dagbag.py:545} INFO - Filling up the DagBag from /home/airflow/.local/lib/python3.12/site-packages/airflow/example_dags/example_bash_operator.py
[2024-06-29T12:02:55.962+0000] {processor.py:840} INFO - DAG(s) 'example_bash_operator' retrieved from /home/airflow/.local/lib/python3.12/site-packages/airflow/example_dags/example_bash_operator.py
[2024-06-29T12:02:55.979+0000] {logging_mixin.py:188} INFO - [2024-06-29T12:02:55.979+0000] {dag.py:3096} INFO - Sync 1 DAGs
[2024-06-29T12:02:55.991+0000] {logging_mixin.py:188} INFO - [2024-06-29T12:02:55.991+0000] {dag.py:3954} INFO - Setting next_dagrun for example_bash_operator to 2024-06-28 00:00:00+00:00, run_after=2024-06-29 00:00:00+00:00
[2024-06-29T12:02:56.000+0000] {processor.py:183} INFO - Processing /home/airflow/.local/lib/python3.12/site-packages/airflow/example_dags/example_bash_operator.py took 0.051 seconds
[2024-06-29T12:03:26.183+0000] {processor.py:161} INFO - Started process (PID=4920) to work on /home/airflow/.local/lib/python3.12/site-packages/airflow/example_dags/example_bash_operator.py
[2024-06-29T12:03:26.184+0000] {processor.py:830} INFO - Processing file /home/airflow/.local/lib/python3.12/site-packages/airflow/example_dags/example_bash_operator.py for tasks to queue
[2024-06-29T12:03:26.185+0000] {logging_mixin.py:188} INFO - [2024-06-29T12:03:26.185+0000] {dagbag.py:545} INFO - Filling up the DagBag from /home/airflow/.local/lib/python3.12/site-packages/airflow/example_dags/example_bash_operator.py
[2024-06-29T12:03:26.192+0000] {processor.py:840} INFO - DAG(s) 'example_bash_operator' retrieved from /home/airflow/.local/lib/python3.12/site-packages/airflow/example_dags/example_bash_operator.py
[2024-06-29T12:03:26.208+0000] {logging_mixin.py:188} INFO - [2024-06-29T12:03:26.208+0000] {dag.py:3096} INFO - Sync 1 DAGs
[2024-06-29T12:03:26.219+0000] {logging_mixin.py:188} INFO - [2024-06-29T12:03:26.219+0000] {dag.py:3954} INFO - Setting next_dagrun for example_bash_operator to 2024-06-28 00:00:00+00:00, run_after=2024-06-29 00:00:00+00:00
[2024-06-29T12:03:26.228+0000] {processor.py:183} INFO - Processing /home/airflow/.local/lib/python3.12/site-packages/airflow/example_dags/example_bash_operator.py took 0.048 seconds
[2024-06-29T12:03:56.333+0000] {processor.py:161} INFO - Started process (PID=5182) to work on /home/airflow/.local/lib/python3.12/site-packages/airflow/example_dags/example_bash_operator.py
[2024-06-29T12:03:56.334+0000] {processor.py:830} INFO - Processing file /home/airflow/.local/lib/python3.12/site-packages/airflow/example_dags/example_bash_operator.py for tasks to queue
[2024-06-29T12:03:56.336+0000] {logging_mixin.py:188} INFO - [2024-06-29T12:03:56.335+0000] {dagbag.py:545} INFO - Filling up the DagBag from /home/airflow/.local/lib/python3.12/site-packages/airflow/example_dags/example_bash_operator.py
[2024-06-29T12:03:56.345+0000] {processor.py:840} INFO - DAG(s) 'example_bash_operator' retrieved from /home/airflow/.local/lib/python3.12/site-packages/airflow/example_dags/example_bash_operator.py
[2024-06-29T12:03:56.363+0000] {logging_mixin.py:188} INFO - [2024-06-29T12:03:56.363+0000] {dag.py:3096} INFO - Sync 1 DAGs
[2024-06-29T12:03:56.382+0000] {logging_mixin.py:188} INFO - [2024-06-29T12:03:56.382+0000] {dag.py:3954} INFO - Setting next_dagrun for example_bash_operator to 2024-06-28 00:00:00+00:00, run_after=2024-06-29 00:00:00+00:00
[2024-06-29T12:03:56.396+0000] {processor.py:183} INFO - Processing /home/airflow/.local/lib/python3.12/site-packages/airflow/example_dags/example_bash_operator.py took 0.068 seconds
[2024-06-29T12:04:26.626+0000] {processor.py:161} INFO - Started process (PID=5444) to work on /home/airflow/.local/lib/python3.12/site-packages/airflow/example_dags/example_bash_operator.py
[2024-06-29T12:04:26.626+0000] {processor.py:830} INFO - Processing file /home/airflow/.local/lib/python3.12/site-packages/airflow/example_dags/example_bash_operator.py for tasks to queue
[2024-06-29T12:04:26.627+0000] {logging_mixin.py:188} INFO - [2024-06-29T12:04:26.627+0000] {dagbag.py:545} INFO - Filling up the DagBag from /home/airflow/.local/lib/python3.12/site-packages/airflow/example_dags/example_bash_operator.py
[2024-06-29T12:04:26.633+0000] {processor.py:840} INFO - DAG(s) 'example_bash_operator' retrieved from /home/airflow/.local/lib/python3.12/site-packages/airflow/example_dags/example_bash_operator.py
[2024-06-29T12:04:26.649+0000] {logging_mixin.py:188} INFO - [2024-06-29T12:04:26.649+0000] {dag.py:3096} INFO - Sync 1 DAGs
[2024-06-29T12:04:26.661+0000] {logging_mixin.py:188} INFO - [2024-06-29T12:04:26.661+0000] {dag.py:3954} INFO - Setting next_dagrun for example_bash_operator to 2024-06-28 00:00:00+00:00, run_after=2024-06-29 00:00:00+00:00
[2024-06-29T12:04:26.669+0000] {processor.py:183} INFO - Processing /home/airflow/.local/lib/python3.12/site-packages/airflow/example_dags/example_bash_operator.py took 0.047 seconds
[2024-06-29T12:04:56.921+0000] {processor.py:161} INFO - Started process (PID=5706) to work on /home/airflow/.local/lib/python3.12/site-packages/airflow/example_dags/example_bash_operator.py
[2024-06-29T12:04:56.922+0000] {processor.py:830} INFO - Processing file /home/airflow/.local/lib/python3.12/site-packages/airflow/example_dags/example_bash_operator.py for tasks to queue
[2024-06-29T12:04:56.923+0000] {logging_mixin.py:188} INFO - [2024-06-29T12:04:56.923+0000] {dagbag.py:545} INFO - Filling up the DagBag from /home/airflow/.local/lib/python3.12/site-packages/airflow/example_dags/example_bash_operator.py
[2024-06-29T12:04:56.929+0000] {processor.py:840} INFO - DAG(s) 'example_bash_operator' retrieved from /home/airflow/.local/lib/python3.12/site-packages/airflow/example_dags/example_bash_operator.py
[2024-06-29T12:04:56.946+0000] {logging_mixin.py:188} INFO - [2024-06-29T12:04:56.946+0000] {dag.py:3096} INFO - Sync 1 DAGs
[2024-06-29T12:04:56.959+0000] {logging_mixin.py:188} INFO - [2024-06-29T12:04:56.959+0000] {dag.py:3954} INFO - Setting next_dagrun for example_bash_operator to 2024-06-28 00:00:00+00:00, run_after=2024-06-29 00:00:00+00:00
[2024-06-29T12:04:56.968+0000] {processor.py:183} INFO - Processing /home/airflow/.local/lib/python3.12/site-packages/airflow/example_dags/example_bash_operator.py took 0.050 seconds
[2024-06-29T12:05:27.064+0000] {processor.py:161} INFO - Started process (PID=5963) to work on /home/airflow/.local/lib/python3.12/site-packages/airflow/example_dags/example_bash_operator.py
[2024-06-29T12:05:27.065+0000] {processor.py:830} INFO - Processing file /home/airflow/.local/lib/python3.12/site-packages/airflow/example_dags/example_bash_operator.py for tasks to queue
[2024-06-29T12:05:27.066+0000] {logging_mixin.py:188} INFO - [2024-06-29T12:05:27.066+0000] {dagbag.py:545} INFO - Filling up the DagBag from /home/airflow/.local/lib/python3.12/site-packages/airflow/example_dags/example_bash_operator.py
[2024-06-29T12:05:27.072+0000] {processor.py:840} INFO - DAG(s) 'example_bash_operator' retrieved from /home/airflow/.local/lib/python3.12/site-packages/airflow/example_dags/example_bash_operator.py
[2024-06-29T12:05:27.090+0000] {logging_mixin.py:188} INFO - [2024-06-29T12:05:27.090+0000] {dag.py:3096} INFO - Sync 1 DAGs
[2024-06-29T12:05:27.102+0000] {logging_mixin.py:188} INFO - [2024-06-29T12:05:27.102+0000] {dag.py:3954} INFO - Setting next_dagrun for example_bash_operator to 2024-06-28 00:00:00+00:00, run_after=2024-06-29 00:00:00+00:00
[2024-06-29T12:05:27.111+0000] {processor.py:183} INFO - Processing /home/airflow/.local/lib/python3.12/site-packages/airflow/example_dags/example_bash_operator.py took 0.050 seconds
[2024-06-29T12:05:57.434+0000] {processor.py:161} INFO - Started process (PID=6225) to work on /home/airflow/.local/lib/python3.12/site-packages/airflow/example_dags/example_bash_operator.py
[2024-06-29T12:05:57.434+0000] {processor.py:830} INFO - Processing file /home/airflow/.local/lib/python3.12/site-packages/airflow/example_dags/example_bash_operator.py for tasks to queue
[2024-06-29T12:05:57.435+0000] {logging_mixin.py:188} INFO - [2024-06-29T12:05:57.435+0000] {dagbag.py:545} INFO - Filling up the DagBag from /home/airflow/.local/lib/python3.12/site-packages/airflow/example_dags/example_bash_operator.py
[2024-06-29T12:05:57.441+0000] {processor.py:840} INFO - DAG(s) 'example_bash_operator' retrieved from /home/airflow/.local/lib/python3.12/site-packages/airflow/example_dags/example_bash_operator.py
[2024-06-29T12:05:57.458+0000] {logging_mixin.py:188} INFO - [2024-06-29T12:05:57.458+0000] {dag.py:3096} INFO - Sync 1 DAGs
[2024-06-29T12:05:57.470+0000] {logging_mixin.py:188} INFO - [2024-06-29T12:05:57.470+0000] {dag.py:3954} INFO - Setting next_dagrun for example_bash_operator to 2024-06-28 00:00:00+00:00, run_after=2024-06-29 00:00:00+00:00
[2024-06-29T12:05:57.478+0000] {processor.py:183} INFO - Processing /home/airflow/.local/lib/python3.12/site-packages/airflow/example_dags/example_bash_operator.py took 0.048 seconds
[2024-06-29T12:06:27.573+0000] {processor.py:161} INFO - Started process (PID=6487) to work on /home/airflow/.local/lib/python3.12/site-packages/airflow/example_dags/example_bash_operator.py
[2024-06-29T12:06:27.573+0000] {processor.py:830} INFO - Processing file /home/airflow/.local/lib/python3.12/site-packages/airflow/example_dags/example_bash_operator.py for tasks to queue
[2024-06-29T12:06:27.574+0000] {logging_mixin.py:188} INFO - [2024-06-29T12:06:27.574+0000] {dagbag.py:545} INFO - Filling up the DagBag from /home/airflow/.local/lib/python3.12/site-packages/airflow/example_dags/example_bash_operator.py
[2024-06-29T12:06:27.580+0000] {processor.py:840} INFO - DAG(s) 'example_bash_operator' retrieved from /home/airflow/.local/lib/python3.12/site-packages/airflow/example_dags/example_bash_operator.py
[2024-06-29T12:06:27.597+0000] {logging_mixin.py:188} INFO - [2024-06-29T12:06:27.596+0000] {dag.py:3096} INFO - Sync 1 DAGs
[2024-06-29T12:06:27.608+0000] {logging_mixin.py:188} INFO - [2024-06-29T12:06:27.608+0000] {dag.py:3954} INFO - Setting next_dagrun for example_bash_operator to 2024-06-28 00:00:00+00:00, run_after=2024-06-29 00:00:00+00:00
[2024-06-29T12:06:27.617+0000] {processor.py:183} INFO - Processing /home/airflow/.local/lib/python3.12/site-packages/airflow/example_dags/example_bash_operator.py took 0.048 seconds
[2024-06-29T12:06:57.855+0000] {processor.py:161} INFO - Started process (PID=6750) to work on /home/airflow/.local/lib/python3.12/site-packages/airflow/example_dags/example_bash_operator.py
[2024-06-29T12:06:57.855+0000] {processor.py:830} INFO - Processing file /home/airflow/.local/lib/python3.12/site-packages/airflow/example_dags/example_bash_operator.py for tasks to queue
[2024-06-29T12:06:57.856+0000] {logging_mixin.py:188} INFO - [2024-06-29T12:06:57.856+0000] {dagbag.py:545} INFO - Filling up the DagBag from /home/airflow/.local/lib/python3.12/site-packages/airflow/example_dags/example_bash_operator.py
[2024-06-29T12:06:57.862+0000] {processor.py:840} INFO - DAG(s) 'example_bash_operator' retrieved from /home/airflow/.local/lib/python3.12/site-packages/airflow/example_dags/example_bash_operator.py
[2024-06-29T12:06:57.878+0000] {logging_mixin.py:188} INFO - [2024-06-29T12:06:57.878+0000] {dag.py:3096} INFO - Sync 1 DAGs
[2024-06-29T12:06:57.890+0000] {logging_mixin.py:188} INFO - [2024-06-29T12:06:57.890+0000] {dag.py:3954} INFO - Setting next_dagrun for example_bash_operator to 2024-06-28 00:00:00+00:00, run_after=2024-06-29 00:00:00+00:00
[2024-06-29T12:06:57.899+0000] {processor.py:183} INFO - Processing /home/airflow/.local/lib/python3.12/site-packages/airflow/example_dags/example_bash_operator.py took 0.048 seconds
[2024-06-29T12:07:28.092+0000] {processor.py:161} INFO - Started process (PID=7012) to work on /home/airflow/.local/lib/python3.12/site-packages/airflow/example_dags/example_bash_operator.py
[2024-06-29T12:07:28.092+0000] {processor.py:830} INFO - Processing file /home/airflow/.local/lib/python3.12/site-packages/airflow/example_dags/example_bash_operator.py for tasks to queue
[2024-06-29T12:07:28.094+0000] {logging_mixin.py:188} INFO - [2024-06-29T12:07:28.093+0000] {dagbag.py:545} INFO - Filling up the DagBag from /home/airflow/.local/lib/python3.12/site-packages/airflow/example_dags/example_bash_operator.py
[2024-06-29T12:07:28.100+0000] {processor.py:840} INFO - DAG(s) 'example_bash_operator' retrieved from /home/airflow/.local/lib/python3.12/site-packages/airflow/example_dags/example_bash_operator.py
[2024-06-29T12:07:28.116+0000] {logging_mixin.py:188} INFO - [2024-06-29T12:07:28.116+0000] {dag.py:3096} INFO - Sync 1 DAGs
[2024-06-29T12:07:28.127+0000] {logging_mixin.py:188} INFO - [2024-06-29T12:07:28.127+0000] {dag.py:3954} INFO - Setting next_dagrun for example_bash_operator to 2024-06-28 00:00:00+00:00, run_after=2024-06-29 00:00:00+00:00
[2024-06-29T12:07:28.136+0000] {processor.py:183} INFO - Processing /home/airflow/.local/lib/python3.12/site-packages/airflow/example_dags/example_bash_operator.py took 0.048 seconds
[2024-06-29T12:07:58.265+0000] {processor.py:161} INFO - Started process (PID=7274) to work on /home/airflow/.local/lib/python3.12/site-packages/airflow/example_dags/example_bash_operator.py
[2024-06-29T12:07:58.266+0000] {processor.py:830} INFO - Processing file /home/airflow/.local/lib/python3.12/site-packages/airflow/example_dags/example_bash_operator.py for tasks to queue
[2024-06-29T12:07:58.267+0000] {logging_mixin.py:188} INFO - [2024-06-29T12:07:58.267+0000] {dagbag.py:545} INFO - Filling up the DagBag from /home/airflow/.local/lib/python3.12/site-packages/airflow/example_dags/example_bash_operator.py
[2024-06-29T12:07:58.273+0000] {processor.py:840} INFO - DAG(s) 'example_bash_operator' retrieved from /home/airflow/.local/lib/python3.12/site-packages/airflow/example_dags/example_bash_operator.py
[2024-06-29T12:07:58.289+0000] {logging_mixin.py:188} INFO - [2024-06-29T12:07:58.289+0000] {dag.py:3096} INFO - Sync 1 DAGs
[2024-06-29T12:07:58.301+0000] {logging_mixin.py:188} INFO - [2024-06-29T12:07:58.301+0000] {dag.py:3954} INFO - Setting next_dagrun for example_bash_operator to 2024-06-28 00:00:00+00:00, run_after=2024-06-29 00:00:00+00:00
[2024-06-29T12:07:58.310+0000] {processor.py:183} INFO - Processing /home/airflow/.local/lib/python3.12/site-packages/airflow/example_dags/example_bash_operator.py took 0.048 seconds
[2024-06-29T12:08:28.429+0000] {processor.py:161} INFO - Started process (PID=7537) to work on /home/airflow/.local/lib/python3.12/site-packages/airflow/example_dags/example_bash_operator.py
[2024-06-29T12:08:28.430+0000] {processor.py:830} INFO - Processing file /home/airflow/.local/lib/python3.12/site-packages/airflow/example_dags/example_bash_operator.py for tasks to queue
[2024-06-29T12:08:28.431+0000] {logging_mixin.py:188} INFO - [2024-06-29T12:08:28.431+0000] {dagbag.py:545} INFO - Filling up the DagBag from /home/airflow/.local/lib/python3.12/site-packages/airflow/example_dags/example_bash_operator.py
[2024-06-29T12:08:28.437+0000] {processor.py:840} INFO - DAG(s) 'example_bash_operator' retrieved from /home/airflow/.local/lib/python3.12/site-packages/airflow/example_dags/example_bash_operator.py
[2024-06-29T12:08:28.453+0000] {logging_mixin.py:188} INFO - [2024-06-29T12:08:28.453+0000] {dag.py:3096} INFO - Sync 1 DAGs
[2024-06-29T12:08:28.465+0000] {logging_mixin.py:188} INFO - [2024-06-29T12:08:28.465+0000] {dag.py:3954} INFO - Setting next_dagrun for example_bash_operator to 2024-06-28 00:00:00+00:00, run_after=2024-06-29 00:00:00+00:00
[2024-06-29T12:08:28.473+0000] {processor.py:183} INFO - Processing /home/airflow/.local/lib/python3.12/site-packages/airflow/example_dags/example_bash_operator.py took 0.048 seconds
[2024-06-29T12:08:58.700+0000] {processor.py:161} INFO - Started process (PID=7800) to work on /home/airflow/.local/lib/python3.12/site-packages/airflow/example_dags/example_bash_operator.py
[2024-06-29T12:08:58.700+0000] {processor.py:830} INFO - Processing file /home/airflow/.local/lib/python3.12/site-packages/airflow/example_dags/example_bash_operator.py for tasks to queue
[2024-06-29T12:08:58.701+0000] {logging_mixin.py:188} INFO - [2024-06-29T12:08:58.701+0000] {dagbag.py:545} INFO - Filling up the DagBag from /home/airflow/.local/lib/python3.12/site-packages/airflow/example_dags/example_bash_operator.py
[2024-06-29T12:08:58.707+0000] {processor.py:840} INFO - DAG(s) 'example_bash_operator' retrieved from /home/airflow/.local/lib/python3.12/site-packages/airflow/example_dags/example_bash_operator.py
[2024-06-29T12:08:58.724+0000] {logging_mixin.py:188} INFO - [2024-06-29T12:08:58.724+0000] {dag.py:3096} INFO - Sync 1 DAGs
[2024-06-29T12:08:58.736+0000] {logging_mixin.py:188} INFO - [2024-06-29T12:08:58.736+0000] {dag.py:3954} INFO - Setting next_dagrun for example_bash_operator to 2024-06-28 00:00:00+00:00, run_after=2024-06-29 00:00:00+00:00
[2024-06-29T12:08:58.745+0000] {processor.py:183} INFO - Processing /home/airflow/.local/lib/python3.12/site-packages/airflow/example_dags/example_bash_operator.py took 0.049 seconds
[2024-06-29T12:09:29.053+0000] {processor.py:161} INFO - Started process (PID=8062) to work on /home/airflow/.local/lib/python3.12/site-packages/airflow/example_dags/example_bash_operator.py
[2024-06-29T12:09:29.054+0000] {processor.py:830} INFO - Processing file /home/airflow/.local/lib/python3.12/site-packages/airflow/example_dags/example_bash_operator.py for tasks to queue
[2024-06-29T12:09:29.055+0000] {logging_mixin.py:188} INFO - [2024-06-29T12:09:29.054+0000] {dagbag.py:545} INFO - Filling up the DagBag from /home/airflow/.local/lib/python3.12/site-packages/airflow/example_dags/example_bash_operator.py
[2024-06-29T12:09:29.061+0000] {processor.py:840} INFO - DAG(s) 'example_bash_operator' retrieved from /home/airflow/.local/lib/python3.12/site-packages/airflow/example_dags/example_bash_operator.py
[2024-06-29T12:09:29.077+0000] {logging_mixin.py:188} INFO - [2024-06-29T12:09:29.077+0000] {dag.py:3096} INFO - Sync 1 DAGs
[2024-06-29T12:09:29.089+0000] {logging_mixin.py:188} INFO - [2024-06-29T12:09:29.089+0000] {dag.py:3954} INFO - Setting next_dagrun for example_bash_operator to 2024-06-28 00:00:00+00:00, run_after=2024-06-29 00:00:00+00:00
[2024-06-29T12:09:29.098+0000] {processor.py:183} INFO - Processing /home/airflow/.local/lib/python3.12/site-packages/airflow/example_dags/example_bash_operator.py took 0.048 seconds
[2024-06-29T12:09:59.462+0000] {processor.py:161} INFO - Started process (PID=8324) to work on /home/airflow/.local/lib/python3.12/site-packages/airflow/example_dags/example_bash_operator.py
[2024-06-29T12:09:59.463+0000] {processor.py:830} INFO - Processing file /home/airflow/.local/lib/python3.12/site-packages/airflow/example_dags/example_bash_operator.py for tasks to queue
[2024-06-29T12:09:59.464+0000] {logging_mixin.py:188} INFO - [2024-06-29T12:09:59.464+0000] {dagbag.py:545} INFO - Filling up the DagBag from /home/airflow/.local/lib/python3.12/site-packages/airflow/example_dags/example_bash_operator.py
[2024-06-29T12:09:59.470+0000] {processor.py:840} INFO - DAG(s) 'example_bash_operator' retrieved from /home/airflow/.local/lib/python3.12/site-packages/airflow/example_dags/example_bash_operator.py
[2024-06-29T12:09:59.486+0000] {logging_mixin.py:188} INFO - [2024-06-29T12:09:59.486+0000] {dag.py:3096} INFO - Sync 1 DAGs
[2024-06-29T12:09:59.498+0000] {logging_mixin.py:188} INFO - [2024-06-29T12:09:59.498+0000] {dag.py:3954} INFO - Setting next_dagrun for example_bash_operator to 2024-06-28 00:00:00+00:00, run_after=2024-06-29 00:00:00+00:00
[2024-06-29T12:09:59.506+0000] {processor.py:183} INFO - Processing /home/airflow/.local/lib/python3.12/site-packages/airflow/example_dags/example_bash_operator.py took 0.048 seconds
[2024-06-29T12:10:30.165+0000] {processor.py:161} INFO - Started process (PID=8591) to work on /home/airflow/.local/lib/python3.12/site-packages/airflow/example_dags/example_bash_operator.py
[2024-06-29T12:10:30.166+0000] {processor.py:830} INFO - Processing file /home/airflow/.local/lib/python3.12/site-packages/airflow/example_dags/example_bash_operator.py for tasks to queue
[2024-06-29T12:10:30.167+0000] {logging_mixin.py:188} INFO - [2024-06-29T12:10:30.166+0000] {dagbag.py:545} INFO - Filling up the DagBag from /home/airflow/.local/lib/python3.12/site-packages/airflow/example_dags/example_bash_operator.py
[2024-06-29T12:10:30.172+0000] {processor.py:840} INFO - DAG(s) 'example_bash_operator' retrieved from /home/airflow/.local/lib/python3.12/site-packages/airflow/example_dags/example_bash_operator.py
[2024-06-29T12:10:30.188+0000] {logging_mixin.py:188} INFO - [2024-06-29T12:10:30.188+0000] {dag.py:3096} INFO - Sync 1 DAGs
[2024-06-29T12:10:30.201+0000] {logging_mixin.py:188} INFO - [2024-06-29T12:10:30.201+0000] {dag.py:3954} INFO - Setting next_dagrun for example_bash_operator to 2024-06-28 00:00:00+00:00, run_after=2024-06-29 00:00:00+00:00
[2024-06-29T12:10:30.210+0000] {processor.py:183} INFO - Processing /home/airflow/.local/lib/python3.12/site-packages/airflow/example_dags/example_bash_operator.py took 0.049 seconds
[2024-06-29T12:11:00.894+0000] {processor.py:161} INFO - Started process (PID=8855) to work on /home/airflow/.local/lib/python3.12/site-packages/airflow/example_dags/example_bash_operator.py
[2024-06-29T12:11:00.895+0000] {processor.py:830} INFO - Processing file /home/airflow/.local/lib/python3.12/site-packages/airflow/example_dags/example_bash_operator.py for tasks to queue
[2024-06-29T12:11:00.896+0000] {logging_mixin.py:188} INFO - [2024-06-29T12:11:00.896+0000] {dagbag.py:545} INFO - Filling up the DagBag from /home/airflow/.local/lib/python3.12/site-packages/airflow/example_dags/example_bash_operator.py
[2024-06-29T12:11:00.902+0000] {processor.py:840} INFO - DAG(s) 'example_bash_operator' retrieved from /home/airflow/.local/lib/python3.12/site-packages/airflow/example_dags/example_bash_operator.py
[2024-06-29T12:11:00.917+0000] {logging_mixin.py:188} INFO - [2024-06-29T12:11:00.917+0000] {dag.py:3096} INFO - Sync 1 DAGs
[2024-06-29T12:11:00.928+0000] {logging_mixin.py:188} INFO - [2024-06-29T12:11:00.928+0000] {dag.py:3954} INFO - Setting next_dagrun for example_bash_operator to 2024-06-28 00:00:00+00:00, run_after=2024-06-29 00:00:00+00:00
[2024-06-29T12:11:00.936+0000] {processor.py:183} INFO - Processing /home/airflow/.local/lib/python3.12/site-packages/airflow/example_dags/example_bash_operator.py took 0.045 seconds
[2024-06-29T12:11:31.493+0000] {processor.py:161} INFO - Started process (PID=9117) to work on /home/airflow/.local/lib/python3.12/site-packages/airflow/example_dags/example_bash_operator.py
[2024-06-29T12:11:31.494+0000] {processor.py:830} INFO - Processing file /home/airflow/.local/lib/python3.12/site-packages/airflow/example_dags/example_bash_operator.py for tasks to queue
[2024-06-29T12:11:31.495+0000] {logging_mixin.py:188} INFO - [2024-06-29T12:11:31.495+0000] {dagbag.py:545} INFO - Filling up the DagBag from /home/airflow/.local/lib/python3.12/site-packages/airflow/example_dags/example_bash_operator.py
[2024-06-29T12:11:31.501+0000] {processor.py:840} INFO - DAG(s) 'example_bash_operator' retrieved from /home/airflow/.local/lib/python3.12/site-packages/airflow/example_dags/example_bash_operator.py
[2024-06-29T12:11:31.517+0000] {logging_mixin.py:188} INFO - [2024-06-29T12:11:31.517+0000] {dag.py:3096} INFO - Sync 1 DAGs
[2024-06-29T12:11:31.527+0000] {logging_mixin.py:188} INFO - [2024-06-29T12:11:31.527+0000] {dag.py:3954} INFO - Setting next_dagrun for example_bash_operator to 2024-06-28 00:00:00+00:00, run_after=2024-06-29 00:00:00+00:00
[2024-06-29T12:11:31.535+0000] {processor.py:183} INFO - Processing /home/airflow/.local/lib/python3.12/site-packages/airflow/example_dags/example_bash_operator.py took 0.046 seconds
[2024-06-29T12:12:01.817+0000] {processor.py:161} INFO - Started process (PID=9377) to work on /home/airflow/.local/lib/python3.12/site-packages/airflow/example_dags/example_bash_operator.py
[2024-06-29T12:12:01.818+0000] {processor.py:830} INFO - Processing file /home/airflow/.local/lib/python3.12/site-packages/airflow/example_dags/example_bash_operator.py for tasks to queue
[2024-06-29T12:12:01.819+0000] {logging_mixin.py:188} INFO - [2024-06-29T12:12:01.819+0000] {dagbag.py:545} INFO - Filling up the DagBag from /home/airflow/.local/lib/python3.12/site-packages/airflow/example_dags/example_bash_operator.py
[2024-06-29T12:12:01.925+0000] {processor.py:840} INFO - DAG(s) 'example_bash_operator' retrieved from /home/airflow/.local/lib/python3.12/site-packages/airflow/example_dags/example_bash_operator.py
[2024-06-29T12:12:01.940+0000] {logging_mixin.py:188} INFO - [2024-06-29T12:12:01.940+0000] {dag.py:3096} INFO - Sync 1 DAGs
[2024-06-29T12:12:01.952+0000] {logging_mixin.py:188} INFO - [2024-06-29T12:12:01.952+0000] {dag.py:3954} INFO - Setting next_dagrun for example_bash_operator to 2024-06-28 00:00:00+00:00, run_after=2024-06-29 00:00:00+00:00
[2024-06-29T12:12:01.961+0000] {processor.py:183} INFO - Processing /home/airflow/.local/lib/python3.12/site-packages/airflow/example_dags/example_bash_operator.py took 0.149 seconds
[2024-06-29T12:12:32.096+0000] {processor.py:161} INFO - Started process (PID=9640) to work on /home/airflow/.local/lib/python3.12/site-packages/airflow/example_dags/example_bash_operator.py
[2024-06-29T12:12:32.098+0000] {processor.py:830} INFO - Processing file /home/airflow/.local/lib/python3.12/site-packages/airflow/example_dags/example_bash_operator.py for tasks to queue
[2024-06-29T12:12:32.099+0000] {logging_mixin.py:188} INFO - [2024-06-29T12:12:32.099+0000] {dagbag.py:545} INFO - Filling up the DagBag from /home/airflow/.local/lib/python3.12/site-packages/airflow/example_dags/example_bash_operator.py
[2024-06-29T12:12:32.105+0000] {processor.py:840} INFO - DAG(s) 'example_bash_operator' retrieved from /home/airflow/.local/lib/python3.12/site-packages/airflow/example_dags/example_bash_operator.py
[2024-06-29T12:12:32.121+0000] {logging_mixin.py:188} INFO - [2024-06-29T12:12:32.121+0000] {dag.py:3096} INFO - Sync 1 DAGs
[2024-06-29T12:12:32.133+0000] {logging_mixin.py:188} INFO - [2024-06-29T12:12:32.132+0000] {dag.py:3954} INFO - Setting next_dagrun for example_bash_operator to 2024-06-28 00:00:00+00:00, run_after=2024-06-29 00:00:00+00:00
[2024-06-29T12:12:32.141+0000] {processor.py:183} INFO - Processing /home/airflow/.local/lib/python3.12/site-packages/airflow/example_dags/example_bash_operator.py took 0.049 seconds
[2024-06-29T12:13:02.359+0000] {processor.py:161} INFO - Started process (PID=9902) to work on /home/airflow/.local/lib/python3.12/site-packages/airflow/example_dags/example_bash_operator.py
[2024-06-29T12:13:02.360+0000] {processor.py:830} INFO - Processing file /home/airflow/.local/lib/python3.12/site-packages/airflow/example_dags/example_bash_operator.py for tasks to queue
[2024-06-29T12:13:02.361+0000] {logging_mixin.py:188} INFO - [2024-06-29T12:13:02.361+0000] {dagbag.py:545} INFO - Filling up the DagBag from /home/airflow/.local/lib/python3.12/site-packages/airflow/example_dags/example_bash_operator.py
[2024-06-29T12:13:02.367+0000] {processor.py:840} INFO - DAG(s) 'example_bash_operator' retrieved from /home/airflow/.local/lib/python3.12/site-packages/airflow/example_dags/example_bash_operator.py
[2024-06-29T12:13:02.384+0000] {logging_mixin.py:188} INFO - [2024-06-29T12:13:02.384+0000] {dag.py:3096} INFO - Sync 1 DAGs
[2024-06-29T12:13:02.395+0000] {logging_mixin.py:188} INFO - [2024-06-29T12:13:02.395+0000] {dag.py:3954} INFO - Setting next_dagrun for example_bash_operator to 2024-06-28 00:00:00+00:00, run_after=2024-06-29 00:00:00+00:00
[2024-06-29T12:13:02.403+0000] {processor.py:183} INFO - Processing /home/airflow/.local/lib/python3.12/site-packages/airflow/example_dags/example_bash_operator.py took 0.048 seconds
[2024-06-29T12:13:32.601+0000] {processor.py:161} INFO - Started process (PID=10163) to work on /home/airflow/.local/lib/python3.12/site-packages/airflow/example_dags/example_bash_operator.py
[2024-06-29T12:13:32.602+0000] {processor.py:830} INFO - Processing file /home/airflow/.local/lib/python3.12/site-packages/airflow/example_dags/example_bash_operator.py for tasks to queue
[2024-06-29T12:13:32.603+0000] {logging_mixin.py:188} INFO - [2024-06-29T12:13:32.603+0000] {dagbag.py:545} INFO - Filling up the DagBag from /home/airflow/.local/lib/python3.12/site-packages/airflow/example_dags/example_bash_operator.py
[2024-06-29T12:13:32.609+0000] {processor.py:840} INFO - DAG(s) 'example_bash_operator' retrieved from /home/airflow/.local/lib/python3.12/site-packages/airflow/example_dags/example_bash_operator.py
[2024-06-29T12:13:32.625+0000] {logging_mixin.py:188} INFO - [2024-06-29T12:13:32.625+0000] {dag.py:3096} INFO - Sync 1 DAGs
[2024-06-29T12:13:32.637+0000] {logging_mixin.py:188} INFO - [2024-06-29T12:13:32.637+0000] {dag.py:3954} INFO - Setting next_dagrun for example_bash_operator to 2024-06-28 00:00:00+00:00, run_after=2024-06-29 00:00:00+00:00
[2024-06-29T12:13:32.646+0000] {processor.py:183} INFO - Processing /home/airflow/.local/lib/python3.12/site-packages/airflow/example_dags/example_bash_operator.py took 0.049 seconds
[2024-06-29T12:14:02.762+0000] {processor.py:161} INFO - Started process (PID=10425) to work on /home/airflow/.local/lib/python3.12/site-packages/airflow/example_dags/example_bash_operator.py
[2024-06-29T12:14:02.763+0000] {processor.py:830} INFO - Processing file /home/airflow/.local/lib/python3.12/site-packages/airflow/example_dags/example_bash_operator.py for tasks to queue
[2024-06-29T12:14:02.764+0000] {logging_mixin.py:188} INFO - [2024-06-29T12:14:02.763+0000] {dagbag.py:545} INFO - Filling up the DagBag from /home/airflow/.local/lib/python3.12/site-packages/airflow/example_dags/example_bash_operator.py
[2024-06-29T12:14:02.770+0000] {processor.py:840} INFO - DAG(s) 'example_bash_operator' retrieved from /home/airflow/.local/lib/python3.12/site-packages/airflow/example_dags/example_bash_operator.py
[2024-06-29T12:14:02.786+0000] {logging_mixin.py:188} INFO - [2024-06-29T12:14:02.786+0000] {dag.py:3096} INFO - Sync 1 DAGs
[2024-06-29T12:14:02.798+0000] {logging_mixin.py:188} INFO - [2024-06-29T12:14:02.797+0000] {dag.py:3954} INFO - Setting next_dagrun for example_bash_operator to 2024-06-28 00:00:00+00:00, run_after=2024-06-29 00:00:00+00:00
[2024-06-29T12:14:02.806+0000] {processor.py:183} INFO - Processing /home/airflow/.local/lib/python3.12/site-packages/airflow/example_dags/example_bash_operator.py took 0.048 seconds
[2024-06-29T12:14:32.899+0000] {processor.py:161} INFO - Started process (PID=10687) to work on /home/airflow/.local/lib/python3.12/site-packages/airflow/example_dags/example_bash_operator.py
[2024-06-29T12:14:32.900+0000] {processor.py:830} INFO - Processing file /home/airflow/.local/lib/python3.12/site-packages/airflow/example_dags/example_bash_operator.py for tasks to queue
[2024-06-29T12:14:32.901+0000] {logging_mixin.py:188} INFO - [2024-06-29T12:14:32.901+0000] {dagbag.py:545} INFO - Filling up the DagBag from /home/airflow/.local/lib/python3.12/site-packages/airflow/example_dags/example_bash_operator.py
[2024-06-29T12:14:32.907+0000] {processor.py:840} INFO - DAG(s) 'example_bash_operator' retrieved from /home/airflow/.local/lib/python3.12/site-packages/airflow/example_dags/example_bash_operator.py
[2024-06-29T12:14:32.923+0000] {logging_mixin.py:188} INFO - [2024-06-29T12:14:32.923+0000] {dag.py:3096} INFO - Sync 1 DAGs
[2024-06-29T12:14:32.935+0000] {logging_mixin.py:188} INFO - [2024-06-29T12:14:32.935+0000] {dag.py:3954} INFO - Setting next_dagrun for example_bash_operator to 2024-06-28 00:00:00+00:00, run_after=2024-06-29 00:00:00+00:00
[2024-06-29T12:14:32.944+0000] {processor.py:183} INFO - Processing /home/airflow/.local/lib/python3.12/site-packages/airflow/example_dags/example_bash_operator.py took 0.048 seconds
[2024-06-29T12:15:03.818+0000] {processor.py:161} INFO - Started process (PID=10943) to work on /home/airflow/.local/lib/python3.12/site-packages/airflow/example_dags/example_bash_operator.py
[2024-06-29T12:15:03.819+0000] {processor.py:830} INFO - Processing file /home/airflow/.local/lib/python3.12/site-packages/airflow/example_dags/example_bash_operator.py for tasks to queue
[2024-06-29T12:15:03.820+0000] {logging_mixin.py:188} INFO - [2024-06-29T12:15:03.820+0000] {dagbag.py:545} INFO - Filling up the DagBag from /home/airflow/.local/lib/python3.12/site-packages/airflow/example_dags/example_bash_operator.py
[2024-06-29T12:15:03.826+0000] {processor.py:840} INFO - DAG(s) 'example_bash_operator' retrieved from /home/airflow/.local/lib/python3.12/site-packages/airflow/example_dags/example_bash_operator.py
[2024-06-29T12:15:03.844+0000] {logging_mixin.py:188} INFO - [2024-06-29T12:15:03.844+0000] {dag.py:3096} INFO - Sync 1 DAGs
[2024-06-29T12:15:03.856+0000] {logging_mixin.py:188} INFO - [2024-06-29T12:15:03.856+0000] {dag.py:3954} INFO - Setting next_dagrun for example_bash_operator to 2024-06-28 00:00:00+00:00, run_after=2024-06-29 00:00:00+00:00
[2024-06-29T12:15:03.866+0000] {processor.py:183} INFO - Processing /home/airflow/.local/lib/python3.12/site-packages/airflow/example_dags/example_bash_operator.py took 0.051 seconds
[2024-06-29T12:15:34.047+0000] {processor.py:161} INFO - Started process (PID=11205) to work on /home/airflow/.local/lib/python3.12/site-packages/airflow/example_dags/example_bash_operator.py
[2024-06-29T12:15:34.048+0000] {processor.py:830} INFO - Processing file /home/airflow/.local/lib/python3.12/site-packages/airflow/example_dags/example_bash_operator.py for tasks to queue
[2024-06-29T12:15:34.049+0000] {logging_mixin.py:188} INFO - [2024-06-29T12:15:34.048+0000] {dagbag.py:545} INFO - Filling up the DagBag from /home/airflow/.local/lib/python3.12/site-packages/airflow/example_dags/example_bash_operator.py
[2024-06-29T12:15:34.055+0000] {processor.py:840} INFO - DAG(s) 'example_bash_operator' retrieved from /home/airflow/.local/lib/python3.12/site-packages/airflow/example_dags/example_bash_operator.py
[2024-06-29T12:15:34.071+0000] {logging_mixin.py:188} INFO - [2024-06-29T12:15:34.071+0000] {dag.py:3096} INFO - Sync 1 DAGs
[2024-06-29T12:15:34.084+0000] {logging_mixin.py:188} INFO - [2024-06-29T12:15:34.084+0000] {dag.py:3954} INFO - Setting next_dagrun for example_bash_operator to 2024-06-28 00:00:00+00:00, run_after=2024-06-29 00:00:00+00:00
[2024-06-29T12:15:34.093+0000] {processor.py:183} INFO - Processing /home/airflow/.local/lib/python3.12/site-packages/airflow/example_dags/example_bash_operator.py took 0.050 seconds
[2024-06-29T12:16:04.214+0000] {processor.py:161} INFO - Started process (PID=11468) to work on /home/airflow/.local/lib/python3.12/site-packages/airflow/example_dags/example_bash_operator.py
[2024-06-29T12:16:04.215+0000] {processor.py:830} INFO - Processing file /home/airflow/.local/lib/python3.12/site-packages/airflow/example_dags/example_bash_operator.py for tasks to queue
[2024-06-29T12:16:04.216+0000] {logging_mixin.py:188} INFO - [2024-06-29T12:16:04.215+0000] {dagbag.py:545} INFO - Filling up the DagBag from /home/airflow/.local/lib/python3.12/site-packages/airflow/example_dags/example_bash_operator.py
[2024-06-29T12:16:04.222+0000] {processor.py:840} INFO - DAG(s) 'example_bash_operator' retrieved from /home/airflow/.local/lib/python3.12/site-packages/airflow/example_dags/example_bash_operator.py
[2024-06-29T12:16:04.239+0000] {logging_mixin.py:188} INFO - [2024-06-29T12:16:04.239+0000] {dag.py:3096} INFO - Sync 1 DAGs
[2024-06-29T12:16:04.254+0000] {logging_mixin.py:188} INFO - [2024-06-29T12:16:04.254+0000] {dag.py:3954} INFO - Setting next_dagrun for example_bash_operator to 2024-06-28 00:00:00+00:00, run_after=2024-06-29 00:00:00+00:00
[2024-06-29T12:16:04.275+0000] {processor.py:183} INFO - Processing /home/airflow/.local/lib/python3.12/site-packages/airflow/example_dags/example_bash_operator.py took 0.065 seconds
[2024-06-29T12:16:34.414+0000] {processor.py:161} INFO - Started process (PID=11730) to work on /home/airflow/.local/lib/python3.12/site-packages/airflow/example_dags/example_bash_operator.py
[2024-06-29T12:16:34.415+0000] {processor.py:830} INFO - Processing file /home/airflow/.local/lib/python3.12/site-packages/airflow/example_dags/example_bash_operator.py for tasks to queue
[2024-06-29T12:16:34.416+0000] {logging_mixin.py:188} INFO - [2024-06-29T12:16:34.416+0000] {dagbag.py:545} INFO - Filling up the DagBag from /home/airflow/.local/lib/python3.12/site-packages/airflow/example_dags/example_bash_operator.py
[2024-06-29T12:16:34.423+0000] {processor.py:840} INFO - DAG(s) 'example_bash_operator' retrieved from /home/airflow/.local/lib/python3.12/site-packages/airflow/example_dags/example_bash_operator.py
[2024-06-29T12:16:34.439+0000] {logging_mixin.py:188} INFO - [2024-06-29T12:16:34.439+0000] {dag.py:3096} INFO - Sync 1 DAGs
[2024-06-29T12:16:34.451+0000] {logging_mixin.py:188} INFO - [2024-06-29T12:16:34.451+0000] {dag.py:3954} INFO - Setting next_dagrun for example_bash_operator to 2024-06-28 00:00:00+00:00, run_after=2024-06-29 00:00:00+00:00
[2024-06-29T12:16:34.461+0000] {processor.py:183} INFO - Processing /home/airflow/.local/lib/python3.12/site-packages/airflow/example_dags/example_bash_operator.py took 0.051 seconds
[2024-06-29T12:17:04.634+0000] {processor.py:161} INFO - Started process (PID=11992) to work on /home/airflow/.local/lib/python3.12/site-packages/airflow/example_dags/example_bash_operator.py
[2024-06-29T12:17:04.635+0000] {processor.py:830} INFO - Processing file /home/airflow/.local/lib/python3.12/site-packages/airflow/example_dags/example_bash_operator.py for tasks to queue
[2024-06-29T12:17:04.637+0000] {logging_mixin.py:188} INFO - [2024-06-29T12:17:04.636+0000] {dagbag.py:545} INFO - Filling up the DagBag from /home/airflow/.local/lib/python3.12/site-packages/airflow/example_dags/example_bash_operator.py
[2024-06-29T12:17:04.644+0000] {processor.py:840} INFO - DAG(s) 'example_bash_operator' retrieved from /home/airflow/.local/lib/python3.12/site-packages/airflow/example_dags/example_bash_operator.py
[2024-06-29T12:17:04.662+0000] {logging_mixin.py:188} INFO - [2024-06-29T12:17:04.661+0000] {dag.py:3096} INFO - Sync 1 DAGs
[2024-06-29T12:17:04.674+0000] {logging_mixin.py:188} INFO - [2024-06-29T12:17:04.674+0000] {dag.py:3954} INFO - Setting next_dagrun for example_bash_operator to 2024-06-28 00:00:00+00:00, run_after=2024-06-29 00:00:00+00:00
[2024-06-29T12:17:04.684+0000] {processor.py:183} INFO - Processing /home/airflow/.local/lib/python3.12/site-packages/airflow/example_dags/example_bash_operator.py took 0.053 seconds
[2024-06-29T12:17:34.786+0000] {processor.py:161} INFO - Started process (PID=12255) to work on /home/airflow/.local/lib/python3.12/site-packages/airflow/example_dags/example_bash_operator.py
[2024-06-29T12:17:34.786+0000] {processor.py:830} INFO - Processing file /home/airflow/.local/lib/python3.12/site-packages/airflow/example_dags/example_bash_operator.py for tasks to queue
[2024-06-29T12:17:34.788+0000] {logging_mixin.py:188} INFO - [2024-06-29T12:17:34.788+0000] {dagbag.py:545} INFO - Filling up the DagBag from /home/airflow/.local/lib/python3.12/site-packages/airflow/example_dags/example_bash_operator.py
[2024-06-29T12:17:34.795+0000] {processor.py:840} INFO - DAG(s) 'example_bash_operator' retrieved from /home/airflow/.local/lib/python3.12/site-packages/airflow/example_dags/example_bash_operator.py
[2024-06-29T12:17:34.814+0000] {logging_mixin.py:188} INFO - [2024-06-29T12:17:34.814+0000] {dag.py:3096} INFO - Sync 1 DAGs
[2024-06-29T12:17:34.828+0000] {logging_mixin.py:188} INFO - [2024-06-29T12:17:34.828+0000] {dag.py:3954} INFO - Setting next_dagrun for example_bash_operator to 2024-06-28 00:00:00+00:00, run_after=2024-06-29 00:00:00+00:00
[2024-06-29T12:17:34.841+0000] {processor.py:183} INFO - Processing /home/airflow/.local/lib/python3.12/site-packages/airflow/example_dags/example_bash_operator.py took 0.060 seconds
[2024-06-29T12:18:04.996+0000] {processor.py:161} INFO - Started process (PID=12516) to work on /home/airflow/.local/lib/python3.12/site-packages/airflow/example_dags/example_bash_operator.py
[2024-06-29T12:18:04.997+0000] {processor.py:830} INFO - Processing file /home/airflow/.local/lib/python3.12/site-packages/airflow/example_dags/example_bash_operator.py for tasks to queue
[2024-06-29T12:18:04.998+0000] {logging_mixin.py:188} INFO - [2024-06-29T12:18:04.998+0000] {dagbag.py:545} INFO - Filling up the DagBag from /home/airflow/.local/lib/python3.12/site-packages/airflow/example_dags/example_bash_operator.py
[2024-06-29T12:18:05.004+0000] {processor.py:840} INFO - DAG(s) 'example_bash_operator' retrieved from /home/airflow/.local/lib/python3.12/site-packages/airflow/example_dags/example_bash_operator.py
[2024-06-29T12:18:05.021+0000] {logging_mixin.py:188} INFO - [2024-06-29T12:18:05.021+0000] {dag.py:3096} INFO - Sync 1 DAGs
[2024-06-29T12:18:05.032+0000] {logging_mixin.py:188} INFO - [2024-06-29T12:18:05.032+0000] {dag.py:3954} INFO - Setting next_dagrun for example_bash_operator to 2024-06-28 00:00:00+00:00, run_after=2024-06-29 00:00:00+00:00
[2024-06-29T12:18:05.042+0000] {processor.py:183} INFO - Processing /home/airflow/.local/lib/python3.12/site-packages/airflow/example_dags/example_bash_operator.py took 0.049 seconds
[2024-06-29T12:18:35.256+0000] {processor.py:161} INFO - Started process (PID=12777) to work on /home/airflow/.local/lib/python3.12/site-packages/airflow/example_dags/example_bash_operator.py
[2024-06-29T12:18:35.257+0000] {processor.py:830} INFO - Processing file /home/airflow/.local/lib/python3.12/site-packages/airflow/example_dags/example_bash_operator.py for tasks to queue
[2024-06-29T12:18:35.258+0000] {logging_mixin.py:188} INFO - [2024-06-29T12:18:35.258+0000] {dagbag.py:545} INFO - Filling up the DagBag from /home/airflow/.local/lib/python3.12/site-packages/airflow/example_dags/example_bash_operator.py
[2024-06-29T12:18:35.265+0000] {processor.py:840} INFO - DAG(s) 'example_bash_operator' retrieved from /home/airflow/.local/lib/python3.12/site-packages/airflow/example_dags/example_bash_operator.py
[2024-06-29T12:18:35.282+0000] {logging_mixin.py:188} INFO - [2024-06-29T12:18:35.281+0000] {dag.py:3096} INFO - Sync 1 DAGs
[2024-06-29T12:18:35.294+0000] {logging_mixin.py:188} INFO - [2024-06-29T12:18:35.294+0000] {dag.py:3954} INFO - Setting next_dagrun for example_bash_operator to 2024-06-28 00:00:00+00:00, run_after=2024-06-29 00:00:00+00:00
[2024-06-29T12:18:35.304+0000] {processor.py:183} INFO - Processing /home/airflow/.local/lib/python3.12/site-packages/airflow/example_dags/example_bash_operator.py took 0.052 seconds
[2024-06-29T12:19:05.458+0000] {processor.py:161} INFO - Started process (PID=13040) to work on /home/airflow/.local/lib/python3.12/site-packages/airflow/example_dags/example_bash_operator.py
[2024-06-29T12:19:05.458+0000] {processor.py:830} INFO - Processing file /home/airflow/.local/lib/python3.12/site-packages/airflow/example_dags/example_bash_operator.py for tasks to queue
[2024-06-29T12:19:05.460+0000] {logging_mixin.py:188} INFO - [2024-06-29T12:19:05.459+0000] {dagbag.py:545} INFO - Filling up the DagBag from /home/airflow/.local/lib/python3.12/site-packages/airflow/example_dags/example_bash_operator.py
[2024-06-29T12:19:05.466+0000] {processor.py:840} INFO - DAG(s) 'example_bash_operator' retrieved from /home/airflow/.local/lib/python3.12/site-packages/airflow/example_dags/example_bash_operator.py
[2024-06-29T12:19:05.482+0000] {logging_mixin.py:188} INFO - [2024-06-29T12:19:05.482+0000] {dag.py:3096} INFO - Sync 1 DAGs
[2024-06-29T12:19:05.494+0000] {logging_mixin.py:188} INFO - [2024-06-29T12:19:05.494+0000] {dag.py:3954} INFO - Setting next_dagrun for example_bash_operator to 2024-06-28 00:00:00+00:00, run_after=2024-06-29 00:00:00+00:00
[2024-06-29T12:19:05.503+0000] {processor.py:183} INFO - Processing /home/airflow/.local/lib/python3.12/site-packages/airflow/example_dags/example_bash_operator.py took 0.049 seconds
[2024-06-29T12:19:36.478+0000] {processor.py:161} INFO - Started process (PID=13302) to work on /home/airflow/.local/lib/python3.12/site-packages/airflow/example_dags/example_bash_operator.py
[2024-06-29T12:19:36.478+0000] {processor.py:830} INFO - Processing file /home/airflow/.local/lib/python3.12/site-packages/airflow/example_dags/example_bash_operator.py for tasks to queue
[2024-06-29T12:19:36.479+0000] {logging_mixin.py:188} INFO - [2024-06-29T12:19:36.479+0000] {dagbag.py:545} INFO - Filling up the DagBag from /home/airflow/.local/lib/python3.12/site-packages/airflow/example_dags/example_bash_operator.py
[2024-06-29T12:19:36.486+0000] {processor.py:840} INFO - DAG(s) 'example_bash_operator' retrieved from /home/airflow/.local/lib/python3.12/site-packages/airflow/example_dags/example_bash_operator.py
[2024-06-29T12:19:36.502+0000] {logging_mixin.py:188} INFO - [2024-06-29T12:19:36.502+0000] {dag.py:3096} INFO - Sync 1 DAGs
[2024-06-29T12:19:36.514+0000] {logging_mixin.py:188} INFO - [2024-06-29T12:19:36.514+0000] {dag.py:3954} INFO - Setting next_dagrun for example_bash_operator to 2024-06-28 00:00:00+00:00, run_after=2024-06-29 00:00:00+00:00
[2024-06-29T12:19:36.523+0000] {processor.py:183} INFO - Processing /home/airflow/.local/lib/python3.12/site-packages/airflow/example_dags/example_bash_operator.py took 0.049 seconds
[2024-06-29T12:20:06.642+0000] {processor.py:161} INFO - Started process (PID=13566) to work on /home/airflow/.local/lib/python3.12/site-packages/airflow/example_dags/example_bash_operator.py
[2024-06-29T12:20:06.643+0000] {processor.py:830} INFO - Processing file /home/airflow/.local/lib/python3.12/site-packages/airflow/example_dags/example_bash_operator.py for tasks to queue
[2024-06-29T12:20:06.644+0000] {logging_mixin.py:188} INFO - [2024-06-29T12:20:06.643+0000] {dagbag.py:545} INFO - Filling up the DagBag from /home/airflow/.local/lib/python3.12/site-packages/airflow/example_dags/example_bash_operator.py
[2024-06-29T12:20:06.650+0000] {processor.py:840} INFO - DAG(s) 'example_bash_operator' retrieved from /home/airflow/.local/lib/python3.12/site-packages/airflow/example_dags/example_bash_operator.py
[2024-06-29T12:20:06.666+0000] {logging_mixin.py:188} INFO - [2024-06-29T12:20:06.665+0000] {dag.py:3096} INFO - Sync 1 DAGs
[2024-06-29T12:20:06.677+0000] {logging_mixin.py:188} INFO - [2024-06-29T12:20:06.677+0000] {dag.py:3954} INFO - Setting next_dagrun for example_bash_operator to 2024-06-28 00:00:00+00:00, run_after=2024-06-29 00:00:00+00:00
[2024-06-29T12:20:06.686+0000] {processor.py:183} INFO - Processing /home/airflow/.local/lib/python3.12/site-packages/airflow/example_dags/example_bash_operator.py took 0.047 seconds
[2024-06-29T12:20:36.870+0000] {processor.py:161} INFO - Started process (PID=13826) to work on /home/airflow/.local/lib/python3.12/site-packages/airflow/example_dags/example_bash_operator.py
[2024-06-29T12:20:36.871+0000] {processor.py:830} INFO - Processing file /home/airflow/.local/lib/python3.12/site-packages/airflow/example_dags/example_bash_operator.py for tasks to queue
[2024-06-29T12:20:36.872+0000] {logging_mixin.py:188} INFO - [2024-06-29T12:20:36.872+0000] {dagbag.py:545} INFO - Filling up the DagBag from /home/airflow/.local/lib/python3.12/site-packages/airflow/example_dags/example_bash_operator.py
[2024-06-29T12:20:36.879+0000] {processor.py:840} INFO - DAG(s) 'example_bash_operator' retrieved from /home/airflow/.local/lib/python3.12/site-packages/airflow/example_dags/example_bash_operator.py
[2024-06-29T12:20:36.896+0000] {logging_mixin.py:188} INFO - [2024-06-29T12:20:36.895+0000] {dag.py:3096} INFO - Sync 1 DAGs
[2024-06-29T12:20:36.907+0000] {logging_mixin.py:188} INFO - [2024-06-29T12:20:36.907+0000] {dag.py:3954} INFO - Setting next_dagrun for example_bash_operator to 2024-06-28 00:00:00+00:00, run_after=2024-06-29 00:00:00+00:00
[2024-06-29T12:20:36.917+0000] {processor.py:183} INFO - Processing /home/airflow/.local/lib/python3.12/site-packages/airflow/example_dags/example_bash_operator.py took 0.051 seconds
[2024-06-29T12:21:07.067+0000] {processor.py:161} INFO - Started process (PID=14088) to work on /home/airflow/.local/lib/python3.12/site-packages/airflow/example_dags/example_bash_operator.py
[2024-06-29T12:21:07.067+0000] {processor.py:830} INFO - Processing file /home/airflow/.local/lib/python3.12/site-packages/airflow/example_dags/example_bash_operator.py for tasks to queue
[2024-06-29T12:21:07.068+0000] {logging_mixin.py:188} INFO - [2024-06-29T12:21:07.068+0000] {dagbag.py:545} INFO - Filling up the DagBag from /home/airflow/.local/lib/python3.12/site-packages/airflow/example_dags/example_bash_operator.py
[2024-06-29T12:21:07.075+0000] {processor.py:840} INFO - DAG(s) 'example_bash_operator' retrieved from /home/airflow/.local/lib/python3.12/site-packages/airflow/example_dags/example_bash_operator.py
[2024-06-29T12:21:07.092+0000] {logging_mixin.py:188} INFO - [2024-06-29T12:21:07.092+0000] {dag.py:3096} INFO - Sync 1 DAGs
[2024-06-29T12:21:07.104+0000] {logging_mixin.py:188} INFO - [2024-06-29T12:21:07.104+0000] {dag.py:3954} INFO - Setting next_dagrun for example_bash_operator to 2024-06-28 00:00:00+00:00, run_after=2024-06-29 00:00:00+00:00
[2024-06-29T12:21:07.113+0000] {processor.py:183} INFO - Processing /home/airflow/.local/lib/python3.12/site-packages/airflow/example_dags/example_bash_operator.py took 0.050 seconds
[2024-06-29T12:21:37.331+0000] {processor.py:161} INFO - Started process (PID=14350) to work on /home/airflow/.local/lib/python3.12/site-packages/airflow/example_dags/example_bash_operator.py
[2024-06-29T12:21:37.332+0000] {processor.py:830} INFO - Processing file /home/airflow/.local/lib/python3.12/site-packages/airflow/example_dags/example_bash_operator.py for tasks to queue
[2024-06-29T12:21:37.333+0000] {logging_mixin.py:188} INFO - [2024-06-29T12:21:37.333+0000] {dagbag.py:545} INFO - Filling up the DagBag from /home/airflow/.local/lib/python3.12/site-packages/airflow/example_dags/example_bash_operator.py
[2024-06-29T12:21:37.339+0000] {processor.py:840} INFO - DAG(s) 'example_bash_operator' retrieved from /home/airflow/.local/lib/python3.12/site-packages/airflow/example_dags/example_bash_operator.py
[2024-06-29T12:21:37.356+0000] {logging_mixin.py:188} INFO - [2024-06-29T12:21:37.356+0000] {dag.py:3096} INFO - Sync 1 DAGs
[2024-06-29T12:21:37.368+0000] {logging_mixin.py:188} INFO - [2024-06-29T12:21:37.368+0000] {dag.py:3954} INFO - Setting next_dagrun for example_bash_operator to 2024-06-28 00:00:00+00:00, run_after=2024-06-29 00:00:00+00:00
[2024-06-29T12:21:37.377+0000] {processor.py:183} INFO - Processing /home/airflow/.local/lib/python3.12/site-packages/airflow/example_dags/example_bash_operator.py took 0.049 seconds
[2024-06-29T12:22:07.438+0000] {processor.py:161} INFO - Started process (PID=14612) to work on /home/airflow/.local/lib/python3.12/site-packages/airflow/example_dags/example_bash_operator.py
[2024-06-29T12:22:07.439+0000] {processor.py:830} INFO - Processing file /home/airflow/.local/lib/python3.12/site-packages/airflow/example_dags/example_bash_operator.py for tasks to queue
[2024-06-29T12:22:07.440+0000] {logging_mixin.py:188} INFO - [2024-06-29T12:22:07.439+0000] {dagbag.py:545} INFO - Filling up the DagBag from /home/airflow/.local/lib/python3.12/site-packages/airflow/example_dags/example_bash_operator.py
[2024-06-29T12:22:07.446+0000] {processor.py:840} INFO - DAG(s) 'example_bash_operator' retrieved from /home/airflow/.local/lib/python3.12/site-packages/airflow/example_dags/example_bash_operator.py
[2024-06-29T12:22:07.462+0000] {logging_mixin.py:188} INFO - [2024-06-29T12:22:07.462+0000] {dag.py:3096} INFO - Sync 1 DAGs
[2024-06-29T12:22:07.473+0000] {logging_mixin.py:188} INFO - [2024-06-29T12:22:07.473+0000] {dag.py:3954} INFO - Setting next_dagrun for example_bash_operator to 2024-06-28 00:00:00+00:00, run_after=2024-06-29 00:00:00+00:00
[2024-06-29T12:22:07.482+0000] {processor.py:183} INFO - Processing /home/airflow/.local/lib/python3.12/site-packages/airflow/example_dags/example_bash_operator.py took 0.048 seconds
[2024-06-29T12:22:37.665+0000] {processor.py:161} INFO - Started process (PID=14875) to work on /home/airflow/.local/lib/python3.12/site-packages/airflow/example_dags/example_bash_operator.py
[2024-06-29T12:22:37.665+0000] {processor.py:830} INFO - Processing file /home/airflow/.local/lib/python3.12/site-packages/airflow/example_dags/example_bash_operator.py for tasks to queue
[2024-06-29T12:22:37.667+0000] {logging_mixin.py:188} INFO - [2024-06-29T12:22:37.666+0000] {dagbag.py:545} INFO - Filling up the DagBag from /home/airflow/.local/lib/python3.12/site-packages/airflow/example_dags/example_bash_operator.py
[2024-06-29T12:22:37.673+0000] {processor.py:840} INFO - DAG(s) 'example_bash_operator' retrieved from /home/airflow/.local/lib/python3.12/site-packages/airflow/example_dags/example_bash_operator.py
[2024-06-29T12:22:37.689+0000] {logging_mixin.py:188} INFO - [2024-06-29T12:22:37.689+0000] {dag.py:3096} INFO - Sync 1 DAGs
[2024-06-29T12:22:37.701+0000] {logging_mixin.py:188} INFO - [2024-06-29T12:22:37.701+0000] {dag.py:3954} INFO - Setting next_dagrun for example_bash_operator to 2024-06-28 00:00:00+00:00, run_after=2024-06-29 00:00:00+00:00
[2024-06-29T12:22:37.710+0000] {processor.py:183} INFO - Processing /home/airflow/.local/lib/python3.12/site-packages/airflow/example_dags/example_bash_operator.py took 0.049 seconds
[2024-06-29T12:23:07.925+0000] {processor.py:161} INFO - Started process (PID=15137) to work on /home/airflow/.local/lib/python3.12/site-packages/airflow/example_dags/example_bash_operator.py
[2024-06-29T12:23:07.926+0000] {processor.py:830} INFO - Processing file /home/airflow/.local/lib/python3.12/site-packages/airflow/example_dags/example_bash_operator.py for tasks to queue
[2024-06-29T12:23:07.927+0000] {logging_mixin.py:188} INFO - [2024-06-29T12:23:07.927+0000] {dagbag.py:545} INFO - Filling up the DagBag from /home/airflow/.local/lib/python3.12/site-packages/airflow/example_dags/example_bash_operator.py
[2024-06-29T12:23:07.933+0000] {processor.py:840} INFO - DAG(s) 'example_bash_operator' retrieved from /home/airflow/.local/lib/python3.12/site-packages/airflow/example_dags/example_bash_operator.py
[2024-06-29T12:23:07.950+0000] {logging_mixin.py:188} INFO - [2024-06-29T12:23:07.949+0000] {dag.py:3096} INFO - Sync 1 DAGs
[2024-06-29T12:23:07.961+0000] {logging_mixin.py:188} INFO - [2024-06-29T12:23:07.961+0000] {dag.py:3954} INFO - Setting next_dagrun for example_bash_operator to 2024-06-28 00:00:00+00:00, run_after=2024-06-29 00:00:00+00:00
[2024-06-29T12:23:07.969+0000] {processor.py:183} INFO - Processing /home/airflow/.local/lib/python3.12/site-packages/airflow/example_dags/example_bash_operator.py took 0.047 seconds
[2024-06-29T12:23:38.093+0000] {processor.py:161} INFO - Started process (PID=15399) to work on /home/airflow/.local/lib/python3.12/site-packages/airflow/example_dags/example_bash_operator.py
[2024-06-29T12:23:38.094+0000] {processor.py:830} INFO - Processing file /home/airflow/.local/lib/python3.12/site-packages/airflow/example_dags/example_bash_operator.py for tasks to queue
[2024-06-29T12:23:38.095+0000] {logging_mixin.py:188} INFO - [2024-06-29T12:23:38.095+0000] {dagbag.py:545} INFO - Filling up the DagBag from /home/airflow/.local/lib/python3.12/site-packages/airflow/example_dags/example_bash_operator.py
[2024-06-29T12:23:38.102+0000] {processor.py:840} INFO - DAG(s) 'example_bash_operator' retrieved from /home/airflow/.local/lib/python3.12/site-packages/airflow/example_dags/example_bash_operator.py
[2024-06-29T12:23:38.121+0000] {logging_mixin.py:188} INFO - [2024-06-29T12:23:38.120+0000] {dag.py:3096} INFO - Sync 1 DAGs
[2024-06-29T12:23:38.137+0000] {logging_mixin.py:188} INFO - [2024-06-29T12:23:38.137+0000] {dag.py:3954} INFO - Setting next_dagrun for example_bash_operator to 2024-06-28 00:00:00+00:00, run_after=2024-06-29 00:00:00+00:00
[2024-06-29T12:23:38.159+0000] {processor.py:183} INFO - Processing /home/airflow/.local/lib/python3.12/site-packages/airflow/example_dags/example_bash_operator.py took 0.070 seconds
[2024-06-29T12:24:08.249+0000] {processor.py:161} INFO - Started process (PID=15662) to work on /home/airflow/.local/lib/python3.12/site-packages/airflow/example_dags/example_bash_operator.py
[2024-06-29T12:24:08.249+0000] {processor.py:830} INFO - Processing file /home/airflow/.local/lib/python3.12/site-packages/airflow/example_dags/example_bash_operator.py for tasks to queue
[2024-06-29T12:24:08.251+0000] {logging_mixin.py:188} INFO - [2024-06-29T12:24:08.250+0000] {dagbag.py:545} INFO - Filling up the DagBag from /home/airflow/.local/lib/python3.12/site-packages/airflow/example_dags/example_bash_operator.py
[2024-06-29T12:24:08.256+0000] {processor.py:840} INFO - DAG(s) 'example_bash_operator' retrieved from /home/airflow/.local/lib/python3.12/site-packages/airflow/example_dags/example_bash_operator.py
[2024-06-29T12:24:08.273+0000] {logging_mixin.py:188} INFO - [2024-06-29T12:24:08.272+0000] {dag.py:3096} INFO - Sync 1 DAGs
[2024-06-29T12:24:08.284+0000] {logging_mixin.py:188} INFO - [2024-06-29T12:24:08.284+0000] {dag.py:3954} INFO - Setting next_dagrun for example_bash_operator to 2024-06-28 00:00:00+00:00, run_after=2024-06-29 00:00:00+00:00
[2024-06-29T12:24:08.293+0000] {processor.py:183} INFO - Processing /home/airflow/.local/lib/python3.12/site-packages/airflow/example_dags/example_bash_operator.py took 0.048 seconds
[2024-06-29T12:24:38.410+0000] {processor.py:161} INFO - Started process (PID=15925) to work on /home/airflow/.local/lib/python3.12/site-packages/airflow/example_dags/example_bash_operator.py
[2024-06-29T12:24:38.411+0000] {processor.py:830} INFO - Processing file /home/airflow/.local/lib/python3.12/site-packages/airflow/example_dags/example_bash_operator.py for tasks to queue
[2024-06-29T12:24:38.412+0000] {logging_mixin.py:188} INFO - [2024-06-29T12:24:38.412+0000] {dagbag.py:545} INFO - Filling up the DagBag from /home/airflow/.local/lib/python3.12/site-packages/airflow/example_dags/example_bash_operator.py
[2024-06-29T12:24:38.418+0000] {processor.py:840} INFO - DAG(s) 'example_bash_operator' retrieved from /home/airflow/.local/lib/python3.12/site-packages/airflow/example_dags/example_bash_operator.py
[2024-06-29T12:24:38.435+0000] {logging_mixin.py:188} INFO - [2024-06-29T12:24:38.435+0000] {dag.py:3096} INFO - Sync 1 DAGs
[2024-06-29T12:24:38.446+0000] {logging_mixin.py:188} INFO - [2024-06-29T12:24:38.446+0000] {dag.py:3954} INFO - Setting next_dagrun for example_bash_operator to 2024-06-28 00:00:00+00:00, run_after=2024-06-29 00:00:00+00:00
[2024-06-29T12:24:38.455+0000] {processor.py:183} INFO - Processing /home/airflow/.local/lib/python3.12/site-packages/airflow/example_dags/example_bash_operator.py took 0.049 seconds
[2024-06-29T12:25:08.679+0000] {processor.py:161} INFO - Started process (PID=16187) to work on /home/airflow/.local/lib/python3.12/site-packages/airflow/example_dags/example_bash_operator.py
[2024-06-29T12:25:08.680+0000] {processor.py:830} INFO - Processing file /home/airflow/.local/lib/python3.12/site-packages/airflow/example_dags/example_bash_operator.py for tasks to queue
[2024-06-29T12:25:08.681+0000] {logging_mixin.py:188} INFO - [2024-06-29T12:25:08.681+0000] {dagbag.py:545} INFO - Filling up the DagBag from /home/airflow/.local/lib/python3.12/site-packages/airflow/example_dags/example_bash_operator.py
[2024-06-29T12:25:08.687+0000] {processor.py:840} INFO - DAG(s) 'example_bash_operator' retrieved from /home/airflow/.local/lib/python3.12/site-packages/airflow/example_dags/example_bash_operator.py
[2024-06-29T12:25:08.704+0000] {logging_mixin.py:188} INFO - [2024-06-29T12:25:08.704+0000] {dag.py:3096} INFO - Sync 1 DAGs
[2024-06-29T12:25:08.717+0000] {logging_mixin.py:188} INFO - [2024-06-29T12:25:08.717+0000] {dag.py:3954} INFO - Setting next_dagrun for example_bash_operator to 2024-06-28 00:00:00+00:00, run_after=2024-06-29 00:00:00+00:00
[2024-06-29T12:25:08.726+0000] {processor.py:183} INFO - Processing /home/airflow/.local/lib/python3.12/site-packages/airflow/example_dags/example_bash_operator.py took 0.050 seconds
