[2024-06-29T11:54:20.128+0000] {processor.py:161} INFO - Started process (PID=200) to work on /home/airflow/.local/lib/python3.12/site-packages/airflow/example_dags/example_skip_dag.py
[2024-06-29T11:54:20.129+0000] {processor.py:830} INFO - Processing file /home/airflow/.local/lib/python3.12/site-packages/airflow/example_dags/example_skip_dag.py for tasks to queue
[2024-06-29T11:54:20.130+0000] {logging_mixin.py:188} INFO - [2024-06-29T11:54:20.130+0000] {dagbag.py:545} INFO - Filling up the DagBag from /home/airflow/.local/lib/python3.12/site-packages/airflow/example_dags/example_skip_dag.py
[2024-06-29T11:54:20.135+0000] {processor.py:840} INFO - DAG(s) 'example_skip_dag' retrieved from /home/airflow/.local/lib/python3.12/site-packages/airflow/example_dags/example_skip_dag.py
[2024-06-29T11:54:20.148+0000] {logging_mixin.py:188} INFO - [2024-06-29T11:54:20.147+0000] {dag.py:3096} INFO - Sync 1 DAGs
[2024-06-29T11:54:20.161+0000] {logging_mixin.py:188} INFO - [2024-06-29T11:54:20.161+0000] {dag.py:3954} INFO - Setting next_dagrun for example_skip_dag to 2024-06-28 00:00:00+00:00, run_after=2024-06-29 00:00:00+00:00
[2024-06-29T11:54:20.171+0000] {processor.py:183} INFO - Processing /home/airflow/.local/lib/python3.12/site-packages/airflow/example_dags/example_skip_dag.py took 0.046 seconds
[2024-06-29T11:54:51.366+0000] {processor.py:161} INFO - Started process (PID=464) to work on /home/airflow/.local/lib/python3.12/site-packages/airflow/example_dags/example_skip_dag.py
[2024-06-29T11:54:51.367+0000] {processor.py:830} INFO - Processing file /home/airflow/.local/lib/python3.12/site-packages/airflow/example_dags/example_skip_dag.py for tasks to queue
[2024-06-29T11:54:51.368+0000] {logging_mixin.py:188} INFO - [2024-06-29T11:54:51.368+0000] {dagbag.py:545} INFO - Filling up the DagBag from /home/airflow/.local/lib/python3.12/site-packages/airflow/example_dags/example_skip_dag.py
[2024-06-29T11:54:51.372+0000] {processor.py:840} INFO - DAG(s) 'example_skip_dag' retrieved from /home/airflow/.local/lib/python3.12/site-packages/airflow/example_dags/example_skip_dag.py
[2024-06-29T11:54:51.423+0000] {logging_mixin.py:188} INFO - [2024-06-29T11:54:51.423+0000] {dag.py:3096} INFO - Sync 1 DAGs
[2024-06-29T11:54:51.432+0000] {logging_mixin.py:188} INFO - [2024-06-29T11:54:51.431+0000] {dag.py:3954} INFO - Setting next_dagrun for example_skip_dag to 2024-06-28 00:00:00+00:00, run_after=2024-06-29 00:00:00+00:00
[2024-06-29T11:54:51.440+0000] {processor.py:183} INFO - Processing /home/airflow/.local/lib/python3.12/site-packages/airflow/example_dags/example_skip_dag.py took 0.077 seconds
[2024-06-29T11:55:22.068+0000] {processor.py:161} INFO - Started process (PID=724) to work on /home/airflow/.local/lib/python3.12/site-packages/airflow/example_dags/example_skip_dag.py
[2024-06-29T11:55:22.069+0000] {processor.py:830} INFO - Processing file /home/airflow/.local/lib/python3.12/site-packages/airflow/example_dags/example_skip_dag.py for tasks to queue
[2024-06-29T11:55:22.070+0000] {logging_mixin.py:188} INFO - [2024-06-29T11:55:22.070+0000] {dagbag.py:545} INFO - Filling up the DagBag from /home/airflow/.local/lib/python3.12/site-packages/airflow/example_dags/example_skip_dag.py
[2024-06-29T11:55:22.074+0000] {processor.py:840} INFO - DAG(s) 'example_skip_dag' retrieved from /home/airflow/.local/lib/python3.12/site-packages/airflow/example_dags/example_skip_dag.py
[2024-06-29T11:55:22.088+0000] {logging_mixin.py:188} INFO - [2024-06-29T11:55:22.088+0000] {dag.py:3096} INFO - Sync 1 DAGs
[2024-06-29T11:55:22.100+0000] {logging_mixin.py:188} INFO - [2024-06-29T11:55:22.100+0000] {dag.py:3954} INFO - Setting next_dagrun for example_skip_dag to 2024-06-28 00:00:00+00:00, run_after=2024-06-29 00:00:00+00:00
[2024-06-29T11:55:22.109+0000] {processor.py:183} INFO - Processing /home/airflow/.local/lib/python3.12/site-packages/airflow/example_dags/example_skip_dag.py took 0.044 seconds
[2024-06-29T11:55:52.461+0000] {processor.py:161} INFO - Started process (PID=986) to work on /home/airflow/.local/lib/python3.12/site-packages/airflow/example_dags/example_skip_dag.py
[2024-06-29T11:55:52.462+0000] {processor.py:830} INFO - Processing file /home/airflow/.local/lib/python3.12/site-packages/airflow/example_dags/example_skip_dag.py for tasks to queue
[2024-06-29T11:55:52.463+0000] {logging_mixin.py:188} INFO - [2024-06-29T11:55:52.463+0000] {dagbag.py:545} INFO - Filling up the DagBag from /home/airflow/.local/lib/python3.12/site-packages/airflow/example_dags/example_skip_dag.py
[2024-06-29T11:55:52.467+0000] {processor.py:840} INFO - DAG(s) 'example_skip_dag' retrieved from /home/airflow/.local/lib/python3.12/site-packages/airflow/example_dags/example_skip_dag.py
[2024-06-29T11:55:52.481+0000] {logging_mixin.py:188} INFO - [2024-06-29T11:55:52.481+0000] {dag.py:3096} INFO - Sync 1 DAGs
[2024-06-29T11:55:52.493+0000] {logging_mixin.py:188} INFO - [2024-06-29T11:55:52.493+0000] {dag.py:3954} INFO - Setting next_dagrun for example_skip_dag to 2024-06-28 00:00:00+00:00, run_after=2024-06-29 00:00:00+00:00
[2024-06-29T11:55:52.502+0000] {processor.py:183} INFO - Processing /home/airflow/.local/lib/python3.12/site-packages/airflow/example_dags/example_skip_dag.py took 0.044 seconds
[2024-06-29T11:56:22.749+0000] {processor.py:161} INFO - Started process (PID=1249) to work on /home/airflow/.local/lib/python3.12/site-packages/airflow/example_dags/example_skip_dag.py
[2024-06-29T11:56:22.750+0000] {processor.py:830} INFO - Processing file /home/airflow/.local/lib/python3.12/site-packages/airflow/example_dags/example_skip_dag.py for tasks to queue
[2024-06-29T11:56:22.751+0000] {logging_mixin.py:188} INFO - [2024-06-29T11:56:22.751+0000] {dagbag.py:545} INFO - Filling up the DagBag from /home/airflow/.local/lib/python3.12/site-packages/airflow/example_dags/example_skip_dag.py
[2024-06-29T11:56:22.755+0000] {processor.py:840} INFO - DAG(s) 'example_skip_dag' retrieved from /home/airflow/.local/lib/python3.12/site-packages/airflow/example_dags/example_skip_dag.py
[2024-06-29T11:56:22.769+0000] {logging_mixin.py:188} INFO - [2024-06-29T11:56:22.769+0000] {dag.py:3096} INFO - Sync 1 DAGs
[2024-06-29T11:56:22.781+0000] {logging_mixin.py:188} INFO - [2024-06-29T11:56:22.780+0000] {dag.py:3954} INFO - Setting next_dagrun for example_skip_dag to 2024-06-28 00:00:00+00:00, run_after=2024-06-29 00:00:00+00:00
[2024-06-29T11:56:22.790+0000] {processor.py:183} INFO - Processing /home/airflow/.local/lib/python3.12/site-packages/airflow/example_dags/example_skip_dag.py took 0.044 seconds
[2024-06-29T11:56:52.914+0000] {processor.py:161} INFO - Started process (PID=1511) to work on /home/airflow/.local/lib/python3.12/site-packages/airflow/example_dags/example_skip_dag.py
[2024-06-29T11:56:52.915+0000] {processor.py:830} INFO - Processing file /home/airflow/.local/lib/python3.12/site-packages/airflow/example_dags/example_skip_dag.py for tasks to queue
[2024-06-29T11:56:52.916+0000] {logging_mixin.py:188} INFO - [2024-06-29T11:56:52.916+0000] {dagbag.py:545} INFO - Filling up the DagBag from /home/airflow/.local/lib/python3.12/site-packages/airflow/example_dags/example_skip_dag.py
[2024-06-29T11:56:52.919+0000] {processor.py:840} INFO - DAG(s) 'example_skip_dag' retrieved from /home/airflow/.local/lib/python3.12/site-packages/airflow/example_dags/example_skip_dag.py
[2024-06-29T11:56:52.934+0000] {logging_mixin.py:188} INFO - [2024-06-29T11:56:52.933+0000] {dag.py:3096} INFO - Sync 1 DAGs
[2024-06-29T11:56:52.945+0000] {logging_mixin.py:188} INFO - [2024-06-29T11:56:52.945+0000] {dag.py:3954} INFO - Setting next_dagrun for example_skip_dag to 2024-06-28 00:00:00+00:00, run_after=2024-06-29 00:00:00+00:00
[2024-06-29T11:56:52.954+0000] {processor.py:183} INFO - Processing /home/airflow/.local/lib/python3.12/site-packages/airflow/example_dags/example_skip_dag.py took 0.043 seconds
[2024-06-29T11:57:23.150+0000] {processor.py:161} INFO - Started process (PID=1773) to work on /home/airflow/.local/lib/python3.12/site-packages/airflow/example_dags/example_skip_dag.py
[2024-06-29T11:57:23.151+0000] {processor.py:830} INFO - Processing file /home/airflow/.local/lib/python3.12/site-packages/airflow/example_dags/example_skip_dag.py for tasks to queue
[2024-06-29T11:57:23.152+0000] {logging_mixin.py:188} INFO - [2024-06-29T11:57:23.152+0000] {dagbag.py:545} INFO - Filling up the DagBag from /home/airflow/.local/lib/python3.12/site-packages/airflow/example_dags/example_skip_dag.py
[2024-06-29T11:57:23.155+0000] {processor.py:840} INFO - DAG(s) 'example_skip_dag' retrieved from /home/airflow/.local/lib/python3.12/site-packages/airflow/example_dags/example_skip_dag.py
[2024-06-29T11:57:23.170+0000] {logging_mixin.py:188} INFO - [2024-06-29T11:57:23.170+0000] {dag.py:3096} INFO - Sync 1 DAGs
[2024-06-29T11:57:23.181+0000] {logging_mixin.py:188} INFO - [2024-06-29T11:57:23.180+0000] {dag.py:3954} INFO - Setting next_dagrun for example_skip_dag to 2024-06-28 00:00:00+00:00, run_after=2024-06-29 00:00:00+00:00
[2024-06-29T11:57:23.189+0000] {processor.py:183} INFO - Processing /home/airflow/.local/lib/python3.12/site-packages/airflow/example_dags/example_skip_dag.py took 0.043 seconds
[2024-06-29T11:57:53.527+0000] {processor.py:161} INFO - Started process (PID=2035) to work on /home/airflow/.local/lib/python3.12/site-packages/airflow/example_dags/example_skip_dag.py
[2024-06-29T11:57:53.527+0000] {processor.py:830} INFO - Processing file /home/airflow/.local/lib/python3.12/site-packages/airflow/example_dags/example_skip_dag.py for tasks to queue
[2024-06-29T11:57:53.529+0000] {logging_mixin.py:188} INFO - [2024-06-29T11:57:53.528+0000] {dagbag.py:545} INFO - Filling up the DagBag from /home/airflow/.local/lib/python3.12/site-packages/airflow/example_dags/example_skip_dag.py
[2024-06-29T11:57:53.532+0000] {processor.py:840} INFO - DAG(s) 'example_skip_dag' retrieved from /home/airflow/.local/lib/python3.12/site-packages/airflow/example_dags/example_skip_dag.py
[2024-06-29T11:57:53.546+0000] {logging_mixin.py:188} INFO - [2024-06-29T11:57:53.546+0000] {dag.py:3096} INFO - Sync 1 DAGs
[2024-06-29T11:57:53.558+0000] {logging_mixin.py:188} INFO - [2024-06-29T11:57:53.558+0000] {dag.py:3954} INFO - Setting next_dagrun for example_skip_dag to 2024-06-28 00:00:00+00:00, run_after=2024-06-29 00:00:00+00:00
[2024-06-29T11:57:53.567+0000] {processor.py:183} INFO - Processing /home/airflow/.local/lib/python3.12/site-packages/airflow/example_dags/example_skip_dag.py took 0.044 seconds
[2024-06-29T11:58:23.730+0000] {processor.py:161} INFO - Started process (PID=2297) to work on /home/airflow/.local/lib/python3.12/site-packages/airflow/example_dags/example_skip_dag.py
[2024-06-29T11:58:23.731+0000] {processor.py:830} INFO - Processing file /home/airflow/.local/lib/python3.12/site-packages/airflow/example_dags/example_skip_dag.py for tasks to queue
[2024-06-29T11:58:23.732+0000] {logging_mixin.py:188} INFO - [2024-06-29T11:58:23.732+0000] {dagbag.py:545} INFO - Filling up the DagBag from /home/airflow/.local/lib/python3.12/site-packages/airflow/example_dags/example_skip_dag.py
[2024-06-29T11:58:23.736+0000] {processor.py:840} INFO - DAG(s) 'example_skip_dag' retrieved from /home/airflow/.local/lib/python3.12/site-packages/airflow/example_dags/example_skip_dag.py
[2024-06-29T11:58:23.749+0000] {logging_mixin.py:188} INFO - [2024-06-29T11:58:23.749+0000] {dag.py:3096} INFO - Sync 1 DAGs
[2024-06-29T11:58:23.759+0000] {logging_mixin.py:188} INFO - [2024-06-29T11:58:23.759+0000] {dag.py:3954} INFO - Setting next_dagrun for example_skip_dag to 2024-06-28 00:00:00+00:00, run_after=2024-06-29 00:00:00+00:00
[2024-06-29T11:58:23.767+0000] {processor.py:183} INFO - Processing /home/airflow/.local/lib/python3.12/site-packages/airflow/example_dags/example_skip_dag.py took 0.040 seconds
[2024-06-29T11:58:53.906+0000] {processor.py:161} INFO - Started process (PID=2559) to work on /home/airflow/.local/lib/python3.12/site-packages/airflow/example_dags/example_skip_dag.py
[2024-06-29T11:58:53.907+0000] {processor.py:830} INFO - Processing file /home/airflow/.local/lib/python3.12/site-packages/airflow/example_dags/example_skip_dag.py for tasks to queue
[2024-06-29T11:58:53.908+0000] {logging_mixin.py:188} INFO - [2024-06-29T11:58:53.908+0000] {dagbag.py:545} INFO - Filling up the DagBag from /home/airflow/.local/lib/python3.12/site-packages/airflow/example_dags/example_skip_dag.py
[2024-06-29T11:58:53.912+0000] {processor.py:840} INFO - DAG(s) 'example_skip_dag' retrieved from /home/airflow/.local/lib/python3.12/site-packages/airflow/example_dags/example_skip_dag.py
[2024-06-29T11:58:53.926+0000] {logging_mixin.py:188} INFO - [2024-06-29T11:58:53.926+0000] {dag.py:3096} INFO - Sync 1 DAGs
[2024-06-29T11:58:53.937+0000] {logging_mixin.py:188} INFO - [2024-06-29T11:58:53.936+0000] {dag.py:3954} INFO - Setting next_dagrun for example_skip_dag to 2024-06-28 00:00:00+00:00, run_after=2024-06-29 00:00:00+00:00
[2024-06-29T11:58:53.948+0000] {processor.py:183} INFO - Processing /home/airflow/.local/lib/python3.12/site-packages/airflow/example_dags/example_skip_dag.py took 0.046 seconds
[2024-06-29T11:59:24.320+0000] {processor.py:161} INFO - Started process (PID=2821) to work on /home/airflow/.local/lib/python3.12/site-packages/airflow/example_dags/example_skip_dag.py
[2024-06-29T11:59:24.320+0000] {processor.py:830} INFO - Processing file /home/airflow/.local/lib/python3.12/site-packages/airflow/example_dags/example_skip_dag.py for tasks to queue
[2024-06-29T11:59:24.322+0000] {logging_mixin.py:188} INFO - [2024-06-29T11:59:24.321+0000] {dagbag.py:545} INFO - Filling up the DagBag from /home/airflow/.local/lib/python3.12/site-packages/airflow/example_dags/example_skip_dag.py
[2024-06-29T11:59:24.325+0000] {processor.py:840} INFO - DAG(s) 'example_skip_dag' retrieved from /home/airflow/.local/lib/python3.12/site-packages/airflow/example_dags/example_skip_dag.py
[2024-06-29T11:59:24.339+0000] {logging_mixin.py:188} INFO - [2024-06-29T11:59:24.339+0000] {dag.py:3096} INFO - Sync 1 DAGs
[2024-06-29T11:59:24.350+0000] {logging_mixin.py:188} INFO - [2024-06-29T11:59:24.350+0000] {dag.py:3954} INFO - Setting next_dagrun for example_skip_dag to 2024-06-28 00:00:00+00:00, run_after=2024-06-29 00:00:00+00:00
[2024-06-29T11:59:24.359+0000] {processor.py:183} INFO - Processing /home/airflow/.local/lib/python3.12/site-packages/airflow/example_dags/example_skip_dag.py took 0.043 seconds
[2024-06-29T11:59:54.529+0000] {processor.py:161} INFO - Started process (PID=3083) to work on /home/airflow/.local/lib/python3.12/site-packages/airflow/example_dags/example_skip_dag.py
[2024-06-29T11:59:54.530+0000] {processor.py:830} INFO - Processing file /home/airflow/.local/lib/python3.12/site-packages/airflow/example_dags/example_skip_dag.py for tasks to queue
[2024-06-29T11:59:54.531+0000] {logging_mixin.py:188} INFO - [2024-06-29T11:59:54.531+0000] {dagbag.py:545} INFO - Filling up the DagBag from /home/airflow/.local/lib/python3.12/site-packages/airflow/example_dags/example_skip_dag.py
[2024-06-29T11:59:54.535+0000] {processor.py:840} INFO - DAG(s) 'example_skip_dag' retrieved from /home/airflow/.local/lib/python3.12/site-packages/airflow/example_dags/example_skip_dag.py
[2024-06-29T11:59:54.548+0000] {logging_mixin.py:188} INFO - [2024-06-29T11:59:54.547+0000] {dag.py:3096} INFO - Sync 1 DAGs
[2024-06-29T11:59:54.558+0000] {logging_mixin.py:188} INFO - [2024-06-29T11:59:54.557+0000] {dag.py:3954} INFO - Setting next_dagrun for example_skip_dag to 2024-06-28 00:00:00+00:00, run_after=2024-06-29 00:00:00+00:00
[2024-06-29T11:59:54.566+0000] {processor.py:183} INFO - Processing /home/airflow/.local/lib/python3.12/site-packages/airflow/example_dags/example_skip_dag.py took 0.040 seconds
[2024-06-29T12:00:24.689+0000] {processor.py:161} INFO - Started process (PID=3345) to work on /home/airflow/.local/lib/python3.12/site-packages/airflow/example_dags/example_skip_dag.py
[2024-06-29T12:00:24.689+0000] {processor.py:830} INFO - Processing file /home/airflow/.local/lib/python3.12/site-packages/airflow/example_dags/example_skip_dag.py for tasks to queue
[2024-06-29T12:00:24.690+0000] {logging_mixin.py:188} INFO - [2024-06-29T12:00:24.690+0000] {dagbag.py:545} INFO - Filling up the DagBag from /home/airflow/.local/lib/python3.12/site-packages/airflow/example_dags/example_skip_dag.py
[2024-06-29T12:00:24.694+0000] {processor.py:840} INFO - DAG(s) 'example_skip_dag' retrieved from /home/airflow/.local/lib/python3.12/site-packages/airflow/example_dags/example_skip_dag.py
[2024-06-29T12:00:24.707+0000] {logging_mixin.py:188} INFO - [2024-06-29T12:00:24.707+0000] {dag.py:3096} INFO - Sync 1 DAGs
[2024-06-29T12:00:24.717+0000] {logging_mixin.py:188} INFO - [2024-06-29T12:00:24.717+0000] {dag.py:3954} INFO - Setting next_dagrun for example_skip_dag to 2024-06-28 00:00:00+00:00, run_after=2024-06-29 00:00:00+00:00
[2024-06-29T12:00:24.725+0000] {processor.py:183} INFO - Processing /home/airflow/.local/lib/python3.12/site-packages/airflow/example_dags/example_skip_dag.py took 0.040 seconds
[2024-06-29T12:00:54.887+0000] {processor.py:161} INFO - Started process (PID=3609) to work on /home/airflow/.local/lib/python3.12/site-packages/airflow/example_dags/example_skip_dag.py
[2024-06-29T12:00:54.888+0000] {processor.py:830} INFO - Processing file /home/airflow/.local/lib/python3.12/site-packages/airflow/example_dags/example_skip_dag.py for tasks to queue
[2024-06-29T12:00:54.889+0000] {logging_mixin.py:188} INFO - [2024-06-29T12:00:54.889+0000] {dagbag.py:545} INFO - Filling up the DagBag from /home/airflow/.local/lib/python3.12/site-packages/airflow/example_dags/example_skip_dag.py
[2024-06-29T12:00:54.893+0000] {processor.py:840} INFO - DAG(s) 'example_skip_dag' retrieved from /home/airflow/.local/lib/python3.12/site-packages/airflow/example_dags/example_skip_dag.py
[2024-06-29T12:00:54.907+0000] {logging_mixin.py:188} INFO - [2024-06-29T12:00:54.907+0000] {dag.py:3096} INFO - Sync 1 DAGs
[2024-06-29T12:00:54.918+0000] {logging_mixin.py:188} INFO - [2024-06-29T12:00:54.918+0000] {dag.py:3954} INFO - Setting next_dagrun for example_skip_dag to 2024-06-28 00:00:00+00:00, run_after=2024-06-29 00:00:00+00:00
[2024-06-29T12:00:54.927+0000] {processor.py:183} INFO - Processing /home/airflow/.local/lib/python3.12/site-packages/airflow/example_dags/example_skip_dag.py took 0.043 seconds
[2024-06-29T12:01:25.110+0000] {processor.py:161} INFO - Started process (PID=3869) to work on /home/airflow/.local/lib/python3.12/site-packages/airflow/example_dags/example_skip_dag.py
[2024-06-29T12:01:25.111+0000] {processor.py:830} INFO - Processing file /home/airflow/.local/lib/python3.12/site-packages/airflow/example_dags/example_skip_dag.py for tasks to queue
[2024-06-29T12:01:25.112+0000] {logging_mixin.py:188} INFO - [2024-06-29T12:01:25.111+0000] {dagbag.py:545} INFO - Filling up the DagBag from /home/airflow/.local/lib/python3.12/site-packages/airflow/example_dags/example_skip_dag.py
[2024-06-29T12:01:25.115+0000] {processor.py:840} INFO - DAG(s) 'example_skip_dag' retrieved from /home/airflow/.local/lib/python3.12/site-packages/airflow/example_dags/example_skip_dag.py
[2024-06-29T12:01:25.131+0000] {logging_mixin.py:188} INFO - [2024-06-29T12:01:25.130+0000] {dag.py:3096} INFO - Sync 1 DAGs
[2024-06-29T12:01:25.143+0000] {logging_mixin.py:188} INFO - [2024-06-29T12:01:25.143+0000] {dag.py:3954} INFO - Setting next_dagrun for example_skip_dag to 2024-06-28 00:00:00+00:00, run_after=2024-06-29 00:00:00+00:00
[2024-06-29T12:01:25.152+0000] {processor.py:183} INFO - Processing /home/airflow/.local/lib/python3.12/site-packages/airflow/example_dags/example_skip_dag.py took 0.046 seconds
[2024-06-29T12:01:55.298+0000] {processor.py:161} INFO - Started process (PID=4131) to work on /home/airflow/.local/lib/python3.12/site-packages/airflow/example_dags/example_skip_dag.py
[2024-06-29T12:01:55.298+0000] {processor.py:830} INFO - Processing file /home/airflow/.local/lib/python3.12/site-packages/airflow/example_dags/example_skip_dag.py for tasks to queue
[2024-06-29T12:01:55.299+0000] {logging_mixin.py:188} INFO - [2024-06-29T12:01:55.299+0000] {dagbag.py:545} INFO - Filling up the DagBag from /home/airflow/.local/lib/python3.12/site-packages/airflow/example_dags/example_skip_dag.py
[2024-06-29T12:01:55.303+0000] {processor.py:840} INFO - DAG(s) 'example_skip_dag' retrieved from /home/airflow/.local/lib/python3.12/site-packages/airflow/example_dags/example_skip_dag.py
[2024-06-29T12:01:55.317+0000] {logging_mixin.py:188} INFO - [2024-06-29T12:01:55.317+0000] {dag.py:3096} INFO - Sync 1 DAGs
[2024-06-29T12:01:55.329+0000] {logging_mixin.py:188} INFO - [2024-06-29T12:01:55.329+0000] {dag.py:3954} INFO - Setting next_dagrun for example_skip_dag to 2024-06-28 00:00:00+00:00, run_after=2024-06-29 00:00:00+00:00
[2024-06-29T12:01:55.338+0000] {processor.py:183} INFO - Processing /home/airflow/.local/lib/python3.12/site-packages/airflow/example_dags/example_skip_dag.py took 0.044 seconds
[2024-06-29T12:02:25.604+0000] {processor.py:161} INFO - Started process (PID=4393) to work on /home/airflow/.local/lib/python3.12/site-packages/airflow/example_dags/example_skip_dag.py
[2024-06-29T12:02:25.605+0000] {processor.py:830} INFO - Processing file /home/airflow/.local/lib/python3.12/site-packages/airflow/example_dags/example_skip_dag.py for tasks to queue
[2024-06-29T12:02:25.606+0000] {logging_mixin.py:188} INFO - [2024-06-29T12:02:25.605+0000] {dagbag.py:545} INFO - Filling up the DagBag from /home/airflow/.local/lib/python3.12/site-packages/airflow/example_dags/example_skip_dag.py
[2024-06-29T12:02:25.609+0000] {processor.py:840} INFO - DAG(s) 'example_skip_dag' retrieved from /home/airflow/.local/lib/python3.12/site-packages/airflow/example_dags/example_skip_dag.py
[2024-06-29T12:02:25.623+0000] {logging_mixin.py:188} INFO - [2024-06-29T12:02:25.622+0000] {dag.py:3096} INFO - Sync 1 DAGs
[2024-06-29T12:02:25.634+0000] {logging_mixin.py:188} INFO - [2024-06-29T12:02:25.634+0000] {dag.py:3954} INFO - Setting next_dagrun for example_skip_dag to 2024-06-28 00:00:00+00:00, run_after=2024-06-29 00:00:00+00:00
[2024-06-29T12:02:25.642+0000] {processor.py:183} INFO - Processing /home/airflow/.local/lib/python3.12/site-packages/airflow/example_dags/example_skip_dag.py took 0.042 seconds
[2024-06-29T12:02:56.004+0000] {processor.py:161} INFO - Started process (PID=4655) to work on /home/airflow/.local/lib/python3.12/site-packages/airflow/example_dags/example_skip_dag.py
[2024-06-29T12:02:56.005+0000] {processor.py:830} INFO - Processing file /home/airflow/.local/lib/python3.12/site-packages/airflow/example_dags/example_skip_dag.py for tasks to queue
[2024-06-29T12:02:56.006+0000] {logging_mixin.py:188} INFO - [2024-06-29T12:02:56.005+0000] {dagbag.py:545} INFO - Filling up the DagBag from /home/airflow/.local/lib/python3.12/site-packages/airflow/example_dags/example_skip_dag.py
[2024-06-29T12:02:56.009+0000] {processor.py:840} INFO - DAG(s) 'example_skip_dag' retrieved from /home/airflow/.local/lib/python3.12/site-packages/airflow/example_dags/example_skip_dag.py
[2024-06-29T12:02:56.024+0000] {logging_mixin.py:188} INFO - [2024-06-29T12:02:56.024+0000] {dag.py:3096} INFO - Sync 1 DAGs
[2024-06-29T12:02:56.036+0000] {logging_mixin.py:188} INFO - [2024-06-29T12:02:56.036+0000] {dag.py:3954} INFO - Setting next_dagrun for example_skip_dag to 2024-06-28 00:00:00+00:00, run_after=2024-06-29 00:00:00+00:00
[2024-06-29T12:02:56.044+0000] {processor.py:183} INFO - Processing /home/airflow/.local/lib/python3.12/site-packages/airflow/example_dags/example_skip_dag.py took 0.044 seconds
[2024-06-29T12:03:26.204+0000] {processor.py:161} INFO - Started process (PID=4925) to work on /home/airflow/.local/lib/python3.12/site-packages/airflow/example_dags/example_skip_dag.py
[2024-06-29T12:03:26.205+0000] {processor.py:830} INFO - Processing file /home/airflow/.local/lib/python3.12/site-packages/airflow/example_dags/example_skip_dag.py for tasks to queue
[2024-06-29T12:03:26.206+0000] {logging_mixin.py:188} INFO - [2024-06-29T12:03:26.205+0000] {dagbag.py:545} INFO - Filling up the DagBag from /home/airflow/.local/lib/python3.12/site-packages/airflow/example_dags/example_skip_dag.py
[2024-06-29T12:03:26.209+0000] {processor.py:840} INFO - DAG(s) 'example_skip_dag' retrieved from /home/airflow/.local/lib/python3.12/site-packages/airflow/example_dags/example_skip_dag.py
[2024-06-29T12:03:26.223+0000] {logging_mixin.py:188} INFO - [2024-06-29T12:03:26.223+0000] {dag.py:3096} INFO - Sync 1 DAGs
[2024-06-29T12:03:26.234+0000] {logging_mixin.py:188} INFO - [2024-06-29T12:03:26.234+0000] {dag.py:3954} INFO - Setting next_dagrun for example_skip_dag to 2024-06-28 00:00:00+00:00, run_after=2024-06-29 00:00:00+00:00
[2024-06-29T12:03:26.243+0000] {processor.py:183} INFO - Processing /home/airflow/.local/lib/python3.12/site-packages/airflow/example_dags/example_skip_dag.py took 0.042 seconds
[2024-06-29T12:03:56.419+0000] {processor.py:161} INFO - Started process (PID=5187) to work on /home/airflow/.local/lib/python3.12/site-packages/airflow/example_dags/example_skip_dag.py
[2024-06-29T12:03:56.420+0000] {processor.py:830} INFO - Processing file /home/airflow/.local/lib/python3.12/site-packages/airflow/example_dags/example_skip_dag.py for tasks to queue
[2024-06-29T12:03:56.422+0000] {logging_mixin.py:188} INFO - [2024-06-29T12:03:56.422+0000] {dagbag.py:545} INFO - Filling up the DagBag from /home/airflow/.local/lib/python3.12/site-packages/airflow/example_dags/example_skip_dag.py
[2024-06-29T12:03:56.426+0000] {processor.py:840} INFO - DAG(s) 'example_skip_dag' retrieved from /home/airflow/.local/lib/python3.12/site-packages/airflow/example_dags/example_skip_dag.py
[2024-06-29T12:03:56.446+0000] {logging_mixin.py:188} INFO - [2024-06-29T12:03:56.446+0000] {dag.py:3096} INFO - Sync 1 DAGs
[2024-06-29T12:03:56.461+0000] {logging_mixin.py:188} INFO - [2024-06-29T12:03:56.461+0000] {dag.py:3954} INFO - Setting next_dagrun for example_skip_dag to 2024-06-28 00:00:00+00:00, run_after=2024-06-29 00:00:00+00:00
[2024-06-29T12:03:56.475+0000] {processor.py:183} INFO - Processing /home/airflow/.local/lib/python3.12/site-packages/airflow/example_dags/example_skip_dag.py took 0.061 seconds
[2024-06-29T12:04:26.687+0000] {processor.py:161} INFO - Started process (PID=5449) to work on /home/airflow/.local/lib/python3.12/site-packages/airflow/example_dags/example_skip_dag.py
[2024-06-29T12:04:26.687+0000] {processor.py:830} INFO - Processing file /home/airflow/.local/lib/python3.12/site-packages/airflow/example_dags/example_skip_dag.py for tasks to queue
[2024-06-29T12:04:26.689+0000] {logging_mixin.py:188} INFO - [2024-06-29T12:04:26.688+0000] {dagbag.py:545} INFO - Filling up the DagBag from /home/airflow/.local/lib/python3.12/site-packages/airflow/example_dags/example_skip_dag.py
[2024-06-29T12:04:26.692+0000] {processor.py:840} INFO - DAG(s) 'example_skip_dag' retrieved from /home/airflow/.local/lib/python3.12/site-packages/airflow/example_dags/example_skip_dag.py
[2024-06-29T12:04:26.707+0000] {logging_mixin.py:188} INFO - [2024-06-29T12:04:26.707+0000] {dag.py:3096} INFO - Sync 1 DAGs
[2024-06-29T12:04:26.719+0000] {logging_mixin.py:188} INFO - [2024-06-29T12:04:26.719+0000] {dag.py:3954} INFO - Setting next_dagrun for example_skip_dag to 2024-06-28 00:00:00+00:00, run_after=2024-06-29 00:00:00+00:00
[2024-06-29T12:04:26.729+0000] {processor.py:183} INFO - Processing /home/airflow/.local/lib/python3.12/site-packages/airflow/example_dags/example_skip_dag.py took 0.046 seconds
[2024-06-29T12:04:56.987+0000] {processor.py:161} INFO - Started process (PID=5711) to work on /home/airflow/.local/lib/python3.12/site-packages/airflow/example_dags/example_skip_dag.py
[2024-06-29T12:04:56.988+0000] {processor.py:830} INFO - Processing file /home/airflow/.local/lib/python3.12/site-packages/airflow/example_dags/example_skip_dag.py for tasks to queue
[2024-06-29T12:04:56.989+0000] {logging_mixin.py:188} INFO - [2024-06-29T12:04:56.989+0000] {dagbag.py:545} INFO - Filling up the DagBag from /home/airflow/.local/lib/python3.12/site-packages/airflow/example_dags/example_skip_dag.py
[2024-06-29T12:04:56.993+0000] {processor.py:840} INFO - DAG(s) 'example_skip_dag' retrieved from /home/airflow/.local/lib/python3.12/site-packages/airflow/example_dags/example_skip_dag.py
[2024-06-29T12:04:57.008+0000] {logging_mixin.py:188} INFO - [2024-06-29T12:04:57.008+0000] {dag.py:3096} INFO - Sync 1 DAGs
[2024-06-29T12:04:57.021+0000] {logging_mixin.py:188} INFO - [2024-06-29T12:04:57.021+0000] {dag.py:3954} INFO - Setting next_dagrun for example_skip_dag to 2024-06-28 00:00:00+00:00, run_after=2024-06-29 00:00:00+00:00
[2024-06-29T12:04:57.031+0000] {processor.py:183} INFO - Processing /home/airflow/.local/lib/python3.12/site-packages/airflow/example_dags/example_skip_dag.py took 0.048 seconds
[2024-06-29T12:05:27.094+0000] {processor.py:161} INFO - Started process (PID=5968) to work on /home/airflow/.local/lib/python3.12/site-packages/airflow/example_dags/example_skip_dag.py
[2024-06-29T12:05:27.094+0000] {processor.py:830} INFO - Processing file /home/airflow/.local/lib/python3.12/site-packages/airflow/example_dags/example_skip_dag.py for tasks to queue
[2024-06-29T12:05:27.095+0000] {logging_mixin.py:188} INFO - [2024-06-29T12:05:27.095+0000] {dagbag.py:545} INFO - Filling up the DagBag from /home/airflow/.local/lib/python3.12/site-packages/airflow/example_dags/example_skip_dag.py
[2024-06-29T12:05:27.099+0000] {processor.py:840} INFO - DAG(s) 'example_skip_dag' retrieved from /home/airflow/.local/lib/python3.12/site-packages/airflow/example_dags/example_skip_dag.py
[2024-06-29T12:05:27.114+0000] {logging_mixin.py:188} INFO - [2024-06-29T12:05:27.113+0000] {dag.py:3096} INFO - Sync 1 DAGs
[2024-06-29T12:05:27.125+0000] {logging_mixin.py:188} INFO - [2024-06-29T12:05:27.125+0000] {dag.py:3954} INFO - Setting next_dagrun for example_skip_dag to 2024-06-28 00:00:00+00:00, run_after=2024-06-29 00:00:00+00:00
[2024-06-29T12:05:27.134+0000] {processor.py:183} INFO - Processing /home/airflow/.local/lib/python3.12/site-packages/airflow/example_dags/example_skip_dag.py took 0.044 seconds
[2024-06-29T12:05:57.460+0000] {processor.py:161} INFO - Started process (PID=6230) to work on /home/airflow/.local/lib/python3.12/site-packages/airflow/example_dags/example_skip_dag.py
[2024-06-29T12:05:57.461+0000] {processor.py:830} INFO - Processing file /home/airflow/.local/lib/python3.12/site-packages/airflow/example_dags/example_skip_dag.py for tasks to queue
[2024-06-29T12:05:57.462+0000] {logging_mixin.py:188} INFO - [2024-06-29T12:05:57.461+0000] {dagbag.py:545} INFO - Filling up the DagBag from /home/airflow/.local/lib/python3.12/site-packages/airflow/example_dags/example_skip_dag.py
[2024-06-29T12:05:57.465+0000] {processor.py:840} INFO - DAG(s) 'example_skip_dag' retrieved from /home/airflow/.local/lib/python3.12/site-packages/airflow/example_dags/example_skip_dag.py
[2024-06-29T12:05:57.479+0000] {logging_mixin.py:188} INFO - [2024-06-29T12:05:57.479+0000] {dag.py:3096} INFO - Sync 1 DAGs
[2024-06-29T12:05:57.490+0000] {logging_mixin.py:188} INFO - [2024-06-29T12:05:57.490+0000] {dag.py:3954} INFO - Setting next_dagrun for example_skip_dag to 2024-06-28 00:00:00+00:00, run_after=2024-06-29 00:00:00+00:00
[2024-06-29T12:05:57.500+0000] {processor.py:183} INFO - Processing /home/airflow/.local/lib/python3.12/site-packages/airflow/example_dags/example_skip_dag.py took 0.043 seconds
[2024-06-29T12:06:27.600+0000] {processor.py:161} INFO - Started process (PID=6492) to work on /home/airflow/.local/lib/python3.12/site-packages/airflow/example_dags/example_skip_dag.py
[2024-06-29T12:06:27.601+0000] {processor.py:830} INFO - Processing file /home/airflow/.local/lib/python3.12/site-packages/airflow/example_dags/example_skip_dag.py for tasks to queue
[2024-06-29T12:06:27.602+0000] {logging_mixin.py:188} INFO - [2024-06-29T12:06:27.602+0000] {dagbag.py:545} INFO - Filling up the DagBag from /home/airflow/.local/lib/python3.12/site-packages/airflow/example_dags/example_skip_dag.py
[2024-06-29T12:06:27.606+0000] {processor.py:840} INFO - DAG(s) 'example_skip_dag' retrieved from /home/airflow/.local/lib/python3.12/site-packages/airflow/example_dags/example_skip_dag.py
[2024-06-29T12:06:27.620+0000] {logging_mixin.py:188} INFO - [2024-06-29T12:06:27.619+0000] {dag.py:3096} INFO - Sync 1 DAGs
[2024-06-29T12:06:27.631+0000] {logging_mixin.py:188} INFO - [2024-06-29T12:06:27.631+0000] {dag.py:3954} INFO - Setting next_dagrun for example_skip_dag to 2024-06-28 00:00:00+00:00, run_after=2024-06-29 00:00:00+00:00
[2024-06-29T12:06:27.640+0000] {processor.py:183} INFO - Processing /home/airflow/.local/lib/python3.12/site-packages/airflow/example_dags/example_skip_dag.py took 0.043 seconds
[2024-06-29T12:06:57.882+0000] {processor.py:161} INFO - Started process (PID=6755) to work on /home/airflow/.local/lib/python3.12/site-packages/airflow/example_dags/example_skip_dag.py
[2024-06-29T12:06:57.883+0000] {processor.py:830} INFO - Processing file /home/airflow/.local/lib/python3.12/site-packages/airflow/example_dags/example_skip_dag.py for tasks to queue
[2024-06-29T12:06:57.884+0000] {logging_mixin.py:188} INFO - [2024-06-29T12:06:57.884+0000] {dagbag.py:545} INFO - Filling up the DagBag from /home/airflow/.local/lib/python3.12/site-packages/airflow/example_dags/example_skip_dag.py
[2024-06-29T12:06:57.888+0000] {processor.py:840} INFO - DAG(s) 'example_skip_dag' retrieved from /home/airflow/.local/lib/python3.12/site-packages/airflow/example_dags/example_skip_dag.py
[2024-06-29T12:06:57.902+0000] {logging_mixin.py:188} INFO - [2024-06-29T12:06:57.902+0000] {dag.py:3096} INFO - Sync 1 DAGs
[2024-06-29T12:06:57.913+0000] {logging_mixin.py:188} INFO - [2024-06-29T12:06:57.913+0000] {dag.py:3954} INFO - Setting next_dagrun for example_skip_dag to 2024-06-28 00:00:00+00:00, run_after=2024-06-29 00:00:00+00:00
[2024-06-29T12:06:57.922+0000] {processor.py:183} INFO - Processing /home/airflow/.local/lib/python3.12/site-packages/airflow/example_dags/example_skip_dag.py took 0.044 seconds
[2024-06-29T12:07:28.120+0000] {processor.py:161} INFO - Started process (PID=7017) to work on /home/airflow/.local/lib/python3.12/site-packages/airflow/example_dags/example_skip_dag.py
[2024-06-29T12:07:28.121+0000] {processor.py:830} INFO - Processing file /home/airflow/.local/lib/python3.12/site-packages/airflow/example_dags/example_skip_dag.py for tasks to queue
[2024-06-29T12:07:28.122+0000] {logging_mixin.py:188} INFO - [2024-06-29T12:07:28.122+0000] {dagbag.py:545} INFO - Filling up the DagBag from /home/airflow/.local/lib/python3.12/site-packages/airflow/example_dags/example_skip_dag.py
[2024-06-29T12:07:28.126+0000] {processor.py:840} INFO - DAG(s) 'example_skip_dag' retrieved from /home/airflow/.local/lib/python3.12/site-packages/airflow/example_dags/example_skip_dag.py
[2024-06-29T12:07:28.140+0000] {logging_mixin.py:188} INFO - [2024-06-29T12:07:28.140+0000] {dag.py:3096} INFO - Sync 1 DAGs
[2024-06-29T12:07:28.151+0000] {logging_mixin.py:188} INFO - [2024-06-29T12:07:28.151+0000] {dag.py:3954} INFO - Setting next_dagrun for example_skip_dag to 2024-06-28 00:00:00+00:00, run_after=2024-06-29 00:00:00+00:00
[2024-06-29T12:07:28.160+0000] {processor.py:183} INFO - Processing /home/airflow/.local/lib/python3.12/site-packages/airflow/example_dags/example_skip_dag.py took 0.044 seconds
[2024-06-29T12:07:58.294+0000] {processor.py:161} INFO - Started process (PID=7279) to work on /home/airflow/.local/lib/python3.12/site-packages/airflow/example_dags/example_skip_dag.py
[2024-06-29T12:07:58.294+0000] {processor.py:830} INFO - Processing file /home/airflow/.local/lib/python3.12/site-packages/airflow/example_dags/example_skip_dag.py for tasks to queue
[2024-06-29T12:07:58.296+0000] {logging_mixin.py:188} INFO - [2024-06-29T12:07:58.295+0000] {dagbag.py:545} INFO - Filling up the DagBag from /home/airflow/.local/lib/python3.12/site-packages/airflow/example_dags/example_skip_dag.py
[2024-06-29T12:07:58.299+0000] {processor.py:840} INFO - DAG(s) 'example_skip_dag' retrieved from /home/airflow/.local/lib/python3.12/site-packages/airflow/example_dags/example_skip_dag.py
[2024-06-29T12:07:58.313+0000] {logging_mixin.py:188} INFO - [2024-06-29T12:07:58.313+0000] {dag.py:3096} INFO - Sync 1 DAGs
[2024-06-29T12:07:58.325+0000] {logging_mixin.py:188} INFO - [2024-06-29T12:07:58.325+0000] {dag.py:3954} INFO - Setting next_dagrun for example_skip_dag to 2024-06-28 00:00:00+00:00, run_after=2024-06-29 00:00:00+00:00
[2024-06-29T12:07:58.334+0000] {processor.py:183} INFO - Processing /home/airflow/.local/lib/python3.12/site-packages/airflow/example_dags/example_skip_dag.py took 0.044 seconds
[2024-06-29T12:08:28.456+0000] {processor.py:161} INFO - Started process (PID=7542) to work on /home/airflow/.local/lib/python3.12/site-packages/airflow/example_dags/example_skip_dag.py
[2024-06-29T12:08:28.457+0000] {processor.py:830} INFO - Processing file /home/airflow/.local/lib/python3.12/site-packages/airflow/example_dags/example_skip_dag.py for tasks to queue
[2024-06-29T12:08:28.458+0000] {logging_mixin.py:188} INFO - [2024-06-29T12:08:28.458+0000] {dagbag.py:545} INFO - Filling up the DagBag from /home/airflow/.local/lib/python3.12/site-packages/airflow/example_dags/example_skip_dag.py
[2024-06-29T12:08:28.461+0000] {processor.py:840} INFO - DAG(s) 'example_skip_dag' retrieved from /home/airflow/.local/lib/python3.12/site-packages/airflow/example_dags/example_skip_dag.py
[2024-06-29T12:08:28.475+0000] {logging_mixin.py:188} INFO - [2024-06-29T12:08:28.475+0000] {dag.py:3096} INFO - Sync 1 DAGs
[2024-06-29T12:08:28.488+0000] {logging_mixin.py:188} INFO - [2024-06-29T12:08:28.488+0000] {dag.py:3954} INFO - Setting next_dagrun for example_skip_dag to 2024-06-28 00:00:00+00:00, run_after=2024-06-29 00:00:00+00:00
[2024-06-29T12:08:28.497+0000] {processor.py:183} INFO - Processing /home/airflow/.local/lib/python3.12/site-packages/airflow/example_dags/example_skip_dag.py took 0.044 seconds
[2024-06-29T12:08:58.726+0000] {processor.py:161} INFO - Started process (PID=7805) to work on /home/airflow/.local/lib/python3.12/site-packages/airflow/example_dags/example_skip_dag.py
[2024-06-29T12:08:58.727+0000] {processor.py:830} INFO - Processing file /home/airflow/.local/lib/python3.12/site-packages/airflow/example_dags/example_skip_dag.py for tasks to queue
[2024-06-29T12:08:58.728+0000] {logging_mixin.py:188} INFO - [2024-06-29T12:08:58.728+0000] {dagbag.py:545} INFO - Filling up the DagBag from /home/airflow/.local/lib/python3.12/site-packages/airflow/example_dags/example_skip_dag.py
[2024-06-29T12:08:58.731+0000] {processor.py:840} INFO - DAG(s) 'example_skip_dag' retrieved from /home/airflow/.local/lib/python3.12/site-packages/airflow/example_dags/example_skip_dag.py
[2024-06-29T12:08:58.745+0000] {logging_mixin.py:188} INFO - [2024-06-29T12:08:58.745+0000] {dag.py:3096} INFO - Sync 1 DAGs
[2024-06-29T12:08:58.757+0000] {logging_mixin.py:188} INFO - [2024-06-29T12:08:58.757+0000] {dag.py:3954} INFO - Setting next_dagrun for example_skip_dag to 2024-06-28 00:00:00+00:00, run_after=2024-06-29 00:00:00+00:00
[2024-06-29T12:08:58.766+0000] {processor.py:183} INFO - Processing /home/airflow/.local/lib/python3.12/site-packages/airflow/example_dags/example_skip_dag.py took 0.044 seconds
[2024-06-29T12:09:29.080+0000] {processor.py:161} INFO - Started process (PID=8067) to work on /home/airflow/.local/lib/python3.12/site-packages/airflow/example_dags/example_skip_dag.py
[2024-06-29T12:09:29.081+0000] {processor.py:830} INFO - Processing file /home/airflow/.local/lib/python3.12/site-packages/airflow/example_dags/example_skip_dag.py for tasks to queue
[2024-06-29T12:09:29.082+0000] {logging_mixin.py:188} INFO - [2024-06-29T12:09:29.081+0000] {dagbag.py:545} INFO - Filling up the DagBag from /home/airflow/.local/lib/python3.12/site-packages/airflow/example_dags/example_skip_dag.py
[2024-06-29T12:09:29.085+0000] {processor.py:840} INFO - DAG(s) 'example_skip_dag' retrieved from /home/airflow/.local/lib/python3.12/site-packages/airflow/example_dags/example_skip_dag.py
[2024-06-29T12:09:29.099+0000] {logging_mixin.py:188} INFO - [2024-06-29T12:09:29.099+0000] {dag.py:3096} INFO - Sync 1 DAGs
[2024-06-29T12:09:29.111+0000] {logging_mixin.py:188} INFO - [2024-06-29T12:09:29.111+0000] {dag.py:3954} INFO - Setting next_dagrun for example_skip_dag to 2024-06-28 00:00:00+00:00, run_after=2024-06-29 00:00:00+00:00
[2024-06-29T12:09:29.120+0000] {processor.py:183} INFO - Processing /home/airflow/.local/lib/python3.12/site-packages/airflow/example_dags/example_skip_dag.py took 0.044 seconds
[2024-06-29T12:09:59.491+0000] {processor.py:161} INFO - Started process (PID=8329) to work on /home/airflow/.local/lib/python3.12/site-packages/airflow/example_dags/example_skip_dag.py
[2024-06-29T12:09:59.492+0000] {processor.py:830} INFO - Processing file /home/airflow/.local/lib/python3.12/site-packages/airflow/example_dags/example_skip_dag.py for tasks to queue
[2024-06-29T12:09:59.493+0000] {logging_mixin.py:188} INFO - [2024-06-29T12:09:59.492+0000] {dagbag.py:545} INFO - Filling up the DagBag from /home/airflow/.local/lib/python3.12/site-packages/airflow/example_dags/example_skip_dag.py
[2024-06-29T12:09:59.496+0000] {processor.py:840} INFO - DAG(s) 'example_skip_dag' retrieved from /home/airflow/.local/lib/python3.12/site-packages/airflow/example_dags/example_skip_dag.py
[2024-06-29T12:09:59.510+0000] {logging_mixin.py:188} INFO - [2024-06-29T12:09:59.510+0000] {dag.py:3096} INFO - Sync 1 DAGs
[2024-06-29T12:09:59.522+0000] {logging_mixin.py:188} INFO - [2024-06-29T12:09:59.522+0000] {dag.py:3954} INFO - Setting next_dagrun for example_skip_dag to 2024-06-28 00:00:00+00:00, run_after=2024-06-29 00:00:00+00:00
[2024-06-29T12:09:59.531+0000] {processor.py:183} INFO - Processing /home/airflow/.local/lib/python3.12/site-packages/airflow/example_dags/example_skip_dag.py took 0.043 seconds
[2024-06-29T12:10:30.215+0000] {processor.py:161} INFO - Started process (PID=8596) to work on /home/airflow/.local/lib/python3.12/site-packages/airflow/example_dags/example_skip_dag.py
[2024-06-29T12:10:30.215+0000] {processor.py:830} INFO - Processing file /home/airflow/.local/lib/python3.12/site-packages/airflow/example_dags/example_skip_dag.py for tasks to queue
[2024-06-29T12:10:30.217+0000] {logging_mixin.py:188} INFO - [2024-06-29T12:10:30.216+0000] {dagbag.py:545} INFO - Filling up the DagBag from /home/airflow/.local/lib/python3.12/site-packages/airflow/example_dags/example_skip_dag.py
[2024-06-29T12:10:30.220+0000] {processor.py:840} INFO - DAG(s) 'example_skip_dag' retrieved from /home/airflow/.local/lib/python3.12/site-packages/airflow/example_dags/example_skip_dag.py
[2024-06-29T12:10:30.235+0000] {logging_mixin.py:188} INFO - [2024-06-29T12:10:30.234+0000] {dag.py:3096} INFO - Sync 1 DAGs
[2024-06-29T12:10:30.246+0000] {logging_mixin.py:188} INFO - [2024-06-29T12:10:30.245+0000] {dag.py:3954} INFO - Setting next_dagrun for example_skip_dag to 2024-06-28 00:00:00+00:00, run_after=2024-06-29 00:00:00+00:00
[2024-06-29T12:10:30.254+0000] {processor.py:183} INFO - Processing /home/airflow/.local/lib/python3.12/site-packages/airflow/example_dags/example_skip_dag.py took 0.043 seconds
[2024-06-29T12:11:00.897+0000] {processor.py:161} INFO - Started process (PID=8858) to work on /home/airflow/.local/lib/python3.12/site-packages/airflow/example_dags/example_skip_dag.py
[2024-06-29T12:11:00.897+0000] {processor.py:830} INFO - Processing file /home/airflow/.local/lib/python3.12/site-packages/airflow/example_dags/example_skip_dag.py for tasks to queue
[2024-06-29T12:11:00.898+0000] {logging_mixin.py:188} INFO - [2024-06-29T12:11:00.898+0000] {dagbag.py:545} INFO - Filling up the DagBag from /home/airflow/.local/lib/python3.12/site-packages/airflow/example_dags/example_skip_dag.py
[2024-06-29T12:11:00.902+0000] {processor.py:840} INFO - DAG(s) 'example_skip_dag' retrieved from /home/airflow/.local/lib/python3.12/site-packages/airflow/example_dags/example_skip_dag.py
[2024-06-29T12:11:00.916+0000] {logging_mixin.py:188} INFO - [2024-06-29T12:11:00.915+0000] {dag.py:3096} INFO - Sync 1 DAGs
[2024-06-29T12:11:00.926+0000] {logging_mixin.py:188} INFO - [2024-06-29T12:11:00.926+0000] {dag.py:3954} INFO - Setting next_dagrun for example_skip_dag to 2024-06-28 00:00:00+00:00, run_after=2024-06-29 00:00:00+00:00
[2024-06-29T12:11:00.935+0000] {processor.py:183} INFO - Processing /home/airflow/.local/lib/python3.12/site-packages/airflow/example_dags/example_skip_dag.py took 0.041 seconds
[2024-06-29T12:11:31.496+0000] {processor.py:161} INFO - Started process (PID=9120) to work on /home/airflow/.local/lib/python3.12/site-packages/airflow/example_dags/example_skip_dag.py
[2024-06-29T12:11:31.496+0000] {processor.py:830} INFO - Processing file /home/airflow/.local/lib/python3.12/site-packages/airflow/example_dags/example_skip_dag.py for tasks to queue
[2024-06-29T12:11:31.497+0000] {logging_mixin.py:188} INFO - [2024-06-29T12:11:31.497+0000] {dagbag.py:545} INFO - Filling up the DagBag from /home/airflow/.local/lib/python3.12/site-packages/airflow/example_dags/example_skip_dag.py
[2024-06-29T12:11:31.501+0000] {processor.py:840} INFO - DAG(s) 'example_skip_dag' retrieved from /home/airflow/.local/lib/python3.12/site-packages/airflow/example_dags/example_skip_dag.py
[2024-06-29T12:11:31.515+0000] {logging_mixin.py:188} INFO - [2024-06-29T12:11:31.515+0000] {dag.py:3096} INFO - Sync 1 DAGs
[2024-06-29T12:11:31.526+0000] {logging_mixin.py:188} INFO - [2024-06-29T12:11:31.526+0000] {dag.py:3954} INFO - Setting next_dagrun for example_skip_dag to 2024-06-28 00:00:00+00:00, run_after=2024-06-29 00:00:00+00:00
[2024-06-29T12:11:31.535+0000] {processor.py:183} INFO - Processing /home/airflow/.local/lib/python3.12/site-packages/airflow/example_dags/example_skip_dag.py took 0.043 seconds
[2024-06-29T12:12:01.902+0000] {processor.py:161} INFO - Started process (PID=9382) to work on /home/airflow/.local/lib/python3.12/site-packages/airflow/example_dags/example_skip_dag.py
[2024-06-29T12:12:01.903+0000] {processor.py:830} INFO - Processing file /home/airflow/.local/lib/python3.12/site-packages/airflow/example_dags/example_skip_dag.py for tasks to queue
[2024-06-29T12:12:01.905+0000] {logging_mixin.py:188} INFO - [2024-06-29T12:12:01.905+0000] {dagbag.py:545} INFO - Filling up the DagBag from /home/airflow/.local/lib/python3.12/site-packages/airflow/example_dags/example_skip_dag.py
[2024-06-29T12:12:02.010+0000] {processor.py:840} INFO - DAG(s) 'example_skip_dag' retrieved from /home/airflow/.local/lib/python3.12/site-packages/airflow/example_dags/example_skip_dag.py
[2024-06-29T12:12:02.022+0000] {logging_mixin.py:188} INFO - [2024-06-29T12:12:02.022+0000] {dag.py:3096} INFO - Sync 1 DAGs
[2024-06-29T12:12:02.032+0000] {logging_mixin.py:188} INFO - [2024-06-29T12:12:02.032+0000] {dag.py:3954} INFO - Setting next_dagrun for example_skip_dag to 2024-06-28 00:00:00+00:00, run_after=2024-06-29 00:00:00+00:00
[2024-06-29T12:12:02.040+0000] {processor.py:183} INFO - Processing /home/airflow/.local/lib/python3.12/site-packages/airflow/example_dags/example_skip_dag.py took 0.142 seconds
[2024-06-29T12:12:32.121+0000] {processor.py:161} INFO - Started process (PID=9645) to work on /home/airflow/.local/lib/python3.12/site-packages/airflow/example_dags/example_skip_dag.py
[2024-06-29T12:12:32.122+0000] {processor.py:830} INFO - Processing file /home/airflow/.local/lib/python3.12/site-packages/airflow/example_dags/example_skip_dag.py for tasks to queue
[2024-06-29T12:12:32.123+0000] {logging_mixin.py:188} INFO - [2024-06-29T12:12:32.123+0000] {dagbag.py:545} INFO - Filling up the DagBag from /home/airflow/.local/lib/python3.12/site-packages/airflow/example_dags/example_skip_dag.py
[2024-06-29T12:12:32.127+0000] {processor.py:840} INFO - DAG(s) 'example_skip_dag' retrieved from /home/airflow/.local/lib/python3.12/site-packages/airflow/example_dags/example_skip_dag.py
[2024-06-29T12:12:32.141+0000] {logging_mixin.py:188} INFO - [2024-06-29T12:12:32.141+0000] {dag.py:3096} INFO - Sync 1 DAGs
[2024-06-29T12:12:32.152+0000] {logging_mixin.py:188} INFO - [2024-06-29T12:12:32.152+0000] {dag.py:3954} INFO - Setting next_dagrun for example_skip_dag to 2024-06-28 00:00:00+00:00, run_after=2024-06-29 00:00:00+00:00
[2024-06-29T12:12:32.160+0000] {processor.py:183} INFO - Processing /home/airflow/.local/lib/python3.12/site-packages/airflow/example_dags/example_skip_dag.py took 0.042 seconds
[2024-06-29T12:13:02.382+0000] {processor.py:161} INFO - Started process (PID=9907) to work on /home/airflow/.local/lib/python3.12/site-packages/airflow/example_dags/example_skip_dag.py
[2024-06-29T12:13:02.383+0000] {processor.py:830} INFO - Processing file /home/airflow/.local/lib/python3.12/site-packages/airflow/example_dags/example_skip_dag.py for tasks to queue
[2024-06-29T12:13:02.384+0000] {logging_mixin.py:188} INFO - [2024-06-29T12:13:02.384+0000] {dagbag.py:545} INFO - Filling up the DagBag from /home/airflow/.local/lib/python3.12/site-packages/airflow/example_dags/example_skip_dag.py
[2024-06-29T12:13:02.388+0000] {processor.py:840} INFO - DAG(s) 'example_skip_dag' retrieved from /home/airflow/.local/lib/python3.12/site-packages/airflow/example_dags/example_skip_dag.py
[2024-06-29T12:13:02.402+0000] {logging_mixin.py:188} INFO - [2024-06-29T12:13:02.402+0000] {dag.py:3096} INFO - Sync 1 DAGs
[2024-06-29T12:13:02.413+0000] {logging_mixin.py:188} INFO - [2024-06-29T12:13:02.413+0000] {dag.py:3954} INFO - Setting next_dagrun for example_skip_dag to 2024-06-28 00:00:00+00:00, run_after=2024-06-29 00:00:00+00:00
[2024-06-29T12:13:02.422+0000] {processor.py:183} INFO - Processing /home/airflow/.local/lib/python3.12/site-packages/airflow/example_dags/example_skip_dag.py took 0.043 seconds
[2024-06-29T12:13:32.630+0000] {processor.py:161} INFO - Started process (PID=10168) to work on /home/airflow/.local/lib/python3.12/site-packages/airflow/example_dags/example_skip_dag.py
[2024-06-29T12:13:32.631+0000] {processor.py:830} INFO - Processing file /home/airflow/.local/lib/python3.12/site-packages/airflow/example_dags/example_skip_dag.py for tasks to queue
[2024-06-29T12:13:32.632+0000] {logging_mixin.py:188} INFO - [2024-06-29T12:13:32.632+0000] {dagbag.py:545} INFO - Filling up the DagBag from /home/airflow/.local/lib/python3.12/site-packages/airflow/example_dags/example_skip_dag.py
[2024-06-29T12:13:32.636+0000] {processor.py:840} INFO - DAG(s) 'example_skip_dag' retrieved from /home/airflow/.local/lib/python3.12/site-packages/airflow/example_dags/example_skip_dag.py
[2024-06-29T12:13:32.651+0000] {logging_mixin.py:188} INFO - [2024-06-29T12:13:32.651+0000] {dag.py:3096} INFO - Sync 1 DAGs
[2024-06-29T12:13:32.662+0000] {logging_mixin.py:188} INFO - [2024-06-29T12:13:32.662+0000] {dag.py:3954} INFO - Setting next_dagrun for example_skip_dag to 2024-06-28 00:00:00+00:00, run_after=2024-06-29 00:00:00+00:00
[2024-06-29T12:13:32.672+0000] {processor.py:183} INFO - Processing /home/airflow/.local/lib/python3.12/site-packages/airflow/example_dags/example_skip_dag.py took 0.045 seconds
[2024-06-29T12:14:02.783+0000] {processor.py:161} INFO - Started process (PID=10430) to work on /home/airflow/.local/lib/python3.12/site-packages/airflow/example_dags/example_skip_dag.py
[2024-06-29T12:14:02.783+0000] {processor.py:830} INFO - Processing file /home/airflow/.local/lib/python3.12/site-packages/airflow/example_dags/example_skip_dag.py for tasks to queue
[2024-06-29T12:14:02.784+0000] {logging_mixin.py:188} INFO - [2024-06-29T12:14:02.784+0000] {dagbag.py:545} INFO - Filling up the DagBag from /home/airflow/.local/lib/python3.12/site-packages/airflow/example_dags/example_skip_dag.py
[2024-06-29T12:14:02.788+0000] {processor.py:840} INFO - DAG(s) 'example_skip_dag' retrieved from /home/airflow/.local/lib/python3.12/site-packages/airflow/example_dags/example_skip_dag.py
[2024-06-29T12:14:02.802+0000] {logging_mixin.py:188} INFO - [2024-06-29T12:14:02.802+0000] {dag.py:3096} INFO - Sync 1 DAGs
[2024-06-29T12:14:02.813+0000] {logging_mixin.py:188} INFO - [2024-06-29T12:14:02.813+0000] {dag.py:3954} INFO - Setting next_dagrun for example_skip_dag to 2024-06-28 00:00:00+00:00, run_after=2024-06-29 00:00:00+00:00
[2024-06-29T12:14:02.822+0000] {processor.py:183} INFO - Processing /home/airflow/.local/lib/python3.12/site-packages/airflow/example_dags/example_skip_dag.py took 0.043 seconds
[2024-06-29T12:14:32.922+0000] {processor.py:161} INFO - Started process (PID=10692) to work on /home/airflow/.local/lib/python3.12/site-packages/airflow/example_dags/example_skip_dag.py
[2024-06-29T12:14:32.923+0000] {processor.py:830} INFO - Processing file /home/airflow/.local/lib/python3.12/site-packages/airflow/example_dags/example_skip_dag.py for tasks to queue
[2024-06-29T12:14:32.924+0000] {logging_mixin.py:188} INFO - [2024-06-29T12:14:32.924+0000] {dagbag.py:545} INFO - Filling up the DagBag from /home/airflow/.local/lib/python3.12/site-packages/airflow/example_dags/example_skip_dag.py
[2024-06-29T12:14:32.928+0000] {processor.py:840} INFO - DAG(s) 'example_skip_dag' retrieved from /home/airflow/.local/lib/python3.12/site-packages/airflow/example_dags/example_skip_dag.py
[2024-06-29T12:14:32.942+0000] {logging_mixin.py:188} INFO - [2024-06-29T12:14:32.942+0000] {dag.py:3096} INFO - Sync 1 DAGs
[2024-06-29T12:14:32.953+0000] {logging_mixin.py:188} INFO - [2024-06-29T12:14:32.953+0000] {dag.py:3954} INFO - Setting next_dagrun for example_skip_dag to 2024-06-28 00:00:00+00:00, run_after=2024-06-29 00:00:00+00:00
[2024-06-29T12:14:32.962+0000] {processor.py:183} INFO - Processing /home/airflow/.local/lib/python3.12/site-packages/airflow/example_dags/example_skip_dag.py took 0.043 seconds
[2024-06-29T12:15:03.845+0000] {processor.py:161} INFO - Started process (PID=10948) to work on /home/airflow/.local/lib/python3.12/site-packages/airflow/example_dags/example_skip_dag.py
[2024-06-29T12:15:03.846+0000] {processor.py:830} INFO - Processing file /home/airflow/.local/lib/python3.12/site-packages/airflow/example_dags/example_skip_dag.py for tasks to queue
[2024-06-29T12:15:03.847+0000] {logging_mixin.py:188} INFO - [2024-06-29T12:15:03.847+0000] {dagbag.py:545} INFO - Filling up the DagBag from /home/airflow/.local/lib/python3.12/site-packages/airflow/example_dags/example_skip_dag.py
[2024-06-29T12:15:03.851+0000] {processor.py:840} INFO - DAG(s) 'example_skip_dag' retrieved from /home/airflow/.local/lib/python3.12/site-packages/airflow/example_dags/example_skip_dag.py
[2024-06-29T12:15:03.866+0000] {logging_mixin.py:188} INFO - [2024-06-29T12:15:03.866+0000] {dag.py:3096} INFO - Sync 1 DAGs
[2024-06-29T12:15:03.877+0000] {logging_mixin.py:188} INFO - [2024-06-29T12:15:03.877+0000] {dag.py:3954} INFO - Setting next_dagrun for example_skip_dag to 2024-06-28 00:00:00+00:00, run_after=2024-06-29 00:00:00+00:00
[2024-06-29T12:15:03.887+0000] {processor.py:183} INFO - Processing /home/airflow/.local/lib/python3.12/site-packages/airflow/example_dags/example_skip_dag.py took 0.046 seconds
[2024-06-29T12:15:34.080+0000] {processor.py:161} INFO - Started process (PID=11210) to work on /home/airflow/.local/lib/python3.12/site-packages/airflow/example_dags/example_skip_dag.py
[2024-06-29T12:15:34.080+0000] {processor.py:830} INFO - Processing file /home/airflow/.local/lib/python3.12/site-packages/airflow/example_dags/example_skip_dag.py for tasks to queue
[2024-06-29T12:15:34.081+0000] {logging_mixin.py:188} INFO - [2024-06-29T12:15:34.081+0000] {dagbag.py:545} INFO - Filling up the DagBag from /home/airflow/.local/lib/python3.12/site-packages/airflow/example_dags/example_skip_dag.py
[2024-06-29T12:15:34.085+0000] {processor.py:840} INFO - DAG(s) 'example_skip_dag' retrieved from /home/airflow/.local/lib/python3.12/site-packages/airflow/example_dags/example_skip_dag.py
[2024-06-29T12:15:34.100+0000] {logging_mixin.py:188} INFO - [2024-06-29T12:15:34.100+0000] {dag.py:3096} INFO - Sync 1 DAGs
[2024-06-29T12:15:34.111+0000] {logging_mixin.py:188} INFO - [2024-06-29T12:15:34.111+0000] {dag.py:3954} INFO - Setting next_dagrun for example_skip_dag to 2024-06-28 00:00:00+00:00, run_after=2024-06-29 00:00:00+00:00
[2024-06-29T12:15:34.121+0000] {processor.py:183} INFO - Processing /home/airflow/.local/lib/python3.12/site-packages/airflow/example_dags/example_skip_dag.py took 0.045 seconds
[2024-06-29T12:16:04.232+0000] {processor.py:161} INFO - Started process (PID=11473) to work on /home/airflow/.local/lib/python3.12/site-packages/airflow/example_dags/example_skip_dag.py
[2024-06-29T12:16:04.233+0000] {processor.py:830} INFO - Processing file /home/airflow/.local/lib/python3.12/site-packages/airflow/example_dags/example_skip_dag.py for tasks to queue
[2024-06-29T12:16:04.234+0000] {logging_mixin.py:188} INFO - [2024-06-29T12:16:04.233+0000] {dagbag.py:545} INFO - Filling up the DagBag from /home/airflow/.local/lib/python3.12/site-packages/airflow/example_dags/example_skip_dag.py
[2024-06-29T12:16:04.237+0000] {processor.py:840} INFO - DAG(s) 'example_skip_dag' retrieved from /home/airflow/.local/lib/python3.12/site-packages/airflow/example_dags/example_skip_dag.py
[2024-06-29T12:16:04.257+0000] {logging_mixin.py:188} INFO - [2024-06-29T12:16:04.254+0000] {dag.py:3096} INFO - Sync 1 DAGs
[2024-06-29T12:16:04.281+0000] {logging_mixin.py:188} INFO - [2024-06-29T12:16:04.281+0000] {dag.py:3954} INFO - Setting next_dagrun for example_skip_dag to 2024-06-28 00:00:00+00:00, run_after=2024-06-29 00:00:00+00:00
[2024-06-29T12:16:04.298+0000] {processor.py:183} INFO - Processing /home/airflow/.local/lib/python3.12/site-packages/airflow/example_dags/example_skip_dag.py took 0.070 seconds
[2024-06-29T12:16:34.453+0000] {processor.py:161} INFO - Started process (PID=11735) to work on /home/airflow/.local/lib/python3.12/site-packages/airflow/example_dags/example_skip_dag.py
[2024-06-29T12:16:34.454+0000] {processor.py:830} INFO - Processing file /home/airflow/.local/lib/python3.12/site-packages/airflow/example_dags/example_skip_dag.py for tasks to queue
[2024-06-29T12:16:34.455+0000] {logging_mixin.py:188} INFO - [2024-06-29T12:16:34.455+0000] {dagbag.py:545} INFO - Filling up the DagBag from /home/airflow/.local/lib/python3.12/site-packages/airflow/example_dags/example_skip_dag.py
[2024-06-29T12:16:34.459+0000] {processor.py:840} INFO - DAG(s) 'example_skip_dag' retrieved from /home/airflow/.local/lib/python3.12/site-packages/airflow/example_dags/example_skip_dag.py
[2024-06-29T12:16:34.473+0000] {logging_mixin.py:188} INFO - [2024-06-29T12:16:34.473+0000] {dag.py:3096} INFO - Sync 1 DAGs
[2024-06-29T12:16:34.485+0000] {logging_mixin.py:188} INFO - [2024-06-29T12:16:34.485+0000] {dag.py:3954} INFO - Setting next_dagrun for example_skip_dag to 2024-06-28 00:00:00+00:00, run_after=2024-06-29 00:00:00+00:00
[2024-06-29T12:16:34.494+0000] {processor.py:183} INFO - Processing /home/airflow/.local/lib/python3.12/site-packages/airflow/example_dags/example_skip_dag.py took 0.045 seconds
[2024-06-29T12:17:04.672+0000] {processor.py:161} INFO - Started process (PID=11997) to work on /home/airflow/.local/lib/python3.12/site-packages/airflow/example_dags/example_skip_dag.py
[2024-06-29T12:17:04.673+0000] {processor.py:830} INFO - Processing file /home/airflow/.local/lib/python3.12/site-packages/airflow/example_dags/example_skip_dag.py for tasks to queue
[2024-06-29T12:17:04.674+0000] {logging_mixin.py:188} INFO - [2024-06-29T12:17:04.674+0000] {dagbag.py:545} INFO - Filling up the DagBag from /home/airflow/.local/lib/python3.12/site-packages/airflow/example_dags/example_skip_dag.py
[2024-06-29T12:17:04.678+0000] {processor.py:840} INFO - DAG(s) 'example_skip_dag' retrieved from /home/airflow/.local/lib/python3.12/site-packages/airflow/example_dags/example_skip_dag.py
[2024-06-29T12:17:04.692+0000] {logging_mixin.py:188} INFO - [2024-06-29T12:17:04.692+0000] {dag.py:3096} INFO - Sync 1 DAGs
[2024-06-29T12:17:04.704+0000] {logging_mixin.py:188} INFO - [2024-06-29T12:17:04.704+0000] {dag.py:3954} INFO - Setting next_dagrun for example_skip_dag to 2024-06-28 00:00:00+00:00, run_after=2024-06-29 00:00:00+00:00
[2024-06-29T12:17:04.713+0000] {processor.py:183} INFO - Processing /home/airflow/.local/lib/python3.12/site-packages/airflow/example_dags/example_skip_dag.py took 0.045 seconds
[2024-06-29T12:17:34.800+0000] {processor.py:161} INFO - Started process (PID=12259) to work on /home/airflow/.local/lib/python3.12/site-packages/airflow/example_dags/example_skip_dag.py
[2024-06-29T12:17:34.801+0000] {processor.py:830} INFO - Processing file /home/airflow/.local/lib/python3.12/site-packages/airflow/example_dags/example_skip_dag.py for tasks to queue
[2024-06-29T12:17:34.803+0000] {logging_mixin.py:188} INFO - [2024-06-29T12:17:34.802+0000] {dagbag.py:545} INFO - Filling up the DagBag from /home/airflow/.local/lib/python3.12/site-packages/airflow/example_dags/example_skip_dag.py
[2024-06-29T12:17:34.807+0000] {processor.py:840} INFO - DAG(s) 'example_skip_dag' retrieved from /home/airflow/.local/lib/python3.12/site-packages/airflow/example_dags/example_skip_dag.py
[2024-06-29T12:17:34.824+0000] {logging_mixin.py:188} INFO - [2024-06-29T12:17:34.824+0000] {dag.py:3096} INFO - Sync 1 DAGs
[2024-06-29T12:17:34.839+0000] {logging_mixin.py:188} INFO - [2024-06-29T12:17:34.839+0000] {dag.py:3954} INFO - Setting next_dagrun for example_skip_dag to 2024-06-28 00:00:00+00:00, run_after=2024-06-29 00:00:00+00:00
[2024-06-29T12:17:34.850+0000] {processor.py:183} INFO - Processing /home/airflow/.local/lib/python3.12/site-packages/airflow/example_dags/example_skip_dag.py took 0.054 seconds
[2024-06-29T12:18:05.012+0000] {processor.py:161} INFO - Started process (PID=12521) to work on /home/airflow/.local/lib/python3.12/site-packages/airflow/example_dags/example_skip_dag.py
[2024-06-29T12:18:05.013+0000] {processor.py:830} INFO - Processing file /home/airflow/.local/lib/python3.12/site-packages/airflow/example_dags/example_skip_dag.py for tasks to queue
[2024-06-29T12:18:05.014+0000] {logging_mixin.py:188} INFO - [2024-06-29T12:18:05.014+0000] {dagbag.py:545} INFO - Filling up the DagBag from /home/airflow/.local/lib/python3.12/site-packages/airflow/example_dags/example_skip_dag.py
[2024-06-29T12:18:05.018+0000] {processor.py:840} INFO - DAG(s) 'example_skip_dag' retrieved from /home/airflow/.local/lib/python3.12/site-packages/airflow/example_dags/example_skip_dag.py
[2024-06-29T12:18:05.032+0000] {logging_mixin.py:188} INFO - [2024-06-29T12:18:05.032+0000] {dag.py:3096} INFO - Sync 1 DAGs
[2024-06-29T12:18:05.043+0000] {logging_mixin.py:188} INFO - [2024-06-29T12:18:05.043+0000] {dag.py:3954} INFO - Setting next_dagrun for example_skip_dag to 2024-06-28 00:00:00+00:00, run_after=2024-06-29 00:00:00+00:00
[2024-06-29T12:18:05.051+0000] {processor.py:183} INFO - Processing /home/airflow/.local/lib/python3.12/site-packages/airflow/example_dags/example_skip_dag.py took 0.043 seconds
[2024-06-29T12:18:35.285+0000] {processor.py:161} INFO - Started process (PID=12782) to work on /home/airflow/.local/lib/python3.12/site-packages/airflow/example_dags/example_skip_dag.py
[2024-06-29T12:18:35.286+0000] {processor.py:830} INFO - Processing file /home/airflow/.local/lib/python3.12/site-packages/airflow/example_dags/example_skip_dag.py for tasks to queue
[2024-06-29T12:18:35.287+0000] {logging_mixin.py:188} INFO - [2024-06-29T12:18:35.287+0000] {dagbag.py:545} INFO - Filling up the DagBag from /home/airflow/.local/lib/python3.12/site-packages/airflow/example_dags/example_skip_dag.py
[2024-06-29T12:18:35.291+0000] {processor.py:840} INFO - DAG(s) 'example_skip_dag' retrieved from /home/airflow/.local/lib/python3.12/site-packages/airflow/example_dags/example_skip_dag.py
[2024-06-29T12:18:35.307+0000] {logging_mixin.py:188} INFO - [2024-06-29T12:18:35.306+0000] {dag.py:3096} INFO - Sync 1 DAGs
[2024-06-29T12:18:35.318+0000] {logging_mixin.py:188} INFO - [2024-06-29T12:18:35.318+0000] {dag.py:3954} INFO - Setting next_dagrun for example_skip_dag to 2024-06-28 00:00:00+00:00, run_after=2024-06-29 00:00:00+00:00
[2024-06-29T12:18:35.327+0000] {processor.py:183} INFO - Processing /home/airflow/.local/lib/python3.12/site-packages/airflow/example_dags/example_skip_dag.py took 0.046 seconds
[2024-06-29T12:19:05.489+0000] {processor.py:161} INFO - Started process (PID=13045) to work on /home/airflow/.local/lib/python3.12/site-packages/airflow/example_dags/example_skip_dag.py
[2024-06-29T12:19:05.489+0000] {processor.py:830} INFO - Processing file /home/airflow/.local/lib/python3.12/site-packages/airflow/example_dags/example_skip_dag.py for tasks to queue
[2024-06-29T12:19:05.491+0000] {logging_mixin.py:188} INFO - [2024-06-29T12:19:05.490+0000] {dagbag.py:545} INFO - Filling up the DagBag from /home/airflow/.local/lib/python3.12/site-packages/airflow/example_dags/example_skip_dag.py
[2024-06-29T12:19:05.494+0000] {processor.py:840} INFO - DAG(s) 'example_skip_dag' retrieved from /home/airflow/.local/lib/python3.12/site-packages/airflow/example_dags/example_skip_dag.py
[2024-06-29T12:19:05.508+0000] {logging_mixin.py:188} INFO - [2024-06-29T12:19:05.508+0000] {dag.py:3096} INFO - Sync 1 DAGs
[2024-06-29T12:19:05.521+0000] {logging_mixin.py:188} INFO - [2024-06-29T12:19:05.521+0000] {dag.py:3954} INFO - Setting next_dagrun for example_skip_dag to 2024-06-28 00:00:00+00:00, run_after=2024-06-29 00:00:00+00:00
[2024-06-29T12:19:05.532+0000] {processor.py:183} INFO - Processing /home/airflow/.local/lib/python3.12/site-packages/airflow/example_dags/example_skip_dag.py took 0.047 seconds
[2024-06-29T12:19:36.496+0000] {processor.py:161} INFO - Started process (PID=13307) to work on /home/airflow/.local/lib/python3.12/site-packages/airflow/example_dags/example_skip_dag.py
[2024-06-29T12:19:36.497+0000] {processor.py:830} INFO - Processing file /home/airflow/.local/lib/python3.12/site-packages/airflow/example_dags/example_skip_dag.py for tasks to queue
[2024-06-29T12:19:36.498+0000] {logging_mixin.py:188} INFO - [2024-06-29T12:19:36.498+0000] {dagbag.py:545} INFO - Filling up the DagBag from /home/airflow/.local/lib/python3.12/site-packages/airflow/example_dags/example_skip_dag.py
[2024-06-29T12:19:36.502+0000] {processor.py:840} INFO - DAG(s) 'example_skip_dag' retrieved from /home/airflow/.local/lib/python3.12/site-packages/airflow/example_dags/example_skip_dag.py
[2024-06-29T12:19:36.516+0000] {logging_mixin.py:188} INFO - [2024-06-29T12:19:36.516+0000] {dag.py:3096} INFO - Sync 1 DAGs
[2024-06-29T12:19:36.530+0000] {logging_mixin.py:188} INFO - [2024-06-29T12:19:36.529+0000] {dag.py:3954} INFO - Setting next_dagrun for example_skip_dag to 2024-06-28 00:00:00+00:00, run_after=2024-06-29 00:00:00+00:00
[2024-06-29T12:19:36.538+0000] {processor.py:183} INFO - Processing /home/airflow/.local/lib/python3.12/site-packages/airflow/example_dags/example_skip_dag.py took 0.046 seconds
[2024-06-29T12:20:06.649+0000] {processor.py:161} INFO - Started process (PID=13569) to work on /home/airflow/.local/lib/python3.12/site-packages/airflow/example_dags/example_skip_dag.py
[2024-06-29T12:20:06.650+0000] {processor.py:830} INFO - Processing file /home/airflow/.local/lib/python3.12/site-packages/airflow/example_dags/example_skip_dag.py for tasks to queue
[2024-06-29T12:20:06.651+0000] {logging_mixin.py:188} INFO - [2024-06-29T12:20:06.650+0000] {dagbag.py:545} INFO - Filling up the DagBag from /home/airflow/.local/lib/python3.12/site-packages/airflow/example_dags/example_skip_dag.py
[2024-06-29T12:20:06.654+0000] {processor.py:840} INFO - DAG(s) 'example_skip_dag' retrieved from /home/airflow/.local/lib/python3.12/site-packages/airflow/example_dags/example_skip_dag.py
[2024-06-29T12:20:06.668+0000] {logging_mixin.py:188} INFO - [2024-06-29T12:20:06.668+0000] {dag.py:3096} INFO - Sync 1 DAGs
[2024-06-29T12:20:06.678+0000] {logging_mixin.py:188} INFO - [2024-06-29T12:20:06.678+0000] {dag.py:3954} INFO - Setting next_dagrun for example_skip_dag to 2024-06-28 00:00:00+00:00, run_after=2024-06-29 00:00:00+00:00
[2024-06-29T12:20:06.686+0000] {processor.py:183} INFO - Processing /home/airflow/.local/lib/python3.12/site-packages/airflow/example_dags/example_skip_dag.py took 0.040 seconds
[2024-06-29T12:20:36.885+0000] {processor.py:161} INFO - Started process (PID=13831) to work on /home/airflow/.local/lib/python3.12/site-packages/airflow/example_dags/example_skip_dag.py
[2024-06-29T12:20:36.886+0000] {processor.py:830} INFO - Processing file /home/airflow/.local/lib/python3.12/site-packages/airflow/example_dags/example_skip_dag.py for tasks to queue
[2024-06-29T12:20:36.887+0000] {logging_mixin.py:188} INFO - [2024-06-29T12:20:36.887+0000] {dagbag.py:545} INFO - Filling up the DagBag from /home/airflow/.local/lib/python3.12/site-packages/airflow/example_dags/example_skip_dag.py
[2024-06-29T12:20:36.891+0000] {processor.py:840} INFO - DAG(s) 'example_skip_dag' retrieved from /home/airflow/.local/lib/python3.12/site-packages/airflow/example_dags/example_skip_dag.py
[2024-06-29T12:20:36.905+0000] {logging_mixin.py:188} INFO - [2024-06-29T12:20:36.905+0000] {dag.py:3096} INFO - Sync 1 DAGs
[2024-06-29T12:20:36.916+0000] {logging_mixin.py:188} INFO - [2024-06-29T12:20:36.916+0000] {dag.py:3954} INFO - Setting next_dagrun for example_skip_dag to 2024-06-28 00:00:00+00:00, run_after=2024-06-29 00:00:00+00:00
[2024-06-29T12:20:36.926+0000] {processor.py:183} INFO - Processing /home/airflow/.local/lib/python3.12/site-packages/airflow/example_dags/example_skip_dag.py took 0.045 seconds
[2024-06-29T12:21:07.092+0000] {processor.py:161} INFO - Started process (PID=14093) to work on /home/airflow/.local/lib/python3.12/site-packages/airflow/example_dags/example_skip_dag.py
[2024-06-29T12:21:07.093+0000] {processor.py:830} INFO - Processing file /home/airflow/.local/lib/python3.12/site-packages/airflow/example_dags/example_skip_dag.py for tasks to queue
[2024-06-29T12:21:07.094+0000] {logging_mixin.py:188} INFO - [2024-06-29T12:21:07.094+0000] {dagbag.py:545} INFO - Filling up the DagBag from /home/airflow/.local/lib/python3.12/site-packages/airflow/example_dags/example_skip_dag.py
[2024-06-29T12:21:07.098+0000] {processor.py:840} INFO - DAG(s) 'example_skip_dag' retrieved from /home/airflow/.local/lib/python3.12/site-packages/airflow/example_dags/example_skip_dag.py
[2024-06-29T12:21:07.112+0000] {logging_mixin.py:188} INFO - [2024-06-29T12:21:07.112+0000] {dag.py:3096} INFO - Sync 1 DAGs
[2024-06-29T12:21:07.124+0000] {logging_mixin.py:188} INFO - [2024-06-29T12:21:07.124+0000] {dag.py:3954} INFO - Setting next_dagrun for example_skip_dag to 2024-06-28 00:00:00+00:00, run_after=2024-06-29 00:00:00+00:00
[2024-06-29T12:21:07.133+0000] {processor.py:183} INFO - Processing /home/airflow/.local/lib/python3.12/site-packages/airflow/example_dags/example_skip_dag.py took 0.044 seconds
[2024-06-29T12:21:37.358+0000] {processor.py:161} INFO - Started process (PID=14355) to work on /home/airflow/.local/lib/python3.12/site-packages/airflow/example_dags/example_skip_dag.py
[2024-06-29T12:21:37.359+0000] {processor.py:830} INFO - Processing file /home/airflow/.local/lib/python3.12/site-packages/airflow/example_dags/example_skip_dag.py for tasks to queue
[2024-06-29T12:21:37.360+0000] {logging_mixin.py:188} INFO - [2024-06-29T12:21:37.360+0000] {dagbag.py:545} INFO - Filling up the DagBag from /home/airflow/.local/lib/python3.12/site-packages/airflow/example_dags/example_skip_dag.py
[2024-06-29T12:21:37.364+0000] {processor.py:840} INFO - DAG(s) 'example_skip_dag' retrieved from /home/airflow/.local/lib/python3.12/site-packages/airflow/example_dags/example_skip_dag.py
[2024-06-29T12:21:37.378+0000] {logging_mixin.py:188} INFO - [2024-06-29T12:21:37.378+0000] {dag.py:3096} INFO - Sync 1 DAGs
[2024-06-29T12:21:37.390+0000] {logging_mixin.py:188} INFO - [2024-06-29T12:21:37.390+0000] {dag.py:3954} INFO - Setting next_dagrun for example_skip_dag to 2024-06-28 00:00:00+00:00, run_after=2024-06-29 00:00:00+00:00
[2024-06-29T12:21:37.399+0000] {processor.py:183} INFO - Processing /home/airflow/.local/lib/python3.12/site-packages/airflow/example_dags/example_skip_dag.py took 0.045 seconds
[2024-06-29T12:22:07.487+0000] {processor.py:161} INFO - Started process (PID=14617) to work on /home/airflow/.local/lib/python3.12/site-packages/airflow/example_dags/example_skip_dag.py
[2024-06-29T12:22:07.488+0000] {processor.py:830} INFO - Processing file /home/airflow/.local/lib/python3.12/site-packages/airflow/example_dags/example_skip_dag.py for tasks to queue
[2024-06-29T12:22:07.489+0000] {logging_mixin.py:188} INFO - [2024-06-29T12:22:07.489+0000] {dagbag.py:545} INFO - Filling up the DagBag from /home/airflow/.local/lib/python3.12/site-packages/airflow/example_dags/example_skip_dag.py
[2024-06-29T12:22:07.493+0000] {processor.py:840} INFO - DAG(s) 'example_skip_dag' retrieved from /home/airflow/.local/lib/python3.12/site-packages/airflow/example_dags/example_skip_dag.py
[2024-06-29T12:22:07.507+0000] {logging_mixin.py:188} INFO - [2024-06-29T12:22:07.507+0000] {dag.py:3096} INFO - Sync 1 DAGs
[2024-06-29T12:22:07.518+0000] {logging_mixin.py:188} INFO - [2024-06-29T12:22:07.518+0000] {dag.py:3954} INFO - Setting next_dagrun for example_skip_dag to 2024-06-28 00:00:00+00:00, run_after=2024-06-29 00:00:00+00:00
[2024-06-29T12:22:07.527+0000] {processor.py:183} INFO - Processing /home/airflow/.local/lib/python3.12/site-packages/airflow/example_dags/example_skip_dag.py took 0.043 seconds
[2024-06-29T12:22:37.691+0000] {processor.py:161} INFO - Started process (PID=14880) to work on /home/airflow/.local/lib/python3.12/site-packages/airflow/example_dags/example_skip_dag.py
[2024-06-29T12:22:37.692+0000] {processor.py:830} INFO - Processing file /home/airflow/.local/lib/python3.12/site-packages/airflow/example_dags/example_skip_dag.py for tasks to queue
[2024-06-29T12:22:37.693+0000] {logging_mixin.py:188} INFO - [2024-06-29T12:22:37.693+0000] {dagbag.py:545} INFO - Filling up the DagBag from /home/airflow/.local/lib/python3.12/site-packages/airflow/example_dags/example_skip_dag.py
[2024-06-29T12:22:37.697+0000] {processor.py:840} INFO - DAG(s) 'example_skip_dag' retrieved from /home/airflow/.local/lib/python3.12/site-packages/airflow/example_dags/example_skip_dag.py
[2024-06-29T12:22:37.711+0000] {logging_mixin.py:188} INFO - [2024-06-29T12:22:37.711+0000] {dag.py:3096} INFO - Sync 1 DAGs
[2024-06-29T12:22:37.722+0000] {logging_mixin.py:188} INFO - [2024-06-29T12:22:37.722+0000] {dag.py:3954} INFO - Setting next_dagrun for example_skip_dag to 2024-06-28 00:00:00+00:00, run_after=2024-06-29 00:00:00+00:00
[2024-06-29T12:22:37.732+0000] {processor.py:183} INFO - Processing /home/airflow/.local/lib/python3.12/site-packages/airflow/example_dags/example_skip_dag.py took 0.045 seconds
[2024-06-29T12:23:07.936+0000] {processor.py:161} INFO - Started process (PID=15142) to work on /home/airflow/.local/lib/python3.12/site-packages/airflow/example_dags/example_skip_dag.py
[2024-06-29T12:23:07.937+0000] {processor.py:830} INFO - Processing file /home/airflow/.local/lib/python3.12/site-packages/airflow/example_dags/example_skip_dag.py for tasks to queue
[2024-06-29T12:23:07.938+0000] {logging_mixin.py:188} INFO - [2024-06-29T12:23:07.938+0000] {dagbag.py:545} INFO - Filling up the DagBag from /home/airflow/.local/lib/python3.12/site-packages/airflow/example_dags/example_skip_dag.py
[2024-06-29T12:23:07.941+0000] {processor.py:840} INFO - DAG(s) 'example_skip_dag' retrieved from /home/airflow/.local/lib/python3.12/site-packages/airflow/example_dags/example_skip_dag.py
[2024-06-29T12:23:07.956+0000] {logging_mixin.py:188} INFO - [2024-06-29T12:23:07.956+0000] {dag.py:3096} INFO - Sync 1 DAGs
[2024-06-29T12:23:07.966+0000] {logging_mixin.py:188} INFO - [2024-06-29T12:23:07.966+0000] {dag.py:3954} INFO - Setting next_dagrun for example_skip_dag to 2024-06-28 00:00:00+00:00, run_after=2024-06-29 00:00:00+00:00
[2024-06-29T12:23:07.975+0000] {processor.py:183} INFO - Processing /home/airflow/.local/lib/python3.12/site-packages/airflow/example_dags/example_skip_dag.py took 0.042 seconds
[2024-06-29T12:23:38.176+0000] {processor.py:161} INFO - Started process (PID=15406) to work on /home/airflow/.local/lib/python3.12/site-packages/airflow/example_dags/example_skip_dag.py
[2024-06-29T12:23:38.176+0000] {processor.py:830} INFO - Processing file /home/airflow/.local/lib/python3.12/site-packages/airflow/example_dags/example_skip_dag.py for tasks to queue
[2024-06-29T12:23:38.177+0000] {logging_mixin.py:188} INFO - [2024-06-29T12:23:38.177+0000] {dagbag.py:545} INFO - Filling up the DagBag from /home/airflow/.local/lib/python3.12/site-packages/airflow/example_dags/example_skip_dag.py
[2024-06-29T12:23:38.181+0000] {processor.py:840} INFO - DAG(s) 'example_skip_dag' retrieved from /home/airflow/.local/lib/python3.12/site-packages/airflow/example_dags/example_skip_dag.py
[2024-06-29T12:23:38.195+0000] {logging_mixin.py:188} INFO - [2024-06-29T12:23:38.194+0000] {dag.py:3096} INFO - Sync 1 DAGs
[2024-06-29T12:23:38.205+0000] {logging_mixin.py:188} INFO - [2024-06-29T12:23:38.205+0000] {dag.py:3954} INFO - Setting next_dagrun for example_skip_dag to 2024-06-28 00:00:00+00:00, run_after=2024-06-29 00:00:00+00:00
[2024-06-29T12:23:38.213+0000] {processor.py:183} INFO - Processing /home/airflow/.local/lib/python3.12/site-packages/airflow/example_dags/example_skip_dag.py took 0.041 seconds
[2024-06-29T12:24:08.313+0000] {processor.py:161} INFO - Started process (PID=15667) to work on /home/airflow/.local/lib/python3.12/site-packages/airflow/example_dags/example_skip_dag.py
[2024-06-29T12:24:08.314+0000] {processor.py:830} INFO - Processing file /home/airflow/.local/lib/python3.12/site-packages/airflow/example_dags/example_skip_dag.py for tasks to queue
[2024-06-29T12:24:08.315+0000] {logging_mixin.py:188} INFO - [2024-06-29T12:24:08.315+0000] {dagbag.py:545} INFO - Filling up the DagBag from /home/airflow/.local/lib/python3.12/site-packages/airflow/example_dags/example_skip_dag.py
[2024-06-29T12:24:08.319+0000] {processor.py:840} INFO - DAG(s) 'example_skip_dag' retrieved from /home/airflow/.local/lib/python3.12/site-packages/airflow/example_dags/example_skip_dag.py
[2024-06-29T12:24:08.333+0000] {logging_mixin.py:188} INFO - [2024-06-29T12:24:08.333+0000] {dag.py:3096} INFO - Sync 1 DAGs
[2024-06-29T12:24:08.344+0000] {logging_mixin.py:188} INFO - [2024-06-29T12:24:08.344+0000] {dag.py:3954} INFO - Setting next_dagrun for example_skip_dag to 2024-06-28 00:00:00+00:00, run_after=2024-06-29 00:00:00+00:00
[2024-06-29T12:24:08.353+0000] {processor.py:183} INFO - Processing /home/airflow/.local/lib/python3.12/site-packages/airflow/example_dags/example_skip_dag.py took 0.043 seconds
[2024-06-29T12:24:38.474+0000] {processor.py:161} INFO - Started process (PID=15930) to work on /home/airflow/.local/lib/python3.12/site-packages/airflow/example_dags/example_skip_dag.py
[2024-06-29T12:24:38.475+0000] {processor.py:830} INFO - Processing file /home/airflow/.local/lib/python3.12/site-packages/airflow/example_dags/example_skip_dag.py for tasks to queue
[2024-06-29T12:24:38.476+0000] {logging_mixin.py:188} INFO - [2024-06-29T12:24:38.476+0000] {dagbag.py:545} INFO - Filling up the DagBag from /home/airflow/.local/lib/python3.12/site-packages/airflow/example_dags/example_skip_dag.py
[2024-06-29T12:24:38.480+0000] {processor.py:840} INFO - DAG(s) 'example_skip_dag' retrieved from /home/airflow/.local/lib/python3.12/site-packages/airflow/example_dags/example_skip_dag.py
[2024-06-29T12:24:38.495+0000] {logging_mixin.py:188} INFO - [2024-06-29T12:24:38.494+0000] {dag.py:3096} INFO - Sync 1 DAGs
[2024-06-29T12:24:38.507+0000] {logging_mixin.py:188} INFO - [2024-06-29T12:24:38.507+0000] {dag.py:3954} INFO - Setting next_dagrun for example_skip_dag to 2024-06-28 00:00:00+00:00, run_after=2024-06-29 00:00:00+00:00
[2024-06-29T12:24:38.516+0000] {processor.py:183} INFO - Processing /home/airflow/.local/lib/python3.12/site-packages/airflow/example_dags/example_skip_dag.py took 0.045 seconds
[2024-06-29T12:25:08.732+0000] {processor.py:161} INFO - Started process (PID=16192) to work on /home/airflow/.local/lib/python3.12/site-packages/airflow/example_dags/example_skip_dag.py
[2024-06-29T12:25:08.732+0000] {processor.py:830} INFO - Processing file /home/airflow/.local/lib/python3.12/site-packages/airflow/example_dags/example_skip_dag.py for tasks to queue
[2024-06-29T12:25:08.734+0000] {logging_mixin.py:188} INFO - [2024-06-29T12:25:08.733+0000] {dagbag.py:545} INFO - Filling up the DagBag from /home/airflow/.local/lib/python3.12/site-packages/airflow/example_dags/example_skip_dag.py
[2024-06-29T12:25:08.737+0000] {processor.py:840} INFO - DAG(s) 'example_skip_dag' retrieved from /home/airflow/.local/lib/python3.12/site-packages/airflow/example_dags/example_skip_dag.py
[2024-06-29T12:25:08.751+0000] {logging_mixin.py:188} INFO - [2024-06-29T12:25:08.751+0000] {dag.py:3096} INFO - Sync 1 DAGs
[2024-06-29T12:25:08.762+0000] {logging_mixin.py:188} INFO - [2024-06-29T12:25:08.762+0000] {dag.py:3954} INFO - Setting next_dagrun for example_skip_dag to 2024-06-28 00:00:00+00:00, run_after=2024-06-29 00:00:00+00:00
[2024-06-29T12:25:08.771+0000] {processor.py:183} INFO - Processing /home/airflow/.local/lib/python3.12/site-packages/airflow/example_dags/example_skip_dag.py took 0.042 seconds
