[2024-06-29T11:54:20.389+0000] {processor.py:161} INFO - Started process (PID=240) to work on /home/airflow/.local/lib/python3.12/site-packages/airflow/example_dags/example_latest_only.py
[2024-06-29T11:54:20.390+0000] {processor.py:830} INFO - Processing file /home/airflow/.local/lib/python3.12/site-packages/airflow/example_dags/example_latest_only.py for tasks to queue
[2024-06-29T11:54:20.391+0000] {logging_mixin.py:188} INFO - [2024-06-29T11:54:20.391+0000] {dagbag.py:545} INFO - Filling up the DagBag from /home/airflow/.local/lib/python3.12/site-packages/airflow/example_dags/example_latest_only.py
[2024-06-29T11:54:20.395+0000] {processor.py:840} INFO - DAG(s) 'latest_only' retrieved from /home/airflow/.local/lib/python3.12/site-packages/airflow/example_dags/example_latest_only.py
[2024-06-29T11:54:20.405+0000] {logging_mixin.py:188} INFO - [2024-06-29T11:54:20.405+0000] {dag.py:3096} INFO - Sync 1 DAGs
[2024-06-29T11:54:20.419+0000] {logging_mixin.py:188} INFO - [2024-06-29T11:54:20.418+0000] {dag.py:3954} INFO - Setting next_dagrun for latest_only to 2024-06-29 04:00:00+00:00, run_after=2024-06-29 08:00:00+00:00
[2024-06-29T11:54:20.429+0000] {processor.py:183} INFO - Processing /home/airflow/.local/lib/python3.12/site-packages/airflow/example_dags/example_latest_only.py took 0.043 seconds
[2024-06-29T11:54:51.743+0000] {processor.py:161} INFO - Started process (PID=501) to work on /home/airflow/.local/lib/python3.12/site-packages/airflow/example_dags/example_latest_only.py
[2024-06-29T11:54:51.743+0000] {processor.py:830} INFO - Processing file /home/airflow/.local/lib/python3.12/site-packages/airflow/example_dags/example_latest_only.py for tasks to queue
[2024-06-29T11:54:51.744+0000] {logging_mixin.py:188} INFO - [2024-06-29T11:54:51.744+0000] {dagbag.py:545} INFO - Filling up the DagBag from /home/airflow/.local/lib/python3.12/site-packages/airflow/example_dags/example_latest_only.py
[2024-06-29T11:54:51.747+0000] {processor.py:840} INFO - DAG(s) 'latest_only' retrieved from /home/airflow/.local/lib/python3.12/site-packages/airflow/example_dags/example_latest_only.py
[2024-06-29T11:54:51.799+0000] {logging_mixin.py:188} INFO - [2024-06-29T11:54:51.798+0000] {dag.py:3096} INFO - Sync 1 DAGs
[2024-06-29T11:54:51.808+0000] {logging_mixin.py:188} INFO - [2024-06-29T11:54:51.808+0000] {dag.py:3954} INFO - Setting next_dagrun for latest_only to 2024-06-29 04:00:00+00:00, run_after=2024-06-29 08:00:00+00:00
[2024-06-29T11:54:51.817+0000] {processor.py:183} INFO - Processing /home/airflow/.local/lib/python3.12/site-packages/airflow/example_dags/example_latest_only.py took 0.078 seconds
[2024-06-29T11:55:22.331+0000] {processor.py:161} INFO - Started process (PID=764) to work on /home/airflow/.local/lib/python3.12/site-packages/airflow/example_dags/example_latest_only.py
[2024-06-29T11:55:22.332+0000] {processor.py:830} INFO - Processing file /home/airflow/.local/lib/python3.12/site-packages/airflow/example_dags/example_latest_only.py for tasks to queue
[2024-06-29T11:55:22.333+0000] {logging_mixin.py:188} INFO - [2024-06-29T11:55:22.333+0000] {dagbag.py:545} INFO - Filling up the DagBag from /home/airflow/.local/lib/python3.12/site-packages/airflow/example_dags/example_latest_only.py
[2024-06-29T11:55:22.336+0000] {processor.py:840} INFO - DAG(s) 'latest_only' retrieved from /home/airflow/.local/lib/python3.12/site-packages/airflow/example_dags/example_latest_only.py
[2024-06-29T11:55:22.351+0000] {logging_mixin.py:188} INFO - [2024-06-29T11:55:22.351+0000] {dag.py:3096} INFO - Sync 1 DAGs
[2024-06-29T11:55:22.363+0000] {logging_mixin.py:188} INFO - [2024-06-29T11:55:22.363+0000] {dag.py:3954} INFO - Setting next_dagrun for latest_only to 2024-06-29 04:00:00+00:00, run_after=2024-06-29 08:00:00+00:00
[2024-06-29T11:55:22.373+0000] {processor.py:183} INFO - Processing /home/airflow/.local/lib/python3.12/site-packages/airflow/example_dags/example_latest_only.py took 0.045 seconds
[2024-06-29T11:55:52.711+0000] {processor.py:161} INFO - Started process (PID=1026) to work on /home/airflow/.local/lib/python3.12/site-packages/airflow/example_dags/example_latest_only.py
[2024-06-29T11:55:52.711+0000] {processor.py:830} INFO - Processing file /home/airflow/.local/lib/python3.12/site-packages/airflow/example_dags/example_latest_only.py for tasks to queue
[2024-06-29T11:55:52.712+0000] {logging_mixin.py:188} INFO - [2024-06-29T11:55:52.712+0000] {dagbag.py:545} INFO - Filling up the DagBag from /home/airflow/.local/lib/python3.12/site-packages/airflow/example_dags/example_latest_only.py
[2024-06-29T11:55:52.715+0000] {processor.py:840} INFO - DAG(s) 'latest_only' retrieved from /home/airflow/.local/lib/python3.12/site-packages/airflow/example_dags/example_latest_only.py
[2024-06-29T11:55:52.729+0000] {logging_mixin.py:188} INFO - [2024-06-29T11:55:52.729+0000] {dag.py:3096} INFO - Sync 1 DAGs
[2024-06-29T11:55:52.741+0000] {logging_mixin.py:188} INFO - [2024-06-29T11:55:52.741+0000] {dag.py:3954} INFO - Setting next_dagrun for latest_only to 2024-06-29 04:00:00+00:00, run_after=2024-06-29 08:00:00+00:00
[2024-06-29T11:55:52.751+0000] {processor.py:183} INFO - Processing /home/airflow/.local/lib/python3.12/site-packages/airflow/example_dags/example_latest_only.py took 0.043 seconds
[2024-06-29T11:56:22.996+0000] {processor.py:161} INFO - Started process (PID=1289) to work on /home/airflow/.local/lib/python3.12/site-packages/airflow/example_dags/example_latest_only.py
[2024-06-29T11:56:22.997+0000] {processor.py:830} INFO - Processing file /home/airflow/.local/lib/python3.12/site-packages/airflow/example_dags/example_latest_only.py for tasks to queue
[2024-06-29T11:56:22.998+0000] {logging_mixin.py:188} INFO - [2024-06-29T11:56:22.998+0000] {dagbag.py:545} INFO - Filling up the DagBag from /home/airflow/.local/lib/python3.12/site-packages/airflow/example_dags/example_latest_only.py
[2024-06-29T11:56:23.001+0000] {processor.py:840} INFO - DAG(s) 'latest_only' retrieved from /home/airflow/.local/lib/python3.12/site-packages/airflow/example_dags/example_latest_only.py
[2024-06-29T11:56:23.015+0000] {logging_mixin.py:188} INFO - [2024-06-29T11:56:23.015+0000] {dag.py:3096} INFO - Sync 1 DAGs
[2024-06-29T11:56:23.027+0000] {logging_mixin.py:188} INFO - [2024-06-29T11:56:23.027+0000] {dag.py:3954} INFO - Setting next_dagrun for latest_only to 2024-06-29 04:00:00+00:00, run_after=2024-06-29 08:00:00+00:00
[2024-06-29T11:56:23.036+0000] {processor.py:183} INFO - Processing /home/airflow/.local/lib/python3.12/site-packages/airflow/example_dags/example_latest_only.py took 0.043 seconds
[2024-06-29T11:56:53.164+0000] {processor.py:161} INFO - Started process (PID=1551) to work on /home/airflow/.local/lib/python3.12/site-packages/airflow/example_dags/example_latest_only.py
[2024-06-29T11:56:53.165+0000] {processor.py:830} INFO - Processing file /home/airflow/.local/lib/python3.12/site-packages/airflow/example_dags/example_latest_only.py for tasks to queue
[2024-06-29T11:56:53.166+0000] {logging_mixin.py:188} INFO - [2024-06-29T11:56:53.166+0000] {dagbag.py:545} INFO - Filling up the DagBag from /home/airflow/.local/lib/python3.12/site-packages/airflow/example_dags/example_latest_only.py
[2024-06-29T11:56:53.169+0000] {processor.py:840} INFO - DAG(s) 'latest_only' retrieved from /home/airflow/.local/lib/python3.12/site-packages/airflow/example_dags/example_latest_only.py
[2024-06-29T11:56:53.183+0000] {logging_mixin.py:188} INFO - [2024-06-29T11:56:53.183+0000] {dag.py:3096} INFO - Sync 1 DAGs
[2024-06-29T11:56:53.195+0000] {logging_mixin.py:188} INFO - [2024-06-29T11:56:53.195+0000] {dag.py:3954} INFO - Setting next_dagrun for latest_only to 2024-06-29 04:00:00+00:00, run_after=2024-06-29 08:00:00+00:00
[2024-06-29T11:56:53.205+0000] {processor.py:183} INFO - Processing /home/airflow/.local/lib/python3.12/site-packages/airflow/example_dags/example_latest_only.py took 0.044 seconds
[2024-06-29T11:57:23.414+0000] {processor.py:161} INFO - Started process (PID=1813) to work on /home/airflow/.local/lib/python3.12/site-packages/airflow/example_dags/example_latest_only.py
[2024-06-29T11:57:23.414+0000] {processor.py:830} INFO - Processing file /home/airflow/.local/lib/python3.12/site-packages/airflow/example_dags/example_latest_only.py for tasks to queue
[2024-06-29T11:57:23.415+0000] {logging_mixin.py:188} INFO - [2024-06-29T11:57:23.415+0000] {dagbag.py:545} INFO - Filling up the DagBag from /home/airflow/.local/lib/python3.12/site-packages/airflow/example_dags/example_latest_only.py
[2024-06-29T11:57:23.418+0000] {processor.py:840} INFO - DAG(s) 'latest_only' retrieved from /home/airflow/.local/lib/python3.12/site-packages/airflow/example_dags/example_latest_only.py
[2024-06-29T11:57:23.432+0000] {logging_mixin.py:188} INFO - [2024-06-29T11:57:23.432+0000] {dag.py:3096} INFO - Sync 1 DAGs
[2024-06-29T11:57:23.444+0000] {logging_mixin.py:188} INFO - [2024-06-29T11:57:23.444+0000] {dag.py:3954} INFO - Setting next_dagrun for latest_only to 2024-06-29 04:00:00+00:00, run_after=2024-06-29 08:00:00+00:00
[2024-06-29T11:57:23.453+0000] {processor.py:183} INFO - Processing /home/airflow/.local/lib/python3.12/site-packages/airflow/example_dags/example_latest_only.py took 0.044 seconds
[2024-06-29T11:57:53.769+0000] {processor.py:161} INFO - Started process (PID=2075) to work on /home/airflow/.local/lib/python3.12/site-packages/airflow/example_dags/example_latest_only.py
[2024-06-29T11:57:53.770+0000] {processor.py:830} INFO - Processing file /home/airflow/.local/lib/python3.12/site-packages/airflow/example_dags/example_latest_only.py for tasks to queue
[2024-06-29T11:57:53.771+0000] {logging_mixin.py:188} INFO - [2024-06-29T11:57:53.771+0000] {dagbag.py:545} INFO - Filling up the DagBag from /home/airflow/.local/lib/python3.12/site-packages/airflow/example_dags/example_latest_only.py
[2024-06-29T11:57:53.774+0000] {processor.py:840} INFO - DAG(s) 'latest_only' retrieved from /home/airflow/.local/lib/python3.12/site-packages/airflow/example_dags/example_latest_only.py
[2024-06-29T11:57:53.788+0000] {logging_mixin.py:188} INFO - [2024-06-29T11:57:53.788+0000] {dag.py:3096} INFO - Sync 1 DAGs
[2024-06-29T11:57:53.799+0000] {logging_mixin.py:188} INFO - [2024-06-29T11:57:53.799+0000] {dag.py:3954} INFO - Setting next_dagrun for latest_only to 2024-06-29 04:00:00+00:00, run_after=2024-06-29 08:00:00+00:00
[2024-06-29T11:57:53.808+0000] {processor.py:183} INFO - Processing /home/airflow/.local/lib/python3.12/site-packages/airflow/example_dags/example_latest_only.py took 0.042 seconds
[2024-06-29T11:58:23.973+0000] {processor.py:161} INFO - Started process (PID=2337) to work on /home/airflow/.local/lib/python3.12/site-packages/airflow/example_dags/example_latest_only.py
[2024-06-29T11:58:23.974+0000] {processor.py:830} INFO - Processing file /home/airflow/.local/lib/python3.12/site-packages/airflow/example_dags/example_latest_only.py for tasks to queue
[2024-06-29T11:58:23.975+0000] {logging_mixin.py:188} INFO - [2024-06-29T11:58:23.974+0000] {dagbag.py:545} INFO - Filling up the DagBag from /home/airflow/.local/lib/python3.12/site-packages/airflow/example_dags/example_latest_only.py
[2024-06-29T11:58:23.977+0000] {processor.py:840} INFO - DAG(s) 'latest_only' retrieved from /home/airflow/.local/lib/python3.12/site-packages/airflow/example_dags/example_latest_only.py
[2024-06-29T11:58:23.991+0000] {logging_mixin.py:188} INFO - [2024-06-29T11:58:23.991+0000] {dag.py:3096} INFO - Sync 1 DAGs
[2024-06-29T11:58:24.002+0000] {logging_mixin.py:188} INFO - [2024-06-29T11:58:24.002+0000] {dag.py:3954} INFO - Setting next_dagrun for latest_only to 2024-06-29 04:00:00+00:00, run_after=2024-06-29 08:00:00+00:00
[2024-06-29T11:58:24.011+0000] {processor.py:183} INFO - Processing /home/airflow/.local/lib/python3.12/site-packages/airflow/example_dags/example_latest_only.py took 0.041 seconds
[2024-06-29T11:58:54.154+0000] {processor.py:161} INFO - Started process (PID=2599) to work on /home/airflow/.local/lib/python3.12/site-packages/airflow/example_dags/example_latest_only.py
[2024-06-29T11:58:54.154+0000] {processor.py:830} INFO - Processing file /home/airflow/.local/lib/python3.12/site-packages/airflow/example_dags/example_latest_only.py for tasks to queue
[2024-06-29T11:58:54.155+0000] {logging_mixin.py:188} INFO - [2024-06-29T11:58:54.155+0000] {dagbag.py:545} INFO - Filling up the DagBag from /home/airflow/.local/lib/python3.12/site-packages/airflow/example_dags/example_latest_only.py
[2024-06-29T11:58:54.158+0000] {processor.py:840} INFO - DAG(s) 'latest_only' retrieved from /home/airflow/.local/lib/python3.12/site-packages/airflow/example_dags/example_latest_only.py
[2024-06-29T11:58:54.172+0000] {logging_mixin.py:188} INFO - [2024-06-29T11:58:54.172+0000] {dag.py:3096} INFO - Sync 1 DAGs
[2024-06-29T11:58:54.183+0000] {logging_mixin.py:188} INFO - [2024-06-29T11:58:54.183+0000] {dag.py:3954} INFO - Setting next_dagrun for latest_only to 2024-06-29 04:00:00+00:00, run_after=2024-06-29 08:00:00+00:00
[2024-06-29T11:58:54.193+0000] {processor.py:183} INFO - Processing /home/airflow/.local/lib/python3.12/site-packages/airflow/example_dags/example_latest_only.py took 0.043 seconds
[2024-06-29T11:59:24.565+0000] {processor.py:161} INFO - Started process (PID=2861) to work on /home/airflow/.local/lib/python3.12/site-packages/airflow/example_dags/example_latest_only.py
[2024-06-29T11:59:24.566+0000] {processor.py:830} INFO - Processing file /home/airflow/.local/lib/python3.12/site-packages/airflow/example_dags/example_latest_only.py for tasks to queue
[2024-06-29T11:59:24.567+0000] {logging_mixin.py:188} INFO - [2024-06-29T11:59:24.567+0000] {dagbag.py:545} INFO - Filling up the DagBag from /home/airflow/.local/lib/python3.12/site-packages/airflow/example_dags/example_latest_only.py
[2024-06-29T11:59:24.570+0000] {processor.py:840} INFO - DAG(s) 'latest_only' retrieved from /home/airflow/.local/lib/python3.12/site-packages/airflow/example_dags/example_latest_only.py
[2024-06-29T11:59:24.584+0000] {logging_mixin.py:188} INFO - [2024-06-29T11:59:24.584+0000] {dag.py:3096} INFO - Sync 1 DAGs
[2024-06-29T11:59:24.595+0000] {logging_mixin.py:188} INFO - [2024-06-29T11:59:24.595+0000] {dag.py:3954} INFO - Setting next_dagrun for latest_only to 2024-06-29 04:00:00+00:00, run_after=2024-06-29 08:00:00+00:00
[2024-06-29T11:59:24.604+0000] {processor.py:183} INFO - Processing /home/airflow/.local/lib/python3.12/site-packages/airflow/example_dags/example_latest_only.py took 0.043 seconds
[2024-06-29T11:59:54.772+0000] {processor.py:161} INFO - Started process (PID=3123) to work on /home/airflow/.local/lib/python3.12/site-packages/airflow/example_dags/example_latest_only.py
[2024-06-29T11:59:54.772+0000] {processor.py:830} INFO - Processing file /home/airflow/.local/lib/python3.12/site-packages/airflow/example_dags/example_latest_only.py for tasks to queue
[2024-06-29T11:59:54.773+0000] {logging_mixin.py:188} INFO - [2024-06-29T11:59:54.773+0000] {dagbag.py:545} INFO - Filling up the DagBag from /home/airflow/.local/lib/python3.12/site-packages/airflow/example_dags/example_latest_only.py
[2024-06-29T11:59:54.776+0000] {processor.py:840} INFO - DAG(s) 'latest_only' retrieved from /home/airflow/.local/lib/python3.12/site-packages/airflow/example_dags/example_latest_only.py
[2024-06-29T11:59:54.790+0000] {logging_mixin.py:188} INFO - [2024-06-29T11:59:54.790+0000] {dag.py:3096} INFO - Sync 1 DAGs
[2024-06-29T11:59:54.800+0000] {logging_mixin.py:188} INFO - [2024-06-29T11:59:54.800+0000] {dag.py:3954} INFO - Setting next_dagrun for latest_only to 2024-06-29 04:00:00+00:00, run_after=2024-06-29 08:00:00+00:00
[2024-06-29T11:59:54.810+0000] {processor.py:183} INFO - Processing /home/airflow/.local/lib/python3.12/site-packages/airflow/example_dags/example_latest_only.py took 0.041 seconds
[2024-06-29T12:00:24.932+0000] {processor.py:161} INFO - Started process (PID=3385) to work on /home/airflow/.local/lib/python3.12/site-packages/airflow/example_dags/example_latest_only.py
[2024-06-29T12:00:24.933+0000] {processor.py:830} INFO - Processing file /home/airflow/.local/lib/python3.12/site-packages/airflow/example_dags/example_latest_only.py for tasks to queue
[2024-06-29T12:00:24.934+0000] {logging_mixin.py:188} INFO - [2024-06-29T12:00:24.933+0000] {dagbag.py:545} INFO - Filling up the DagBag from /home/airflow/.local/lib/python3.12/site-packages/airflow/example_dags/example_latest_only.py
[2024-06-29T12:00:24.937+0000] {processor.py:840} INFO - DAG(s) 'latest_only' retrieved from /home/airflow/.local/lib/python3.12/site-packages/airflow/example_dags/example_latest_only.py
[2024-06-29T12:00:24.950+0000] {logging_mixin.py:188} INFO - [2024-06-29T12:00:24.950+0000] {dag.py:3096} INFO - Sync 1 DAGs
[2024-06-29T12:00:24.961+0000] {logging_mixin.py:188} INFO - [2024-06-29T12:00:24.961+0000] {dag.py:3954} INFO - Setting next_dagrun for latest_only to 2024-06-29 08:00:00+00:00, run_after=2024-06-29 12:00:00+00:00
[2024-06-29T12:00:24.970+0000] {processor.py:183} INFO - Processing /home/airflow/.local/lib/python3.12/site-packages/airflow/example_dags/example_latest_only.py took 0.042 seconds
[2024-06-29T12:00:55.173+0000] {processor.py:161} INFO - Started process (PID=3649) to work on /home/airflow/.local/lib/python3.12/site-packages/airflow/example_dags/example_latest_only.py
[2024-06-29T12:00:55.174+0000] {processor.py:830} INFO - Processing file /home/airflow/.local/lib/python3.12/site-packages/airflow/example_dags/example_latest_only.py for tasks to queue
[2024-06-29T12:00:55.175+0000] {logging_mixin.py:188} INFO - [2024-06-29T12:00:55.175+0000] {dagbag.py:545} INFO - Filling up the DagBag from /home/airflow/.local/lib/python3.12/site-packages/airflow/example_dags/example_latest_only.py
[2024-06-29T12:00:55.178+0000] {processor.py:840} INFO - DAG(s) 'latest_only' retrieved from /home/airflow/.local/lib/python3.12/site-packages/airflow/example_dags/example_latest_only.py
[2024-06-29T12:00:55.191+0000] {logging_mixin.py:188} INFO - [2024-06-29T12:00:55.191+0000] {dag.py:3096} INFO - Sync 1 DAGs
[2024-06-29T12:00:55.201+0000] {logging_mixin.py:188} INFO - [2024-06-29T12:00:55.201+0000] {dag.py:3954} INFO - Setting next_dagrun for latest_only to 2024-06-29 08:00:00+00:00, run_after=2024-06-29 12:00:00+00:00
[2024-06-29T12:00:55.209+0000] {processor.py:183} INFO - Processing /home/airflow/.local/lib/python3.12/site-packages/airflow/example_dags/example_latest_only.py took 0.039 seconds
[2024-06-29T12:01:25.360+0000] {processor.py:161} INFO - Started process (PID=3909) to work on /home/airflow/.local/lib/python3.12/site-packages/airflow/example_dags/example_latest_only.py
[2024-06-29T12:01:25.361+0000] {processor.py:830} INFO - Processing file /home/airflow/.local/lib/python3.12/site-packages/airflow/example_dags/example_latest_only.py for tasks to queue
[2024-06-29T12:01:25.362+0000] {logging_mixin.py:188} INFO - [2024-06-29T12:01:25.362+0000] {dagbag.py:545} INFO - Filling up the DagBag from /home/airflow/.local/lib/python3.12/site-packages/airflow/example_dags/example_latest_only.py
[2024-06-29T12:01:25.365+0000] {processor.py:840} INFO - DAG(s) 'latest_only' retrieved from /home/airflow/.local/lib/python3.12/site-packages/airflow/example_dags/example_latest_only.py
[2024-06-29T12:01:25.379+0000] {logging_mixin.py:188} INFO - [2024-06-29T12:01:25.379+0000] {dag.py:3096} INFO - Sync 1 DAGs
[2024-06-29T12:01:25.391+0000] {logging_mixin.py:188} INFO - [2024-06-29T12:01:25.391+0000] {dag.py:3954} INFO - Setting next_dagrun for latest_only to 2024-06-29 08:00:00+00:00, run_after=2024-06-29 12:00:00+00:00
[2024-06-29T12:01:25.400+0000] {processor.py:183} INFO - Processing /home/airflow/.local/lib/python3.12/site-packages/airflow/example_dags/example_latest_only.py took 0.043 seconds
[2024-06-29T12:01:55.568+0000] {processor.py:161} INFO - Started process (PID=4171) to work on /home/airflow/.local/lib/python3.12/site-packages/airflow/example_dags/example_latest_only.py
[2024-06-29T12:01:55.569+0000] {processor.py:830} INFO - Processing file /home/airflow/.local/lib/python3.12/site-packages/airflow/example_dags/example_latest_only.py for tasks to queue
[2024-06-29T12:01:55.570+0000] {logging_mixin.py:188} INFO - [2024-06-29T12:01:55.570+0000] {dagbag.py:545} INFO - Filling up the DagBag from /home/airflow/.local/lib/python3.12/site-packages/airflow/example_dags/example_latest_only.py
[2024-06-29T12:01:55.574+0000] {processor.py:840} INFO - DAG(s) 'latest_only' retrieved from /home/airflow/.local/lib/python3.12/site-packages/airflow/example_dags/example_latest_only.py
[2024-06-29T12:01:55.589+0000] {logging_mixin.py:188} INFO - [2024-06-29T12:01:55.589+0000] {dag.py:3096} INFO - Sync 1 DAGs
[2024-06-29T12:01:55.602+0000] {logging_mixin.py:188} INFO - [2024-06-29T12:01:55.601+0000] {dag.py:3954} INFO - Setting next_dagrun for latest_only to 2024-06-29 08:00:00+00:00, run_after=2024-06-29 12:00:00+00:00
[2024-06-29T12:01:55.611+0000] {processor.py:183} INFO - Processing /home/airflow/.local/lib/python3.12/site-packages/airflow/example_dags/example_latest_only.py took 0.048 seconds
[2024-06-29T12:02:25.888+0000] {processor.py:161} INFO - Started process (PID=4434) to work on /home/airflow/.local/lib/python3.12/site-packages/airflow/example_dags/example_latest_only.py
[2024-06-29T12:02:25.889+0000] {processor.py:830} INFO - Processing file /home/airflow/.local/lib/python3.12/site-packages/airflow/example_dags/example_latest_only.py for tasks to queue
[2024-06-29T12:02:25.890+0000] {logging_mixin.py:188} INFO - [2024-06-29T12:02:25.890+0000] {dagbag.py:545} INFO - Filling up the DagBag from /home/airflow/.local/lib/python3.12/site-packages/airflow/example_dags/example_latest_only.py
[2024-06-29T12:02:25.893+0000] {processor.py:840} INFO - DAG(s) 'latest_only' retrieved from /home/airflow/.local/lib/python3.12/site-packages/airflow/example_dags/example_latest_only.py
[2024-06-29T12:02:25.906+0000] {logging_mixin.py:188} INFO - [2024-06-29T12:02:25.906+0000] {dag.py:3096} INFO - Sync 1 DAGs
[2024-06-29T12:02:25.917+0000] {logging_mixin.py:188} INFO - [2024-06-29T12:02:25.917+0000] {dag.py:3954} INFO - Setting next_dagrun for latest_only to 2024-06-29 08:00:00+00:00, run_after=2024-06-29 12:00:00+00:00
[2024-06-29T12:02:25.926+0000] {processor.py:183} INFO - Processing /home/airflow/.local/lib/python3.12/site-packages/airflow/example_dags/example_latest_only.py took 0.041 seconds
[2024-06-29T12:02:56.247+0000] {processor.py:161} INFO - Started process (PID=4696) to work on /home/airflow/.local/lib/python3.12/site-packages/airflow/example_dags/example_latest_only.py
[2024-06-29T12:02:56.248+0000] {processor.py:830} INFO - Processing file /home/airflow/.local/lib/python3.12/site-packages/airflow/example_dags/example_latest_only.py for tasks to queue
[2024-06-29T12:02:56.249+0000] {logging_mixin.py:188} INFO - [2024-06-29T12:02:56.249+0000] {dagbag.py:545} INFO - Filling up the DagBag from /home/airflow/.local/lib/python3.12/site-packages/airflow/example_dags/example_latest_only.py
[2024-06-29T12:02:56.252+0000] {processor.py:840} INFO - DAG(s) 'latest_only' retrieved from /home/airflow/.local/lib/python3.12/site-packages/airflow/example_dags/example_latest_only.py
[2024-06-29T12:02:56.266+0000] {logging_mixin.py:188} INFO - [2024-06-29T12:02:56.266+0000] {dag.py:3096} INFO - Sync 1 DAGs
[2024-06-29T12:02:56.277+0000] {logging_mixin.py:188} INFO - [2024-06-29T12:02:56.277+0000] {dag.py:3954} INFO - Setting next_dagrun for latest_only to 2024-06-29 08:00:00+00:00, run_after=2024-06-29 12:00:00+00:00
[2024-06-29T12:02:56.286+0000] {processor.py:183} INFO - Processing /home/airflow/.local/lib/python3.12/site-packages/airflow/example_dags/example_latest_only.py took 0.042 seconds
[2024-06-29T12:03:26.445+0000] {processor.py:161} INFO - Started process (PID=4965) to work on /home/airflow/.local/lib/python3.12/site-packages/airflow/example_dags/example_latest_only.py
[2024-06-29T12:03:26.446+0000] {processor.py:830} INFO - Processing file /home/airflow/.local/lib/python3.12/site-packages/airflow/example_dags/example_latest_only.py for tasks to queue
[2024-06-29T12:03:26.447+0000] {logging_mixin.py:188} INFO - [2024-06-29T12:03:26.447+0000] {dagbag.py:545} INFO - Filling up the DagBag from /home/airflow/.local/lib/python3.12/site-packages/airflow/example_dags/example_latest_only.py
[2024-06-29T12:03:26.450+0000] {processor.py:840} INFO - DAG(s) 'latest_only' retrieved from /home/airflow/.local/lib/python3.12/site-packages/airflow/example_dags/example_latest_only.py
[2024-06-29T12:03:26.463+0000] {logging_mixin.py:188} INFO - [2024-06-29T12:03:26.463+0000] {dag.py:3096} INFO - Sync 1 DAGs
[2024-06-29T12:03:26.475+0000] {logging_mixin.py:188} INFO - [2024-06-29T12:03:26.475+0000] {dag.py:3954} INFO - Setting next_dagrun for latest_only to 2024-06-29 08:00:00+00:00, run_after=2024-06-29 12:00:00+00:00
[2024-06-29T12:03:26.484+0000] {processor.py:183} INFO - Processing /home/airflow/.local/lib/python3.12/site-packages/airflow/example_dags/example_latest_only.py took 0.043 seconds
[2024-06-29T12:03:56.702+0000] {processor.py:161} INFO - Started process (PID=5227) to work on /home/airflow/.local/lib/python3.12/site-packages/airflow/example_dags/example_latest_only.py
[2024-06-29T12:03:56.703+0000] {processor.py:830} INFO - Processing file /home/airflow/.local/lib/python3.12/site-packages/airflow/example_dags/example_latest_only.py for tasks to queue
[2024-06-29T12:03:56.704+0000] {logging_mixin.py:188} INFO - [2024-06-29T12:03:56.704+0000] {dagbag.py:545} INFO - Filling up the DagBag from /home/airflow/.local/lib/python3.12/site-packages/airflow/example_dags/example_latest_only.py
[2024-06-29T12:03:56.707+0000] {processor.py:840} INFO - DAG(s) 'latest_only' retrieved from /home/airflow/.local/lib/python3.12/site-packages/airflow/example_dags/example_latest_only.py
[2024-06-29T12:03:56.721+0000] {logging_mixin.py:188} INFO - [2024-06-29T12:03:56.721+0000] {dag.py:3096} INFO - Sync 1 DAGs
[2024-06-29T12:03:56.733+0000] {logging_mixin.py:188} INFO - [2024-06-29T12:03:56.733+0000] {dag.py:3954} INFO - Setting next_dagrun for latest_only to 2024-06-29 08:00:00+00:00, run_after=2024-06-29 12:00:00+00:00
[2024-06-29T12:03:56.741+0000] {processor.py:183} INFO - Processing /home/airflow/.local/lib/python3.12/site-packages/airflow/example_dags/example_latest_only.py took 0.043 seconds
[2024-06-29T12:04:26.990+0000] {processor.py:161} INFO - Started process (PID=5488) to work on /home/airflow/.local/lib/python3.12/site-packages/airflow/example_dags/example_latest_only.py
[2024-06-29T12:04:26.991+0000] {processor.py:830} INFO - Processing file /home/airflow/.local/lib/python3.12/site-packages/airflow/example_dags/example_latest_only.py for tasks to queue
[2024-06-29T12:04:26.992+0000] {logging_mixin.py:188} INFO - [2024-06-29T12:04:26.992+0000] {dagbag.py:545} INFO - Filling up the DagBag from /home/airflow/.local/lib/python3.12/site-packages/airflow/example_dags/example_latest_only.py
[2024-06-29T12:04:26.994+0000] {processor.py:840} INFO - DAG(s) 'latest_only' retrieved from /home/airflow/.local/lib/python3.12/site-packages/airflow/example_dags/example_latest_only.py
[2024-06-29T12:04:27.008+0000] {logging_mixin.py:188} INFO - [2024-06-29T12:04:27.008+0000] {dag.py:3096} INFO - Sync 1 DAGs
[2024-06-29T12:04:27.019+0000] {logging_mixin.py:188} INFO - [2024-06-29T12:04:27.019+0000] {dag.py:3954} INFO - Setting next_dagrun for latest_only to 2024-06-29 08:00:00+00:00, run_after=2024-06-29 12:00:00+00:00
[2024-06-29T12:04:27.027+0000] {processor.py:183} INFO - Processing /home/airflow/.local/lib/python3.12/site-packages/airflow/example_dags/example_latest_only.py took 0.040 seconds
[2024-06-29T12:04:57.303+0000] {processor.py:161} INFO - Started process (PID=5753) to work on /home/airflow/.local/lib/python3.12/site-packages/airflow/example_dags/example_latest_only.py
[2024-06-29T12:04:57.304+0000] {processor.py:830} INFO - Processing file /home/airflow/.local/lib/python3.12/site-packages/airflow/example_dags/example_latest_only.py for tasks to queue
[2024-06-29T12:04:57.305+0000] {logging_mixin.py:188} INFO - [2024-06-29T12:04:57.305+0000] {dagbag.py:545} INFO - Filling up the DagBag from /home/airflow/.local/lib/python3.12/site-packages/airflow/example_dags/example_latest_only.py
[2024-06-29T12:04:57.308+0000] {processor.py:840} INFO - DAG(s) 'latest_only' retrieved from /home/airflow/.local/lib/python3.12/site-packages/airflow/example_dags/example_latest_only.py
[2024-06-29T12:04:57.322+0000] {logging_mixin.py:188} INFO - [2024-06-29T12:04:57.322+0000] {dag.py:3096} INFO - Sync 1 DAGs
[2024-06-29T12:04:57.333+0000] {logging_mixin.py:188} INFO - [2024-06-29T12:04:57.333+0000] {dag.py:3954} INFO - Setting next_dagrun for latest_only to 2024-06-29 08:00:00+00:00, run_after=2024-06-29 12:00:00+00:00
[2024-06-29T12:04:57.342+0000] {processor.py:183} INFO - Processing /home/airflow/.local/lib/python3.12/site-packages/airflow/example_dags/example_latest_only.py took 0.042 seconds
[2024-06-29T12:05:27.439+0000] {processor.py:161} INFO - Started process (PID=6013) to work on /home/airflow/.local/lib/python3.12/site-packages/airflow/example_dags/example_latest_only.py
[2024-06-29T12:05:27.440+0000] {processor.py:830} INFO - Processing file /home/airflow/.local/lib/python3.12/site-packages/airflow/example_dags/example_latest_only.py for tasks to queue
[2024-06-29T12:05:27.441+0000] {logging_mixin.py:188} INFO - [2024-06-29T12:05:27.441+0000] {dagbag.py:545} INFO - Filling up the DagBag from /home/airflow/.local/lib/python3.12/site-packages/airflow/example_dags/example_latest_only.py
[2024-06-29T12:05:27.444+0000] {processor.py:840} INFO - DAG(s) 'latest_only' retrieved from /home/airflow/.local/lib/python3.12/site-packages/airflow/example_dags/example_latest_only.py
[2024-06-29T12:05:27.458+0000] {logging_mixin.py:188} INFO - [2024-06-29T12:05:27.458+0000] {dag.py:3096} INFO - Sync 1 DAGs
[2024-06-29T12:05:27.469+0000] {logging_mixin.py:188} INFO - [2024-06-29T12:05:27.469+0000] {dag.py:3954} INFO - Setting next_dagrun for latest_only to 2024-06-29 08:00:00+00:00, run_after=2024-06-29 12:00:00+00:00
[2024-06-29T12:05:27.482+0000] {processor.py:183} INFO - Processing /home/airflow/.local/lib/python3.12/site-packages/airflow/example_dags/example_latest_only.py took 0.046 seconds
[2024-06-29T12:05:57.811+0000] {processor.py:161} INFO - Started process (PID=6275) to work on /home/airflow/.local/lib/python3.12/site-packages/airflow/example_dags/example_latest_only.py
[2024-06-29T12:05:57.811+0000] {processor.py:830} INFO - Processing file /home/airflow/.local/lib/python3.12/site-packages/airflow/example_dags/example_latest_only.py for tasks to queue
[2024-06-29T12:05:57.812+0000] {logging_mixin.py:188} INFO - [2024-06-29T12:05:57.812+0000] {dagbag.py:545} INFO - Filling up the DagBag from /home/airflow/.local/lib/python3.12/site-packages/airflow/example_dags/example_latest_only.py
[2024-06-29T12:05:57.815+0000] {processor.py:840} INFO - DAG(s) 'latest_only' retrieved from /home/airflow/.local/lib/python3.12/site-packages/airflow/example_dags/example_latest_only.py
[2024-06-29T12:05:57.828+0000] {logging_mixin.py:188} INFO - [2024-06-29T12:05:57.828+0000] {dag.py:3096} INFO - Sync 1 DAGs
[2024-06-29T12:05:57.839+0000] {logging_mixin.py:188} INFO - [2024-06-29T12:05:57.839+0000] {dag.py:3954} INFO - Setting next_dagrun for latest_only to 2024-06-29 08:00:00+00:00, run_after=2024-06-29 12:00:00+00:00
[2024-06-29T12:05:57.847+0000] {processor.py:183} INFO - Processing /home/airflow/.local/lib/python3.12/site-packages/airflow/example_dags/example_latest_only.py took 0.040 seconds
[2024-06-29T12:06:28.063+0000] {processor.py:161} INFO - Started process (PID=6539) to work on /home/airflow/.local/lib/python3.12/site-packages/airflow/example_dags/example_latest_only.py
[2024-06-29T12:06:28.063+0000] {processor.py:830} INFO - Processing file /home/airflow/.local/lib/python3.12/site-packages/airflow/example_dags/example_latest_only.py for tasks to queue
[2024-06-29T12:06:28.064+0000] {logging_mixin.py:188} INFO - [2024-06-29T12:06:28.064+0000] {dagbag.py:545} INFO - Filling up the DagBag from /home/airflow/.local/lib/python3.12/site-packages/airflow/example_dags/example_latest_only.py
[2024-06-29T12:06:28.067+0000] {processor.py:840} INFO - DAG(s) 'latest_only' retrieved from /home/airflow/.local/lib/python3.12/site-packages/airflow/example_dags/example_latest_only.py
[2024-06-29T12:06:28.080+0000] {logging_mixin.py:188} INFO - [2024-06-29T12:06:28.080+0000] {dag.py:3096} INFO - Sync 1 DAGs
[2024-06-29T12:06:28.090+0000] {logging_mixin.py:188} INFO - [2024-06-29T12:06:28.090+0000] {dag.py:3954} INFO - Setting next_dagrun for latest_only to 2024-06-29 08:00:00+00:00, run_after=2024-06-29 12:00:00+00:00
[2024-06-29T12:06:28.098+0000] {processor.py:183} INFO - Processing /home/airflow/.local/lib/python3.12/site-packages/airflow/example_dags/example_latest_only.py took 0.038 seconds
[2024-06-29T12:06:58.231+0000] {processor.py:161} INFO - Started process (PID=6800) to work on /home/airflow/.local/lib/python3.12/site-packages/airflow/example_dags/example_latest_only.py
[2024-06-29T12:06:58.232+0000] {processor.py:830} INFO - Processing file /home/airflow/.local/lib/python3.12/site-packages/airflow/example_dags/example_latest_only.py for tasks to queue
[2024-06-29T12:06:58.233+0000] {logging_mixin.py:188} INFO - [2024-06-29T12:06:58.232+0000] {dagbag.py:545} INFO - Filling up the DagBag from /home/airflow/.local/lib/python3.12/site-packages/airflow/example_dags/example_latest_only.py
[2024-06-29T12:06:58.235+0000] {processor.py:840} INFO - DAG(s) 'latest_only' retrieved from /home/airflow/.local/lib/python3.12/site-packages/airflow/example_dags/example_latest_only.py
[2024-06-29T12:06:58.249+0000] {logging_mixin.py:188} INFO - [2024-06-29T12:06:58.249+0000] {dag.py:3096} INFO - Sync 1 DAGs
[2024-06-29T12:06:58.260+0000] {logging_mixin.py:188} INFO - [2024-06-29T12:06:58.260+0000] {dag.py:3954} INFO - Setting next_dagrun for latest_only to 2024-06-29 08:00:00+00:00, run_after=2024-06-29 12:00:00+00:00
[2024-06-29T12:06:58.269+0000] {processor.py:183} INFO - Processing /home/airflow/.local/lib/python3.12/site-packages/airflow/example_dags/example_latest_only.py took 0.042 seconds
[2024-06-29T12:07:28.470+0000] {processor.py:161} INFO - Started process (PID=7062) to work on /home/airflow/.local/lib/python3.12/site-packages/airflow/example_dags/example_latest_only.py
[2024-06-29T12:07:28.471+0000] {processor.py:830} INFO - Processing file /home/airflow/.local/lib/python3.12/site-packages/airflow/example_dags/example_latest_only.py for tasks to queue
[2024-06-29T12:07:28.472+0000] {logging_mixin.py:188} INFO - [2024-06-29T12:07:28.472+0000] {dagbag.py:545} INFO - Filling up the DagBag from /home/airflow/.local/lib/python3.12/site-packages/airflow/example_dags/example_latest_only.py
[2024-06-29T12:07:28.475+0000] {processor.py:840} INFO - DAG(s) 'latest_only' retrieved from /home/airflow/.local/lib/python3.12/site-packages/airflow/example_dags/example_latest_only.py
[2024-06-29T12:07:28.488+0000] {logging_mixin.py:188} INFO - [2024-06-29T12:07:28.488+0000] {dag.py:3096} INFO - Sync 1 DAGs
[2024-06-29T12:07:28.499+0000] {logging_mixin.py:188} INFO - [2024-06-29T12:07:28.499+0000] {dag.py:3954} INFO - Setting next_dagrun for latest_only to 2024-06-29 08:00:00+00:00, run_after=2024-06-29 12:00:00+00:00
[2024-06-29T12:07:28.508+0000] {processor.py:183} INFO - Processing /home/airflow/.local/lib/python3.12/site-packages/airflow/example_dags/example_latest_only.py took 0.042 seconds
[2024-06-29T12:07:58.621+0000] {processor.py:161} INFO - Started process (PID=7324) to work on /home/airflow/.local/lib/python3.12/site-packages/airflow/example_dags/example_latest_only.py
[2024-06-29T12:07:58.623+0000] {processor.py:830} INFO - Processing file /home/airflow/.local/lib/python3.12/site-packages/airflow/example_dags/example_latest_only.py for tasks to queue
[2024-06-29T12:07:58.625+0000] {logging_mixin.py:188} INFO - [2024-06-29T12:07:58.624+0000] {dagbag.py:545} INFO - Filling up the DagBag from /home/airflow/.local/lib/python3.12/site-packages/airflow/example_dags/example_latest_only.py
[2024-06-29T12:07:58.629+0000] {processor.py:840} INFO - DAG(s) 'latest_only' retrieved from /home/airflow/.local/lib/python3.12/site-packages/airflow/example_dags/example_latest_only.py
[2024-06-29T12:07:58.644+0000] {logging_mixin.py:188} INFO - [2024-06-29T12:07:58.644+0000] {dag.py:3096} INFO - Sync 1 DAGs
[2024-06-29T12:07:58.655+0000] {logging_mixin.py:188} INFO - [2024-06-29T12:07:58.655+0000] {dag.py:3954} INFO - Setting next_dagrun for latest_only to 2024-06-29 08:00:00+00:00, run_after=2024-06-29 12:00:00+00:00
[2024-06-29T12:07:58.664+0000] {processor.py:183} INFO - Processing /home/airflow/.local/lib/python3.12/site-packages/airflow/example_dags/example_latest_only.py took 0.047 seconds
[2024-06-29T12:08:28.724+0000] {processor.py:161} INFO - Started process (PID=7587) to work on /home/airflow/.local/lib/python3.12/site-packages/airflow/example_dags/example_latest_only.py
[2024-06-29T12:08:28.724+0000] {processor.py:830} INFO - Processing file /home/airflow/.local/lib/python3.12/site-packages/airflow/example_dags/example_latest_only.py for tasks to queue
[2024-06-29T12:08:28.725+0000] {logging_mixin.py:188} INFO - [2024-06-29T12:08:28.725+0000] {dagbag.py:545} INFO - Filling up the DagBag from /home/airflow/.local/lib/python3.12/site-packages/airflow/example_dags/example_latest_only.py
[2024-06-29T12:08:28.728+0000] {processor.py:840} INFO - DAG(s) 'latest_only' retrieved from /home/airflow/.local/lib/python3.12/site-packages/airflow/example_dags/example_latest_only.py
[2024-06-29T12:08:28.742+0000] {logging_mixin.py:188} INFO - [2024-06-29T12:08:28.742+0000] {dag.py:3096} INFO - Sync 1 DAGs
[2024-06-29T12:08:28.753+0000] {logging_mixin.py:188} INFO - [2024-06-29T12:08:28.753+0000] {dag.py:3954} INFO - Setting next_dagrun for latest_only to 2024-06-29 08:00:00+00:00, run_after=2024-06-29 12:00:00+00:00
[2024-06-29T12:08:28.762+0000] {processor.py:183} INFO - Processing /home/airflow/.local/lib/python3.12/site-packages/airflow/example_dags/example_latest_only.py took 0.042 seconds
[2024-06-29T12:08:59.034+0000] {processor.py:161} INFO - Started process (PID=7850) to work on /home/airflow/.local/lib/python3.12/site-packages/airflow/example_dags/example_latest_only.py
[2024-06-29T12:08:59.035+0000] {processor.py:830} INFO - Processing file /home/airflow/.local/lib/python3.12/site-packages/airflow/example_dags/example_latest_only.py for tasks to queue
[2024-06-29T12:08:59.036+0000] {logging_mixin.py:188} INFO - [2024-06-29T12:08:59.036+0000] {dagbag.py:545} INFO - Filling up the DagBag from /home/airflow/.local/lib/python3.12/site-packages/airflow/example_dags/example_latest_only.py
[2024-06-29T12:08:59.039+0000] {processor.py:840} INFO - DAG(s) 'latest_only' retrieved from /home/airflow/.local/lib/python3.12/site-packages/airflow/example_dags/example_latest_only.py
[2024-06-29T12:08:59.055+0000] {logging_mixin.py:188} INFO - [2024-06-29T12:08:59.055+0000] {dag.py:3096} INFO - Sync 1 DAGs
[2024-06-29T12:08:59.067+0000] {logging_mixin.py:188} INFO - [2024-06-29T12:08:59.067+0000] {dag.py:3954} INFO - Setting next_dagrun for latest_only to 2024-06-29 08:00:00+00:00, run_after=2024-06-29 12:00:00+00:00
[2024-06-29T12:08:59.078+0000] {processor.py:183} INFO - Processing /home/airflow/.local/lib/python3.12/site-packages/airflow/example_dags/example_latest_only.py took 0.048 seconds
[2024-06-29T12:09:29.323+0000] {processor.py:161} INFO - Started process (PID=8107) to work on /home/airflow/.local/lib/python3.12/site-packages/airflow/example_dags/example_latest_only.py
[2024-06-29T12:09:29.324+0000] {processor.py:830} INFO - Processing file /home/airflow/.local/lib/python3.12/site-packages/airflow/example_dags/example_latest_only.py for tasks to queue
[2024-06-29T12:09:29.325+0000] {logging_mixin.py:188} INFO - [2024-06-29T12:09:29.324+0000] {dagbag.py:545} INFO - Filling up the DagBag from /home/airflow/.local/lib/python3.12/site-packages/airflow/example_dags/example_latest_only.py
[2024-06-29T12:09:29.327+0000] {processor.py:840} INFO - DAG(s) 'latest_only' retrieved from /home/airflow/.local/lib/python3.12/site-packages/airflow/example_dags/example_latest_only.py
[2024-06-29T12:09:29.342+0000] {logging_mixin.py:188} INFO - [2024-06-29T12:09:29.341+0000] {dag.py:3096} INFO - Sync 1 DAGs
[2024-06-29T12:09:29.353+0000] {logging_mixin.py:188} INFO - [2024-06-29T12:09:29.353+0000] {dag.py:3954} INFO - Setting next_dagrun for latest_only to 2024-06-29 08:00:00+00:00, run_after=2024-06-29 12:00:00+00:00
[2024-06-29T12:09:29.362+0000] {processor.py:183} INFO - Processing /home/airflow/.local/lib/python3.12/site-packages/airflow/example_dags/example_latest_only.py took 0.043 seconds
[2024-06-29T12:09:59.838+0000] {processor.py:161} INFO - Started process (PID=8374) to work on /home/airflow/.local/lib/python3.12/site-packages/airflow/example_dags/example_latest_only.py
[2024-06-29T12:09:59.839+0000] {processor.py:830} INFO - Processing file /home/airflow/.local/lib/python3.12/site-packages/airflow/example_dags/example_latest_only.py for tasks to queue
[2024-06-29T12:09:59.840+0000] {logging_mixin.py:188} INFO - [2024-06-29T12:09:59.840+0000] {dagbag.py:545} INFO - Filling up the DagBag from /home/airflow/.local/lib/python3.12/site-packages/airflow/example_dags/example_latest_only.py
[2024-06-29T12:09:59.843+0000] {processor.py:840} INFO - DAG(s) 'latest_only' retrieved from /home/airflow/.local/lib/python3.12/site-packages/airflow/example_dags/example_latest_only.py
[2024-06-29T12:09:59.856+0000] {logging_mixin.py:188} INFO - [2024-06-29T12:09:59.856+0000] {dag.py:3096} INFO - Sync 1 DAGs
[2024-06-29T12:09:59.867+0000] {logging_mixin.py:188} INFO - [2024-06-29T12:09:59.867+0000] {dag.py:3954} INFO - Setting next_dagrun for latest_only to 2024-06-29 08:00:00+00:00, run_after=2024-06-29 12:00:00+00:00
[2024-06-29T12:09:59.876+0000] {processor.py:183} INFO - Processing /home/airflow/.local/lib/python3.12/site-packages/airflow/example_dags/example_latest_only.py took 0.041 seconds
[2024-06-29T12:10:30.451+0000] {processor.py:161} INFO - Started process (PID=8638) to work on /home/airflow/.local/lib/python3.12/site-packages/airflow/example_dags/example_latest_only.py
[2024-06-29T12:10:30.451+0000] {processor.py:830} INFO - Processing file /home/airflow/.local/lib/python3.12/site-packages/airflow/example_dags/example_latest_only.py for tasks to queue
[2024-06-29T12:10:30.452+0000] {logging_mixin.py:188} INFO - [2024-06-29T12:10:30.452+0000] {dagbag.py:545} INFO - Filling up the DagBag from /home/airflow/.local/lib/python3.12/site-packages/airflow/example_dags/example_latest_only.py
[2024-06-29T12:10:30.456+0000] {processor.py:840} INFO - DAG(s) 'latest_only' retrieved from /home/airflow/.local/lib/python3.12/site-packages/airflow/example_dags/example_latest_only.py
[2024-06-29T12:10:30.469+0000] {logging_mixin.py:188} INFO - [2024-06-29T12:10:30.469+0000] {dag.py:3096} INFO - Sync 1 DAGs
[2024-06-29T12:10:30.480+0000] {logging_mixin.py:188} INFO - [2024-06-29T12:10:30.480+0000] {dag.py:3954} INFO - Setting next_dagrun for latest_only to 2024-06-29 08:00:00+00:00, run_after=2024-06-29 12:00:00+00:00
[2024-06-29T12:10:30.488+0000] {processor.py:183} INFO - Processing /home/airflow/.local/lib/python3.12/site-packages/airflow/example_dags/example_latest_only.py took 0.041 seconds
[2024-06-29T12:11:01.177+0000] {processor.py:161} INFO - Started process (PID=8900) to work on /home/airflow/.local/lib/python3.12/site-packages/airflow/example_dags/example_latest_only.py
[2024-06-29T12:11:01.178+0000] {processor.py:830} INFO - Processing file /home/airflow/.local/lib/python3.12/site-packages/airflow/example_dags/example_latest_only.py for tasks to queue
[2024-06-29T12:11:01.179+0000] {logging_mixin.py:188} INFO - [2024-06-29T12:11:01.179+0000] {dagbag.py:545} INFO - Filling up the DagBag from /home/airflow/.local/lib/python3.12/site-packages/airflow/example_dags/example_latest_only.py
[2024-06-29T12:11:01.182+0000] {processor.py:840} INFO - DAG(s) 'latest_only' retrieved from /home/airflow/.local/lib/python3.12/site-packages/airflow/example_dags/example_latest_only.py
[2024-06-29T12:11:01.196+0000] {logging_mixin.py:188} INFO - [2024-06-29T12:11:01.196+0000] {dag.py:3096} INFO - Sync 1 DAGs
[2024-06-29T12:11:01.206+0000] {logging_mixin.py:188} INFO - [2024-06-29T12:11:01.206+0000] {dag.py:3954} INFO - Setting next_dagrun for latest_only to 2024-06-29 08:00:00+00:00, run_after=2024-06-29 12:00:00+00:00
[2024-06-29T12:11:01.215+0000] {processor.py:183} INFO - Processing /home/airflow/.local/lib/python3.12/site-packages/airflow/example_dags/example_latest_only.py took 0.041 seconds
[2024-06-29T12:11:31.744+0000] {processor.py:161} INFO - Started process (PID=9160) to work on /home/airflow/.local/lib/python3.12/site-packages/airflow/example_dags/example_latest_only.py
[2024-06-29T12:11:31.744+0000] {processor.py:830} INFO - Processing file /home/airflow/.local/lib/python3.12/site-packages/airflow/example_dags/example_latest_only.py for tasks to queue
[2024-06-29T12:11:31.745+0000] {logging_mixin.py:188} INFO - [2024-06-29T12:11:31.745+0000] {dagbag.py:545} INFO - Filling up the DagBag from /home/airflow/.local/lib/python3.12/site-packages/airflow/example_dags/example_latest_only.py
[2024-06-29T12:11:31.748+0000] {processor.py:840} INFO - DAG(s) 'latest_only' retrieved from /home/airflow/.local/lib/python3.12/site-packages/airflow/example_dags/example_latest_only.py
[2024-06-29T12:11:31.762+0000] {logging_mixin.py:188} INFO - [2024-06-29T12:11:31.762+0000] {dag.py:3096} INFO - Sync 1 DAGs
[2024-06-29T12:11:31.773+0000] {logging_mixin.py:188} INFO - [2024-06-29T12:11:31.773+0000] {dag.py:3954} INFO - Setting next_dagrun for latest_only to 2024-06-29 08:00:00+00:00, run_after=2024-06-29 12:00:00+00:00
[2024-06-29T12:11:31.782+0000] {processor.py:183} INFO - Processing /home/airflow/.local/lib/python3.12/site-packages/airflow/example_dags/example_latest_only.py took 0.042 seconds
[2024-06-29T12:12:02.391+0000] {processor.py:161} INFO - Started process (PID=9424) to work on /home/airflow/.local/lib/python3.12/site-packages/airflow/example_dags/example_latest_only.py
[2024-06-29T12:12:02.392+0000] {processor.py:830} INFO - Processing file /home/airflow/.local/lib/python3.12/site-packages/airflow/example_dags/example_latest_only.py for tasks to queue
[2024-06-29T12:12:02.393+0000] {logging_mixin.py:188} INFO - [2024-06-29T12:12:02.393+0000] {dagbag.py:545} INFO - Filling up the DagBag from /home/airflow/.local/lib/python3.12/site-packages/airflow/example_dags/example_latest_only.py
[2024-06-29T12:12:02.396+0000] {processor.py:840} INFO - DAG(s) 'latest_only' retrieved from /home/airflow/.local/lib/python3.12/site-packages/airflow/example_dags/example_latest_only.py
[2024-06-29T12:12:02.409+0000] {logging_mixin.py:188} INFO - [2024-06-29T12:12:02.409+0000] {dag.py:3096} INFO - Sync 1 DAGs
[2024-06-29T12:12:02.419+0000] {logging_mixin.py:188} INFO - [2024-06-29T12:12:02.419+0000] {dag.py:3954} INFO - Setting next_dagrun for latest_only to 2024-06-29 08:00:00+00:00, run_after=2024-06-29 12:00:00+00:00
[2024-06-29T12:12:02.427+0000] {processor.py:183} INFO - Processing /home/airflow/.local/lib/python3.12/site-packages/airflow/example_dags/example_latest_only.py took 0.039 seconds
[2024-06-29T12:12:32.462+0000] {processor.py:161} INFO - Started process (PID=9687) to work on /home/airflow/.local/lib/python3.12/site-packages/airflow/example_dags/example_latest_only.py
[2024-06-29T12:12:32.463+0000] {processor.py:830} INFO - Processing file /home/airflow/.local/lib/python3.12/site-packages/airflow/example_dags/example_latest_only.py for tasks to queue
[2024-06-29T12:12:32.464+0000] {logging_mixin.py:188} INFO - [2024-06-29T12:12:32.463+0000] {dagbag.py:545} INFO - Filling up the DagBag from /home/airflow/.local/lib/python3.12/site-packages/airflow/example_dags/example_latest_only.py
[2024-06-29T12:12:32.467+0000] {processor.py:840} INFO - DAG(s) 'latest_only' retrieved from /home/airflow/.local/lib/python3.12/site-packages/airflow/example_dags/example_latest_only.py
[2024-06-29T12:12:32.480+0000] {logging_mixin.py:188} INFO - [2024-06-29T12:12:32.480+0000] {dag.py:3096} INFO - Sync 1 DAGs
[2024-06-29T12:12:32.490+0000] {logging_mixin.py:188} INFO - [2024-06-29T12:12:32.490+0000] {dag.py:3954} INFO - Setting next_dagrun for latest_only to 2024-06-29 08:00:00+00:00, run_after=2024-06-29 12:00:00+00:00
[2024-06-29T12:12:32.498+0000] {processor.py:183} INFO - Processing /home/airflow/.local/lib/python3.12/site-packages/airflow/example_dags/example_latest_only.py took 0.040 seconds
[2024-06-29T12:13:02.630+0000] {processor.py:161} INFO - Started process (PID=9947) to work on /home/airflow/.local/lib/python3.12/site-packages/airflow/example_dags/example_latest_only.py
[2024-06-29T12:13:02.631+0000] {processor.py:830} INFO - Processing file /home/airflow/.local/lib/python3.12/site-packages/airflow/example_dags/example_latest_only.py for tasks to queue
[2024-06-29T12:13:02.632+0000] {logging_mixin.py:188} INFO - [2024-06-29T12:13:02.631+0000] {dagbag.py:545} INFO - Filling up the DagBag from /home/airflow/.local/lib/python3.12/site-packages/airflow/example_dags/example_latest_only.py
[2024-06-29T12:13:02.634+0000] {processor.py:840} INFO - DAG(s) 'latest_only' retrieved from /home/airflow/.local/lib/python3.12/site-packages/airflow/example_dags/example_latest_only.py
[2024-06-29T12:13:02.648+0000] {logging_mixin.py:188} INFO - [2024-06-29T12:13:02.648+0000] {dag.py:3096} INFO - Sync 1 DAGs
[2024-06-29T12:13:02.660+0000] {logging_mixin.py:188} INFO - [2024-06-29T12:13:02.660+0000] {dag.py:3954} INFO - Setting next_dagrun for latest_only to 2024-06-29 08:00:00+00:00, run_after=2024-06-29 12:00:00+00:00
[2024-06-29T12:13:02.669+0000] {processor.py:183} INFO - Processing /home/airflow/.local/lib/python3.12/site-packages/airflow/example_dags/example_latest_only.py took 0.042 seconds
[2024-06-29T12:13:32.877+0000] {processor.py:161} INFO - Started process (PID=10208) to work on /home/airflow/.local/lib/python3.12/site-packages/airflow/example_dags/example_latest_only.py
[2024-06-29T12:13:32.878+0000] {processor.py:830} INFO - Processing file /home/airflow/.local/lib/python3.12/site-packages/airflow/example_dags/example_latest_only.py for tasks to queue
[2024-06-29T12:13:32.879+0000] {logging_mixin.py:188} INFO - [2024-06-29T12:13:32.879+0000] {dagbag.py:545} INFO - Filling up the DagBag from /home/airflow/.local/lib/python3.12/site-packages/airflow/example_dags/example_latest_only.py
[2024-06-29T12:13:32.882+0000] {processor.py:840} INFO - DAG(s) 'latest_only' retrieved from /home/airflow/.local/lib/python3.12/site-packages/airflow/example_dags/example_latest_only.py
[2024-06-29T12:13:32.896+0000] {logging_mixin.py:188} INFO - [2024-06-29T12:13:32.896+0000] {dag.py:3096} INFO - Sync 1 DAGs
[2024-06-29T12:13:32.908+0000] {logging_mixin.py:188} INFO - [2024-06-29T12:13:32.908+0000] {dag.py:3954} INFO - Setting next_dagrun for latest_only to 2024-06-29 08:00:00+00:00, run_after=2024-06-29 12:00:00+00:00
[2024-06-29T12:13:32.917+0000] {processor.py:183} INFO - Processing /home/airflow/.local/lib/python3.12/site-packages/airflow/example_dags/example_latest_only.py took 0.043 seconds
[2024-06-29T12:14:03.027+0000] {processor.py:161} INFO - Started process (PID=10470) to work on /home/airflow/.local/lib/python3.12/site-packages/airflow/example_dags/example_latest_only.py
[2024-06-29T12:14:03.028+0000] {processor.py:830} INFO - Processing file /home/airflow/.local/lib/python3.12/site-packages/airflow/example_dags/example_latest_only.py for tasks to queue
[2024-06-29T12:14:03.029+0000] {logging_mixin.py:188} INFO - [2024-06-29T12:14:03.028+0000] {dagbag.py:545} INFO - Filling up the DagBag from /home/airflow/.local/lib/python3.12/site-packages/airflow/example_dags/example_latest_only.py
[2024-06-29T12:14:03.031+0000] {processor.py:840} INFO - DAG(s) 'latest_only' retrieved from /home/airflow/.local/lib/python3.12/site-packages/airflow/example_dags/example_latest_only.py
[2024-06-29T12:14:03.046+0000] {logging_mixin.py:188} INFO - [2024-06-29T12:14:03.046+0000] {dag.py:3096} INFO - Sync 1 DAGs
[2024-06-29T12:14:03.057+0000] {logging_mixin.py:188} INFO - [2024-06-29T12:14:03.057+0000] {dag.py:3954} INFO - Setting next_dagrun for latest_only to 2024-06-29 08:00:00+00:00, run_after=2024-06-29 12:00:00+00:00
[2024-06-29T12:14:03.067+0000] {processor.py:183} INFO - Processing /home/airflow/.local/lib/python3.12/site-packages/airflow/example_dags/example_latest_only.py took 0.044 seconds
[2024-06-29T12:14:33.168+0000] {processor.py:161} INFO - Started process (PID=10732) to work on /home/airflow/.local/lib/python3.12/site-packages/airflow/example_dags/example_latest_only.py
[2024-06-29T12:14:33.169+0000] {processor.py:830} INFO - Processing file /home/airflow/.local/lib/python3.12/site-packages/airflow/example_dags/example_latest_only.py for tasks to queue
[2024-06-29T12:14:33.170+0000] {logging_mixin.py:188} INFO - [2024-06-29T12:14:33.170+0000] {dagbag.py:545} INFO - Filling up the DagBag from /home/airflow/.local/lib/python3.12/site-packages/airflow/example_dags/example_latest_only.py
[2024-06-29T12:14:33.173+0000] {processor.py:840} INFO - DAG(s) 'latest_only' retrieved from /home/airflow/.local/lib/python3.12/site-packages/airflow/example_dags/example_latest_only.py
[2024-06-29T12:14:33.187+0000] {logging_mixin.py:188} INFO - [2024-06-29T12:14:33.186+0000] {dag.py:3096} INFO - Sync 1 DAGs
[2024-06-29T12:14:33.199+0000] {logging_mixin.py:188} INFO - [2024-06-29T12:14:33.199+0000] {dag.py:3954} INFO - Setting next_dagrun for latest_only to 2024-06-29 08:00:00+00:00, run_after=2024-06-29 12:00:00+00:00
[2024-06-29T12:14:33.208+0000] {processor.py:183} INFO - Processing /home/airflow/.local/lib/python3.12/site-packages/airflow/example_dags/example_latest_only.py took 0.044 seconds
[2024-06-29T12:15:04.094+0000] {processor.py:161} INFO - Started process (PID=10988) to work on /home/airflow/.local/lib/python3.12/site-packages/airflow/example_dags/example_latest_only.py
[2024-06-29T12:15:04.095+0000] {processor.py:830} INFO - Processing file /home/airflow/.local/lib/python3.12/site-packages/airflow/example_dags/example_latest_only.py for tasks to queue
[2024-06-29T12:15:04.097+0000] {logging_mixin.py:188} INFO - [2024-06-29T12:15:04.096+0000] {dagbag.py:545} INFO - Filling up the DagBag from /home/airflow/.local/lib/python3.12/site-packages/airflow/example_dags/example_latest_only.py
[2024-06-29T12:15:04.099+0000] {processor.py:840} INFO - DAG(s) 'latest_only' retrieved from /home/airflow/.local/lib/python3.12/site-packages/airflow/example_dags/example_latest_only.py
[2024-06-29T12:15:04.113+0000] {logging_mixin.py:188} INFO - [2024-06-29T12:15:04.113+0000] {dag.py:3096} INFO - Sync 1 DAGs
[2024-06-29T12:15:04.125+0000] {logging_mixin.py:188} INFO - [2024-06-29T12:15:04.125+0000] {dag.py:3954} INFO - Setting next_dagrun for latest_only to 2024-06-29 08:00:00+00:00, run_after=2024-06-29 12:00:00+00:00
[2024-06-29T12:15:04.134+0000] {processor.py:183} INFO - Processing /home/airflow/.local/lib/python3.12/site-packages/airflow/example_dags/example_latest_only.py took 0.043 seconds
[2024-06-29T12:15:34.333+0000] {processor.py:161} INFO - Started process (PID=11250) to work on /home/airflow/.local/lib/python3.12/site-packages/airflow/example_dags/example_latest_only.py
[2024-06-29T12:15:34.334+0000] {processor.py:830} INFO - Processing file /home/airflow/.local/lib/python3.12/site-packages/airflow/example_dags/example_latest_only.py for tasks to queue
[2024-06-29T12:15:34.335+0000] {logging_mixin.py:188} INFO - [2024-06-29T12:15:34.335+0000] {dagbag.py:545} INFO - Filling up the DagBag from /home/airflow/.local/lib/python3.12/site-packages/airflow/example_dags/example_latest_only.py
[2024-06-29T12:15:34.338+0000] {processor.py:840} INFO - DAG(s) 'latest_only' retrieved from /home/airflow/.local/lib/python3.12/site-packages/airflow/example_dags/example_latest_only.py
[2024-06-29T12:15:34.352+0000] {logging_mixin.py:188} INFO - [2024-06-29T12:15:34.352+0000] {dag.py:3096} INFO - Sync 1 DAGs
[2024-06-29T12:15:34.365+0000] {logging_mixin.py:188} INFO - [2024-06-29T12:15:34.364+0000] {dag.py:3954} INFO - Setting next_dagrun for latest_only to 2024-06-29 08:00:00+00:00, run_after=2024-06-29 12:00:00+00:00
[2024-06-29T12:15:34.374+0000] {processor.py:183} INFO - Processing /home/airflow/.local/lib/python3.12/site-packages/airflow/example_dags/example_latest_only.py took 0.044 seconds
[2024-06-29T12:16:04.545+0000] {processor.py:161} INFO - Started process (PID=11513) to work on /home/airflow/.local/lib/python3.12/site-packages/airflow/example_dags/example_latest_only.py
[2024-06-29T12:16:04.546+0000] {processor.py:830} INFO - Processing file /home/airflow/.local/lib/python3.12/site-packages/airflow/example_dags/example_latest_only.py for tasks to queue
[2024-06-29T12:16:04.547+0000] {logging_mixin.py:188} INFO - [2024-06-29T12:16:04.547+0000] {dagbag.py:545} INFO - Filling up the DagBag from /home/airflow/.local/lib/python3.12/site-packages/airflow/example_dags/example_latest_only.py
[2024-06-29T12:16:04.550+0000] {processor.py:840} INFO - DAG(s) 'latest_only' retrieved from /home/airflow/.local/lib/python3.12/site-packages/airflow/example_dags/example_latest_only.py
[2024-06-29T12:16:04.564+0000] {logging_mixin.py:188} INFO - [2024-06-29T12:16:04.564+0000] {dag.py:3096} INFO - Sync 1 DAGs
[2024-06-29T12:16:04.577+0000] {logging_mixin.py:188} INFO - [2024-06-29T12:16:04.577+0000] {dag.py:3954} INFO - Setting next_dagrun for latest_only to 2024-06-29 08:00:00+00:00, run_after=2024-06-29 12:00:00+00:00
[2024-06-29T12:16:04.586+0000] {processor.py:183} INFO - Processing /home/airflow/.local/lib/python3.12/site-packages/airflow/example_dags/example_latest_only.py took 0.044 seconds
[2024-06-29T12:16:34.714+0000] {processor.py:161} INFO - Started process (PID=11775) to work on /home/airflow/.local/lib/python3.12/site-packages/airflow/example_dags/example_latest_only.py
[2024-06-29T12:16:34.714+0000] {processor.py:830} INFO - Processing file /home/airflow/.local/lib/python3.12/site-packages/airflow/example_dags/example_latest_only.py for tasks to queue
[2024-06-29T12:16:34.716+0000] {logging_mixin.py:188} INFO - [2024-06-29T12:16:34.715+0000] {dagbag.py:545} INFO - Filling up the DagBag from /home/airflow/.local/lib/python3.12/site-packages/airflow/example_dags/example_latest_only.py
[2024-06-29T12:16:34.719+0000] {processor.py:840} INFO - DAG(s) 'latest_only' retrieved from /home/airflow/.local/lib/python3.12/site-packages/airflow/example_dags/example_latest_only.py
[2024-06-29T12:16:34.733+0000] {logging_mixin.py:188} INFO - [2024-06-29T12:16:34.733+0000] {dag.py:3096} INFO - Sync 1 DAGs
[2024-06-29T12:16:34.746+0000] {logging_mixin.py:188} INFO - [2024-06-29T12:16:34.746+0000] {dag.py:3954} INFO - Setting next_dagrun for latest_only to 2024-06-29 08:00:00+00:00, run_after=2024-06-29 12:00:00+00:00
[2024-06-29T12:16:34.754+0000] {processor.py:183} INFO - Processing /home/airflow/.local/lib/python3.12/site-packages/airflow/example_dags/example_latest_only.py took 0.045 seconds
[2024-06-29T12:17:04.948+0000] {processor.py:161} INFO - Started process (PID=12037) to work on /home/airflow/.local/lib/python3.12/site-packages/airflow/example_dags/example_latest_only.py
[2024-06-29T12:17:04.950+0000] {processor.py:830} INFO - Processing file /home/airflow/.local/lib/python3.12/site-packages/airflow/example_dags/example_latest_only.py for tasks to queue
[2024-06-29T12:17:04.956+0000] {logging_mixin.py:188} INFO - [2024-06-29T12:17:04.955+0000] {dagbag.py:545} INFO - Filling up the DagBag from /home/airflow/.local/lib/python3.12/site-packages/airflow/example_dags/example_latest_only.py
[2024-06-29T12:17:04.962+0000] {processor.py:840} INFO - DAG(s) 'latest_only' retrieved from /home/airflow/.local/lib/python3.12/site-packages/airflow/example_dags/example_latest_only.py
[2024-06-29T12:17:04.987+0000] {logging_mixin.py:188} INFO - [2024-06-29T12:17:04.987+0000] {dag.py:3096} INFO - Sync 1 DAGs
[2024-06-29T12:17:05.004+0000] {logging_mixin.py:188} INFO - [2024-06-29T12:17:05.004+0000] {dag.py:3954} INFO - Setting next_dagrun for latest_only to 2024-06-29 08:00:00+00:00, run_after=2024-06-29 12:00:00+00:00
[2024-06-29T12:17:05.014+0000] {processor.py:183} INFO - Processing /home/airflow/.local/lib/python3.12/site-packages/airflow/example_dags/example_latest_only.py took 0.070 seconds
[2024-06-29T12:17:35.091+0000] {processor.py:161} INFO - Started process (PID=12299) to work on /home/airflow/.local/lib/python3.12/site-packages/airflow/example_dags/example_latest_only.py
[2024-06-29T12:17:35.092+0000] {processor.py:830} INFO - Processing file /home/airflow/.local/lib/python3.12/site-packages/airflow/example_dags/example_latest_only.py for tasks to queue
[2024-06-29T12:17:35.093+0000] {logging_mixin.py:188} INFO - [2024-06-29T12:17:35.093+0000] {dagbag.py:545} INFO - Filling up the DagBag from /home/airflow/.local/lib/python3.12/site-packages/airflow/example_dags/example_latest_only.py
[2024-06-29T12:17:35.095+0000] {processor.py:840} INFO - DAG(s) 'latest_only' retrieved from /home/airflow/.local/lib/python3.12/site-packages/airflow/example_dags/example_latest_only.py
[2024-06-29T12:17:35.112+0000] {logging_mixin.py:188} INFO - [2024-06-29T12:17:35.112+0000] {dag.py:3096} INFO - Sync 1 DAGs
[2024-06-29T12:17:35.128+0000] {logging_mixin.py:188} INFO - [2024-06-29T12:17:35.128+0000] {dag.py:3954} INFO - Setting next_dagrun for latest_only to 2024-06-29 08:00:00+00:00, run_after=2024-06-29 12:00:00+00:00
[2024-06-29T12:17:35.141+0000] {processor.py:183} INFO - Processing /home/airflow/.local/lib/python3.12/site-packages/airflow/example_dags/example_latest_only.py took 0.054 seconds
[2024-06-29T12:18:05.260+0000] {processor.py:161} INFO - Started process (PID=12561) to work on /home/airflow/.local/lib/python3.12/site-packages/airflow/example_dags/example_latest_only.py
[2024-06-29T12:18:05.260+0000] {processor.py:830} INFO - Processing file /home/airflow/.local/lib/python3.12/site-packages/airflow/example_dags/example_latest_only.py for tasks to queue
[2024-06-29T12:18:05.262+0000] {logging_mixin.py:188} INFO - [2024-06-29T12:18:05.261+0000] {dagbag.py:545} INFO - Filling up the DagBag from /home/airflow/.local/lib/python3.12/site-packages/airflow/example_dags/example_latest_only.py
[2024-06-29T12:18:05.264+0000] {processor.py:840} INFO - DAG(s) 'latest_only' retrieved from /home/airflow/.local/lib/python3.12/site-packages/airflow/example_dags/example_latest_only.py
[2024-06-29T12:18:05.278+0000] {logging_mixin.py:188} INFO - [2024-06-29T12:18:05.278+0000] {dag.py:3096} INFO - Sync 1 DAGs
[2024-06-29T12:18:05.290+0000] {logging_mixin.py:188} INFO - [2024-06-29T12:18:05.290+0000] {dag.py:3954} INFO - Setting next_dagrun for latest_only to 2024-06-29 08:00:00+00:00, run_after=2024-06-29 12:00:00+00:00
[2024-06-29T12:18:05.299+0000] {processor.py:183} INFO - Processing /home/airflow/.local/lib/python3.12/site-packages/airflow/example_dags/example_latest_only.py took 0.043 seconds
[2024-06-29T12:18:35.537+0000] {processor.py:161} INFO - Started process (PID=12822) to work on /home/airflow/.local/lib/python3.12/site-packages/airflow/example_dags/example_latest_only.py
[2024-06-29T12:18:35.537+0000] {processor.py:830} INFO - Processing file /home/airflow/.local/lib/python3.12/site-packages/airflow/example_dags/example_latest_only.py for tasks to queue
[2024-06-29T12:18:35.539+0000] {logging_mixin.py:188} INFO - [2024-06-29T12:18:35.538+0000] {dagbag.py:545} INFO - Filling up the DagBag from /home/airflow/.local/lib/python3.12/site-packages/airflow/example_dags/example_latest_only.py
[2024-06-29T12:18:35.541+0000] {processor.py:840} INFO - DAG(s) 'latest_only' retrieved from /home/airflow/.local/lib/python3.12/site-packages/airflow/example_dags/example_latest_only.py
[2024-06-29T12:18:35.555+0000] {logging_mixin.py:188} INFO - [2024-06-29T12:18:35.555+0000] {dag.py:3096} INFO - Sync 1 DAGs
[2024-06-29T12:18:35.567+0000] {logging_mixin.py:188} INFO - [2024-06-29T12:18:35.567+0000] {dag.py:3954} INFO - Setting next_dagrun for latest_only to 2024-06-29 08:00:00+00:00, run_after=2024-06-29 12:00:00+00:00
[2024-06-29T12:18:35.576+0000] {processor.py:183} INFO - Processing /home/airflow/.local/lib/python3.12/site-packages/airflow/example_dags/example_latest_only.py took 0.043 seconds
[2024-06-29T12:19:05.739+0000] {processor.py:161} INFO - Started process (PID=13085) to work on /home/airflow/.local/lib/python3.12/site-packages/airflow/example_dags/example_latest_only.py
[2024-06-29T12:19:05.739+0000] {processor.py:830} INFO - Processing file /home/airflow/.local/lib/python3.12/site-packages/airflow/example_dags/example_latest_only.py for tasks to queue
[2024-06-29T12:19:05.740+0000] {logging_mixin.py:188} INFO - [2024-06-29T12:19:05.740+0000] {dagbag.py:545} INFO - Filling up the DagBag from /home/airflow/.local/lib/python3.12/site-packages/airflow/example_dags/example_latest_only.py
[2024-06-29T12:19:05.743+0000] {processor.py:840} INFO - DAG(s) 'latest_only' retrieved from /home/airflow/.local/lib/python3.12/site-packages/airflow/example_dags/example_latest_only.py
[2024-06-29T12:19:05.757+0000] {logging_mixin.py:188} INFO - [2024-06-29T12:19:05.757+0000] {dag.py:3096} INFO - Sync 1 DAGs
[2024-06-29T12:19:05.769+0000] {logging_mixin.py:188} INFO - [2024-06-29T12:19:05.769+0000] {dag.py:3954} INFO - Setting next_dagrun for latest_only to 2024-06-29 08:00:00+00:00, run_after=2024-06-29 12:00:00+00:00
[2024-06-29T12:19:05.778+0000] {processor.py:183} INFO - Processing /home/airflow/.local/lib/python3.12/site-packages/airflow/example_dags/example_latest_only.py took 0.043 seconds
[2024-06-29T12:19:36.747+0000] {processor.py:161} INFO - Started process (PID=13347) to work on /home/airflow/.local/lib/python3.12/site-packages/airflow/example_dags/example_latest_only.py
[2024-06-29T12:19:36.748+0000] {processor.py:830} INFO - Processing file /home/airflow/.local/lib/python3.12/site-packages/airflow/example_dags/example_latest_only.py for tasks to queue
[2024-06-29T12:19:36.749+0000] {logging_mixin.py:188} INFO - [2024-06-29T12:19:36.748+0000] {dagbag.py:545} INFO - Filling up the DagBag from /home/airflow/.local/lib/python3.12/site-packages/airflow/example_dags/example_latest_only.py
[2024-06-29T12:19:36.751+0000] {processor.py:840} INFO - DAG(s) 'latest_only' retrieved from /home/airflow/.local/lib/python3.12/site-packages/airflow/example_dags/example_latest_only.py
[2024-06-29T12:19:36.765+0000] {logging_mixin.py:188} INFO - [2024-06-29T12:19:36.765+0000] {dag.py:3096} INFO - Sync 1 DAGs
[2024-06-29T12:19:36.777+0000] {logging_mixin.py:188} INFO - [2024-06-29T12:19:36.777+0000] {dag.py:3954} INFO - Setting next_dagrun for latest_only to 2024-06-29 08:00:00+00:00, run_after=2024-06-29 12:00:00+00:00
[2024-06-29T12:19:36.786+0000] {processor.py:183} INFO - Processing /home/airflow/.local/lib/python3.12/site-packages/airflow/example_dags/example_latest_only.py took 0.043 seconds
[2024-06-29T12:20:06.933+0000] {processor.py:161} INFO - Started process (PID=13611) to work on /home/airflow/.local/lib/python3.12/site-packages/airflow/example_dags/example_latest_only.py
[2024-06-29T12:20:06.934+0000] {processor.py:830} INFO - Processing file /home/airflow/.local/lib/python3.12/site-packages/airflow/example_dags/example_latest_only.py for tasks to queue
[2024-06-29T12:20:06.935+0000] {logging_mixin.py:188} INFO - [2024-06-29T12:20:06.935+0000] {dagbag.py:545} INFO - Filling up the DagBag from /home/airflow/.local/lib/python3.12/site-packages/airflow/example_dags/example_latest_only.py
[2024-06-29T12:20:06.938+0000] {processor.py:840} INFO - DAG(s) 'latest_only' retrieved from /home/airflow/.local/lib/python3.12/site-packages/airflow/example_dags/example_latest_only.py
[2024-06-29T12:20:06.952+0000] {logging_mixin.py:188} INFO - [2024-06-29T12:20:06.951+0000] {dag.py:3096} INFO - Sync 1 DAGs
[2024-06-29T12:20:06.963+0000] {logging_mixin.py:188} INFO - [2024-06-29T12:20:06.963+0000] {dag.py:3954} INFO - Setting next_dagrun for latest_only to 2024-06-29 08:00:00+00:00, run_after=2024-06-29 12:00:00+00:00
[2024-06-29T12:20:06.971+0000] {processor.py:183} INFO - Processing /home/airflow/.local/lib/python3.12/site-packages/airflow/example_dags/example_latest_only.py took 0.042 seconds
[2024-06-29T12:20:37.182+0000] {processor.py:161} INFO - Started process (PID=13871) to work on /home/airflow/.local/lib/python3.12/site-packages/airflow/example_dags/example_latest_only.py
[2024-06-29T12:20:37.183+0000] {processor.py:830} INFO - Processing file /home/airflow/.local/lib/python3.12/site-packages/airflow/example_dags/example_latest_only.py for tasks to queue
[2024-06-29T12:20:37.184+0000] {logging_mixin.py:188} INFO - [2024-06-29T12:20:37.184+0000] {dagbag.py:545} INFO - Filling up the DagBag from /home/airflow/.local/lib/python3.12/site-packages/airflow/example_dags/example_latest_only.py
[2024-06-29T12:20:37.187+0000] {processor.py:840} INFO - DAG(s) 'latest_only' retrieved from /home/airflow/.local/lib/python3.12/site-packages/airflow/example_dags/example_latest_only.py
[2024-06-29T12:20:37.205+0000] {logging_mixin.py:188} INFO - [2024-06-29T12:20:37.204+0000] {dag.py:3096} INFO - Sync 1 DAGs
[2024-06-29T12:20:37.220+0000] {logging_mixin.py:188} INFO - [2024-06-29T12:20:37.219+0000] {dag.py:3954} INFO - Setting next_dagrun for latest_only to 2024-06-29 08:00:00+00:00, run_after=2024-06-29 12:00:00+00:00
[2024-06-29T12:20:37.236+0000] {processor.py:183} INFO - Processing /home/airflow/.local/lib/python3.12/site-packages/airflow/example_dags/example_latest_only.py took 0.058 seconds
[2024-06-29T12:21:07.342+0000] {processor.py:161} INFO - Started process (PID=14133) to work on /home/airflow/.local/lib/python3.12/site-packages/airflow/example_dags/example_latest_only.py
[2024-06-29T12:21:07.343+0000] {processor.py:830} INFO - Processing file /home/airflow/.local/lib/python3.12/site-packages/airflow/example_dags/example_latest_only.py for tasks to queue
[2024-06-29T12:21:07.344+0000] {logging_mixin.py:188} INFO - [2024-06-29T12:21:07.344+0000] {dagbag.py:545} INFO - Filling up the DagBag from /home/airflow/.local/lib/python3.12/site-packages/airflow/example_dags/example_latest_only.py
[2024-06-29T12:21:07.347+0000] {processor.py:840} INFO - DAG(s) 'latest_only' retrieved from /home/airflow/.local/lib/python3.12/site-packages/airflow/example_dags/example_latest_only.py
[2024-06-29T12:21:07.362+0000] {logging_mixin.py:188} INFO - [2024-06-29T12:21:07.362+0000] {dag.py:3096} INFO - Sync 1 DAGs
[2024-06-29T12:21:07.375+0000] {logging_mixin.py:188} INFO - [2024-06-29T12:21:07.374+0000] {dag.py:3954} INFO - Setting next_dagrun for latest_only to 2024-06-29 08:00:00+00:00, run_after=2024-06-29 12:00:00+00:00
[2024-06-29T12:21:07.387+0000] {processor.py:183} INFO - Processing /home/airflow/.local/lib/python3.12/site-packages/airflow/example_dags/example_latest_only.py took 0.048 seconds
[2024-06-29T12:21:37.611+0000] {processor.py:161} INFO - Started process (PID=14395) to work on /home/airflow/.local/lib/python3.12/site-packages/airflow/example_dags/example_latest_only.py
[2024-06-29T12:21:37.612+0000] {processor.py:830} INFO - Processing file /home/airflow/.local/lib/python3.12/site-packages/airflow/example_dags/example_latest_only.py for tasks to queue
[2024-06-29T12:21:37.613+0000] {logging_mixin.py:188} INFO - [2024-06-29T12:21:37.613+0000] {dagbag.py:545} INFO - Filling up the DagBag from /home/airflow/.local/lib/python3.12/site-packages/airflow/example_dags/example_latest_only.py
[2024-06-29T12:21:37.616+0000] {processor.py:840} INFO - DAG(s) 'latest_only' retrieved from /home/airflow/.local/lib/python3.12/site-packages/airflow/example_dags/example_latest_only.py
[2024-06-29T12:21:37.630+0000] {logging_mixin.py:188} INFO - [2024-06-29T12:21:37.630+0000] {dag.py:3096} INFO - Sync 1 DAGs
[2024-06-29T12:21:37.641+0000] {logging_mixin.py:188} INFO - [2024-06-29T12:21:37.641+0000] {dag.py:3954} INFO - Setting next_dagrun for latest_only to 2024-06-29 08:00:00+00:00, run_after=2024-06-29 12:00:00+00:00
[2024-06-29T12:21:37.650+0000] {processor.py:183} INFO - Processing /home/airflow/.local/lib/python3.12/site-packages/airflow/example_dags/example_latest_only.py took 0.043 seconds
[2024-06-29T12:22:07.725+0000] {processor.py:161} INFO - Started process (PID=14659) to work on /home/airflow/.local/lib/python3.12/site-packages/airflow/example_dags/example_latest_only.py
[2024-06-29T12:22:07.726+0000] {processor.py:830} INFO - Processing file /home/airflow/.local/lib/python3.12/site-packages/airflow/example_dags/example_latest_only.py for tasks to queue
[2024-06-29T12:22:07.727+0000] {logging_mixin.py:188} INFO - [2024-06-29T12:22:07.727+0000] {dagbag.py:545} INFO - Filling up the DagBag from /home/airflow/.local/lib/python3.12/site-packages/airflow/example_dags/example_latest_only.py
[2024-06-29T12:22:07.730+0000] {processor.py:840} INFO - DAG(s) 'latest_only' retrieved from /home/airflow/.local/lib/python3.12/site-packages/airflow/example_dags/example_latest_only.py
[2024-06-29T12:22:07.744+0000] {logging_mixin.py:188} INFO - [2024-06-29T12:22:07.743+0000] {dag.py:3096} INFO - Sync 1 DAGs
[2024-06-29T12:22:07.754+0000] {logging_mixin.py:188} INFO - [2024-06-29T12:22:07.754+0000] {dag.py:3954} INFO - Setting next_dagrun for latest_only to 2024-06-29 08:00:00+00:00, run_after=2024-06-29 12:00:00+00:00
[2024-06-29T12:22:07.763+0000] {processor.py:183} INFO - Processing /home/airflow/.local/lib/python3.12/site-packages/airflow/example_dags/example_latest_only.py took 0.041 seconds
[2024-06-29T12:22:37.936+0000] {processor.py:161} INFO - Started process (PID=14920) to work on /home/airflow/.local/lib/python3.12/site-packages/airflow/example_dags/example_latest_only.py
[2024-06-29T12:22:37.937+0000] {processor.py:830} INFO - Processing file /home/airflow/.local/lib/python3.12/site-packages/airflow/example_dags/example_latest_only.py for tasks to queue
[2024-06-29T12:22:37.938+0000] {logging_mixin.py:188} INFO - [2024-06-29T12:22:37.938+0000] {dagbag.py:545} INFO - Filling up the DagBag from /home/airflow/.local/lib/python3.12/site-packages/airflow/example_dags/example_latest_only.py
[2024-06-29T12:22:37.941+0000] {processor.py:840} INFO - DAG(s) 'latest_only' retrieved from /home/airflow/.local/lib/python3.12/site-packages/airflow/example_dags/example_latest_only.py
[2024-06-29T12:22:37.955+0000] {logging_mixin.py:188} INFO - [2024-06-29T12:22:37.955+0000] {dag.py:3096} INFO - Sync 1 DAGs
[2024-06-29T12:22:37.966+0000] {logging_mixin.py:188} INFO - [2024-06-29T12:22:37.966+0000] {dag.py:3954} INFO - Setting next_dagrun for latest_only to 2024-06-29 08:00:00+00:00, run_after=2024-06-29 12:00:00+00:00
[2024-06-29T12:22:37.975+0000] {processor.py:183} INFO - Processing /home/airflow/.local/lib/python3.12/site-packages/airflow/example_dags/example_latest_only.py took 0.043 seconds
[2024-06-29T12:23:08.200+0000] {processor.py:161} INFO - Started process (PID=15182) to work on /home/airflow/.local/lib/python3.12/site-packages/airflow/example_dags/example_latest_only.py
[2024-06-29T12:23:08.200+0000] {processor.py:830} INFO - Processing file /home/airflow/.local/lib/python3.12/site-packages/airflow/example_dags/example_latest_only.py for tasks to queue
[2024-06-29T12:23:08.201+0000] {logging_mixin.py:188} INFO - [2024-06-29T12:23:08.201+0000] {dagbag.py:545} INFO - Filling up the DagBag from /home/airflow/.local/lib/python3.12/site-packages/airflow/example_dags/example_latest_only.py
[2024-06-29T12:23:08.204+0000] {processor.py:840} INFO - DAG(s) 'latest_only' retrieved from /home/airflow/.local/lib/python3.12/site-packages/airflow/example_dags/example_latest_only.py
[2024-06-29T12:23:08.218+0000] {logging_mixin.py:188} INFO - [2024-06-29T12:23:08.218+0000] {dag.py:3096} INFO - Sync 1 DAGs
[2024-06-29T12:23:08.230+0000] {logging_mixin.py:188} INFO - [2024-06-29T12:23:08.230+0000] {dag.py:3954} INFO - Setting next_dagrun for latest_only to 2024-06-29 08:00:00+00:00, run_after=2024-06-29 12:00:00+00:00
[2024-06-29T12:23:08.239+0000] {processor.py:183} INFO - Processing /home/airflow/.local/lib/python3.12/site-packages/airflow/example_dags/example_latest_only.py took 0.043 seconds
[2024-06-29T12:23:38.422+0000] {processor.py:161} INFO - Started process (PID=15444) to work on /home/airflow/.local/lib/python3.12/site-packages/airflow/example_dags/example_latest_only.py
[2024-06-29T12:23:38.423+0000] {processor.py:830} INFO - Processing file /home/airflow/.local/lib/python3.12/site-packages/airflow/example_dags/example_latest_only.py for tasks to queue
[2024-06-29T12:23:38.424+0000] {logging_mixin.py:188} INFO - [2024-06-29T12:23:38.424+0000] {dagbag.py:545} INFO - Filling up the DagBag from /home/airflow/.local/lib/python3.12/site-packages/airflow/example_dags/example_latest_only.py
[2024-06-29T12:23:38.427+0000] {processor.py:840} INFO - DAG(s) 'latest_only' retrieved from /home/airflow/.local/lib/python3.12/site-packages/airflow/example_dags/example_latest_only.py
[2024-06-29T12:23:38.440+0000] {logging_mixin.py:188} INFO - [2024-06-29T12:23:38.440+0000] {dag.py:3096} INFO - Sync 1 DAGs
[2024-06-29T12:23:38.451+0000] {logging_mixin.py:188} INFO - [2024-06-29T12:23:38.451+0000] {dag.py:3954} INFO - Setting next_dagrun for latest_only to 2024-06-29 08:00:00+00:00, run_after=2024-06-29 12:00:00+00:00
[2024-06-29T12:23:38.460+0000] {processor.py:183} INFO - Processing /home/airflow/.local/lib/python3.12/site-packages/airflow/example_dags/example_latest_only.py took 0.042 seconds
[2024-06-29T12:24:08.559+0000] {processor.py:161} INFO - Started process (PID=15707) to work on /home/airflow/.local/lib/python3.12/site-packages/airflow/example_dags/example_latest_only.py
[2024-06-29T12:24:08.560+0000] {processor.py:830} INFO - Processing file /home/airflow/.local/lib/python3.12/site-packages/airflow/example_dags/example_latest_only.py for tasks to queue
[2024-06-29T12:24:08.561+0000] {logging_mixin.py:188} INFO - [2024-06-29T12:24:08.560+0000] {dagbag.py:545} INFO - Filling up the DagBag from /home/airflow/.local/lib/python3.12/site-packages/airflow/example_dags/example_latest_only.py
[2024-06-29T12:24:08.563+0000] {processor.py:840} INFO - DAG(s) 'latest_only' retrieved from /home/airflow/.local/lib/python3.12/site-packages/airflow/example_dags/example_latest_only.py
[2024-06-29T12:24:08.577+0000] {logging_mixin.py:188} INFO - [2024-06-29T12:24:08.577+0000] {dag.py:3096} INFO - Sync 1 DAGs
[2024-06-29T12:24:08.589+0000] {logging_mixin.py:188} INFO - [2024-06-29T12:24:08.589+0000] {dag.py:3954} INFO - Setting next_dagrun for latest_only to 2024-06-29 08:00:00+00:00, run_after=2024-06-29 12:00:00+00:00
[2024-06-29T12:24:08.597+0000] {processor.py:183} INFO - Processing /home/airflow/.local/lib/python3.12/site-packages/airflow/example_dags/example_latest_only.py took 0.042 seconds
[2024-06-29T12:24:38.779+0000] {processor.py:161} INFO - Started process (PID=15972) to work on /home/airflow/.local/lib/python3.12/site-packages/airflow/example_dags/example_latest_only.py
[2024-06-29T12:24:38.780+0000] {processor.py:830} INFO - Processing file /home/airflow/.local/lib/python3.12/site-packages/airflow/example_dags/example_latest_only.py for tasks to queue
[2024-06-29T12:24:38.781+0000] {logging_mixin.py:188} INFO - [2024-06-29T12:24:38.781+0000] {dagbag.py:545} INFO - Filling up the DagBag from /home/airflow/.local/lib/python3.12/site-packages/airflow/example_dags/example_latest_only.py
[2024-06-29T12:24:38.784+0000] {processor.py:840} INFO - DAG(s) 'latest_only' retrieved from /home/airflow/.local/lib/python3.12/site-packages/airflow/example_dags/example_latest_only.py
[2024-06-29T12:24:38.797+0000] {logging_mixin.py:188} INFO - [2024-06-29T12:24:38.797+0000] {dag.py:3096} INFO - Sync 1 DAGs
[2024-06-29T12:24:38.808+0000] {logging_mixin.py:188} INFO - [2024-06-29T12:24:38.808+0000] {dag.py:3954} INFO - Setting next_dagrun for latest_only to 2024-06-29 08:00:00+00:00, run_after=2024-06-29 12:00:00+00:00
[2024-06-29T12:24:38.817+0000] {processor.py:183} INFO - Processing /home/airflow/.local/lib/python3.12/site-packages/airflow/example_dags/example_latest_only.py took 0.042 seconds
[2024-06-29T12:25:08.970+0000] {processor.py:161} INFO - Started process (PID=16232) to work on /home/airflow/.local/lib/python3.12/site-packages/airflow/example_dags/example_latest_only.py
[2024-06-29T12:25:08.971+0000] {processor.py:830} INFO - Processing file /home/airflow/.local/lib/python3.12/site-packages/airflow/example_dags/example_latest_only.py for tasks to queue
[2024-06-29T12:25:08.972+0000] {logging_mixin.py:188} INFO - [2024-06-29T12:25:08.972+0000] {dagbag.py:545} INFO - Filling up the DagBag from /home/airflow/.local/lib/python3.12/site-packages/airflow/example_dags/example_latest_only.py
[2024-06-29T12:25:08.974+0000] {processor.py:840} INFO - DAG(s) 'latest_only' retrieved from /home/airflow/.local/lib/python3.12/site-packages/airflow/example_dags/example_latest_only.py
[2024-06-29T12:25:08.988+0000] {logging_mixin.py:188} INFO - [2024-06-29T12:25:08.988+0000] {dag.py:3096} INFO - Sync 1 DAGs
[2024-06-29T12:25:08.999+0000] {logging_mixin.py:188} INFO - [2024-06-29T12:25:08.999+0000] {dag.py:3954} INFO - Setting next_dagrun for latest_only to 2024-06-29 08:00:00+00:00, run_after=2024-06-29 12:00:00+00:00
[2024-06-29T12:25:09.007+0000] {processor.py:183} INFO - Processing /home/airflow/.local/lib/python3.12/site-packages/airflow/example_dags/example_latest_only.py took 0.040 seconds
