[2024-06-29T11:54:21.126+0000] {processor.py:161} INFO - Started process (PID=350) to work on /home/airflow/.local/lib/python3.12/site-packages/airflow/example_dags/example_short_circuit_operator.py
[2024-06-29T11:54:21.127+0000] {processor.py:830} INFO - Processing file /home/airflow/.local/lib/python3.12/site-packages/airflow/example_dags/example_short_circuit_operator.py for tasks to queue
[2024-06-29T11:54:21.128+0000] {logging_mixin.py:188} INFO - [2024-06-29T11:54:21.128+0000] {dagbag.py:545} INFO - Filling up the DagBag from /home/airflow/.local/lib/python3.12/site-packages/airflow/example_dags/example_short_circuit_operator.py
[2024-06-29T11:54:21.133+0000] {processor.py:840} INFO - DAG(s) 'example_short_circuit_operator' retrieved from /home/airflow/.local/lib/python3.12/site-packages/airflow/example_dags/example_short_circuit_operator.py
[2024-06-29T11:54:21.142+0000] {logging_mixin.py:188} INFO - [2024-06-29T11:54:21.142+0000] {dag.py:3096} INFO - Sync 1 DAGs
[2024-06-29T11:54:21.155+0000] {logging_mixin.py:188} INFO - [2024-06-29T11:54:21.155+0000] {dag.py:3954} INFO - Setting next_dagrun for example_short_circuit_operator to 2024-06-28 00:00:00+00:00, run_after=2024-06-29 00:00:00+00:00
[2024-06-29T11:54:21.165+0000] {processor.py:183} INFO - Processing /home/airflow/.local/lib/python3.12/site-packages/airflow/example_dags/example_short_circuit_operator.py took 0.042 seconds
[2024-06-29T11:54:52.877+0000] {processor.py:161} INFO - Started process (PID=612) to work on /home/airflow/.local/lib/python3.12/site-packages/airflow/example_dags/example_short_circuit_operator.py
[2024-06-29T11:54:52.877+0000] {processor.py:830} INFO - Processing file /home/airflow/.local/lib/python3.12/site-packages/airflow/example_dags/example_short_circuit_operator.py for tasks to queue
[2024-06-29T11:54:52.878+0000] {logging_mixin.py:188} INFO - [2024-06-29T11:54:52.878+0000] {dagbag.py:545} INFO - Filling up the DagBag from /home/airflow/.local/lib/python3.12/site-packages/airflow/example_dags/example_short_circuit_operator.py
[2024-06-29T11:54:52.882+0000] {processor.py:840} INFO - DAG(s) 'example_short_circuit_operator' retrieved from /home/airflow/.local/lib/python3.12/site-packages/airflow/example_dags/example_short_circuit_operator.py
[2024-06-29T11:54:52.935+0000] {logging_mixin.py:188} INFO - [2024-06-29T11:54:52.934+0000] {dag.py:3096} INFO - Sync 1 DAGs
[2024-06-29T11:54:52.945+0000] {logging_mixin.py:188} INFO - [2024-06-29T11:54:52.945+0000] {dag.py:3954} INFO - Setting next_dagrun for example_short_circuit_operator to 2024-06-28 00:00:00+00:00, run_after=2024-06-29 00:00:00+00:00
[2024-06-29T11:54:52.956+0000] {processor.py:183} INFO - Processing /home/airflow/.local/lib/python3.12/site-packages/airflow/example_dags/example_short_circuit_operator.py took 0.083 seconds
[2024-06-29T11:55:23.051+0000] {processor.py:161} INFO - Started process (PID=874) to work on /home/airflow/.local/lib/python3.12/site-packages/airflow/example_dags/example_short_circuit_operator.py
[2024-06-29T11:55:23.052+0000] {processor.py:830} INFO - Processing file /home/airflow/.local/lib/python3.12/site-packages/airflow/example_dags/example_short_circuit_operator.py for tasks to queue
[2024-06-29T11:55:23.054+0000] {logging_mixin.py:188} INFO - [2024-06-29T11:55:23.054+0000] {dagbag.py:545} INFO - Filling up the DagBag from /home/airflow/.local/lib/python3.12/site-packages/airflow/example_dags/example_short_circuit_operator.py
[2024-06-29T11:55:23.061+0000] {processor.py:840} INFO - DAG(s) 'example_short_circuit_operator' retrieved from /home/airflow/.local/lib/python3.12/site-packages/airflow/example_dags/example_short_circuit_operator.py
[2024-06-29T11:55:23.082+0000] {logging_mixin.py:188} INFO - [2024-06-29T11:55:23.082+0000] {dag.py:3096} INFO - Sync 1 DAGs
[2024-06-29T11:55:23.095+0000] {logging_mixin.py:188} INFO - [2024-06-29T11:55:23.095+0000] {dag.py:3954} INFO - Setting next_dagrun for example_short_circuit_operator to 2024-06-28 00:00:00+00:00, run_after=2024-06-29 00:00:00+00:00
[2024-06-29T11:55:23.106+0000] {processor.py:183} INFO - Processing /home/airflow/.local/lib/python3.12/site-packages/airflow/example_dags/example_short_circuit_operator.py took 0.060 seconds
[2024-06-29T11:55:53.429+0000] {processor.py:161} INFO - Started process (PID=1136) to work on /home/airflow/.local/lib/python3.12/site-packages/airflow/example_dags/example_short_circuit_operator.py
[2024-06-29T11:55:53.430+0000] {processor.py:830} INFO - Processing file /home/airflow/.local/lib/python3.12/site-packages/airflow/example_dags/example_short_circuit_operator.py for tasks to queue
[2024-06-29T11:55:53.431+0000] {logging_mixin.py:188} INFO - [2024-06-29T11:55:53.431+0000] {dagbag.py:545} INFO - Filling up the DagBag from /home/airflow/.local/lib/python3.12/site-packages/airflow/example_dags/example_short_circuit_operator.py
[2024-06-29T11:55:53.435+0000] {processor.py:840} INFO - DAG(s) 'example_short_circuit_operator' retrieved from /home/airflow/.local/lib/python3.12/site-packages/airflow/example_dags/example_short_circuit_operator.py
[2024-06-29T11:55:53.450+0000] {logging_mixin.py:188} INFO - [2024-06-29T11:55:53.450+0000] {dag.py:3096} INFO - Sync 1 DAGs
[2024-06-29T11:55:53.462+0000] {logging_mixin.py:188} INFO - [2024-06-29T11:55:53.462+0000] {dag.py:3954} INFO - Setting next_dagrun for example_short_circuit_operator to 2024-06-28 00:00:00+00:00, run_after=2024-06-29 00:00:00+00:00
[2024-06-29T11:55:53.471+0000] {processor.py:183} INFO - Processing /home/airflow/.local/lib/python3.12/site-packages/airflow/example_dags/example_short_circuit_operator.py took 0.046 seconds
[2024-06-29T11:56:23.673+0000] {processor.py:161} INFO - Started process (PID=1399) to work on /home/airflow/.local/lib/python3.12/site-packages/airflow/example_dags/example_short_circuit_operator.py
[2024-06-29T11:56:23.674+0000] {processor.py:830} INFO - Processing file /home/airflow/.local/lib/python3.12/site-packages/airflow/example_dags/example_short_circuit_operator.py for tasks to queue
[2024-06-29T11:56:23.675+0000] {logging_mixin.py:188} INFO - [2024-06-29T11:56:23.675+0000] {dagbag.py:545} INFO - Filling up the DagBag from /home/airflow/.local/lib/python3.12/site-packages/airflow/example_dags/example_short_circuit_operator.py
[2024-06-29T11:56:23.679+0000] {processor.py:840} INFO - DAG(s) 'example_short_circuit_operator' retrieved from /home/airflow/.local/lib/python3.12/site-packages/airflow/example_dags/example_short_circuit_operator.py
[2024-06-29T11:56:23.694+0000] {logging_mixin.py:188} INFO - [2024-06-29T11:56:23.694+0000] {dag.py:3096} INFO - Sync 1 DAGs
[2024-06-29T11:56:23.705+0000] {logging_mixin.py:188} INFO - [2024-06-29T11:56:23.705+0000] {dag.py:3954} INFO - Setting next_dagrun for example_short_circuit_operator to 2024-06-28 00:00:00+00:00, run_after=2024-06-29 00:00:00+00:00
[2024-06-29T11:56:23.714+0000] {processor.py:183} INFO - Processing /home/airflow/.local/lib/python3.12/site-packages/airflow/example_dags/example_short_circuit_operator.py took 0.045 seconds
[2024-06-29T11:56:53.838+0000] {processor.py:161} INFO - Started process (PID=1661) to work on /home/airflow/.local/lib/python3.12/site-packages/airflow/example_dags/example_short_circuit_operator.py
[2024-06-29T11:56:53.839+0000] {processor.py:830} INFO - Processing file /home/airflow/.local/lib/python3.12/site-packages/airflow/example_dags/example_short_circuit_operator.py for tasks to queue
[2024-06-29T11:56:53.840+0000] {logging_mixin.py:188} INFO - [2024-06-29T11:56:53.840+0000] {dagbag.py:545} INFO - Filling up the DagBag from /home/airflow/.local/lib/python3.12/site-packages/airflow/example_dags/example_short_circuit_operator.py
[2024-06-29T11:56:53.844+0000] {processor.py:840} INFO - DAG(s) 'example_short_circuit_operator' retrieved from /home/airflow/.local/lib/python3.12/site-packages/airflow/example_dags/example_short_circuit_operator.py
[2024-06-29T11:56:53.859+0000] {logging_mixin.py:188} INFO - [2024-06-29T11:56:53.858+0000] {dag.py:3096} INFO - Sync 1 DAGs
[2024-06-29T11:56:53.870+0000] {logging_mixin.py:188} INFO - [2024-06-29T11:56:53.870+0000] {dag.py:3954} INFO - Setting next_dagrun for example_short_circuit_operator to 2024-06-28 00:00:00+00:00, run_after=2024-06-29 00:00:00+00:00
[2024-06-29T11:56:53.879+0000] {processor.py:183} INFO - Processing /home/airflow/.local/lib/python3.12/site-packages/airflow/example_dags/example_short_circuit_operator.py took 0.045 seconds
[2024-06-29T11:57:24.221+0000] {processor.py:161} INFO - Started process (PID=1923) to work on /home/airflow/.local/lib/python3.12/site-packages/airflow/example_dags/example_short_circuit_operator.py
[2024-06-29T11:57:24.222+0000] {processor.py:830} INFO - Processing file /home/airflow/.local/lib/python3.12/site-packages/airflow/example_dags/example_short_circuit_operator.py for tasks to queue
[2024-06-29T11:57:24.223+0000] {logging_mixin.py:188} INFO - [2024-06-29T11:57:24.223+0000] {dagbag.py:545} INFO - Filling up the DagBag from /home/airflow/.local/lib/python3.12/site-packages/airflow/example_dags/example_short_circuit_operator.py
[2024-06-29T11:57:24.227+0000] {processor.py:840} INFO - DAG(s) 'example_short_circuit_operator' retrieved from /home/airflow/.local/lib/python3.12/site-packages/airflow/example_dags/example_short_circuit_operator.py
[2024-06-29T11:57:24.243+0000] {logging_mixin.py:188} INFO - [2024-06-29T11:57:24.243+0000] {dag.py:3096} INFO - Sync 1 DAGs
[2024-06-29T11:57:24.255+0000] {logging_mixin.py:188} INFO - [2024-06-29T11:57:24.255+0000] {dag.py:3954} INFO - Setting next_dagrun for example_short_circuit_operator to 2024-06-28 00:00:00+00:00, run_after=2024-06-29 00:00:00+00:00
[2024-06-29T11:57:24.265+0000] {processor.py:183} INFO - Processing /home/airflow/.local/lib/python3.12/site-packages/airflow/example_dags/example_short_circuit_operator.py took 0.047 seconds
[2024-06-29T11:57:54.424+0000] {processor.py:161} INFO - Started process (PID=2185) to work on /home/airflow/.local/lib/python3.12/site-packages/airflow/example_dags/example_short_circuit_operator.py
[2024-06-29T11:57:54.425+0000] {processor.py:830} INFO - Processing file /home/airflow/.local/lib/python3.12/site-packages/airflow/example_dags/example_short_circuit_operator.py for tasks to queue
[2024-06-29T11:57:54.426+0000] {logging_mixin.py:188} INFO - [2024-06-29T11:57:54.426+0000] {dagbag.py:545} INFO - Filling up the DagBag from /home/airflow/.local/lib/python3.12/site-packages/airflow/example_dags/example_short_circuit_operator.py
[2024-06-29T11:57:54.430+0000] {processor.py:840} INFO - DAG(s) 'example_short_circuit_operator' retrieved from /home/airflow/.local/lib/python3.12/site-packages/airflow/example_dags/example_short_circuit_operator.py
[2024-06-29T11:57:54.445+0000] {logging_mixin.py:188} INFO - [2024-06-29T11:57:54.445+0000] {dag.py:3096} INFO - Sync 1 DAGs
[2024-06-29T11:57:54.456+0000] {logging_mixin.py:188} INFO - [2024-06-29T11:57:54.456+0000] {dag.py:3954} INFO - Setting next_dagrun for example_short_circuit_operator to 2024-06-28 00:00:00+00:00, run_after=2024-06-29 00:00:00+00:00
[2024-06-29T11:57:54.466+0000] {processor.py:183} INFO - Processing /home/airflow/.local/lib/python3.12/site-packages/airflow/example_dags/example_short_circuit_operator.py took 0.046 seconds
[2024-06-29T11:58:24.654+0000] {processor.py:161} INFO - Started process (PID=2447) to work on /home/airflow/.local/lib/python3.12/site-packages/airflow/example_dags/example_short_circuit_operator.py
[2024-06-29T11:58:24.655+0000] {processor.py:830} INFO - Processing file /home/airflow/.local/lib/python3.12/site-packages/airflow/example_dags/example_short_circuit_operator.py for tasks to queue
[2024-06-29T11:58:24.656+0000] {logging_mixin.py:188} INFO - [2024-06-29T11:58:24.656+0000] {dagbag.py:545} INFO - Filling up the DagBag from /home/airflow/.local/lib/python3.12/site-packages/airflow/example_dags/example_short_circuit_operator.py
[2024-06-29T11:58:24.660+0000] {processor.py:840} INFO - DAG(s) 'example_short_circuit_operator' retrieved from /home/airflow/.local/lib/python3.12/site-packages/airflow/example_dags/example_short_circuit_operator.py
[2024-06-29T11:58:24.675+0000] {logging_mixin.py:188} INFO - [2024-06-29T11:58:24.675+0000] {dag.py:3096} INFO - Sync 1 DAGs
[2024-06-29T11:58:24.686+0000] {logging_mixin.py:188} INFO - [2024-06-29T11:58:24.686+0000] {dag.py:3954} INFO - Setting next_dagrun for example_short_circuit_operator to 2024-06-28 00:00:00+00:00, run_after=2024-06-29 00:00:00+00:00
[2024-06-29T11:58:24.696+0000] {processor.py:183} INFO - Processing /home/airflow/.local/lib/python3.12/site-packages/airflow/example_dags/example_short_circuit_operator.py took 0.045 seconds
[2024-06-29T11:58:54.982+0000] {processor.py:161} INFO - Started process (PID=2709) to work on /home/airflow/.local/lib/python3.12/site-packages/airflow/example_dags/example_short_circuit_operator.py
[2024-06-29T11:58:54.983+0000] {processor.py:830} INFO - Processing file /home/airflow/.local/lib/python3.12/site-packages/airflow/example_dags/example_short_circuit_operator.py for tasks to queue
[2024-06-29T11:58:54.984+0000] {logging_mixin.py:188} INFO - [2024-06-29T11:58:54.984+0000] {dagbag.py:545} INFO - Filling up the DagBag from /home/airflow/.local/lib/python3.12/site-packages/airflow/example_dags/example_short_circuit_operator.py
[2024-06-29T11:58:54.988+0000] {processor.py:840} INFO - DAG(s) 'example_short_circuit_operator' retrieved from /home/airflow/.local/lib/python3.12/site-packages/airflow/example_dags/example_short_circuit_operator.py
[2024-06-29T11:58:55.002+0000] {logging_mixin.py:188} INFO - [2024-06-29T11:58:55.002+0000] {dag.py:3096} INFO - Sync 1 DAGs
[2024-06-29T11:58:55.013+0000] {logging_mixin.py:188} INFO - [2024-06-29T11:58:55.013+0000] {dag.py:3954} INFO - Setting next_dagrun for example_short_circuit_operator to 2024-06-28 00:00:00+00:00, run_after=2024-06-29 00:00:00+00:00
[2024-06-29T11:58:55.022+0000] {processor.py:183} INFO - Processing /home/airflow/.local/lib/python3.12/site-packages/airflow/example_dags/example_short_circuit_operator.py took 0.043 seconds
[2024-06-29T11:59:25.230+0000] {processor.py:161} INFO - Started process (PID=2971) to work on /home/airflow/.local/lib/python3.12/site-packages/airflow/example_dags/example_short_circuit_operator.py
[2024-06-29T11:59:25.231+0000] {processor.py:830} INFO - Processing file /home/airflow/.local/lib/python3.12/site-packages/airflow/example_dags/example_short_circuit_operator.py for tasks to queue
[2024-06-29T11:59:25.232+0000] {logging_mixin.py:188} INFO - [2024-06-29T11:59:25.232+0000] {dagbag.py:545} INFO - Filling up the DagBag from /home/airflow/.local/lib/python3.12/site-packages/airflow/example_dags/example_short_circuit_operator.py
[2024-06-29T11:59:25.236+0000] {processor.py:840} INFO - DAG(s) 'example_short_circuit_operator' retrieved from /home/airflow/.local/lib/python3.12/site-packages/airflow/example_dags/example_short_circuit_operator.py
[2024-06-29T11:59:25.251+0000] {logging_mixin.py:188} INFO - [2024-06-29T11:59:25.251+0000] {dag.py:3096} INFO - Sync 1 DAGs
[2024-06-29T11:59:25.262+0000] {logging_mixin.py:188} INFO - [2024-06-29T11:59:25.262+0000] {dag.py:3954} INFO - Setting next_dagrun for example_short_circuit_operator to 2024-06-28 00:00:00+00:00, run_after=2024-06-29 00:00:00+00:00
[2024-06-29T11:59:25.271+0000] {processor.py:183} INFO - Processing /home/airflow/.local/lib/python3.12/site-packages/airflow/example_dags/example_short_circuit_operator.py took 0.045 seconds
[2024-06-29T11:59:55.436+0000] {processor.py:161} INFO - Started process (PID=3233) to work on /home/airflow/.local/lib/python3.12/site-packages/airflow/example_dags/example_short_circuit_operator.py
[2024-06-29T11:59:55.437+0000] {processor.py:830} INFO - Processing file /home/airflow/.local/lib/python3.12/site-packages/airflow/example_dags/example_short_circuit_operator.py for tasks to queue
[2024-06-29T11:59:55.438+0000] {logging_mixin.py:188} INFO - [2024-06-29T11:59:55.438+0000] {dagbag.py:545} INFO - Filling up the DagBag from /home/airflow/.local/lib/python3.12/site-packages/airflow/example_dags/example_short_circuit_operator.py
[2024-06-29T11:59:55.442+0000] {processor.py:840} INFO - DAG(s) 'example_short_circuit_operator' retrieved from /home/airflow/.local/lib/python3.12/site-packages/airflow/example_dags/example_short_circuit_operator.py
[2024-06-29T11:59:55.457+0000] {logging_mixin.py:188} INFO - [2024-06-29T11:59:55.457+0000] {dag.py:3096} INFO - Sync 1 DAGs
[2024-06-29T11:59:55.468+0000] {logging_mixin.py:188} INFO - [2024-06-29T11:59:55.468+0000] {dag.py:3954} INFO - Setting next_dagrun for example_short_circuit_operator to 2024-06-28 00:00:00+00:00, run_after=2024-06-29 00:00:00+00:00
[2024-06-29T11:59:55.477+0000] {processor.py:183} INFO - Processing /home/airflow/.local/lib/python3.12/site-packages/airflow/example_dags/example_short_circuit_operator.py took 0.045 seconds
[2024-06-29T12:00:25.601+0000] {processor.py:161} INFO - Started process (PID=3495) to work on /home/airflow/.local/lib/python3.12/site-packages/airflow/example_dags/example_short_circuit_operator.py
[2024-06-29T12:00:25.602+0000] {processor.py:830} INFO - Processing file /home/airflow/.local/lib/python3.12/site-packages/airflow/example_dags/example_short_circuit_operator.py for tasks to queue
[2024-06-29T12:00:25.603+0000] {logging_mixin.py:188} INFO - [2024-06-29T12:00:25.603+0000] {dagbag.py:545} INFO - Filling up the DagBag from /home/airflow/.local/lib/python3.12/site-packages/airflow/example_dags/example_short_circuit_operator.py
[2024-06-29T12:00:25.607+0000] {processor.py:840} INFO - DAG(s) 'example_short_circuit_operator' retrieved from /home/airflow/.local/lib/python3.12/site-packages/airflow/example_dags/example_short_circuit_operator.py
[2024-06-29T12:00:25.622+0000] {logging_mixin.py:188} INFO - [2024-06-29T12:00:25.622+0000] {dag.py:3096} INFO - Sync 1 DAGs
[2024-06-29T12:00:25.633+0000] {logging_mixin.py:188} INFO - [2024-06-29T12:00:25.633+0000] {dag.py:3954} INFO - Setting next_dagrun for example_short_circuit_operator to 2024-06-28 00:00:00+00:00, run_after=2024-06-29 00:00:00+00:00
[2024-06-29T12:00:25.643+0000] {processor.py:183} INFO - Processing /home/airflow/.local/lib/python3.12/site-packages/airflow/example_dags/example_short_circuit_operator.py took 0.045 seconds
[2024-06-29T12:00:55.840+0000] {processor.py:161} INFO - Started process (PID=3757) to work on /home/airflow/.local/lib/python3.12/site-packages/airflow/example_dags/example_short_circuit_operator.py
[2024-06-29T12:00:55.841+0000] {processor.py:830} INFO - Processing file /home/airflow/.local/lib/python3.12/site-packages/airflow/example_dags/example_short_circuit_operator.py for tasks to queue
[2024-06-29T12:00:55.842+0000] {logging_mixin.py:188} INFO - [2024-06-29T12:00:55.842+0000] {dagbag.py:545} INFO - Filling up the DagBag from /home/airflow/.local/lib/python3.12/site-packages/airflow/example_dags/example_short_circuit_operator.py
[2024-06-29T12:00:55.846+0000] {processor.py:840} INFO - DAG(s) 'example_short_circuit_operator' retrieved from /home/airflow/.local/lib/python3.12/site-packages/airflow/example_dags/example_short_circuit_operator.py
[2024-06-29T12:00:55.861+0000] {logging_mixin.py:188} INFO - [2024-06-29T12:00:55.861+0000] {dag.py:3096} INFO - Sync 1 DAGs
[2024-06-29T12:00:55.872+0000] {logging_mixin.py:188} INFO - [2024-06-29T12:00:55.872+0000] {dag.py:3954} INFO - Setting next_dagrun for example_short_circuit_operator to 2024-06-28 00:00:00+00:00, run_after=2024-06-29 00:00:00+00:00
[2024-06-29T12:00:55.881+0000] {processor.py:183} INFO - Processing /home/airflow/.local/lib/python3.12/site-packages/airflow/example_dags/example_short_circuit_operator.py took 0.044 seconds
[2024-06-29T12:01:26.025+0000] {processor.py:161} INFO - Started process (PID=4019) to work on /home/airflow/.local/lib/python3.12/site-packages/airflow/example_dags/example_short_circuit_operator.py
[2024-06-29T12:01:26.025+0000] {processor.py:830} INFO - Processing file /home/airflow/.local/lib/python3.12/site-packages/airflow/example_dags/example_short_circuit_operator.py for tasks to queue
[2024-06-29T12:01:26.026+0000] {logging_mixin.py:188} INFO - [2024-06-29T12:01:26.026+0000] {dagbag.py:545} INFO - Filling up the DagBag from /home/airflow/.local/lib/python3.12/site-packages/airflow/example_dags/example_short_circuit_operator.py
[2024-06-29T12:01:26.031+0000] {processor.py:840} INFO - DAG(s) 'example_short_circuit_operator' retrieved from /home/airflow/.local/lib/python3.12/site-packages/airflow/example_dags/example_short_circuit_operator.py
[2024-06-29T12:01:26.046+0000] {logging_mixin.py:188} INFO - [2024-06-29T12:01:26.046+0000] {dag.py:3096} INFO - Sync 1 DAGs
[2024-06-29T12:01:26.058+0000] {logging_mixin.py:188} INFO - [2024-06-29T12:01:26.058+0000] {dag.py:3954} INFO - Setting next_dagrun for example_short_circuit_operator to 2024-06-28 00:00:00+00:00, run_after=2024-06-29 00:00:00+00:00
[2024-06-29T12:01:26.068+0000] {processor.py:183} INFO - Processing /home/airflow/.local/lib/python3.12/site-packages/airflow/example_dags/example_short_circuit_operator.py took 0.047 seconds
[2024-06-29T12:01:56.309+0000] {processor.py:161} INFO - Started process (PID=4281) to work on /home/airflow/.local/lib/python3.12/site-packages/airflow/example_dags/example_short_circuit_operator.py
[2024-06-29T12:01:56.309+0000] {processor.py:830} INFO - Processing file /home/airflow/.local/lib/python3.12/site-packages/airflow/example_dags/example_short_circuit_operator.py for tasks to queue
[2024-06-29T12:01:56.311+0000] {logging_mixin.py:188} INFO - [2024-06-29T12:01:56.310+0000] {dagbag.py:545} INFO - Filling up the DagBag from /home/airflow/.local/lib/python3.12/site-packages/airflow/example_dags/example_short_circuit_operator.py
[2024-06-29T12:01:56.315+0000] {processor.py:840} INFO - DAG(s) 'example_short_circuit_operator' retrieved from /home/airflow/.local/lib/python3.12/site-packages/airflow/example_dags/example_short_circuit_operator.py
[2024-06-29T12:01:56.330+0000] {logging_mixin.py:188} INFO - [2024-06-29T12:01:56.330+0000] {dag.py:3096} INFO - Sync 1 DAGs
[2024-06-29T12:01:56.342+0000] {logging_mixin.py:188} INFO - [2024-06-29T12:01:56.342+0000] {dag.py:3954} INFO - Setting next_dagrun for example_short_circuit_operator to 2024-06-28 00:00:00+00:00, run_after=2024-06-29 00:00:00+00:00
[2024-06-29T12:01:56.352+0000] {processor.py:183} INFO - Processing /home/airflow/.local/lib/python3.12/site-packages/airflow/example_dags/example_short_circuit_operator.py took 0.047 seconds
[2024-06-29T12:02:26.543+0000] {processor.py:161} INFO - Started process (PID=4543) to work on /home/airflow/.local/lib/python3.12/site-packages/airflow/example_dags/example_short_circuit_operator.py
[2024-06-29T12:02:26.544+0000] {processor.py:830} INFO - Processing file /home/airflow/.local/lib/python3.12/site-packages/airflow/example_dags/example_short_circuit_operator.py for tasks to queue
[2024-06-29T12:02:26.545+0000] {logging_mixin.py:188} INFO - [2024-06-29T12:02:26.544+0000] {dagbag.py:545} INFO - Filling up the DagBag from /home/airflow/.local/lib/python3.12/site-packages/airflow/example_dags/example_short_circuit_operator.py
[2024-06-29T12:02:26.549+0000] {processor.py:840} INFO - DAG(s) 'example_short_circuit_operator' retrieved from /home/airflow/.local/lib/python3.12/site-packages/airflow/example_dags/example_short_circuit_operator.py
[2024-06-29T12:02:26.563+0000] {logging_mixin.py:188} INFO - [2024-06-29T12:02:26.563+0000] {dag.py:3096} INFO - Sync 1 DAGs
[2024-06-29T12:02:26.574+0000] {logging_mixin.py:188} INFO - [2024-06-29T12:02:26.574+0000] {dag.py:3954} INFO - Setting next_dagrun for example_short_circuit_operator to 2024-06-28 00:00:00+00:00, run_after=2024-06-29 00:00:00+00:00
[2024-06-29T12:02:26.583+0000] {processor.py:183} INFO - Processing /home/airflow/.local/lib/python3.12/site-packages/airflow/example_dags/example_short_circuit_operator.py took 0.044 seconds
[2024-06-29T12:02:56.924+0000] {processor.py:161} INFO - Started process (PID=4805) to work on /home/airflow/.local/lib/python3.12/site-packages/airflow/example_dags/example_short_circuit_operator.py
[2024-06-29T12:02:56.925+0000] {processor.py:830} INFO - Processing file /home/airflow/.local/lib/python3.12/site-packages/airflow/example_dags/example_short_circuit_operator.py for tasks to queue
[2024-06-29T12:02:56.926+0000] {logging_mixin.py:188} INFO - [2024-06-29T12:02:56.926+0000] {dagbag.py:545} INFO - Filling up the DagBag from /home/airflow/.local/lib/python3.12/site-packages/airflow/example_dags/example_short_circuit_operator.py
[2024-06-29T12:02:56.930+0000] {processor.py:840} INFO - DAG(s) 'example_short_circuit_operator' retrieved from /home/airflow/.local/lib/python3.12/site-packages/airflow/example_dags/example_short_circuit_operator.py
[2024-06-29T12:02:56.946+0000] {logging_mixin.py:188} INFO - [2024-06-29T12:02:56.945+0000] {dag.py:3096} INFO - Sync 1 DAGs
[2024-06-29T12:02:56.957+0000] {logging_mixin.py:188} INFO - [2024-06-29T12:02:56.957+0000] {dag.py:3954} INFO - Setting next_dagrun for example_short_circuit_operator to 2024-06-28 00:00:00+00:00, run_after=2024-06-29 00:00:00+00:00
[2024-06-29T12:02:56.966+0000] {processor.py:183} INFO - Processing /home/airflow/.local/lib/python3.12/site-packages/airflow/example_dags/example_short_circuit_operator.py took 0.046 seconds
[2024-06-29T12:03:27.263+0000] {processor.py:161} INFO - Started process (PID=5077) to work on /home/airflow/.local/lib/python3.12/site-packages/airflow/example_dags/example_short_circuit_operator.py
[2024-06-29T12:03:27.264+0000] {processor.py:830} INFO - Processing file /home/airflow/.local/lib/python3.12/site-packages/airflow/example_dags/example_short_circuit_operator.py for tasks to queue
[2024-06-29T12:03:27.265+0000] {logging_mixin.py:188} INFO - [2024-06-29T12:03:27.265+0000] {dagbag.py:545} INFO - Filling up the DagBag from /home/airflow/.local/lib/python3.12/site-packages/airflow/example_dags/example_short_circuit_operator.py
[2024-06-29T12:03:27.269+0000] {processor.py:840} INFO - DAG(s) 'example_short_circuit_operator' retrieved from /home/airflow/.local/lib/python3.12/site-packages/airflow/example_dags/example_short_circuit_operator.py
[2024-06-29T12:03:27.283+0000] {logging_mixin.py:188} INFO - [2024-06-29T12:03:27.283+0000] {dag.py:3096} INFO - Sync 1 DAGs
[2024-06-29T12:03:27.293+0000] {logging_mixin.py:188} INFO - [2024-06-29T12:03:27.293+0000] {dag.py:3954} INFO - Setting next_dagrun for example_short_circuit_operator to 2024-06-28 00:00:00+00:00, run_after=2024-06-29 00:00:00+00:00
[2024-06-29T12:03:27.301+0000] {processor.py:183} INFO - Processing /home/airflow/.local/lib/python3.12/site-packages/airflow/example_dags/example_short_circuit_operator.py took 0.041 seconds
[2024-06-29T12:03:57.368+0000] {processor.py:161} INFO - Started process (PID=5337) to work on /home/airflow/.local/lib/python3.12/site-packages/airflow/example_dags/example_short_circuit_operator.py
[2024-06-29T12:03:57.369+0000] {processor.py:830} INFO - Processing file /home/airflow/.local/lib/python3.12/site-packages/airflow/example_dags/example_short_circuit_operator.py for tasks to queue
[2024-06-29T12:03:57.370+0000] {logging_mixin.py:188} INFO - [2024-06-29T12:03:57.370+0000] {dagbag.py:545} INFO - Filling up the DagBag from /home/airflow/.local/lib/python3.12/site-packages/airflow/example_dags/example_short_circuit_operator.py
[2024-06-29T12:03:57.374+0000] {processor.py:840} INFO - DAG(s) 'example_short_circuit_operator' retrieved from /home/airflow/.local/lib/python3.12/site-packages/airflow/example_dags/example_short_circuit_operator.py
[2024-06-29T12:03:57.388+0000] {logging_mixin.py:188} INFO - [2024-06-29T12:03:57.388+0000] {dag.py:3096} INFO - Sync 1 DAGs
[2024-06-29T12:03:57.400+0000] {logging_mixin.py:188} INFO - [2024-06-29T12:03:57.399+0000] {dag.py:3954} INFO - Setting next_dagrun for example_short_circuit_operator to 2024-06-28 00:00:00+00:00, run_after=2024-06-29 00:00:00+00:00
[2024-06-29T12:03:57.409+0000] {processor.py:183} INFO - Processing /home/airflow/.local/lib/python3.12/site-packages/airflow/example_dags/example_short_circuit_operator.py took 0.044 seconds
[2024-06-29T12:04:27.699+0000] {processor.py:161} INFO - Started process (PID=5599) to work on /home/airflow/.local/lib/python3.12/site-packages/airflow/example_dags/example_short_circuit_operator.py
[2024-06-29T12:04:27.700+0000] {processor.py:830} INFO - Processing file /home/airflow/.local/lib/python3.12/site-packages/airflow/example_dags/example_short_circuit_operator.py for tasks to queue
[2024-06-29T12:04:27.701+0000] {logging_mixin.py:188} INFO - [2024-06-29T12:04:27.701+0000] {dagbag.py:545} INFO - Filling up the DagBag from /home/airflow/.local/lib/python3.12/site-packages/airflow/example_dags/example_short_circuit_operator.py
[2024-06-29T12:04:27.705+0000] {processor.py:840} INFO - DAG(s) 'example_short_circuit_operator' retrieved from /home/airflow/.local/lib/python3.12/site-packages/airflow/example_dags/example_short_circuit_operator.py
[2024-06-29T12:04:27.721+0000] {logging_mixin.py:188} INFO - [2024-06-29T12:04:27.721+0000] {dag.py:3096} INFO - Sync 1 DAGs
[2024-06-29T12:04:27.731+0000] {logging_mixin.py:188} INFO - [2024-06-29T12:04:27.731+0000] {dag.py:3954} INFO - Setting next_dagrun for example_short_circuit_operator to 2024-06-28 00:00:00+00:00, run_after=2024-06-29 00:00:00+00:00
[2024-06-29T12:04:27.739+0000] {processor.py:183} INFO - Processing /home/airflow/.local/lib/python3.12/site-packages/airflow/example_dags/example_short_circuit_operator.py took 0.043 seconds
[2024-06-29T12:04:58.115+0000] {processor.py:161} INFO - Started process (PID=5863) to work on /home/airflow/.local/lib/python3.12/site-packages/airflow/example_dags/example_short_circuit_operator.py
[2024-06-29T12:04:58.116+0000] {processor.py:830} INFO - Processing file /home/airflow/.local/lib/python3.12/site-packages/airflow/example_dags/example_short_circuit_operator.py for tasks to queue
[2024-06-29T12:04:58.117+0000] {logging_mixin.py:188} INFO - [2024-06-29T12:04:58.117+0000] {dagbag.py:545} INFO - Filling up the DagBag from /home/airflow/.local/lib/python3.12/site-packages/airflow/example_dags/example_short_circuit_operator.py
[2024-06-29T12:04:58.122+0000] {processor.py:840} INFO - DAG(s) 'example_short_circuit_operator' retrieved from /home/airflow/.local/lib/python3.12/site-packages/airflow/example_dags/example_short_circuit_operator.py
[2024-06-29T12:04:58.136+0000] {logging_mixin.py:188} INFO - [2024-06-29T12:04:58.136+0000] {dag.py:3096} INFO - Sync 1 DAGs
[2024-06-29T12:04:58.147+0000] {logging_mixin.py:188} INFO - [2024-06-29T12:04:58.147+0000] {dag.py:3954} INFO - Setting next_dagrun for example_short_circuit_operator to 2024-06-28 00:00:00+00:00, run_after=2024-06-29 00:00:00+00:00
[2024-06-29T12:04:58.155+0000] {processor.py:183} INFO - Processing /home/airflow/.local/lib/python3.12/site-packages/airflow/example_dags/example_short_circuit_operator.py took 0.044 seconds
[2024-06-29T12:05:28.188+0000] {processor.py:161} INFO - Started process (PID=6125) to work on /home/airflow/.local/lib/python3.12/site-packages/airflow/example_dags/example_short_circuit_operator.py
[2024-06-29T12:05:28.189+0000] {processor.py:830} INFO - Processing file /home/airflow/.local/lib/python3.12/site-packages/airflow/example_dags/example_short_circuit_operator.py for tasks to queue
[2024-06-29T12:05:28.190+0000] {logging_mixin.py:188} INFO - [2024-06-29T12:05:28.190+0000] {dagbag.py:545} INFO - Filling up the DagBag from /home/airflow/.local/lib/python3.12/site-packages/airflow/example_dags/example_short_circuit_operator.py
[2024-06-29T12:05:28.194+0000] {processor.py:840} INFO - DAG(s) 'example_short_circuit_operator' retrieved from /home/airflow/.local/lib/python3.12/site-packages/airflow/example_dags/example_short_circuit_operator.py
[2024-06-29T12:05:28.208+0000] {logging_mixin.py:188} INFO - [2024-06-29T12:05:28.208+0000] {dag.py:3096} INFO - Sync 1 DAGs
[2024-06-29T12:05:28.218+0000] {logging_mixin.py:188} INFO - [2024-06-29T12:05:28.218+0000] {dag.py:3954} INFO - Setting next_dagrun for example_short_circuit_operator to 2024-06-28 00:00:00+00:00, run_after=2024-06-29 00:00:00+00:00
[2024-06-29T12:05:28.226+0000] {processor.py:183} INFO - Processing /home/airflow/.local/lib/python3.12/site-packages/airflow/example_dags/example_short_circuit_operator.py took 0.041 seconds
[2024-06-29T12:05:58.469+0000] {processor.py:161} INFO - Started process (PID=6385) to work on /home/airflow/.local/lib/python3.12/site-packages/airflow/example_dags/example_short_circuit_operator.py
[2024-06-29T12:05:58.469+0000] {processor.py:830} INFO - Processing file /home/airflow/.local/lib/python3.12/site-packages/airflow/example_dags/example_short_circuit_operator.py for tasks to queue
[2024-06-29T12:05:58.470+0000] {logging_mixin.py:188} INFO - [2024-06-29T12:05:58.470+0000] {dagbag.py:545} INFO - Filling up the DagBag from /home/airflow/.local/lib/python3.12/site-packages/airflow/example_dags/example_short_circuit_operator.py
[2024-06-29T12:05:58.474+0000] {processor.py:840} INFO - DAG(s) 'example_short_circuit_operator' retrieved from /home/airflow/.local/lib/python3.12/site-packages/airflow/example_dags/example_short_circuit_operator.py
[2024-06-29T12:05:58.489+0000] {logging_mixin.py:188} INFO - [2024-06-29T12:05:58.489+0000] {dag.py:3096} INFO - Sync 1 DAGs
[2024-06-29T12:05:58.500+0000] {logging_mixin.py:188} INFO - [2024-06-29T12:05:58.500+0000] {dag.py:3954} INFO - Setting next_dagrun for example_short_circuit_operator to 2024-06-28 00:00:00+00:00, run_after=2024-06-29 00:00:00+00:00
[2024-06-29T12:05:58.510+0000] {processor.py:183} INFO - Processing /home/airflow/.local/lib/python3.12/site-packages/airflow/example_dags/example_short_circuit_operator.py took 0.045 seconds
[2024-06-29T12:06:28.723+0000] {processor.py:161} INFO - Started process (PID=6647) to work on /home/airflow/.local/lib/python3.12/site-packages/airflow/example_dags/example_short_circuit_operator.py
[2024-06-29T12:06:28.723+0000] {processor.py:830} INFO - Processing file /home/airflow/.local/lib/python3.12/site-packages/airflow/example_dags/example_short_circuit_operator.py for tasks to queue
[2024-06-29T12:06:28.725+0000] {logging_mixin.py:188} INFO - [2024-06-29T12:06:28.724+0000] {dagbag.py:545} INFO - Filling up the DagBag from /home/airflow/.local/lib/python3.12/site-packages/airflow/example_dags/example_short_circuit_operator.py
[2024-06-29T12:06:28.729+0000] {processor.py:840} INFO - DAG(s) 'example_short_circuit_operator' retrieved from /home/airflow/.local/lib/python3.12/site-packages/airflow/example_dags/example_short_circuit_operator.py
[2024-06-29T12:06:28.744+0000] {logging_mixin.py:188} INFO - [2024-06-29T12:06:28.743+0000] {dag.py:3096} INFO - Sync 1 DAGs
[2024-06-29T12:06:28.755+0000] {logging_mixin.py:188} INFO - [2024-06-29T12:06:28.755+0000] {dag.py:3954} INFO - Setting next_dagrun for example_short_circuit_operator to 2024-06-28 00:00:00+00:00, run_after=2024-06-29 00:00:00+00:00
[2024-06-29T12:06:28.763+0000] {processor.py:183} INFO - Processing /home/airflow/.local/lib/python3.12/site-packages/airflow/example_dags/example_short_circuit_operator.py took 0.044 seconds
[2024-06-29T12:06:58.937+0000] {processor.py:161} INFO - Started process (PID=6910) to work on /home/airflow/.local/lib/python3.12/site-packages/airflow/example_dags/example_short_circuit_operator.py
[2024-06-29T12:06:58.938+0000] {processor.py:830} INFO - Processing file /home/airflow/.local/lib/python3.12/site-packages/airflow/example_dags/example_short_circuit_operator.py for tasks to queue
[2024-06-29T12:06:58.939+0000] {logging_mixin.py:188} INFO - [2024-06-29T12:06:58.938+0000] {dagbag.py:545} INFO - Filling up the DagBag from /home/airflow/.local/lib/python3.12/site-packages/airflow/example_dags/example_short_circuit_operator.py
[2024-06-29T12:06:58.943+0000] {processor.py:840} INFO - DAG(s) 'example_short_circuit_operator' retrieved from /home/airflow/.local/lib/python3.12/site-packages/airflow/example_dags/example_short_circuit_operator.py
[2024-06-29T12:06:58.957+0000] {logging_mixin.py:188} INFO - [2024-06-29T12:06:58.957+0000] {dag.py:3096} INFO - Sync 1 DAGs
[2024-06-29T12:06:58.969+0000] {logging_mixin.py:188} INFO - [2024-06-29T12:06:58.969+0000] {dag.py:3954} INFO - Setting next_dagrun for example_short_circuit_operator to 2024-06-28 00:00:00+00:00, run_after=2024-06-29 00:00:00+00:00
[2024-06-29T12:06:58.978+0000] {processor.py:183} INFO - Processing /home/airflow/.local/lib/python3.12/site-packages/airflow/example_dags/example_short_circuit_operator.py took 0.045 seconds
[2024-06-29T12:07:29.150+0000] {processor.py:161} INFO - Started process (PID=7172) to work on /home/airflow/.local/lib/python3.12/site-packages/airflow/example_dags/example_short_circuit_operator.py
[2024-06-29T12:07:29.150+0000] {processor.py:830} INFO - Processing file /home/airflow/.local/lib/python3.12/site-packages/airflow/example_dags/example_short_circuit_operator.py for tasks to queue
[2024-06-29T12:07:29.151+0000] {logging_mixin.py:188} INFO - [2024-06-29T12:07:29.151+0000] {dagbag.py:545} INFO - Filling up the DagBag from /home/airflow/.local/lib/python3.12/site-packages/airflow/example_dags/example_short_circuit_operator.py
[2024-06-29T12:07:29.155+0000] {processor.py:840} INFO - DAG(s) 'example_short_circuit_operator' retrieved from /home/airflow/.local/lib/python3.12/site-packages/airflow/example_dags/example_short_circuit_operator.py
[2024-06-29T12:07:29.170+0000] {logging_mixin.py:188} INFO - [2024-06-29T12:07:29.170+0000] {dag.py:3096} INFO - Sync 1 DAGs
[2024-06-29T12:07:29.182+0000] {logging_mixin.py:188} INFO - [2024-06-29T12:07:29.182+0000] {dag.py:3954} INFO - Setting next_dagrun for example_short_circuit_operator to 2024-06-28 00:00:00+00:00, run_after=2024-06-29 00:00:00+00:00
[2024-06-29T12:07:29.191+0000] {processor.py:183} INFO - Processing /home/airflow/.local/lib/python3.12/site-packages/airflow/example_dags/example_short_circuit_operator.py took 0.045 seconds
[2024-06-29T12:07:59.308+0000] {processor.py:161} INFO - Started process (PID=7434) to work on /home/airflow/.local/lib/python3.12/site-packages/airflow/example_dags/example_short_circuit_operator.py
[2024-06-29T12:07:59.309+0000] {processor.py:830} INFO - Processing file /home/airflow/.local/lib/python3.12/site-packages/airflow/example_dags/example_short_circuit_operator.py for tasks to queue
[2024-06-29T12:07:59.310+0000] {logging_mixin.py:188} INFO - [2024-06-29T12:07:59.310+0000] {dagbag.py:545} INFO - Filling up the DagBag from /home/airflow/.local/lib/python3.12/site-packages/airflow/example_dags/example_short_circuit_operator.py
[2024-06-29T12:07:59.314+0000] {processor.py:840} INFO - DAG(s) 'example_short_circuit_operator' retrieved from /home/airflow/.local/lib/python3.12/site-packages/airflow/example_dags/example_short_circuit_operator.py
[2024-06-29T12:07:59.328+0000] {logging_mixin.py:188} INFO - [2024-06-29T12:07:59.328+0000] {dag.py:3096} INFO - Sync 1 DAGs
[2024-06-29T12:07:59.340+0000] {logging_mixin.py:188} INFO - [2024-06-29T12:07:59.339+0000] {dag.py:3954} INFO - Setting next_dagrun for example_short_circuit_operator to 2024-06-28 00:00:00+00:00, run_after=2024-06-29 00:00:00+00:00
[2024-06-29T12:07:59.349+0000] {processor.py:183} INFO - Processing /home/airflow/.local/lib/python3.12/site-packages/airflow/example_dags/example_short_circuit_operator.py took 0.044 seconds
[2024-06-29T12:08:29.503+0000] {processor.py:161} INFO - Started process (PID=7697) to work on /home/airflow/.local/lib/python3.12/site-packages/airflow/example_dags/example_short_circuit_operator.py
[2024-06-29T12:08:29.504+0000] {processor.py:830} INFO - Processing file /home/airflow/.local/lib/python3.12/site-packages/airflow/example_dags/example_short_circuit_operator.py for tasks to queue
[2024-06-29T12:08:29.505+0000] {logging_mixin.py:188} INFO - [2024-06-29T12:08:29.505+0000] {dagbag.py:545} INFO - Filling up the DagBag from /home/airflow/.local/lib/python3.12/site-packages/airflow/example_dags/example_short_circuit_operator.py
[2024-06-29T12:08:29.509+0000] {processor.py:840} INFO - DAG(s) 'example_short_circuit_operator' retrieved from /home/airflow/.local/lib/python3.12/site-packages/airflow/example_dags/example_short_circuit_operator.py
[2024-06-29T12:08:29.524+0000] {logging_mixin.py:188} INFO - [2024-06-29T12:08:29.524+0000] {dag.py:3096} INFO - Sync 1 DAGs
[2024-06-29T12:08:29.536+0000] {logging_mixin.py:188} INFO - [2024-06-29T12:08:29.536+0000] {dag.py:3954} INFO - Setting next_dagrun for example_short_circuit_operator to 2024-06-28 00:00:00+00:00, run_after=2024-06-29 00:00:00+00:00
[2024-06-29T12:08:29.544+0000] {processor.py:183} INFO - Processing /home/airflow/.local/lib/python3.12/site-packages/airflow/example_dags/example_short_circuit_operator.py took 0.045 seconds
[2024-06-29T12:08:59.768+0000] {processor.py:161} INFO - Started process (PID=7960) to work on /home/airflow/.local/lib/python3.12/site-packages/airflow/example_dags/example_short_circuit_operator.py
[2024-06-29T12:08:59.769+0000] {processor.py:830} INFO - Processing file /home/airflow/.local/lib/python3.12/site-packages/airflow/example_dags/example_short_circuit_operator.py for tasks to queue
[2024-06-29T12:08:59.770+0000] {logging_mixin.py:188} INFO - [2024-06-29T12:08:59.770+0000] {dagbag.py:545} INFO - Filling up the DagBag from /home/airflow/.local/lib/python3.12/site-packages/airflow/example_dags/example_short_circuit_operator.py
[2024-06-29T12:08:59.774+0000] {processor.py:840} INFO - DAG(s) 'example_short_circuit_operator' retrieved from /home/airflow/.local/lib/python3.12/site-packages/airflow/example_dags/example_short_circuit_operator.py
[2024-06-29T12:08:59.789+0000] {logging_mixin.py:188} INFO - [2024-06-29T12:08:59.789+0000] {dag.py:3096} INFO - Sync 1 DAGs
[2024-06-29T12:08:59.800+0000] {logging_mixin.py:188} INFO - [2024-06-29T12:08:59.800+0000] {dag.py:3954} INFO - Setting next_dagrun for example_short_circuit_operator to 2024-06-28 00:00:00+00:00, run_after=2024-06-29 00:00:00+00:00
[2024-06-29T12:08:59.810+0000] {processor.py:183} INFO - Processing /home/airflow/.local/lib/python3.12/site-packages/airflow/example_dags/example_short_circuit_operator.py took 0.045 seconds
[2024-06-29T12:09:30.158+0000] {processor.py:161} INFO - Started process (PID=8224) to work on /home/airflow/.local/lib/python3.12/site-packages/airflow/example_dags/example_short_circuit_operator.py
[2024-06-29T12:09:30.159+0000] {processor.py:830} INFO - Processing file /home/airflow/.local/lib/python3.12/site-packages/airflow/example_dags/example_short_circuit_operator.py for tasks to queue
[2024-06-29T12:09:30.160+0000] {logging_mixin.py:188} INFO - [2024-06-29T12:09:30.160+0000] {dagbag.py:545} INFO - Filling up the DagBag from /home/airflow/.local/lib/python3.12/site-packages/airflow/example_dags/example_short_circuit_operator.py
[2024-06-29T12:09:30.165+0000] {processor.py:840} INFO - DAG(s) 'example_short_circuit_operator' retrieved from /home/airflow/.local/lib/python3.12/site-packages/airflow/example_dags/example_short_circuit_operator.py
[2024-06-29T12:09:30.179+0000] {logging_mixin.py:188} INFO - [2024-06-29T12:09:30.179+0000] {dag.py:3096} INFO - Sync 1 DAGs
[2024-06-29T12:09:30.190+0000] {logging_mixin.py:188} INFO - [2024-06-29T12:09:30.190+0000] {dag.py:3954} INFO - Setting next_dagrun for example_short_circuit_operator to 2024-06-28 00:00:00+00:00, run_after=2024-06-29 00:00:00+00:00
[2024-06-29T12:09:30.199+0000] {processor.py:183} INFO - Processing /home/airflow/.local/lib/python3.12/site-packages/airflow/example_dags/example_short_circuit_operator.py took 0.044 seconds
[2024-06-29T12:10:00.674+0000] {processor.py:161} INFO - Started process (PID=8484) to work on /home/airflow/.local/lib/python3.12/site-packages/airflow/example_dags/example_short_circuit_operator.py
[2024-06-29T12:10:00.675+0000] {processor.py:830} INFO - Processing file /home/airflow/.local/lib/python3.12/site-packages/airflow/example_dags/example_short_circuit_operator.py for tasks to queue
[2024-06-29T12:10:00.676+0000] {logging_mixin.py:188} INFO - [2024-06-29T12:10:00.676+0000] {dagbag.py:545} INFO - Filling up the DagBag from /home/airflow/.local/lib/python3.12/site-packages/airflow/example_dags/example_short_circuit_operator.py
[2024-06-29T12:10:00.681+0000] {processor.py:840} INFO - DAG(s) 'example_short_circuit_operator' retrieved from /home/airflow/.local/lib/python3.12/site-packages/airflow/example_dags/example_short_circuit_operator.py
[2024-06-29T12:10:00.696+0000] {logging_mixin.py:188} INFO - [2024-06-29T12:10:00.696+0000] {dag.py:3096} INFO - Sync 1 DAGs
[2024-06-29T12:10:00.708+0000] {logging_mixin.py:188} INFO - [2024-06-29T12:10:00.708+0000] {dag.py:3954} INFO - Setting next_dagrun for example_short_circuit_operator to 2024-06-28 00:00:00+00:00, run_after=2024-06-29 00:00:00+00:00
[2024-06-29T12:10:00.825+0000] {processor.py:183} INFO - Processing /home/airflow/.local/lib/python3.12/site-packages/airflow/example_dags/example_short_circuit_operator.py took 0.155 seconds
[2024-06-29T12:10:31.437+0000] {processor.py:161} INFO - Started process (PID=8746) to work on /home/airflow/.local/lib/python3.12/site-packages/airflow/example_dags/example_short_circuit_operator.py
[2024-06-29T12:10:31.438+0000] {processor.py:830} INFO - Processing file /home/airflow/.local/lib/python3.12/site-packages/airflow/example_dags/example_short_circuit_operator.py for tasks to queue
[2024-06-29T12:10:31.439+0000] {logging_mixin.py:188} INFO - [2024-06-29T12:10:31.439+0000] {dagbag.py:545} INFO - Filling up the DagBag from /home/airflow/.local/lib/python3.12/site-packages/airflow/example_dags/example_short_circuit_operator.py
[2024-06-29T12:10:31.443+0000] {processor.py:840} INFO - DAG(s) 'example_short_circuit_operator' retrieved from /home/airflow/.local/lib/python3.12/site-packages/airflow/example_dags/example_short_circuit_operator.py
[2024-06-29T12:10:31.459+0000] {logging_mixin.py:188} INFO - [2024-06-29T12:10:31.459+0000] {dag.py:3096} INFO - Sync 1 DAGs
[2024-06-29T12:10:31.472+0000] {logging_mixin.py:188} INFO - [2024-06-29T12:10:31.472+0000] {dag.py:3954} INFO - Setting next_dagrun for example_short_circuit_operator to 2024-06-28 00:00:00+00:00, run_after=2024-06-29 00:00:00+00:00
[2024-06-29T12:10:31.572+0000] {processor.py:183} INFO - Processing /home/airflow/.local/lib/python3.12/site-packages/airflow/example_dags/example_short_circuit_operator.py took 0.138 seconds
[2024-06-29T12:11:02.143+0000] {processor.py:161} INFO - Started process (PID=9008) to work on /home/airflow/.local/lib/python3.12/site-packages/airflow/example_dags/example_short_circuit_operator.py
[2024-06-29T12:11:02.144+0000] {processor.py:830} INFO - Processing file /home/airflow/.local/lib/python3.12/site-packages/airflow/example_dags/example_short_circuit_operator.py for tasks to queue
[2024-06-29T12:11:02.145+0000] {logging_mixin.py:188} INFO - [2024-06-29T12:11:02.144+0000] {dagbag.py:545} INFO - Filling up the DagBag from /home/airflow/.local/lib/python3.12/site-packages/airflow/example_dags/example_short_circuit_operator.py
[2024-06-29T12:11:02.149+0000] {processor.py:840} INFO - DAG(s) 'example_short_circuit_operator' retrieved from /home/airflow/.local/lib/python3.12/site-packages/airflow/example_dags/example_short_circuit_operator.py
[2024-06-29T12:11:02.163+0000] {logging_mixin.py:188} INFO - [2024-06-29T12:11:02.163+0000] {dag.py:3096} INFO - Sync 1 DAGs
[2024-06-29T12:11:02.175+0000] {logging_mixin.py:188} INFO - [2024-06-29T12:11:02.175+0000] {dag.py:3954} INFO - Setting next_dagrun for example_short_circuit_operator to 2024-06-28 00:00:00+00:00, run_after=2024-06-29 00:00:00+00:00
[2024-06-29T12:11:02.185+0000] {processor.py:183} INFO - Processing /home/airflow/.local/lib/python3.12/site-packages/airflow/example_dags/example_short_circuit_operator.py took 0.045 seconds
[2024-06-29T12:11:32.585+0000] {processor.py:161} INFO - Started process (PID=9270) to work on /home/airflow/.local/lib/python3.12/site-packages/airflow/example_dags/example_short_circuit_operator.py
[2024-06-29T12:11:32.586+0000] {processor.py:830} INFO - Processing file /home/airflow/.local/lib/python3.12/site-packages/airflow/example_dags/example_short_circuit_operator.py for tasks to queue
[2024-06-29T12:11:32.587+0000] {logging_mixin.py:188} INFO - [2024-06-29T12:11:32.587+0000] {dagbag.py:545} INFO - Filling up the DagBag from /home/airflow/.local/lib/python3.12/site-packages/airflow/example_dags/example_short_circuit_operator.py
[2024-06-29T12:11:32.591+0000] {processor.py:840} INFO - DAG(s) 'example_short_circuit_operator' retrieved from /home/airflow/.local/lib/python3.12/site-packages/airflow/example_dags/example_short_circuit_operator.py
[2024-06-29T12:11:32.611+0000] {logging_mixin.py:188} INFO - [2024-06-29T12:11:32.610+0000] {dag.py:3096} INFO - Sync 1 DAGs
[2024-06-29T12:11:32.624+0000] {logging_mixin.py:188} INFO - [2024-06-29T12:11:32.624+0000] {dag.py:3954} INFO - Setting next_dagrun for example_short_circuit_operator to 2024-06-28 00:00:00+00:00, run_after=2024-06-29 00:00:00+00:00
[2024-06-29T12:11:32.734+0000] {processor.py:183} INFO - Processing /home/airflow/.local/lib/python3.12/site-packages/airflow/example_dags/example_short_circuit_operator.py took 0.152 seconds
[2024-06-29T12:12:03.080+0000] {processor.py:161} INFO - Started process (PID=9532) to work on /home/airflow/.local/lib/python3.12/site-packages/airflow/example_dags/example_short_circuit_operator.py
[2024-06-29T12:12:03.080+0000] {processor.py:830} INFO - Processing file /home/airflow/.local/lib/python3.12/site-packages/airflow/example_dags/example_short_circuit_operator.py for tasks to queue
[2024-06-29T12:12:03.082+0000] {logging_mixin.py:188} INFO - [2024-06-29T12:12:03.081+0000] {dagbag.py:545} INFO - Filling up the DagBag from /home/airflow/.local/lib/python3.12/site-packages/airflow/example_dags/example_short_circuit_operator.py
[2024-06-29T12:12:03.086+0000] {processor.py:840} INFO - DAG(s) 'example_short_circuit_operator' retrieved from /home/airflow/.local/lib/python3.12/site-packages/airflow/example_dags/example_short_circuit_operator.py
[2024-06-29T12:12:03.101+0000] {logging_mixin.py:188} INFO - [2024-06-29T12:12:03.101+0000] {dag.py:3096} INFO - Sync 1 DAGs
[2024-06-29T12:12:03.112+0000] {logging_mixin.py:188} INFO - [2024-06-29T12:12:03.112+0000] {dag.py:3954} INFO - Setting next_dagrun for example_short_circuit_operator to 2024-06-28 00:00:00+00:00, run_after=2024-06-29 00:00:00+00:00
[2024-06-29T12:12:03.121+0000] {processor.py:183} INFO - Processing /home/airflow/.local/lib/python3.12/site-packages/airflow/example_dags/example_short_circuit_operator.py took 0.045 seconds
[2024-06-29T12:12:33.177+0000] {processor.py:161} INFO - Started process (PID=9795) to work on /home/airflow/.local/lib/python3.12/site-packages/airflow/example_dags/example_short_circuit_operator.py
[2024-06-29T12:12:33.178+0000] {processor.py:830} INFO - Processing file /home/airflow/.local/lib/python3.12/site-packages/airflow/example_dags/example_short_circuit_operator.py for tasks to queue
[2024-06-29T12:12:33.179+0000] {logging_mixin.py:188} INFO - [2024-06-29T12:12:33.179+0000] {dagbag.py:545} INFO - Filling up the DagBag from /home/airflow/.local/lib/python3.12/site-packages/airflow/example_dags/example_short_circuit_operator.py
[2024-06-29T12:12:33.183+0000] {processor.py:840} INFO - DAG(s) 'example_short_circuit_operator' retrieved from /home/airflow/.local/lib/python3.12/site-packages/airflow/example_dags/example_short_circuit_operator.py
[2024-06-29T12:12:33.198+0000] {logging_mixin.py:188} INFO - [2024-06-29T12:12:33.198+0000] {dag.py:3096} INFO - Sync 1 DAGs
[2024-06-29T12:12:33.210+0000] {logging_mixin.py:188} INFO - [2024-06-29T12:12:33.209+0000] {dag.py:3954} INFO - Setting next_dagrun for example_short_circuit_operator to 2024-06-28 00:00:00+00:00, run_after=2024-06-29 00:00:00+00:00
[2024-06-29T12:12:33.218+0000] {processor.py:183} INFO - Processing /home/airflow/.local/lib/python3.12/site-packages/airflow/example_dags/example_short_circuit_operator.py took 0.044 seconds
[2024-06-29T12:13:03.380+0000] {processor.py:161} INFO - Started process (PID=10057) to work on /home/airflow/.local/lib/python3.12/site-packages/airflow/example_dags/example_short_circuit_operator.py
[2024-06-29T12:13:03.381+0000] {processor.py:830} INFO - Processing file /home/airflow/.local/lib/python3.12/site-packages/airflow/example_dags/example_short_circuit_operator.py for tasks to queue
[2024-06-29T12:13:03.382+0000] {logging_mixin.py:188} INFO - [2024-06-29T12:13:03.382+0000] {dagbag.py:545} INFO - Filling up the DagBag from /home/airflow/.local/lib/python3.12/site-packages/airflow/example_dags/example_short_circuit_operator.py
[2024-06-29T12:13:03.387+0000] {processor.py:840} INFO - DAG(s) 'example_short_circuit_operator' retrieved from /home/airflow/.local/lib/python3.12/site-packages/airflow/example_dags/example_short_circuit_operator.py
[2024-06-29T12:13:03.405+0000] {logging_mixin.py:188} INFO - [2024-06-29T12:13:03.405+0000] {dag.py:3096} INFO - Sync 1 DAGs
[2024-06-29T12:13:03.416+0000] {logging_mixin.py:188} INFO - [2024-06-29T12:13:03.416+0000] {dag.py:3954} INFO - Setting next_dagrun for example_short_circuit_operator to 2024-06-28 00:00:00+00:00, run_after=2024-06-29 00:00:00+00:00
[2024-06-29T12:13:03.425+0000] {processor.py:183} INFO - Processing /home/airflow/.local/lib/python3.12/site-packages/airflow/example_dags/example_short_circuit_operator.py took 0.049 seconds
[2024-06-29T12:13:33.552+0000] {processor.py:161} INFO - Started process (PID=10318) to work on /home/airflow/.local/lib/python3.12/site-packages/airflow/example_dags/example_short_circuit_operator.py
[2024-06-29T12:13:33.552+0000] {processor.py:830} INFO - Processing file /home/airflow/.local/lib/python3.12/site-packages/airflow/example_dags/example_short_circuit_operator.py for tasks to queue
[2024-06-29T12:13:33.554+0000] {logging_mixin.py:188} INFO - [2024-06-29T12:13:33.553+0000] {dagbag.py:545} INFO - Filling up the DagBag from /home/airflow/.local/lib/python3.12/site-packages/airflow/example_dags/example_short_circuit_operator.py
[2024-06-29T12:13:33.558+0000] {processor.py:840} INFO - DAG(s) 'example_short_circuit_operator' retrieved from /home/airflow/.local/lib/python3.12/site-packages/airflow/example_dags/example_short_circuit_operator.py
[2024-06-29T12:13:33.572+0000] {logging_mixin.py:188} INFO - [2024-06-29T12:13:33.572+0000] {dag.py:3096} INFO - Sync 1 DAGs
[2024-06-29T12:13:33.584+0000] {logging_mixin.py:188} INFO - [2024-06-29T12:13:33.584+0000] {dag.py:3954} INFO - Setting next_dagrun for example_short_circuit_operator to 2024-06-28 00:00:00+00:00, run_after=2024-06-29 00:00:00+00:00
[2024-06-29T12:13:33.593+0000] {processor.py:183} INFO - Processing /home/airflow/.local/lib/python3.12/site-packages/airflow/example_dags/example_short_circuit_operator.py took 0.045 seconds
[2024-06-29T12:14:03.754+0000] {processor.py:161} INFO - Started process (PID=10580) to work on /home/airflow/.local/lib/python3.12/site-packages/airflow/example_dags/example_short_circuit_operator.py
[2024-06-29T12:14:03.755+0000] {processor.py:830} INFO - Processing file /home/airflow/.local/lib/python3.12/site-packages/airflow/example_dags/example_short_circuit_operator.py for tasks to queue
[2024-06-29T12:14:03.756+0000] {logging_mixin.py:188} INFO - [2024-06-29T12:14:03.756+0000] {dagbag.py:545} INFO - Filling up the DagBag from /home/airflow/.local/lib/python3.12/site-packages/airflow/example_dags/example_short_circuit_operator.py
[2024-06-29T12:14:03.760+0000] {processor.py:840} INFO - DAG(s) 'example_short_circuit_operator' retrieved from /home/airflow/.local/lib/python3.12/site-packages/airflow/example_dags/example_short_circuit_operator.py
[2024-06-29T12:14:03.775+0000] {logging_mixin.py:188} INFO - [2024-06-29T12:14:03.775+0000] {dag.py:3096} INFO - Sync 1 DAGs
[2024-06-29T12:14:03.787+0000] {logging_mixin.py:188} INFO - [2024-06-29T12:14:03.786+0000] {dag.py:3954} INFO - Setting next_dagrun for example_short_circuit_operator to 2024-06-28 00:00:00+00:00, run_after=2024-06-29 00:00:00+00:00
[2024-06-29T12:14:03.795+0000] {processor.py:183} INFO - Processing /home/airflow/.local/lib/python3.12/site-packages/airflow/example_dags/example_short_circuit_operator.py took 0.044 seconds
[2024-06-29T12:14:33.841+0000] {processor.py:161} INFO - Started process (PID=10842) to work on /home/airflow/.local/lib/python3.12/site-packages/airflow/example_dags/example_short_circuit_operator.py
[2024-06-29T12:14:33.841+0000] {processor.py:830} INFO - Processing file /home/airflow/.local/lib/python3.12/site-packages/airflow/example_dags/example_short_circuit_operator.py for tasks to queue
[2024-06-29T12:14:33.842+0000] {logging_mixin.py:188} INFO - [2024-06-29T12:14:33.842+0000] {dagbag.py:545} INFO - Filling up the DagBag from /home/airflow/.local/lib/python3.12/site-packages/airflow/example_dags/example_short_circuit_operator.py
[2024-06-29T12:14:33.846+0000] {processor.py:840} INFO - DAG(s) 'example_short_circuit_operator' retrieved from /home/airflow/.local/lib/python3.12/site-packages/airflow/example_dags/example_short_circuit_operator.py
[2024-06-29T12:14:33.861+0000] {logging_mixin.py:188} INFO - [2024-06-29T12:14:33.861+0000] {dag.py:3096} INFO - Sync 1 DAGs
[2024-06-29T12:14:33.873+0000] {logging_mixin.py:188} INFO - [2024-06-29T12:14:33.873+0000] {dag.py:3954} INFO - Setting next_dagrun for example_short_circuit_operator to 2024-06-28 00:00:00+00:00, run_after=2024-06-29 00:00:00+00:00
[2024-06-29T12:14:33.882+0000] {processor.py:183} INFO - Processing /home/airflow/.local/lib/python3.12/site-packages/airflow/example_dags/example_short_circuit_operator.py took 0.045 seconds
[2024-06-29T12:15:04.945+0000] {processor.py:161} INFO - Started process (PID=11106) to work on /home/airflow/.local/lib/python3.12/site-packages/airflow/example_dags/example_short_circuit_operator.py
[2024-06-29T12:15:04.946+0000] {processor.py:830} INFO - Processing file /home/airflow/.local/lib/python3.12/site-packages/airflow/example_dags/example_short_circuit_operator.py for tasks to queue
[2024-06-29T12:15:04.947+0000] {logging_mixin.py:188} INFO - [2024-06-29T12:15:04.947+0000] {dagbag.py:545} INFO - Filling up the DagBag from /home/airflow/.local/lib/python3.12/site-packages/airflow/example_dags/example_short_circuit_operator.py
[2024-06-29T12:15:04.951+0000] {processor.py:840} INFO - DAG(s) 'example_short_circuit_operator' retrieved from /home/airflow/.local/lib/python3.12/site-packages/airflow/example_dags/example_short_circuit_operator.py
[2024-06-29T12:15:04.965+0000] {logging_mixin.py:188} INFO - [2024-06-29T12:15:04.965+0000] {dag.py:3096} INFO - Sync 1 DAGs
[2024-06-29T12:15:04.975+0000] {logging_mixin.py:188} INFO - [2024-06-29T12:15:04.975+0000] {dag.py:3954} INFO - Setting next_dagrun for example_short_circuit_operator to 2024-06-28 00:00:00+00:00, run_after=2024-06-29 00:00:00+00:00
[2024-06-29T12:15:04.983+0000] {processor.py:183} INFO - Processing /home/airflow/.local/lib/python3.12/site-packages/airflow/example_dags/example_short_circuit_operator.py took 0.041 seconds
[2024-06-29T12:15:35.181+0000] {processor.py:161} INFO - Started process (PID=11368) to work on /home/airflow/.local/lib/python3.12/site-packages/airflow/example_dags/example_short_circuit_operator.py
[2024-06-29T12:15:35.182+0000] {processor.py:830} INFO - Processing file /home/airflow/.local/lib/python3.12/site-packages/airflow/example_dags/example_short_circuit_operator.py for tasks to queue
[2024-06-29T12:15:35.183+0000] {logging_mixin.py:188} INFO - [2024-06-29T12:15:35.183+0000] {dagbag.py:545} INFO - Filling up the DagBag from /home/airflow/.local/lib/python3.12/site-packages/airflow/example_dags/example_short_circuit_operator.py
[2024-06-29T12:15:35.187+0000] {processor.py:840} INFO - DAG(s) 'example_short_circuit_operator' retrieved from /home/airflow/.local/lib/python3.12/site-packages/airflow/example_dags/example_short_circuit_operator.py
[2024-06-29T12:15:35.202+0000] {logging_mixin.py:188} INFO - [2024-06-29T12:15:35.202+0000] {dag.py:3096} INFO - Sync 1 DAGs
[2024-06-29T12:15:35.212+0000] {logging_mixin.py:188} INFO - [2024-06-29T12:15:35.212+0000] {dag.py:3954} INFO - Setting next_dagrun for example_short_circuit_operator to 2024-06-28 00:00:00+00:00, run_after=2024-06-29 00:00:00+00:00
[2024-06-29T12:15:35.221+0000] {processor.py:183} INFO - Processing /home/airflow/.local/lib/python3.12/site-packages/airflow/example_dags/example_short_circuit_operator.py took 0.043 seconds
[2024-06-29T12:16:05.345+0000] {processor.py:161} INFO - Started process (PID=11629) to work on /home/airflow/.local/lib/python3.12/site-packages/airflow/example_dags/example_short_circuit_operator.py
[2024-06-29T12:16:05.345+0000] {processor.py:830} INFO - Processing file /home/airflow/.local/lib/python3.12/site-packages/airflow/example_dags/example_short_circuit_operator.py for tasks to queue
[2024-06-29T12:16:05.347+0000] {logging_mixin.py:188} INFO - [2024-06-29T12:16:05.346+0000] {dagbag.py:545} INFO - Filling up the DagBag from /home/airflow/.local/lib/python3.12/site-packages/airflow/example_dags/example_short_circuit_operator.py
[2024-06-29T12:16:05.351+0000] {processor.py:840} INFO - DAG(s) 'example_short_circuit_operator' retrieved from /home/airflow/.local/lib/python3.12/site-packages/airflow/example_dags/example_short_circuit_operator.py
[2024-06-29T12:16:05.366+0000] {logging_mixin.py:188} INFO - [2024-06-29T12:16:05.366+0000] {dag.py:3096} INFO - Sync 1 DAGs
[2024-06-29T12:16:05.377+0000] {logging_mixin.py:188} INFO - [2024-06-29T12:16:05.377+0000] {dag.py:3954} INFO - Setting next_dagrun for example_short_circuit_operator to 2024-06-28 00:00:00+00:00, run_after=2024-06-29 00:00:00+00:00
[2024-06-29T12:16:05.386+0000] {processor.py:183} INFO - Processing /home/airflow/.local/lib/python3.12/site-packages/airflow/example_dags/example_short_circuit_operator.py took 0.045 seconds
[2024-06-29T12:16:35.606+0000] {processor.py:161} INFO - Started process (PID=11891) to work on /home/airflow/.local/lib/python3.12/site-packages/airflow/example_dags/example_short_circuit_operator.py
[2024-06-29T12:16:35.606+0000] {processor.py:830} INFO - Processing file /home/airflow/.local/lib/python3.12/site-packages/airflow/example_dags/example_short_circuit_operator.py for tasks to queue
[2024-06-29T12:16:35.607+0000] {logging_mixin.py:188} INFO - [2024-06-29T12:16:35.607+0000] {dagbag.py:545} INFO - Filling up the DagBag from /home/airflow/.local/lib/python3.12/site-packages/airflow/example_dags/example_short_circuit_operator.py
[2024-06-29T12:16:35.611+0000] {processor.py:840} INFO - DAG(s) 'example_short_circuit_operator' retrieved from /home/airflow/.local/lib/python3.12/site-packages/airflow/example_dags/example_short_circuit_operator.py
[2024-06-29T12:16:35.627+0000] {logging_mixin.py:188} INFO - [2024-06-29T12:16:35.627+0000] {dag.py:3096} INFO - Sync 1 DAGs
[2024-06-29T12:16:35.639+0000] {logging_mixin.py:188} INFO - [2024-06-29T12:16:35.638+0000] {dag.py:3954} INFO - Setting next_dagrun for example_short_circuit_operator to 2024-06-28 00:00:00+00:00, run_after=2024-06-29 00:00:00+00:00
[2024-06-29T12:16:35.648+0000] {processor.py:183} INFO - Processing /home/airflow/.local/lib/python3.12/site-packages/airflow/example_dags/example_short_circuit_operator.py took 0.046 seconds
[2024-06-29T12:17:05.725+0000] {processor.py:161} INFO - Started process (PID=12147) to work on /home/airflow/.local/lib/python3.12/site-packages/airflow/example_dags/example_short_circuit_operator.py
[2024-06-29T12:17:05.726+0000] {processor.py:830} INFO - Processing file /home/airflow/.local/lib/python3.12/site-packages/airflow/example_dags/example_short_circuit_operator.py for tasks to queue
[2024-06-29T12:17:05.727+0000] {logging_mixin.py:188} INFO - [2024-06-29T12:17:05.726+0000] {dagbag.py:545} INFO - Filling up the DagBag from /home/airflow/.local/lib/python3.12/site-packages/airflow/example_dags/example_short_circuit_operator.py
[2024-06-29T12:17:05.731+0000] {processor.py:840} INFO - DAG(s) 'example_short_circuit_operator' retrieved from /home/airflow/.local/lib/python3.12/site-packages/airflow/example_dags/example_short_circuit_operator.py
[2024-06-29T12:17:05.746+0000] {logging_mixin.py:188} INFO - [2024-06-29T12:17:05.746+0000] {dag.py:3096} INFO - Sync 1 DAGs
[2024-06-29T12:17:05.757+0000] {logging_mixin.py:188} INFO - [2024-06-29T12:17:05.757+0000] {dag.py:3954} INFO - Setting next_dagrun for example_short_circuit_operator to 2024-06-28 00:00:00+00:00, run_after=2024-06-29 00:00:00+00:00
[2024-06-29T12:17:05.766+0000] {processor.py:183} INFO - Processing /home/airflow/.local/lib/python3.12/site-packages/airflow/example_dags/example_short_circuit_operator.py took 0.046 seconds
[2024-06-29T12:17:36.003+0000] {processor.py:161} INFO - Started process (PID=12411) to work on /home/airflow/.local/lib/python3.12/site-packages/airflow/example_dags/example_short_circuit_operator.py
[2024-06-29T12:17:36.003+0000] {processor.py:830} INFO - Processing file /home/airflow/.local/lib/python3.12/site-packages/airflow/example_dags/example_short_circuit_operator.py for tasks to queue
[2024-06-29T12:17:36.004+0000] {logging_mixin.py:188} INFO - [2024-06-29T12:17:36.004+0000] {dagbag.py:545} INFO - Filling up the DagBag from /home/airflow/.local/lib/python3.12/site-packages/airflow/example_dags/example_short_circuit_operator.py
[2024-06-29T12:17:36.008+0000] {processor.py:840} INFO - DAG(s) 'example_short_circuit_operator' retrieved from /home/airflow/.local/lib/python3.12/site-packages/airflow/example_dags/example_short_circuit_operator.py
[2024-06-29T12:17:36.023+0000] {logging_mixin.py:188} INFO - [2024-06-29T12:17:36.023+0000] {dag.py:3096} INFO - Sync 1 DAGs
[2024-06-29T12:17:36.033+0000] {logging_mixin.py:188} INFO - [2024-06-29T12:17:36.033+0000] {dag.py:3954} INFO - Setting next_dagrun for example_short_circuit_operator to 2024-06-28 00:00:00+00:00, run_after=2024-06-29 00:00:00+00:00
[2024-06-29T12:17:36.041+0000] {processor.py:183} INFO - Processing /home/airflow/.local/lib/python3.12/site-packages/airflow/example_dags/example_short_circuit_operator.py took 0.042 seconds
[2024-06-29T12:18:06.066+0000] {processor.py:161} INFO - Started process (PID=12671) to work on /home/airflow/.local/lib/python3.12/site-packages/airflow/example_dags/example_short_circuit_operator.py
[2024-06-29T12:18:06.067+0000] {processor.py:830} INFO - Processing file /home/airflow/.local/lib/python3.12/site-packages/airflow/example_dags/example_short_circuit_operator.py for tasks to queue
[2024-06-29T12:18:06.068+0000] {logging_mixin.py:188} INFO - [2024-06-29T12:18:06.068+0000] {dagbag.py:545} INFO - Filling up the DagBag from /home/airflow/.local/lib/python3.12/site-packages/airflow/example_dags/example_short_circuit_operator.py
[2024-06-29T12:18:06.072+0000] {processor.py:840} INFO - DAG(s) 'example_short_circuit_operator' retrieved from /home/airflow/.local/lib/python3.12/site-packages/airflow/example_dags/example_short_circuit_operator.py
[2024-06-29T12:18:06.086+0000] {logging_mixin.py:188} INFO - [2024-06-29T12:18:06.086+0000] {dag.py:3096} INFO - Sync 1 DAGs
[2024-06-29T12:18:06.097+0000] {logging_mixin.py:188} INFO - [2024-06-29T12:18:06.097+0000] {dag.py:3954} INFO - Setting next_dagrun for example_short_circuit_operator to 2024-06-28 00:00:00+00:00, run_after=2024-06-29 00:00:00+00:00
[2024-06-29T12:18:06.105+0000] {processor.py:183} INFO - Processing /home/airflow/.local/lib/python3.12/site-packages/airflow/example_dags/example_short_circuit_operator.py took 0.042 seconds
[2024-06-29T12:18:36.280+0000] {processor.py:161} INFO - Started process (PID=12932) to work on /home/airflow/.local/lib/python3.12/site-packages/airflow/example_dags/example_short_circuit_operator.py
[2024-06-29T12:18:36.281+0000] {processor.py:830} INFO - Processing file /home/airflow/.local/lib/python3.12/site-packages/airflow/example_dags/example_short_circuit_operator.py for tasks to queue
[2024-06-29T12:18:36.282+0000] {logging_mixin.py:188} INFO - [2024-06-29T12:18:36.282+0000] {dagbag.py:545} INFO - Filling up the DagBag from /home/airflow/.local/lib/python3.12/site-packages/airflow/example_dags/example_short_circuit_operator.py
[2024-06-29T12:18:36.289+0000] {processor.py:840} INFO - DAG(s) 'example_short_circuit_operator' retrieved from /home/airflow/.local/lib/python3.12/site-packages/airflow/example_dags/example_short_circuit_operator.py
[2024-06-29T12:18:36.321+0000] {logging_mixin.py:188} INFO - [2024-06-29T12:18:36.321+0000] {dag.py:3096} INFO - Sync 1 DAGs
[2024-06-29T12:18:36.336+0000] {logging_mixin.py:188} INFO - [2024-06-29T12:18:36.336+0000] {dag.py:3954} INFO - Setting next_dagrun for example_short_circuit_operator to 2024-06-28 00:00:00+00:00, run_after=2024-06-29 00:00:00+00:00
[2024-06-29T12:18:36.349+0000] {processor.py:183} INFO - Processing /home/airflow/.local/lib/python3.12/site-packages/airflow/example_dags/example_short_circuit_operator.py took 0.074 seconds
[2024-06-29T12:19:06.398+0000] {processor.py:161} INFO - Started process (PID=13195) to work on /home/airflow/.local/lib/python3.12/site-packages/airflow/example_dags/example_short_circuit_operator.py
[2024-06-29T12:19:06.399+0000] {processor.py:830} INFO - Processing file /home/airflow/.local/lib/python3.12/site-packages/airflow/example_dags/example_short_circuit_operator.py for tasks to queue
[2024-06-29T12:19:06.400+0000] {logging_mixin.py:188} INFO - [2024-06-29T12:19:06.400+0000] {dagbag.py:545} INFO - Filling up the DagBag from /home/airflow/.local/lib/python3.12/site-packages/airflow/example_dags/example_short_circuit_operator.py
[2024-06-29T12:19:06.404+0000] {processor.py:840} INFO - DAG(s) 'example_short_circuit_operator' retrieved from /home/airflow/.local/lib/python3.12/site-packages/airflow/example_dags/example_short_circuit_operator.py
[2024-06-29T12:19:06.419+0000] {logging_mixin.py:188} INFO - [2024-06-29T12:19:06.418+0000] {dag.py:3096} INFO - Sync 1 DAGs
[2024-06-29T12:19:06.430+0000] {logging_mixin.py:188} INFO - [2024-06-29T12:19:06.430+0000] {dag.py:3954} INFO - Setting next_dagrun for example_short_circuit_operator to 2024-06-28 00:00:00+00:00, run_after=2024-06-29 00:00:00+00:00
[2024-06-29T12:19:06.439+0000] {processor.py:183} INFO - Processing /home/airflow/.local/lib/python3.12/site-packages/airflow/example_dags/example_short_circuit_operator.py took 0.045 seconds
[2024-06-29T12:19:37.596+0000] {processor.py:161} INFO - Started process (PID=13459) to work on /home/airflow/.local/lib/python3.12/site-packages/airflow/example_dags/example_short_circuit_operator.py
[2024-06-29T12:19:37.597+0000] {processor.py:830} INFO - Processing file /home/airflow/.local/lib/python3.12/site-packages/airflow/example_dags/example_short_circuit_operator.py for tasks to queue
[2024-06-29T12:19:37.598+0000] {logging_mixin.py:188} INFO - [2024-06-29T12:19:37.598+0000] {dagbag.py:545} INFO - Filling up the DagBag from /home/airflow/.local/lib/python3.12/site-packages/airflow/example_dags/example_short_circuit_operator.py
[2024-06-29T12:19:37.602+0000] {processor.py:840} INFO - DAG(s) 'example_short_circuit_operator' retrieved from /home/airflow/.local/lib/python3.12/site-packages/airflow/example_dags/example_short_circuit_operator.py
[2024-06-29T12:19:37.616+0000] {logging_mixin.py:188} INFO - [2024-06-29T12:19:37.616+0000] {dag.py:3096} INFO - Sync 1 DAGs
[2024-06-29T12:19:37.626+0000] {logging_mixin.py:188} INFO - [2024-06-29T12:19:37.626+0000] {dag.py:3954} INFO - Setting next_dagrun for example_short_circuit_operator to 2024-06-28 00:00:00+00:00, run_after=2024-06-29 00:00:00+00:00
[2024-06-29T12:19:37.634+0000] {processor.py:183} INFO - Processing /home/airflow/.local/lib/python3.12/site-packages/airflow/example_dags/example_short_circuit_operator.py took 0.041 seconds
[2024-06-29T12:20:07.773+0000] {processor.py:161} INFO - Started process (PID=13719) to work on /home/airflow/.local/lib/python3.12/site-packages/airflow/example_dags/example_short_circuit_operator.py
[2024-06-29T12:20:07.773+0000] {processor.py:830} INFO - Processing file /home/airflow/.local/lib/python3.12/site-packages/airflow/example_dags/example_short_circuit_operator.py for tasks to queue
[2024-06-29T12:20:07.774+0000] {logging_mixin.py:188} INFO - [2024-06-29T12:20:07.774+0000] {dagbag.py:545} INFO - Filling up the DagBag from /home/airflow/.local/lib/python3.12/site-packages/airflow/example_dags/example_short_circuit_operator.py
[2024-06-29T12:20:07.778+0000] {processor.py:840} INFO - DAG(s) 'example_short_circuit_operator' retrieved from /home/airflow/.local/lib/python3.12/site-packages/airflow/example_dags/example_short_circuit_operator.py
[2024-06-29T12:20:07.792+0000] {logging_mixin.py:188} INFO - [2024-06-29T12:20:07.792+0000] {dag.py:3096} INFO - Sync 1 DAGs
[2024-06-29T12:20:07.803+0000] {logging_mixin.py:188} INFO - [2024-06-29T12:20:07.803+0000] {dag.py:3954} INFO - Setting next_dagrun for example_short_circuit_operator to 2024-06-28 00:00:00+00:00, run_after=2024-06-29 00:00:00+00:00
[2024-06-29T12:20:07.811+0000] {processor.py:183} INFO - Processing /home/airflow/.local/lib/python3.12/site-packages/airflow/example_dags/example_short_circuit_operator.py took 0.042 seconds
[2024-06-29T12:20:37.965+0000] {processor.py:161} INFO - Started process (PID=13981) to work on /home/airflow/.local/lib/python3.12/site-packages/airflow/example_dags/example_short_circuit_operator.py
[2024-06-29T12:20:37.966+0000] {processor.py:830} INFO - Processing file /home/airflow/.local/lib/python3.12/site-packages/airflow/example_dags/example_short_circuit_operator.py for tasks to queue
[2024-06-29T12:20:37.967+0000] {logging_mixin.py:188} INFO - [2024-06-29T12:20:37.967+0000] {dagbag.py:545} INFO - Filling up the DagBag from /home/airflow/.local/lib/python3.12/site-packages/airflow/example_dags/example_short_circuit_operator.py
[2024-06-29T12:20:37.971+0000] {processor.py:840} INFO - DAG(s) 'example_short_circuit_operator' retrieved from /home/airflow/.local/lib/python3.12/site-packages/airflow/example_dags/example_short_circuit_operator.py
[2024-06-29T12:20:37.986+0000] {logging_mixin.py:188} INFO - [2024-06-29T12:20:37.986+0000] {dag.py:3096} INFO - Sync 1 DAGs
[2024-06-29T12:20:37.998+0000] {logging_mixin.py:188} INFO - [2024-06-29T12:20:37.998+0000] {dag.py:3954} INFO - Setting next_dagrun for example_short_circuit_operator to 2024-06-28 00:00:00+00:00, run_after=2024-06-29 00:00:00+00:00
[2024-06-29T12:20:38.007+0000] {processor.py:183} INFO - Processing /home/airflow/.local/lib/python3.12/site-packages/airflow/example_dags/example_short_circuit_operator.py took 0.045 seconds
[2024-06-29T12:21:08.107+0000] {processor.py:161} INFO - Started process (PID=14243) to work on /home/airflow/.local/lib/python3.12/site-packages/airflow/example_dags/example_short_circuit_operator.py
[2024-06-29T12:21:08.107+0000] {processor.py:830} INFO - Processing file /home/airflow/.local/lib/python3.12/site-packages/airflow/example_dags/example_short_circuit_operator.py for tasks to queue
[2024-06-29T12:21:08.108+0000] {logging_mixin.py:188} INFO - [2024-06-29T12:21:08.108+0000] {dagbag.py:545} INFO - Filling up the DagBag from /home/airflow/.local/lib/python3.12/site-packages/airflow/example_dags/example_short_circuit_operator.py
[2024-06-29T12:21:08.112+0000] {processor.py:840} INFO - DAG(s) 'example_short_circuit_operator' retrieved from /home/airflow/.local/lib/python3.12/site-packages/airflow/example_dags/example_short_circuit_operator.py
[2024-06-29T12:21:08.127+0000] {logging_mixin.py:188} INFO - [2024-06-29T12:21:08.127+0000] {dag.py:3096} INFO - Sync 1 DAGs
[2024-06-29T12:21:08.138+0000] {logging_mixin.py:188} INFO - [2024-06-29T12:21:08.137+0000] {dag.py:3954} INFO - Setting next_dagrun for example_short_circuit_operator to 2024-06-28 00:00:00+00:00, run_after=2024-06-29 00:00:00+00:00
[2024-06-29T12:21:08.146+0000] {processor.py:183} INFO - Processing /home/airflow/.local/lib/python3.12/site-packages/airflow/example_dags/example_short_circuit_operator.py took 0.043 seconds
[2024-06-29T12:21:38.341+0000] {processor.py:161} INFO - Started process (PID=14505) to work on /home/airflow/.local/lib/python3.12/site-packages/airflow/example_dags/example_short_circuit_operator.py
[2024-06-29T12:21:38.342+0000] {processor.py:830} INFO - Processing file /home/airflow/.local/lib/python3.12/site-packages/airflow/example_dags/example_short_circuit_operator.py for tasks to queue
[2024-06-29T12:21:38.343+0000] {logging_mixin.py:188} INFO - [2024-06-29T12:21:38.343+0000] {dagbag.py:545} INFO - Filling up the DagBag from /home/airflow/.local/lib/python3.12/site-packages/airflow/example_dags/example_short_circuit_operator.py
[2024-06-29T12:21:38.347+0000] {processor.py:840} INFO - DAG(s) 'example_short_circuit_operator' retrieved from /home/airflow/.local/lib/python3.12/site-packages/airflow/example_dags/example_short_circuit_operator.py
[2024-06-29T12:21:38.362+0000] {logging_mixin.py:188} INFO - [2024-06-29T12:21:38.362+0000] {dag.py:3096} INFO - Sync 1 DAGs
[2024-06-29T12:21:38.373+0000] {logging_mixin.py:188} INFO - [2024-06-29T12:21:38.373+0000] {dag.py:3954} INFO - Setting next_dagrun for example_short_circuit_operator to 2024-06-28 00:00:00+00:00, run_after=2024-06-29 00:00:00+00:00
[2024-06-29T12:21:38.381+0000] {processor.py:183} INFO - Processing /home/airflow/.local/lib/python3.12/site-packages/airflow/example_dags/example_short_circuit_operator.py took 0.044 seconds
[2024-06-29T12:22:08.546+0000] {processor.py:161} INFO - Started process (PID=14767) to work on /home/airflow/.local/lib/python3.12/site-packages/airflow/example_dags/example_short_circuit_operator.py
[2024-06-29T12:22:08.547+0000] {processor.py:830} INFO - Processing file /home/airflow/.local/lib/python3.12/site-packages/airflow/example_dags/example_short_circuit_operator.py for tasks to queue
[2024-06-29T12:22:08.548+0000] {logging_mixin.py:188} INFO - [2024-06-29T12:22:08.547+0000] {dagbag.py:545} INFO - Filling up the DagBag from /home/airflow/.local/lib/python3.12/site-packages/airflow/example_dags/example_short_circuit_operator.py
[2024-06-29T12:22:08.552+0000] {processor.py:840} INFO - DAG(s) 'example_short_circuit_operator' retrieved from /home/airflow/.local/lib/python3.12/site-packages/airflow/example_dags/example_short_circuit_operator.py
[2024-06-29T12:22:08.567+0000] {logging_mixin.py:188} INFO - [2024-06-29T12:22:08.566+0000] {dag.py:3096} INFO - Sync 1 DAGs
[2024-06-29T12:22:08.577+0000] {logging_mixin.py:188} INFO - [2024-06-29T12:22:08.577+0000] {dag.py:3954} INFO - Setting next_dagrun for example_short_circuit_operator to 2024-06-28 00:00:00+00:00, run_after=2024-06-29 00:00:00+00:00
[2024-06-29T12:22:08.585+0000] {processor.py:183} INFO - Processing /home/airflow/.local/lib/python3.12/site-packages/airflow/example_dags/example_short_circuit_operator.py took 0.043 seconds
[2024-06-29T12:22:38.698+0000] {processor.py:161} INFO - Started process (PID=15030) to work on /home/airflow/.local/lib/python3.12/site-packages/airflow/example_dags/example_short_circuit_operator.py
[2024-06-29T12:22:38.699+0000] {processor.py:830} INFO - Processing file /home/airflow/.local/lib/python3.12/site-packages/airflow/example_dags/example_short_circuit_operator.py for tasks to queue
[2024-06-29T12:22:38.700+0000] {logging_mixin.py:188} INFO - [2024-06-29T12:22:38.700+0000] {dagbag.py:545} INFO - Filling up the DagBag from /home/airflow/.local/lib/python3.12/site-packages/airflow/example_dags/example_short_circuit_operator.py
[2024-06-29T12:22:38.704+0000] {processor.py:840} INFO - DAG(s) 'example_short_circuit_operator' retrieved from /home/airflow/.local/lib/python3.12/site-packages/airflow/example_dags/example_short_circuit_operator.py
[2024-06-29T12:22:38.719+0000] {logging_mixin.py:188} INFO - [2024-06-29T12:22:38.719+0000] {dag.py:3096} INFO - Sync 1 DAGs
[2024-06-29T12:22:38.731+0000] {logging_mixin.py:188} INFO - [2024-06-29T12:22:38.731+0000] {dag.py:3954} INFO - Setting next_dagrun for example_short_circuit_operator to 2024-06-28 00:00:00+00:00, run_after=2024-06-29 00:00:00+00:00
[2024-06-29T12:22:38.739+0000] {processor.py:183} INFO - Processing /home/airflow/.local/lib/python3.12/site-packages/airflow/example_dags/example_short_circuit_operator.py took 0.044 seconds
[2024-06-29T12:23:08.934+0000] {processor.py:161} INFO - Started process (PID=15292) to work on /home/airflow/.local/lib/python3.12/site-packages/airflow/example_dags/example_short_circuit_operator.py
[2024-06-29T12:23:08.935+0000] {processor.py:830} INFO - Processing file /home/airflow/.local/lib/python3.12/site-packages/airflow/example_dags/example_short_circuit_operator.py for tasks to queue
[2024-06-29T12:23:08.936+0000] {logging_mixin.py:188} INFO - [2024-06-29T12:23:08.936+0000] {dagbag.py:545} INFO - Filling up the DagBag from /home/airflow/.local/lib/python3.12/site-packages/airflow/example_dags/example_short_circuit_operator.py
[2024-06-29T12:23:08.940+0000] {processor.py:840} INFO - DAG(s) 'example_short_circuit_operator' retrieved from /home/airflow/.local/lib/python3.12/site-packages/airflow/example_dags/example_short_circuit_operator.py
[2024-06-29T12:23:08.955+0000] {logging_mixin.py:188} INFO - [2024-06-29T12:23:08.955+0000] {dag.py:3096} INFO - Sync 1 DAGs
[2024-06-29T12:23:08.967+0000] {logging_mixin.py:188} INFO - [2024-06-29T12:23:08.967+0000] {dag.py:3954} INFO - Setting next_dagrun for example_short_circuit_operator to 2024-06-28 00:00:00+00:00, run_after=2024-06-29 00:00:00+00:00
[2024-06-29T12:23:08.976+0000] {processor.py:183} INFO - Processing /home/airflow/.local/lib/python3.12/site-packages/airflow/example_dags/example_short_circuit_operator.py took 0.045 seconds
[2024-06-29T12:23:39.164+0000] {processor.py:161} INFO - Started process (PID=15554) to work on /home/airflow/.local/lib/python3.12/site-packages/airflow/example_dags/example_short_circuit_operator.py
[2024-06-29T12:23:39.165+0000] {processor.py:830} INFO - Processing file /home/airflow/.local/lib/python3.12/site-packages/airflow/example_dags/example_short_circuit_operator.py for tasks to queue
[2024-06-29T12:23:39.166+0000] {logging_mixin.py:188} INFO - [2024-06-29T12:23:39.166+0000] {dagbag.py:545} INFO - Filling up the DagBag from /home/airflow/.local/lib/python3.12/site-packages/airflow/example_dags/example_short_circuit_operator.py
[2024-06-29T12:23:39.170+0000] {processor.py:840} INFO - DAG(s) 'example_short_circuit_operator' retrieved from /home/airflow/.local/lib/python3.12/site-packages/airflow/example_dags/example_short_circuit_operator.py
[2024-06-29T12:23:39.185+0000] {logging_mixin.py:188} INFO - [2024-06-29T12:23:39.185+0000] {dag.py:3096} INFO - Sync 1 DAGs
[2024-06-29T12:23:39.195+0000] {logging_mixin.py:188} INFO - [2024-06-29T12:23:39.195+0000] {dag.py:3954} INFO - Setting next_dagrun for example_short_circuit_operator to 2024-06-28 00:00:00+00:00, run_after=2024-06-29 00:00:00+00:00
[2024-06-29T12:23:39.205+0000] {processor.py:183} INFO - Processing /home/airflow/.local/lib/python3.12/site-packages/airflow/example_dags/example_short_circuit_operator.py took 0.044 seconds
[2024-06-29T12:24:09.414+0000] {processor.py:161} INFO - Started process (PID=15819) to work on /home/airflow/.local/lib/python3.12/site-packages/airflow/example_dags/example_short_circuit_operator.py
[2024-06-29T12:24:09.415+0000] {processor.py:830} INFO - Processing file /home/airflow/.local/lib/python3.12/site-packages/airflow/example_dags/example_short_circuit_operator.py for tasks to queue
[2024-06-29T12:24:09.416+0000] {logging_mixin.py:188} INFO - [2024-06-29T12:24:09.416+0000] {dagbag.py:545} INFO - Filling up the DagBag from /home/airflow/.local/lib/python3.12/site-packages/airflow/example_dags/example_short_circuit_operator.py
[2024-06-29T12:24:09.420+0000] {processor.py:840} INFO - DAG(s) 'example_short_circuit_operator' retrieved from /home/airflow/.local/lib/python3.12/site-packages/airflow/example_dags/example_short_circuit_operator.py
[2024-06-29T12:24:09.434+0000] {logging_mixin.py:188} INFO - [2024-06-29T12:24:09.434+0000] {dag.py:3096} INFO - Sync 1 DAGs
[2024-06-29T12:24:09.445+0000] {logging_mixin.py:188} INFO - [2024-06-29T12:24:09.445+0000] {dag.py:3954} INFO - Setting next_dagrun for example_short_circuit_operator to 2024-06-28 00:00:00+00:00, run_after=2024-06-29 00:00:00+00:00
[2024-06-29T12:24:09.454+0000] {processor.py:183} INFO - Processing /home/airflow/.local/lib/python3.12/site-packages/airflow/example_dags/example_short_circuit_operator.py took 0.043 seconds
[2024-06-29T12:24:39.524+0000] {processor.py:161} INFO - Started process (PID=16081) to work on /home/airflow/.local/lib/python3.12/site-packages/airflow/example_dags/example_short_circuit_operator.py
[2024-06-29T12:24:39.525+0000] {processor.py:830} INFO - Processing file /home/airflow/.local/lib/python3.12/site-packages/airflow/example_dags/example_short_circuit_operator.py for tasks to queue
[2024-06-29T12:24:39.526+0000] {logging_mixin.py:188} INFO - [2024-06-29T12:24:39.526+0000] {dagbag.py:545} INFO - Filling up the DagBag from /home/airflow/.local/lib/python3.12/site-packages/airflow/example_dags/example_short_circuit_operator.py
[2024-06-29T12:24:39.530+0000] {processor.py:840} INFO - DAG(s) 'example_short_circuit_operator' retrieved from /home/airflow/.local/lib/python3.12/site-packages/airflow/example_dags/example_short_circuit_operator.py
[2024-06-29T12:24:39.546+0000] {logging_mixin.py:188} INFO - [2024-06-29T12:24:39.546+0000] {dag.py:3096} INFO - Sync 1 DAGs
[2024-06-29T12:24:39.558+0000] {logging_mixin.py:188} INFO - [2024-06-29T12:24:39.558+0000] {dag.py:3954} INFO - Setting next_dagrun for example_short_circuit_operator to 2024-06-28 00:00:00+00:00, run_after=2024-06-29 00:00:00+00:00
[2024-06-29T12:24:39.567+0000] {processor.py:183} INFO - Processing /home/airflow/.local/lib/python3.12/site-packages/airflow/example_dags/example_short_circuit_operator.py took 0.046 seconds
[2024-06-29T12:25:09.679+0000] {processor.py:161} INFO - Started process (PID=16342) to work on /home/airflow/.local/lib/python3.12/site-packages/airflow/example_dags/example_short_circuit_operator.py
[2024-06-29T12:25:09.679+0000] {processor.py:830} INFO - Processing file /home/airflow/.local/lib/python3.12/site-packages/airflow/example_dags/example_short_circuit_operator.py for tasks to queue
[2024-06-29T12:25:09.680+0000] {logging_mixin.py:188} INFO - [2024-06-29T12:25:09.680+0000] {dagbag.py:545} INFO - Filling up the DagBag from /home/airflow/.local/lib/python3.12/site-packages/airflow/example_dags/example_short_circuit_operator.py
[2024-06-29T12:25:09.684+0000] {processor.py:840} INFO - DAG(s) 'example_short_circuit_operator' retrieved from /home/airflow/.local/lib/python3.12/site-packages/airflow/example_dags/example_short_circuit_operator.py
[2024-06-29T12:25:09.699+0000] {logging_mixin.py:188} INFO - [2024-06-29T12:25:09.699+0000] {dag.py:3096} INFO - Sync 1 DAGs
[2024-06-29T12:25:09.710+0000] {logging_mixin.py:188} INFO - [2024-06-29T12:25:09.710+0000] {dag.py:3954} INFO - Setting next_dagrun for example_short_circuit_operator to 2024-06-28 00:00:00+00:00, run_after=2024-06-29 00:00:00+00:00
[2024-06-29T12:25:09.719+0000] {processor.py:183} INFO - Processing /home/airflow/.local/lib/python3.12/site-packages/airflow/example_dags/example_short_circuit_operator.py took 0.044 seconds
