[2024-06-29T11:54:20.329+0000] {processor.py:161} INFO - Started process (PID=230) to work on /home/airflow/.local/lib/python3.12/site-packages/airflow/example_dags/example_latest_only_with_trigger.py
[2024-06-29T11:54:20.329+0000] {processor.py:830} INFO - Processing file /home/airflow/.local/lib/python3.12/site-packages/airflow/example_dags/example_latest_only_with_trigger.py for tasks to queue
[2024-06-29T11:54:20.331+0000] {logging_mixin.py:188} INFO - [2024-06-29T11:54:20.330+0000] {dagbag.py:545} INFO - Filling up the DagBag from /home/airflow/.local/lib/python3.12/site-packages/airflow/example_dags/example_latest_only_with_trigger.py
[2024-06-29T11:54:20.334+0000] {processor.py:840} INFO - DAG(s) 'latest_only_with_trigger' retrieved from /home/airflow/.local/lib/python3.12/site-packages/airflow/example_dags/example_latest_only_with_trigger.py
[2024-06-29T11:54:20.348+0000] {logging_mixin.py:188} INFO - [2024-06-29T11:54:20.347+0000] {dag.py:3096} INFO - Sync 1 DAGs
[2024-06-29T11:54:20.361+0000] {logging_mixin.py:188} INFO - [2024-06-29T11:54:20.361+0000] {dag.py:3954} INFO - Setting next_dagrun for latest_only_with_trigger to 2024-06-29 04:00:00+00:00, run_after=2024-06-29 08:00:00+00:00
[2024-06-29T11:54:20.370+0000] {processor.py:183} INFO - Processing /home/airflow/.local/lib/python3.12/site-packages/airflow/example_dags/example_latest_only_with_trigger.py took 0.045 seconds
[2024-06-29T11:54:51.649+0000] {processor.py:161} INFO - Started process (PID=492) to work on /home/airflow/.local/lib/python3.12/site-packages/airflow/example_dags/example_latest_only_with_trigger.py
[2024-06-29T11:54:51.649+0000] {processor.py:830} INFO - Processing file /home/airflow/.local/lib/python3.12/site-packages/airflow/example_dags/example_latest_only_with_trigger.py for tasks to queue
[2024-06-29T11:54:51.650+0000] {logging_mixin.py:188} INFO - [2024-06-29T11:54:51.650+0000] {dagbag.py:545} INFO - Filling up the DagBag from /home/airflow/.local/lib/python3.12/site-packages/airflow/example_dags/example_latest_only_with_trigger.py
[2024-06-29T11:54:51.653+0000] {processor.py:840} INFO - DAG(s) 'latest_only_with_trigger' retrieved from /home/airflow/.local/lib/python3.12/site-packages/airflow/example_dags/example_latest_only_with_trigger.py
[2024-06-29T11:54:51.703+0000] {logging_mixin.py:188} INFO - [2024-06-29T11:54:51.703+0000] {dag.py:3096} INFO - Sync 1 DAGs
[2024-06-29T11:54:51.712+0000] {logging_mixin.py:188} INFO - [2024-06-29T11:54:51.712+0000] {dag.py:3954} INFO - Setting next_dagrun for latest_only_with_trigger to 2024-06-29 04:00:00+00:00, run_after=2024-06-29 08:00:00+00:00
[2024-06-29T11:54:51.722+0000] {processor.py:183} INFO - Processing /home/airflow/.local/lib/python3.12/site-packages/airflow/example_dags/example_latest_only_with_trigger.py took 0.076 seconds
[2024-06-29T11:55:22.272+0000] {processor.py:161} INFO - Started process (PID=754) to work on /home/airflow/.local/lib/python3.12/site-packages/airflow/example_dags/example_latest_only_with_trigger.py
[2024-06-29T11:55:22.272+0000] {processor.py:830} INFO - Processing file /home/airflow/.local/lib/python3.12/site-packages/airflow/example_dags/example_latest_only_with_trigger.py for tasks to queue
[2024-06-29T11:55:22.274+0000] {logging_mixin.py:188} INFO - [2024-06-29T11:55:22.273+0000] {dagbag.py:545} INFO - Filling up the DagBag from /home/airflow/.local/lib/python3.12/site-packages/airflow/example_dags/example_latest_only_with_trigger.py
[2024-06-29T11:55:22.277+0000] {processor.py:840} INFO - DAG(s) 'latest_only_with_trigger' retrieved from /home/airflow/.local/lib/python3.12/site-packages/airflow/example_dags/example_latest_only_with_trigger.py
[2024-06-29T11:55:22.292+0000] {logging_mixin.py:188} INFO - [2024-06-29T11:55:22.292+0000] {dag.py:3096} INFO - Sync 1 DAGs
[2024-06-29T11:55:22.304+0000] {logging_mixin.py:188} INFO - [2024-06-29T11:55:22.304+0000] {dag.py:3954} INFO - Setting next_dagrun for latest_only_with_trigger to 2024-06-29 04:00:00+00:00, run_after=2024-06-29 08:00:00+00:00
[2024-06-29T11:55:22.313+0000] {processor.py:183} INFO - Processing /home/airflow/.local/lib/python3.12/site-packages/airflow/example_dags/example_latest_only_with_trigger.py took 0.045 seconds
[2024-06-29T11:55:52.651+0000] {processor.py:161} INFO - Started process (PID=1016) to work on /home/airflow/.local/lib/python3.12/site-packages/airflow/example_dags/example_latest_only_with_trigger.py
[2024-06-29T11:55:52.652+0000] {processor.py:830} INFO - Processing file /home/airflow/.local/lib/python3.12/site-packages/airflow/example_dags/example_latest_only_with_trigger.py for tasks to queue
[2024-06-29T11:55:52.653+0000] {logging_mixin.py:188} INFO - [2024-06-29T11:55:52.653+0000] {dagbag.py:545} INFO - Filling up the DagBag from /home/airflow/.local/lib/python3.12/site-packages/airflow/example_dags/example_latest_only_with_trigger.py
[2024-06-29T11:55:52.656+0000] {processor.py:840} INFO - DAG(s) 'latest_only_with_trigger' retrieved from /home/airflow/.local/lib/python3.12/site-packages/airflow/example_dags/example_latest_only_with_trigger.py
[2024-06-29T11:55:52.671+0000] {logging_mixin.py:188} INFO - [2024-06-29T11:55:52.670+0000] {dag.py:3096} INFO - Sync 1 DAGs
[2024-06-29T11:55:52.682+0000] {logging_mixin.py:188} INFO - [2024-06-29T11:55:52.682+0000] {dag.py:3954} INFO - Setting next_dagrun for latest_only_with_trigger to 2024-06-29 04:00:00+00:00, run_after=2024-06-29 08:00:00+00:00
[2024-06-29T11:55:52.692+0000] {processor.py:183} INFO - Processing /home/airflow/.local/lib/python3.12/site-packages/airflow/example_dags/example_latest_only_with_trigger.py took 0.045 seconds
[2024-06-29T11:56:22.939+0000] {processor.py:161} INFO - Started process (PID=1279) to work on /home/airflow/.local/lib/python3.12/site-packages/airflow/example_dags/example_latest_only_with_trigger.py
[2024-06-29T11:56:22.939+0000] {processor.py:830} INFO - Processing file /home/airflow/.local/lib/python3.12/site-packages/airflow/example_dags/example_latest_only_with_trigger.py for tasks to queue
[2024-06-29T11:56:22.940+0000] {logging_mixin.py:188} INFO - [2024-06-29T11:56:22.940+0000] {dagbag.py:545} INFO - Filling up the DagBag from /home/airflow/.local/lib/python3.12/site-packages/airflow/example_dags/example_latest_only_with_trigger.py
[2024-06-29T11:56:22.944+0000] {processor.py:840} INFO - DAG(s) 'latest_only_with_trigger' retrieved from /home/airflow/.local/lib/python3.12/site-packages/airflow/example_dags/example_latest_only_with_trigger.py
[2024-06-29T11:56:22.958+0000] {logging_mixin.py:188} INFO - [2024-06-29T11:56:22.958+0000] {dag.py:3096} INFO - Sync 1 DAGs
[2024-06-29T11:56:22.969+0000] {logging_mixin.py:188} INFO - [2024-06-29T11:56:22.969+0000] {dag.py:3954} INFO - Setting next_dagrun for latest_only_with_trigger to 2024-06-29 04:00:00+00:00, run_after=2024-06-29 08:00:00+00:00
[2024-06-29T11:56:22.978+0000] {processor.py:183} INFO - Processing /home/airflow/.local/lib/python3.12/site-packages/airflow/example_dags/example_latest_only_with_trigger.py took 0.043 seconds
[2024-06-29T11:56:53.103+0000] {processor.py:161} INFO - Started process (PID=1541) to work on /home/airflow/.local/lib/python3.12/site-packages/airflow/example_dags/example_latest_only_with_trigger.py
[2024-06-29T11:56:53.104+0000] {processor.py:830} INFO - Processing file /home/airflow/.local/lib/python3.12/site-packages/airflow/example_dags/example_latest_only_with_trigger.py for tasks to queue
[2024-06-29T11:56:53.105+0000] {logging_mixin.py:188} INFO - [2024-06-29T11:56:53.105+0000] {dagbag.py:545} INFO - Filling up the DagBag from /home/airflow/.local/lib/python3.12/site-packages/airflow/example_dags/example_latest_only_with_trigger.py
[2024-06-29T11:56:53.108+0000] {processor.py:840} INFO - DAG(s) 'latest_only_with_trigger' retrieved from /home/airflow/.local/lib/python3.12/site-packages/airflow/example_dags/example_latest_only_with_trigger.py
[2024-06-29T11:56:53.122+0000] {logging_mixin.py:188} INFO - [2024-06-29T11:56:53.122+0000] {dag.py:3096} INFO - Sync 1 DAGs
[2024-06-29T11:56:53.134+0000] {logging_mixin.py:188} INFO - [2024-06-29T11:56:53.134+0000] {dag.py:3954} INFO - Setting next_dagrun for latest_only_with_trigger to 2024-06-29 04:00:00+00:00, run_after=2024-06-29 08:00:00+00:00
[2024-06-29T11:56:53.143+0000] {processor.py:183} INFO - Processing /home/airflow/.local/lib/python3.12/site-packages/airflow/example_dags/example_latest_only_with_trigger.py took 0.044 seconds
[2024-06-29T11:57:23.348+0000] {processor.py:161} INFO - Started process (PID=1803) to work on /home/airflow/.local/lib/python3.12/site-packages/airflow/example_dags/example_latest_only_with_trigger.py
[2024-06-29T11:57:23.348+0000] {processor.py:830} INFO - Processing file /home/airflow/.local/lib/python3.12/site-packages/airflow/example_dags/example_latest_only_with_trigger.py for tasks to queue
[2024-06-29T11:57:23.349+0000] {logging_mixin.py:188} INFO - [2024-06-29T11:57:23.349+0000] {dagbag.py:545} INFO - Filling up the DagBag from /home/airflow/.local/lib/python3.12/site-packages/airflow/example_dags/example_latest_only_with_trigger.py
[2024-06-29T11:57:23.353+0000] {processor.py:840} INFO - DAG(s) 'latest_only_with_trigger' retrieved from /home/airflow/.local/lib/python3.12/site-packages/airflow/example_dags/example_latest_only_with_trigger.py
[2024-06-29T11:57:23.368+0000] {logging_mixin.py:188} INFO - [2024-06-29T11:57:23.368+0000] {dag.py:3096} INFO - Sync 1 DAGs
[2024-06-29T11:57:23.381+0000] {logging_mixin.py:188} INFO - [2024-06-29T11:57:23.381+0000] {dag.py:3954} INFO - Setting next_dagrun for latest_only_with_trigger to 2024-06-29 04:00:00+00:00, run_after=2024-06-29 08:00:00+00:00
[2024-06-29T11:57:23.392+0000] {processor.py:183} INFO - Processing /home/airflow/.local/lib/python3.12/site-packages/airflow/example_dags/example_latest_only_with_trigger.py took 0.048 seconds
[2024-06-29T11:57:53.713+0000] {processor.py:161} INFO - Started process (PID=2065) to work on /home/airflow/.local/lib/python3.12/site-packages/airflow/example_dags/example_latest_only_with_trigger.py
[2024-06-29T11:57:53.713+0000] {processor.py:830} INFO - Processing file /home/airflow/.local/lib/python3.12/site-packages/airflow/example_dags/example_latest_only_with_trigger.py for tasks to queue
[2024-06-29T11:57:53.714+0000] {logging_mixin.py:188} INFO - [2024-06-29T11:57:53.714+0000] {dagbag.py:545} INFO - Filling up the DagBag from /home/airflow/.local/lib/python3.12/site-packages/airflow/example_dags/example_latest_only_with_trigger.py
[2024-06-29T11:57:53.717+0000] {processor.py:840} INFO - DAG(s) 'latest_only_with_trigger' retrieved from /home/airflow/.local/lib/python3.12/site-packages/airflow/example_dags/example_latest_only_with_trigger.py
[2024-06-29T11:57:53.731+0000] {logging_mixin.py:188} INFO - [2024-06-29T11:57:53.731+0000] {dag.py:3096} INFO - Sync 1 DAGs
[2024-06-29T11:57:53.743+0000] {logging_mixin.py:188} INFO - [2024-06-29T11:57:53.743+0000] {dag.py:3954} INFO - Setting next_dagrun for latest_only_with_trigger to 2024-06-29 04:00:00+00:00, run_after=2024-06-29 08:00:00+00:00
[2024-06-29T11:57:53.752+0000] {processor.py:183} INFO - Processing /home/airflow/.local/lib/python3.12/site-packages/airflow/example_dags/example_latest_only_with_trigger.py took 0.043 seconds
[2024-06-29T11:58:23.915+0000] {processor.py:161} INFO - Started process (PID=2327) to work on /home/airflow/.local/lib/python3.12/site-packages/airflow/example_dags/example_latest_only_with_trigger.py
[2024-06-29T11:58:23.916+0000] {processor.py:830} INFO - Processing file /home/airflow/.local/lib/python3.12/site-packages/airflow/example_dags/example_latest_only_with_trigger.py for tasks to queue
[2024-06-29T11:58:23.917+0000] {logging_mixin.py:188} INFO - [2024-06-29T11:58:23.916+0000] {dagbag.py:545} INFO - Filling up the DagBag from /home/airflow/.local/lib/python3.12/site-packages/airflow/example_dags/example_latest_only_with_trigger.py
[2024-06-29T11:58:23.920+0000] {processor.py:840} INFO - DAG(s) 'latest_only_with_trigger' retrieved from /home/airflow/.local/lib/python3.12/site-packages/airflow/example_dags/example_latest_only_with_trigger.py
[2024-06-29T11:58:23.934+0000] {logging_mixin.py:188} INFO - [2024-06-29T11:58:23.934+0000] {dag.py:3096} INFO - Sync 1 DAGs
[2024-06-29T11:58:23.945+0000] {logging_mixin.py:188} INFO - [2024-06-29T11:58:23.944+0000] {dag.py:3954} INFO - Setting next_dagrun for latest_only_with_trigger to 2024-06-29 04:00:00+00:00, run_after=2024-06-29 08:00:00+00:00
[2024-06-29T11:58:23.953+0000] {processor.py:183} INFO - Processing /home/airflow/.local/lib/python3.12/site-packages/airflow/example_dags/example_latest_only_with_trigger.py took 0.042 seconds
[2024-06-29T11:58:54.095+0000] {processor.py:161} INFO - Started process (PID=2589) to work on /home/airflow/.local/lib/python3.12/site-packages/airflow/example_dags/example_latest_only_with_trigger.py
[2024-06-29T11:58:54.096+0000] {processor.py:830} INFO - Processing file /home/airflow/.local/lib/python3.12/site-packages/airflow/example_dags/example_latest_only_with_trigger.py for tasks to queue
[2024-06-29T11:58:54.097+0000] {logging_mixin.py:188} INFO - [2024-06-29T11:58:54.096+0000] {dagbag.py:545} INFO - Filling up the DagBag from /home/airflow/.local/lib/python3.12/site-packages/airflow/example_dags/example_latest_only_with_trigger.py
[2024-06-29T11:58:54.100+0000] {processor.py:840} INFO - DAG(s) 'latest_only_with_trigger' retrieved from /home/airflow/.local/lib/python3.12/site-packages/airflow/example_dags/example_latest_only_with_trigger.py
[2024-06-29T11:58:54.114+0000] {logging_mixin.py:188} INFO - [2024-06-29T11:58:54.114+0000] {dag.py:3096} INFO - Sync 1 DAGs
[2024-06-29T11:58:54.125+0000] {logging_mixin.py:188} INFO - [2024-06-29T11:58:54.125+0000] {dag.py:3954} INFO - Setting next_dagrun for latest_only_with_trigger to 2024-06-29 04:00:00+00:00, run_after=2024-06-29 08:00:00+00:00
[2024-06-29T11:58:54.135+0000] {processor.py:183} INFO - Processing /home/airflow/.local/lib/python3.12/site-packages/airflow/example_dags/example_latest_only_with_trigger.py took 0.044 seconds
[2024-06-29T11:59:24.507+0000] {processor.py:161} INFO - Started process (PID=2851) to work on /home/airflow/.local/lib/python3.12/site-packages/airflow/example_dags/example_latest_only_with_trigger.py
[2024-06-29T11:59:24.508+0000] {processor.py:830} INFO - Processing file /home/airflow/.local/lib/python3.12/site-packages/airflow/example_dags/example_latest_only_with_trigger.py for tasks to queue
[2024-06-29T11:59:24.509+0000] {logging_mixin.py:188} INFO - [2024-06-29T11:59:24.509+0000] {dagbag.py:545} INFO - Filling up the DagBag from /home/airflow/.local/lib/python3.12/site-packages/airflow/example_dags/example_latest_only_with_trigger.py
[2024-06-29T11:59:24.512+0000] {processor.py:840} INFO - DAG(s) 'latest_only_with_trigger' retrieved from /home/airflow/.local/lib/python3.12/site-packages/airflow/example_dags/example_latest_only_with_trigger.py
[2024-06-29T11:59:24.526+0000] {logging_mixin.py:188} INFO - [2024-06-29T11:59:24.526+0000] {dag.py:3096} INFO - Sync 1 DAGs
[2024-06-29T11:59:24.538+0000] {logging_mixin.py:188} INFO - [2024-06-29T11:59:24.538+0000] {dag.py:3954} INFO - Setting next_dagrun for latest_only_with_trigger to 2024-06-29 04:00:00+00:00, run_after=2024-06-29 08:00:00+00:00
[2024-06-29T11:59:24.547+0000] {processor.py:183} INFO - Processing /home/airflow/.local/lib/python3.12/site-packages/airflow/example_dags/example_latest_only_with_trigger.py took 0.043 seconds
[2024-06-29T11:59:54.714+0000] {processor.py:161} INFO - Started process (PID=3113) to work on /home/airflow/.local/lib/python3.12/site-packages/airflow/example_dags/example_latest_only_with_trigger.py
[2024-06-29T11:59:54.714+0000] {processor.py:830} INFO - Processing file /home/airflow/.local/lib/python3.12/site-packages/airflow/example_dags/example_latest_only_with_trigger.py for tasks to queue
[2024-06-29T11:59:54.715+0000] {logging_mixin.py:188} INFO - [2024-06-29T11:59:54.715+0000] {dagbag.py:545} INFO - Filling up the DagBag from /home/airflow/.local/lib/python3.12/site-packages/airflow/example_dags/example_latest_only_with_trigger.py
[2024-06-29T11:59:54.719+0000] {processor.py:840} INFO - DAG(s) 'latest_only_with_trigger' retrieved from /home/airflow/.local/lib/python3.12/site-packages/airflow/example_dags/example_latest_only_with_trigger.py
[2024-06-29T11:59:54.732+0000] {logging_mixin.py:188} INFO - [2024-06-29T11:59:54.732+0000] {dag.py:3096} INFO - Sync 1 DAGs
[2024-06-29T11:59:54.743+0000] {logging_mixin.py:188} INFO - [2024-06-29T11:59:54.743+0000] {dag.py:3954} INFO - Setting next_dagrun for latest_only_with_trigger to 2024-06-29 04:00:00+00:00, run_after=2024-06-29 08:00:00+00:00
[2024-06-29T11:59:54.753+0000] {processor.py:183} INFO - Processing /home/airflow/.local/lib/python3.12/site-packages/airflow/example_dags/example_latest_only_with_trigger.py took 0.043 seconds
[2024-06-29T12:00:24.874+0000] {processor.py:161} INFO - Started process (PID=3375) to work on /home/airflow/.local/lib/python3.12/site-packages/airflow/example_dags/example_latest_only_with_trigger.py
[2024-06-29T12:00:24.875+0000] {processor.py:830} INFO - Processing file /home/airflow/.local/lib/python3.12/site-packages/airflow/example_dags/example_latest_only_with_trigger.py for tasks to queue
[2024-06-29T12:00:24.876+0000] {logging_mixin.py:188} INFO - [2024-06-29T12:00:24.876+0000] {dagbag.py:545} INFO - Filling up the DagBag from /home/airflow/.local/lib/python3.12/site-packages/airflow/example_dags/example_latest_only_with_trigger.py
[2024-06-29T12:00:24.879+0000] {processor.py:840} INFO - DAG(s) 'latest_only_with_trigger' retrieved from /home/airflow/.local/lib/python3.12/site-packages/airflow/example_dags/example_latest_only_with_trigger.py
[2024-06-29T12:00:24.893+0000] {logging_mixin.py:188} INFO - [2024-06-29T12:00:24.893+0000] {dag.py:3096} INFO - Sync 1 DAGs
[2024-06-29T12:00:24.904+0000] {logging_mixin.py:188} INFO - [2024-06-29T12:00:24.904+0000] {dag.py:3954} INFO - Setting next_dagrun for latest_only_with_trigger to 2024-06-29 08:00:00+00:00, run_after=2024-06-29 12:00:00+00:00
[2024-06-29T12:00:24.913+0000] {processor.py:183} INFO - Processing /home/airflow/.local/lib/python3.12/site-packages/airflow/example_dags/example_latest_only_with_trigger.py took 0.043 seconds
[2024-06-29T12:00:55.117+0000] {processor.py:161} INFO - Started process (PID=3639) to work on /home/airflow/.local/lib/python3.12/site-packages/airflow/example_dags/example_latest_only_with_trigger.py
[2024-06-29T12:00:55.118+0000] {processor.py:830} INFO - Processing file /home/airflow/.local/lib/python3.12/site-packages/airflow/example_dags/example_latest_only_with_trigger.py for tasks to queue
[2024-06-29T12:00:55.119+0000] {logging_mixin.py:188} INFO - [2024-06-29T12:00:55.119+0000] {dagbag.py:545} INFO - Filling up the DagBag from /home/airflow/.local/lib/python3.12/site-packages/airflow/example_dags/example_latest_only_with_trigger.py
[2024-06-29T12:00:55.122+0000] {processor.py:840} INFO - DAG(s) 'latest_only_with_trigger' retrieved from /home/airflow/.local/lib/python3.12/site-packages/airflow/example_dags/example_latest_only_with_trigger.py
[2024-06-29T12:00:55.136+0000] {logging_mixin.py:188} INFO - [2024-06-29T12:00:55.136+0000] {dag.py:3096} INFO - Sync 1 DAGs
[2024-06-29T12:00:55.147+0000] {logging_mixin.py:188} INFO - [2024-06-29T12:00:55.147+0000] {dag.py:3954} INFO - Setting next_dagrun for latest_only_with_trigger to 2024-06-29 08:00:00+00:00, run_after=2024-06-29 12:00:00+00:00
[2024-06-29T12:00:55.156+0000] {processor.py:183} INFO - Processing /home/airflow/.local/lib/python3.12/site-packages/airflow/example_dags/example_latest_only_with_trigger.py took 0.042 seconds
[2024-06-29T12:01:25.302+0000] {processor.py:161} INFO - Started process (PID=3899) to work on /home/airflow/.local/lib/python3.12/site-packages/airflow/example_dags/example_latest_only_with_trigger.py
[2024-06-29T12:01:25.303+0000] {processor.py:830} INFO - Processing file /home/airflow/.local/lib/python3.12/site-packages/airflow/example_dags/example_latest_only_with_trigger.py for tasks to queue
[2024-06-29T12:01:25.304+0000] {logging_mixin.py:188} INFO - [2024-06-29T12:01:25.303+0000] {dagbag.py:545} INFO - Filling up the DagBag from /home/airflow/.local/lib/python3.12/site-packages/airflow/example_dags/example_latest_only_with_trigger.py
[2024-06-29T12:01:25.307+0000] {processor.py:840} INFO - DAG(s) 'latest_only_with_trigger' retrieved from /home/airflow/.local/lib/python3.12/site-packages/airflow/example_dags/example_latest_only_with_trigger.py
[2024-06-29T12:01:25.321+0000] {logging_mixin.py:188} INFO - [2024-06-29T12:01:25.321+0000] {dag.py:3096} INFO - Sync 1 DAGs
[2024-06-29T12:01:25.333+0000] {logging_mixin.py:188} INFO - [2024-06-29T12:01:25.333+0000] {dag.py:3954} INFO - Setting next_dagrun for latest_only_with_trigger to 2024-06-29 08:00:00+00:00, run_after=2024-06-29 12:00:00+00:00
[2024-06-29T12:01:25.342+0000] {processor.py:183} INFO - Processing /home/airflow/.local/lib/python3.12/site-packages/airflow/example_dags/example_latest_only_with_trigger.py took 0.044 seconds
[2024-06-29T12:01:55.488+0000] {processor.py:161} INFO - Started process (PID=4161) to work on /home/airflow/.local/lib/python3.12/site-packages/airflow/example_dags/example_latest_only_with_trigger.py
[2024-06-29T12:01:55.489+0000] {processor.py:830} INFO - Processing file /home/airflow/.local/lib/python3.12/site-packages/airflow/example_dags/example_latest_only_with_trigger.py for tasks to queue
[2024-06-29T12:01:55.490+0000] {logging_mixin.py:188} INFO - [2024-06-29T12:01:55.490+0000] {dagbag.py:545} INFO - Filling up the DagBag from /home/airflow/.local/lib/python3.12/site-packages/airflow/example_dags/example_latest_only_with_trigger.py
[2024-06-29T12:01:55.493+0000] {processor.py:840} INFO - DAG(s) 'latest_only_with_trigger' retrieved from /home/airflow/.local/lib/python3.12/site-packages/airflow/example_dags/example_latest_only_with_trigger.py
[2024-06-29T12:01:55.508+0000] {logging_mixin.py:188} INFO - [2024-06-29T12:01:55.508+0000] {dag.py:3096} INFO - Sync 1 DAGs
[2024-06-29T12:01:55.520+0000] {logging_mixin.py:188} INFO - [2024-06-29T12:01:55.519+0000] {dag.py:3954} INFO - Setting next_dagrun for latest_only_with_trigger to 2024-06-29 08:00:00+00:00, run_after=2024-06-29 12:00:00+00:00
[2024-06-29T12:01:55.539+0000] {processor.py:183} INFO - Processing /home/airflow/.local/lib/python3.12/site-packages/airflow/example_dags/example_latest_only_with_trigger.py took 0.054 seconds
[2024-06-29T12:02:25.832+0000] {processor.py:161} INFO - Started process (PID=4425) to work on /home/airflow/.local/lib/python3.12/site-packages/airflow/example_dags/example_latest_only_with_trigger.py
[2024-06-29T12:02:25.832+0000] {processor.py:830} INFO - Processing file /home/airflow/.local/lib/python3.12/site-packages/airflow/example_dags/example_latest_only_with_trigger.py for tasks to queue
[2024-06-29T12:02:25.833+0000] {logging_mixin.py:188} INFO - [2024-06-29T12:02:25.833+0000] {dagbag.py:545} INFO - Filling up the DagBag from /home/airflow/.local/lib/python3.12/site-packages/airflow/example_dags/example_latest_only_with_trigger.py
[2024-06-29T12:02:25.837+0000] {processor.py:840} INFO - DAG(s) 'latest_only_with_trigger' retrieved from /home/airflow/.local/lib/python3.12/site-packages/airflow/example_dags/example_latest_only_with_trigger.py
[2024-06-29T12:02:25.851+0000] {logging_mixin.py:188} INFO - [2024-06-29T12:02:25.851+0000] {dag.py:3096} INFO - Sync 1 DAGs
[2024-06-29T12:02:25.862+0000] {logging_mixin.py:188} INFO - [2024-06-29T12:02:25.861+0000] {dag.py:3954} INFO - Setting next_dagrun for latest_only_with_trigger to 2024-06-29 08:00:00+00:00, run_after=2024-06-29 12:00:00+00:00
[2024-06-29T12:02:25.870+0000] {processor.py:183} INFO - Processing /home/airflow/.local/lib/python3.12/site-packages/airflow/example_dags/example_latest_only_with_trigger.py took 0.042 seconds
[2024-06-29T12:02:56.190+0000] {processor.py:161} INFO - Started process (PID=4685) to work on /home/airflow/.local/lib/python3.12/site-packages/airflow/example_dags/example_latest_only_with_trigger.py
[2024-06-29T12:02:56.191+0000] {processor.py:830} INFO - Processing file /home/airflow/.local/lib/python3.12/site-packages/airflow/example_dags/example_latest_only_with_trigger.py for tasks to queue
[2024-06-29T12:02:56.192+0000] {logging_mixin.py:188} INFO - [2024-06-29T12:02:56.192+0000] {dagbag.py:545} INFO - Filling up the DagBag from /home/airflow/.local/lib/python3.12/site-packages/airflow/example_dags/example_latest_only_with_trigger.py
[2024-06-29T12:02:56.195+0000] {processor.py:840} INFO - DAG(s) 'latest_only_with_trigger' retrieved from /home/airflow/.local/lib/python3.12/site-packages/airflow/example_dags/example_latest_only_with_trigger.py
[2024-06-29T12:02:56.210+0000] {logging_mixin.py:188} INFO - [2024-06-29T12:02:56.210+0000] {dag.py:3096} INFO - Sync 1 DAGs
[2024-06-29T12:02:56.221+0000] {logging_mixin.py:188} INFO - [2024-06-29T12:02:56.220+0000] {dag.py:3954} INFO - Setting next_dagrun for latest_only_with_trigger to 2024-06-29 08:00:00+00:00, run_after=2024-06-29 12:00:00+00:00
[2024-06-29T12:02:56.230+0000] {processor.py:183} INFO - Processing /home/airflow/.local/lib/python3.12/site-packages/airflow/example_dags/example_latest_only_with_trigger.py took 0.043 seconds
[2024-06-29T12:03:26.387+0000] {processor.py:161} INFO - Started process (PID=4955) to work on /home/airflow/.local/lib/python3.12/site-packages/airflow/example_dags/example_latest_only_with_trigger.py
[2024-06-29T12:03:26.388+0000] {processor.py:830} INFO - Processing file /home/airflow/.local/lib/python3.12/site-packages/airflow/example_dags/example_latest_only_with_trigger.py for tasks to queue
[2024-06-29T12:03:26.389+0000] {logging_mixin.py:188} INFO - [2024-06-29T12:03:26.389+0000] {dagbag.py:545} INFO - Filling up the DagBag from /home/airflow/.local/lib/python3.12/site-packages/airflow/example_dags/example_latest_only_with_trigger.py
[2024-06-29T12:03:26.392+0000] {processor.py:840} INFO - DAG(s) 'latest_only_with_trigger' retrieved from /home/airflow/.local/lib/python3.12/site-packages/airflow/example_dags/example_latest_only_with_trigger.py
[2024-06-29T12:03:26.406+0000] {logging_mixin.py:188} INFO - [2024-06-29T12:03:26.406+0000] {dag.py:3096} INFO - Sync 1 DAGs
[2024-06-29T12:03:26.418+0000] {logging_mixin.py:188} INFO - [2024-06-29T12:03:26.418+0000] {dag.py:3954} INFO - Setting next_dagrun for latest_only_with_trigger to 2024-06-29 08:00:00+00:00, run_after=2024-06-29 12:00:00+00:00
[2024-06-29T12:03:26.427+0000] {processor.py:183} INFO - Processing /home/airflow/.local/lib/python3.12/site-packages/airflow/example_dags/example_latest_only_with_trigger.py took 0.043 seconds
[2024-06-29T12:03:56.644+0000] {processor.py:161} INFO - Started process (PID=5217) to work on /home/airflow/.local/lib/python3.12/site-packages/airflow/example_dags/example_latest_only_with_trigger.py
[2024-06-29T12:03:56.645+0000] {processor.py:830} INFO - Processing file /home/airflow/.local/lib/python3.12/site-packages/airflow/example_dags/example_latest_only_with_trigger.py for tasks to queue
[2024-06-29T12:03:56.646+0000] {logging_mixin.py:188} INFO - [2024-06-29T12:03:56.645+0000] {dagbag.py:545} INFO - Filling up the DagBag from /home/airflow/.local/lib/python3.12/site-packages/airflow/example_dags/example_latest_only_with_trigger.py
[2024-06-29T12:03:56.649+0000] {processor.py:840} INFO - DAG(s) 'latest_only_with_trigger' retrieved from /home/airflow/.local/lib/python3.12/site-packages/airflow/example_dags/example_latest_only_with_trigger.py
[2024-06-29T12:03:56.664+0000] {logging_mixin.py:188} INFO - [2024-06-29T12:03:56.664+0000] {dag.py:3096} INFO - Sync 1 DAGs
[2024-06-29T12:03:56.676+0000] {logging_mixin.py:188} INFO - [2024-06-29T12:03:56.675+0000] {dag.py:3954} INFO - Setting next_dagrun for latest_only_with_trigger to 2024-06-29 08:00:00+00:00, run_after=2024-06-29 12:00:00+00:00
[2024-06-29T12:03:56.684+0000] {processor.py:183} INFO - Processing /home/airflow/.local/lib/python3.12/site-packages/airflow/example_dags/example_latest_only_with_trigger.py took 0.044 seconds
[2024-06-29T12:04:26.931+0000] {processor.py:161} INFO - Started process (PID=5479) to work on /home/airflow/.local/lib/python3.12/site-packages/airflow/example_dags/example_latest_only_with_trigger.py
[2024-06-29T12:04:26.932+0000] {processor.py:830} INFO - Processing file /home/airflow/.local/lib/python3.12/site-packages/airflow/example_dags/example_latest_only_with_trigger.py for tasks to queue
[2024-06-29T12:04:26.933+0000] {logging_mixin.py:188} INFO - [2024-06-29T12:04:26.933+0000] {dagbag.py:545} INFO - Filling up the DagBag from /home/airflow/.local/lib/python3.12/site-packages/airflow/example_dags/example_latest_only_with_trigger.py
[2024-06-29T12:04:26.936+0000] {processor.py:840} INFO - DAG(s) 'latest_only_with_trigger' retrieved from /home/airflow/.local/lib/python3.12/site-packages/airflow/example_dags/example_latest_only_with_trigger.py
[2024-06-29T12:04:26.950+0000] {logging_mixin.py:188} INFO - [2024-06-29T12:04:26.950+0000] {dag.py:3096} INFO - Sync 1 DAGs
[2024-06-29T12:04:26.961+0000] {logging_mixin.py:188} INFO - [2024-06-29T12:04:26.961+0000] {dag.py:3954} INFO - Setting next_dagrun for latest_only_with_trigger to 2024-06-29 08:00:00+00:00, run_after=2024-06-29 12:00:00+00:00
[2024-06-29T12:04:26.970+0000] {processor.py:183} INFO - Processing /home/airflow/.local/lib/python3.12/site-packages/airflow/example_dags/example_latest_only_with_trigger.py took 0.042 seconds
[2024-06-29T12:04:57.241+0000] {processor.py:161} INFO - Started process (PID=5743) to work on /home/airflow/.local/lib/python3.12/site-packages/airflow/example_dags/example_latest_only_with_trigger.py
[2024-06-29T12:04:57.242+0000] {processor.py:830} INFO - Processing file /home/airflow/.local/lib/python3.12/site-packages/airflow/example_dags/example_latest_only_with_trigger.py for tasks to queue
[2024-06-29T12:04:57.244+0000] {logging_mixin.py:188} INFO - [2024-06-29T12:04:57.243+0000] {dagbag.py:545} INFO - Filling up the DagBag from /home/airflow/.local/lib/python3.12/site-packages/airflow/example_dags/example_latest_only_with_trigger.py
[2024-06-29T12:04:57.248+0000] {processor.py:840} INFO - DAG(s) 'latest_only_with_trigger' retrieved from /home/airflow/.local/lib/python3.12/site-packages/airflow/example_dags/example_latest_only_with_trigger.py
[2024-06-29T12:04:57.265+0000] {logging_mixin.py:188} INFO - [2024-06-29T12:04:57.265+0000] {dag.py:3096} INFO - Sync 1 DAGs
[2024-06-29T12:04:57.277+0000] {logging_mixin.py:188} INFO - [2024-06-29T12:04:57.277+0000] {dag.py:3954} INFO - Setting next_dagrun for latest_only_with_trigger to 2024-06-29 08:00:00+00:00, run_after=2024-06-29 12:00:00+00:00
[2024-06-29T12:04:57.286+0000] {processor.py:183} INFO - Processing /home/airflow/.local/lib/python3.12/site-packages/airflow/example_dags/example_latest_only_with_trigger.py took 0.047 seconds
[2024-06-29T12:05:27.384+0000] {processor.py:161} INFO - Started process (PID=6003) to work on /home/airflow/.local/lib/python3.12/site-packages/airflow/example_dags/example_latest_only_with_trigger.py
[2024-06-29T12:05:27.384+0000] {processor.py:830} INFO - Processing file /home/airflow/.local/lib/python3.12/site-packages/airflow/example_dags/example_latest_only_with_trigger.py for tasks to queue
[2024-06-29T12:05:27.385+0000] {logging_mixin.py:188} INFO - [2024-06-29T12:05:27.385+0000] {dagbag.py:545} INFO - Filling up the DagBag from /home/airflow/.local/lib/python3.12/site-packages/airflow/example_dags/example_latest_only_with_trigger.py
[2024-06-29T12:05:27.388+0000] {processor.py:840} INFO - DAG(s) 'latest_only_with_trigger' retrieved from /home/airflow/.local/lib/python3.12/site-packages/airflow/example_dags/example_latest_only_with_trigger.py
[2024-06-29T12:05:27.402+0000] {logging_mixin.py:188} INFO - [2024-06-29T12:05:27.402+0000] {dag.py:3096} INFO - Sync 1 DAGs
[2024-06-29T12:05:27.413+0000] {logging_mixin.py:188} INFO - [2024-06-29T12:05:27.413+0000] {dag.py:3954} INFO - Setting next_dagrun for latest_only_with_trigger to 2024-06-29 08:00:00+00:00, run_after=2024-06-29 12:00:00+00:00
[2024-06-29T12:05:27.421+0000] {processor.py:183} INFO - Processing /home/airflow/.local/lib/python3.12/site-packages/airflow/example_dags/example_latest_only_with_trigger.py took 0.041 seconds
[2024-06-29T12:05:57.753+0000] {processor.py:161} INFO - Started process (PID=6265) to work on /home/airflow/.local/lib/python3.12/site-packages/airflow/example_dags/example_latest_only_with_trigger.py
[2024-06-29T12:05:57.753+0000] {processor.py:830} INFO - Processing file /home/airflow/.local/lib/python3.12/site-packages/airflow/example_dags/example_latest_only_with_trigger.py for tasks to queue
[2024-06-29T12:05:57.754+0000] {logging_mixin.py:188} INFO - [2024-06-29T12:05:57.754+0000] {dagbag.py:545} INFO - Filling up the DagBag from /home/airflow/.local/lib/python3.12/site-packages/airflow/example_dags/example_latest_only_with_trigger.py
[2024-06-29T12:05:57.758+0000] {processor.py:840} INFO - DAG(s) 'latest_only_with_trigger' retrieved from /home/airflow/.local/lib/python3.12/site-packages/airflow/example_dags/example_latest_only_with_trigger.py
[2024-06-29T12:05:57.771+0000] {logging_mixin.py:188} INFO - [2024-06-29T12:05:57.771+0000] {dag.py:3096} INFO - Sync 1 DAGs
[2024-06-29T12:05:57.782+0000] {logging_mixin.py:188} INFO - [2024-06-29T12:05:57.782+0000] {dag.py:3954} INFO - Setting next_dagrun for latest_only_with_trigger to 2024-06-29 08:00:00+00:00, run_after=2024-06-29 12:00:00+00:00
[2024-06-29T12:05:57.791+0000] {processor.py:183} INFO - Processing /home/airflow/.local/lib/python3.12/site-packages/airflow/example_dags/example_latest_only_with_trigger.py took 0.041 seconds
[2024-06-29T12:06:28.008+0000] {processor.py:161} INFO - Started process (PID=6529) to work on /home/airflow/.local/lib/python3.12/site-packages/airflow/example_dags/example_latest_only_with_trigger.py
[2024-06-29T12:06:28.009+0000] {processor.py:830} INFO - Processing file /home/airflow/.local/lib/python3.12/site-packages/airflow/example_dags/example_latest_only_with_trigger.py for tasks to queue
[2024-06-29T12:06:28.010+0000] {logging_mixin.py:188} INFO - [2024-06-29T12:06:28.010+0000] {dagbag.py:545} INFO - Filling up the DagBag from /home/airflow/.local/lib/python3.12/site-packages/airflow/example_dags/example_latest_only_with_trigger.py
[2024-06-29T12:06:28.013+0000] {processor.py:840} INFO - DAG(s) 'latest_only_with_trigger' retrieved from /home/airflow/.local/lib/python3.12/site-packages/airflow/example_dags/example_latest_only_with_trigger.py
[2024-06-29T12:06:28.027+0000] {logging_mixin.py:188} INFO - [2024-06-29T12:06:28.027+0000] {dag.py:3096} INFO - Sync 1 DAGs
[2024-06-29T12:06:28.038+0000] {logging_mixin.py:188} INFO - [2024-06-29T12:06:28.038+0000] {dag.py:3954} INFO - Setting next_dagrun for latest_only_with_trigger to 2024-06-29 08:00:00+00:00, run_after=2024-06-29 12:00:00+00:00
[2024-06-29T12:06:28.046+0000] {processor.py:183} INFO - Processing /home/airflow/.local/lib/python3.12/site-packages/airflow/example_dags/example_latest_only_with_trigger.py took 0.042 seconds
[2024-06-29T12:06:58.154+0000] {processor.py:161} INFO - Started process (PID=6790) to work on /home/airflow/.local/lib/python3.12/site-packages/airflow/example_dags/example_latest_only_with_trigger.py
[2024-06-29T12:06:58.155+0000] {processor.py:830} INFO - Processing file /home/airflow/.local/lib/python3.12/site-packages/airflow/example_dags/example_latest_only_with_trigger.py for tasks to queue
[2024-06-29T12:06:58.157+0000] {logging_mixin.py:188} INFO - [2024-06-29T12:06:58.157+0000] {dagbag.py:545} INFO - Filling up the DagBag from /home/airflow/.local/lib/python3.12/site-packages/airflow/example_dags/example_latest_only_with_trigger.py
[2024-06-29T12:06:58.162+0000] {processor.py:840} INFO - DAG(s) 'latest_only_with_trigger' retrieved from /home/airflow/.local/lib/python3.12/site-packages/airflow/example_dags/example_latest_only_with_trigger.py
[2024-06-29T12:06:58.178+0000] {logging_mixin.py:188} INFO - [2024-06-29T12:06:58.177+0000] {dag.py:3096} INFO - Sync 1 DAGs
[2024-06-29T12:06:58.188+0000] {logging_mixin.py:188} INFO - [2024-06-29T12:06:58.188+0000] {dag.py:3954} INFO - Setting next_dagrun for latest_only_with_trigger to 2024-06-29 08:00:00+00:00, run_after=2024-06-29 12:00:00+00:00
[2024-06-29T12:06:58.196+0000] {processor.py:183} INFO - Processing /home/airflow/.local/lib/python3.12/site-packages/airflow/example_dags/example_latest_only_with_trigger.py took 0.047 seconds
[2024-06-29T12:07:28.398+0000] {processor.py:161} INFO - Started process (PID=7052) to work on /home/airflow/.local/lib/python3.12/site-packages/airflow/example_dags/example_latest_only_with_trigger.py
[2024-06-29T12:07:28.399+0000] {processor.py:830} INFO - Processing file /home/airflow/.local/lib/python3.12/site-packages/airflow/example_dags/example_latest_only_with_trigger.py for tasks to queue
[2024-06-29T12:07:28.401+0000] {logging_mixin.py:188} INFO - [2024-06-29T12:07:28.401+0000] {dagbag.py:545} INFO - Filling up the DagBag from /home/airflow/.local/lib/python3.12/site-packages/airflow/example_dags/example_latest_only_with_trigger.py
[2024-06-29T12:07:28.406+0000] {processor.py:840} INFO - DAG(s) 'latest_only_with_trigger' retrieved from /home/airflow/.local/lib/python3.12/site-packages/airflow/example_dags/example_latest_only_with_trigger.py
[2024-06-29T12:07:28.420+0000] {logging_mixin.py:188} INFO - [2024-06-29T12:07:28.420+0000] {dag.py:3096} INFO - Sync 1 DAGs
[2024-06-29T12:07:28.431+0000] {logging_mixin.py:188} INFO - [2024-06-29T12:07:28.430+0000] {dag.py:3954} INFO - Setting next_dagrun for latest_only_with_trigger to 2024-06-29 08:00:00+00:00, run_after=2024-06-29 12:00:00+00:00
[2024-06-29T12:07:28.439+0000] {processor.py:183} INFO - Processing /home/airflow/.local/lib/python3.12/site-packages/airflow/example_dags/example_latest_only_with_trigger.py took 0.048 seconds
[2024-06-29T12:07:58.502+0000] {processor.py:161} INFO - Started process (PID=7314) to work on /home/airflow/.local/lib/python3.12/site-packages/airflow/example_dags/example_latest_only_with_trigger.py
[2024-06-29T12:07:58.503+0000] {processor.py:830} INFO - Processing file /home/airflow/.local/lib/python3.12/site-packages/airflow/example_dags/example_latest_only_with_trigger.py for tasks to queue
[2024-06-29T12:07:58.504+0000] {logging_mixin.py:188} INFO - [2024-06-29T12:07:58.504+0000] {dagbag.py:545} INFO - Filling up the DagBag from /home/airflow/.local/lib/python3.12/site-packages/airflow/example_dags/example_latest_only_with_trigger.py
[2024-06-29T12:07:58.507+0000] {processor.py:840} INFO - DAG(s) 'latest_only_with_trigger' retrieved from /home/airflow/.local/lib/python3.12/site-packages/airflow/example_dags/example_latest_only_with_trigger.py
[2024-06-29T12:07:58.521+0000] {logging_mixin.py:188} INFO - [2024-06-29T12:07:58.520+0000] {dag.py:3096} INFO - Sync 1 DAGs
[2024-06-29T12:07:58.531+0000] {logging_mixin.py:188} INFO - [2024-06-29T12:07:58.531+0000] {dag.py:3954} INFO - Setting next_dagrun for latest_only_with_trigger to 2024-06-29 08:00:00+00:00, run_after=2024-06-29 12:00:00+00:00
[2024-06-29T12:07:58.540+0000] {processor.py:183} INFO - Processing /home/airflow/.local/lib/python3.12/site-packages/airflow/example_dags/example_latest_only_with_trigger.py took 0.042 seconds
[2024-06-29T12:08:28.642+0000] {processor.py:161} INFO - Started process (PID=7572) to work on /home/airflow/.local/lib/python3.12/site-packages/airflow/example_dags/example_latest_only_with_trigger.py
[2024-06-29T12:08:28.643+0000] {processor.py:830} INFO - Processing file /home/airflow/.local/lib/python3.12/site-packages/airflow/example_dags/example_latest_only_with_trigger.py for tasks to queue
[2024-06-29T12:08:28.644+0000] {logging_mixin.py:188} INFO - [2024-06-29T12:08:28.644+0000] {dagbag.py:545} INFO - Filling up the DagBag from /home/airflow/.local/lib/python3.12/site-packages/airflow/example_dags/example_latest_only_with_trigger.py
[2024-06-29T12:08:28.647+0000] {processor.py:840} INFO - DAG(s) 'latest_only_with_trigger' retrieved from /home/airflow/.local/lib/python3.12/site-packages/airflow/example_dags/example_latest_only_with_trigger.py
[2024-06-29T12:08:28.661+0000] {logging_mixin.py:188} INFO - [2024-06-29T12:08:28.661+0000] {dag.py:3096} INFO - Sync 1 DAGs
[2024-06-29T12:08:28.673+0000] {logging_mixin.py:188} INFO - [2024-06-29T12:08:28.673+0000] {dag.py:3954} INFO - Setting next_dagrun for latest_only_with_trigger to 2024-06-29 08:00:00+00:00, run_after=2024-06-29 12:00:00+00:00
[2024-06-29T12:08:28.682+0000] {processor.py:183} INFO - Processing /home/airflow/.local/lib/python3.12/site-packages/airflow/example_dags/example_latest_only_with_trigger.py took 0.043 seconds
[2024-06-29T12:08:58.912+0000] {processor.py:161} INFO - Started process (PID=7835) to work on /home/airflow/.local/lib/python3.12/site-packages/airflow/example_dags/example_latest_only_with_trigger.py
[2024-06-29T12:08:58.913+0000] {processor.py:830} INFO - Processing file /home/airflow/.local/lib/python3.12/site-packages/airflow/example_dags/example_latest_only_with_trigger.py for tasks to queue
[2024-06-29T12:08:58.914+0000] {logging_mixin.py:188} INFO - [2024-06-29T12:08:58.914+0000] {dagbag.py:545} INFO - Filling up the DagBag from /home/airflow/.local/lib/python3.12/site-packages/airflow/example_dags/example_latest_only_with_trigger.py
[2024-06-29T12:08:58.917+0000] {processor.py:840} INFO - DAG(s) 'latest_only_with_trigger' retrieved from /home/airflow/.local/lib/python3.12/site-packages/airflow/example_dags/example_latest_only_with_trigger.py
[2024-06-29T12:08:58.932+0000] {logging_mixin.py:188} INFO - [2024-06-29T12:08:58.931+0000] {dag.py:3096} INFO - Sync 1 DAGs
[2024-06-29T12:08:58.943+0000] {logging_mixin.py:188} INFO - [2024-06-29T12:08:58.943+0000] {dag.py:3954} INFO - Setting next_dagrun for latest_only_with_trigger to 2024-06-29 08:00:00+00:00, run_after=2024-06-29 12:00:00+00:00
[2024-06-29T12:08:58.952+0000] {processor.py:183} INFO - Processing /home/airflow/.local/lib/python3.12/site-packages/airflow/example_dags/example_latest_only_with_trigger.py took 0.044 seconds
[2024-06-29T12:09:29.265+0000] {processor.py:161} INFO - Started process (PID=8097) to work on /home/airflow/.local/lib/python3.12/site-packages/airflow/example_dags/example_latest_only_with_trigger.py
[2024-06-29T12:09:29.266+0000] {processor.py:830} INFO - Processing file /home/airflow/.local/lib/python3.12/site-packages/airflow/example_dags/example_latest_only_with_trigger.py for tasks to queue
[2024-06-29T12:09:29.267+0000] {logging_mixin.py:188} INFO - [2024-06-29T12:09:29.267+0000] {dagbag.py:545} INFO - Filling up the DagBag from /home/airflow/.local/lib/python3.12/site-packages/airflow/example_dags/example_latest_only_with_trigger.py
[2024-06-29T12:09:29.271+0000] {processor.py:840} INFO - DAG(s) 'latest_only_with_trigger' retrieved from /home/airflow/.local/lib/python3.12/site-packages/airflow/example_dags/example_latest_only_with_trigger.py
[2024-06-29T12:09:29.285+0000] {logging_mixin.py:188} INFO - [2024-06-29T12:09:29.284+0000] {dag.py:3096} INFO - Sync 1 DAGs
[2024-06-29T12:09:29.296+0000] {logging_mixin.py:188} INFO - [2024-06-29T12:09:29.296+0000] {dag.py:3954} INFO - Setting next_dagrun for latest_only_with_trigger to 2024-06-29 08:00:00+00:00, run_after=2024-06-29 12:00:00+00:00
[2024-06-29T12:09:29.305+0000] {processor.py:183} INFO - Processing /home/airflow/.local/lib/python3.12/site-packages/airflow/example_dags/example_latest_only_with_trigger.py took 0.043 seconds
[2024-06-29T12:09:59.771+0000] {processor.py:161} INFO - Started process (PID=8364) to work on /home/airflow/.local/lib/python3.12/site-packages/airflow/example_dags/example_latest_only_with_trigger.py
[2024-06-29T12:09:59.771+0000] {processor.py:830} INFO - Processing file /home/airflow/.local/lib/python3.12/site-packages/airflow/example_dags/example_latest_only_with_trigger.py for tasks to queue
[2024-06-29T12:09:59.773+0000] {logging_mixin.py:188} INFO - [2024-06-29T12:09:59.772+0000] {dagbag.py:545} INFO - Filling up the DagBag from /home/airflow/.local/lib/python3.12/site-packages/airflow/example_dags/example_latest_only_with_trigger.py
[2024-06-29T12:09:59.776+0000] {processor.py:840} INFO - DAG(s) 'latest_only_with_trigger' retrieved from /home/airflow/.local/lib/python3.12/site-packages/airflow/example_dags/example_latest_only_with_trigger.py
[2024-06-29T12:09:59.791+0000] {logging_mixin.py:188} INFO - [2024-06-29T12:09:59.790+0000] {dag.py:3096} INFO - Sync 1 DAGs
[2024-06-29T12:09:59.801+0000] {logging_mixin.py:188} INFO - [2024-06-29T12:09:59.801+0000] {dag.py:3954} INFO - Setting next_dagrun for latest_only_with_trigger to 2024-06-29 08:00:00+00:00, run_after=2024-06-29 12:00:00+00:00
[2024-06-29T12:09:59.810+0000] {processor.py:183} INFO - Processing /home/airflow/.local/lib/python3.12/site-packages/airflow/example_dags/example_latest_only_with_trigger.py took 0.043 seconds
[2024-06-29T12:10:30.396+0000] {processor.py:161} INFO - Started process (PID=8628) to work on /home/airflow/.local/lib/python3.12/site-packages/airflow/example_dags/example_latest_only_with_trigger.py
[2024-06-29T12:10:30.396+0000] {processor.py:830} INFO - Processing file /home/airflow/.local/lib/python3.12/site-packages/airflow/example_dags/example_latest_only_with_trigger.py for tasks to queue
[2024-06-29T12:10:30.398+0000] {logging_mixin.py:188} INFO - [2024-06-29T12:10:30.397+0000] {dagbag.py:545} INFO - Filling up the DagBag from /home/airflow/.local/lib/python3.12/site-packages/airflow/example_dags/example_latest_only_with_trigger.py
[2024-06-29T12:10:30.401+0000] {processor.py:840} INFO - DAG(s) 'latest_only_with_trigger' retrieved from /home/airflow/.local/lib/python3.12/site-packages/airflow/example_dags/example_latest_only_with_trigger.py
[2024-06-29T12:10:30.415+0000] {logging_mixin.py:188} INFO - [2024-06-29T12:10:30.415+0000] {dag.py:3096} INFO - Sync 1 DAGs
[2024-06-29T12:10:30.425+0000] {logging_mixin.py:188} INFO - [2024-06-29T12:10:30.425+0000] {dag.py:3954} INFO - Setting next_dagrun for latest_only_with_trigger to 2024-06-29 08:00:00+00:00, run_after=2024-06-29 12:00:00+00:00
[2024-06-29T12:10:30.434+0000] {processor.py:183} INFO - Processing /home/airflow/.local/lib/python3.12/site-packages/airflow/example_dags/example_latest_only_with_trigger.py took 0.041 seconds
[2024-06-29T12:11:01.123+0000] {processor.py:161} INFO - Started process (PID=8890) to work on /home/airflow/.local/lib/python3.12/site-packages/airflow/example_dags/example_latest_only_with_trigger.py
[2024-06-29T12:11:01.123+0000] {processor.py:830} INFO - Processing file /home/airflow/.local/lib/python3.12/site-packages/airflow/example_dags/example_latest_only_with_trigger.py for tasks to queue
[2024-06-29T12:11:01.124+0000] {logging_mixin.py:188} INFO - [2024-06-29T12:11:01.124+0000] {dagbag.py:545} INFO - Filling up the DagBag from /home/airflow/.local/lib/python3.12/site-packages/airflow/example_dags/example_latest_only_with_trigger.py
[2024-06-29T12:11:01.127+0000] {processor.py:840} INFO - DAG(s) 'latest_only_with_trigger' retrieved from /home/airflow/.local/lib/python3.12/site-packages/airflow/example_dags/example_latest_only_with_trigger.py
[2024-06-29T12:11:01.141+0000] {logging_mixin.py:188} INFO - [2024-06-29T12:11:01.141+0000] {dag.py:3096} INFO - Sync 1 DAGs
[2024-06-29T12:11:01.152+0000] {logging_mixin.py:188} INFO - [2024-06-29T12:11:01.152+0000] {dag.py:3954} INFO - Setting next_dagrun for latest_only_with_trigger to 2024-06-29 08:00:00+00:00, run_after=2024-06-29 12:00:00+00:00
[2024-06-29T12:11:01.161+0000] {processor.py:183} INFO - Processing /home/airflow/.local/lib/python3.12/site-packages/airflow/example_dags/example_latest_only_with_trigger.py took 0.041 seconds
[2024-06-29T12:11:31.686+0000] {processor.py:161} INFO - Started process (PID=9150) to work on /home/airflow/.local/lib/python3.12/site-packages/airflow/example_dags/example_latest_only_with_trigger.py
[2024-06-29T12:11:31.687+0000] {processor.py:830} INFO - Processing file /home/airflow/.local/lib/python3.12/site-packages/airflow/example_dags/example_latest_only_with_trigger.py for tasks to queue
[2024-06-29T12:11:31.688+0000] {logging_mixin.py:188} INFO - [2024-06-29T12:11:31.688+0000] {dagbag.py:545} INFO - Filling up the DagBag from /home/airflow/.local/lib/python3.12/site-packages/airflow/example_dags/example_latest_only_with_trigger.py
[2024-06-29T12:11:31.691+0000] {processor.py:840} INFO - DAG(s) 'latest_only_with_trigger' retrieved from /home/airflow/.local/lib/python3.12/site-packages/airflow/example_dags/example_latest_only_with_trigger.py
[2024-06-29T12:11:31.705+0000] {logging_mixin.py:188} INFO - [2024-06-29T12:11:31.705+0000] {dag.py:3096} INFO - Sync 1 DAGs
[2024-06-29T12:11:31.716+0000] {logging_mixin.py:188} INFO - [2024-06-29T12:11:31.716+0000] {dag.py:3954} INFO - Setting next_dagrun for latest_only_with_trigger to 2024-06-29 08:00:00+00:00, run_after=2024-06-29 12:00:00+00:00
[2024-06-29T12:11:31.725+0000] {processor.py:183} INFO - Processing /home/airflow/.local/lib/python3.12/site-packages/airflow/example_dags/example_latest_only_with_trigger.py took 0.042 seconds
[2024-06-29T12:12:02.335+0000] {processor.py:161} INFO - Started process (PID=9414) to work on /home/airflow/.local/lib/python3.12/site-packages/airflow/example_dags/example_latest_only_with_trigger.py
[2024-06-29T12:12:02.336+0000] {processor.py:830} INFO - Processing file /home/airflow/.local/lib/python3.12/site-packages/airflow/example_dags/example_latest_only_with_trigger.py for tasks to queue
[2024-06-29T12:12:02.337+0000] {logging_mixin.py:188} INFO - [2024-06-29T12:12:02.337+0000] {dagbag.py:545} INFO - Filling up the DagBag from /home/airflow/.local/lib/python3.12/site-packages/airflow/example_dags/example_latest_only_with_trigger.py
[2024-06-29T12:12:02.341+0000] {processor.py:840} INFO - DAG(s) 'latest_only_with_trigger' retrieved from /home/airflow/.local/lib/python3.12/site-packages/airflow/example_dags/example_latest_only_with_trigger.py
[2024-06-29T12:12:02.355+0000] {logging_mixin.py:188} INFO - [2024-06-29T12:12:02.355+0000] {dag.py:3096} INFO - Sync 1 DAGs
[2024-06-29T12:12:02.366+0000] {logging_mixin.py:188} INFO - [2024-06-29T12:12:02.366+0000] {dag.py:3954} INFO - Setting next_dagrun for latest_only_with_trigger to 2024-06-29 08:00:00+00:00, run_after=2024-06-29 12:00:00+00:00
[2024-06-29T12:12:02.374+0000] {processor.py:183} INFO - Processing /home/airflow/.local/lib/python3.12/site-packages/airflow/example_dags/example_latest_only_with_trigger.py took 0.043 seconds
[2024-06-29T12:12:32.404+0000] {processor.py:161} INFO - Started process (PID=9677) to work on /home/airflow/.local/lib/python3.12/site-packages/airflow/example_dags/example_latest_only_with_trigger.py
[2024-06-29T12:12:32.405+0000] {processor.py:830} INFO - Processing file /home/airflow/.local/lib/python3.12/site-packages/airflow/example_dags/example_latest_only_with_trigger.py for tasks to queue
[2024-06-29T12:12:32.406+0000] {logging_mixin.py:188} INFO - [2024-06-29T12:12:32.406+0000] {dagbag.py:545} INFO - Filling up the DagBag from /home/airflow/.local/lib/python3.12/site-packages/airflow/example_dags/example_latest_only_with_trigger.py
[2024-06-29T12:12:32.409+0000] {processor.py:840} INFO - DAG(s) 'latest_only_with_trigger' retrieved from /home/airflow/.local/lib/python3.12/site-packages/airflow/example_dags/example_latest_only_with_trigger.py
[2024-06-29T12:12:32.424+0000] {logging_mixin.py:188} INFO - [2024-06-29T12:12:32.424+0000] {dag.py:3096} INFO - Sync 1 DAGs
[2024-06-29T12:12:32.435+0000] {logging_mixin.py:188} INFO - [2024-06-29T12:12:32.435+0000] {dag.py:3954} INFO - Setting next_dagrun for latest_only_with_trigger to 2024-06-29 08:00:00+00:00, run_after=2024-06-29 12:00:00+00:00
[2024-06-29T12:12:32.444+0000] {processor.py:183} INFO - Processing /home/airflow/.local/lib/python3.12/site-packages/airflow/example_dags/example_latest_only_with_trigger.py took 0.043 seconds
[2024-06-29T12:13:02.569+0000] {processor.py:161} INFO - Started process (PID=9937) to work on /home/airflow/.local/lib/python3.12/site-packages/airflow/example_dags/example_latest_only_with_trigger.py
[2024-06-29T12:13:02.570+0000] {processor.py:830} INFO - Processing file /home/airflow/.local/lib/python3.12/site-packages/airflow/example_dags/example_latest_only_with_trigger.py for tasks to queue
[2024-06-29T12:13:02.572+0000] {logging_mixin.py:188} INFO - [2024-06-29T12:13:02.571+0000] {dagbag.py:545} INFO - Filling up the DagBag from /home/airflow/.local/lib/python3.12/site-packages/airflow/example_dags/example_latest_only_with_trigger.py
[2024-06-29T12:13:02.575+0000] {processor.py:840} INFO - DAG(s) 'latest_only_with_trigger' retrieved from /home/airflow/.local/lib/python3.12/site-packages/airflow/example_dags/example_latest_only_with_trigger.py
[2024-06-29T12:13:02.591+0000] {logging_mixin.py:188} INFO - [2024-06-29T12:13:02.591+0000] {dag.py:3096} INFO - Sync 1 DAGs
[2024-06-29T12:13:02.603+0000] {logging_mixin.py:188} INFO - [2024-06-29T12:13:02.603+0000] {dag.py:3954} INFO - Setting next_dagrun for latest_only_with_trigger to 2024-06-29 08:00:00+00:00, run_after=2024-06-29 12:00:00+00:00
[2024-06-29T12:13:02.612+0000] {processor.py:183} INFO - Processing /home/airflow/.local/lib/python3.12/site-packages/airflow/example_dags/example_latest_only_with_trigger.py took 0.046 seconds
[2024-06-29T12:13:32.818+0000] {processor.py:161} INFO - Started process (PID=10198) to work on /home/airflow/.local/lib/python3.12/site-packages/airflow/example_dags/example_latest_only_with_trigger.py
[2024-06-29T12:13:32.819+0000] {processor.py:830} INFO - Processing file /home/airflow/.local/lib/python3.12/site-packages/airflow/example_dags/example_latest_only_with_trigger.py for tasks to queue
[2024-06-29T12:13:32.821+0000] {logging_mixin.py:188} INFO - [2024-06-29T12:13:32.820+0000] {dagbag.py:545} INFO - Filling up the DagBag from /home/airflow/.local/lib/python3.12/site-packages/airflow/example_dags/example_latest_only_with_trigger.py
[2024-06-29T12:13:32.824+0000] {processor.py:840} INFO - DAG(s) 'latest_only_with_trigger' retrieved from /home/airflow/.local/lib/python3.12/site-packages/airflow/example_dags/example_latest_only_with_trigger.py
[2024-06-29T12:13:32.838+0000] {logging_mixin.py:188} INFO - [2024-06-29T12:13:32.838+0000] {dag.py:3096} INFO - Sync 1 DAGs
[2024-06-29T12:13:32.850+0000] {logging_mixin.py:188} INFO - [2024-06-29T12:13:32.850+0000] {dag.py:3954} INFO - Setting next_dagrun for latest_only_with_trigger to 2024-06-29 08:00:00+00:00, run_after=2024-06-29 12:00:00+00:00
[2024-06-29T12:13:32.859+0000] {processor.py:183} INFO - Processing /home/airflow/.local/lib/python3.12/site-packages/airflow/example_dags/example_latest_only_with_trigger.py took 0.044 seconds
[2024-06-29T12:14:02.969+0000] {processor.py:161} INFO - Started process (PID=10460) to work on /home/airflow/.local/lib/python3.12/site-packages/airflow/example_dags/example_latest_only_with_trigger.py
[2024-06-29T12:14:02.969+0000] {processor.py:830} INFO - Processing file /home/airflow/.local/lib/python3.12/site-packages/airflow/example_dags/example_latest_only_with_trigger.py for tasks to queue
[2024-06-29T12:14:02.971+0000] {logging_mixin.py:188} INFO - [2024-06-29T12:14:02.970+0000] {dagbag.py:545} INFO - Filling up the DagBag from /home/airflow/.local/lib/python3.12/site-packages/airflow/example_dags/example_latest_only_with_trigger.py
[2024-06-29T12:14:02.974+0000] {processor.py:840} INFO - DAG(s) 'latest_only_with_trigger' retrieved from /home/airflow/.local/lib/python3.12/site-packages/airflow/example_dags/example_latest_only_with_trigger.py
[2024-06-29T12:14:02.988+0000] {logging_mixin.py:188} INFO - [2024-06-29T12:14:02.988+0000] {dag.py:3096} INFO - Sync 1 DAGs
[2024-06-29T12:14:03.000+0000] {logging_mixin.py:188} INFO - [2024-06-29T12:14:03.000+0000] {dag.py:3954} INFO - Setting next_dagrun for latest_only_with_trigger to 2024-06-29 08:00:00+00:00, run_after=2024-06-29 12:00:00+00:00
[2024-06-29T12:14:03.009+0000] {processor.py:183} INFO - Processing /home/airflow/.local/lib/python3.12/site-packages/airflow/example_dags/example_latest_only_with_trigger.py took 0.044 seconds
[2024-06-29T12:14:33.110+0000] {processor.py:161} INFO - Started process (PID=10722) to work on /home/airflow/.local/lib/python3.12/site-packages/airflow/example_dags/example_latest_only_with_trigger.py
[2024-06-29T12:14:33.111+0000] {processor.py:830} INFO - Processing file /home/airflow/.local/lib/python3.12/site-packages/airflow/example_dags/example_latest_only_with_trigger.py for tasks to queue
[2024-06-29T12:14:33.112+0000] {logging_mixin.py:188} INFO - [2024-06-29T12:14:33.112+0000] {dagbag.py:545} INFO - Filling up the DagBag from /home/airflow/.local/lib/python3.12/site-packages/airflow/example_dags/example_latest_only_with_trigger.py
[2024-06-29T12:14:33.115+0000] {processor.py:840} INFO - DAG(s) 'latest_only_with_trigger' retrieved from /home/airflow/.local/lib/python3.12/site-packages/airflow/example_dags/example_latest_only_with_trigger.py
[2024-06-29T12:14:33.129+0000] {logging_mixin.py:188} INFO - [2024-06-29T12:14:33.129+0000] {dag.py:3096} INFO - Sync 1 DAGs
[2024-06-29T12:14:33.141+0000] {logging_mixin.py:188} INFO - [2024-06-29T12:14:33.141+0000] {dag.py:3954} INFO - Setting next_dagrun for latest_only_with_trigger to 2024-06-29 08:00:00+00:00, run_after=2024-06-29 12:00:00+00:00
[2024-06-29T12:14:33.150+0000] {processor.py:183} INFO - Processing /home/airflow/.local/lib/python3.12/site-packages/airflow/example_dags/example_latest_only_with_trigger.py took 0.044 seconds
[2024-06-29T12:15:04.036+0000] {processor.py:161} INFO - Started process (PID=10978) to work on /home/airflow/.local/lib/python3.12/site-packages/airflow/example_dags/example_latest_only_with_trigger.py
[2024-06-29T12:15:04.037+0000] {processor.py:830} INFO - Processing file /home/airflow/.local/lib/python3.12/site-packages/airflow/example_dags/example_latest_only_with_trigger.py for tasks to queue
[2024-06-29T12:15:04.038+0000] {logging_mixin.py:188} INFO - [2024-06-29T12:15:04.038+0000] {dagbag.py:545} INFO - Filling up the DagBag from /home/airflow/.local/lib/python3.12/site-packages/airflow/example_dags/example_latest_only_with_trigger.py
[2024-06-29T12:15:04.041+0000] {processor.py:840} INFO - DAG(s) 'latest_only_with_trigger' retrieved from /home/airflow/.local/lib/python3.12/site-packages/airflow/example_dags/example_latest_only_with_trigger.py
[2024-06-29T12:15:04.055+0000] {logging_mixin.py:188} INFO - [2024-06-29T12:15:04.055+0000] {dag.py:3096} INFO - Sync 1 DAGs
[2024-06-29T12:15:04.067+0000] {logging_mixin.py:188} INFO - [2024-06-29T12:15:04.067+0000] {dag.py:3954} INFO - Setting next_dagrun for latest_only_with_trigger to 2024-06-29 08:00:00+00:00, run_after=2024-06-29 12:00:00+00:00
[2024-06-29T12:15:04.076+0000] {processor.py:183} INFO - Processing /home/airflow/.local/lib/python3.12/site-packages/airflow/example_dags/example_latest_only_with_trigger.py took 0.044 seconds
[2024-06-29T12:15:34.272+0000] {processor.py:161} INFO - Started process (PID=11240) to work on /home/airflow/.local/lib/python3.12/site-packages/airflow/example_dags/example_latest_only_with_trigger.py
[2024-06-29T12:15:34.273+0000] {processor.py:830} INFO - Processing file /home/airflow/.local/lib/python3.12/site-packages/airflow/example_dags/example_latest_only_with_trigger.py for tasks to queue
[2024-06-29T12:15:34.274+0000] {logging_mixin.py:188} INFO - [2024-06-29T12:15:34.274+0000] {dagbag.py:545} INFO - Filling up the DagBag from /home/airflow/.local/lib/python3.12/site-packages/airflow/example_dags/example_latest_only_with_trigger.py
[2024-06-29T12:15:34.278+0000] {processor.py:840} INFO - DAG(s) 'latest_only_with_trigger' retrieved from /home/airflow/.local/lib/python3.12/site-packages/airflow/example_dags/example_latest_only_with_trigger.py
[2024-06-29T12:15:34.293+0000] {logging_mixin.py:188} INFO - [2024-06-29T12:15:34.292+0000] {dag.py:3096} INFO - Sync 1 DAGs
[2024-06-29T12:15:34.305+0000] {logging_mixin.py:188} INFO - [2024-06-29T12:15:34.305+0000] {dag.py:3954} INFO - Setting next_dagrun for latest_only_with_trigger to 2024-06-29 08:00:00+00:00, run_after=2024-06-29 12:00:00+00:00
[2024-06-29T12:15:34.314+0000] {processor.py:183} INFO - Processing /home/airflow/.local/lib/python3.12/site-packages/airflow/example_dags/example_latest_only_with_trigger.py took 0.047 seconds
[2024-06-29T12:16:04.486+0000] {processor.py:161} INFO - Started process (PID=11503) to work on /home/airflow/.local/lib/python3.12/site-packages/airflow/example_dags/example_latest_only_with_trigger.py
[2024-06-29T12:16:04.487+0000] {processor.py:830} INFO - Processing file /home/airflow/.local/lib/python3.12/site-packages/airflow/example_dags/example_latest_only_with_trigger.py for tasks to queue
[2024-06-29T12:16:04.488+0000] {logging_mixin.py:188} INFO - [2024-06-29T12:16:04.488+0000] {dagbag.py:545} INFO - Filling up the DagBag from /home/airflow/.local/lib/python3.12/site-packages/airflow/example_dags/example_latest_only_with_trigger.py
[2024-06-29T12:16:04.491+0000] {processor.py:840} INFO - DAG(s) 'latest_only_with_trigger' retrieved from /home/airflow/.local/lib/python3.12/site-packages/airflow/example_dags/example_latest_only_with_trigger.py
[2024-06-29T12:16:04.505+0000] {logging_mixin.py:188} INFO - [2024-06-29T12:16:04.505+0000] {dag.py:3096} INFO - Sync 1 DAGs
[2024-06-29T12:16:04.517+0000] {logging_mixin.py:188} INFO - [2024-06-29T12:16:04.517+0000] {dag.py:3954} INFO - Setting next_dagrun for latest_only_with_trigger to 2024-06-29 08:00:00+00:00, run_after=2024-06-29 12:00:00+00:00
[2024-06-29T12:16:04.526+0000] {processor.py:183} INFO - Processing /home/airflow/.local/lib/python3.12/site-packages/airflow/example_dags/example_latest_only_with_trigger.py took 0.044 seconds
[2024-06-29T12:16:34.645+0000] {processor.py:161} INFO - Started process (PID=11765) to work on /home/airflow/.local/lib/python3.12/site-packages/airflow/example_dags/example_latest_only_with_trigger.py
[2024-06-29T12:16:34.645+0000] {processor.py:830} INFO - Processing file /home/airflow/.local/lib/python3.12/site-packages/airflow/example_dags/example_latest_only_with_trigger.py for tasks to queue
[2024-06-29T12:16:34.646+0000] {logging_mixin.py:188} INFO - [2024-06-29T12:16:34.646+0000] {dagbag.py:545} INFO - Filling up the DagBag from /home/airflow/.local/lib/python3.12/site-packages/airflow/example_dags/example_latest_only_with_trigger.py
[2024-06-29T12:16:34.650+0000] {processor.py:840} INFO - DAG(s) 'latest_only_with_trigger' retrieved from /home/airflow/.local/lib/python3.12/site-packages/airflow/example_dags/example_latest_only_with_trigger.py
[2024-06-29T12:16:34.669+0000] {logging_mixin.py:188} INFO - [2024-06-29T12:16:34.669+0000] {dag.py:3096} INFO - Sync 1 DAGs
[2024-06-29T12:16:34.684+0000] {logging_mixin.py:188} INFO - [2024-06-29T12:16:34.684+0000] {dag.py:3954} INFO - Setting next_dagrun for latest_only_with_trigger to 2024-06-29 08:00:00+00:00, run_after=2024-06-29 12:00:00+00:00
[2024-06-29T12:16:34.694+0000] {processor.py:183} INFO - Processing /home/airflow/.local/lib/python3.12/site-packages/airflow/example_dags/example_latest_only_with_trigger.py took 0.053 seconds
[2024-06-29T12:17:04.873+0000] {processor.py:161} INFO - Started process (PID=12027) to work on /home/airflow/.local/lib/python3.12/site-packages/airflow/example_dags/example_latest_only_with_trigger.py
[2024-06-29T12:17:04.874+0000] {processor.py:830} INFO - Processing file /home/airflow/.local/lib/python3.12/site-packages/airflow/example_dags/example_latest_only_with_trigger.py for tasks to queue
[2024-06-29T12:17:04.875+0000] {logging_mixin.py:188} INFO - [2024-06-29T12:17:04.875+0000] {dagbag.py:545} INFO - Filling up the DagBag from /home/airflow/.local/lib/python3.12/site-packages/airflow/example_dags/example_latest_only_with_trigger.py
[2024-06-29T12:17:04.879+0000] {processor.py:840} INFO - DAG(s) 'latest_only_with_trigger' retrieved from /home/airflow/.local/lib/python3.12/site-packages/airflow/example_dags/example_latest_only_with_trigger.py
[2024-06-29T12:17:04.896+0000] {logging_mixin.py:188} INFO - [2024-06-29T12:17:04.896+0000] {dag.py:3096} INFO - Sync 1 DAGs
[2024-06-29T12:17:04.910+0000] {logging_mixin.py:188} INFO - [2024-06-29T12:17:04.910+0000] {dag.py:3954} INFO - Setting next_dagrun for latest_only_with_trigger to 2024-06-29 08:00:00+00:00, run_after=2024-06-29 12:00:00+00:00
[2024-06-29T12:17:04.923+0000] {processor.py:183} INFO - Processing /home/airflow/.local/lib/python3.12/site-packages/airflow/example_dags/example_latest_only_with_trigger.py took 0.056 seconds
[2024-06-29T12:17:35.025+0000] {processor.py:161} INFO - Started process (PID=12289) to work on /home/airflow/.local/lib/python3.12/site-packages/airflow/example_dags/example_latest_only_with_trigger.py
[2024-06-29T12:17:35.026+0000] {processor.py:830} INFO - Processing file /home/airflow/.local/lib/python3.12/site-packages/airflow/example_dags/example_latest_only_with_trigger.py for tasks to queue
[2024-06-29T12:17:35.027+0000] {logging_mixin.py:188} INFO - [2024-06-29T12:17:35.026+0000] {dagbag.py:545} INFO - Filling up the DagBag from /home/airflow/.local/lib/python3.12/site-packages/airflow/example_dags/example_latest_only_with_trigger.py
[2024-06-29T12:17:35.030+0000] {processor.py:840} INFO - DAG(s) 'latest_only_with_trigger' retrieved from /home/airflow/.local/lib/python3.12/site-packages/airflow/example_dags/example_latest_only_with_trigger.py
[2024-06-29T12:17:35.045+0000] {logging_mixin.py:188} INFO - [2024-06-29T12:17:35.045+0000] {dag.py:3096} INFO - Sync 1 DAGs
[2024-06-29T12:17:35.059+0000] {logging_mixin.py:188} INFO - [2024-06-29T12:17:35.059+0000] {dag.py:3954} INFO - Setting next_dagrun for latest_only_with_trigger to 2024-06-29 08:00:00+00:00, run_after=2024-06-29 12:00:00+00:00
[2024-06-29T12:17:35.069+0000] {processor.py:183} INFO - Processing /home/airflow/.local/lib/python3.12/site-packages/airflow/example_dags/example_latest_only_with_trigger.py took 0.049 seconds
[2024-06-29T12:18:05.201+0000] {processor.py:161} INFO - Started process (PID=12551) to work on /home/airflow/.local/lib/python3.12/site-packages/airflow/example_dags/example_latest_only_with_trigger.py
[2024-06-29T12:18:05.201+0000] {processor.py:830} INFO - Processing file /home/airflow/.local/lib/python3.12/site-packages/airflow/example_dags/example_latest_only_with_trigger.py for tasks to queue
[2024-06-29T12:18:05.203+0000] {logging_mixin.py:188} INFO - [2024-06-29T12:18:05.202+0000] {dagbag.py:545} INFO - Filling up the DagBag from /home/airflow/.local/lib/python3.12/site-packages/airflow/example_dags/example_latest_only_with_trigger.py
[2024-06-29T12:18:05.206+0000] {processor.py:840} INFO - DAG(s) 'latest_only_with_trigger' retrieved from /home/airflow/.local/lib/python3.12/site-packages/airflow/example_dags/example_latest_only_with_trigger.py
[2024-06-29T12:18:05.220+0000] {logging_mixin.py:188} INFO - [2024-06-29T12:18:05.220+0000] {dag.py:3096} INFO - Sync 1 DAGs
[2024-06-29T12:18:05.232+0000] {logging_mixin.py:188} INFO - [2024-06-29T12:18:05.231+0000] {dag.py:3954} INFO - Setting next_dagrun for latest_only_with_trigger to 2024-06-29 08:00:00+00:00, run_after=2024-06-29 12:00:00+00:00
[2024-06-29T12:18:05.241+0000] {processor.py:183} INFO - Processing /home/airflow/.local/lib/python3.12/site-packages/airflow/example_dags/example_latest_only_with_trigger.py took 0.044 seconds
[2024-06-29T12:18:35.477+0000] {processor.py:161} INFO - Started process (PID=12812) to work on /home/airflow/.local/lib/python3.12/site-packages/airflow/example_dags/example_latest_only_with_trigger.py
[2024-06-29T12:18:35.478+0000] {processor.py:830} INFO - Processing file /home/airflow/.local/lib/python3.12/site-packages/airflow/example_dags/example_latest_only_with_trigger.py for tasks to queue
[2024-06-29T12:18:35.479+0000] {logging_mixin.py:188} INFO - [2024-06-29T12:18:35.479+0000] {dagbag.py:545} INFO - Filling up the DagBag from /home/airflow/.local/lib/python3.12/site-packages/airflow/example_dags/example_latest_only_with_trigger.py
[2024-06-29T12:18:35.483+0000] {processor.py:840} INFO - DAG(s) 'latest_only_with_trigger' retrieved from /home/airflow/.local/lib/python3.12/site-packages/airflow/example_dags/example_latest_only_with_trigger.py
[2024-06-29T12:18:35.497+0000] {logging_mixin.py:188} INFO - [2024-06-29T12:18:35.497+0000] {dag.py:3096} INFO - Sync 1 DAGs
[2024-06-29T12:18:35.509+0000] {logging_mixin.py:188} INFO - [2024-06-29T12:18:35.509+0000] {dag.py:3954} INFO - Setting next_dagrun for latest_only_with_trigger to 2024-06-29 08:00:00+00:00, run_after=2024-06-29 12:00:00+00:00
[2024-06-29T12:18:35.518+0000] {processor.py:183} INFO - Processing /home/airflow/.local/lib/python3.12/site-packages/airflow/example_dags/example_latest_only_with_trigger.py took 0.045 seconds
[2024-06-29T12:19:05.680+0000] {processor.py:161} INFO - Started process (PID=13075) to work on /home/airflow/.local/lib/python3.12/site-packages/airflow/example_dags/example_latest_only_with_trigger.py
[2024-06-29T12:19:05.681+0000] {processor.py:830} INFO - Processing file /home/airflow/.local/lib/python3.12/site-packages/airflow/example_dags/example_latest_only_with_trigger.py for tasks to queue
[2024-06-29T12:19:05.682+0000] {logging_mixin.py:188} INFO - [2024-06-29T12:19:05.682+0000] {dagbag.py:545} INFO - Filling up the DagBag from /home/airflow/.local/lib/python3.12/site-packages/airflow/example_dags/example_latest_only_with_trigger.py
[2024-06-29T12:19:05.685+0000] {processor.py:840} INFO - DAG(s) 'latest_only_with_trigger' retrieved from /home/airflow/.local/lib/python3.12/site-packages/airflow/example_dags/example_latest_only_with_trigger.py
[2024-06-29T12:19:05.699+0000] {logging_mixin.py:188} INFO - [2024-06-29T12:19:05.699+0000] {dag.py:3096} INFO - Sync 1 DAGs
[2024-06-29T12:19:05.712+0000] {logging_mixin.py:188} INFO - [2024-06-29T12:19:05.711+0000] {dag.py:3954} INFO - Setting next_dagrun for latest_only_with_trigger to 2024-06-29 08:00:00+00:00, run_after=2024-06-29 12:00:00+00:00
[2024-06-29T12:19:05.720+0000] {processor.py:183} INFO - Processing /home/airflow/.local/lib/python3.12/site-packages/airflow/example_dags/example_latest_only_with_trigger.py took 0.044 seconds
[2024-06-29T12:19:36.689+0000] {processor.py:161} INFO - Started process (PID=13337) to work on /home/airflow/.local/lib/python3.12/site-packages/airflow/example_dags/example_latest_only_with_trigger.py
[2024-06-29T12:19:36.689+0000] {processor.py:830} INFO - Processing file /home/airflow/.local/lib/python3.12/site-packages/airflow/example_dags/example_latest_only_with_trigger.py for tasks to queue
[2024-06-29T12:19:36.691+0000] {logging_mixin.py:188} INFO - [2024-06-29T12:19:36.690+0000] {dagbag.py:545} INFO - Filling up the DagBag from /home/airflow/.local/lib/python3.12/site-packages/airflow/example_dags/example_latest_only_with_trigger.py
[2024-06-29T12:19:36.694+0000] {processor.py:840} INFO - DAG(s) 'latest_only_with_trigger' retrieved from /home/airflow/.local/lib/python3.12/site-packages/airflow/example_dags/example_latest_only_with_trigger.py
[2024-06-29T12:19:36.708+0000] {logging_mixin.py:188} INFO - [2024-06-29T12:19:36.708+0000] {dag.py:3096} INFO - Sync 1 DAGs
[2024-06-29T12:19:36.720+0000] {logging_mixin.py:188} INFO - [2024-06-29T12:19:36.720+0000] {dag.py:3954} INFO - Setting next_dagrun for latest_only_with_trigger to 2024-06-29 08:00:00+00:00, run_after=2024-06-29 12:00:00+00:00
[2024-06-29T12:19:36.729+0000] {processor.py:183} INFO - Processing /home/airflow/.local/lib/python3.12/site-packages/airflow/example_dags/example_latest_only_with_trigger.py took 0.043 seconds
[2024-06-29T12:20:06.877+0000] {processor.py:161} INFO - Started process (PID=13601) to work on /home/airflow/.local/lib/python3.12/site-packages/airflow/example_dags/example_latest_only_with_trigger.py
[2024-06-29T12:20:06.878+0000] {processor.py:830} INFO - Processing file /home/airflow/.local/lib/python3.12/site-packages/airflow/example_dags/example_latest_only_with_trigger.py for tasks to queue
[2024-06-29T12:20:06.879+0000] {logging_mixin.py:188} INFO - [2024-06-29T12:20:06.879+0000] {dagbag.py:545} INFO - Filling up the DagBag from /home/airflow/.local/lib/python3.12/site-packages/airflow/example_dags/example_latest_only_with_trigger.py
[2024-06-29T12:20:06.882+0000] {processor.py:840} INFO - DAG(s) 'latest_only_with_trigger' retrieved from /home/airflow/.local/lib/python3.12/site-packages/airflow/example_dags/example_latest_only_with_trigger.py
[2024-06-29T12:20:06.896+0000] {logging_mixin.py:188} INFO - [2024-06-29T12:20:06.896+0000] {dag.py:3096} INFO - Sync 1 DAGs
[2024-06-29T12:20:06.907+0000] {logging_mixin.py:188} INFO - [2024-06-29T12:20:06.907+0000] {dag.py:3954} INFO - Setting next_dagrun for latest_only_with_trigger to 2024-06-29 08:00:00+00:00, run_after=2024-06-29 12:00:00+00:00
[2024-06-29T12:20:06.915+0000] {processor.py:183} INFO - Processing /home/airflow/.local/lib/python3.12/site-packages/airflow/example_dags/example_latest_only_with_trigger.py took 0.042 seconds
[2024-06-29T12:20:37.117+0000] {processor.py:161} INFO - Started process (PID=13861) to work on /home/airflow/.local/lib/python3.12/site-packages/airflow/example_dags/example_latest_only_with_trigger.py
[2024-06-29T12:20:37.118+0000] {processor.py:830} INFO - Processing file /home/airflow/.local/lib/python3.12/site-packages/airflow/example_dags/example_latest_only_with_trigger.py for tasks to queue
[2024-06-29T12:20:37.119+0000] {logging_mixin.py:188} INFO - [2024-06-29T12:20:37.119+0000] {dagbag.py:545} INFO - Filling up the DagBag from /home/airflow/.local/lib/python3.12/site-packages/airflow/example_dags/example_latest_only_with_trigger.py
[2024-06-29T12:20:37.123+0000] {processor.py:840} INFO - DAG(s) 'latest_only_with_trigger' retrieved from /home/airflow/.local/lib/python3.12/site-packages/airflow/example_dags/example_latest_only_with_trigger.py
[2024-06-29T12:20:37.138+0000] {logging_mixin.py:188} INFO - [2024-06-29T12:20:37.138+0000] {dag.py:3096} INFO - Sync 1 DAGs
[2024-06-29T12:20:37.151+0000] {logging_mixin.py:188} INFO - [2024-06-29T12:20:37.151+0000] {dag.py:3954} INFO - Setting next_dagrun for latest_only_with_trigger to 2024-06-29 08:00:00+00:00, run_after=2024-06-29 12:00:00+00:00
[2024-06-29T12:20:37.161+0000] {processor.py:183} INFO - Processing /home/airflow/.local/lib/python3.12/site-packages/airflow/example_dags/example_latest_only_with_trigger.py took 0.048 seconds
[2024-06-29T12:21:07.285+0000] {processor.py:161} INFO - Started process (PID=14123) to work on /home/airflow/.local/lib/python3.12/site-packages/airflow/example_dags/example_latest_only_with_trigger.py
[2024-06-29T12:21:07.285+0000] {processor.py:830} INFO - Processing file /home/airflow/.local/lib/python3.12/site-packages/airflow/example_dags/example_latest_only_with_trigger.py for tasks to queue
[2024-06-29T12:21:07.286+0000] {logging_mixin.py:188} INFO - [2024-06-29T12:21:07.286+0000] {dagbag.py:545} INFO - Filling up the DagBag from /home/airflow/.local/lib/python3.12/site-packages/airflow/example_dags/example_latest_only_with_trigger.py
[2024-06-29T12:21:07.290+0000] {processor.py:840} INFO - DAG(s) 'latest_only_with_trigger' retrieved from /home/airflow/.local/lib/python3.12/site-packages/airflow/example_dags/example_latest_only_with_trigger.py
[2024-06-29T12:21:07.304+0000] {logging_mixin.py:188} INFO - [2024-06-29T12:21:07.303+0000] {dag.py:3096} INFO - Sync 1 DAGs
[2024-06-29T12:21:07.316+0000] {logging_mixin.py:188} INFO - [2024-06-29T12:21:07.316+0000] {dag.py:3954} INFO - Setting next_dagrun for latest_only_with_trigger to 2024-06-29 08:00:00+00:00, run_after=2024-06-29 12:00:00+00:00
[2024-06-29T12:21:07.324+0000] {processor.py:183} INFO - Processing /home/airflow/.local/lib/python3.12/site-packages/airflow/example_dags/example_latest_only_with_trigger.py took 0.043 seconds
[2024-06-29T12:21:37.553+0000] {processor.py:161} INFO - Started process (PID=14385) to work on /home/airflow/.local/lib/python3.12/site-packages/airflow/example_dags/example_latest_only_with_trigger.py
[2024-06-29T12:21:37.554+0000] {processor.py:830} INFO - Processing file /home/airflow/.local/lib/python3.12/site-packages/airflow/example_dags/example_latest_only_with_trigger.py for tasks to queue
[2024-06-29T12:21:37.555+0000] {logging_mixin.py:188} INFO - [2024-06-29T12:21:37.555+0000] {dagbag.py:545} INFO - Filling up the DagBag from /home/airflow/.local/lib/python3.12/site-packages/airflow/example_dags/example_latest_only_with_trigger.py
[2024-06-29T12:21:37.558+0000] {processor.py:840} INFO - DAG(s) 'latest_only_with_trigger' retrieved from /home/airflow/.local/lib/python3.12/site-packages/airflow/example_dags/example_latest_only_with_trigger.py
[2024-06-29T12:21:37.572+0000] {logging_mixin.py:188} INFO - [2024-06-29T12:21:37.572+0000] {dag.py:3096} INFO - Sync 1 DAGs
[2024-06-29T12:21:37.584+0000] {logging_mixin.py:188} INFO - [2024-06-29T12:21:37.584+0000] {dag.py:3954} INFO - Setting next_dagrun for latest_only_with_trigger to 2024-06-29 08:00:00+00:00, run_after=2024-06-29 12:00:00+00:00
[2024-06-29T12:21:37.593+0000] {processor.py:183} INFO - Processing /home/airflow/.local/lib/python3.12/site-packages/airflow/example_dags/example_latest_only_with_trigger.py took 0.044 seconds
[2024-06-29T12:22:07.669+0000] {processor.py:161} INFO - Started process (PID=14649) to work on /home/airflow/.local/lib/python3.12/site-packages/airflow/example_dags/example_latest_only_with_trigger.py
[2024-06-29T12:22:07.670+0000] {processor.py:830} INFO - Processing file /home/airflow/.local/lib/python3.12/site-packages/airflow/example_dags/example_latest_only_with_trigger.py for tasks to queue
[2024-06-29T12:22:07.671+0000] {logging_mixin.py:188} INFO - [2024-06-29T12:22:07.671+0000] {dagbag.py:545} INFO - Filling up the DagBag from /home/airflow/.local/lib/python3.12/site-packages/airflow/example_dags/example_latest_only_with_trigger.py
[2024-06-29T12:22:07.674+0000] {processor.py:840} INFO - DAG(s) 'latest_only_with_trigger' retrieved from /home/airflow/.local/lib/python3.12/site-packages/airflow/example_dags/example_latest_only_with_trigger.py
[2024-06-29T12:22:07.688+0000] {logging_mixin.py:188} INFO - [2024-06-29T12:22:07.688+0000] {dag.py:3096} INFO - Sync 1 DAGs
[2024-06-29T12:22:07.699+0000] {logging_mixin.py:188} INFO - [2024-06-29T12:22:07.699+0000] {dag.py:3954} INFO - Setting next_dagrun for latest_only_with_trigger to 2024-06-29 08:00:00+00:00, run_after=2024-06-29 12:00:00+00:00
[2024-06-29T12:22:07.707+0000] {processor.py:183} INFO - Processing /home/airflow/.local/lib/python3.12/site-packages/airflow/example_dags/example_latest_only_with_trigger.py took 0.042 seconds
[2024-06-29T12:22:37.879+0000] {processor.py:161} INFO - Started process (PID=14910) to work on /home/airflow/.local/lib/python3.12/site-packages/airflow/example_dags/example_latest_only_with_trigger.py
[2024-06-29T12:22:37.879+0000] {processor.py:830} INFO - Processing file /home/airflow/.local/lib/python3.12/site-packages/airflow/example_dags/example_latest_only_with_trigger.py for tasks to queue
[2024-06-29T12:22:37.880+0000] {logging_mixin.py:188} INFO - [2024-06-29T12:22:37.880+0000] {dagbag.py:545} INFO - Filling up the DagBag from /home/airflow/.local/lib/python3.12/site-packages/airflow/example_dags/example_latest_only_with_trigger.py
[2024-06-29T12:22:37.884+0000] {processor.py:840} INFO - DAG(s) 'latest_only_with_trigger' retrieved from /home/airflow/.local/lib/python3.12/site-packages/airflow/example_dags/example_latest_only_with_trigger.py
[2024-06-29T12:22:37.898+0000] {logging_mixin.py:188} INFO - [2024-06-29T12:22:37.898+0000] {dag.py:3096} INFO - Sync 1 DAGs
[2024-06-29T12:22:37.909+0000] {logging_mixin.py:188} INFO - [2024-06-29T12:22:37.909+0000] {dag.py:3954} INFO - Setting next_dagrun for latest_only_with_trigger to 2024-06-29 08:00:00+00:00, run_after=2024-06-29 12:00:00+00:00
[2024-06-29T12:22:37.918+0000] {processor.py:183} INFO - Processing /home/airflow/.local/lib/python3.12/site-packages/airflow/example_dags/example_latest_only_with_trigger.py took 0.043 seconds
[2024-06-29T12:23:08.141+0000] {processor.py:161} INFO - Started process (PID=15172) to work on /home/airflow/.local/lib/python3.12/site-packages/airflow/example_dags/example_latest_only_with_trigger.py
[2024-06-29T12:23:08.141+0000] {processor.py:830} INFO - Processing file /home/airflow/.local/lib/python3.12/site-packages/airflow/example_dags/example_latest_only_with_trigger.py for tasks to queue
[2024-06-29T12:23:08.142+0000] {logging_mixin.py:188} INFO - [2024-06-29T12:23:08.142+0000] {dagbag.py:545} INFO - Filling up the DagBag from /home/airflow/.local/lib/python3.12/site-packages/airflow/example_dags/example_latest_only_with_trigger.py
[2024-06-29T12:23:08.146+0000] {processor.py:840} INFO - DAG(s) 'latest_only_with_trigger' retrieved from /home/airflow/.local/lib/python3.12/site-packages/airflow/example_dags/example_latest_only_with_trigger.py
[2024-06-29T12:23:08.160+0000] {logging_mixin.py:188} INFO - [2024-06-29T12:23:08.160+0000] {dag.py:3096} INFO - Sync 1 DAGs
[2024-06-29T12:23:08.171+0000] {logging_mixin.py:188} INFO - [2024-06-29T12:23:08.171+0000] {dag.py:3954} INFO - Setting next_dagrun for latest_only_with_trigger to 2024-06-29 08:00:00+00:00, run_after=2024-06-29 12:00:00+00:00
[2024-06-29T12:23:08.181+0000] {processor.py:183} INFO - Processing /home/airflow/.local/lib/python3.12/site-packages/airflow/example_dags/example_latest_only_with_trigger.py took 0.044 seconds
[2024-06-29T12:23:38.364+0000] {processor.py:161} INFO - Started process (PID=15434) to work on /home/airflow/.local/lib/python3.12/site-packages/airflow/example_dags/example_latest_only_with_trigger.py
[2024-06-29T12:23:38.365+0000] {processor.py:830} INFO - Processing file /home/airflow/.local/lib/python3.12/site-packages/airflow/example_dags/example_latest_only_with_trigger.py for tasks to queue
[2024-06-29T12:23:38.366+0000] {logging_mixin.py:188} INFO - [2024-06-29T12:23:38.365+0000] {dagbag.py:545} INFO - Filling up the DagBag from /home/airflow/.local/lib/python3.12/site-packages/airflow/example_dags/example_latest_only_with_trigger.py
[2024-06-29T12:23:38.369+0000] {processor.py:840} INFO - DAG(s) 'latest_only_with_trigger' retrieved from /home/airflow/.local/lib/python3.12/site-packages/airflow/example_dags/example_latest_only_with_trigger.py
[2024-06-29T12:23:38.383+0000] {logging_mixin.py:188} INFO - [2024-06-29T12:23:38.383+0000] {dag.py:3096} INFO - Sync 1 DAGs
[2024-06-29T12:23:38.394+0000] {logging_mixin.py:188} INFO - [2024-06-29T12:23:38.394+0000] {dag.py:3954} INFO - Setting next_dagrun for latest_only_with_trigger to 2024-06-29 08:00:00+00:00, run_after=2024-06-29 12:00:00+00:00
[2024-06-29T12:23:38.403+0000] {processor.py:183} INFO - Processing /home/airflow/.local/lib/python3.12/site-packages/airflow/example_dags/example_latest_only_with_trigger.py took 0.043 seconds
[2024-06-29T12:24:08.501+0000] {processor.py:161} INFO - Started process (PID=15697) to work on /home/airflow/.local/lib/python3.12/site-packages/airflow/example_dags/example_latest_only_with_trigger.py
[2024-06-29T12:24:08.502+0000] {processor.py:830} INFO - Processing file /home/airflow/.local/lib/python3.12/site-packages/airflow/example_dags/example_latest_only_with_trigger.py for tasks to queue
[2024-06-29T12:24:08.503+0000] {logging_mixin.py:188} INFO - [2024-06-29T12:24:08.503+0000] {dagbag.py:545} INFO - Filling up the DagBag from /home/airflow/.local/lib/python3.12/site-packages/airflow/example_dags/example_latest_only_with_trigger.py
[2024-06-29T12:24:08.506+0000] {processor.py:840} INFO - DAG(s) 'latest_only_with_trigger' retrieved from /home/airflow/.local/lib/python3.12/site-packages/airflow/example_dags/example_latest_only_with_trigger.py
[2024-06-29T12:24:08.520+0000] {logging_mixin.py:188} INFO - [2024-06-29T12:24:08.520+0000] {dag.py:3096} INFO - Sync 1 DAGs
[2024-06-29T12:24:08.531+0000] {logging_mixin.py:188} INFO - [2024-06-29T12:24:08.531+0000] {dag.py:3954} INFO - Setting next_dagrun for latest_only_with_trigger to 2024-06-29 08:00:00+00:00, run_after=2024-06-29 12:00:00+00:00
[2024-06-29T12:24:08.540+0000] {processor.py:183} INFO - Processing /home/airflow/.local/lib/python3.12/site-packages/airflow/example_dags/example_latest_only_with_trigger.py took 0.043 seconds
[2024-06-29T12:24:38.723+0000] {processor.py:161} INFO - Started process (PID=15962) to work on /home/airflow/.local/lib/python3.12/site-packages/airflow/example_dags/example_latest_only_with_trigger.py
[2024-06-29T12:24:38.724+0000] {processor.py:830} INFO - Processing file /home/airflow/.local/lib/python3.12/site-packages/airflow/example_dags/example_latest_only_with_trigger.py for tasks to queue
[2024-06-29T12:24:38.725+0000] {logging_mixin.py:188} INFO - [2024-06-29T12:24:38.725+0000] {dagbag.py:545} INFO - Filling up the DagBag from /home/airflow/.local/lib/python3.12/site-packages/airflow/example_dags/example_latest_only_with_trigger.py
[2024-06-29T12:24:38.728+0000] {processor.py:840} INFO - DAG(s) 'latest_only_with_trigger' retrieved from /home/airflow/.local/lib/python3.12/site-packages/airflow/example_dags/example_latest_only_with_trigger.py
[2024-06-29T12:24:38.742+0000] {logging_mixin.py:188} INFO - [2024-06-29T12:24:38.742+0000] {dag.py:3096} INFO - Sync 1 DAGs
[2024-06-29T12:24:38.753+0000] {logging_mixin.py:188} INFO - [2024-06-29T12:24:38.752+0000] {dag.py:3954} INFO - Setting next_dagrun for latest_only_with_trigger to 2024-06-29 08:00:00+00:00, run_after=2024-06-29 12:00:00+00:00
[2024-06-29T12:24:38.761+0000] {processor.py:183} INFO - Processing /home/airflow/.local/lib/python3.12/site-packages/airflow/example_dags/example_latest_only_with_trigger.py took 0.042 seconds
[2024-06-29T12:25:08.914+0000] {processor.py:161} INFO - Started process (PID=16224) to work on /home/airflow/.local/lib/python3.12/site-packages/airflow/example_dags/example_latest_only_with_trigger.py
[2024-06-29T12:25:08.914+0000] {processor.py:830} INFO - Processing file /home/airflow/.local/lib/python3.12/site-packages/airflow/example_dags/example_latest_only_with_trigger.py for tasks to queue
[2024-06-29T12:25:08.916+0000] {logging_mixin.py:188} INFO - [2024-06-29T12:25:08.915+0000] {dagbag.py:545} INFO - Filling up the DagBag from /home/airflow/.local/lib/python3.12/site-packages/airflow/example_dags/example_latest_only_with_trigger.py
[2024-06-29T12:25:08.919+0000] {processor.py:840} INFO - DAG(s) 'latest_only_with_trigger' retrieved from /home/airflow/.local/lib/python3.12/site-packages/airflow/example_dags/example_latest_only_with_trigger.py
[2024-06-29T12:25:08.932+0000] {logging_mixin.py:188} INFO - [2024-06-29T12:25:08.932+0000] {dag.py:3096} INFO - Sync 1 DAGs
[2024-06-29T12:25:08.943+0000] {logging_mixin.py:188} INFO - [2024-06-29T12:25:08.942+0000] {dag.py:3954} INFO - Setting next_dagrun for latest_only_with_trigger to 2024-06-29 08:00:00+00:00, run_after=2024-06-29 12:00:00+00:00
[2024-06-29T12:25:08.951+0000] {processor.py:183} INFO - Processing /home/airflow/.local/lib/python3.12/site-packages/airflow/example_dags/example_latest_only_with_trigger.py took 0.040 seconds
