[2024-06-29T11:54:20.763+0000] {processor.py:161} INFO - Started process (PID=292) to work on /home/airflow/.local/lib/python3.12/site-packages/airflow/example_dags/example_time_delta_sensor_async.py
[2024-06-29T11:54:20.764+0000] {processor.py:830} INFO - Processing file /home/airflow/.local/lib/python3.12/site-packages/airflow/example_dags/example_time_delta_sensor_async.py for tasks to queue
[2024-06-29T11:54:20.765+0000] {logging_mixin.py:188} INFO - [2024-06-29T11:54:20.765+0000] {dagbag.py:545} INFO - Filling up the DagBag from /home/airflow/.local/lib/python3.12/site-packages/airflow/example_dags/example_time_delta_sensor_async.py
[2024-06-29T11:54:20.768+0000] {processor.py:840} INFO - DAG(s) 'example_time_delta_sensor_async' retrieved from /home/airflow/.local/lib/python3.12/site-packages/airflow/example_dags/example_time_delta_sensor_async.py
[2024-06-29T11:54:20.779+0000] {logging_mixin.py:188} INFO - [2024-06-29T11:54:20.779+0000] {dag.py:3096} INFO - Sync 1 DAGs
[2024-06-29T11:54:20.786+0000] {logging_mixin.py:188} INFO - [2024-06-29T11:54:20.786+0000] {dag.py:3954} INFO - Setting next_dagrun for example_time_delta_sensor_async to None, run_after=None
[2024-06-29T11:54:20.796+0000] {processor.py:183} INFO - Processing /home/airflow/.local/lib/python3.12/site-packages/airflow/example_dags/example_time_delta_sensor_async.py took 0.036 seconds
[2024-06-29T11:54:52.299+0000] {processor.py:161} INFO - Started process (PID=552) to work on /home/airflow/.local/lib/python3.12/site-packages/airflow/example_dags/example_time_delta_sensor_async.py
[2024-06-29T11:54:52.299+0000] {processor.py:830} INFO - Processing file /home/airflow/.local/lib/python3.12/site-packages/airflow/example_dags/example_time_delta_sensor_async.py for tasks to queue
[2024-06-29T11:54:52.300+0000] {logging_mixin.py:188} INFO - [2024-06-29T11:54:52.300+0000] {dagbag.py:545} INFO - Filling up the DagBag from /home/airflow/.local/lib/python3.12/site-packages/airflow/example_dags/example_time_delta_sensor_async.py
[2024-06-29T11:54:52.303+0000] {processor.py:840} INFO - DAG(s) 'example_time_delta_sensor_async' retrieved from /home/airflow/.local/lib/python3.12/site-packages/airflow/example_dags/example_time_delta_sensor_async.py
[2024-06-29T11:54:52.356+0000] {logging_mixin.py:188} INFO - [2024-06-29T11:54:52.356+0000] {dag.py:3096} INFO - Sync 1 DAGs
[2024-06-29T11:54:52.362+0000] {logging_mixin.py:188} INFO - [2024-06-29T11:54:52.362+0000] {dag.py:3954} INFO - Setting next_dagrun for example_time_delta_sensor_async to None, run_after=None
[2024-06-29T11:54:52.372+0000] {processor.py:183} INFO - Processing /home/airflow/.local/lib/python3.12/site-packages/airflow/example_dags/example_time_delta_sensor_async.py took 0.077 seconds
[2024-06-29T11:55:22.664+0000] {processor.py:161} INFO - Started process (PID=814) to work on /home/airflow/.local/lib/python3.12/site-packages/airflow/example_dags/example_time_delta_sensor_async.py
[2024-06-29T11:55:22.664+0000] {processor.py:830} INFO - Processing file /home/airflow/.local/lib/python3.12/site-packages/airflow/example_dags/example_time_delta_sensor_async.py for tasks to queue
[2024-06-29T11:55:22.665+0000] {logging_mixin.py:188} INFO - [2024-06-29T11:55:22.665+0000] {dagbag.py:545} INFO - Filling up the DagBag from /home/airflow/.local/lib/python3.12/site-packages/airflow/example_dags/example_time_delta_sensor_async.py
[2024-06-29T11:55:22.668+0000] {processor.py:840} INFO - DAG(s) 'example_time_delta_sensor_async' retrieved from /home/airflow/.local/lib/python3.12/site-packages/airflow/example_dags/example_time_delta_sensor_async.py
[2024-06-29T11:55:22.682+0000] {logging_mixin.py:188} INFO - [2024-06-29T11:55:22.682+0000] {dag.py:3096} INFO - Sync 1 DAGs
[2024-06-29T11:55:22.689+0000] {logging_mixin.py:188} INFO - [2024-06-29T11:55:22.689+0000] {dag.py:3954} INFO - Setting next_dagrun for example_time_delta_sensor_async to None, run_after=None
[2024-06-29T11:55:22.699+0000] {processor.py:183} INFO - Processing /home/airflow/.local/lib/python3.12/site-packages/airflow/example_dags/example_time_delta_sensor_async.py took 0.039 seconds
[2024-06-29T11:55:53.065+0000] {processor.py:161} INFO - Started process (PID=1078) to work on /home/airflow/.local/lib/python3.12/site-packages/airflow/example_dags/example_time_delta_sensor_async.py
[2024-06-29T11:55:53.065+0000] {processor.py:830} INFO - Processing file /home/airflow/.local/lib/python3.12/site-packages/airflow/example_dags/example_time_delta_sensor_async.py for tasks to queue
[2024-06-29T11:55:53.067+0000] {logging_mixin.py:188} INFO - [2024-06-29T11:55:53.066+0000] {dagbag.py:545} INFO - Filling up the DagBag from /home/airflow/.local/lib/python3.12/site-packages/airflow/example_dags/example_time_delta_sensor_async.py
[2024-06-29T11:55:53.069+0000] {processor.py:840} INFO - DAG(s) 'example_time_delta_sensor_async' retrieved from /home/airflow/.local/lib/python3.12/site-packages/airflow/example_dags/example_time_delta_sensor_async.py
[2024-06-29T11:55:53.084+0000] {logging_mixin.py:188} INFO - [2024-06-29T11:55:53.083+0000] {dag.py:3096} INFO - Sync 1 DAGs
[2024-06-29T11:55:53.090+0000] {logging_mixin.py:188} INFO - [2024-06-29T11:55:53.090+0000] {dag.py:3954} INFO - Setting next_dagrun for example_time_delta_sensor_async to None, run_after=None
[2024-06-29T11:55:53.099+0000] {processor.py:183} INFO - Processing /home/airflow/.local/lib/python3.12/site-packages/airflow/example_dags/example_time_delta_sensor_async.py took 0.038 seconds
[2024-06-29T11:56:23.305+0000] {processor.py:161} INFO - Started process (PID=1339) to work on /home/airflow/.local/lib/python3.12/site-packages/airflow/example_dags/example_time_delta_sensor_async.py
[2024-06-29T11:56:23.306+0000] {processor.py:830} INFO - Processing file /home/airflow/.local/lib/python3.12/site-packages/airflow/example_dags/example_time_delta_sensor_async.py for tasks to queue
[2024-06-29T11:56:23.307+0000] {logging_mixin.py:188} INFO - [2024-06-29T11:56:23.307+0000] {dagbag.py:545} INFO - Filling up the DagBag from /home/airflow/.local/lib/python3.12/site-packages/airflow/example_dags/example_time_delta_sensor_async.py
[2024-06-29T11:56:23.310+0000] {processor.py:840} INFO - DAG(s) 'example_time_delta_sensor_async' retrieved from /home/airflow/.local/lib/python3.12/site-packages/airflow/example_dags/example_time_delta_sensor_async.py
[2024-06-29T11:56:23.324+0000] {logging_mixin.py:188} INFO - [2024-06-29T11:56:23.324+0000] {dag.py:3096} INFO - Sync 1 DAGs
[2024-06-29T11:56:23.331+0000] {logging_mixin.py:188} INFO - [2024-06-29T11:56:23.331+0000] {dag.py:3954} INFO - Setting next_dagrun for example_time_delta_sensor_async to None, run_after=None
[2024-06-29T11:56:23.340+0000] {processor.py:183} INFO - Processing /home/airflow/.local/lib/python3.12/site-packages/airflow/example_dags/example_time_delta_sensor_async.py took 0.038 seconds
[2024-06-29T11:56:53.479+0000] {processor.py:161} INFO - Started process (PID=1601) to work on /home/airflow/.local/lib/python3.12/site-packages/airflow/example_dags/example_time_delta_sensor_async.py
[2024-06-29T11:56:53.480+0000] {processor.py:830} INFO - Processing file /home/airflow/.local/lib/python3.12/site-packages/airflow/example_dags/example_time_delta_sensor_async.py for tasks to queue
[2024-06-29T11:56:53.481+0000] {logging_mixin.py:188} INFO - [2024-06-29T11:56:53.481+0000] {dagbag.py:545} INFO - Filling up the DagBag from /home/airflow/.local/lib/python3.12/site-packages/airflow/example_dags/example_time_delta_sensor_async.py
[2024-06-29T11:56:53.484+0000] {processor.py:840} INFO - DAG(s) 'example_time_delta_sensor_async' retrieved from /home/airflow/.local/lib/python3.12/site-packages/airflow/example_dags/example_time_delta_sensor_async.py
[2024-06-29T11:56:53.498+0000] {logging_mixin.py:188} INFO - [2024-06-29T11:56:53.498+0000] {dag.py:3096} INFO - Sync 1 DAGs
[2024-06-29T11:56:53.505+0000] {logging_mixin.py:188} INFO - [2024-06-29T11:56:53.505+0000] {dag.py:3954} INFO - Setting next_dagrun for example_time_delta_sensor_async to None, run_after=None
[2024-06-29T11:56:53.514+0000] {processor.py:183} INFO - Processing /home/airflow/.local/lib/python3.12/site-packages/airflow/example_dags/example_time_delta_sensor_async.py took 0.038 seconds
[2024-06-29T11:57:23.842+0000] {processor.py:161} INFO - Started process (PID=1865) to work on /home/airflow/.local/lib/python3.12/site-packages/airflow/example_dags/example_time_delta_sensor_async.py
[2024-06-29T11:57:23.843+0000] {processor.py:830} INFO - Processing file /home/airflow/.local/lib/python3.12/site-packages/airflow/example_dags/example_time_delta_sensor_async.py for tasks to queue
[2024-06-29T11:57:23.844+0000] {logging_mixin.py:188} INFO - [2024-06-29T11:57:23.843+0000] {dagbag.py:545} INFO - Filling up the DagBag from /home/airflow/.local/lib/python3.12/site-packages/airflow/example_dags/example_time_delta_sensor_async.py
[2024-06-29T11:57:23.847+0000] {processor.py:840} INFO - DAG(s) 'example_time_delta_sensor_async' retrieved from /home/airflow/.local/lib/python3.12/site-packages/airflow/example_dags/example_time_delta_sensor_async.py
[2024-06-29T11:57:23.862+0000] {logging_mixin.py:188} INFO - [2024-06-29T11:57:23.862+0000] {dag.py:3096} INFO - Sync 1 DAGs
[2024-06-29T11:57:23.869+0000] {logging_mixin.py:188} INFO - [2024-06-29T11:57:23.869+0000] {dag.py:3954} INFO - Setting next_dagrun for example_time_delta_sensor_async to None, run_after=None
[2024-06-29T11:57:23.878+0000] {processor.py:183} INFO - Processing /home/airflow/.local/lib/python3.12/site-packages/airflow/example_dags/example_time_delta_sensor_async.py took 0.040 seconds
[2024-06-29T11:57:54.072+0000] {processor.py:161} INFO - Started process (PID=2125) to work on /home/airflow/.local/lib/python3.12/site-packages/airflow/example_dags/example_time_delta_sensor_async.py
[2024-06-29T11:57:54.073+0000] {processor.py:830} INFO - Processing file /home/airflow/.local/lib/python3.12/site-packages/airflow/example_dags/example_time_delta_sensor_async.py for tasks to queue
[2024-06-29T11:57:54.074+0000] {logging_mixin.py:188} INFO - [2024-06-29T11:57:54.073+0000] {dagbag.py:545} INFO - Filling up the DagBag from /home/airflow/.local/lib/python3.12/site-packages/airflow/example_dags/example_time_delta_sensor_async.py
[2024-06-29T11:57:54.076+0000] {processor.py:840} INFO - DAG(s) 'example_time_delta_sensor_async' retrieved from /home/airflow/.local/lib/python3.12/site-packages/airflow/example_dags/example_time_delta_sensor_async.py
[2024-06-29T11:57:54.091+0000] {logging_mixin.py:188} INFO - [2024-06-29T11:57:54.091+0000] {dag.py:3096} INFO - Sync 1 DAGs
[2024-06-29T11:57:54.098+0000] {logging_mixin.py:188} INFO - [2024-06-29T11:57:54.097+0000] {dag.py:3954} INFO - Setting next_dagrun for example_time_delta_sensor_async to None, run_after=None
[2024-06-29T11:57:54.106+0000] {processor.py:183} INFO - Processing /home/airflow/.local/lib/python3.12/site-packages/airflow/example_dags/example_time_delta_sensor_async.py took 0.038 seconds
[2024-06-29T11:58:24.293+0000] {processor.py:161} INFO - Started process (PID=2387) to work on /home/airflow/.local/lib/python3.12/site-packages/airflow/example_dags/example_time_delta_sensor_async.py
[2024-06-29T11:58:24.293+0000] {processor.py:830} INFO - Processing file /home/airflow/.local/lib/python3.12/site-packages/airflow/example_dags/example_time_delta_sensor_async.py for tasks to queue
[2024-06-29T11:58:24.294+0000] {logging_mixin.py:188} INFO - [2024-06-29T11:58:24.294+0000] {dagbag.py:545} INFO - Filling up the DagBag from /home/airflow/.local/lib/python3.12/site-packages/airflow/example_dags/example_time_delta_sensor_async.py
[2024-06-29T11:58:24.297+0000] {processor.py:840} INFO - DAG(s) 'example_time_delta_sensor_async' retrieved from /home/airflow/.local/lib/python3.12/site-packages/airflow/example_dags/example_time_delta_sensor_async.py
[2024-06-29T11:58:24.311+0000] {logging_mixin.py:188} INFO - [2024-06-29T11:58:24.311+0000] {dag.py:3096} INFO - Sync 1 DAGs
[2024-06-29T11:58:24.318+0000] {logging_mixin.py:188} INFO - [2024-06-29T11:58:24.318+0000] {dag.py:3954} INFO - Setting next_dagrun for example_time_delta_sensor_async to None, run_after=None
[2024-06-29T11:58:24.327+0000] {processor.py:183} INFO - Processing /home/airflow/.local/lib/python3.12/site-packages/airflow/example_dags/example_time_delta_sensor_async.py took 0.038 seconds
[2024-06-29T11:58:54.515+0000] {processor.py:161} INFO - Started process (PID=2648) to work on /home/airflow/.local/lib/python3.12/site-packages/airflow/example_dags/example_time_delta_sensor_async.py
[2024-06-29T11:58:54.515+0000] {processor.py:830} INFO - Processing file /home/airflow/.local/lib/python3.12/site-packages/airflow/example_dags/example_time_delta_sensor_async.py for tasks to queue
[2024-06-29T11:58:54.516+0000] {logging_mixin.py:188} INFO - [2024-06-29T11:58:54.516+0000] {dagbag.py:545} INFO - Filling up the DagBag from /home/airflow/.local/lib/python3.12/site-packages/airflow/example_dags/example_time_delta_sensor_async.py
[2024-06-29T11:58:54.519+0000] {processor.py:840} INFO - DAG(s) 'example_time_delta_sensor_async' retrieved from /home/airflow/.local/lib/python3.12/site-packages/airflow/example_dags/example_time_delta_sensor_async.py
[2024-06-29T11:58:54.532+0000] {logging_mixin.py:188} INFO - [2024-06-29T11:58:54.532+0000] {dag.py:3096} INFO - Sync 1 DAGs
[2024-06-29T11:58:54.539+0000] {logging_mixin.py:188} INFO - [2024-06-29T11:58:54.539+0000] {dag.py:3954} INFO - Setting next_dagrun for example_time_delta_sensor_async to None, run_after=None
[2024-06-29T11:58:54.548+0000] {processor.py:183} INFO - Processing /home/airflow/.local/lib/python3.12/site-packages/airflow/example_dags/example_time_delta_sensor_async.py took 0.036 seconds
[2024-06-29T11:59:24.871+0000] {processor.py:161} INFO - Started process (PID=2911) to work on /home/airflow/.local/lib/python3.12/site-packages/airflow/example_dags/example_time_delta_sensor_async.py
[2024-06-29T11:59:24.872+0000] {processor.py:830} INFO - Processing file /home/airflow/.local/lib/python3.12/site-packages/airflow/example_dags/example_time_delta_sensor_async.py for tasks to queue
[2024-06-29T11:59:24.873+0000] {logging_mixin.py:188} INFO - [2024-06-29T11:59:24.873+0000] {dagbag.py:545} INFO - Filling up the DagBag from /home/airflow/.local/lib/python3.12/site-packages/airflow/example_dags/example_time_delta_sensor_async.py
[2024-06-29T11:59:24.876+0000] {processor.py:840} INFO - DAG(s) 'example_time_delta_sensor_async' retrieved from /home/airflow/.local/lib/python3.12/site-packages/airflow/example_dags/example_time_delta_sensor_async.py
[2024-06-29T11:59:24.892+0000] {logging_mixin.py:188} INFO - [2024-06-29T11:59:24.892+0000] {dag.py:3096} INFO - Sync 1 DAGs
[2024-06-29T11:59:24.899+0000] {logging_mixin.py:188} INFO - [2024-06-29T11:59:24.899+0000] {dag.py:3954} INFO - Setting next_dagrun for example_time_delta_sensor_async to None, run_after=None
[2024-06-29T11:59:24.908+0000] {processor.py:183} INFO - Processing /home/airflow/.local/lib/python3.12/site-packages/airflow/example_dags/example_time_delta_sensor_async.py took 0.041 seconds
[2024-06-29T11:59:55.083+0000] {processor.py:161} INFO - Started process (PID=3173) to work on /home/airflow/.local/lib/python3.12/site-packages/airflow/example_dags/example_time_delta_sensor_async.py
[2024-06-29T11:59:55.084+0000] {processor.py:830} INFO - Processing file /home/airflow/.local/lib/python3.12/site-packages/airflow/example_dags/example_time_delta_sensor_async.py for tasks to queue
[2024-06-29T11:59:55.085+0000] {logging_mixin.py:188} INFO - [2024-06-29T11:59:55.085+0000] {dagbag.py:545} INFO - Filling up the DagBag from /home/airflow/.local/lib/python3.12/site-packages/airflow/example_dags/example_time_delta_sensor_async.py
[2024-06-29T11:59:55.088+0000] {processor.py:840} INFO - DAG(s) 'example_time_delta_sensor_async' retrieved from /home/airflow/.local/lib/python3.12/site-packages/airflow/example_dags/example_time_delta_sensor_async.py
[2024-06-29T11:59:55.102+0000] {logging_mixin.py:188} INFO - [2024-06-29T11:59:55.102+0000] {dag.py:3096} INFO - Sync 1 DAGs
[2024-06-29T11:59:55.109+0000] {logging_mixin.py:188} INFO - [2024-06-29T11:59:55.109+0000] {dag.py:3954} INFO - Setting next_dagrun for example_time_delta_sensor_async to None, run_after=None
[2024-06-29T11:59:55.118+0000] {processor.py:183} INFO - Processing /home/airflow/.local/lib/python3.12/site-packages/airflow/example_dags/example_time_delta_sensor_async.py took 0.038 seconds
[2024-06-29T12:00:25.244+0000] {processor.py:161} INFO - Started process (PID=3435) to work on /home/airflow/.local/lib/python3.12/site-packages/airflow/example_dags/example_time_delta_sensor_async.py
[2024-06-29T12:00:25.245+0000] {processor.py:830} INFO - Processing file /home/airflow/.local/lib/python3.12/site-packages/airflow/example_dags/example_time_delta_sensor_async.py for tasks to queue
[2024-06-29T12:00:25.246+0000] {logging_mixin.py:188} INFO - [2024-06-29T12:00:25.245+0000] {dagbag.py:545} INFO - Filling up the DagBag from /home/airflow/.local/lib/python3.12/site-packages/airflow/example_dags/example_time_delta_sensor_async.py
[2024-06-29T12:00:25.249+0000] {processor.py:840} INFO - DAG(s) 'example_time_delta_sensor_async' retrieved from /home/airflow/.local/lib/python3.12/site-packages/airflow/example_dags/example_time_delta_sensor_async.py
[2024-06-29T12:00:25.263+0000] {logging_mixin.py:188} INFO - [2024-06-29T12:00:25.263+0000] {dag.py:3096} INFO - Sync 1 DAGs
[2024-06-29T12:00:25.269+0000] {logging_mixin.py:188} INFO - [2024-06-29T12:00:25.269+0000] {dag.py:3954} INFO - Setting next_dagrun for example_time_delta_sensor_async to None, run_after=None
[2024-06-29T12:00:25.278+0000] {processor.py:183} INFO - Processing /home/airflow/.local/lib/python3.12/site-packages/airflow/example_dags/example_time_delta_sensor_async.py took 0.037 seconds
[2024-06-29T12:00:55.485+0000] {processor.py:161} INFO - Started process (PID=3697) to work on /home/airflow/.local/lib/python3.12/site-packages/airflow/example_dags/example_time_delta_sensor_async.py
[2024-06-29T12:00:55.485+0000] {processor.py:830} INFO - Processing file /home/airflow/.local/lib/python3.12/site-packages/airflow/example_dags/example_time_delta_sensor_async.py for tasks to queue
[2024-06-29T12:00:55.487+0000] {logging_mixin.py:188} INFO - [2024-06-29T12:00:55.486+0000] {dagbag.py:545} INFO - Filling up the DagBag from /home/airflow/.local/lib/python3.12/site-packages/airflow/example_dags/example_time_delta_sensor_async.py
[2024-06-29T12:00:55.489+0000] {processor.py:840} INFO - DAG(s) 'example_time_delta_sensor_async' retrieved from /home/airflow/.local/lib/python3.12/site-packages/airflow/example_dags/example_time_delta_sensor_async.py
[2024-06-29T12:00:55.504+0000] {logging_mixin.py:188} INFO - [2024-06-29T12:00:55.503+0000] {dag.py:3096} INFO - Sync 1 DAGs
[2024-06-29T12:00:55.510+0000] {logging_mixin.py:188} INFO - [2024-06-29T12:00:55.510+0000] {dag.py:3954} INFO - Setting next_dagrun for example_time_delta_sensor_async to None, run_after=None
[2024-06-29T12:00:55.520+0000] {processor.py:183} INFO - Processing /home/airflow/.local/lib/python3.12/site-packages/airflow/example_dags/example_time_delta_sensor_async.py took 0.038 seconds
[2024-06-29T12:01:25.664+0000] {processor.py:161} INFO - Started process (PID=3959) to work on /home/airflow/.local/lib/python3.12/site-packages/airflow/example_dags/example_time_delta_sensor_async.py
[2024-06-29T12:01:25.664+0000] {processor.py:830} INFO - Processing file /home/airflow/.local/lib/python3.12/site-packages/airflow/example_dags/example_time_delta_sensor_async.py for tasks to queue
[2024-06-29T12:01:25.665+0000] {logging_mixin.py:188} INFO - [2024-06-29T12:01:25.665+0000] {dagbag.py:545} INFO - Filling up the DagBag from /home/airflow/.local/lib/python3.12/site-packages/airflow/example_dags/example_time_delta_sensor_async.py
[2024-06-29T12:01:25.668+0000] {processor.py:840} INFO - DAG(s) 'example_time_delta_sensor_async' retrieved from /home/airflow/.local/lib/python3.12/site-packages/airflow/example_dags/example_time_delta_sensor_async.py
[2024-06-29T12:01:25.682+0000] {logging_mixin.py:188} INFO - [2024-06-29T12:01:25.682+0000] {dag.py:3096} INFO - Sync 1 DAGs
[2024-06-29T12:01:25.689+0000] {logging_mixin.py:188} INFO - [2024-06-29T12:01:25.689+0000] {dag.py:3954} INFO - Setting next_dagrun for example_time_delta_sensor_async to None, run_after=None
[2024-06-29T12:01:25.698+0000] {processor.py:183} INFO - Processing /home/airflow/.local/lib/python3.12/site-packages/airflow/example_dags/example_time_delta_sensor_async.py took 0.038 seconds
[2024-06-29T12:01:55.937+0000] {processor.py:161} INFO - Started process (PID=4223) to work on /home/airflow/.local/lib/python3.12/site-packages/airflow/example_dags/example_time_delta_sensor_async.py
[2024-06-29T12:01:55.937+0000] {processor.py:830} INFO - Processing file /home/airflow/.local/lib/python3.12/site-packages/airflow/example_dags/example_time_delta_sensor_async.py for tasks to queue
[2024-06-29T12:01:55.939+0000] {logging_mixin.py:188} INFO - [2024-06-29T12:01:55.938+0000] {dagbag.py:545} INFO - Filling up the DagBag from /home/airflow/.local/lib/python3.12/site-packages/airflow/example_dags/example_time_delta_sensor_async.py
[2024-06-29T12:01:55.941+0000] {processor.py:840} INFO - DAG(s) 'example_time_delta_sensor_async' retrieved from /home/airflow/.local/lib/python3.12/site-packages/airflow/example_dags/example_time_delta_sensor_async.py
[2024-06-29T12:01:55.955+0000] {logging_mixin.py:188} INFO - [2024-06-29T12:01:55.955+0000] {dag.py:3096} INFO - Sync 1 DAGs
[2024-06-29T12:01:55.962+0000] {logging_mixin.py:188} INFO - [2024-06-29T12:01:55.962+0000] {dag.py:3954} INFO - Setting next_dagrun for example_time_delta_sensor_async to None, run_after=None
[2024-06-29T12:01:55.971+0000] {processor.py:183} INFO - Processing /home/airflow/.local/lib/python3.12/site-packages/airflow/example_dags/example_time_delta_sensor_async.py took 0.038 seconds
[2024-06-29T12:02:26.188+0000] {processor.py:161} INFO - Started process (PID=4483) to work on /home/airflow/.local/lib/python3.12/site-packages/airflow/example_dags/example_time_delta_sensor_async.py
[2024-06-29T12:02:26.189+0000] {processor.py:830} INFO - Processing file /home/airflow/.local/lib/python3.12/site-packages/airflow/example_dags/example_time_delta_sensor_async.py for tasks to queue
[2024-06-29T12:02:26.190+0000] {logging_mixin.py:188} INFO - [2024-06-29T12:02:26.189+0000] {dagbag.py:545} INFO - Filling up the DagBag from /home/airflow/.local/lib/python3.12/site-packages/airflow/example_dags/example_time_delta_sensor_async.py
[2024-06-29T12:02:26.192+0000] {processor.py:840} INFO - DAG(s) 'example_time_delta_sensor_async' retrieved from /home/airflow/.local/lib/python3.12/site-packages/airflow/example_dags/example_time_delta_sensor_async.py
[2024-06-29T12:02:26.206+0000] {logging_mixin.py:188} INFO - [2024-06-29T12:02:26.206+0000] {dag.py:3096} INFO - Sync 1 DAGs
[2024-06-29T12:02:26.213+0000] {logging_mixin.py:188} INFO - [2024-06-29T12:02:26.213+0000] {dag.py:3954} INFO - Setting next_dagrun for example_time_delta_sensor_async to None, run_after=None
[2024-06-29T12:02:26.222+0000] {processor.py:183} INFO - Processing /home/airflow/.local/lib/python3.12/site-packages/airflow/example_dags/example_time_delta_sensor_async.py took 0.038 seconds
[2024-06-29T12:02:56.568+0000] {processor.py:161} INFO - Started process (PID=4745) to work on /home/airflow/.local/lib/python3.12/site-packages/airflow/example_dags/example_time_delta_sensor_async.py
[2024-06-29T12:02:56.568+0000] {processor.py:830} INFO - Processing file /home/airflow/.local/lib/python3.12/site-packages/airflow/example_dags/example_time_delta_sensor_async.py for tasks to queue
[2024-06-29T12:02:56.570+0000] {logging_mixin.py:188} INFO - [2024-06-29T12:02:56.569+0000] {dagbag.py:545} INFO - Filling up the DagBag from /home/airflow/.local/lib/python3.12/site-packages/airflow/example_dags/example_time_delta_sensor_async.py
[2024-06-29T12:02:56.572+0000] {processor.py:840} INFO - DAG(s) 'example_time_delta_sensor_async' retrieved from /home/airflow/.local/lib/python3.12/site-packages/airflow/example_dags/example_time_delta_sensor_async.py
[2024-06-29T12:02:56.586+0000] {logging_mixin.py:188} INFO - [2024-06-29T12:02:56.586+0000] {dag.py:3096} INFO - Sync 1 DAGs
[2024-06-29T12:02:56.593+0000] {logging_mixin.py:188} INFO - [2024-06-29T12:02:56.593+0000] {dag.py:3954} INFO - Setting next_dagrun for example_time_delta_sensor_async to None, run_after=None
[2024-06-29T12:02:56.603+0000] {processor.py:183} INFO - Processing /home/airflow/.local/lib/python3.12/site-packages/airflow/example_dags/example_time_delta_sensor_async.py took 0.038 seconds
[2024-06-29T12:03:26.809+0000] {processor.py:161} INFO - Started process (PID=5014) to work on /home/airflow/.local/lib/python3.12/site-packages/airflow/example_dags/example_time_delta_sensor_async.py
[2024-06-29T12:03:26.810+0000] {processor.py:830} INFO - Processing file /home/airflow/.local/lib/python3.12/site-packages/airflow/example_dags/example_time_delta_sensor_async.py for tasks to queue
[2024-06-29T12:03:26.811+0000] {logging_mixin.py:188} INFO - [2024-06-29T12:03:26.810+0000] {dagbag.py:545} INFO - Filling up the DagBag from /home/airflow/.local/lib/python3.12/site-packages/airflow/example_dags/example_time_delta_sensor_async.py
[2024-06-29T12:03:26.813+0000] {processor.py:840} INFO - DAG(s) 'example_time_delta_sensor_async' retrieved from /home/airflow/.local/lib/python3.12/site-packages/airflow/example_dags/example_time_delta_sensor_async.py
[2024-06-29T12:03:26.827+0000] {logging_mixin.py:188} INFO - [2024-06-29T12:03:26.827+0000] {dag.py:3096} INFO - Sync 1 DAGs
[2024-06-29T12:03:26.833+0000] {logging_mixin.py:188} INFO - [2024-06-29T12:03:26.833+0000] {dag.py:3954} INFO - Setting next_dagrun for example_time_delta_sensor_async to None, run_after=None
[2024-06-29T12:03:26.842+0000] {processor.py:183} INFO - Processing /home/airflow/.local/lib/python3.12/site-packages/airflow/example_dags/example_time_delta_sensor_async.py took 0.036 seconds
[2024-06-29T12:03:57.009+0000] {processor.py:161} INFO - Started process (PID=5277) to work on /home/airflow/.local/lib/python3.12/site-packages/airflow/example_dags/example_time_delta_sensor_async.py
[2024-06-29T12:03:57.009+0000] {processor.py:830} INFO - Processing file /home/airflow/.local/lib/python3.12/site-packages/airflow/example_dags/example_time_delta_sensor_async.py for tasks to queue
[2024-06-29T12:03:57.011+0000] {logging_mixin.py:188} INFO - [2024-06-29T12:03:57.010+0000] {dagbag.py:545} INFO - Filling up the DagBag from /home/airflow/.local/lib/python3.12/site-packages/airflow/example_dags/example_time_delta_sensor_async.py
[2024-06-29T12:03:57.013+0000] {processor.py:840} INFO - DAG(s) 'example_time_delta_sensor_async' retrieved from /home/airflow/.local/lib/python3.12/site-packages/airflow/example_dags/example_time_delta_sensor_async.py
[2024-06-29T12:03:57.027+0000] {logging_mixin.py:188} INFO - [2024-06-29T12:03:57.027+0000] {dag.py:3096} INFO - Sync 1 DAGs
[2024-06-29T12:03:57.034+0000] {logging_mixin.py:188} INFO - [2024-06-29T12:03:57.034+0000] {dag.py:3954} INFO - Setting next_dagrun for example_time_delta_sensor_async to None, run_after=None
[2024-06-29T12:03:57.043+0000] {processor.py:183} INFO - Processing /home/airflow/.local/lib/python3.12/site-packages/airflow/example_dags/example_time_delta_sensor_async.py took 0.038 seconds
[2024-06-29T12:04:27.338+0000] {processor.py:161} INFO - Started process (PID=5539) to work on /home/airflow/.local/lib/python3.12/site-packages/airflow/example_dags/example_time_delta_sensor_async.py
[2024-06-29T12:04:27.338+0000] {processor.py:830} INFO - Processing file /home/airflow/.local/lib/python3.12/site-packages/airflow/example_dags/example_time_delta_sensor_async.py for tasks to queue
[2024-06-29T12:04:27.339+0000] {logging_mixin.py:188} INFO - [2024-06-29T12:04:27.339+0000] {dagbag.py:545} INFO - Filling up the DagBag from /home/airflow/.local/lib/python3.12/site-packages/airflow/example_dags/example_time_delta_sensor_async.py
[2024-06-29T12:04:27.342+0000] {processor.py:840} INFO - DAG(s) 'example_time_delta_sensor_async' retrieved from /home/airflow/.local/lib/python3.12/site-packages/airflow/example_dags/example_time_delta_sensor_async.py
[2024-06-29T12:04:27.356+0000] {logging_mixin.py:188} INFO - [2024-06-29T12:04:27.356+0000] {dag.py:3096} INFO - Sync 1 DAGs
[2024-06-29T12:04:27.363+0000] {logging_mixin.py:188} INFO - [2024-06-29T12:04:27.363+0000] {dag.py:3954} INFO - Setting next_dagrun for example_time_delta_sensor_async to None, run_after=None
[2024-06-29T12:04:27.372+0000] {processor.py:183} INFO - Processing /home/airflow/.local/lib/python3.12/site-packages/airflow/example_dags/example_time_delta_sensor_async.py took 0.038 seconds
[2024-06-29T12:04:57.663+0000] {processor.py:161} INFO - Started process (PID=5801) to work on /home/airflow/.local/lib/python3.12/site-packages/airflow/example_dags/example_time_delta_sensor_async.py
[2024-06-29T12:04:57.663+0000] {processor.py:830} INFO - Processing file /home/airflow/.local/lib/python3.12/site-packages/airflow/example_dags/example_time_delta_sensor_async.py for tasks to queue
[2024-06-29T12:04:57.664+0000] {logging_mixin.py:188} INFO - [2024-06-29T12:04:57.664+0000] {dagbag.py:545} INFO - Filling up the DagBag from /home/airflow/.local/lib/python3.12/site-packages/airflow/example_dags/example_time_delta_sensor_async.py
[2024-06-29T12:04:57.667+0000] {processor.py:840} INFO - DAG(s) 'example_time_delta_sensor_async' retrieved from /home/airflow/.local/lib/python3.12/site-packages/airflow/example_dags/example_time_delta_sensor_async.py
[2024-06-29T12:04:57.680+0000] {logging_mixin.py:188} INFO - [2024-06-29T12:04:57.680+0000] {dag.py:3096} INFO - Sync 1 DAGs
[2024-06-29T12:04:57.686+0000] {logging_mixin.py:188} INFO - [2024-06-29T12:04:57.686+0000] {dag.py:3954} INFO - Setting next_dagrun for example_time_delta_sensor_async to None, run_after=None
[2024-06-29T12:04:57.694+0000] {processor.py:183} INFO - Processing /home/airflow/.local/lib/python3.12/site-packages/airflow/example_dags/example_time_delta_sensor_async.py took 0.035 seconds
[2024-06-29T12:05:27.765+0000] {processor.py:161} INFO - Started process (PID=6063) to work on /home/airflow/.local/lib/python3.12/site-packages/airflow/example_dags/example_time_delta_sensor_async.py
[2024-06-29T12:05:27.766+0000] {processor.py:830} INFO - Processing file /home/airflow/.local/lib/python3.12/site-packages/airflow/example_dags/example_time_delta_sensor_async.py for tasks to queue
[2024-06-29T12:05:27.767+0000] {logging_mixin.py:188} INFO - [2024-06-29T12:05:27.767+0000] {dagbag.py:545} INFO - Filling up the DagBag from /home/airflow/.local/lib/python3.12/site-packages/airflow/example_dags/example_time_delta_sensor_async.py
[2024-06-29T12:05:27.769+0000] {processor.py:840} INFO - DAG(s) 'example_time_delta_sensor_async' retrieved from /home/airflow/.local/lib/python3.12/site-packages/airflow/example_dags/example_time_delta_sensor_async.py
[2024-06-29T12:05:27.784+0000] {logging_mixin.py:188} INFO - [2024-06-29T12:05:27.784+0000] {dag.py:3096} INFO - Sync 1 DAGs
[2024-06-29T12:05:27.790+0000] {logging_mixin.py:188} INFO - [2024-06-29T12:05:27.790+0000] {dag.py:3954} INFO - Setting next_dagrun for example_time_delta_sensor_async to None, run_after=None
[2024-06-29T12:05:27.799+0000] {processor.py:183} INFO - Processing /home/airflow/.local/lib/python3.12/site-packages/airflow/example_dags/example_time_delta_sensor_async.py took 0.038 seconds
[2024-06-29T12:05:58.120+0000] {processor.py:161} INFO - Started process (PID=6325) to work on /home/airflow/.local/lib/python3.12/site-packages/airflow/example_dags/example_time_delta_sensor_async.py
[2024-06-29T12:05:58.120+0000] {processor.py:830} INFO - Processing file /home/airflow/.local/lib/python3.12/site-packages/airflow/example_dags/example_time_delta_sensor_async.py for tasks to queue
[2024-06-29T12:05:58.121+0000] {logging_mixin.py:188} INFO - [2024-06-29T12:05:58.121+0000] {dagbag.py:545} INFO - Filling up the DagBag from /home/airflow/.local/lib/python3.12/site-packages/airflow/example_dags/example_time_delta_sensor_async.py
[2024-06-29T12:05:58.124+0000] {processor.py:840} INFO - DAG(s) 'example_time_delta_sensor_async' retrieved from /home/airflow/.local/lib/python3.12/site-packages/airflow/example_dags/example_time_delta_sensor_async.py
[2024-06-29T12:05:58.138+0000] {logging_mixin.py:188} INFO - [2024-06-29T12:05:58.138+0000] {dag.py:3096} INFO - Sync 1 DAGs
[2024-06-29T12:05:58.145+0000] {logging_mixin.py:188} INFO - [2024-06-29T12:05:58.144+0000] {dag.py:3954} INFO - Setting next_dagrun for example_time_delta_sensor_async to None, run_after=None
[2024-06-29T12:05:58.154+0000] {processor.py:183} INFO - Processing /home/airflow/.local/lib/python3.12/site-packages/airflow/example_dags/example_time_delta_sensor_async.py took 0.037 seconds
[2024-06-29T12:06:28.373+0000] {processor.py:161} INFO - Started process (PID=6587) to work on /home/airflow/.local/lib/python3.12/site-packages/airflow/example_dags/example_time_delta_sensor_async.py
[2024-06-29T12:06:28.374+0000] {processor.py:830} INFO - Processing file /home/airflow/.local/lib/python3.12/site-packages/airflow/example_dags/example_time_delta_sensor_async.py for tasks to queue
[2024-06-29T12:06:28.375+0000] {logging_mixin.py:188} INFO - [2024-06-29T12:06:28.374+0000] {dagbag.py:545} INFO - Filling up the DagBag from /home/airflow/.local/lib/python3.12/site-packages/airflow/example_dags/example_time_delta_sensor_async.py
[2024-06-29T12:06:28.377+0000] {processor.py:840} INFO - DAG(s) 'example_time_delta_sensor_async' retrieved from /home/airflow/.local/lib/python3.12/site-packages/airflow/example_dags/example_time_delta_sensor_async.py
[2024-06-29T12:06:28.391+0000] {logging_mixin.py:188} INFO - [2024-06-29T12:06:28.391+0000] {dag.py:3096} INFO - Sync 1 DAGs
[2024-06-29T12:06:28.397+0000] {logging_mixin.py:188} INFO - [2024-06-29T12:06:28.397+0000] {dag.py:3954} INFO - Setting next_dagrun for example_time_delta_sensor_async to None, run_after=None
[2024-06-29T12:06:28.407+0000] {processor.py:183} INFO - Processing /home/airflow/.local/lib/python3.12/site-packages/airflow/example_dags/example_time_delta_sensor_async.py took 0.038 seconds
[2024-06-29T12:06:58.587+0000] {processor.py:161} INFO - Started process (PID=6852) to work on /home/airflow/.local/lib/python3.12/site-packages/airflow/example_dags/example_time_delta_sensor_async.py
[2024-06-29T12:06:58.588+0000] {processor.py:830} INFO - Processing file /home/airflow/.local/lib/python3.12/site-packages/airflow/example_dags/example_time_delta_sensor_async.py for tasks to queue
[2024-06-29T12:06:58.589+0000] {logging_mixin.py:188} INFO - [2024-06-29T12:06:58.589+0000] {dagbag.py:545} INFO - Filling up the DagBag from /home/airflow/.local/lib/python3.12/site-packages/airflow/example_dags/example_time_delta_sensor_async.py
[2024-06-29T12:06:58.591+0000] {processor.py:840} INFO - DAG(s) 'example_time_delta_sensor_async' retrieved from /home/airflow/.local/lib/python3.12/site-packages/airflow/example_dags/example_time_delta_sensor_async.py
[2024-06-29T12:06:58.605+0000] {logging_mixin.py:188} INFO - [2024-06-29T12:06:58.605+0000] {dag.py:3096} INFO - Sync 1 DAGs
[2024-06-29T12:06:58.611+0000] {logging_mixin.py:188} INFO - [2024-06-29T12:06:58.611+0000] {dag.py:3954} INFO - Setting next_dagrun for example_time_delta_sensor_async to None, run_after=None
[2024-06-29T12:06:58.620+0000] {processor.py:183} INFO - Processing /home/airflow/.local/lib/python3.12/site-packages/airflow/example_dags/example_time_delta_sensor_async.py took 0.037 seconds
[2024-06-29T12:07:28.782+0000] {processor.py:161} INFO - Started process (PID=7112) to work on /home/airflow/.local/lib/python3.12/site-packages/airflow/example_dags/example_time_delta_sensor_async.py
[2024-06-29T12:07:28.782+0000] {processor.py:830} INFO - Processing file /home/airflow/.local/lib/python3.12/site-packages/airflow/example_dags/example_time_delta_sensor_async.py for tasks to queue
[2024-06-29T12:07:28.784+0000] {logging_mixin.py:188} INFO - [2024-06-29T12:07:28.783+0000] {dagbag.py:545} INFO - Filling up the DagBag from /home/airflow/.local/lib/python3.12/site-packages/airflow/example_dags/example_time_delta_sensor_async.py
[2024-06-29T12:07:28.786+0000] {processor.py:840} INFO - DAG(s) 'example_time_delta_sensor_async' retrieved from /home/airflow/.local/lib/python3.12/site-packages/airflow/example_dags/example_time_delta_sensor_async.py
[2024-06-29T12:07:28.806+0000] {logging_mixin.py:188} INFO - [2024-06-29T12:07:28.806+0000] {dag.py:3096} INFO - Sync 1 DAGs
[2024-06-29T12:07:28.813+0000] {logging_mixin.py:188} INFO - [2024-06-29T12:07:28.813+0000] {dag.py:3954} INFO - Setting next_dagrun for example_time_delta_sensor_async to None, run_after=None
[2024-06-29T12:07:28.824+0000] {processor.py:183} INFO - Processing /home/airflow/.local/lib/python3.12/site-packages/airflow/example_dags/example_time_delta_sensor_async.py took 0.046 seconds
[2024-06-29T12:07:58.962+0000] {processor.py:161} INFO - Started process (PID=7374) to work on /home/airflow/.local/lib/python3.12/site-packages/airflow/example_dags/example_time_delta_sensor_async.py
[2024-06-29T12:07:58.963+0000] {processor.py:830} INFO - Processing file /home/airflow/.local/lib/python3.12/site-packages/airflow/example_dags/example_time_delta_sensor_async.py for tasks to queue
[2024-06-29T12:07:58.964+0000] {logging_mixin.py:188} INFO - [2024-06-29T12:07:58.963+0000] {dagbag.py:545} INFO - Filling up the DagBag from /home/airflow/.local/lib/python3.12/site-packages/airflow/example_dags/example_time_delta_sensor_async.py
[2024-06-29T12:07:58.966+0000] {processor.py:840} INFO - DAG(s) 'example_time_delta_sensor_async' retrieved from /home/airflow/.local/lib/python3.12/site-packages/airflow/example_dags/example_time_delta_sensor_async.py
[2024-06-29T12:07:58.980+0000] {logging_mixin.py:188} INFO - [2024-06-29T12:07:58.980+0000] {dag.py:3096} INFO - Sync 1 DAGs
[2024-06-29T12:07:58.987+0000] {logging_mixin.py:188} INFO - [2024-06-29T12:07:58.987+0000] {dag.py:3954} INFO - Setting next_dagrun for example_time_delta_sensor_async to None, run_after=None
[2024-06-29T12:07:58.996+0000] {processor.py:183} INFO - Processing /home/airflow/.local/lib/python3.12/site-packages/airflow/example_dags/example_time_delta_sensor_async.py took 0.038 seconds
[2024-06-29T12:08:29.142+0000] {processor.py:161} INFO - Started process (PID=7639) to work on /home/airflow/.local/lib/python3.12/site-packages/airflow/example_dags/example_time_delta_sensor_async.py
[2024-06-29T12:08:29.143+0000] {processor.py:830} INFO - Processing file /home/airflow/.local/lib/python3.12/site-packages/airflow/example_dags/example_time_delta_sensor_async.py for tasks to queue
[2024-06-29T12:08:29.144+0000] {logging_mixin.py:188} INFO - [2024-06-29T12:08:29.144+0000] {dagbag.py:545} INFO - Filling up the DagBag from /home/airflow/.local/lib/python3.12/site-packages/airflow/example_dags/example_time_delta_sensor_async.py
[2024-06-29T12:08:29.147+0000] {processor.py:840} INFO - DAG(s) 'example_time_delta_sensor_async' retrieved from /home/airflow/.local/lib/python3.12/site-packages/airflow/example_dags/example_time_delta_sensor_async.py
[2024-06-29T12:08:29.161+0000] {logging_mixin.py:188} INFO - [2024-06-29T12:08:29.161+0000] {dag.py:3096} INFO - Sync 1 DAGs
[2024-06-29T12:08:29.167+0000] {logging_mixin.py:188} INFO - [2024-06-29T12:08:29.167+0000] {dag.py:3954} INFO - Setting next_dagrun for example_time_delta_sensor_async to None, run_after=None
[2024-06-29T12:08:29.176+0000] {processor.py:183} INFO - Processing /home/airflow/.local/lib/python3.12/site-packages/airflow/example_dags/example_time_delta_sensor_async.py took 0.037 seconds
[2024-06-29T12:08:59.414+0000] {processor.py:161} INFO - Started process (PID=7900) to work on /home/airflow/.local/lib/python3.12/site-packages/airflow/example_dags/example_time_delta_sensor_async.py
[2024-06-29T12:08:59.415+0000] {processor.py:830} INFO - Processing file /home/airflow/.local/lib/python3.12/site-packages/airflow/example_dags/example_time_delta_sensor_async.py for tasks to queue
[2024-06-29T12:08:59.416+0000] {logging_mixin.py:188} INFO - [2024-06-29T12:08:59.416+0000] {dagbag.py:545} INFO - Filling up the DagBag from /home/airflow/.local/lib/python3.12/site-packages/airflow/example_dags/example_time_delta_sensor_async.py
[2024-06-29T12:08:59.419+0000] {processor.py:840} INFO - DAG(s) 'example_time_delta_sensor_async' retrieved from /home/airflow/.local/lib/python3.12/site-packages/airflow/example_dags/example_time_delta_sensor_async.py
[2024-06-29T12:08:59.433+0000] {logging_mixin.py:188} INFO - [2024-06-29T12:08:59.433+0000] {dag.py:3096} INFO - Sync 1 DAGs
[2024-06-29T12:08:59.439+0000] {logging_mixin.py:188} INFO - [2024-06-29T12:08:59.439+0000] {dag.py:3954} INFO - Setting next_dagrun for example_time_delta_sensor_async to None, run_after=None
[2024-06-29T12:08:59.448+0000] {processor.py:183} INFO - Processing /home/airflow/.local/lib/python3.12/site-packages/airflow/example_dags/example_time_delta_sensor_async.py took 0.037 seconds
[2024-06-29T12:09:29.738+0000] {processor.py:161} INFO - Started process (PID=8162) to work on /home/airflow/.local/lib/python3.12/site-packages/airflow/example_dags/example_time_delta_sensor_async.py
[2024-06-29T12:09:29.739+0000] {processor.py:830} INFO - Processing file /home/airflow/.local/lib/python3.12/site-packages/airflow/example_dags/example_time_delta_sensor_async.py for tasks to queue
[2024-06-29T12:09:29.740+0000] {logging_mixin.py:188} INFO - [2024-06-29T12:09:29.740+0000] {dagbag.py:545} INFO - Filling up the DagBag from /home/airflow/.local/lib/python3.12/site-packages/airflow/example_dags/example_time_delta_sensor_async.py
[2024-06-29T12:09:29.743+0000] {processor.py:840} INFO - DAG(s) 'example_time_delta_sensor_async' retrieved from /home/airflow/.local/lib/python3.12/site-packages/airflow/example_dags/example_time_delta_sensor_async.py
[2024-06-29T12:09:29.757+0000] {logging_mixin.py:188} INFO - [2024-06-29T12:09:29.757+0000] {dag.py:3096} INFO - Sync 1 DAGs
[2024-06-29T12:09:29.764+0000] {logging_mixin.py:188} INFO - [2024-06-29T12:09:29.763+0000] {dag.py:3954} INFO - Setting next_dagrun for example_time_delta_sensor_async to None, run_after=None
[2024-06-29T12:09:29.773+0000] {processor.py:183} INFO - Processing /home/airflow/.local/lib/python3.12/site-packages/airflow/example_dags/example_time_delta_sensor_async.py took 0.038 seconds
[2024-06-29T12:10:00.151+0000] {processor.py:161} INFO - Started process (PID=8424) to work on /home/airflow/.local/lib/python3.12/site-packages/airflow/example_dags/example_time_delta_sensor_async.py
[2024-06-29T12:10:00.152+0000] {processor.py:830} INFO - Processing file /home/airflow/.local/lib/python3.12/site-packages/airflow/example_dags/example_time_delta_sensor_async.py for tasks to queue
[2024-06-29T12:10:00.153+0000] {logging_mixin.py:188} INFO - [2024-06-29T12:10:00.153+0000] {dagbag.py:545} INFO - Filling up the DagBag from /home/airflow/.local/lib/python3.12/site-packages/airflow/example_dags/example_time_delta_sensor_async.py
[2024-06-29T12:10:00.156+0000] {processor.py:840} INFO - DAG(s) 'example_time_delta_sensor_async' retrieved from /home/airflow/.local/lib/python3.12/site-packages/airflow/example_dags/example_time_delta_sensor_async.py
[2024-06-29T12:10:00.170+0000] {logging_mixin.py:188} INFO - [2024-06-29T12:10:00.170+0000] {dag.py:3096} INFO - Sync 1 DAGs
[2024-06-29T12:10:00.177+0000] {logging_mixin.py:188} INFO - [2024-06-29T12:10:00.177+0000] {dag.py:3954} INFO - Setting next_dagrun for example_time_delta_sensor_async to None, run_after=None
[2024-06-29T12:10:00.186+0000] {processor.py:183} INFO - Processing /home/airflow/.local/lib/python3.12/site-packages/airflow/example_dags/example_time_delta_sensor_async.py took 0.038 seconds
[2024-06-29T12:10:30.884+0000] {processor.py:161} INFO - Started process (PID=8685) to work on /home/airflow/.local/lib/python3.12/site-packages/airflow/example_dags/example_time_delta_sensor_async.py
[2024-06-29T12:10:30.884+0000] {processor.py:830} INFO - Processing file /home/airflow/.local/lib/python3.12/site-packages/airflow/example_dags/example_time_delta_sensor_async.py for tasks to queue
[2024-06-29T12:10:30.885+0000] {logging_mixin.py:188} INFO - [2024-06-29T12:10:30.885+0000] {dagbag.py:545} INFO - Filling up the DagBag from /home/airflow/.local/lib/python3.12/site-packages/airflow/example_dags/example_time_delta_sensor_async.py
[2024-06-29T12:10:30.887+0000] {processor.py:840} INFO - DAG(s) 'example_time_delta_sensor_async' retrieved from /home/airflow/.local/lib/python3.12/site-packages/airflow/example_dags/example_time_delta_sensor_async.py
[2024-06-29T12:10:30.901+0000] {logging_mixin.py:188} INFO - [2024-06-29T12:10:30.901+0000] {dag.py:3096} INFO - Sync 1 DAGs
[2024-06-29T12:10:30.907+0000] {logging_mixin.py:188} INFO - [2024-06-29T12:10:30.907+0000] {dag.py:3954} INFO - Setting next_dagrun for example_time_delta_sensor_async to None, run_after=None
[2024-06-29T12:10:30.916+0000] {processor.py:183} INFO - Processing /home/airflow/.local/lib/python3.12/site-packages/airflow/example_dags/example_time_delta_sensor_async.py took 0.036 seconds
[2024-06-29T12:11:01.683+0000] {processor.py:161} INFO - Started process (PID=8947) to work on /home/airflow/.local/lib/python3.12/site-packages/airflow/example_dags/example_time_delta_sensor_async.py
[2024-06-29T12:11:01.684+0000] {processor.py:830} INFO - Processing file /home/airflow/.local/lib/python3.12/site-packages/airflow/example_dags/example_time_delta_sensor_async.py for tasks to queue
[2024-06-29T12:11:01.685+0000] {logging_mixin.py:188} INFO - [2024-06-29T12:11:01.685+0000] {dagbag.py:545} INFO - Filling up the DagBag from /home/airflow/.local/lib/python3.12/site-packages/airflow/example_dags/example_time_delta_sensor_async.py
[2024-06-29T12:11:01.687+0000] {processor.py:840} INFO - DAG(s) 'example_time_delta_sensor_async' retrieved from /home/airflow/.local/lib/python3.12/site-packages/airflow/example_dags/example_time_delta_sensor_async.py
[2024-06-29T12:11:01.701+0000] {logging_mixin.py:188} INFO - [2024-06-29T12:11:01.701+0000] {dag.py:3096} INFO - Sync 1 DAGs
[2024-06-29T12:11:01.707+0000] {logging_mixin.py:188} INFO - [2024-06-29T12:11:01.707+0000] {dag.py:3954} INFO - Setting next_dagrun for example_time_delta_sensor_async to None, run_after=None
[2024-06-29T12:11:01.716+0000] {processor.py:183} INFO - Processing /home/airflow/.local/lib/python3.12/site-packages/airflow/example_dags/example_time_delta_sensor_async.py took 0.036 seconds
[2024-06-29T12:11:32.064+0000] {processor.py:161} INFO - Started process (PID=9210) to work on /home/airflow/.local/lib/python3.12/site-packages/airflow/example_dags/example_time_delta_sensor_async.py
[2024-06-29T12:11:32.064+0000] {processor.py:830} INFO - Processing file /home/airflow/.local/lib/python3.12/site-packages/airflow/example_dags/example_time_delta_sensor_async.py for tasks to queue
[2024-06-29T12:11:32.065+0000] {logging_mixin.py:188} INFO - [2024-06-29T12:11:32.065+0000] {dagbag.py:545} INFO - Filling up the DagBag from /home/airflow/.local/lib/python3.12/site-packages/airflow/example_dags/example_time_delta_sensor_async.py
[2024-06-29T12:11:32.068+0000] {processor.py:840} INFO - DAG(s) 'example_time_delta_sensor_async' retrieved from /home/airflow/.local/lib/python3.12/site-packages/airflow/example_dags/example_time_delta_sensor_async.py
[2024-06-29T12:11:32.082+0000] {logging_mixin.py:188} INFO - [2024-06-29T12:11:32.082+0000] {dag.py:3096} INFO - Sync 1 DAGs
[2024-06-29T12:11:32.089+0000] {logging_mixin.py:188} INFO - [2024-06-29T12:11:32.089+0000] {dag.py:3954} INFO - Setting next_dagrun for example_time_delta_sensor_async to None, run_after=None
[2024-06-29T12:11:32.098+0000] {processor.py:183} INFO - Processing /home/airflow/.local/lib/python3.12/site-packages/airflow/example_dags/example_time_delta_sensor_async.py took 0.039 seconds
[2024-06-29T12:12:02.708+0000] {processor.py:161} INFO - Started process (PID=9472) to work on /home/airflow/.local/lib/python3.12/site-packages/airflow/example_dags/example_time_delta_sensor_async.py
[2024-06-29T12:12:02.709+0000] {processor.py:830} INFO - Processing file /home/airflow/.local/lib/python3.12/site-packages/airflow/example_dags/example_time_delta_sensor_async.py for tasks to queue
[2024-06-29T12:12:02.710+0000] {logging_mixin.py:188} INFO - [2024-06-29T12:12:02.710+0000] {dagbag.py:545} INFO - Filling up the DagBag from /home/airflow/.local/lib/python3.12/site-packages/airflow/example_dags/example_time_delta_sensor_async.py
[2024-06-29T12:12:02.713+0000] {processor.py:840} INFO - DAG(s) 'example_time_delta_sensor_async' retrieved from /home/airflow/.local/lib/python3.12/site-packages/airflow/example_dags/example_time_delta_sensor_async.py
[2024-06-29T12:12:02.727+0000] {logging_mixin.py:188} INFO - [2024-06-29T12:12:02.726+0000] {dag.py:3096} INFO - Sync 1 DAGs
[2024-06-29T12:12:02.734+0000] {logging_mixin.py:188} INFO - [2024-06-29T12:12:02.733+0000] {dag.py:3954} INFO - Setting next_dagrun for example_time_delta_sensor_async to None, run_after=None
[2024-06-29T12:12:02.743+0000] {processor.py:183} INFO - Processing /home/airflow/.local/lib/python3.12/site-packages/airflow/example_dags/example_time_delta_sensor_async.py took 0.038 seconds
[2024-06-29T12:12:32.799+0000] {processor.py:161} INFO - Started process (PID=9735) to work on /home/airflow/.local/lib/python3.12/site-packages/airflow/example_dags/example_time_delta_sensor_async.py
[2024-06-29T12:12:32.799+0000] {processor.py:830} INFO - Processing file /home/airflow/.local/lib/python3.12/site-packages/airflow/example_dags/example_time_delta_sensor_async.py for tasks to queue
[2024-06-29T12:12:32.800+0000] {logging_mixin.py:188} INFO - [2024-06-29T12:12:32.800+0000] {dagbag.py:545} INFO - Filling up the DagBag from /home/airflow/.local/lib/python3.12/site-packages/airflow/example_dags/example_time_delta_sensor_async.py
[2024-06-29T12:12:32.803+0000] {processor.py:840} INFO - DAG(s) 'example_time_delta_sensor_async' retrieved from /home/airflow/.local/lib/python3.12/site-packages/airflow/example_dags/example_time_delta_sensor_async.py
[2024-06-29T12:12:32.817+0000] {logging_mixin.py:188} INFO - [2024-06-29T12:12:32.817+0000] {dag.py:3096} INFO - Sync 1 DAGs
[2024-06-29T12:12:32.824+0000] {logging_mixin.py:188} INFO - [2024-06-29T12:12:32.824+0000] {dag.py:3954} INFO - Setting next_dagrun for example_time_delta_sensor_async to None, run_after=None
[2024-06-29T12:12:32.833+0000] {processor.py:183} INFO - Processing /home/airflow/.local/lib/python3.12/site-packages/airflow/example_dags/example_time_delta_sensor_async.py took 0.038 seconds
[2024-06-29T12:13:02.966+0000] {processor.py:161} INFO - Started process (PID=9997) to work on /home/airflow/.local/lib/python3.12/site-packages/airflow/example_dags/example_time_delta_sensor_async.py
[2024-06-29T12:13:02.967+0000] {processor.py:830} INFO - Processing file /home/airflow/.local/lib/python3.12/site-packages/airflow/example_dags/example_time_delta_sensor_async.py for tasks to queue
[2024-06-29T12:13:02.968+0000] {logging_mixin.py:188} INFO - [2024-06-29T12:13:02.968+0000] {dagbag.py:545} INFO - Filling up the DagBag from /home/airflow/.local/lib/python3.12/site-packages/airflow/example_dags/example_time_delta_sensor_async.py
[2024-06-29T12:13:02.970+0000] {processor.py:840} INFO - DAG(s) 'example_time_delta_sensor_async' retrieved from /home/airflow/.local/lib/python3.12/site-packages/airflow/example_dags/example_time_delta_sensor_async.py
[2024-06-29T12:13:02.984+0000] {logging_mixin.py:188} INFO - [2024-06-29T12:13:02.983+0000] {dag.py:3096} INFO - Sync 1 DAGs
[2024-06-29T12:13:02.990+0000] {logging_mixin.py:188} INFO - [2024-06-29T12:13:02.990+0000] {dag.py:3954} INFO - Setting next_dagrun for example_time_delta_sensor_async to None, run_after=None
[2024-06-29T12:13:02.999+0000] {processor.py:183} INFO - Processing /home/airflow/.local/lib/python3.12/site-packages/airflow/example_dags/example_time_delta_sensor_async.py took 0.036 seconds
[2024-06-29T12:13:33.187+0000] {processor.py:161} INFO - Started process (PID=10258) to work on /home/airflow/.local/lib/python3.12/site-packages/airflow/example_dags/example_time_delta_sensor_async.py
[2024-06-29T12:13:33.188+0000] {processor.py:830} INFO - Processing file /home/airflow/.local/lib/python3.12/site-packages/airflow/example_dags/example_time_delta_sensor_async.py for tasks to queue
[2024-06-29T12:13:33.189+0000] {logging_mixin.py:188} INFO - [2024-06-29T12:13:33.188+0000] {dagbag.py:545} INFO - Filling up the DagBag from /home/airflow/.local/lib/python3.12/site-packages/airflow/example_dags/example_time_delta_sensor_async.py
[2024-06-29T12:13:33.191+0000] {processor.py:840} INFO - DAG(s) 'example_time_delta_sensor_async' retrieved from /home/airflow/.local/lib/python3.12/site-packages/airflow/example_dags/example_time_delta_sensor_async.py
[2024-06-29T12:13:33.205+0000] {logging_mixin.py:188} INFO - [2024-06-29T12:13:33.205+0000] {dag.py:3096} INFO - Sync 1 DAGs
[2024-06-29T12:13:33.212+0000] {logging_mixin.py:188} INFO - [2024-06-29T12:13:33.212+0000] {dag.py:3954} INFO - Setting next_dagrun for example_time_delta_sensor_async to None, run_after=None
[2024-06-29T12:13:33.222+0000] {processor.py:183} INFO - Processing /home/airflow/.local/lib/python3.12/site-packages/airflow/example_dags/example_time_delta_sensor_async.py took 0.039 seconds
[2024-06-29T12:14:03.394+0000] {processor.py:161} INFO - Started process (PID=10522) to work on /home/airflow/.local/lib/python3.12/site-packages/airflow/example_dags/example_time_delta_sensor_async.py
[2024-06-29T12:14:03.395+0000] {processor.py:830} INFO - Processing file /home/airflow/.local/lib/python3.12/site-packages/airflow/example_dags/example_time_delta_sensor_async.py for tasks to queue
[2024-06-29T12:14:03.396+0000] {logging_mixin.py:188} INFO - [2024-06-29T12:14:03.396+0000] {dagbag.py:545} INFO - Filling up the DagBag from /home/airflow/.local/lib/python3.12/site-packages/airflow/example_dags/example_time_delta_sensor_async.py
[2024-06-29T12:14:03.399+0000] {processor.py:840} INFO - DAG(s) 'example_time_delta_sensor_async' retrieved from /home/airflow/.local/lib/python3.12/site-packages/airflow/example_dags/example_time_delta_sensor_async.py
[2024-06-29T12:14:03.413+0000] {logging_mixin.py:188} INFO - [2024-06-29T12:14:03.413+0000] {dag.py:3096} INFO - Sync 1 DAGs
[2024-06-29T12:14:03.419+0000] {logging_mixin.py:188} INFO - [2024-06-29T12:14:03.419+0000] {dag.py:3954} INFO - Setting next_dagrun for example_time_delta_sensor_async to None, run_after=None
[2024-06-29T12:14:03.428+0000] {processor.py:183} INFO - Processing /home/airflow/.local/lib/python3.12/site-packages/airflow/example_dags/example_time_delta_sensor_async.py took 0.037 seconds
[2024-06-29T12:14:33.480+0000] {processor.py:161} INFO - Started process (PID=10782) to work on /home/airflow/.local/lib/python3.12/site-packages/airflow/example_dags/example_time_delta_sensor_async.py
[2024-06-29T12:14:33.481+0000] {processor.py:830} INFO - Processing file /home/airflow/.local/lib/python3.12/site-packages/airflow/example_dags/example_time_delta_sensor_async.py for tasks to queue
[2024-06-29T12:14:33.482+0000] {logging_mixin.py:188} INFO - [2024-06-29T12:14:33.482+0000] {dagbag.py:545} INFO - Filling up the DagBag from /home/airflow/.local/lib/python3.12/site-packages/airflow/example_dags/example_time_delta_sensor_async.py
[2024-06-29T12:14:33.485+0000] {processor.py:840} INFO - DAG(s) 'example_time_delta_sensor_async' retrieved from /home/airflow/.local/lib/python3.12/site-packages/airflow/example_dags/example_time_delta_sensor_async.py
[2024-06-29T12:14:33.499+0000] {logging_mixin.py:188} INFO - [2024-06-29T12:14:33.499+0000] {dag.py:3096} INFO - Sync 1 DAGs
[2024-06-29T12:14:33.506+0000] {logging_mixin.py:188} INFO - [2024-06-29T12:14:33.506+0000] {dag.py:3954} INFO - Setting next_dagrun for example_time_delta_sensor_async to None, run_after=None
[2024-06-29T12:14:33.514+0000] {processor.py:183} INFO - Processing /home/airflow/.local/lib/python3.12/site-packages/airflow/example_dags/example_time_delta_sensor_async.py took 0.038 seconds
[2024-06-29T12:15:04.409+0000] {processor.py:161} INFO - Started process (PID=11038) to work on /home/airflow/.local/lib/python3.12/site-packages/airflow/example_dags/example_time_delta_sensor_async.py
[2024-06-29T12:15:04.409+0000] {processor.py:830} INFO - Processing file /home/airflow/.local/lib/python3.12/site-packages/airflow/example_dags/example_time_delta_sensor_async.py for tasks to queue
[2024-06-29T12:15:04.410+0000] {logging_mixin.py:188} INFO - [2024-06-29T12:15:04.410+0000] {dagbag.py:545} INFO - Filling up the DagBag from /home/airflow/.local/lib/python3.12/site-packages/airflow/example_dags/example_time_delta_sensor_async.py
[2024-06-29T12:15:04.413+0000] {processor.py:840} INFO - DAG(s) 'example_time_delta_sensor_async' retrieved from /home/airflow/.local/lib/python3.12/site-packages/airflow/example_dags/example_time_delta_sensor_async.py
[2024-06-29T12:15:04.427+0000] {logging_mixin.py:188} INFO - [2024-06-29T12:15:04.426+0000] {dag.py:3096} INFO - Sync 1 DAGs
[2024-06-29T12:15:04.433+0000] {logging_mixin.py:188} INFO - [2024-06-29T12:15:04.433+0000] {dag.py:3954} INFO - Setting next_dagrun for example_time_delta_sensor_async to None, run_after=None
[2024-06-29T12:15:04.447+0000] {processor.py:183} INFO - Processing /home/airflow/.local/lib/python3.12/site-packages/airflow/example_dags/example_time_delta_sensor_async.py took 0.042 seconds
[2024-06-29T12:15:34.654+0000] {processor.py:161} INFO - Started process (PID=11300) to work on /home/airflow/.local/lib/python3.12/site-packages/airflow/example_dags/example_time_delta_sensor_async.py
[2024-06-29T12:15:34.655+0000] {processor.py:830} INFO - Processing file /home/airflow/.local/lib/python3.12/site-packages/airflow/example_dags/example_time_delta_sensor_async.py for tasks to queue
[2024-06-29T12:15:34.656+0000] {logging_mixin.py:188} INFO - [2024-06-29T12:15:34.656+0000] {dagbag.py:545} INFO - Filling up the DagBag from /home/airflow/.local/lib/python3.12/site-packages/airflow/example_dags/example_time_delta_sensor_async.py
[2024-06-29T12:15:34.659+0000] {processor.py:840} INFO - DAG(s) 'example_time_delta_sensor_async' retrieved from /home/airflow/.local/lib/python3.12/site-packages/airflow/example_dags/example_time_delta_sensor_async.py
[2024-06-29T12:15:34.673+0000] {logging_mixin.py:188} INFO - [2024-06-29T12:15:34.673+0000] {dag.py:3096} INFO - Sync 1 DAGs
[2024-06-29T12:15:34.681+0000] {logging_mixin.py:188} INFO - [2024-06-29T12:15:34.680+0000] {dag.py:3954} INFO - Setting next_dagrun for example_time_delta_sensor_async to None, run_after=None
[2024-06-29T12:15:34.690+0000] {processor.py:183} INFO - Processing /home/airflow/.local/lib/python3.12/site-packages/airflow/example_dags/example_time_delta_sensor_async.py took 0.040 seconds
[2024-06-29T12:16:04.894+0000] {processor.py:161} INFO - Started process (PID=11565) to work on /home/airflow/.local/lib/python3.12/site-packages/airflow/example_dags/example_time_delta_sensor_async.py
[2024-06-29T12:16:04.894+0000] {processor.py:830} INFO - Processing file /home/airflow/.local/lib/python3.12/site-packages/airflow/example_dags/example_time_delta_sensor_async.py for tasks to queue
[2024-06-29T12:16:04.896+0000] {logging_mixin.py:188} INFO - [2024-06-29T12:16:04.895+0000] {dagbag.py:545} INFO - Filling up the DagBag from /home/airflow/.local/lib/python3.12/site-packages/airflow/example_dags/example_time_delta_sensor_async.py
[2024-06-29T12:16:04.898+0000] {processor.py:840} INFO - DAG(s) 'example_time_delta_sensor_async' retrieved from /home/airflow/.local/lib/python3.12/site-packages/airflow/example_dags/example_time_delta_sensor_async.py
[2024-06-29T12:16:04.912+0000] {logging_mixin.py:188} INFO - [2024-06-29T12:16:04.912+0000] {dag.py:3096} INFO - Sync 1 DAGs
[2024-06-29T12:16:04.919+0000] {logging_mixin.py:188} INFO - [2024-06-29T12:16:04.919+0000] {dag.py:3954} INFO - Setting next_dagrun for example_time_delta_sensor_async to None, run_after=None
[2024-06-29T12:16:04.928+0000] {processor.py:183} INFO - Processing /home/airflow/.local/lib/python3.12/site-packages/airflow/example_dags/example_time_delta_sensor_async.py took 0.038 seconds
[2024-06-29T12:16:35.019+0000] {processor.py:161} INFO - Started process (PID=11825) to work on /home/airflow/.local/lib/python3.12/site-packages/airflow/example_dags/example_time_delta_sensor_async.py
[2024-06-29T12:16:35.020+0000] {processor.py:830} INFO - Processing file /home/airflow/.local/lib/python3.12/site-packages/airflow/example_dags/example_time_delta_sensor_async.py for tasks to queue
[2024-06-29T12:16:35.021+0000] {logging_mixin.py:188} INFO - [2024-06-29T12:16:35.021+0000] {dagbag.py:545} INFO - Filling up the DagBag from /home/airflow/.local/lib/python3.12/site-packages/airflow/example_dags/example_time_delta_sensor_async.py
[2024-06-29T12:16:35.024+0000] {processor.py:840} INFO - DAG(s) 'example_time_delta_sensor_async' retrieved from /home/airflow/.local/lib/python3.12/site-packages/airflow/example_dags/example_time_delta_sensor_async.py
[2024-06-29T12:16:35.039+0000] {logging_mixin.py:188} INFO - [2024-06-29T12:16:35.039+0000] {dag.py:3096} INFO - Sync 1 DAGs
[2024-06-29T12:16:35.046+0000] {logging_mixin.py:188} INFO - [2024-06-29T12:16:35.046+0000] {dag.py:3954} INFO - Setting next_dagrun for example_time_delta_sensor_async to None, run_after=None
[2024-06-29T12:16:35.055+0000] {processor.py:183} INFO - Processing /home/airflow/.local/lib/python3.12/site-packages/airflow/example_dags/example_time_delta_sensor_async.py took 0.040 seconds
[2024-06-29T12:17:05.332+0000] {processor.py:161} INFO - Started process (PID=12087) to work on /home/airflow/.local/lib/python3.12/site-packages/airflow/example_dags/example_time_delta_sensor_async.py
[2024-06-29T12:17:05.333+0000] {processor.py:830} INFO - Processing file /home/airflow/.local/lib/python3.12/site-packages/airflow/example_dags/example_time_delta_sensor_async.py for tasks to queue
[2024-06-29T12:17:05.335+0000] {logging_mixin.py:188} INFO - [2024-06-29T12:17:05.334+0000] {dagbag.py:545} INFO - Filling up the DagBag from /home/airflow/.local/lib/python3.12/site-packages/airflow/example_dags/example_time_delta_sensor_async.py
[2024-06-29T12:17:05.338+0000] {processor.py:840} INFO - DAG(s) 'example_time_delta_sensor_async' retrieved from /home/airflow/.local/lib/python3.12/site-packages/airflow/example_dags/example_time_delta_sensor_async.py
[2024-06-29T12:17:05.354+0000] {logging_mixin.py:188} INFO - [2024-06-29T12:17:05.353+0000] {dag.py:3096} INFO - Sync 1 DAGs
[2024-06-29T12:17:05.362+0000] {logging_mixin.py:188} INFO - [2024-06-29T12:17:05.362+0000] {dag.py:3954} INFO - Setting next_dagrun for example_time_delta_sensor_async to None, run_after=None
[2024-06-29T12:17:05.375+0000] {processor.py:183} INFO - Processing /home/airflow/.local/lib/python3.12/site-packages/airflow/example_dags/example_time_delta_sensor_async.py took 0.047 seconds
[2024-06-29T12:17:35.476+0000] {processor.py:161} INFO - Started process (PID=12349) to work on /home/airflow/.local/lib/python3.12/site-packages/airflow/example_dags/example_time_delta_sensor_async.py
[2024-06-29T12:17:35.477+0000] {processor.py:830} INFO - Processing file /home/airflow/.local/lib/python3.12/site-packages/airflow/example_dags/example_time_delta_sensor_async.py for tasks to queue
[2024-06-29T12:17:35.477+0000] {logging_mixin.py:188} INFO - [2024-06-29T12:17:35.477+0000] {dagbag.py:545} INFO - Filling up the DagBag from /home/airflow/.local/lib/python3.12/site-packages/airflow/example_dags/example_time_delta_sensor_async.py
[2024-06-29T12:17:35.480+0000] {processor.py:840} INFO - DAG(s) 'example_time_delta_sensor_async' retrieved from /home/airflow/.local/lib/python3.12/site-packages/airflow/example_dags/example_time_delta_sensor_async.py
[2024-06-29T12:17:35.493+0000] {logging_mixin.py:188} INFO - [2024-06-29T12:17:35.493+0000] {dag.py:3096} INFO - Sync 1 DAGs
[2024-06-29T12:17:35.500+0000] {logging_mixin.py:188} INFO - [2024-06-29T12:17:35.500+0000] {dag.py:3954} INFO - Setting next_dagrun for example_time_delta_sensor_async to None, run_after=None
[2024-06-29T12:17:35.509+0000] {processor.py:183} INFO - Processing /home/airflow/.local/lib/python3.12/site-packages/airflow/example_dags/example_time_delta_sensor_async.py took 0.036 seconds
[2024-06-29T12:18:05.647+0000] {processor.py:161} INFO - Started process (PID=12613) to work on /home/airflow/.local/lib/python3.12/site-packages/airflow/example_dags/example_time_delta_sensor_async.py
[2024-06-29T12:18:05.648+0000] {processor.py:830} INFO - Processing file /home/airflow/.local/lib/python3.12/site-packages/airflow/example_dags/example_time_delta_sensor_async.py for tasks to queue
[2024-06-29T12:18:05.649+0000] {logging_mixin.py:188} INFO - [2024-06-29T12:18:05.649+0000] {dagbag.py:545} INFO - Filling up the DagBag from /home/airflow/.local/lib/python3.12/site-packages/airflow/example_dags/example_time_delta_sensor_async.py
[2024-06-29T12:18:05.652+0000] {processor.py:840} INFO - DAG(s) 'example_time_delta_sensor_async' retrieved from /home/airflow/.local/lib/python3.12/site-packages/airflow/example_dags/example_time_delta_sensor_async.py
[2024-06-29T12:18:05.665+0000] {logging_mixin.py:188} INFO - [2024-06-29T12:18:05.665+0000] {dag.py:3096} INFO - Sync 1 DAGs
[2024-06-29T12:18:05.672+0000] {logging_mixin.py:188} INFO - [2024-06-29T12:18:05.672+0000] {dag.py:3954} INFO - Setting next_dagrun for example_time_delta_sensor_async to None, run_after=None
[2024-06-29T12:18:05.681+0000] {processor.py:183} INFO - Processing /home/airflow/.local/lib/python3.12/site-packages/airflow/example_dags/example_time_delta_sensor_async.py took 0.037 seconds
[2024-06-29T12:18:35.885+0000] {processor.py:161} INFO - Started process (PID=12872) to work on /home/airflow/.local/lib/python3.12/site-packages/airflow/example_dags/example_time_delta_sensor_async.py
[2024-06-29T12:18:35.886+0000] {processor.py:830} INFO - Processing file /home/airflow/.local/lib/python3.12/site-packages/airflow/example_dags/example_time_delta_sensor_async.py for tasks to queue
[2024-06-29T12:18:35.887+0000] {logging_mixin.py:188} INFO - [2024-06-29T12:18:35.887+0000] {dagbag.py:545} INFO - Filling up the DagBag from /home/airflow/.local/lib/python3.12/site-packages/airflow/example_dags/example_time_delta_sensor_async.py
[2024-06-29T12:18:35.890+0000] {processor.py:840} INFO - DAG(s) 'example_time_delta_sensor_async' retrieved from /home/airflow/.local/lib/python3.12/site-packages/airflow/example_dags/example_time_delta_sensor_async.py
[2024-06-29T12:18:35.905+0000] {logging_mixin.py:188} INFO - [2024-06-29T12:18:35.905+0000] {dag.py:3096} INFO - Sync 1 DAGs
[2024-06-29T12:18:35.912+0000] {logging_mixin.py:188} INFO - [2024-06-29T12:18:35.912+0000] {dag.py:3954} INFO - Setting next_dagrun for example_time_delta_sensor_async to None, run_after=None
[2024-06-29T12:18:35.921+0000] {processor.py:183} INFO - Processing /home/airflow/.local/lib/python3.12/site-packages/airflow/example_dags/example_time_delta_sensor_async.py took 0.041 seconds
[2024-06-29T12:19:06.041+0000] {processor.py:161} INFO - Started process (PID=13135) to work on /home/airflow/.local/lib/python3.12/site-packages/airflow/example_dags/example_time_delta_sensor_async.py
[2024-06-29T12:19:06.041+0000] {processor.py:830} INFO - Processing file /home/airflow/.local/lib/python3.12/site-packages/airflow/example_dags/example_time_delta_sensor_async.py for tasks to queue
[2024-06-29T12:19:06.042+0000] {logging_mixin.py:188} INFO - [2024-06-29T12:19:06.042+0000] {dagbag.py:545} INFO - Filling up the DagBag from /home/airflow/.local/lib/python3.12/site-packages/airflow/example_dags/example_time_delta_sensor_async.py
[2024-06-29T12:19:06.045+0000] {processor.py:840} INFO - DAG(s) 'example_time_delta_sensor_async' retrieved from /home/airflow/.local/lib/python3.12/site-packages/airflow/example_dags/example_time_delta_sensor_async.py
[2024-06-29T12:19:06.059+0000] {logging_mixin.py:188} INFO - [2024-06-29T12:19:06.059+0000] {dag.py:3096} INFO - Sync 1 DAGs
[2024-06-29T12:19:06.066+0000] {logging_mixin.py:188} INFO - [2024-06-29T12:19:06.066+0000] {dag.py:3954} INFO - Setting next_dagrun for example_time_delta_sensor_async to None, run_after=None
[2024-06-29T12:19:06.075+0000] {processor.py:183} INFO - Processing /home/airflow/.local/lib/python3.12/site-packages/airflow/example_dags/example_time_delta_sensor_async.py took 0.038 seconds
[2024-06-29T12:19:37.123+0000] {processor.py:161} INFO - Started process (PID=13399) to work on /home/airflow/.local/lib/python3.12/site-packages/airflow/example_dags/example_time_delta_sensor_async.py
[2024-06-29T12:19:37.124+0000] {processor.py:830} INFO - Processing file /home/airflow/.local/lib/python3.12/site-packages/airflow/example_dags/example_time_delta_sensor_async.py for tasks to queue
[2024-06-29T12:19:37.125+0000] {logging_mixin.py:188} INFO - [2024-06-29T12:19:37.125+0000] {dagbag.py:545} INFO - Filling up the DagBag from /home/airflow/.local/lib/python3.12/site-packages/airflow/example_dags/example_time_delta_sensor_async.py
[2024-06-29T12:19:37.128+0000] {processor.py:840} INFO - DAG(s) 'example_time_delta_sensor_async' retrieved from /home/airflow/.local/lib/python3.12/site-packages/airflow/example_dags/example_time_delta_sensor_async.py
[2024-06-29T12:19:37.143+0000] {logging_mixin.py:188} INFO - [2024-06-29T12:19:37.143+0000] {dag.py:3096} INFO - Sync 1 DAGs
[2024-06-29T12:19:37.150+0000] {logging_mixin.py:188} INFO - [2024-06-29T12:19:37.150+0000] {dag.py:3954} INFO - Setting next_dagrun for example_time_delta_sensor_async to None, run_after=None
[2024-06-29T12:19:37.159+0000] {processor.py:183} INFO - Processing /home/airflow/.local/lib/python3.12/site-packages/airflow/example_dags/example_time_delta_sensor_async.py took 0.039 seconds
[2024-06-29T12:20:07.307+0000] {processor.py:161} INFO - Started process (PID=13659) to work on /home/airflow/.local/lib/python3.12/site-packages/airflow/example_dags/example_time_delta_sensor_async.py
[2024-06-29T12:20:07.308+0000] {processor.py:830} INFO - Processing file /home/airflow/.local/lib/python3.12/site-packages/airflow/example_dags/example_time_delta_sensor_async.py for tasks to queue
[2024-06-29T12:20:07.309+0000] {logging_mixin.py:188} INFO - [2024-06-29T12:20:07.309+0000] {dagbag.py:545} INFO - Filling up the DagBag from /home/airflow/.local/lib/python3.12/site-packages/airflow/example_dags/example_time_delta_sensor_async.py
[2024-06-29T12:20:07.311+0000] {processor.py:840} INFO - DAG(s) 'example_time_delta_sensor_async' retrieved from /home/airflow/.local/lib/python3.12/site-packages/airflow/example_dags/example_time_delta_sensor_async.py
[2024-06-29T12:20:07.324+0000] {logging_mixin.py:188} INFO - [2024-06-29T12:20:07.324+0000] {dag.py:3096} INFO - Sync 1 DAGs
[2024-06-29T12:20:07.330+0000] {logging_mixin.py:188} INFO - [2024-06-29T12:20:07.330+0000] {dag.py:3954} INFO - Setting next_dagrun for example_time_delta_sensor_async to None, run_after=None
[2024-06-29T12:20:07.338+0000] {processor.py:183} INFO - Processing /home/airflow/.local/lib/python3.12/site-packages/airflow/example_dags/example_time_delta_sensor_async.py took 0.035 seconds
[2024-06-29T12:20:37.606+0000] {processor.py:161} INFO - Started process (PID=13923) to work on /home/airflow/.local/lib/python3.12/site-packages/airflow/example_dags/example_time_delta_sensor_async.py
[2024-06-29T12:20:37.606+0000] {processor.py:830} INFO - Processing file /home/airflow/.local/lib/python3.12/site-packages/airflow/example_dags/example_time_delta_sensor_async.py for tasks to queue
[2024-06-29T12:20:37.608+0000] {logging_mixin.py:188} INFO - [2024-06-29T12:20:37.607+0000] {dagbag.py:545} INFO - Filling up the DagBag from /home/airflow/.local/lib/python3.12/site-packages/airflow/example_dags/example_time_delta_sensor_async.py
[2024-06-29T12:20:37.610+0000] {processor.py:840} INFO - DAG(s) 'example_time_delta_sensor_async' retrieved from /home/airflow/.local/lib/python3.12/site-packages/airflow/example_dags/example_time_delta_sensor_async.py
[2024-06-29T12:20:37.625+0000] {logging_mixin.py:188} INFO - [2024-06-29T12:20:37.625+0000] {dag.py:3096} INFO - Sync 1 DAGs
[2024-06-29T12:20:37.632+0000] {logging_mixin.py:188} INFO - [2024-06-29T12:20:37.632+0000] {dag.py:3954} INFO - Setting next_dagrun for example_time_delta_sensor_async to None, run_after=None
[2024-06-29T12:20:37.641+0000] {processor.py:183} INFO - Processing /home/airflow/.local/lib/python3.12/site-packages/airflow/example_dags/example_time_delta_sensor_async.py took 0.039 seconds
[2024-06-29T12:21:07.665+0000] {processor.py:161} INFO - Started process (PID=14185) to work on /home/airflow/.local/lib/python3.12/site-packages/airflow/example_dags/example_time_delta_sensor_async.py
[2024-06-29T12:21:07.665+0000] {processor.py:830} INFO - Processing file /home/airflow/.local/lib/python3.12/site-packages/airflow/example_dags/example_time_delta_sensor_async.py for tasks to queue
[2024-06-29T12:21:07.666+0000] {logging_mixin.py:188} INFO - [2024-06-29T12:21:07.666+0000] {dagbag.py:545} INFO - Filling up the DagBag from /home/airflow/.local/lib/python3.12/site-packages/airflow/example_dags/example_time_delta_sensor_async.py
[2024-06-29T12:21:07.669+0000] {processor.py:840} INFO - DAG(s) 'example_time_delta_sensor_async' retrieved from /home/airflow/.local/lib/python3.12/site-packages/airflow/example_dags/example_time_delta_sensor_async.py
[2024-06-29T12:21:07.683+0000] {logging_mixin.py:188} INFO - [2024-06-29T12:21:07.683+0000] {dag.py:3096} INFO - Sync 1 DAGs
[2024-06-29T12:21:07.690+0000] {logging_mixin.py:188} INFO - [2024-06-29T12:21:07.690+0000] {dag.py:3954} INFO - Setting next_dagrun for example_time_delta_sensor_async to None, run_after=None
[2024-06-29T12:21:07.699+0000] {processor.py:183} INFO - Processing /home/airflow/.local/lib/python3.12/site-packages/airflow/example_dags/example_time_delta_sensor_async.py took 0.038 seconds
[2024-06-29T12:21:37.968+0000] {processor.py:161} INFO - Started process (PID=14445) to work on /home/airflow/.local/lib/python3.12/site-packages/airflow/example_dags/example_time_delta_sensor_async.py
[2024-06-29T12:21:37.968+0000] {processor.py:830} INFO - Processing file /home/airflow/.local/lib/python3.12/site-packages/airflow/example_dags/example_time_delta_sensor_async.py for tasks to queue
[2024-06-29T12:21:37.969+0000] {logging_mixin.py:188} INFO - [2024-06-29T12:21:37.969+0000] {dagbag.py:545} INFO - Filling up the DagBag from /home/airflow/.local/lib/python3.12/site-packages/airflow/example_dags/example_time_delta_sensor_async.py
[2024-06-29T12:21:37.972+0000] {processor.py:840} INFO - DAG(s) 'example_time_delta_sensor_async' retrieved from /home/airflow/.local/lib/python3.12/site-packages/airflow/example_dags/example_time_delta_sensor_async.py
[2024-06-29T12:21:37.987+0000] {logging_mixin.py:188} INFO - [2024-06-29T12:21:37.987+0000] {dag.py:3096} INFO - Sync 1 DAGs
[2024-06-29T12:21:37.994+0000] {logging_mixin.py:188} INFO - [2024-06-29T12:21:37.994+0000] {dag.py:3954} INFO - Setting next_dagrun for example_time_delta_sensor_async to None, run_after=None
[2024-06-29T12:21:38.004+0000] {processor.py:183} INFO - Processing /home/airflow/.local/lib/python3.12/site-packages/airflow/example_dags/example_time_delta_sensor_async.py took 0.040 seconds
[2024-06-29T12:22:08.084+0000] {processor.py:161} INFO - Started process (PID=14707) to work on /home/airflow/.local/lib/python3.12/site-packages/airflow/example_dags/example_time_delta_sensor_async.py
[2024-06-29T12:22:08.085+0000] {processor.py:830} INFO - Processing file /home/airflow/.local/lib/python3.12/site-packages/airflow/example_dags/example_time_delta_sensor_async.py for tasks to queue
[2024-06-29T12:22:08.086+0000] {logging_mixin.py:188} INFO - [2024-06-29T12:22:08.086+0000] {dagbag.py:545} INFO - Filling up the DagBag from /home/airflow/.local/lib/python3.12/site-packages/airflow/example_dags/example_time_delta_sensor_async.py
[2024-06-29T12:22:08.089+0000] {processor.py:840} INFO - DAG(s) 'example_time_delta_sensor_async' retrieved from /home/airflow/.local/lib/python3.12/site-packages/airflow/example_dags/example_time_delta_sensor_async.py
[2024-06-29T12:22:08.102+0000] {logging_mixin.py:188} INFO - [2024-06-29T12:22:08.102+0000] {dag.py:3096} INFO - Sync 1 DAGs
[2024-06-29T12:22:08.108+0000] {logging_mixin.py:188} INFO - [2024-06-29T12:22:08.107+0000] {dag.py:3954} INFO - Setting next_dagrun for example_time_delta_sensor_async to None, run_after=None
[2024-06-29T12:22:08.116+0000] {processor.py:183} INFO - Processing /home/airflow/.local/lib/python3.12/site-packages/airflow/example_dags/example_time_delta_sensor_async.py took 0.035 seconds
[2024-06-29T12:22:38.291+0000] {processor.py:161} INFO - Started process (PID=14970) to work on /home/airflow/.local/lib/python3.12/site-packages/airflow/example_dags/example_time_delta_sensor_async.py
[2024-06-29T12:22:38.291+0000] {processor.py:830} INFO - Processing file /home/airflow/.local/lib/python3.12/site-packages/airflow/example_dags/example_time_delta_sensor_async.py for tasks to queue
[2024-06-29T12:22:38.292+0000] {logging_mixin.py:188} INFO - [2024-06-29T12:22:38.292+0000] {dagbag.py:545} INFO - Filling up the DagBag from /home/airflow/.local/lib/python3.12/site-packages/airflow/example_dags/example_time_delta_sensor_async.py
[2024-06-29T12:22:38.295+0000] {processor.py:840} INFO - DAG(s) 'example_time_delta_sensor_async' retrieved from /home/airflow/.local/lib/python3.12/site-packages/airflow/example_dags/example_time_delta_sensor_async.py
[2024-06-29T12:22:38.308+0000] {logging_mixin.py:188} INFO - [2024-06-29T12:22:38.308+0000] {dag.py:3096} INFO - Sync 1 DAGs
[2024-06-29T12:22:38.315+0000] {logging_mixin.py:188} INFO - [2024-06-29T12:22:38.315+0000] {dag.py:3954} INFO - Setting next_dagrun for example_time_delta_sensor_async to None, run_after=None
[2024-06-29T12:22:38.323+0000] {processor.py:183} INFO - Processing /home/airflow/.local/lib/python3.12/site-packages/airflow/example_dags/example_time_delta_sensor_async.py took 0.036 seconds
[2024-06-29T12:23:08.566+0000] {processor.py:161} INFO - Started process (PID=15232) to work on /home/airflow/.local/lib/python3.12/site-packages/airflow/example_dags/example_time_delta_sensor_async.py
[2024-06-29T12:23:08.567+0000] {processor.py:830} INFO - Processing file /home/airflow/.local/lib/python3.12/site-packages/airflow/example_dags/example_time_delta_sensor_async.py for tasks to queue
[2024-06-29T12:23:08.568+0000] {logging_mixin.py:188} INFO - [2024-06-29T12:23:08.568+0000] {dagbag.py:545} INFO - Filling up the DagBag from /home/airflow/.local/lib/python3.12/site-packages/airflow/example_dags/example_time_delta_sensor_async.py
[2024-06-29T12:23:08.571+0000] {processor.py:840} INFO - DAG(s) 'example_time_delta_sensor_async' retrieved from /home/airflow/.local/lib/python3.12/site-packages/airflow/example_dags/example_time_delta_sensor_async.py
[2024-06-29T12:23:08.585+0000] {logging_mixin.py:188} INFO - [2024-06-29T12:23:08.585+0000] {dag.py:3096} INFO - Sync 1 DAGs
[2024-06-29T12:23:08.592+0000] {logging_mixin.py:188} INFO - [2024-06-29T12:23:08.592+0000] {dag.py:3954} INFO - Setting next_dagrun for example_time_delta_sensor_async to None, run_after=None
[2024-06-29T12:23:08.601+0000] {processor.py:183} INFO - Processing /home/airflow/.local/lib/python3.12/site-packages/airflow/example_dags/example_time_delta_sensor_async.py took 0.038 seconds
[2024-06-29T12:23:38.735+0000] {processor.py:161} INFO - Started process (PID=15494) to work on /home/airflow/.local/lib/python3.12/site-packages/airflow/example_dags/example_time_delta_sensor_async.py
[2024-06-29T12:23:38.735+0000] {processor.py:830} INFO - Processing file /home/airflow/.local/lib/python3.12/site-packages/airflow/example_dags/example_time_delta_sensor_async.py for tasks to queue
[2024-06-29T12:23:38.737+0000] {logging_mixin.py:188} INFO - [2024-06-29T12:23:38.736+0000] {dagbag.py:545} INFO - Filling up the DagBag from /home/airflow/.local/lib/python3.12/site-packages/airflow/example_dags/example_time_delta_sensor_async.py
[2024-06-29T12:23:38.739+0000] {processor.py:840} INFO - DAG(s) 'example_time_delta_sensor_async' retrieved from /home/airflow/.local/lib/python3.12/site-packages/airflow/example_dags/example_time_delta_sensor_async.py
[2024-06-29T12:23:38.753+0000] {logging_mixin.py:188} INFO - [2024-06-29T12:23:38.753+0000] {dag.py:3096} INFO - Sync 1 DAGs
[2024-06-29T12:23:38.760+0000] {logging_mixin.py:188} INFO - [2024-06-29T12:23:38.760+0000] {dag.py:3954} INFO - Setting next_dagrun for example_time_delta_sensor_async to None, run_after=None
[2024-06-29T12:23:38.769+0000] {processor.py:183} INFO - Processing /home/airflow/.local/lib/python3.12/site-packages/airflow/example_dags/example_time_delta_sensor_async.py took 0.038 seconds
[2024-06-29T12:24:08.900+0000] {processor.py:161} INFO - Started process (PID=15757) to work on /home/airflow/.local/lib/python3.12/site-packages/airflow/example_dags/example_time_delta_sensor_async.py
[2024-06-29T12:24:08.901+0000] {processor.py:830} INFO - Processing file /home/airflow/.local/lib/python3.12/site-packages/airflow/example_dags/example_time_delta_sensor_async.py for tasks to queue
[2024-06-29T12:24:08.902+0000] {logging_mixin.py:188} INFO - [2024-06-29T12:24:08.902+0000] {dagbag.py:545} INFO - Filling up the DagBag from /home/airflow/.local/lib/python3.12/site-packages/airflow/example_dags/example_time_delta_sensor_async.py
[2024-06-29T12:24:08.904+0000] {processor.py:840} INFO - DAG(s) 'example_time_delta_sensor_async' retrieved from /home/airflow/.local/lib/python3.12/site-packages/airflow/example_dags/example_time_delta_sensor_async.py
[2024-06-29T12:24:08.918+0000] {logging_mixin.py:188} INFO - [2024-06-29T12:24:08.918+0000] {dag.py:3096} INFO - Sync 1 DAGs
[2024-06-29T12:24:08.924+0000] {logging_mixin.py:188} INFO - [2024-06-29T12:24:08.924+0000] {dag.py:3954} INFO - Setting next_dagrun for example_time_delta_sensor_async to None, run_after=None
[2024-06-29T12:24:08.933+0000] {processor.py:183} INFO - Processing /home/airflow/.local/lib/python3.12/site-packages/airflow/example_dags/example_time_delta_sensor_async.py took 0.036 seconds
[2024-06-29T12:24:39.104+0000] {processor.py:161} INFO - Started process (PID=16020) to work on /home/airflow/.local/lib/python3.12/site-packages/airflow/example_dags/example_time_delta_sensor_async.py
[2024-06-29T12:24:39.104+0000] {processor.py:830} INFO - Processing file /home/airflow/.local/lib/python3.12/site-packages/airflow/example_dags/example_time_delta_sensor_async.py for tasks to queue
[2024-06-29T12:24:39.106+0000] {logging_mixin.py:188} INFO - [2024-06-29T12:24:39.105+0000] {dagbag.py:545} INFO - Filling up the DagBag from /home/airflow/.local/lib/python3.12/site-packages/airflow/example_dags/example_time_delta_sensor_async.py
[2024-06-29T12:24:39.108+0000] {processor.py:840} INFO - DAG(s) 'example_time_delta_sensor_async' retrieved from /home/airflow/.local/lib/python3.12/site-packages/airflow/example_dags/example_time_delta_sensor_async.py
[2024-06-29T12:24:39.122+0000] {logging_mixin.py:188} INFO - [2024-06-29T12:24:39.122+0000] {dag.py:3096} INFO - Sync 1 DAGs
[2024-06-29T12:24:39.129+0000] {logging_mixin.py:188} INFO - [2024-06-29T12:24:39.129+0000] {dag.py:3954} INFO - Setting next_dagrun for example_time_delta_sensor_async to None, run_after=None
[2024-06-29T12:24:39.139+0000] {processor.py:183} INFO - Processing /home/airflow/.local/lib/python3.12/site-packages/airflow/example_dags/example_time_delta_sensor_async.py took 0.039 seconds
[2024-06-29T12:25:09.322+0000] {processor.py:161} INFO - Started process (PID=16282) to work on /home/airflow/.local/lib/python3.12/site-packages/airflow/example_dags/example_time_delta_sensor_async.py
[2024-06-29T12:25:09.322+0000] {processor.py:830} INFO - Processing file /home/airflow/.local/lib/python3.12/site-packages/airflow/example_dags/example_time_delta_sensor_async.py for tasks to queue
[2024-06-29T12:25:09.324+0000] {logging_mixin.py:188} INFO - [2024-06-29T12:25:09.323+0000] {dagbag.py:545} INFO - Filling up the DagBag from /home/airflow/.local/lib/python3.12/site-packages/airflow/example_dags/example_time_delta_sensor_async.py
[2024-06-29T12:25:09.326+0000] {processor.py:840} INFO - DAG(s) 'example_time_delta_sensor_async' retrieved from /home/airflow/.local/lib/python3.12/site-packages/airflow/example_dags/example_time_delta_sensor_async.py
[2024-06-29T12:25:09.341+0000] {logging_mixin.py:188} INFO - [2024-06-29T12:25:09.340+0000] {dag.py:3096} INFO - Sync 1 DAGs
[2024-06-29T12:25:09.347+0000] {logging_mixin.py:188} INFO - [2024-06-29T12:25:09.347+0000] {dag.py:3954} INFO - Setting next_dagrun for example_time_delta_sensor_async to None, run_after=None
[2024-06-29T12:25:09.357+0000] {processor.py:183} INFO - Processing /home/airflow/.local/lib/python3.12/site-packages/airflow/example_dags/example_time_delta_sensor_async.py took 0.039 seconds
