[2024-06-29T11:54:20.161+0000] {processor.py:161} INFO - Started process (PID=205) to work on /home/airflow/.local/lib/python3.12/site-packages/airflow/example_dags/example_nested_branch_dag.py
[2024-06-29T11:54:20.162+0000] {processor.py:830} INFO - Processing file /home/airflow/.local/lib/python3.12/site-packages/airflow/example_dags/example_nested_branch_dag.py for tasks to queue
[2024-06-29T11:54:20.163+0000] {logging_mixin.py:188} INFO - [2024-06-29T11:54:20.163+0000] {dagbag.py:545} INFO - Filling up the DagBag from /home/airflow/.local/lib/python3.12/site-packages/airflow/example_dags/example_nested_branch_dag.py
[2024-06-29T11:54:20.169+0000] {processor.py:840} INFO - DAG(s) 'example_nested_branch_dag' retrieved from /home/airflow/.local/lib/python3.12/site-packages/airflow/example_dags/example_nested_branch_dag.py
[2024-06-29T11:54:20.179+0000] {logging_mixin.py:188} INFO - [2024-06-29T11:54:20.179+0000] {dag.py:3096} INFO - Sync 1 DAGs
[2024-06-29T11:54:20.195+0000] {logging_mixin.py:188} INFO - [2024-06-29T11:54:20.195+0000] {dag.py:3954} INFO - Setting next_dagrun for example_nested_branch_dag to 2024-06-28 00:00:00+00:00, run_after=2024-06-29 00:00:00+00:00
[2024-06-29T11:54:20.207+0000] {processor.py:183} INFO - Processing /home/airflow/.local/lib/python3.12/site-packages/airflow/example_dags/example_nested_branch_dag.py took 0.050 seconds
[2024-06-29T11:54:51.373+0000] {processor.py:161} INFO - Started process (PID=467) to work on /home/airflow/.local/lib/python3.12/site-packages/airflow/example_dags/example_nested_branch_dag.py
[2024-06-29T11:54:51.374+0000] {processor.py:830} INFO - Processing file /home/airflow/.local/lib/python3.12/site-packages/airflow/example_dags/example_nested_branch_dag.py for tasks to queue
[2024-06-29T11:54:51.375+0000] {logging_mixin.py:188} INFO - [2024-06-29T11:54:51.375+0000] {dagbag.py:545} INFO - Filling up the DagBag from /home/airflow/.local/lib/python3.12/site-packages/airflow/example_dags/example_nested_branch_dag.py
[2024-06-29T11:54:51.380+0000] {processor.py:840} INFO - DAG(s) 'example_nested_branch_dag' retrieved from /home/airflow/.local/lib/python3.12/site-packages/airflow/example_dags/example_nested_branch_dag.py
[2024-06-29T11:54:51.431+0000] {logging_mixin.py:188} INFO - [2024-06-29T11:54:51.431+0000] {dag.py:3096} INFO - Sync 1 DAGs
[2024-06-29T11:54:51.440+0000] {logging_mixin.py:188} INFO - [2024-06-29T11:54:51.440+0000] {dag.py:3954} INFO - Setting next_dagrun for example_nested_branch_dag to 2024-06-28 00:00:00+00:00, run_after=2024-06-29 00:00:00+00:00
[2024-06-29T11:54:51.449+0000] {processor.py:183} INFO - Processing /home/airflow/.local/lib/python3.12/site-packages/airflow/example_dags/example_nested_branch_dag.py took 0.079 seconds
[2024-06-29T11:55:22.103+0000] {processor.py:161} INFO - Started process (PID=729) to work on /home/airflow/.local/lib/python3.12/site-packages/airflow/example_dags/example_nested_branch_dag.py
[2024-06-29T11:55:22.103+0000] {processor.py:830} INFO - Processing file /home/airflow/.local/lib/python3.12/site-packages/airflow/example_dags/example_nested_branch_dag.py for tasks to queue
[2024-06-29T11:55:22.104+0000] {logging_mixin.py:188} INFO - [2024-06-29T11:55:22.104+0000] {dagbag.py:545} INFO - Filling up the DagBag from /home/airflow/.local/lib/python3.12/site-packages/airflow/example_dags/example_nested_branch_dag.py
[2024-06-29T11:55:22.110+0000] {processor.py:840} INFO - DAG(s) 'example_nested_branch_dag' retrieved from /home/airflow/.local/lib/python3.12/site-packages/airflow/example_dags/example_nested_branch_dag.py
[2024-06-29T11:55:22.124+0000] {logging_mixin.py:188} INFO - [2024-06-29T11:55:22.124+0000] {dag.py:3096} INFO - Sync 1 DAGs
[2024-06-29T11:55:22.136+0000] {logging_mixin.py:188} INFO - [2024-06-29T11:55:22.136+0000] {dag.py:3954} INFO - Setting next_dagrun for example_nested_branch_dag to 2024-06-28 00:00:00+00:00, run_after=2024-06-29 00:00:00+00:00
[2024-06-29T11:55:22.145+0000] {processor.py:183} INFO - Processing /home/airflow/.local/lib/python3.12/site-packages/airflow/example_dags/example_nested_branch_dag.py took 0.046 seconds
[2024-06-29T11:55:52.499+0000] {processor.py:161} INFO - Started process (PID=991) to work on /home/airflow/.local/lib/python3.12/site-packages/airflow/example_dags/example_nested_branch_dag.py
[2024-06-29T11:55:52.499+0000] {processor.py:830} INFO - Processing file /home/airflow/.local/lib/python3.12/site-packages/airflow/example_dags/example_nested_branch_dag.py for tasks to queue
[2024-06-29T11:55:52.501+0000] {logging_mixin.py:188} INFO - [2024-06-29T11:55:52.500+0000] {dagbag.py:545} INFO - Filling up the DagBag from /home/airflow/.local/lib/python3.12/site-packages/airflow/example_dags/example_nested_branch_dag.py
[2024-06-29T11:55:52.506+0000] {processor.py:840} INFO - DAG(s) 'example_nested_branch_dag' retrieved from /home/airflow/.local/lib/python3.12/site-packages/airflow/example_dags/example_nested_branch_dag.py
[2024-06-29T11:55:52.521+0000] {logging_mixin.py:188} INFO - [2024-06-29T11:55:52.521+0000] {dag.py:3096} INFO - Sync 1 DAGs
[2024-06-29T11:55:52.532+0000] {logging_mixin.py:188} INFO - [2024-06-29T11:55:52.532+0000] {dag.py:3954} INFO - Setting next_dagrun for example_nested_branch_dag to 2024-06-28 00:00:00+00:00, run_after=2024-06-29 00:00:00+00:00
[2024-06-29T11:55:52.541+0000] {processor.py:183} INFO - Processing /home/airflow/.local/lib/python3.12/site-packages/airflow/example_dags/example_nested_branch_dag.py took 0.046 seconds
[2024-06-29T11:56:22.785+0000] {processor.py:161} INFO - Started process (PID=1254) to work on /home/airflow/.local/lib/python3.12/site-packages/airflow/example_dags/example_nested_branch_dag.py
[2024-06-29T11:56:22.786+0000] {processor.py:830} INFO - Processing file /home/airflow/.local/lib/python3.12/site-packages/airflow/example_dags/example_nested_branch_dag.py for tasks to queue
[2024-06-29T11:56:22.787+0000] {logging_mixin.py:188} INFO - [2024-06-29T11:56:22.786+0000] {dagbag.py:545} INFO - Filling up the DagBag from /home/airflow/.local/lib/python3.12/site-packages/airflow/example_dags/example_nested_branch_dag.py
[2024-06-29T11:56:22.792+0000] {processor.py:840} INFO - DAG(s) 'example_nested_branch_dag' retrieved from /home/airflow/.local/lib/python3.12/site-packages/airflow/example_dags/example_nested_branch_dag.py
[2024-06-29T11:56:22.807+0000] {logging_mixin.py:188} INFO - [2024-06-29T11:56:22.807+0000] {dag.py:3096} INFO - Sync 1 DAGs
[2024-06-29T11:56:22.818+0000] {logging_mixin.py:188} INFO - [2024-06-29T11:56:22.818+0000] {dag.py:3954} INFO - Setting next_dagrun for example_nested_branch_dag to 2024-06-28 00:00:00+00:00, run_after=2024-06-29 00:00:00+00:00
[2024-06-29T11:56:22.828+0000] {processor.py:183} INFO - Processing /home/airflow/.local/lib/python3.12/site-packages/airflow/example_dags/example_nested_branch_dag.py took 0.047 seconds
[2024-06-29T11:56:52.955+0000] {processor.py:161} INFO - Started process (PID=1516) to work on /home/airflow/.local/lib/python3.12/site-packages/airflow/example_dags/example_nested_branch_dag.py
[2024-06-29T11:56:52.956+0000] {processor.py:830} INFO - Processing file /home/airflow/.local/lib/python3.12/site-packages/airflow/example_dags/example_nested_branch_dag.py for tasks to queue
[2024-06-29T11:56:52.957+0000] {logging_mixin.py:188} INFO - [2024-06-29T11:56:52.957+0000] {dagbag.py:545} INFO - Filling up the DagBag from /home/airflow/.local/lib/python3.12/site-packages/airflow/example_dags/example_nested_branch_dag.py
[2024-06-29T11:56:52.962+0000] {processor.py:840} INFO - DAG(s) 'example_nested_branch_dag' retrieved from /home/airflow/.local/lib/python3.12/site-packages/airflow/example_dags/example_nested_branch_dag.py
[2024-06-29T11:56:52.977+0000] {logging_mixin.py:188} INFO - [2024-06-29T11:56:52.976+0000] {dag.py:3096} INFO - Sync 1 DAGs
[2024-06-29T11:56:52.988+0000] {logging_mixin.py:188} INFO - [2024-06-29T11:56:52.988+0000] {dag.py:3954} INFO - Setting next_dagrun for example_nested_branch_dag to 2024-06-28 00:00:00+00:00, run_after=2024-06-29 00:00:00+00:00
[2024-06-29T11:56:52.997+0000] {processor.py:183} INFO - Processing /home/airflow/.local/lib/python3.12/site-packages/airflow/example_dags/example_nested_branch_dag.py took 0.045 seconds
[2024-06-29T11:57:23.202+0000] {processor.py:161} INFO - Started process (PID=1780) to work on /home/airflow/.local/lib/python3.12/site-packages/airflow/example_dags/example_nested_branch_dag.py
[2024-06-29T11:57:23.203+0000] {processor.py:830} INFO - Processing file /home/airflow/.local/lib/python3.12/site-packages/airflow/example_dags/example_nested_branch_dag.py for tasks to queue
[2024-06-29T11:57:23.204+0000] {logging_mixin.py:188} INFO - [2024-06-29T11:57:23.204+0000] {dagbag.py:545} INFO - Filling up the DagBag from /home/airflow/.local/lib/python3.12/site-packages/airflow/example_dags/example_nested_branch_dag.py
[2024-06-29T11:57:23.210+0000] {processor.py:840} INFO - DAG(s) 'example_nested_branch_dag' retrieved from /home/airflow/.local/lib/python3.12/site-packages/airflow/example_dags/example_nested_branch_dag.py
[2024-06-29T11:57:23.226+0000] {logging_mixin.py:188} INFO - [2024-06-29T11:57:23.225+0000] {dag.py:3096} INFO - Sync 1 DAGs
[2024-06-29T11:57:23.237+0000] {logging_mixin.py:188} INFO - [2024-06-29T11:57:23.237+0000] {dag.py:3954} INFO - Setting next_dagrun for example_nested_branch_dag to 2024-06-28 00:00:00+00:00, run_after=2024-06-29 00:00:00+00:00
[2024-06-29T11:57:23.246+0000] {processor.py:183} INFO - Processing /home/airflow/.local/lib/python3.12/site-packages/airflow/example_dags/example_nested_branch_dag.py took 0.048 seconds
[2024-06-29T11:57:53.564+0000] {processor.py:161} INFO - Started process (PID=2040) to work on /home/airflow/.local/lib/python3.12/site-packages/airflow/example_dags/example_nested_branch_dag.py
[2024-06-29T11:57:53.565+0000] {processor.py:830} INFO - Processing file /home/airflow/.local/lib/python3.12/site-packages/airflow/example_dags/example_nested_branch_dag.py for tasks to queue
[2024-06-29T11:57:53.566+0000] {logging_mixin.py:188} INFO - [2024-06-29T11:57:53.566+0000] {dagbag.py:545} INFO - Filling up the DagBag from /home/airflow/.local/lib/python3.12/site-packages/airflow/example_dags/example_nested_branch_dag.py
[2024-06-29T11:57:53.572+0000] {processor.py:840} INFO - DAG(s) 'example_nested_branch_dag' retrieved from /home/airflow/.local/lib/python3.12/site-packages/airflow/example_dags/example_nested_branch_dag.py
[2024-06-29T11:57:53.586+0000] {logging_mixin.py:188} INFO - [2024-06-29T11:57:53.586+0000] {dag.py:3096} INFO - Sync 1 DAGs
[2024-06-29T11:57:53.598+0000] {logging_mixin.py:188} INFO - [2024-06-29T11:57:53.597+0000] {dag.py:3954} INFO - Setting next_dagrun for example_nested_branch_dag to 2024-06-28 00:00:00+00:00, run_after=2024-06-29 00:00:00+00:00
[2024-06-29T11:57:53.607+0000] {processor.py:183} INFO - Processing /home/airflow/.local/lib/python3.12/site-packages/airflow/example_dags/example_nested_branch_dag.py took 0.046 seconds
[2024-06-29T11:58:23.785+0000] {processor.py:161} INFO - Started process (PID=2304) to work on /home/airflow/.local/lib/python3.12/site-packages/airflow/example_dags/example_nested_branch_dag.py
[2024-06-29T11:58:23.785+0000] {processor.py:830} INFO - Processing file /home/airflow/.local/lib/python3.12/site-packages/airflow/example_dags/example_nested_branch_dag.py for tasks to queue
[2024-06-29T11:58:23.787+0000] {logging_mixin.py:188} INFO - [2024-06-29T11:58:23.786+0000] {dagbag.py:545} INFO - Filling up the DagBag from /home/airflow/.local/lib/python3.12/site-packages/airflow/example_dags/example_nested_branch_dag.py
[2024-06-29T11:58:23.792+0000] {processor.py:840} INFO - DAG(s) 'example_nested_branch_dag' retrieved from /home/airflow/.local/lib/python3.12/site-packages/airflow/example_dags/example_nested_branch_dag.py
[2024-06-29T11:58:23.806+0000] {logging_mixin.py:188} INFO - [2024-06-29T11:58:23.806+0000] {dag.py:3096} INFO - Sync 1 DAGs
[2024-06-29T11:58:23.817+0000] {logging_mixin.py:188} INFO - [2024-06-29T11:58:23.817+0000] {dag.py:3954} INFO - Setting next_dagrun for example_nested_branch_dag to 2024-06-28 00:00:00+00:00, run_after=2024-06-29 00:00:00+00:00
[2024-06-29T11:58:23.826+0000] {processor.py:183} INFO - Processing /home/airflow/.local/lib/python3.12/site-packages/airflow/example_dags/example_nested_branch_dag.py took 0.045 seconds
[2024-06-29T11:58:53.956+0000] {processor.py:161} INFO - Started process (PID=2564) to work on /home/airflow/.local/lib/python3.12/site-packages/airflow/example_dags/example_nested_branch_dag.py
[2024-06-29T11:58:53.957+0000] {processor.py:830} INFO - Processing file /home/airflow/.local/lib/python3.12/site-packages/airflow/example_dags/example_nested_branch_dag.py for tasks to queue
[2024-06-29T11:58:53.958+0000] {logging_mixin.py:188} INFO - [2024-06-29T11:58:53.957+0000] {dagbag.py:545} INFO - Filling up the DagBag from /home/airflow/.local/lib/python3.12/site-packages/airflow/example_dags/example_nested_branch_dag.py
[2024-06-29T11:58:53.963+0000] {processor.py:840} INFO - DAG(s) 'example_nested_branch_dag' retrieved from /home/airflow/.local/lib/python3.12/site-packages/airflow/example_dags/example_nested_branch_dag.py
[2024-06-29T11:58:53.977+0000] {logging_mixin.py:188} INFO - [2024-06-29T11:58:53.977+0000] {dag.py:3096} INFO - Sync 1 DAGs
[2024-06-29T11:58:53.988+0000] {logging_mixin.py:188} INFO - [2024-06-29T11:58:53.988+0000] {dag.py:3954} INFO - Setting next_dagrun for example_nested_branch_dag to 2024-06-28 00:00:00+00:00, run_after=2024-06-29 00:00:00+00:00
[2024-06-29T11:58:53.997+0000] {processor.py:183} INFO - Processing /home/airflow/.local/lib/python3.12/site-packages/airflow/example_dags/example_nested_branch_dag.py took 0.044 seconds
[2024-06-29T11:59:24.356+0000] {processor.py:161} INFO - Started process (PID=2826) to work on /home/airflow/.local/lib/python3.12/site-packages/airflow/example_dags/example_nested_branch_dag.py
[2024-06-29T11:59:24.357+0000] {processor.py:830} INFO - Processing file /home/airflow/.local/lib/python3.12/site-packages/airflow/example_dags/example_nested_branch_dag.py for tasks to queue
[2024-06-29T11:59:24.358+0000] {logging_mixin.py:188} INFO - [2024-06-29T11:59:24.358+0000] {dagbag.py:545} INFO - Filling up the DagBag from /home/airflow/.local/lib/python3.12/site-packages/airflow/example_dags/example_nested_branch_dag.py
[2024-06-29T11:59:24.364+0000] {processor.py:840} INFO - DAG(s) 'example_nested_branch_dag' retrieved from /home/airflow/.local/lib/python3.12/site-packages/airflow/example_dags/example_nested_branch_dag.py
[2024-06-29T11:59:24.378+0000] {logging_mixin.py:188} INFO - [2024-06-29T11:59:24.378+0000] {dag.py:3096} INFO - Sync 1 DAGs
[2024-06-29T11:59:24.390+0000] {logging_mixin.py:188} INFO - [2024-06-29T11:59:24.390+0000] {dag.py:3954} INFO - Setting next_dagrun for example_nested_branch_dag to 2024-06-28 00:00:00+00:00, run_after=2024-06-29 00:00:00+00:00
[2024-06-29T11:59:24.399+0000] {processor.py:183} INFO - Processing /home/airflow/.local/lib/python3.12/site-packages/airflow/example_dags/example_nested_branch_dag.py took 0.046 seconds
[2024-06-29T11:59:54.583+0000] {processor.py:161} INFO - Started process (PID=3090) to work on /home/airflow/.local/lib/python3.12/site-packages/airflow/example_dags/example_nested_branch_dag.py
[2024-06-29T11:59:54.584+0000] {processor.py:830} INFO - Processing file /home/airflow/.local/lib/python3.12/site-packages/airflow/example_dags/example_nested_branch_dag.py for tasks to queue
[2024-06-29T11:59:54.585+0000] {logging_mixin.py:188} INFO - [2024-06-29T11:59:54.585+0000] {dagbag.py:545} INFO - Filling up the DagBag from /home/airflow/.local/lib/python3.12/site-packages/airflow/example_dags/example_nested_branch_dag.py
[2024-06-29T11:59:54.590+0000] {processor.py:840} INFO - DAG(s) 'example_nested_branch_dag' retrieved from /home/airflow/.local/lib/python3.12/site-packages/airflow/example_dags/example_nested_branch_dag.py
[2024-06-29T11:59:54.605+0000] {logging_mixin.py:188} INFO - [2024-06-29T11:59:54.604+0000] {dag.py:3096} INFO - Sync 1 DAGs
[2024-06-29T11:59:54.615+0000] {logging_mixin.py:188} INFO - [2024-06-29T11:59:54.615+0000] {dag.py:3954} INFO - Setting next_dagrun for example_nested_branch_dag to 2024-06-28 00:00:00+00:00, run_after=2024-06-29 00:00:00+00:00
[2024-06-29T11:59:54.624+0000] {processor.py:183} INFO - Processing /home/airflow/.local/lib/python3.12/site-packages/airflow/example_dags/example_nested_branch_dag.py took 0.044 seconds
[2024-06-29T12:00:24.743+0000] {processor.py:161} INFO - Started process (PID=3352) to work on /home/airflow/.local/lib/python3.12/site-packages/airflow/example_dags/example_nested_branch_dag.py
[2024-06-29T12:00:24.744+0000] {processor.py:830} INFO - Processing file /home/airflow/.local/lib/python3.12/site-packages/airflow/example_dags/example_nested_branch_dag.py for tasks to queue
[2024-06-29T12:00:24.745+0000] {logging_mixin.py:188} INFO - [2024-06-29T12:00:24.745+0000] {dagbag.py:545} INFO - Filling up the DagBag from /home/airflow/.local/lib/python3.12/site-packages/airflow/example_dags/example_nested_branch_dag.py
[2024-06-29T12:00:24.750+0000] {processor.py:840} INFO - DAG(s) 'example_nested_branch_dag' retrieved from /home/airflow/.local/lib/python3.12/site-packages/airflow/example_dags/example_nested_branch_dag.py
[2024-06-29T12:00:24.765+0000] {logging_mixin.py:188} INFO - [2024-06-29T12:00:24.765+0000] {dag.py:3096} INFO - Sync 1 DAGs
[2024-06-29T12:00:24.776+0000] {logging_mixin.py:188} INFO - [2024-06-29T12:00:24.776+0000] {dag.py:3954} INFO - Setting next_dagrun for example_nested_branch_dag to 2024-06-28 00:00:00+00:00, run_after=2024-06-29 00:00:00+00:00
[2024-06-29T12:00:24.785+0000] {processor.py:183} INFO - Processing /home/airflow/.local/lib/python3.12/site-packages/airflow/example_dags/example_nested_branch_dag.py took 0.045 seconds
[2024-06-29T12:00:54.890+0000] {processor.py:161} INFO - Started process (PID=3612) to work on /home/airflow/.local/lib/python3.12/site-packages/airflow/example_dags/example_nested_branch_dag.py
[2024-06-29T12:00:54.891+0000] {processor.py:830} INFO - Processing file /home/airflow/.local/lib/python3.12/site-packages/airflow/example_dags/example_nested_branch_dag.py for tasks to queue
[2024-06-29T12:00:54.892+0000] {logging_mixin.py:188} INFO - [2024-06-29T12:00:54.892+0000] {dagbag.py:545} INFO - Filling up the DagBag from /home/airflow/.local/lib/python3.12/site-packages/airflow/example_dags/example_nested_branch_dag.py
[2024-06-29T12:00:54.897+0000] {processor.py:840} INFO - DAG(s) 'example_nested_branch_dag' retrieved from /home/airflow/.local/lib/python3.12/site-packages/airflow/example_dags/example_nested_branch_dag.py
[2024-06-29T12:00:54.910+0000] {logging_mixin.py:188} INFO - [2024-06-29T12:00:54.910+0000] {dag.py:3096} INFO - Sync 1 DAGs
[2024-06-29T12:00:54.921+0000] {logging_mixin.py:188} INFO - [2024-06-29T12:00:54.921+0000] {dag.py:3954} INFO - Setting next_dagrun for example_nested_branch_dag to 2024-06-28 00:00:00+00:00, run_after=2024-06-29 00:00:00+00:00
[2024-06-29T12:00:54.929+0000] {processor.py:183} INFO - Processing /home/airflow/.local/lib/python3.12/site-packages/airflow/example_dags/example_nested_branch_dag.py took 0.043 seconds
[2024-06-29T12:01:25.142+0000] {processor.py:161} INFO - Started process (PID=3874) to work on /home/airflow/.local/lib/python3.12/site-packages/airflow/example_dags/example_nested_branch_dag.py
[2024-06-29T12:01:25.143+0000] {processor.py:830} INFO - Processing file /home/airflow/.local/lib/python3.12/site-packages/airflow/example_dags/example_nested_branch_dag.py for tasks to queue
[2024-06-29T12:01:25.144+0000] {logging_mixin.py:188} INFO - [2024-06-29T12:01:25.144+0000] {dagbag.py:545} INFO - Filling up the DagBag from /home/airflow/.local/lib/python3.12/site-packages/airflow/example_dags/example_nested_branch_dag.py
[2024-06-29T12:01:25.150+0000] {processor.py:840} INFO - DAG(s) 'example_nested_branch_dag' retrieved from /home/airflow/.local/lib/python3.12/site-packages/airflow/example_dags/example_nested_branch_dag.py
[2024-06-29T12:01:25.165+0000] {logging_mixin.py:188} INFO - [2024-06-29T12:01:25.165+0000] {dag.py:3096} INFO - Sync 1 DAGs
[2024-06-29T12:01:25.178+0000] {logging_mixin.py:188} INFO - [2024-06-29T12:01:25.178+0000] {dag.py:3954} INFO - Setting next_dagrun for example_nested_branch_dag to 2024-06-28 00:00:00+00:00, run_after=2024-06-29 00:00:00+00:00
[2024-06-29T12:01:25.187+0000] {processor.py:183} INFO - Processing /home/airflow/.local/lib/python3.12/site-packages/airflow/example_dags/example_nested_branch_dag.py took 0.048 seconds
[2024-06-29T12:01:55.342+0000] {processor.py:161} INFO - Started process (PID=4136) to work on /home/airflow/.local/lib/python3.12/site-packages/airflow/example_dags/example_nested_branch_dag.py
[2024-06-29T12:01:55.342+0000] {processor.py:830} INFO - Processing file /home/airflow/.local/lib/python3.12/site-packages/airflow/example_dags/example_nested_branch_dag.py for tasks to queue
[2024-06-29T12:01:55.343+0000] {logging_mixin.py:188} INFO - [2024-06-29T12:01:55.343+0000] {dagbag.py:545} INFO - Filling up the DagBag from /home/airflow/.local/lib/python3.12/site-packages/airflow/example_dags/example_nested_branch_dag.py
[2024-06-29T12:01:55.349+0000] {processor.py:840} INFO - DAG(s) 'example_nested_branch_dag' retrieved from /home/airflow/.local/lib/python3.12/site-packages/airflow/example_dags/example_nested_branch_dag.py
[2024-06-29T12:01:55.364+0000] {logging_mixin.py:188} INFO - [2024-06-29T12:01:55.364+0000] {dag.py:3096} INFO - Sync 1 DAGs
[2024-06-29T12:01:55.375+0000] {logging_mixin.py:188} INFO - [2024-06-29T12:01:55.375+0000] {dag.py:3954} INFO - Setting next_dagrun for example_nested_branch_dag to 2024-06-28 00:00:00+00:00, run_after=2024-06-29 00:00:00+00:00
[2024-06-29T12:01:55.384+0000] {processor.py:183} INFO - Processing /home/airflow/.local/lib/python3.12/site-packages/airflow/example_dags/example_nested_branch_dag.py took 0.046 seconds
[2024-06-29T12:02:25.659+0000] {processor.py:161} INFO - Started process (PID=4400) to work on /home/airflow/.local/lib/python3.12/site-packages/airflow/example_dags/example_nested_branch_dag.py
[2024-06-29T12:02:25.659+0000] {processor.py:830} INFO - Processing file /home/airflow/.local/lib/python3.12/site-packages/airflow/example_dags/example_nested_branch_dag.py for tasks to queue
[2024-06-29T12:02:25.661+0000] {logging_mixin.py:188} INFO - [2024-06-29T12:02:25.660+0000] {dagbag.py:545} INFO - Filling up the DagBag from /home/airflow/.local/lib/python3.12/site-packages/airflow/example_dags/example_nested_branch_dag.py
[2024-06-29T12:02:25.666+0000] {processor.py:840} INFO - DAG(s) 'example_nested_branch_dag' retrieved from /home/airflow/.local/lib/python3.12/site-packages/airflow/example_dags/example_nested_branch_dag.py
[2024-06-29T12:02:25.679+0000] {logging_mixin.py:188} INFO - [2024-06-29T12:02:25.679+0000] {dag.py:3096} INFO - Sync 1 DAGs
[2024-06-29T12:02:25.689+0000] {logging_mixin.py:188} INFO - [2024-06-29T12:02:25.689+0000] {dag.py:3954} INFO - Setting next_dagrun for example_nested_branch_dag to 2024-06-28 00:00:00+00:00, run_after=2024-06-29 00:00:00+00:00
[2024-06-29T12:02:25.697+0000] {processor.py:183} INFO - Processing /home/airflow/.local/lib/python3.12/site-packages/airflow/example_dags/example_nested_branch_dag.py took 0.041 seconds
[2024-06-29T12:02:56.020+0000] {processor.py:161} INFO - Started process (PID=4660) to work on /home/airflow/.local/lib/python3.12/site-packages/airflow/example_dags/example_nested_branch_dag.py
[2024-06-29T12:02:56.021+0000] {processor.py:830} INFO - Processing file /home/airflow/.local/lib/python3.12/site-packages/airflow/example_dags/example_nested_branch_dag.py for tasks to queue
[2024-06-29T12:02:56.022+0000] {logging_mixin.py:188} INFO - [2024-06-29T12:02:56.022+0000] {dagbag.py:545} INFO - Filling up the DagBag from /home/airflow/.local/lib/python3.12/site-packages/airflow/example_dags/example_nested_branch_dag.py
[2024-06-29T12:02:56.027+0000] {processor.py:840} INFO - DAG(s) 'example_nested_branch_dag' retrieved from /home/airflow/.local/lib/python3.12/site-packages/airflow/example_dags/example_nested_branch_dag.py
[2024-06-29T12:02:56.042+0000] {logging_mixin.py:188} INFO - [2024-06-29T12:02:56.042+0000] {dag.py:3096} INFO - Sync 1 DAGs
[2024-06-29T12:02:56.054+0000] {logging_mixin.py:188} INFO - [2024-06-29T12:02:56.054+0000] {dag.py:3954} INFO - Setting next_dagrun for example_nested_branch_dag to 2024-06-28 00:00:00+00:00, run_after=2024-06-29 00:00:00+00:00
[2024-06-29T12:02:56.064+0000] {processor.py:183} INFO - Processing /home/airflow/.local/lib/python3.12/site-packages/airflow/example_dags/example_nested_branch_dag.py took 0.047 seconds
[2024-06-29T12:03:26.246+0000] {processor.py:161} INFO - Started process (PID=4930) to work on /home/airflow/.local/lib/python3.12/site-packages/airflow/example_dags/example_nested_branch_dag.py
[2024-06-29T12:03:26.247+0000] {processor.py:830} INFO - Processing file /home/airflow/.local/lib/python3.12/site-packages/airflow/example_dags/example_nested_branch_dag.py for tasks to queue
[2024-06-29T12:03:26.248+0000] {logging_mixin.py:188} INFO - [2024-06-29T12:03:26.247+0000] {dagbag.py:545} INFO - Filling up the DagBag from /home/airflow/.local/lib/python3.12/site-packages/airflow/example_dags/example_nested_branch_dag.py
[2024-06-29T12:03:26.253+0000] {processor.py:840} INFO - DAG(s) 'example_nested_branch_dag' retrieved from /home/airflow/.local/lib/python3.12/site-packages/airflow/example_dags/example_nested_branch_dag.py
[2024-06-29T12:03:26.268+0000] {logging_mixin.py:188} INFO - [2024-06-29T12:03:26.268+0000] {dag.py:3096} INFO - Sync 1 DAGs
[2024-06-29T12:03:26.279+0000] {logging_mixin.py:188} INFO - [2024-06-29T12:03:26.279+0000] {dag.py:3954} INFO - Setting next_dagrun for example_nested_branch_dag to 2024-06-28 00:00:00+00:00, run_after=2024-06-29 00:00:00+00:00
[2024-06-29T12:03:26.288+0000] {processor.py:183} INFO - Processing /home/airflow/.local/lib/python3.12/site-packages/airflow/example_dags/example_nested_branch_dag.py took 0.045 seconds
[2024-06-29T12:03:56.493+0000] {processor.py:161} INFO - Started process (PID=5192) to work on /home/airflow/.local/lib/python3.12/site-packages/airflow/example_dags/example_nested_branch_dag.py
[2024-06-29T12:03:56.494+0000] {processor.py:830} INFO - Processing file /home/airflow/.local/lib/python3.12/site-packages/airflow/example_dags/example_nested_branch_dag.py for tasks to queue
[2024-06-29T12:03:56.495+0000] {logging_mixin.py:188} INFO - [2024-06-29T12:03:56.494+0000] {dagbag.py:545} INFO - Filling up the DagBag from /home/airflow/.local/lib/python3.12/site-packages/airflow/example_dags/example_nested_branch_dag.py
[2024-06-29T12:03:56.500+0000] {processor.py:840} INFO - DAG(s) 'example_nested_branch_dag' retrieved from /home/airflow/.local/lib/python3.12/site-packages/airflow/example_dags/example_nested_branch_dag.py
[2024-06-29T12:03:56.515+0000] {logging_mixin.py:188} INFO - [2024-06-29T12:03:56.515+0000] {dag.py:3096} INFO - Sync 1 DAGs
[2024-06-29T12:03:56.527+0000] {logging_mixin.py:188} INFO - [2024-06-29T12:03:56.527+0000] {dag.py:3954} INFO - Setting next_dagrun for example_nested_branch_dag to 2024-06-28 00:00:00+00:00, run_after=2024-06-29 00:00:00+00:00
[2024-06-29T12:03:56.536+0000] {processor.py:183} INFO - Processing /home/airflow/.local/lib/python3.12/site-packages/airflow/example_dags/example_nested_branch_dag.py took 0.047 seconds
[2024-06-29T12:04:26.749+0000] {processor.py:161} INFO - Started process (PID=5454) to work on /home/airflow/.local/lib/python3.12/site-packages/airflow/example_dags/example_nested_branch_dag.py
[2024-06-29T12:04:26.750+0000] {processor.py:830} INFO - Processing file /home/airflow/.local/lib/python3.12/site-packages/airflow/example_dags/example_nested_branch_dag.py for tasks to queue
[2024-06-29T12:04:26.751+0000] {logging_mixin.py:188} INFO - [2024-06-29T12:04:26.751+0000] {dagbag.py:545} INFO - Filling up the DagBag from /home/airflow/.local/lib/python3.12/site-packages/airflow/example_dags/example_nested_branch_dag.py
[2024-06-29T12:04:26.757+0000] {processor.py:840} INFO - DAG(s) 'example_nested_branch_dag' retrieved from /home/airflow/.local/lib/python3.12/site-packages/airflow/example_dags/example_nested_branch_dag.py
[2024-06-29T12:04:26.775+0000] {logging_mixin.py:188} INFO - [2024-06-29T12:04:26.775+0000] {dag.py:3096} INFO - Sync 1 DAGs
[2024-06-29T12:04:26.787+0000] {logging_mixin.py:188} INFO - [2024-06-29T12:04:26.786+0000] {dag.py:3954} INFO - Setting next_dagrun for example_nested_branch_dag to 2024-06-28 00:00:00+00:00, run_after=2024-06-29 00:00:00+00:00
[2024-06-29T12:04:26.796+0000] {processor.py:183} INFO - Processing /home/airflow/.local/lib/python3.12/site-packages/airflow/example_dags/example_nested_branch_dag.py took 0.051 seconds
[2024-06-29T12:04:57.052+0000] {processor.py:161} INFO - Started process (PID=5716) to work on /home/airflow/.local/lib/python3.12/site-packages/airflow/example_dags/example_nested_branch_dag.py
[2024-06-29T12:04:57.052+0000] {processor.py:830} INFO - Processing file /home/airflow/.local/lib/python3.12/site-packages/airflow/example_dags/example_nested_branch_dag.py for tasks to queue
[2024-06-29T12:04:57.054+0000] {logging_mixin.py:188} INFO - [2024-06-29T12:04:57.053+0000] {dagbag.py:545} INFO - Filling up the DagBag from /home/airflow/.local/lib/python3.12/site-packages/airflow/example_dags/example_nested_branch_dag.py
[2024-06-29T12:04:57.060+0000] {processor.py:840} INFO - DAG(s) 'example_nested_branch_dag' retrieved from /home/airflow/.local/lib/python3.12/site-packages/airflow/example_dags/example_nested_branch_dag.py
[2024-06-29T12:04:57.076+0000] {logging_mixin.py:188} INFO - [2024-06-29T12:04:57.076+0000] {dag.py:3096} INFO - Sync 1 DAGs
[2024-06-29T12:04:57.090+0000] {logging_mixin.py:188} INFO - [2024-06-29T12:04:57.090+0000] {dag.py:3954} INFO - Setting next_dagrun for example_nested_branch_dag to 2024-06-28 00:00:00+00:00, run_after=2024-06-29 00:00:00+00:00
[2024-06-29T12:04:57.099+0000] {processor.py:183} INFO - Processing /home/airflow/.local/lib/python3.12/site-packages/airflow/example_dags/example_nested_branch_dag.py took 0.052 seconds
[2024-06-29T12:05:27.129+0000] {processor.py:161} INFO - Started process (PID=5973) to work on /home/airflow/.local/lib/python3.12/site-packages/airflow/example_dags/example_nested_branch_dag.py
[2024-06-29T12:05:27.130+0000] {processor.py:830} INFO - Processing file /home/airflow/.local/lib/python3.12/site-packages/airflow/example_dags/example_nested_branch_dag.py for tasks to queue
[2024-06-29T12:05:27.131+0000] {logging_mixin.py:188} INFO - [2024-06-29T12:05:27.131+0000] {dagbag.py:545} INFO - Filling up the DagBag from /home/airflow/.local/lib/python3.12/site-packages/airflow/example_dags/example_nested_branch_dag.py
[2024-06-29T12:05:27.136+0000] {processor.py:840} INFO - DAG(s) 'example_nested_branch_dag' retrieved from /home/airflow/.local/lib/python3.12/site-packages/airflow/example_dags/example_nested_branch_dag.py
[2024-06-29T12:05:27.150+0000] {logging_mixin.py:188} INFO - [2024-06-29T12:05:27.150+0000] {dag.py:3096} INFO - Sync 1 DAGs
[2024-06-29T12:05:27.162+0000] {logging_mixin.py:188} INFO - [2024-06-29T12:05:27.162+0000] {dag.py:3954} INFO - Setting next_dagrun for example_nested_branch_dag to 2024-06-28 00:00:00+00:00, run_after=2024-06-29 00:00:00+00:00
[2024-06-29T12:05:27.170+0000] {processor.py:183} INFO - Processing /home/airflow/.local/lib/python3.12/site-packages/airflow/example_dags/example_nested_branch_dag.py took 0.045 seconds
[2024-06-29T12:05:57.496+0000] {processor.py:161} INFO - Started process (PID=6235) to work on /home/airflow/.local/lib/python3.12/site-packages/airflow/example_dags/example_nested_branch_dag.py
[2024-06-29T12:05:57.497+0000] {processor.py:830} INFO - Processing file /home/airflow/.local/lib/python3.12/site-packages/airflow/example_dags/example_nested_branch_dag.py for tasks to queue
[2024-06-29T12:05:57.498+0000] {logging_mixin.py:188} INFO - [2024-06-29T12:05:57.498+0000] {dagbag.py:545} INFO - Filling up the DagBag from /home/airflow/.local/lib/python3.12/site-packages/airflow/example_dags/example_nested_branch_dag.py
[2024-06-29T12:05:57.504+0000] {processor.py:840} INFO - DAG(s) 'example_nested_branch_dag' retrieved from /home/airflow/.local/lib/python3.12/site-packages/airflow/example_dags/example_nested_branch_dag.py
[2024-06-29T12:05:57.518+0000] {logging_mixin.py:188} INFO - [2024-06-29T12:05:57.518+0000] {dag.py:3096} INFO - Sync 1 DAGs
[2024-06-29T12:05:57.530+0000] {logging_mixin.py:188} INFO - [2024-06-29T12:05:57.530+0000] {dag.py:3954} INFO - Setting next_dagrun for example_nested_branch_dag to 2024-06-28 00:00:00+00:00, run_after=2024-06-29 00:00:00+00:00
[2024-06-29T12:05:57.539+0000] {processor.py:183} INFO - Processing /home/airflow/.local/lib/python3.12/site-packages/airflow/example_dags/example_nested_branch_dag.py took 0.046 seconds
[2024-06-29T12:06:27.635+0000] {processor.py:161} INFO - Started process (PID=6497) to work on /home/airflow/.local/lib/python3.12/site-packages/airflow/example_dags/example_nested_branch_dag.py
[2024-06-29T12:06:27.636+0000] {processor.py:830} INFO - Processing file /home/airflow/.local/lib/python3.12/site-packages/airflow/example_dags/example_nested_branch_dag.py for tasks to queue
[2024-06-29T12:06:27.637+0000] {logging_mixin.py:188} INFO - [2024-06-29T12:06:27.637+0000] {dagbag.py:545} INFO - Filling up the DagBag from /home/airflow/.local/lib/python3.12/site-packages/airflow/example_dags/example_nested_branch_dag.py
[2024-06-29T12:06:27.642+0000] {processor.py:840} INFO - DAG(s) 'example_nested_branch_dag' retrieved from /home/airflow/.local/lib/python3.12/site-packages/airflow/example_dags/example_nested_branch_dag.py
[2024-06-29T12:06:27.657+0000] {logging_mixin.py:188} INFO - [2024-06-29T12:06:27.656+0000] {dag.py:3096} INFO - Sync 1 DAGs
[2024-06-29T12:06:27.668+0000] {logging_mixin.py:188} INFO - [2024-06-29T12:06:27.668+0000] {dag.py:3954} INFO - Setting next_dagrun for example_nested_branch_dag to 2024-06-28 00:00:00+00:00, run_after=2024-06-29 00:00:00+00:00
[2024-06-29T12:06:27.677+0000] {processor.py:183} INFO - Processing /home/airflow/.local/lib/python3.12/site-packages/airflow/example_dags/example_nested_branch_dag.py took 0.046 seconds
[2024-06-29T12:06:57.917+0000] {processor.py:161} INFO - Started process (PID=6760) to work on /home/airflow/.local/lib/python3.12/site-packages/airflow/example_dags/example_nested_branch_dag.py
[2024-06-29T12:06:57.917+0000] {processor.py:830} INFO - Processing file /home/airflow/.local/lib/python3.12/site-packages/airflow/example_dags/example_nested_branch_dag.py for tasks to queue
[2024-06-29T12:06:57.919+0000] {logging_mixin.py:188} INFO - [2024-06-29T12:06:57.918+0000] {dagbag.py:545} INFO - Filling up the DagBag from /home/airflow/.local/lib/python3.12/site-packages/airflow/example_dags/example_nested_branch_dag.py
[2024-06-29T12:06:57.924+0000] {processor.py:840} INFO - DAG(s) 'example_nested_branch_dag' retrieved from /home/airflow/.local/lib/python3.12/site-packages/airflow/example_dags/example_nested_branch_dag.py
[2024-06-29T12:06:57.938+0000] {logging_mixin.py:188} INFO - [2024-06-29T12:06:57.938+0000] {dag.py:3096} INFO - Sync 1 DAGs
[2024-06-29T12:06:57.950+0000] {logging_mixin.py:188} INFO - [2024-06-29T12:06:57.949+0000] {dag.py:3954} INFO - Setting next_dagrun for example_nested_branch_dag to 2024-06-28 00:00:00+00:00, run_after=2024-06-29 00:00:00+00:00
[2024-06-29T12:06:57.958+0000] {processor.py:183} INFO - Processing /home/airflow/.local/lib/python3.12/site-packages/airflow/example_dags/example_nested_branch_dag.py took 0.045 seconds
[2024-06-29T12:07:28.155+0000] {processor.py:161} INFO - Started process (PID=7022) to work on /home/airflow/.local/lib/python3.12/site-packages/airflow/example_dags/example_nested_branch_dag.py
[2024-06-29T12:07:28.156+0000] {processor.py:830} INFO - Processing file /home/airflow/.local/lib/python3.12/site-packages/airflow/example_dags/example_nested_branch_dag.py for tasks to queue
[2024-06-29T12:07:28.157+0000] {logging_mixin.py:188} INFO - [2024-06-29T12:07:28.157+0000] {dagbag.py:545} INFO - Filling up the DagBag from /home/airflow/.local/lib/python3.12/site-packages/airflow/example_dags/example_nested_branch_dag.py
[2024-06-29T12:07:28.162+0000] {processor.py:840} INFO - DAG(s) 'example_nested_branch_dag' retrieved from /home/airflow/.local/lib/python3.12/site-packages/airflow/example_dags/example_nested_branch_dag.py
[2024-06-29T12:07:28.176+0000] {logging_mixin.py:188} INFO - [2024-06-29T12:07:28.176+0000] {dag.py:3096} INFO - Sync 1 DAGs
[2024-06-29T12:07:28.187+0000] {logging_mixin.py:188} INFO - [2024-06-29T12:07:28.187+0000] {dag.py:3954} INFO - Setting next_dagrun for example_nested_branch_dag to 2024-06-28 00:00:00+00:00, run_after=2024-06-29 00:00:00+00:00
[2024-06-29T12:07:28.196+0000] {processor.py:183} INFO - Processing /home/airflow/.local/lib/python3.12/site-packages/airflow/example_dags/example_nested_branch_dag.py took 0.045 seconds
[2024-06-29T12:07:58.327+0000] {processor.py:161} INFO - Started process (PID=7284) to work on /home/airflow/.local/lib/python3.12/site-packages/airflow/example_dags/example_nested_branch_dag.py
[2024-06-29T12:07:58.328+0000] {processor.py:830} INFO - Processing file /home/airflow/.local/lib/python3.12/site-packages/airflow/example_dags/example_nested_branch_dag.py for tasks to queue
[2024-06-29T12:07:58.329+0000] {logging_mixin.py:188} INFO - [2024-06-29T12:07:58.329+0000] {dagbag.py:545} INFO - Filling up the DagBag from /home/airflow/.local/lib/python3.12/site-packages/airflow/example_dags/example_nested_branch_dag.py
[2024-06-29T12:07:58.334+0000] {processor.py:840} INFO - DAG(s) 'example_nested_branch_dag' retrieved from /home/airflow/.local/lib/python3.12/site-packages/airflow/example_dags/example_nested_branch_dag.py
[2024-06-29T12:07:58.349+0000] {logging_mixin.py:188} INFO - [2024-06-29T12:07:58.349+0000] {dag.py:3096} INFO - Sync 1 DAGs
[2024-06-29T12:07:58.360+0000] {logging_mixin.py:188} INFO - [2024-06-29T12:07:58.360+0000] {dag.py:3954} INFO - Setting next_dagrun for example_nested_branch_dag to 2024-06-28 00:00:00+00:00, run_after=2024-06-29 00:00:00+00:00
[2024-06-29T12:07:58.370+0000] {processor.py:183} INFO - Processing /home/airflow/.local/lib/python3.12/site-packages/airflow/example_dags/example_nested_branch_dag.py took 0.046 seconds
[2024-06-29T12:08:28.492+0000] {processor.py:161} INFO - Started process (PID=7547) to work on /home/airflow/.local/lib/python3.12/site-packages/airflow/example_dags/example_nested_branch_dag.py
[2024-06-29T12:08:28.492+0000] {processor.py:830} INFO - Processing file /home/airflow/.local/lib/python3.12/site-packages/airflow/example_dags/example_nested_branch_dag.py for tasks to queue
[2024-06-29T12:08:28.493+0000] {logging_mixin.py:188} INFO - [2024-06-29T12:08:28.493+0000] {dagbag.py:545} INFO - Filling up the DagBag from /home/airflow/.local/lib/python3.12/site-packages/airflow/example_dags/example_nested_branch_dag.py
[2024-06-29T12:08:28.499+0000] {processor.py:840} INFO - DAG(s) 'example_nested_branch_dag' retrieved from /home/airflow/.local/lib/python3.12/site-packages/airflow/example_dags/example_nested_branch_dag.py
[2024-06-29T12:08:28.513+0000] {logging_mixin.py:188} INFO - [2024-06-29T12:08:28.513+0000] {dag.py:3096} INFO - Sync 1 DAGs
[2024-06-29T12:08:28.525+0000] {logging_mixin.py:188} INFO - [2024-06-29T12:08:28.524+0000] {dag.py:3954} INFO - Setting next_dagrun for example_nested_branch_dag to 2024-06-28 00:00:00+00:00, run_after=2024-06-29 00:00:00+00:00
[2024-06-29T12:08:28.533+0000] {processor.py:183} INFO - Processing /home/airflow/.local/lib/python3.12/site-packages/airflow/example_dags/example_nested_branch_dag.py took 0.045 seconds
[2024-06-29T12:08:58.763+0000] {processor.py:161} INFO - Started process (PID=7810) to work on /home/airflow/.local/lib/python3.12/site-packages/airflow/example_dags/example_nested_branch_dag.py
[2024-06-29T12:08:58.763+0000] {processor.py:830} INFO - Processing file /home/airflow/.local/lib/python3.12/site-packages/airflow/example_dags/example_nested_branch_dag.py for tasks to queue
[2024-06-29T12:08:58.765+0000] {logging_mixin.py:188} INFO - [2024-06-29T12:08:58.764+0000] {dagbag.py:545} INFO - Filling up the DagBag from /home/airflow/.local/lib/python3.12/site-packages/airflow/example_dags/example_nested_branch_dag.py
[2024-06-29T12:08:58.770+0000] {processor.py:840} INFO - DAG(s) 'example_nested_branch_dag' retrieved from /home/airflow/.local/lib/python3.12/site-packages/airflow/example_dags/example_nested_branch_dag.py
[2024-06-29T12:08:58.784+0000] {logging_mixin.py:188} INFO - [2024-06-29T12:08:58.784+0000] {dag.py:3096} INFO - Sync 1 DAGs
[2024-06-29T12:08:58.796+0000] {logging_mixin.py:188} INFO - [2024-06-29T12:08:58.796+0000] {dag.py:3954} INFO - Setting next_dagrun for example_nested_branch_dag to 2024-06-28 00:00:00+00:00, run_after=2024-06-29 00:00:00+00:00
[2024-06-29T12:08:58.805+0000] {processor.py:183} INFO - Processing /home/airflow/.local/lib/python3.12/site-packages/airflow/example_dags/example_nested_branch_dag.py took 0.046 seconds
[2024-06-29T12:09:29.115+0000] {processor.py:161} INFO - Started process (PID=8072) to work on /home/airflow/.local/lib/python3.12/site-packages/airflow/example_dags/example_nested_branch_dag.py
[2024-06-29T12:09:29.116+0000] {processor.py:830} INFO - Processing file /home/airflow/.local/lib/python3.12/site-packages/airflow/example_dags/example_nested_branch_dag.py for tasks to queue
[2024-06-29T12:09:29.117+0000] {logging_mixin.py:188} INFO - [2024-06-29T12:09:29.117+0000] {dagbag.py:545} INFO - Filling up the DagBag from /home/airflow/.local/lib/python3.12/site-packages/airflow/example_dags/example_nested_branch_dag.py
[2024-06-29T12:09:29.123+0000] {processor.py:840} INFO - DAG(s) 'example_nested_branch_dag' retrieved from /home/airflow/.local/lib/python3.12/site-packages/airflow/example_dags/example_nested_branch_dag.py
[2024-06-29T12:09:29.137+0000] {logging_mixin.py:188} INFO - [2024-06-29T12:09:29.137+0000] {dag.py:3096} INFO - Sync 1 DAGs
[2024-06-29T12:09:29.149+0000] {logging_mixin.py:188} INFO - [2024-06-29T12:09:29.148+0000] {dag.py:3954} INFO - Setting next_dagrun for example_nested_branch_dag to 2024-06-28 00:00:00+00:00, run_after=2024-06-29 00:00:00+00:00
[2024-06-29T12:09:29.157+0000] {processor.py:183} INFO - Processing /home/airflow/.local/lib/python3.12/site-packages/airflow/example_dags/example_nested_branch_dag.py took 0.045 seconds
[2024-06-29T12:09:59.524+0000] {processor.py:161} INFO - Started process (PID=8334) to work on /home/airflow/.local/lib/python3.12/site-packages/airflow/example_dags/example_nested_branch_dag.py
[2024-06-29T12:09:59.525+0000] {processor.py:830} INFO - Processing file /home/airflow/.local/lib/python3.12/site-packages/airflow/example_dags/example_nested_branch_dag.py for tasks to queue
[2024-06-29T12:09:59.526+0000] {logging_mixin.py:188} INFO - [2024-06-29T12:09:59.526+0000] {dagbag.py:545} INFO - Filling up the DagBag from /home/airflow/.local/lib/python3.12/site-packages/airflow/example_dags/example_nested_branch_dag.py
[2024-06-29T12:09:59.531+0000] {processor.py:840} INFO - DAG(s) 'example_nested_branch_dag' retrieved from /home/airflow/.local/lib/python3.12/site-packages/airflow/example_dags/example_nested_branch_dag.py
[2024-06-29T12:09:59.545+0000] {logging_mixin.py:188} INFO - [2024-06-29T12:09:59.545+0000] {dag.py:3096} INFO - Sync 1 DAGs
[2024-06-29T12:09:59.557+0000] {logging_mixin.py:188} INFO - [2024-06-29T12:09:59.557+0000] {dag.py:3954} INFO - Setting next_dagrun for example_nested_branch_dag to 2024-06-28 00:00:00+00:00, run_after=2024-06-29 00:00:00+00:00
[2024-06-29T12:09:59.565+0000] {processor.py:183} INFO - Processing /home/airflow/.local/lib/python3.12/site-packages/airflow/example_dags/example_nested_branch_dag.py took 0.045 seconds
[2024-06-29T12:10:30.229+0000] {processor.py:161} INFO - Started process (PID=8601) to work on /home/airflow/.local/lib/python3.12/site-packages/airflow/example_dags/example_nested_branch_dag.py
[2024-06-29T12:10:30.230+0000] {processor.py:830} INFO - Processing file /home/airflow/.local/lib/python3.12/site-packages/airflow/example_dags/example_nested_branch_dag.py for tasks to queue
[2024-06-29T12:10:30.231+0000] {logging_mixin.py:188} INFO - [2024-06-29T12:10:30.231+0000] {dagbag.py:545} INFO - Filling up the DagBag from /home/airflow/.local/lib/python3.12/site-packages/airflow/example_dags/example_nested_branch_dag.py
[2024-06-29T12:10:30.236+0000] {processor.py:840} INFO - DAG(s) 'example_nested_branch_dag' retrieved from /home/airflow/.local/lib/python3.12/site-packages/airflow/example_dags/example_nested_branch_dag.py
[2024-06-29T12:10:30.250+0000] {logging_mixin.py:188} INFO - [2024-06-29T12:10:30.250+0000] {dag.py:3096} INFO - Sync 1 DAGs
[2024-06-29T12:10:30.262+0000] {logging_mixin.py:188} INFO - [2024-06-29T12:10:30.262+0000] {dag.py:3954} INFO - Setting next_dagrun for example_nested_branch_dag to 2024-06-28 00:00:00+00:00, run_after=2024-06-29 00:00:00+00:00
[2024-06-29T12:10:30.271+0000] {processor.py:183} INFO - Processing /home/airflow/.local/lib/python3.12/site-packages/airflow/example_dags/example_nested_branch_dag.py took 0.045 seconds
[2024-06-29T12:11:00.952+0000] {processor.py:161} INFO - Started process (PID=8865) to work on /home/airflow/.local/lib/python3.12/site-packages/airflow/example_dags/example_nested_branch_dag.py
[2024-06-29T12:11:00.952+0000] {processor.py:830} INFO - Processing file /home/airflow/.local/lib/python3.12/site-packages/airflow/example_dags/example_nested_branch_dag.py for tasks to queue
[2024-06-29T12:11:00.953+0000] {logging_mixin.py:188} INFO - [2024-06-29T12:11:00.953+0000] {dagbag.py:545} INFO - Filling up the DagBag from /home/airflow/.local/lib/python3.12/site-packages/airflow/example_dags/example_nested_branch_dag.py
[2024-06-29T12:11:00.959+0000] {processor.py:840} INFO - DAG(s) 'example_nested_branch_dag' retrieved from /home/airflow/.local/lib/python3.12/site-packages/airflow/example_dags/example_nested_branch_dag.py
[2024-06-29T12:11:00.972+0000] {logging_mixin.py:188} INFO - [2024-06-29T12:11:00.972+0000] {dag.py:3096} INFO - Sync 1 DAGs
[2024-06-29T12:11:00.982+0000] {logging_mixin.py:188} INFO - [2024-06-29T12:11:00.982+0000] {dag.py:3954} INFO - Setting next_dagrun for example_nested_branch_dag to 2024-06-28 00:00:00+00:00, run_after=2024-06-29 00:00:00+00:00
[2024-06-29T12:11:00.990+0000] {processor.py:183} INFO - Processing /home/airflow/.local/lib/python3.12/site-packages/airflow/example_dags/example_nested_branch_dag.py took 0.042 seconds
[2024-06-29T12:11:31.555+0000] {processor.py:161} INFO - Started process (PID=9127) to work on /home/airflow/.local/lib/python3.12/site-packages/airflow/example_dags/example_nested_branch_dag.py
[2024-06-29T12:11:31.556+0000] {processor.py:830} INFO - Processing file /home/airflow/.local/lib/python3.12/site-packages/airflow/example_dags/example_nested_branch_dag.py for tasks to queue
[2024-06-29T12:11:31.557+0000] {logging_mixin.py:188} INFO - [2024-06-29T12:11:31.557+0000] {dagbag.py:545} INFO - Filling up the DagBag from /home/airflow/.local/lib/python3.12/site-packages/airflow/example_dags/example_nested_branch_dag.py
[2024-06-29T12:11:31.562+0000] {processor.py:840} INFO - DAG(s) 'example_nested_branch_dag' retrieved from /home/airflow/.local/lib/python3.12/site-packages/airflow/example_dags/example_nested_branch_dag.py
[2024-06-29T12:11:31.577+0000] {logging_mixin.py:188} INFO - [2024-06-29T12:11:31.577+0000] {dag.py:3096} INFO - Sync 1 DAGs
[2024-06-29T12:11:31.588+0000] {logging_mixin.py:188} INFO - [2024-06-29T12:11:31.588+0000] {dag.py:3954} INFO - Setting next_dagrun for example_nested_branch_dag to 2024-06-28 00:00:00+00:00, run_after=2024-06-29 00:00:00+00:00
[2024-06-29T12:11:31.597+0000] {processor.py:183} INFO - Processing /home/airflow/.local/lib/python3.12/site-packages/airflow/example_dags/example_nested_branch_dag.py took 0.046 seconds
[2024-06-29T12:12:01.985+0000] {processor.py:161} INFO - Started process (PID=9387) to work on /home/airflow/.local/lib/python3.12/site-packages/airflow/example_dags/example_nested_branch_dag.py
[2024-06-29T12:12:01.988+0000] {processor.py:830} INFO - Processing file /home/airflow/.local/lib/python3.12/site-packages/airflow/example_dags/example_nested_branch_dag.py for tasks to queue
[2024-06-29T12:12:01.990+0000] {logging_mixin.py:188} INFO - [2024-06-29T12:12:01.990+0000] {dagbag.py:545} INFO - Filling up the DagBag from /home/airflow/.local/lib/python3.12/site-packages/airflow/example_dags/example_nested_branch_dag.py
[2024-06-29T12:12:02.102+0000] {processor.py:840} INFO - DAG(s) 'example_nested_branch_dag' retrieved from /home/airflow/.local/lib/python3.12/site-packages/airflow/example_dags/example_nested_branch_dag.py
[2024-06-29T12:12:02.115+0000] {logging_mixin.py:188} INFO - [2024-06-29T12:12:02.115+0000] {dag.py:3096} INFO - Sync 1 DAGs
[2024-06-29T12:12:02.126+0000] {logging_mixin.py:188} INFO - [2024-06-29T12:12:02.126+0000] {dag.py:3954} INFO - Setting next_dagrun for example_nested_branch_dag to 2024-06-28 00:00:00+00:00, run_after=2024-06-29 00:00:00+00:00
[2024-06-29T12:12:02.135+0000] {processor.py:183} INFO - Processing /home/airflow/.local/lib/python3.12/site-packages/airflow/example_dags/example_nested_branch_dag.py took 0.154 seconds
[2024-06-29T12:12:32.176+0000] {processor.py:161} INFO - Started process (PID=9652) to work on /home/airflow/.local/lib/python3.12/site-packages/airflow/example_dags/example_nested_branch_dag.py
[2024-06-29T12:12:32.177+0000] {processor.py:830} INFO - Processing file /home/airflow/.local/lib/python3.12/site-packages/airflow/example_dags/example_nested_branch_dag.py for tasks to queue
[2024-06-29T12:12:32.178+0000] {logging_mixin.py:188} INFO - [2024-06-29T12:12:32.177+0000] {dagbag.py:545} INFO - Filling up the DagBag from /home/airflow/.local/lib/python3.12/site-packages/airflow/example_dags/example_nested_branch_dag.py
[2024-06-29T12:12:32.183+0000] {processor.py:840} INFO - DAG(s) 'example_nested_branch_dag' retrieved from /home/airflow/.local/lib/python3.12/site-packages/airflow/example_dags/example_nested_branch_dag.py
[2024-06-29T12:12:32.197+0000] {logging_mixin.py:188} INFO - [2024-06-29T12:12:32.197+0000] {dag.py:3096} INFO - Sync 1 DAGs
[2024-06-29T12:12:32.207+0000] {logging_mixin.py:188} INFO - [2024-06-29T12:12:32.207+0000] {dag.py:3954} INFO - Setting next_dagrun for example_nested_branch_dag to 2024-06-28 00:00:00+00:00, run_after=2024-06-29 00:00:00+00:00
[2024-06-29T12:12:32.215+0000] {processor.py:183} INFO - Processing /home/airflow/.local/lib/python3.12/site-packages/airflow/example_dags/example_nested_branch_dag.py took 0.042 seconds
[2024-06-29T12:13:02.422+0000] {processor.py:161} INFO - Started process (PID=9912) to work on /home/airflow/.local/lib/python3.12/site-packages/airflow/example_dags/example_nested_branch_dag.py
[2024-06-29T12:13:02.422+0000] {processor.py:830} INFO - Processing file /home/airflow/.local/lib/python3.12/site-packages/airflow/example_dags/example_nested_branch_dag.py for tasks to queue
[2024-06-29T12:13:02.424+0000] {logging_mixin.py:188} INFO - [2024-06-29T12:13:02.423+0000] {dagbag.py:545} INFO - Filling up the DagBag from /home/airflow/.local/lib/python3.12/site-packages/airflow/example_dags/example_nested_branch_dag.py
[2024-06-29T12:13:02.429+0000] {processor.py:840} INFO - DAG(s) 'example_nested_branch_dag' retrieved from /home/airflow/.local/lib/python3.12/site-packages/airflow/example_dags/example_nested_branch_dag.py
[2024-06-29T12:13:02.444+0000] {logging_mixin.py:188} INFO - [2024-06-29T12:13:02.443+0000] {dag.py:3096} INFO - Sync 1 DAGs
[2024-06-29T12:13:02.455+0000] {logging_mixin.py:188} INFO - [2024-06-29T12:13:02.455+0000] {dag.py:3954} INFO - Setting next_dagrun for example_nested_branch_dag to 2024-06-28 00:00:00+00:00, run_after=2024-06-29 00:00:00+00:00
[2024-06-29T12:13:02.464+0000] {processor.py:183} INFO - Processing /home/airflow/.local/lib/python3.12/site-packages/airflow/example_dags/example_nested_branch_dag.py took 0.045 seconds
[2024-06-29T12:13:32.665+0000] {processor.py:161} INFO - Started process (PID=10173) to work on /home/airflow/.local/lib/python3.12/site-packages/airflow/example_dags/example_nested_branch_dag.py
[2024-06-29T12:13:32.665+0000] {processor.py:830} INFO - Processing file /home/airflow/.local/lib/python3.12/site-packages/airflow/example_dags/example_nested_branch_dag.py for tasks to queue
[2024-06-29T12:13:32.666+0000] {logging_mixin.py:188} INFO - [2024-06-29T12:13:32.666+0000] {dagbag.py:545} INFO - Filling up the DagBag from /home/airflow/.local/lib/python3.12/site-packages/airflow/example_dags/example_nested_branch_dag.py
[2024-06-29T12:13:32.672+0000] {processor.py:840} INFO - DAG(s) 'example_nested_branch_dag' retrieved from /home/airflow/.local/lib/python3.12/site-packages/airflow/example_dags/example_nested_branch_dag.py
[2024-06-29T12:13:32.686+0000] {logging_mixin.py:188} INFO - [2024-06-29T12:13:32.686+0000] {dag.py:3096} INFO - Sync 1 DAGs
[2024-06-29T12:13:32.698+0000] {logging_mixin.py:188} INFO - [2024-06-29T12:13:32.697+0000] {dag.py:3954} INFO - Setting next_dagrun for example_nested_branch_dag to 2024-06-28 00:00:00+00:00, run_after=2024-06-29 00:00:00+00:00
[2024-06-29T12:13:32.706+0000] {processor.py:183} INFO - Processing /home/airflow/.local/lib/python3.12/site-packages/airflow/example_dags/example_nested_branch_dag.py took 0.046 seconds
[2024-06-29T12:14:02.825+0000] {processor.py:161} INFO - Started process (PID=10435) to work on /home/airflow/.local/lib/python3.12/site-packages/airflow/example_dags/example_nested_branch_dag.py
[2024-06-29T12:14:02.826+0000] {processor.py:830} INFO - Processing file /home/airflow/.local/lib/python3.12/site-packages/airflow/example_dags/example_nested_branch_dag.py for tasks to queue
[2024-06-29T12:14:02.827+0000] {logging_mixin.py:188} INFO - [2024-06-29T12:14:02.826+0000] {dagbag.py:545} INFO - Filling up the DagBag from /home/airflow/.local/lib/python3.12/site-packages/airflow/example_dags/example_nested_branch_dag.py
[2024-06-29T12:14:02.832+0000] {processor.py:840} INFO - DAG(s) 'example_nested_branch_dag' retrieved from /home/airflow/.local/lib/python3.12/site-packages/airflow/example_dags/example_nested_branch_dag.py
[2024-06-29T12:14:02.847+0000] {logging_mixin.py:188} INFO - [2024-06-29T12:14:02.847+0000] {dag.py:3096} INFO - Sync 1 DAGs
[2024-06-29T12:14:02.858+0000] {logging_mixin.py:188} INFO - [2024-06-29T12:14:02.858+0000] {dag.py:3954} INFO - Setting next_dagrun for example_nested_branch_dag to 2024-06-28 00:00:00+00:00, run_after=2024-06-29 00:00:00+00:00
[2024-06-29T12:14:02.867+0000] {processor.py:183} INFO - Processing /home/airflow/.local/lib/python3.12/site-packages/airflow/example_dags/example_nested_branch_dag.py took 0.046 seconds
[2024-06-29T12:14:32.963+0000] {processor.py:161} INFO - Started process (PID=10697) to work on /home/airflow/.local/lib/python3.12/site-packages/airflow/example_dags/example_nested_branch_dag.py
[2024-06-29T12:14:32.963+0000] {processor.py:830} INFO - Processing file /home/airflow/.local/lib/python3.12/site-packages/airflow/example_dags/example_nested_branch_dag.py for tasks to queue
[2024-06-29T12:14:32.964+0000] {logging_mixin.py:188} INFO - [2024-06-29T12:14:32.964+0000] {dagbag.py:545} INFO - Filling up the DagBag from /home/airflow/.local/lib/python3.12/site-packages/airflow/example_dags/example_nested_branch_dag.py
[2024-06-29T12:14:32.970+0000] {processor.py:840} INFO - DAG(s) 'example_nested_branch_dag' retrieved from /home/airflow/.local/lib/python3.12/site-packages/airflow/example_dags/example_nested_branch_dag.py
[2024-06-29T12:14:32.984+0000] {logging_mixin.py:188} INFO - [2024-06-29T12:14:32.984+0000] {dag.py:3096} INFO - Sync 1 DAGs
[2024-06-29T12:14:32.995+0000] {logging_mixin.py:188} INFO - [2024-06-29T12:14:32.995+0000] {dag.py:3954} INFO - Setting next_dagrun for example_nested_branch_dag to 2024-06-28 00:00:00+00:00, run_after=2024-06-29 00:00:00+00:00
[2024-06-29T12:14:33.004+0000] {processor.py:183} INFO - Processing /home/airflow/.local/lib/python3.12/site-packages/airflow/example_dags/example_nested_branch_dag.py took 0.045 seconds
[2024-06-29T12:15:03.884+0000] {processor.py:161} INFO - Started process (PID=10953) to work on /home/airflow/.local/lib/python3.12/site-packages/airflow/example_dags/example_nested_branch_dag.py
[2024-06-29T12:15:03.885+0000] {processor.py:830} INFO - Processing file /home/airflow/.local/lib/python3.12/site-packages/airflow/example_dags/example_nested_branch_dag.py for tasks to queue
[2024-06-29T12:15:03.886+0000] {logging_mixin.py:188} INFO - [2024-06-29T12:15:03.886+0000] {dagbag.py:545} INFO - Filling up the DagBag from /home/airflow/.local/lib/python3.12/site-packages/airflow/example_dags/example_nested_branch_dag.py
[2024-06-29T12:15:03.892+0000] {processor.py:840} INFO - DAG(s) 'example_nested_branch_dag' retrieved from /home/airflow/.local/lib/python3.12/site-packages/airflow/example_dags/example_nested_branch_dag.py
[2024-06-29T12:15:03.906+0000] {logging_mixin.py:188} INFO - [2024-06-29T12:15:03.906+0000] {dag.py:3096} INFO - Sync 1 DAGs
[2024-06-29T12:15:03.918+0000] {logging_mixin.py:188} INFO - [2024-06-29T12:15:03.917+0000] {dag.py:3954} INFO - Setting next_dagrun for example_nested_branch_dag to 2024-06-28 00:00:00+00:00, run_after=2024-06-29 00:00:00+00:00
[2024-06-29T12:15:03.927+0000] {processor.py:183} INFO - Processing /home/airflow/.local/lib/python3.12/site-packages/airflow/example_dags/example_nested_branch_dag.py took 0.046 seconds
[2024-06-29T12:15:34.112+0000] {processor.py:161} INFO - Started process (PID=11215) to work on /home/airflow/.local/lib/python3.12/site-packages/airflow/example_dags/example_nested_branch_dag.py
[2024-06-29T12:15:34.113+0000] {processor.py:830} INFO - Processing file /home/airflow/.local/lib/python3.12/site-packages/airflow/example_dags/example_nested_branch_dag.py for tasks to queue
[2024-06-29T12:15:34.114+0000] {logging_mixin.py:188} INFO - [2024-06-29T12:15:34.114+0000] {dagbag.py:545} INFO - Filling up the DagBag from /home/airflow/.local/lib/python3.12/site-packages/airflow/example_dags/example_nested_branch_dag.py
[2024-06-29T12:15:34.119+0000] {processor.py:840} INFO - DAG(s) 'example_nested_branch_dag' retrieved from /home/airflow/.local/lib/python3.12/site-packages/airflow/example_dags/example_nested_branch_dag.py
[2024-06-29T12:15:34.134+0000] {logging_mixin.py:188} INFO - [2024-06-29T12:15:34.134+0000] {dag.py:3096} INFO - Sync 1 DAGs
[2024-06-29T12:15:34.146+0000] {logging_mixin.py:188} INFO - [2024-06-29T12:15:34.146+0000] {dag.py:3954} INFO - Setting next_dagrun for example_nested_branch_dag to 2024-06-28 00:00:00+00:00, run_after=2024-06-29 00:00:00+00:00
[2024-06-29T12:15:34.155+0000] {processor.py:183} INFO - Processing /home/airflow/.local/lib/python3.12/site-packages/airflow/example_dags/example_nested_branch_dag.py took 0.047 seconds
[2024-06-29T12:16:04.310+0000] {processor.py:161} INFO - Started process (PID=11478) to work on /home/airflow/.local/lib/python3.12/site-packages/airflow/example_dags/example_nested_branch_dag.py
[2024-06-29T12:16:04.313+0000] {processor.py:830} INFO - Processing file /home/airflow/.local/lib/python3.12/site-packages/airflow/example_dags/example_nested_branch_dag.py for tasks to queue
[2024-06-29T12:16:04.316+0000] {logging_mixin.py:188} INFO - [2024-06-29T12:16:04.315+0000] {dagbag.py:545} INFO - Filling up the DagBag from /home/airflow/.local/lib/python3.12/site-packages/airflow/example_dags/example_nested_branch_dag.py
[2024-06-29T12:16:04.323+0000] {processor.py:840} INFO - DAG(s) 'example_nested_branch_dag' retrieved from /home/airflow/.local/lib/python3.12/site-packages/airflow/example_dags/example_nested_branch_dag.py
[2024-06-29T12:16:04.339+0000] {logging_mixin.py:188} INFO - [2024-06-29T12:16:04.339+0000] {dag.py:3096} INFO - Sync 1 DAGs
[2024-06-29T12:16:04.355+0000] {logging_mixin.py:188} INFO - [2024-06-29T12:16:04.355+0000] {dag.py:3954} INFO - Setting next_dagrun for example_nested_branch_dag to 2024-06-28 00:00:00+00:00, run_after=2024-06-29 00:00:00+00:00
[2024-06-29T12:16:04.375+0000] {processor.py:183} INFO - Processing /home/airflow/.local/lib/python3.12/site-packages/airflow/example_dags/example_nested_branch_dag.py took 0.069 seconds
[2024-06-29T12:16:34.480+0000] {processor.py:161} INFO - Started process (PID=11740) to work on /home/airflow/.local/lib/python3.12/site-packages/airflow/example_dags/example_nested_branch_dag.py
[2024-06-29T12:16:34.481+0000] {processor.py:830} INFO - Processing file /home/airflow/.local/lib/python3.12/site-packages/airflow/example_dags/example_nested_branch_dag.py for tasks to queue
[2024-06-29T12:16:34.482+0000] {logging_mixin.py:188} INFO - [2024-06-29T12:16:34.482+0000] {dagbag.py:545} INFO - Filling up the DagBag from /home/airflow/.local/lib/python3.12/site-packages/airflow/example_dags/example_nested_branch_dag.py
[2024-06-29T12:16:34.487+0000] {processor.py:840} INFO - DAG(s) 'example_nested_branch_dag' retrieved from /home/airflow/.local/lib/python3.12/site-packages/airflow/example_dags/example_nested_branch_dag.py
[2024-06-29T12:16:34.502+0000] {logging_mixin.py:188} INFO - [2024-06-29T12:16:34.502+0000] {dag.py:3096} INFO - Sync 1 DAGs
[2024-06-29T12:16:34.514+0000] {logging_mixin.py:188} INFO - [2024-06-29T12:16:34.514+0000] {dag.py:3954} INFO - Setting next_dagrun for example_nested_branch_dag to 2024-06-28 00:00:00+00:00, run_after=2024-06-29 00:00:00+00:00
[2024-06-29T12:16:34.524+0000] {processor.py:183} INFO - Processing /home/airflow/.local/lib/python3.12/site-packages/airflow/example_dags/example_nested_branch_dag.py took 0.047 seconds
[2024-06-29T12:17:04.702+0000] {processor.py:161} INFO - Started process (PID=12002) to work on /home/airflow/.local/lib/python3.12/site-packages/airflow/example_dags/example_nested_branch_dag.py
[2024-06-29T12:17:04.703+0000] {processor.py:830} INFO - Processing file /home/airflow/.local/lib/python3.12/site-packages/airflow/example_dags/example_nested_branch_dag.py for tasks to queue
[2024-06-29T12:17:04.704+0000] {logging_mixin.py:188} INFO - [2024-06-29T12:17:04.704+0000] {dagbag.py:545} INFO - Filling up the DagBag from /home/airflow/.local/lib/python3.12/site-packages/airflow/example_dags/example_nested_branch_dag.py
[2024-06-29T12:17:04.710+0000] {processor.py:840} INFO - DAG(s) 'example_nested_branch_dag' retrieved from /home/airflow/.local/lib/python3.12/site-packages/airflow/example_dags/example_nested_branch_dag.py
[2024-06-29T12:17:04.726+0000] {logging_mixin.py:188} INFO - [2024-06-29T12:17:04.725+0000] {dag.py:3096} INFO - Sync 1 DAGs
[2024-06-29T12:17:04.740+0000] {logging_mixin.py:188} INFO - [2024-06-29T12:17:04.740+0000] {dag.py:3954} INFO - Setting next_dagrun for example_nested_branch_dag to 2024-06-28 00:00:00+00:00, run_after=2024-06-29 00:00:00+00:00
[2024-06-29T12:17:04.749+0000] {processor.py:183} INFO - Processing /home/airflow/.local/lib/python3.12/site-packages/airflow/example_dags/example_nested_branch_dag.py took 0.051 seconds
[2024-06-29T12:17:34.862+0000] {processor.py:161} INFO - Started process (PID=12266) to work on /home/airflow/.local/lib/python3.12/site-packages/airflow/example_dags/example_nested_branch_dag.py
[2024-06-29T12:17:34.863+0000] {processor.py:830} INFO - Processing file /home/airflow/.local/lib/python3.12/site-packages/airflow/example_dags/example_nested_branch_dag.py for tasks to queue
[2024-06-29T12:17:34.864+0000] {logging_mixin.py:188} INFO - [2024-06-29T12:17:34.864+0000] {dagbag.py:545} INFO - Filling up the DagBag from /home/airflow/.local/lib/python3.12/site-packages/airflow/example_dags/example_nested_branch_dag.py
[2024-06-29T12:17:34.870+0000] {processor.py:840} INFO - DAG(s) 'example_nested_branch_dag' retrieved from /home/airflow/.local/lib/python3.12/site-packages/airflow/example_dags/example_nested_branch_dag.py
[2024-06-29T12:17:34.886+0000] {logging_mixin.py:188} INFO - [2024-06-29T12:17:34.885+0000] {dag.py:3096} INFO - Sync 1 DAGs
[2024-06-29T12:17:34.898+0000] {logging_mixin.py:188} INFO - [2024-06-29T12:17:34.898+0000] {dag.py:3954} INFO - Setting next_dagrun for example_nested_branch_dag to 2024-06-28 00:00:00+00:00, run_after=2024-06-29 00:00:00+00:00
[2024-06-29T12:17:34.911+0000] {processor.py:183} INFO - Processing /home/airflow/.local/lib/python3.12/site-packages/airflow/example_dags/example_nested_branch_dag.py took 0.053 seconds
[2024-06-29T12:18:05.060+0000] {processor.py:161} INFO - Started process (PID=12526) to work on /home/airflow/.local/lib/python3.12/site-packages/airflow/example_dags/example_nested_branch_dag.py
[2024-06-29T12:18:05.061+0000] {processor.py:830} INFO - Processing file /home/airflow/.local/lib/python3.12/site-packages/airflow/example_dags/example_nested_branch_dag.py for tasks to queue
[2024-06-29T12:18:05.062+0000] {logging_mixin.py:188} INFO - [2024-06-29T12:18:05.062+0000] {dagbag.py:545} INFO - Filling up the DagBag from /home/airflow/.local/lib/python3.12/site-packages/airflow/example_dags/example_nested_branch_dag.py
[2024-06-29T12:18:05.067+0000] {processor.py:840} INFO - DAG(s) 'example_nested_branch_dag' retrieved from /home/airflow/.local/lib/python3.12/site-packages/airflow/example_dags/example_nested_branch_dag.py
[2024-06-29T12:18:05.082+0000] {logging_mixin.py:188} INFO - [2024-06-29T12:18:05.082+0000] {dag.py:3096} INFO - Sync 1 DAGs
[2024-06-29T12:18:05.093+0000] {logging_mixin.py:188} INFO - [2024-06-29T12:18:05.093+0000] {dag.py:3954} INFO - Setting next_dagrun for example_nested_branch_dag to 2024-06-28 00:00:00+00:00, run_after=2024-06-29 00:00:00+00:00
[2024-06-29T12:18:05.101+0000] {processor.py:183} INFO - Processing /home/airflow/.local/lib/python3.12/site-packages/airflow/example_dags/example_nested_branch_dag.py took 0.045 seconds
[2024-06-29T12:18:35.323+0000] {processor.py:161} INFO - Started process (PID=12787) to work on /home/airflow/.local/lib/python3.12/site-packages/airflow/example_dags/example_nested_branch_dag.py
[2024-06-29T12:18:35.324+0000] {processor.py:830} INFO - Processing file /home/airflow/.local/lib/python3.12/site-packages/airflow/example_dags/example_nested_branch_dag.py for tasks to queue
[2024-06-29T12:18:35.325+0000] {logging_mixin.py:188} INFO - [2024-06-29T12:18:35.325+0000] {dagbag.py:545} INFO - Filling up the DagBag from /home/airflow/.local/lib/python3.12/site-packages/airflow/example_dags/example_nested_branch_dag.py
[2024-06-29T12:18:35.331+0000] {processor.py:840} INFO - DAG(s) 'example_nested_branch_dag' retrieved from /home/airflow/.local/lib/python3.12/site-packages/airflow/example_dags/example_nested_branch_dag.py
[2024-06-29T12:18:35.346+0000] {logging_mixin.py:188} INFO - [2024-06-29T12:18:35.345+0000] {dag.py:3096} INFO - Sync 1 DAGs
[2024-06-29T12:18:35.357+0000] {logging_mixin.py:188} INFO - [2024-06-29T12:18:35.357+0000] {dag.py:3954} INFO - Setting next_dagrun for example_nested_branch_dag to 2024-06-28 00:00:00+00:00, run_after=2024-06-29 00:00:00+00:00
[2024-06-29T12:18:35.366+0000] {processor.py:183} INFO - Processing /home/airflow/.local/lib/python3.12/site-packages/airflow/example_dags/example_nested_branch_dag.py took 0.047 seconds
[2024-06-29T12:19:05.523+0000] {processor.py:161} INFO - Started process (PID=13050) to work on /home/airflow/.local/lib/python3.12/site-packages/airflow/example_dags/example_nested_branch_dag.py
[2024-06-29T12:19:05.524+0000] {processor.py:830} INFO - Processing file /home/airflow/.local/lib/python3.12/site-packages/airflow/example_dags/example_nested_branch_dag.py for tasks to queue
[2024-06-29T12:19:05.525+0000] {logging_mixin.py:188} INFO - [2024-06-29T12:19:05.525+0000] {dagbag.py:545} INFO - Filling up the DagBag from /home/airflow/.local/lib/python3.12/site-packages/airflow/example_dags/example_nested_branch_dag.py
[2024-06-29T12:19:05.531+0000] {processor.py:840} INFO - DAG(s) 'example_nested_branch_dag' retrieved from /home/airflow/.local/lib/python3.12/site-packages/airflow/example_dags/example_nested_branch_dag.py
[2024-06-29T12:19:05.546+0000] {logging_mixin.py:188} INFO - [2024-06-29T12:19:05.546+0000] {dag.py:3096} INFO - Sync 1 DAGs
[2024-06-29T12:19:05.558+0000] {logging_mixin.py:188} INFO - [2024-06-29T12:19:05.558+0000] {dag.py:3954} INFO - Setting next_dagrun for example_nested_branch_dag to 2024-06-28 00:00:00+00:00, run_after=2024-06-29 00:00:00+00:00
[2024-06-29T12:19:05.567+0000] {processor.py:183} INFO - Processing /home/airflow/.local/lib/python3.12/site-packages/airflow/example_dags/example_nested_branch_dag.py took 0.049 seconds
[2024-06-29T12:19:36.542+0000] {processor.py:161} INFO - Started process (PID=13312) to work on /home/airflow/.local/lib/python3.12/site-packages/airflow/example_dags/example_nested_branch_dag.py
[2024-06-29T12:19:36.543+0000] {processor.py:830} INFO - Processing file /home/airflow/.local/lib/python3.12/site-packages/airflow/example_dags/example_nested_branch_dag.py for tasks to queue
[2024-06-29T12:19:36.544+0000] {logging_mixin.py:188} INFO - [2024-06-29T12:19:36.544+0000] {dagbag.py:545} INFO - Filling up the DagBag from /home/airflow/.local/lib/python3.12/site-packages/airflow/example_dags/example_nested_branch_dag.py
[2024-06-29T12:19:36.550+0000] {processor.py:840} INFO - DAG(s) 'example_nested_branch_dag' retrieved from /home/airflow/.local/lib/python3.12/site-packages/airflow/example_dags/example_nested_branch_dag.py
[2024-06-29T12:19:36.565+0000] {logging_mixin.py:188} INFO - [2024-06-29T12:19:36.565+0000] {dag.py:3096} INFO - Sync 1 DAGs
[2024-06-29T12:19:36.577+0000] {logging_mixin.py:188} INFO - [2024-06-29T12:19:36.577+0000] {dag.py:3954} INFO - Setting next_dagrun for example_nested_branch_dag to 2024-06-28 00:00:00+00:00, run_after=2024-06-29 00:00:00+00:00
[2024-06-29T12:19:36.586+0000] {processor.py:183} INFO - Processing /home/airflow/.local/lib/python3.12/site-packages/airflow/example_dags/example_nested_branch_dag.py took 0.047 seconds
[2024-06-29T12:20:06.704+0000] {processor.py:161} INFO - Started process (PID=13576) to work on /home/airflow/.local/lib/python3.12/site-packages/airflow/example_dags/example_nested_branch_dag.py
[2024-06-29T12:20:06.704+0000] {processor.py:830} INFO - Processing file /home/airflow/.local/lib/python3.12/site-packages/airflow/example_dags/example_nested_branch_dag.py for tasks to queue
[2024-06-29T12:20:06.705+0000] {logging_mixin.py:188} INFO - [2024-06-29T12:20:06.705+0000] {dagbag.py:545} INFO - Filling up the DagBag from /home/airflow/.local/lib/python3.12/site-packages/airflow/example_dags/example_nested_branch_dag.py
[2024-06-29T12:20:06.711+0000] {processor.py:840} INFO - DAG(s) 'example_nested_branch_dag' retrieved from /home/airflow/.local/lib/python3.12/site-packages/airflow/example_dags/example_nested_branch_dag.py
[2024-06-29T12:20:06.724+0000] {logging_mixin.py:188} INFO - [2024-06-29T12:20:06.724+0000] {dag.py:3096} INFO - Sync 1 DAGs
[2024-06-29T12:20:06.735+0000] {logging_mixin.py:188} INFO - [2024-06-29T12:20:06.735+0000] {dag.py:3954} INFO - Setting next_dagrun for example_nested_branch_dag to 2024-06-28 00:00:00+00:00, run_after=2024-06-29 00:00:00+00:00
[2024-06-29T12:20:06.742+0000] {processor.py:183} INFO - Processing /home/airflow/.local/lib/python3.12/site-packages/airflow/example_dags/example_nested_branch_dag.py took 0.042 seconds
[2024-06-29T12:20:36.936+0000] {processor.py:161} INFO - Started process (PID=13838) to work on /home/airflow/.local/lib/python3.12/site-packages/airflow/example_dags/example_nested_branch_dag.py
[2024-06-29T12:20:36.937+0000] {processor.py:830} INFO - Processing file /home/airflow/.local/lib/python3.12/site-packages/airflow/example_dags/example_nested_branch_dag.py for tasks to queue
[2024-06-29T12:20:36.938+0000] {logging_mixin.py:188} INFO - [2024-06-29T12:20:36.938+0000] {dagbag.py:545} INFO - Filling up the DagBag from /home/airflow/.local/lib/python3.12/site-packages/airflow/example_dags/example_nested_branch_dag.py
[2024-06-29T12:20:36.944+0000] {processor.py:840} INFO - DAG(s) 'example_nested_branch_dag' retrieved from /home/airflow/.local/lib/python3.12/site-packages/airflow/example_dags/example_nested_branch_dag.py
[2024-06-29T12:20:36.959+0000] {logging_mixin.py:188} INFO - [2024-06-29T12:20:36.958+0000] {dag.py:3096} INFO - Sync 1 DAGs
[2024-06-29T12:20:36.970+0000] {logging_mixin.py:188} INFO - [2024-06-29T12:20:36.970+0000] {dag.py:3954} INFO - Setting next_dagrun for example_nested_branch_dag to 2024-06-28 00:00:00+00:00, run_after=2024-06-29 00:00:00+00:00
[2024-06-29T12:20:36.981+0000] {processor.py:183} INFO - Processing /home/airflow/.local/lib/python3.12/site-packages/airflow/example_dags/example_nested_branch_dag.py took 0.048 seconds
[2024-06-29T12:21:07.131+0000] {processor.py:161} INFO - Started process (PID=14098) to work on /home/airflow/.local/lib/python3.12/site-packages/airflow/example_dags/example_nested_branch_dag.py
[2024-06-29T12:21:07.132+0000] {processor.py:830} INFO - Processing file /home/airflow/.local/lib/python3.12/site-packages/airflow/example_dags/example_nested_branch_dag.py for tasks to queue
[2024-06-29T12:21:07.133+0000] {logging_mixin.py:188} INFO - [2024-06-29T12:21:07.133+0000] {dagbag.py:545} INFO - Filling up the DagBag from /home/airflow/.local/lib/python3.12/site-packages/airflow/example_dags/example_nested_branch_dag.py
[2024-06-29T12:21:07.139+0000] {processor.py:840} INFO - DAG(s) 'example_nested_branch_dag' retrieved from /home/airflow/.local/lib/python3.12/site-packages/airflow/example_dags/example_nested_branch_dag.py
[2024-06-29T12:21:07.153+0000] {logging_mixin.py:188} INFO - [2024-06-29T12:21:07.153+0000] {dag.py:3096} INFO - Sync 1 DAGs
[2024-06-29T12:21:07.165+0000] {logging_mixin.py:188} INFO - [2024-06-29T12:21:07.165+0000] {dag.py:3954} INFO - Setting next_dagrun for example_nested_branch_dag to 2024-06-28 00:00:00+00:00, run_after=2024-06-29 00:00:00+00:00
[2024-06-29T12:21:07.174+0000] {processor.py:183} INFO - Processing /home/airflow/.local/lib/python3.12/site-packages/airflow/example_dags/example_nested_branch_dag.py took 0.046 seconds
[2024-06-29T12:21:37.395+0000] {processor.py:161} INFO - Started process (PID=14360) to work on /home/airflow/.local/lib/python3.12/site-packages/airflow/example_dags/example_nested_branch_dag.py
[2024-06-29T12:21:37.396+0000] {processor.py:830} INFO - Processing file /home/airflow/.local/lib/python3.12/site-packages/airflow/example_dags/example_nested_branch_dag.py for tasks to queue
[2024-06-29T12:21:37.397+0000] {logging_mixin.py:188} INFO - [2024-06-29T12:21:37.397+0000] {dagbag.py:545} INFO - Filling up the DagBag from /home/airflow/.local/lib/python3.12/site-packages/airflow/example_dags/example_nested_branch_dag.py
[2024-06-29T12:21:37.402+0000] {processor.py:840} INFO - DAG(s) 'example_nested_branch_dag' retrieved from /home/airflow/.local/lib/python3.12/site-packages/airflow/example_dags/example_nested_branch_dag.py
[2024-06-29T12:21:37.417+0000] {logging_mixin.py:188} INFO - [2024-06-29T12:21:37.417+0000] {dag.py:3096} INFO - Sync 1 DAGs
[2024-06-29T12:21:37.429+0000] {logging_mixin.py:188} INFO - [2024-06-29T12:21:37.429+0000] {dag.py:3954} INFO - Setting next_dagrun for example_nested_branch_dag to 2024-06-28 00:00:00+00:00, run_after=2024-06-29 00:00:00+00:00
[2024-06-29T12:21:37.437+0000] {processor.py:183} INFO - Processing /home/airflow/.local/lib/python3.12/site-packages/airflow/example_dags/example_nested_branch_dag.py took 0.046 seconds
[2024-06-29T12:22:07.502+0000] {processor.py:161} INFO - Started process (PID=14622) to work on /home/airflow/.local/lib/python3.12/site-packages/airflow/example_dags/example_nested_branch_dag.py
[2024-06-29T12:22:07.502+0000] {processor.py:830} INFO - Processing file /home/airflow/.local/lib/python3.12/site-packages/airflow/example_dags/example_nested_branch_dag.py for tasks to queue
[2024-06-29T12:22:07.503+0000] {logging_mixin.py:188} INFO - [2024-06-29T12:22:07.503+0000] {dagbag.py:545} INFO - Filling up the DagBag from /home/airflow/.local/lib/python3.12/site-packages/airflow/example_dags/example_nested_branch_dag.py
[2024-06-29T12:22:07.509+0000] {processor.py:840} INFO - DAG(s) 'example_nested_branch_dag' retrieved from /home/airflow/.local/lib/python3.12/site-packages/airflow/example_dags/example_nested_branch_dag.py
[2024-06-29T12:22:07.523+0000] {logging_mixin.py:188} INFO - [2024-06-29T12:22:07.522+0000] {dag.py:3096} INFO - Sync 1 DAGs
[2024-06-29T12:22:07.534+0000] {logging_mixin.py:188} INFO - [2024-06-29T12:22:07.534+0000] {dag.py:3954} INFO - Setting next_dagrun for example_nested_branch_dag to 2024-06-28 00:00:00+00:00, run_after=2024-06-29 00:00:00+00:00
[2024-06-29T12:22:07.543+0000] {processor.py:183} INFO - Processing /home/airflow/.local/lib/python3.12/site-packages/airflow/example_dags/example_nested_branch_dag.py took 0.045 seconds
[2024-06-29T12:22:37.728+0000] {processor.py:161} INFO - Started process (PID=14885) to work on /home/airflow/.local/lib/python3.12/site-packages/airflow/example_dags/example_nested_branch_dag.py
[2024-06-29T12:22:37.729+0000] {processor.py:830} INFO - Processing file /home/airflow/.local/lib/python3.12/site-packages/airflow/example_dags/example_nested_branch_dag.py for tasks to queue
[2024-06-29T12:22:37.730+0000] {logging_mixin.py:188} INFO - [2024-06-29T12:22:37.730+0000] {dagbag.py:545} INFO - Filling up the DagBag from /home/airflow/.local/lib/python3.12/site-packages/airflow/example_dags/example_nested_branch_dag.py
[2024-06-29T12:22:37.735+0000] {processor.py:840} INFO - DAG(s) 'example_nested_branch_dag' retrieved from /home/airflow/.local/lib/python3.12/site-packages/airflow/example_dags/example_nested_branch_dag.py
[2024-06-29T12:22:37.750+0000] {logging_mixin.py:188} INFO - [2024-06-29T12:22:37.750+0000] {dag.py:3096} INFO - Sync 1 DAGs
[2024-06-29T12:22:37.761+0000] {logging_mixin.py:188} INFO - [2024-06-29T12:22:37.761+0000] {dag.py:3954} INFO - Setting next_dagrun for example_nested_branch_dag to 2024-06-28 00:00:00+00:00, run_after=2024-06-29 00:00:00+00:00
[2024-06-29T12:22:37.770+0000] {processor.py:183} INFO - Processing /home/airflow/.local/lib/python3.12/site-packages/airflow/example_dags/example_nested_branch_dag.py took 0.046 seconds
[2024-06-29T12:23:07.987+0000] {processor.py:161} INFO - Started process (PID=15149) to work on /home/airflow/.local/lib/python3.12/site-packages/airflow/example_dags/example_nested_branch_dag.py
[2024-06-29T12:23:07.987+0000] {processor.py:830} INFO - Processing file /home/airflow/.local/lib/python3.12/site-packages/airflow/example_dags/example_nested_branch_dag.py for tasks to queue
[2024-06-29T12:23:07.988+0000] {logging_mixin.py:188} INFO - [2024-06-29T12:23:07.988+0000] {dagbag.py:545} INFO - Filling up the DagBag from /home/airflow/.local/lib/python3.12/site-packages/airflow/example_dags/example_nested_branch_dag.py
[2024-06-29T12:23:07.994+0000] {processor.py:840} INFO - DAG(s) 'example_nested_branch_dag' retrieved from /home/airflow/.local/lib/python3.12/site-packages/airflow/example_dags/example_nested_branch_dag.py
[2024-06-29T12:23:08.008+0000] {logging_mixin.py:188} INFO - [2024-06-29T12:23:08.008+0000] {dag.py:3096} INFO - Sync 1 DAGs
[2024-06-29T12:23:08.019+0000] {logging_mixin.py:188} INFO - [2024-06-29T12:23:08.019+0000] {dag.py:3954} INFO - Setting next_dagrun for example_nested_branch_dag to 2024-06-28 00:00:00+00:00, run_after=2024-06-29 00:00:00+00:00
[2024-06-29T12:23:08.029+0000] {processor.py:183} INFO - Processing /home/airflow/.local/lib/python3.12/site-packages/airflow/example_dags/example_nested_branch_dag.py took 0.046 seconds
[2024-06-29T12:23:38.230+0000] {processor.py:161} INFO - Started process (PID=15411) to work on /home/airflow/.local/lib/python3.12/site-packages/airflow/example_dags/example_nested_branch_dag.py
[2024-06-29T12:23:38.231+0000] {processor.py:830} INFO - Processing file /home/airflow/.local/lib/python3.12/site-packages/airflow/example_dags/example_nested_branch_dag.py for tasks to queue
[2024-06-29T12:23:38.232+0000] {logging_mixin.py:188} INFO - [2024-06-29T12:23:38.232+0000] {dagbag.py:545} INFO - Filling up the DagBag from /home/airflow/.local/lib/python3.12/site-packages/airflow/example_dags/example_nested_branch_dag.py
[2024-06-29T12:23:38.238+0000] {processor.py:840} INFO - DAG(s) 'example_nested_branch_dag' retrieved from /home/airflow/.local/lib/python3.12/site-packages/airflow/example_dags/example_nested_branch_dag.py
[2024-06-29T12:23:38.252+0000] {logging_mixin.py:188} INFO - [2024-06-29T12:23:38.252+0000] {dag.py:3096} INFO - Sync 1 DAGs
[2024-06-29T12:23:38.263+0000] {logging_mixin.py:188} INFO - [2024-06-29T12:23:38.263+0000] {dag.py:3954} INFO - Setting next_dagrun for example_nested_branch_dag to 2024-06-28 00:00:00+00:00, run_after=2024-06-29 00:00:00+00:00
[2024-06-29T12:23:38.272+0000] {processor.py:183} INFO - Processing /home/airflow/.local/lib/python3.12/site-packages/airflow/example_dags/example_nested_branch_dag.py took 0.045 seconds
[2024-06-29T12:24:08.359+0000] {processor.py:161} INFO - Started process (PID=15672) to work on /home/airflow/.local/lib/python3.12/site-packages/airflow/example_dags/example_nested_branch_dag.py
[2024-06-29T12:24:08.360+0000] {processor.py:830} INFO - Processing file /home/airflow/.local/lib/python3.12/site-packages/airflow/example_dags/example_nested_branch_dag.py for tasks to queue
[2024-06-29T12:24:08.361+0000] {logging_mixin.py:188} INFO - [2024-06-29T12:24:08.361+0000] {dagbag.py:545} INFO - Filling up the DagBag from /home/airflow/.local/lib/python3.12/site-packages/airflow/example_dags/example_nested_branch_dag.py
[2024-06-29T12:24:08.367+0000] {processor.py:840} INFO - DAG(s) 'example_nested_branch_dag' retrieved from /home/airflow/.local/lib/python3.12/site-packages/airflow/example_dags/example_nested_branch_dag.py
[2024-06-29T12:24:08.381+0000] {logging_mixin.py:188} INFO - [2024-06-29T12:24:08.381+0000] {dag.py:3096} INFO - Sync 1 DAGs
[2024-06-29T12:24:08.393+0000] {logging_mixin.py:188} INFO - [2024-06-29T12:24:08.392+0000] {dag.py:3954} INFO - Setting next_dagrun for example_nested_branch_dag to 2024-06-28 00:00:00+00:00, run_after=2024-06-29 00:00:00+00:00
[2024-06-29T12:24:08.401+0000] {processor.py:183} INFO - Processing /home/airflow/.local/lib/python3.12/site-packages/airflow/example_dags/example_nested_branch_dag.py took 0.046 seconds
[2024-06-29T12:24:38.533+0000] {processor.py:161} INFO - Started process (PID=15937) to work on /home/airflow/.local/lib/python3.12/site-packages/airflow/example_dags/example_nested_branch_dag.py
[2024-06-29T12:24:38.534+0000] {processor.py:830} INFO - Processing file /home/airflow/.local/lib/python3.12/site-packages/airflow/example_dags/example_nested_branch_dag.py for tasks to queue
[2024-06-29T12:24:38.535+0000] {logging_mixin.py:188} INFO - [2024-06-29T12:24:38.535+0000] {dagbag.py:545} INFO - Filling up the DagBag from /home/airflow/.local/lib/python3.12/site-packages/airflow/example_dags/example_nested_branch_dag.py
[2024-06-29T12:24:38.540+0000] {processor.py:840} INFO - DAG(s) 'example_nested_branch_dag' retrieved from /home/airflow/.local/lib/python3.12/site-packages/airflow/example_dags/example_nested_branch_dag.py
[2024-06-29T12:24:38.554+0000] {logging_mixin.py:188} INFO - [2024-06-29T12:24:38.554+0000] {dag.py:3096} INFO - Sync 1 DAGs
[2024-06-29T12:24:38.568+0000] {logging_mixin.py:188} INFO - [2024-06-29T12:24:38.568+0000] {dag.py:3954} INFO - Setting next_dagrun for example_nested_branch_dag to 2024-06-28 00:00:00+00:00, run_after=2024-06-29 00:00:00+00:00
[2024-06-29T12:24:38.578+0000] {processor.py:183} INFO - Processing /home/airflow/.local/lib/python3.12/site-packages/airflow/example_dags/example_nested_branch_dag.py took 0.048 seconds
[2024-06-29T12:25:08.746+0000] {processor.py:161} INFO - Started process (PID=16197) to work on /home/airflow/.local/lib/python3.12/site-packages/airflow/example_dags/example_nested_branch_dag.py
[2024-06-29T12:25:08.746+0000] {processor.py:830} INFO - Processing file /home/airflow/.local/lib/python3.12/site-packages/airflow/example_dags/example_nested_branch_dag.py for tasks to queue
[2024-06-29T12:25:08.747+0000] {logging_mixin.py:188} INFO - [2024-06-29T12:25:08.747+0000] {dagbag.py:545} INFO - Filling up the DagBag from /home/airflow/.local/lib/python3.12/site-packages/airflow/example_dags/example_nested_branch_dag.py
[2024-06-29T12:25:08.753+0000] {processor.py:840} INFO - DAG(s) 'example_nested_branch_dag' retrieved from /home/airflow/.local/lib/python3.12/site-packages/airflow/example_dags/example_nested_branch_dag.py
[2024-06-29T12:25:08.767+0000] {logging_mixin.py:188} INFO - [2024-06-29T12:25:08.766+0000] {dag.py:3096} INFO - Sync 1 DAGs
[2024-06-29T12:25:08.778+0000] {logging_mixin.py:188} INFO - [2024-06-29T12:25:08.778+0000] {dag.py:3954} INFO - Setting next_dagrun for example_nested_branch_dag to 2024-06-28 00:00:00+00:00, run_after=2024-06-29 00:00:00+00:00
[2024-06-29T12:25:08.786+0000] {processor.py:183} INFO - Processing /home/airflow/.local/lib/python3.12/site-packages/airflow/example_dags/example_nested_branch_dag.py took 0.045 seconds
