[2024-06-29T11:54:20.936+0000] {processor.py:161} INFO - Started process (PID=320) to work on /home/airflow/.local/lib/python3.12/site-packages/airflow/example_dags/example_task_group_decorator.py
[2024-06-29T11:54:20.937+0000] {processor.py:830} INFO - Processing file /home/airflow/.local/lib/python3.12/site-packages/airflow/example_dags/example_task_group_decorator.py for tasks to queue
[2024-06-29T11:54:20.938+0000] {logging_mixin.py:188} INFO - [2024-06-29T11:54:20.938+0000] {dagbag.py:545} INFO - Filling up the DagBag from /home/airflow/.local/lib/python3.12/site-packages/airflow/example_dags/example_task_group_decorator.py
[2024-06-29T11:54:20.946+0000] {processor.py:840} INFO - DAG(s) 'example_task_group_decorator' retrieved from /home/airflow/.local/lib/python3.12/site-packages/airflow/example_dags/example_task_group_decorator.py
[2024-06-29T11:54:20.956+0000] {logging_mixin.py:188} INFO - [2024-06-29T11:54:20.956+0000] {dag.py:3096} INFO - Sync 1 DAGs
[2024-06-29T11:54:20.969+0000] {logging_mixin.py:188} INFO - [2024-06-29T11:54:20.969+0000] {dag.py:3954} INFO - Setting next_dagrun for example_task_group_decorator to 2024-06-28 00:00:00+00:00, run_after=2024-06-29 00:00:00+00:00
[2024-06-29T11:54:20.978+0000] {processor.py:183} INFO - Processing /home/airflow/.local/lib/python3.12/site-packages/airflow/example_dags/example_task_group_decorator.py took 0.045 seconds
[2024-06-29T11:54:52.585+0000] {processor.py:161} INFO - Started process (PID=582) to work on /home/airflow/.local/lib/python3.12/site-packages/airflow/example_dags/example_task_group_decorator.py
[2024-06-29T11:54:52.585+0000] {processor.py:830} INFO - Processing file /home/airflow/.local/lib/python3.12/site-packages/airflow/example_dags/example_task_group_decorator.py for tasks to queue
[2024-06-29T11:54:52.586+0000] {logging_mixin.py:188} INFO - [2024-06-29T11:54:52.586+0000] {dagbag.py:545} INFO - Filling up the DagBag from /home/airflow/.local/lib/python3.12/site-packages/airflow/example_dags/example_task_group_decorator.py
[2024-06-29T11:54:52.593+0000] {processor.py:840} INFO - DAG(s) 'example_task_group_decorator' retrieved from /home/airflow/.local/lib/python3.12/site-packages/airflow/example_dags/example_task_group_decorator.py
[2024-06-29T11:54:52.647+0000] {logging_mixin.py:188} INFO - [2024-06-29T11:54:52.646+0000] {dag.py:3096} INFO - Sync 1 DAGs
[2024-06-29T11:54:52.657+0000] {logging_mixin.py:188} INFO - [2024-06-29T11:54:52.656+0000] {dag.py:3954} INFO - Setting next_dagrun for example_task_group_decorator to 2024-06-28 00:00:00+00:00, run_after=2024-06-29 00:00:00+00:00
[2024-06-29T11:54:52.666+0000] {processor.py:183} INFO - Processing /home/airflow/.local/lib/python3.12/site-packages/airflow/example_dags/example_task_group_decorator.py took 0.085 seconds
[2024-06-29T11:55:22.838+0000] {processor.py:161} INFO - Started process (PID=844) to work on /home/airflow/.local/lib/python3.12/site-packages/airflow/example_dags/example_task_group_decorator.py
[2024-06-29T11:55:22.838+0000] {processor.py:830} INFO - Processing file /home/airflow/.local/lib/python3.12/site-packages/airflow/example_dags/example_task_group_decorator.py for tasks to queue
[2024-06-29T11:55:22.840+0000] {logging_mixin.py:188} INFO - [2024-06-29T11:55:22.839+0000] {dagbag.py:545} INFO - Filling up the DagBag from /home/airflow/.local/lib/python3.12/site-packages/airflow/example_dags/example_task_group_decorator.py
[2024-06-29T11:55:22.847+0000] {processor.py:840} INFO - DAG(s) 'example_task_group_decorator' retrieved from /home/airflow/.local/lib/python3.12/site-packages/airflow/example_dags/example_task_group_decorator.py
[2024-06-29T11:55:22.863+0000] {logging_mixin.py:188} INFO - [2024-06-29T11:55:22.862+0000] {dag.py:3096} INFO - Sync 1 DAGs
[2024-06-29T11:55:22.874+0000] {logging_mixin.py:188} INFO - [2024-06-29T11:55:22.874+0000] {dag.py:3954} INFO - Setting next_dagrun for example_task_group_decorator to 2024-06-28 00:00:00+00:00, run_after=2024-06-29 00:00:00+00:00
[2024-06-29T11:55:22.884+0000] {processor.py:183} INFO - Processing /home/airflow/.local/lib/python3.12/site-packages/airflow/example_dags/example_task_group_decorator.py took 0.050 seconds
[2024-06-29T11:55:53.236+0000] {processor.py:161} INFO - Started process (PID=1106) to work on /home/airflow/.local/lib/python3.12/site-packages/airflow/example_dags/example_task_group_decorator.py
[2024-06-29T11:55:53.236+0000] {processor.py:830} INFO - Processing file /home/airflow/.local/lib/python3.12/site-packages/airflow/example_dags/example_task_group_decorator.py for tasks to queue
[2024-06-29T11:55:53.237+0000] {logging_mixin.py:188} INFO - [2024-06-29T11:55:53.237+0000] {dagbag.py:545} INFO - Filling up the DagBag from /home/airflow/.local/lib/python3.12/site-packages/airflow/example_dags/example_task_group_decorator.py
[2024-06-29T11:55:53.244+0000] {processor.py:840} INFO - DAG(s) 'example_task_group_decorator' retrieved from /home/airflow/.local/lib/python3.12/site-packages/airflow/example_dags/example_task_group_decorator.py
[2024-06-29T11:55:53.260+0000] {logging_mixin.py:188} INFO - [2024-06-29T11:55:53.260+0000] {dag.py:3096} INFO - Sync 1 DAGs
[2024-06-29T11:55:53.272+0000] {logging_mixin.py:188} INFO - [2024-06-29T11:55:53.272+0000] {dag.py:3954} INFO - Setting next_dagrun for example_task_group_decorator to 2024-06-28 00:00:00+00:00, run_after=2024-06-29 00:00:00+00:00
[2024-06-29T11:55:53.281+0000] {processor.py:183} INFO - Processing /home/airflow/.local/lib/python3.12/site-packages/airflow/example_dags/example_task_group_decorator.py took 0.049 seconds
[2024-06-29T11:56:23.478+0000] {processor.py:161} INFO - Started process (PID=1369) to work on /home/airflow/.local/lib/python3.12/site-packages/airflow/example_dags/example_task_group_decorator.py
[2024-06-29T11:56:23.479+0000] {processor.py:830} INFO - Processing file /home/airflow/.local/lib/python3.12/site-packages/airflow/example_dags/example_task_group_decorator.py for tasks to queue
[2024-06-29T11:56:23.480+0000] {logging_mixin.py:188} INFO - [2024-06-29T11:56:23.480+0000] {dagbag.py:545} INFO - Filling up the DagBag from /home/airflow/.local/lib/python3.12/site-packages/airflow/example_dags/example_task_group_decorator.py
[2024-06-29T11:56:23.489+0000] {processor.py:840} INFO - DAG(s) 'example_task_group_decorator' retrieved from /home/airflow/.local/lib/python3.12/site-packages/airflow/example_dags/example_task_group_decorator.py
[2024-06-29T11:56:23.509+0000] {logging_mixin.py:188} INFO - [2024-06-29T11:56:23.509+0000] {dag.py:3096} INFO - Sync 1 DAGs
[2024-06-29T11:56:23.522+0000] {logging_mixin.py:188} INFO - [2024-06-29T11:56:23.522+0000] {dag.py:3954} INFO - Setting next_dagrun for example_task_group_decorator to 2024-06-28 00:00:00+00:00, run_after=2024-06-29 00:00:00+00:00
[2024-06-29T11:56:23.532+0000] {processor.py:183} INFO - Processing /home/airflow/.local/lib/python3.12/site-packages/airflow/example_dags/example_task_group_decorator.py took 0.058 seconds
[2024-06-29T11:56:53.653+0000] {processor.py:161} INFO - Started process (PID=1631) to work on /home/airflow/.local/lib/python3.12/site-packages/airflow/example_dags/example_task_group_decorator.py
[2024-06-29T11:56:53.654+0000] {processor.py:830} INFO - Processing file /home/airflow/.local/lib/python3.12/site-packages/airflow/example_dags/example_task_group_decorator.py for tasks to queue
[2024-06-29T11:56:53.655+0000] {logging_mixin.py:188} INFO - [2024-06-29T11:56:53.655+0000] {dagbag.py:545} INFO - Filling up the DagBag from /home/airflow/.local/lib/python3.12/site-packages/airflow/example_dags/example_task_group_decorator.py
[2024-06-29T11:56:53.661+0000] {processor.py:840} INFO - DAG(s) 'example_task_group_decorator' retrieved from /home/airflow/.local/lib/python3.12/site-packages/airflow/example_dags/example_task_group_decorator.py
[2024-06-29T11:56:53.677+0000] {logging_mixin.py:188} INFO - [2024-06-29T11:56:53.677+0000] {dag.py:3096} INFO - Sync 1 DAGs
[2024-06-29T11:56:53.689+0000] {logging_mixin.py:188} INFO - [2024-06-29T11:56:53.689+0000] {dag.py:3954} INFO - Setting next_dagrun for example_task_group_decorator to 2024-06-28 00:00:00+00:00, run_after=2024-06-29 00:00:00+00:00
[2024-06-29T11:56:53.698+0000] {processor.py:183} INFO - Processing /home/airflow/.local/lib/python3.12/site-packages/airflow/example_dags/example_task_group_decorator.py took 0.049 seconds
[2024-06-29T11:57:24.026+0000] {processor.py:161} INFO - Started process (PID=1893) to work on /home/airflow/.local/lib/python3.12/site-packages/airflow/example_dags/example_task_group_decorator.py
[2024-06-29T11:57:24.026+0000] {processor.py:830} INFO - Processing file /home/airflow/.local/lib/python3.12/site-packages/airflow/example_dags/example_task_group_decorator.py for tasks to queue
[2024-06-29T11:57:24.027+0000] {logging_mixin.py:188} INFO - [2024-06-29T11:57:24.027+0000] {dagbag.py:545} INFO - Filling up the DagBag from /home/airflow/.local/lib/python3.12/site-packages/airflow/example_dags/example_task_group_decorator.py
[2024-06-29T11:57:24.035+0000] {processor.py:840} INFO - DAG(s) 'example_task_group_decorator' retrieved from /home/airflow/.local/lib/python3.12/site-packages/airflow/example_dags/example_task_group_decorator.py
[2024-06-29T11:57:24.051+0000] {logging_mixin.py:188} INFO - [2024-06-29T11:57:24.051+0000] {dag.py:3096} INFO - Sync 1 DAGs
[2024-06-29T11:57:24.063+0000] {logging_mixin.py:188} INFO - [2024-06-29T11:57:24.063+0000] {dag.py:3954} INFO - Setting next_dagrun for example_task_group_decorator to 2024-06-28 00:00:00+00:00, run_after=2024-06-29 00:00:00+00:00
[2024-06-29T11:57:24.074+0000] {processor.py:183} INFO - Processing /home/airflow/.local/lib/python3.12/site-packages/airflow/example_dags/example_task_group_decorator.py took 0.052 seconds
[2024-06-29T11:57:54.243+0000] {processor.py:161} INFO - Started process (PID=2155) to work on /home/airflow/.local/lib/python3.12/site-packages/airflow/example_dags/example_task_group_decorator.py
[2024-06-29T11:57:54.244+0000] {processor.py:830} INFO - Processing file /home/airflow/.local/lib/python3.12/site-packages/airflow/example_dags/example_task_group_decorator.py for tasks to queue
[2024-06-29T11:57:54.245+0000] {logging_mixin.py:188} INFO - [2024-06-29T11:57:54.245+0000] {dagbag.py:545} INFO - Filling up the DagBag from /home/airflow/.local/lib/python3.12/site-packages/airflow/example_dags/example_task_group_decorator.py
[2024-06-29T11:57:54.252+0000] {processor.py:840} INFO - DAG(s) 'example_task_group_decorator' retrieved from /home/airflow/.local/lib/python3.12/site-packages/airflow/example_dags/example_task_group_decorator.py
[2024-06-29T11:57:54.267+0000] {logging_mixin.py:188} INFO - [2024-06-29T11:57:54.267+0000] {dag.py:3096} INFO - Sync 1 DAGs
[2024-06-29T11:57:54.279+0000] {logging_mixin.py:188} INFO - [2024-06-29T11:57:54.279+0000] {dag.py:3954} INFO - Setting next_dagrun for example_task_group_decorator to 2024-06-28 00:00:00+00:00, run_after=2024-06-29 00:00:00+00:00
[2024-06-29T11:57:54.288+0000] {processor.py:183} INFO - Processing /home/airflow/.local/lib/python3.12/site-packages/airflow/example_dags/example_task_group_decorator.py took 0.048 seconds
[2024-06-29T11:58:24.470+0000] {processor.py:161} INFO - Started process (PID=2417) to work on /home/airflow/.local/lib/python3.12/site-packages/airflow/example_dags/example_task_group_decorator.py
[2024-06-29T11:58:24.471+0000] {processor.py:830} INFO - Processing file /home/airflow/.local/lib/python3.12/site-packages/airflow/example_dags/example_task_group_decorator.py for tasks to queue
[2024-06-29T11:58:24.472+0000] {logging_mixin.py:188} INFO - [2024-06-29T11:58:24.472+0000] {dagbag.py:545} INFO - Filling up the DagBag from /home/airflow/.local/lib/python3.12/site-packages/airflow/example_dags/example_task_group_decorator.py
[2024-06-29T11:58:24.479+0000] {processor.py:840} INFO - DAG(s) 'example_task_group_decorator' retrieved from /home/airflow/.local/lib/python3.12/site-packages/airflow/example_dags/example_task_group_decorator.py
[2024-06-29T11:58:24.494+0000] {logging_mixin.py:188} INFO - [2024-06-29T11:58:24.494+0000] {dag.py:3096} INFO - Sync 1 DAGs
[2024-06-29T11:58:24.506+0000] {logging_mixin.py:188} INFO - [2024-06-29T11:58:24.506+0000] {dag.py:3954} INFO - Setting next_dagrun for example_task_group_decorator to 2024-06-28 00:00:00+00:00, run_after=2024-06-29 00:00:00+00:00
[2024-06-29T11:58:24.516+0000] {processor.py:183} INFO - Processing /home/airflow/.local/lib/python3.12/site-packages/airflow/example_dags/example_task_group_decorator.py took 0.050 seconds
[2024-06-29T11:58:54.755+0000] {processor.py:161} INFO - Started process (PID=2679) to work on /home/airflow/.local/lib/python3.12/site-packages/airflow/example_dags/example_task_group_decorator.py
[2024-06-29T11:58:54.755+0000] {processor.py:830} INFO - Processing file /home/airflow/.local/lib/python3.12/site-packages/airflow/example_dags/example_task_group_decorator.py for tasks to queue
[2024-06-29T11:58:54.757+0000] {logging_mixin.py:188} INFO - [2024-06-29T11:58:54.757+0000] {dagbag.py:545} INFO - Filling up the DagBag from /home/airflow/.local/lib/python3.12/site-packages/airflow/example_dags/example_task_group_decorator.py
[2024-06-29T11:58:54.764+0000] {processor.py:840} INFO - DAG(s) 'example_task_group_decorator' retrieved from /home/airflow/.local/lib/python3.12/site-packages/airflow/example_dags/example_task_group_decorator.py
[2024-06-29T11:58:54.780+0000] {logging_mixin.py:188} INFO - [2024-06-29T11:58:54.780+0000] {dag.py:3096} INFO - Sync 1 DAGs
[2024-06-29T11:58:54.791+0000] {logging_mixin.py:188} INFO - [2024-06-29T11:58:54.791+0000] {dag.py:3954} INFO - Setting next_dagrun for example_task_group_decorator to 2024-06-28 00:00:00+00:00, run_after=2024-06-29 00:00:00+00:00
[2024-06-29T11:58:54.800+0000] {processor.py:183} INFO - Processing /home/airflow/.local/lib/python3.12/site-packages/airflow/example_dags/example_task_group_decorator.py took 0.049 seconds
[2024-06-29T11:59:25.046+0000] {processor.py:161} INFO - Started process (PID=2941) to work on /home/airflow/.local/lib/python3.12/site-packages/airflow/example_dags/example_task_group_decorator.py
[2024-06-29T11:59:25.047+0000] {processor.py:830} INFO - Processing file /home/airflow/.local/lib/python3.12/site-packages/airflow/example_dags/example_task_group_decorator.py for tasks to queue
[2024-06-29T11:59:25.048+0000] {logging_mixin.py:188} INFO - [2024-06-29T11:59:25.048+0000] {dagbag.py:545} INFO - Filling up the DagBag from /home/airflow/.local/lib/python3.12/site-packages/airflow/example_dags/example_task_group_decorator.py
[2024-06-29T11:59:25.056+0000] {processor.py:840} INFO - DAG(s) 'example_task_group_decorator' retrieved from /home/airflow/.local/lib/python3.12/site-packages/airflow/example_dags/example_task_group_decorator.py
[2024-06-29T11:59:25.071+0000] {logging_mixin.py:188} INFO - [2024-06-29T11:59:25.071+0000] {dag.py:3096} INFO - Sync 1 DAGs
[2024-06-29T11:59:25.083+0000] {logging_mixin.py:188} INFO - [2024-06-29T11:59:25.083+0000] {dag.py:3954} INFO - Setting next_dagrun for example_task_group_decorator to 2024-06-28 00:00:00+00:00, run_after=2024-06-29 00:00:00+00:00
[2024-06-29T11:59:25.092+0000] {processor.py:183} INFO - Processing /home/airflow/.local/lib/python3.12/site-packages/airflow/example_dags/example_task_group_decorator.py took 0.049 seconds
[2024-06-29T11:59:55.254+0000] {processor.py:161} INFO - Started process (PID=3203) to work on /home/airflow/.local/lib/python3.12/site-packages/airflow/example_dags/example_task_group_decorator.py
[2024-06-29T11:59:55.254+0000] {processor.py:830} INFO - Processing file /home/airflow/.local/lib/python3.12/site-packages/airflow/example_dags/example_task_group_decorator.py for tasks to queue
[2024-06-29T11:59:55.255+0000] {logging_mixin.py:188} INFO - [2024-06-29T11:59:55.255+0000] {dagbag.py:545} INFO - Filling up the DagBag from /home/airflow/.local/lib/python3.12/site-packages/airflow/example_dags/example_task_group_decorator.py
[2024-06-29T11:59:55.262+0000] {processor.py:840} INFO - DAG(s) 'example_task_group_decorator' retrieved from /home/airflow/.local/lib/python3.12/site-packages/airflow/example_dags/example_task_group_decorator.py
[2024-06-29T11:59:55.278+0000] {logging_mixin.py:188} INFO - [2024-06-29T11:59:55.278+0000] {dag.py:3096} INFO - Sync 1 DAGs
[2024-06-29T11:59:55.289+0000] {logging_mixin.py:188} INFO - [2024-06-29T11:59:55.289+0000] {dag.py:3954} INFO - Setting next_dagrun for example_task_group_decorator to 2024-06-28 00:00:00+00:00, run_after=2024-06-29 00:00:00+00:00
[2024-06-29T11:59:55.298+0000] {processor.py:183} INFO - Processing /home/airflow/.local/lib/python3.12/site-packages/airflow/example_dags/example_task_group_decorator.py took 0.048 seconds
[2024-06-29T12:00:25.414+0000] {processor.py:161} INFO - Started process (PID=3465) to work on /home/airflow/.local/lib/python3.12/site-packages/airflow/example_dags/example_task_group_decorator.py
[2024-06-29T12:00:25.415+0000] {processor.py:830} INFO - Processing file /home/airflow/.local/lib/python3.12/site-packages/airflow/example_dags/example_task_group_decorator.py for tasks to queue
[2024-06-29T12:00:25.416+0000] {logging_mixin.py:188} INFO - [2024-06-29T12:00:25.416+0000] {dagbag.py:545} INFO - Filling up the DagBag from /home/airflow/.local/lib/python3.12/site-packages/airflow/example_dags/example_task_group_decorator.py
[2024-06-29T12:00:25.423+0000] {processor.py:840} INFO - DAG(s) 'example_task_group_decorator' retrieved from /home/airflow/.local/lib/python3.12/site-packages/airflow/example_dags/example_task_group_decorator.py
[2024-06-29T12:00:25.439+0000] {logging_mixin.py:188} INFO - [2024-06-29T12:00:25.439+0000] {dag.py:3096} INFO - Sync 1 DAGs
[2024-06-29T12:00:25.451+0000] {logging_mixin.py:188} INFO - [2024-06-29T12:00:25.451+0000] {dag.py:3954} INFO - Setting next_dagrun for example_task_group_decorator to 2024-06-28 00:00:00+00:00, run_after=2024-06-29 00:00:00+00:00
[2024-06-29T12:00:25.460+0000] {processor.py:183} INFO - Processing /home/airflow/.local/lib/python3.12/site-packages/airflow/example_dags/example_task_group_decorator.py took 0.049 seconds
[2024-06-29T12:00:55.656+0000] {processor.py:161} INFO - Started process (PID=3727) to work on /home/airflow/.local/lib/python3.12/site-packages/airflow/example_dags/example_task_group_decorator.py
[2024-06-29T12:00:55.657+0000] {processor.py:830} INFO - Processing file /home/airflow/.local/lib/python3.12/site-packages/airflow/example_dags/example_task_group_decorator.py for tasks to queue
[2024-06-29T12:00:55.658+0000] {logging_mixin.py:188} INFO - [2024-06-29T12:00:55.658+0000] {dagbag.py:545} INFO - Filling up the DagBag from /home/airflow/.local/lib/python3.12/site-packages/airflow/example_dags/example_task_group_decorator.py
[2024-06-29T12:00:55.665+0000] {processor.py:840} INFO - DAG(s) 'example_task_group_decorator' retrieved from /home/airflow/.local/lib/python3.12/site-packages/airflow/example_dags/example_task_group_decorator.py
[2024-06-29T12:00:55.680+0000] {logging_mixin.py:188} INFO - [2024-06-29T12:00:55.680+0000] {dag.py:3096} INFO - Sync 1 DAGs
[2024-06-29T12:00:55.691+0000] {logging_mixin.py:188} INFO - [2024-06-29T12:00:55.691+0000] {dag.py:3954} INFO - Setting next_dagrun for example_task_group_decorator to 2024-06-28 00:00:00+00:00, run_after=2024-06-29 00:00:00+00:00
[2024-06-29T12:00:55.700+0000] {processor.py:183} INFO - Processing /home/airflow/.local/lib/python3.12/site-packages/airflow/example_dags/example_task_group_decorator.py took 0.047 seconds
[2024-06-29T12:01:25.836+0000] {processor.py:161} INFO - Started process (PID=3989) to work on /home/airflow/.local/lib/python3.12/site-packages/airflow/example_dags/example_task_group_decorator.py
[2024-06-29T12:01:25.837+0000] {processor.py:830} INFO - Processing file /home/airflow/.local/lib/python3.12/site-packages/airflow/example_dags/example_task_group_decorator.py for tasks to queue
[2024-06-29T12:01:25.838+0000] {logging_mixin.py:188} INFO - [2024-06-29T12:01:25.838+0000] {dagbag.py:545} INFO - Filling up the DagBag from /home/airflow/.local/lib/python3.12/site-packages/airflow/example_dags/example_task_group_decorator.py
[2024-06-29T12:01:25.845+0000] {processor.py:840} INFO - DAG(s) 'example_task_group_decorator' retrieved from /home/airflow/.local/lib/python3.12/site-packages/airflow/example_dags/example_task_group_decorator.py
[2024-06-29T12:01:25.861+0000] {logging_mixin.py:188} INFO - [2024-06-29T12:01:25.861+0000] {dag.py:3096} INFO - Sync 1 DAGs
[2024-06-29T12:01:25.872+0000] {logging_mixin.py:188} INFO - [2024-06-29T12:01:25.872+0000] {dag.py:3954} INFO - Setting next_dagrun for example_task_group_decorator to 2024-06-28 00:00:00+00:00, run_after=2024-06-29 00:00:00+00:00
[2024-06-29T12:01:25.881+0000] {processor.py:183} INFO - Processing /home/airflow/.local/lib/python3.12/site-packages/airflow/example_dags/example_task_group_decorator.py took 0.049 seconds
[2024-06-29T12:01:56.120+0000] {processor.py:161} INFO - Started process (PID=4251) to work on /home/airflow/.local/lib/python3.12/site-packages/airflow/example_dags/example_task_group_decorator.py
[2024-06-29T12:01:56.121+0000] {processor.py:830} INFO - Processing file /home/airflow/.local/lib/python3.12/site-packages/airflow/example_dags/example_task_group_decorator.py for tasks to queue
[2024-06-29T12:01:56.122+0000] {logging_mixin.py:188} INFO - [2024-06-29T12:01:56.122+0000] {dagbag.py:545} INFO - Filling up the DagBag from /home/airflow/.local/lib/python3.12/site-packages/airflow/example_dags/example_task_group_decorator.py
[2024-06-29T12:01:56.129+0000] {processor.py:840} INFO - DAG(s) 'example_task_group_decorator' retrieved from /home/airflow/.local/lib/python3.12/site-packages/airflow/example_dags/example_task_group_decorator.py
[2024-06-29T12:01:56.147+0000] {logging_mixin.py:188} INFO - [2024-06-29T12:01:56.147+0000] {dag.py:3096} INFO - Sync 1 DAGs
[2024-06-29T12:01:56.159+0000] {logging_mixin.py:188} INFO - [2024-06-29T12:01:56.159+0000] {dag.py:3954} INFO - Setting next_dagrun for example_task_group_decorator to 2024-06-28 00:00:00+00:00, run_after=2024-06-29 00:00:00+00:00
[2024-06-29T12:01:56.168+0000] {processor.py:183} INFO - Processing /home/airflow/.local/lib/python3.12/site-packages/airflow/example_dags/example_task_group_decorator.py took 0.051 seconds
[2024-06-29T12:02:26.359+0000] {processor.py:161} INFO - Started process (PID=4513) to work on /home/airflow/.local/lib/python3.12/site-packages/airflow/example_dags/example_task_group_decorator.py
[2024-06-29T12:02:26.360+0000] {processor.py:830} INFO - Processing file /home/airflow/.local/lib/python3.12/site-packages/airflow/example_dags/example_task_group_decorator.py for tasks to queue
[2024-06-29T12:02:26.361+0000] {logging_mixin.py:188} INFO - [2024-06-29T12:02:26.361+0000] {dagbag.py:545} INFO - Filling up the DagBag from /home/airflow/.local/lib/python3.12/site-packages/airflow/example_dags/example_task_group_decorator.py
[2024-06-29T12:02:26.368+0000] {processor.py:840} INFO - DAG(s) 'example_task_group_decorator' retrieved from /home/airflow/.local/lib/python3.12/site-packages/airflow/example_dags/example_task_group_decorator.py
[2024-06-29T12:02:26.384+0000] {logging_mixin.py:188} INFO - [2024-06-29T12:02:26.383+0000] {dag.py:3096} INFO - Sync 1 DAGs
[2024-06-29T12:02:26.395+0000] {logging_mixin.py:188} INFO - [2024-06-29T12:02:26.395+0000] {dag.py:3954} INFO - Setting next_dagrun for example_task_group_decorator to 2024-06-28 00:00:00+00:00, run_after=2024-06-29 00:00:00+00:00
[2024-06-29T12:02:26.404+0000] {processor.py:183} INFO - Processing /home/airflow/.local/lib/python3.12/site-packages/airflow/example_dags/example_task_group_decorator.py took 0.049 seconds
[2024-06-29T12:02:56.740+0000] {processor.py:161} INFO - Started process (PID=4775) to work on /home/airflow/.local/lib/python3.12/site-packages/airflow/example_dags/example_task_group_decorator.py
[2024-06-29T12:02:56.740+0000] {processor.py:830} INFO - Processing file /home/airflow/.local/lib/python3.12/site-packages/airflow/example_dags/example_task_group_decorator.py for tasks to queue
[2024-06-29T12:02:56.742+0000] {logging_mixin.py:188} INFO - [2024-06-29T12:02:56.741+0000] {dagbag.py:545} INFO - Filling up the DagBag from /home/airflow/.local/lib/python3.12/site-packages/airflow/example_dags/example_task_group_decorator.py
[2024-06-29T12:02:56.748+0000] {processor.py:840} INFO - DAG(s) 'example_task_group_decorator' retrieved from /home/airflow/.local/lib/python3.12/site-packages/airflow/example_dags/example_task_group_decorator.py
[2024-06-29T12:02:56.764+0000] {logging_mixin.py:188} INFO - [2024-06-29T12:02:56.764+0000] {dag.py:3096} INFO - Sync 1 DAGs
[2024-06-29T12:02:56.775+0000] {logging_mixin.py:188} INFO - [2024-06-29T12:02:56.775+0000] {dag.py:3954} INFO - Setting next_dagrun for example_task_group_decorator to 2024-06-28 00:00:00+00:00, run_after=2024-06-29 00:00:00+00:00
[2024-06-29T12:02:56.784+0000] {processor.py:183} INFO - Processing /home/airflow/.local/lib/python3.12/site-packages/airflow/example_dags/example_task_group_decorator.py took 0.048 seconds
[2024-06-29T12:03:27.038+0000] {processor.py:161} INFO - Started process (PID=5047) to work on /home/airflow/.local/lib/python3.12/site-packages/airflow/example_dags/example_task_group_decorator.py
[2024-06-29T12:03:27.039+0000] {processor.py:830} INFO - Processing file /home/airflow/.local/lib/python3.12/site-packages/airflow/example_dags/example_task_group_decorator.py for tasks to queue
[2024-06-29T12:03:27.040+0000] {logging_mixin.py:188} INFO - [2024-06-29T12:03:27.039+0000] {dagbag.py:545} INFO - Filling up the DagBag from /home/airflow/.local/lib/python3.12/site-packages/airflow/example_dags/example_task_group_decorator.py
[2024-06-29T12:03:27.046+0000] {processor.py:840} INFO - DAG(s) 'example_task_group_decorator' retrieved from /home/airflow/.local/lib/python3.12/site-packages/airflow/example_dags/example_task_group_decorator.py
[2024-06-29T12:03:27.062+0000] {logging_mixin.py:188} INFO - [2024-06-29T12:03:27.062+0000] {dag.py:3096} INFO - Sync 1 DAGs
[2024-06-29T12:03:27.073+0000] {logging_mixin.py:188} INFO - [2024-06-29T12:03:27.073+0000] {dag.py:3954} INFO - Setting next_dagrun for example_task_group_decorator to 2024-06-28 00:00:00+00:00, run_after=2024-06-29 00:00:00+00:00
[2024-06-29T12:03:27.081+0000] {processor.py:183} INFO - Processing /home/airflow/.local/lib/python3.12/site-packages/airflow/example_dags/example_task_group_decorator.py took 0.046 seconds
[2024-06-29T12:03:57.185+0000] {processor.py:161} INFO - Started process (PID=5307) to work on /home/airflow/.local/lib/python3.12/site-packages/airflow/example_dags/example_task_group_decorator.py
[2024-06-29T12:03:57.186+0000] {processor.py:830} INFO - Processing file /home/airflow/.local/lib/python3.12/site-packages/airflow/example_dags/example_task_group_decorator.py for tasks to queue
[2024-06-29T12:03:57.187+0000] {logging_mixin.py:188} INFO - [2024-06-29T12:03:57.187+0000] {dagbag.py:545} INFO - Filling up the DagBag from /home/airflow/.local/lib/python3.12/site-packages/airflow/example_dags/example_task_group_decorator.py
[2024-06-29T12:03:57.194+0000] {processor.py:840} INFO - DAG(s) 'example_task_group_decorator' retrieved from /home/airflow/.local/lib/python3.12/site-packages/airflow/example_dags/example_task_group_decorator.py
[2024-06-29T12:03:57.210+0000] {logging_mixin.py:188} INFO - [2024-06-29T12:03:57.210+0000] {dag.py:3096} INFO - Sync 1 DAGs
[2024-06-29T12:03:57.222+0000] {logging_mixin.py:188} INFO - [2024-06-29T12:03:57.221+0000] {dag.py:3954} INFO - Setting next_dagrun for example_task_group_decorator to 2024-06-28 00:00:00+00:00, run_after=2024-06-29 00:00:00+00:00
[2024-06-29T12:03:57.230+0000] {processor.py:183} INFO - Processing /home/airflow/.local/lib/python3.12/site-packages/airflow/example_dags/example_task_group_decorator.py took 0.048 seconds
[2024-06-29T12:04:27.519+0000] {processor.py:161} INFO - Started process (PID=5569) to work on /home/airflow/.local/lib/python3.12/site-packages/airflow/example_dags/example_task_group_decorator.py
[2024-06-29T12:04:27.519+0000] {processor.py:830} INFO - Processing file /home/airflow/.local/lib/python3.12/site-packages/airflow/example_dags/example_task_group_decorator.py for tasks to queue
[2024-06-29T12:04:27.521+0000] {logging_mixin.py:188} INFO - [2024-06-29T12:04:27.520+0000] {dagbag.py:545} INFO - Filling up the DagBag from /home/airflow/.local/lib/python3.12/site-packages/airflow/example_dags/example_task_group_decorator.py
[2024-06-29T12:04:27.527+0000] {processor.py:840} INFO - DAG(s) 'example_task_group_decorator' retrieved from /home/airflow/.local/lib/python3.12/site-packages/airflow/example_dags/example_task_group_decorator.py
[2024-06-29T12:04:27.543+0000] {logging_mixin.py:188} INFO - [2024-06-29T12:04:27.543+0000] {dag.py:3096} INFO - Sync 1 DAGs
[2024-06-29T12:04:27.555+0000] {logging_mixin.py:188} INFO - [2024-06-29T12:04:27.555+0000] {dag.py:3954} INFO - Setting next_dagrun for example_task_group_decorator to 2024-06-28 00:00:00+00:00, run_after=2024-06-29 00:00:00+00:00
[2024-06-29T12:04:27.564+0000] {processor.py:183} INFO - Processing /home/airflow/.local/lib/python3.12/site-packages/airflow/example_dags/example_task_group_decorator.py took 0.049 seconds
[2024-06-29T12:04:57.887+0000] {processor.py:161} INFO - Started process (PID=5833) to work on /home/airflow/.local/lib/python3.12/site-packages/airflow/example_dags/example_task_group_decorator.py
[2024-06-29T12:04:57.887+0000] {processor.py:830} INFO - Processing file /home/airflow/.local/lib/python3.12/site-packages/airflow/example_dags/example_task_group_decorator.py for tasks to queue
[2024-06-29T12:04:57.889+0000] {logging_mixin.py:188} INFO - [2024-06-29T12:04:57.888+0000] {dagbag.py:545} INFO - Filling up the DagBag from /home/airflow/.local/lib/python3.12/site-packages/airflow/example_dags/example_task_group_decorator.py
[2024-06-29T12:04:57.895+0000] {processor.py:840} INFO - DAG(s) 'example_task_group_decorator' retrieved from /home/airflow/.local/lib/python3.12/site-packages/airflow/example_dags/example_task_group_decorator.py
[2024-06-29T12:04:57.910+0000] {logging_mixin.py:188} INFO - [2024-06-29T12:04:57.910+0000] {dag.py:3096} INFO - Sync 1 DAGs
[2024-06-29T12:04:57.920+0000] {logging_mixin.py:188} INFO - [2024-06-29T12:04:57.920+0000] {dag.py:3954} INFO - Setting next_dagrun for example_task_group_decorator to 2024-06-28 00:00:00+00:00, run_after=2024-06-29 00:00:00+00:00
[2024-06-29T12:04:57.927+0000] {processor.py:183} INFO - Processing /home/airflow/.local/lib/python3.12/site-packages/airflow/example_dags/example_task_group_decorator.py took 0.044 seconds
[2024-06-29T12:05:27.959+0000] {processor.py:161} INFO - Started process (PID=6095) to work on /home/airflow/.local/lib/python3.12/site-packages/airflow/example_dags/example_task_group_decorator.py
[2024-06-29T12:05:27.960+0000] {processor.py:830} INFO - Processing file /home/airflow/.local/lib/python3.12/site-packages/airflow/example_dags/example_task_group_decorator.py for tasks to queue
[2024-06-29T12:05:27.961+0000] {logging_mixin.py:188} INFO - [2024-06-29T12:05:27.961+0000] {dagbag.py:545} INFO - Filling up the DagBag from /home/airflow/.local/lib/python3.12/site-packages/airflow/example_dags/example_task_group_decorator.py
[2024-06-29T12:05:27.968+0000] {processor.py:840} INFO - DAG(s) 'example_task_group_decorator' retrieved from /home/airflow/.local/lib/python3.12/site-packages/airflow/example_dags/example_task_group_decorator.py
[2024-06-29T12:05:27.982+0000] {logging_mixin.py:188} INFO - [2024-06-29T12:05:27.982+0000] {dag.py:3096} INFO - Sync 1 DAGs
[2024-06-29T12:05:27.992+0000] {logging_mixin.py:188} INFO - [2024-06-29T12:05:27.992+0000] {dag.py:3954} INFO - Setting next_dagrun for example_task_group_decorator to 2024-06-28 00:00:00+00:00, run_after=2024-06-29 00:00:00+00:00
[2024-06-29T12:05:28.000+0000] {processor.py:183} INFO - Processing /home/airflow/.local/lib/python3.12/site-packages/airflow/example_dags/example_task_group_decorator.py took 0.044 seconds
[2024-06-29T12:05:58.287+0000] {processor.py:161} INFO - Started process (PID=6355) to work on /home/airflow/.local/lib/python3.12/site-packages/airflow/example_dags/example_task_group_decorator.py
[2024-06-29T12:05:58.288+0000] {processor.py:830} INFO - Processing file /home/airflow/.local/lib/python3.12/site-packages/airflow/example_dags/example_task_group_decorator.py for tasks to queue
[2024-06-29T12:05:58.289+0000] {logging_mixin.py:188} INFO - [2024-06-29T12:05:58.289+0000] {dagbag.py:545} INFO - Filling up the DagBag from /home/airflow/.local/lib/python3.12/site-packages/airflow/example_dags/example_task_group_decorator.py
[2024-06-29T12:05:58.296+0000] {processor.py:840} INFO - DAG(s) 'example_task_group_decorator' retrieved from /home/airflow/.local/lib/python3.12/site-packages/airflow/example_dags/example_task_group_decorator.py
[2024-06-29T12:05:58.311+0000] {logging_mixin.py:188} INFO - [2024-06-29T12:05:58.311+0000] {dag.py:3096} INFO - Sync 1 DAGs
[2024-06-29T12:05:58.322+0000] {logging_mixin.py:188} INFO - [2024-06-29T12:05:58.322+0000] {dag.py:3954} INFO - Setting next_dagrun for example_task_group_decorator to 2024-06-28 00:00:00+00:00, run_after=2024-06-29 00:00:00+00:00
[2024-06-29T12:05:58.331+0000] {processor.py:183} INFO - Processing /home/airflow/.local/lib/python3.12/site-packages/airflow/example_dags/example_task_group_decorator.py took 0.047 seconds
[2024-06-29T12:06:28.542+0000] {processor.py:161} INFO - Started process (PID=6617) to work on /home/airflow/.local/lib/python3.12/site-packages/airflow/example_dags/example_task_group_decorator.py
[2024-06-29T12:06:28.542+0000] {processor.py:830} INFO - Processing file /home/airflow/.local/lib/python3.12/site-packages/airflow/example_dags/example_task_group_decorator.py for tasks to queue
[2024-06-29T12:06:28.543+0000] {logging_mixin.py:188} INFO - [2024-06-29T12:06:28.543+0000] {dagbag.py:545} INFO - Filling up the DagBag from /home/airflow/.local/lib/python3.12/site-packages/airflow/example_dags/example_task_group_decorator.py
[2024-06-29T12:06:28.550+0000] {processor.py:840} INFO - DAG(s) 'example_task_group_decorator' retrieved from /home/airflow/.local/lib/python3.12/site-packages/airflow/example_dags/example_task_group_decorator.py
[2024-06-29T12:06:28.565+0000] {logging_mixin.py:188} INFO - [2024-06-29T12:06:28.565+0000] {dag.py:3096} INFO - Sync 1 DAGs
[2024-06-29T12:06:28.577+0000] {logging_mixin.py:188} INFO - [2024-06-29T12:06:28.577+0000] {dag.py:3954} INFO - Setting next_dagrun for example_task_group_decorator to 2024-06-28 00:00:00+00:00, run_after=2024-06-29 00:00:00+00:00
[2024-06-29T12:06:28.587+0000] {processor.py:183} INFO - Processing /home/airflow/.local/lib/python3.12/site-packages/airflow/example_dags/example_task_group_decorator.py took 0.049 seconds
[2024-06-29T12:06:58.755+0000] {processor.py:161} INFO - Started process (PID=6880) to work on /home/airflow/.local/lib/python3.12/site-packages/airflow/example_dags/example_task_group_decorator.py
[2024-06-29T12:06:58.755+0000] {processor.py:830} INFO - Processing file /home/airflow/.local/lib/python3.12/site-packages/airflow/example_dags/example_task_group_decorator.py for tasks to queue
[2024-06-29T12:06:58.756+0000] {logging_mixin.py:188} INFO - [2024-06-29T12:06:58.756+0000] {dagbag.py:545} INFO - Filling up the DagBag from /home/airflow/.local/lib/python3.12/site-packages/airflow/example_dags/example_task_group_decorator.py
[2024-06-29T12:06:58.763+0000] {processor.py:840} INFO - DAG(s) 'example_task_group_decorator' retrieved from /home/airflow/.local/lib/python3.12/site-packages/airflow/example_dags/example_task_group_decorator.py
[2024-06-29T12:06:58.778+0000] {logging_mixin.py:188} INFO - [2024-06-29T12:06:58.778+0000] {dag.py:3096} INFO - Sync 1 DAGs
[2024-06-29T12:06:58.790+0000] {logging_mixin.py:188} INFO - [2024-06-29T12:06:58.790+0000] {dag.py:3954} INFO - Setting next_dagrun for example_task_group_decorator to 2024-06-28 00:00:00+00:00, run_after=2024-06-29 00:00:00+00:00
[2024-06-29T12:06:58.798+0000] {processor.py:183} INFO - Processing /home/airflow/.local/lib/python3.12/site-packages/airflow/example_dags/example_task_group_decorator.py took 0.048 seconds
[2024-06-29T12:07:28.966+0000] {processor.py:161} INFO - Started process (PID=7142) to work on /home/airflow/.local/lib/python3.12/site-packages/airflow/example_dags/example_task_group_decorator.py
[2024-06-29T12:07:28.966+0000] {processor.py:830} INFO - Processing file /home/airflow/.local/lib/python3.12/site-packages/airflow/example_dags/example_task_group_decorator.py for tasks to queue
[2024-06-29T12:07:28.967+0000] {logging_mixin.py:188} INFO - [2024-06-29T12:07:28.967+0000] {dagbag.py:545} INFO - Filling up the DagBag from /home/airflow/.local/lib/python3.12/site-packages/airflow/example_dags/example_task_group_decorator.py
[2024-06-29T12:07:28.974+0000] {processor.py:840} INFO - DAG(s) 'example_task_group_decorator' retrieved from /home/airflow/.local/lib/python3.12/site-packages/airflow/example_dags/example_task_group_decorator.py
[2024-06-29T12:07:28.990+0000] {logging_mixin.py:188} INFO - [2024-06-29T12:07:28.990+0000] {dag.py:3096} INFO - Sync 1 DAGs
[2024-06-29T12:07:29.001+0000] {logging_mixin.py:188} INFO - [2024-06-29T12:07:29.001+0000] {dag.py:3954} INFO - Setting next_dagrun for example_task_group_decorator to 2024-06-28 00:00:00+00:00, run_after=2024-06-29 00:00:00+00:00
[2024-06-29T12:07:29.010+0000] {processor.py:183} INFO - Processing /home/airflow/.local/lib/python3.12/site-packages/airflow/example_dags/example_task_group_decorator.py took 0.048 seconds
[2024-06-29T12:07:59.129+0000] {processor.py:161} INFO - Started process (PID=7404) to work on /home/airflow/.local/lib/python3.12/site-packages/airflow/example_dags/example_task_group_decorator.py
[2024-06-29T12:07:59.130+0000] {processor.py:830} INFO - Processing file /home/airflow/.local/lib/python3.12/site-packages/airflow/example_dags/example_task_group_decorator.py for tasks to queue
[2024-06-29T12:07:59.131+0000] {logging_mixin.py:188} INFO - [2024-06-29T12:07:59.131+0000] {dagbag.py:545} INFO - Filling up the DagBag from /home/airflow/.local/lib/python3.12/site-packages/airflow/example_dags/example_task_group_decorator.py
[2024-06-29T12:07:59.138+0000] {processor.py:840} INFO - DAG(s) 'example_task_group_decorator' retrieved from /home/airflow/.local/lib/python3.12/site-packages/airflow/example_dags/example_task_group_decorator.py
[2024-06-29T12:07:59.153+0000] {logging_mixin.py:188} INFO - [2024-06-29T12:07:59.152+0000] {dag.py:3096} INFO - Sync 1 DAGs
[2024-06-29T12:07:59.164+0000] {logging_mixin.py:188} INFO - [2024-06-29T12:07:59.164+0000] {dag.py:3954} INFO - Setting next_dagrun for example_task_group_decorator to 2024-06-28 00:00:00+00:00, run_after=2024-06-29 00:00:00+00:00
[2024-06-29T12:07:59.173+0000] {processor.py:183} INFO - Processing /home/airflow/.local/lib/python3.12/site-packages/airflow/example_dags/example_task_group_decorator.py took 0.047 seconds
[2024-06-29T12:08:29.308+0000] {processor.py:161} INFO - Started process (PID=7667) to work on /home/airflow/.local/lib/python3.12/site-packages/airflow/example_dags/example_task_group_decorator.py
[2024-06-29T12:08:29.308+0000] {processor.py:830} INFO - Processing file /home/airflow/.local/lib/python3.12/site-packages/airflow/example_dags/example_task_group_decorator.py for tasks to queue
[2024-06-29T12:08:29.309+0000] {logging_mixin.py:188} INFO - [2024-06-29T12:08:29.309+0000] {dagbag.py:545} INFO - Filling up the DagBag from /home/airflow/.local/lib/python3.12/site-packages/airflow/example_dags/example_task_group_decorator.py
[2024-06-29T12:08:29.317+0000] {processor.py:840} INFO - DAG(s) 'example_task_group_decorator' retrieved from /home/airflow/.local/lib/python3.12/site-packages/airflow/example_dags/example_task_group_decorator.py
[2024-06-29T12:08:29.339+0000] {logging_mixin.py:188} INFO - [2024-06-29T12:08:29.339+0000] {dag.py:3096} INFO - Sync 1 DAGs
[2024-06-29T12:08:29.354+0000] {logging_mixin.py:188} INFO - [2024-06-29T12:08:29.354+0000] {dag.py:3954} INFO - Setting next_dagrun for example_task_group_decorator to 2024-06-28 00:00:00+00:00, run_after=2024-06-29 00:00:00+00:00
[2024-06-29T12:08:29.364+0000] {processor.py:183} INFO - Processing /home/airflow/.local/lib/python3.12/site-packages/airflow/example_dags/example_task_group_decorator.py took 0.060 seconds
[2024-06-29T12:08:59.583+0000] {processor.py:161} INFO - Started process (PID=7930) to work on /home/airflow/.local/lib/python3.12/site-packages/airflow/example_dags/example_task_group_decorator.py
[2024-06-29T12:08:59.583+0000] {processor.py:830} INFO - Processing file /home/airflow/.local/lib/python3.12/site-packages/airflow/example_dags/example_task_group_decorator.py for tasks to queue
[2024-06-29T12:08:59.585+0000] {logging_mixin.py:188} INFO - [2024-06-29T12:08:59.584+0000] {dagbag.py:545} INFO - Filling up the DagBag from /home/airflow/.local/lib/python3.12/site-packages/airflow/example_dags/example_task_group_decorator.py
[2024-06-29T12:08:59.591+0000] {processor.py:840} INFO - DAG(s) 'example_task_group_decorator' retrieved from /home/airflow/.local/lib/python3.12/site-packages/airflow/example_dags/example_task_group_decorator.py
[2024-06-29T12:08:59.611+0000] {logging_mixin.py:188} INFO - [2024-06-29T12:08:59.611+0000] {dag.py:3096} INFO - Sync 1 DAGs
[2024-06-29T12:08:59.622+0000] {logging_mixin.py:188} INFO - [2024-06-29T12:08:59.622+0000] {dag.py:3954} INFO - Setting next_dagrun for example_task_group_decorator to 2024-06-28 00:00:00+00:00, run_after=2024-06-29 00:00:00+00:00
[2024-06-29T12:08:59.631+0000] {processor.py:183} INFO - Processing /home/airflow/.local/lib/python3.12/site-packages/airflow/example_dags/example_task_group_decorator.py took 0.052 seconds
[2024-06-29T12:09:29.912+0000] {processor.py:161} INFO - Started process (PID=8192) to work on /home/airflow/.local/lib/python3.12/site-packages/airflow/example_dags/example_task_group_decorator.py
[2024-06-29T12:09:29.913+0000] {processor.py:830} INFO - Processing file /home/airflow/.local/lib/python3.12/site-packages/airflow/example_dags/example_task_group_decorator.py for tasks to queue
[2024-06-29T12:09:29.914+0000] {logging_mixin.py:188} INFO - [2024-06-29T12:09:29.914+0000] {dagbag.py:545} INFO - Filling up the DagBag from /home/airflow/.local/lib/python3.12/site-packages/airflow/example_dags/example_task_group_decorator.py
[2024-06-29T12:09:29.921+0000] {processor.py:840} INFO - DAG(s) 'example_task_group_decorator' retrieved from /home/airflow/.local/lib/python3.12/site-packages/airflow/example_dags/example_task_group_decorator.py
[2024-06-29T12:09:29.937+0000] {logging_mixin.py:188} INFO - [2024-06-29T12:09:29.937+0000] {dag.py:3096} INFO - Sync 1 DAGs
[2024-06-29T12:09:29.948+0000] {logging_mixin.py:188} INFO - [2024-06-29T12:09:29.948+0000] {dag.py:3954} INFO - Setting next_dagrun for example_task_group_decorator to 2024-06-28 00:00:00+00:00, run_after=2024-06-29 00:00:00+00:00
[2024-06-29T12:09:29.957+0000] {processor.py:183} INFO - Processing /home/airflow/.local/lib/python3.12/site-packages/airflow/example_dags/example_task_group_decorator.py took 0.049 seconds
[2024-06-29T12:10:00.322+0000] {processor.py:161} INFO - Started process (PID=8454) to work on /home/airflow/.local/lib/python3.12/site-packages/airflow/example_dags/example_task_group_decorator.py
[2024-06-29T12:10:00.323+0000] {processor.py:830} INFO - Processing file /home/airflow/.local/lib/python3.12/site-packages/airflow/example_dags/example_task_group_decorator.py for tasks to queue
[2024-06-29T12:10:00.324+0000] {logging_mixin.py:188} INFO - [2024-06-29T12:10:00.324+0000] {dagbag.py:545} INFO - Filling up the DagBag from /home/airflow/.local/lib/python3.12/site-packages/airflow/example_dags/example_task_group_decorator.py
[2024-06-29T12:10:00.331+0000] {processor.py:840} INFO - DAG(s) 'example_task_group_decorator' retrieved from /home/airflow/.local/lib/python3.12/site-packages/airflow/example_dags/example_task_group_decorator.py
[2024-06-29T12:10:00.347+0000] {logging_mixin.py:188} INFO - [2024-06-29T12:10:00.346+0000] {dag.py:3096} INFO - Sync 1 DAGs
[2024-06-29T12:10:00.358+0000] {logging_mixin.py:188} INFO - [2024-06-29T12:10:00.358+0000] {dag.py:3954} INFO - Setting next_dagrun for example_task_group_decorator to 2024-06-28 00:00:00+00:00, run_after=2024-06-29 00:00:00+00:00
[2024-06-29T12:10:00.368+0000] {processor.py:183} INFO - Processing /home/airflow/.local/lib/python3.12/site-packages/airflow/example_dags/example_task_group_decorator.py took 0.049 seconds
[2024-06-29T12:10:31.105+0000] {processor.py:161} INFO - Started process (PID=8716) to work on /home/airflow/.local/lib/python3.12/site-packages/airflow/example_dags/example_task_group_decorator.py
[2024-06-29T12:10:31.106+0000] {processor.py:830} INFO - Processing file /home/airflow/.local/lib/python3.12/site-packages/airflow/example_dags/example_task_group_decorator.py for tasks to queue
[2024-06-29T12:10:31.107+0000] {logging_mixin.py:188} INFO - [2024-06-29T12:10:31.107+0000] {dagbag.py:545} INFO - Filling up the DagBag from /home/airflow/.local/lib/python3.12/site-packages/airflow/example_dags/example_task_group_decorator.py
[2024-06-29T12:10:31.114+0000] {processor.py:840} INFO - DAG(s) 'example_task_group_decorator' retrieved from /home/airflow/.local/lib/python3.12/site-packages/airflow/example_dags/example_task_group_decorator.py
[2024-06-29T12:10:31.133+0000] {logging_mixin.py:188} INFO - [2024-06-29T12:10:31.133+0000] {dag.py:3096} INFO - Sync 1 DAGs
[2024-06-29T12:10:31.143+0000] {logging_mixin.py:188} INFO - [2024-06-29T12:10:31.143+0000] {dag.py:3954} INFO - Setting next_dagrun for example_task_group_decorator to 2024-06-28 00:00:00+00:00, run_after=2024-06-29 00:00:00+00:00
[2024-06-29T12:10:31.152+0000] {processor.py:183} INFO - Processing /home/airflow/.local/lib/python3.12/site-packages/airflow/example_dags/example_task_group_decorator.py took 0.051 seconds
[2024-06-29T12:11:01.907+0000] {processor.py:161} INFO - Started process (PID=8980) to work on /home/airflow/.local/lib/python3.12/site-packages/airflow/example_dags/example_task_group_decorator.py
[2024-06-29T12:11:01.908+0000] {processor.py:830} INFO - Processing file /home/airflow/.local/lib/python3.12/site-packages/airflow/example_dags/example_task_group_decorator.py for tasks to queue
[2024-06-29T12:11:01.909+0000] {logging_mixin.py:188} INFO - [2024-06-29T12:11:01.909+0000] {dagbag.py:545} INFO - Filling up the DagBag from /home/airflow/.local/lib/python3.12/site-packages/airflow/example_dags/example_task_group_decorator.py
[2024-06-29T12:11:01.916+0000] {processor.py:840} INFO - DAG(s) 'example_task_group_decorator' retrieved from /home/airflow/.local/lib/python3.12/site-packages/airflow/example_dags/example_task_group_decorator.py
[2024-06-29T12:11:01.931+0000] {logging_mixin.py:188} INFO - [2024-06-29T12:11:01.931+0000] {dag.py:3096} INFO - Sync 1 DAGs
[2024-06-29T12:11:01.942+0000] {logging_mixin.py:188} INFO - [2024-06-29T12:11:01.942+0000] {dag.py:3954} INFO - Setting next_dagrun for example_task_group_decorator to 2024-06-28 00:00:00+00:00, run_after=2024-06-29 00:00:00+00:00
[2024-06-29T12:11:01.951+0000] {processor.py:183} INFO - Processing /home/airflow/.local/lib/python3.12/site-packages/airflow/example_dags/example_task_group_decorator.py took 0.047 seconds
[2024-06-29T12:11:32.237+0000] {processor.py:161} INFO - Started process (PID=9240) to work on /home/airflow/.local/lib/python3.12/site-packages/airflow/example_dags/example_task_group_decorator.py
[2024-06-29T12:11:32.237+0000] {processor.py:830} INFO - Processing file /home/airflow/.local/lib/python3.12/site-packages/airflow/example_dags/example_task_group_decorator.py for tasks to queue
[2024-06-29T12:11:32.238+0000] {logging_mixin.py:188} INFO - [2024-06-29T12:11:32.238+0000] {dagbag.py:545} INFO - Filling up the DagBag from /home/airflow/.local/lib/python3.12/site-packages/airflow/example_dags/example_task_group_decorator.py
[2024-06-29T12:11:32.245+0000] {processor.py:840} INFO - DAG(s) 'example_task_group_decorator' retrieved from /home/airflow/.local/lib/python3.12/site-packages/airflow/example_dags/example_task_group_decorator.py
[2024-06-29T12:11:32.261+0000] {logging_mixin.py:188} INFO - [2024-06-29T12:11:32.260+0000] {dag.py:3096} INFO - Sync 1 DAGs
[2024-06-29T12:11:32.273+0000] {logging_mixin.py:188} INFO - [2024-06-29T12:11:32.273+0000] {dag.py:3954} INFO - Setting next_dagrun for example_task_group_decorator to 2024-06-28 00:00:00+00:00, run_after=2024-06-29 00:00:00+00:00
[2024-06-29T12:11:32.283+0000] {processor.py:183} INFO - Processing /home/airflow/.local/lib/python3.12/site-packages/airflow/example_dags/example_task_group_decorator.py took 0.050 seconds
[2024-06-29T12:12:02.889+0000] {processor.py:161} INFO - Started process (PID=9502) to work on /home/airflow/.local/lib/python3.12/site-packages/airflow/example_dags/example_task_group_decorator.py
[2024-06-29T12:12:02.890+0000] {processor.py:830} INFO - Processing file /home/airflow/.local/lib/python3.12/site-packages/airflow/example_dags/example_task_group_decorator.py for tasks to queue
[2024-06-29T12:12:02.891+0000] {logging_mixin.py:188} INFO - [2024-06-29T12:12:02.891+0000] {dagbag.py:545} INFO - Filling up the DagBag from /home/airflow/.local/lib/python3.12/site-packages/airflow/example_dags/example_task_group_decorator.py
[2024-06-29T12:12:02.898+0000] {processor.py:840} INFO - DAG(s) 'example_task_group_decorator' retrieved from /home/airflow/.local/lib/python3.12/site-packages/airflow/example_dags/example_task_group_decorator.py
[2024-06-29T12:12:02.916+0000] {logging_mixin.py:188} INFO - [2024-06-29T12:12:02.916+0000] {dag.py:3096} INFO - Sync 1 DAGs
[2024-06-29T12:12:02.927+0000] {logging_mixin.py:188} INFO - [2024-06-29T12:12:02.927+0000] {dag.py:3954} INFO - Setting next_dagrun for example_task_group_decorator to 2024-06-28 00:00:00+00:00, run_after=2024-06-29 00:00:00+00:00
[2024-06-29T12:12:02.937+0000] {processor.py:183} INFO - Processing /home/airflow/.local/lib/python3.12/site-packages/airflow/example_dags/example_task_group_decorator.py took 0.051 seconds
[2024-06-29T12:12:32.985+0000] {processor.py:161} INFO - Started process (PID=9765) to work on /home/airflow/.local/lib/python3.12/site-packages/airflow/example_dags/example_task_group_decorator.py
[2024-06-29T12:12:32.986+0000] {processor.py:830} INFO - Processing file /home/airflow/.local/lib/python3.12/site-packages/airflow/example_dags/example_task_group_decorator.py for tasks to queue
[2024-06-29T12:12:32.987+0000] {logging_mixin.py:188} INFO - [2024-06-29T12:12:32.987+0000] {dagbag.py:545} INFO - Filling up the DagBag from /home/airflow/.local/lib/python3.12/site-packages/airflow/example_dags/example_task_group_decorator.py
[2024-06-29T12:12:32.994+0000] {processor.py:840} INFO - DAG(s) 'example_task_group_decorator' retrieved from /home/airflow/.local/lib/python3.12/site-packages/airflow/example_dags/example_task_group_decorator.py
[2024-06-29T12:12:33.010+0000] {logging_mixin.py:188} INFO - [2024-06-29T12:12:33.010+0000] {dag.py:3096} INFO - Sync 1 DAGs
[2024-06-29T12:12:33.021+0000] {logging_mixin.py:188} INFO - [2024-06-29T12:12:33.021+0000] {dag.py:3954} INFO - Setting next_dagrun for example_task_group_decorator to 2024-06-28 00:00:00+00:00, run_after=2024-06-29 00:00:00+00:00
[2024-06-29T12:12:33.031+0000] {processor.py:183} INFO - Processing /home/airflow/.local/lib/python3.12/site-packages/airflow/example_dags/example_task_group_decorator.py took 0.050 seconds
[2024-06-29T12:13:03.191+0000] {processor.py:161} INFO - Started process (PID=10027) to work on /home/airflow/.local/lib/python3.12/site-packages/airflow/example_dags/example_task_group_decorator.py
[2024-06-29T12:13:03.192+0000] {processor.py:830} INFO - Processing file /home/airflow/.local/lib/python3.12/site-packages/airflow/example_dags/example_task_group_decorator.py for tasks to queue
[2024-06-29T12:13:03.193+0000] {logging_mixin.py:188} INFO - [2024-06-29T12:13:03.193+0000] {dagbag.py:545} INFO - Filling up the DagBag from /home/airflow/.local/lib/python3.12/site-packages/airflow/example_dags/example_task_group_decorator.py
[2024-06-29T12:13:03.200+0000] {processor.py:840} INFO - DAG(s) 'example_task_group_decorator' retrieved from /home/airflow/.local/lib/python3.12/site-packages/airflow/example_dags/example_task_group_decorator.py
[2024-06-29T12:13:03.216+0000] {logging_mixin.py:188} INFO - [2024-06-29T12:13:03.216+0000] {dag.py:3096} INFO - Sync 1 DAGs
[2024-06-29T12:13:03.227+0000] {logging_mixin.py:188} INFO - [2024-06-29T12:13:03.227+0000] {dag.py:3954} INFO - Setting next_dagrun for example_task_group_decorator to 2024-06-28 00:00:00+00:00, run_after=2024-06-29 00:00:00+00:00
[2024-06-29T12:13:03.235+0000] {processor.py:183} INFO - Processing /home/airflow/.local/lib/python3.12/site-packages/airflow/example_dags/example_task_group_decorator.py took 0.047 seconds
[2024-06-29T12:13:33.365+0000] {processor.py:161} INFO - Started process (PID=10288) to work on /home/airflow/.local/lib/python3.12/site-packages/airflow/example_dags/example_task_group_decorator.py
[2024-06-29T12:13:33.366+0000] {processor.py:830} INFO - Processing file /home/airflow/.local/lib/python3.12/site-packages/airflow/example_dags/example_task_group_decorator.py for tasks to queue
[2024-06-29T12:13:33.367+0000] {logging_mixin.py:188} INFO - [2024-06-29T12:13:33.366+0000] {dagbag.py:545} INFO - Filling up the DagBag from /home/airflow/.local/lib/python3.12/site-packages/airflow/example_dags/example_task_group_decorator.py
[2024-06-29T12:13:33.374+0000] {processor.py:840} INFO - DAG(s) 'example_task_group_decorator' retrieved from /home/airflow/.local/lib/python3.12/site-packages/airflow/example_dags/example_task_group_decorator.py
[2024-06-29T12:13:33.389+0000] {logging_mixin.py:188} INFO - [2024-06-29T12:13:33.389+0000] {dag.py:3096} INFO - Sync 1 DAGs
[2024-06-29T12:13:33.401+0000] {logging_mixin.py:188} INFO - [2024-06-29T12:13:33.401+0000] {dag.py:3954} INFO - Setting next_dagrun for example_task_group_decorator to 2024-06-28 00:00:00+00:00, run_after=2024-06-29 00:00:00+00:00
[2024-06-29T12:13:33.410+0000] {processor.py:183} INFO - Processing /home/airflow/.local/lib/python3.12/site-packages/airflow/example_dags/example_task_group_decorator.py took 0.049 seconds
[2024-06-29T12:14:03.570+0000] {processor.py:161} INFO - Started process (PID=10550) to work on /home/airflow/.local/lib/python3.12/site-packages/airflow/example_dags/example_task_group_decorator.py
[2024-06-29T12:14:03.571+0000] {processor.py:830} INFO - Processing file /home/airflow/.local/lib/python3.12/site-packages/airflow/example_dags/example_task_group_decorator.py for tasks to queue
[2024-06-29T12:14:03.572+0000] {logging_mixin.py:188} INFO - [2024-06-29T12:14:03.572+0000] {dagbag.py:545} INFO - Filling up the DagBag from /home/airflow/.local/lib/python3.12/site-packages/airflow/example_dags/example_task_group_decorator.py
[2024-06-29T12:14:03.579+0000] {processor.py:840} INFO - DAG(s) 'example_task_group_decorator' retrieved from /home/airflow/.local/lib/python3.12/site-packages/airflow/example_dags/example_task_group_decorator.py
[2024-06-29T12:14:03.595+0000] {logging_mixin.py:188} INFO - [2024-06-29T12:14:03.595+0000] {dag.py:3096} INFO - Sync 1 DAGs
[2024-06-29T12:14:03.606+0000] {logging_mixin.py:188} INFO - [2024-06-29T12:14:03.606+0000] {dag.py:3954} INFO - Setting next_dagrun for example_task_group_decorator to 2024-06-28 00:00:00+00:00, run_after=2024-06-29 00:00:00+00:00
[2024-06-29T12:14:03.615+0000] {processor.py:183} INFO - Processing /home/airflow/.local/lib/python3.12/site-packages/airflow/example_dags/example_task_group_decorator.py took 0.048 seconds
[2024-06-29T12:14:33.654+0000] {processor.py:161} INFO - Started process (PID=10812) to work on /home/airflow/.local/lib/python3.12/site-packages/airflow/example_dags/example_task_group_decorator.py
[2024-06-29T12:14:33.654+0000] {processor.py:830} INFO - Processing file /home/airflow/.local/lib/python3.12/site-packages/airflow/example_dags/example_task_group_decorator.py for tasks to queue
[2024-06-29T12:14:33.655+0000] {logging_mixin.py:188} INFO - [2024-06-29T12:14:33.655+0000] {dagbag.py:545} INFO - Filling up the DagBag from /home/airflow/.local/lib/python3.12/site-packages/airflow/example_dags/example_task_group_decorator.py
[2024-06-29T12:14:33.663+0000] {processor.py:840} INFO - DAG(s) 'example_task_group_decorator' retrieved from /home/airflow/.local/lib/python3.12/site-packages/airflow/example_dags/example_task_group_decorator.py
[2024-06-29T12:14:33.681+0000] {logging_mixin.py:188} INFO - [2024-06-29T12:14:33.681+0000] {dag.py:3096} INFO - Sync 1 DAGs
[2024-06-29T12:14:33.693+0000] {logging_mixin.py:188} INFO - [2024-06-29T12:14:33.693+0000] {dag.py:3954} INFO - Setting next_dagrun for example_task_group_decorator to 2024-06-28 00:00:00+00:00, run_after=2024-06-29 00:00:00+00:00
[2024-06-29T12:14:33.702+0000] {processor.py:183} INFO - Processing /home/airflow/.local/lib/python3.12/site-packages/airflow/example_dags/example_task_group_decorator.py took 0.052 seconds
[2024-06-29T12:15:04.713+0000] {processor.py:161} INFO - Started process (PID=11074) to work on /home/airflow/.local/lib/python3.12/site-packages/airflow/example_dags/example_task_group_decorator.py
[2024-06-29T12:15:04.714+0000] {processor.py:830} INFO - Processing file /home/airflow/.local/lib/python3.12/site-packages/airflow/example_dags/example_task_group_decorator.py for tasks to queue
[2024-06-29T12:15:04.715+0000] {logging_mixin.py:188} INFO - [2024-06-29T12:15:04.715+0000] {dagbag.py:545} INFO - Filling up the DagBag from /home/airflow/.local/lib/python3.12/site-packages/airflow/example_dags/example_task_group_decorator.py
[2024-06-29T12:15:04.722+0000] {processor.py:840} INFO - DAG(s) 'example_task_group_decorator' retrieved from /home/airflow/.local/lib/python3.12/site-packages/airflow/example_dags/example_task_group_decorator.py
[2024-06-29T12:15:04.737+0000] {logging_mixin.py:188} INFO - [2024-06-29T12:15:04.737+0000] {dag.py:3096} INFO - Sync 1 DAGs
[2024-06-29T12:15:04.748+0000] {logging_mixin.py:188} INFO - [2024-06-29T12:15:04.748+0000] {dag.py:3954} INFO - Setting next_dagrun for example_task_group_decorator to 2024-06-28 00:00:00+00:00, run_after=2024-06-29 00:00:00+00:00
[2024-06-29T12:15:04.756+0000] {processor.py:183} INFO - Processing /home/airflow/.local/lib/python3.12/site-packages/airflow/example_dags/example_task_group_decorator.py took 0.046 seconds
[2024-06-29T12:15:34.946+0000] {processor.py:161} INFO - Started process (PID=11336) to work on /home/airflow/.local/lib/python3.12/site-packages/airflow/example_dags/example_task_group_decorator.py
[2024-06-29T12:15:34.947+0000] {processor.py:830} INFO - Processing file /home/airflow/.local/lib/python3.12/site-packages/airflow/example_dags/example_task_group_decorator.py for tasks to queue
[2024-06-29T12:15:34.948+0000] {logging_mixin.py:188} INFO - [2024-06-29T12:15:34.948+0000] {dagbag.py:545} INFO - Filling up the DagBag from /home/airflow/.local/lib/python3.12/site-packages/airflow/example_dags/example_task_group_decorator.py
[2024-06-29T12:15:34.955+0000] {processor.py:840} INFO - DAG(s) 'example_task_group_decorator' retrieved from /home/airflow/.local/lib/python3.12/site-packages/airflow/example_dags/example_task_group_decorator.py
[2024-06-29T12:15:34.971+0000] {logging_mixin.py:188} INFO - [2024-06-29T12:15:34.971+0000] {dag.py:3096} INFO - Sync 1 DAGs
[2024-06-29T12:15:34.983+0000] {logging_mixin.py:188} INFO - [2024-06-29T12:15:34.982+0000] {dag.py:3954} INFO - Setting next_dagrun for example_task_group_decorator to 2024-06-28 00:00:00+00:00, run_after=2024-06-29 00:00:00+00:00
[2024-06-29T12:15:34.991+0000] {processor.py:183} INFO - Processing /home/airflow/.local/lib/python3.12/site-packages/airflow/example_dags/example_task_group_decorator.py took 0.048 seconds
[2024-06-29T12:16:05.070+0000] {processor.py:161} INFO - Started process (PID=11593) to work on /home/airflow/.local/lib/python3.12/site-packages/airflow/example_dags/example_task_group_decorator.py
[2024-06-29T12:16:05.070+0000] {processor.py:830} INFO - Processing file /home/airflow/.local/lib/python3.12/site-packages/airflow/example_dags/example_task_group_decorator.py for tasks to queue
[2024-06-29T12:16:05.072+0000] {logging_mixin.py:188} INFO - [2024-06-29T12:16:05.071+0000] {dagbag.py:545} INFO - Filling up the DagBag from /home/airflow/.local/lib/python3.12/site-packages/airflow/example_dags/example_task_group_decorator.py
[2024-06-29T12:16:05.079+0000] {processor.py:840} INFO - DAG(s) 'example_task_group_decorator' retrieved from /home/airflow/.local/lib/python3.12/site-packages/airflow/example_dags/example_task_group_decorator.py
[2024-06-29T12:16:05.095+0000] {logging_mixin.py:188} INFO - [2024-06-29T12:16:05.094+0000] {dag.py:3096} INFO - Sync 1 DAGs
[2024-06-29T12:16:05.105+0000] {logging_mixin.py:188} INFO - [2024-06-29T12:16:05.105+0000] {dag.py:3954} INFO - Setting next_dagrun for example_task_group_decorator to 2024-06-28 00:00:00+00:00, run_after=2024-06-29 00:00:00+00:00
[2024-06-29T12:16:05.114+0000] {processor.py:183} INFO - Processing /home/airflow/.local/lib/python3.12/site-packages/airflow/example_dags/example_task_group_decorator.py took 0.048 seconds
[2024-06-29T12:16:35.304+0000] {processor.py:161} INFO - Started process (PID=11857) to work on /home/airflow/.local/lib/python3.12/site-packages/airflow/example_dags/example_task_group_decorator.py
[2024-06-29T12:16:35.305+0000] {processor.py:830} INFO - Processing file /home/airflow/.local/lib/python3.12/site-packages/airflow/example_dags/example_task_group_decorator.py for tasks to queue
[2024-06-29T12:16:35.306+0000] {logging_mixin.py:188} INFO - [2024-06-29T12:16:35.306+0000] {dagbag.py:545} INFO - Filling up the DagBag from /home/airflow/.local/lib/python3.12/site-packages/airflow/example_dags/example_task_group_decorator.py
[2024-06-29T12:16:35.314+0000] {processor.py:840} INFO - DAG(s) 'example_task_group_decorator' retrieved from /home/airflow/.local/lib/python3.12/site-packages/airflow/example_dags/example_task_group_decorator.py
[2024-06-29T12:16:35.329+0000] {logging_mixin.py:188} INFO - [2024-06-29T12:16:35.329+0000] {dag.py:3096} INFO - Sync 1 DAGs
[2024-06-29T12:16:35.339+0000] {logging_mixin.py:188} INFO - [2024-06-29T12:16:35.339+0000] {dag.py:3954} INFO - Setting next_dagrun for example_task_group_decorator to 2024-06-28 00:00:00+00:00, run_after=2024-06-29 00:00:00+00:00
[2024-06-29T12:16:35.347+0000] {processor.py:183} INFO - Processing /home/airflow/.local/lib/python3.12/site-packages/airflow/example_dags/example_task_group_decorator.py took 0.047 seconds
[2024-06-29T12:17:05.527+0000] {processor.py:161} INFO - Started process (PID=12117) to work on /home/airflow/.local/lib/python3.12/site-packages/airflow/example_dags/example_task_group_decorator.py
[2024-06-29T12:17:05.528+0000] {processor.py:830} INFO - Processing file /home/airflow/.local/lib/python3.12/site-packages/airflow/example_dags/example_task_group_decorator.py for tasks to queue
[2024-06-29T12:17:05.529+0000] {logging_mixin.py:188} INFO - [2024-06-29T12:17:05.529+0000] {dagbag.py:545} INFO - Filling up the DagBag from /home/airflow/.local/lib/python3.12/site-packages/airflow/example_dags/example_task_group_decorator.py
[2024-06-29T12:17:05.536+0000] {processor.py:840} INFO - DAG(s) 'example_task_group_decorator' retrieved from /home/airflow/.local/lib/python3.12/site-packages/airflow/example_dags/example_task_group_decorator.py
[2024-06-29T12:17:05.554+0000] {logging_mixin.py:188} INFO - [2024-06-29T12:17:05.554+0000] {dag.py:3096} INFO - Sync 1 DAGs
[2024-06-29T12:17:05.566+0000] {logging_mixin.py:188} INFO - [2024-06-29T12:17:05.566+0000] {dag.py:3954} INFO - Setting next_dagrun for example_task_group_decorator to 2024-06-28 00:00:00+00:00, run_after=2024-06-29 00:00:00+00:00
[2024-06-29T12:17:05.577+0000] {processor.py:183} INFO - Processing /home/airflow/.local/lib/python3.12/site-packages/airflow/example_dags/example_task_group_decorator.py took 0.054 seconds
[2024-06-29T12:17:35.705+0000] {processor.py:161} INFO - Started process (PID=12381) to work on /home/airflow/.local/lib/python3.12/site-packages/airflow/example_dags/example_task_group_decorator.py
[2024-06-29T12:17:35.705+0000] {processor.py:830} INFO - Processing file /home/airflow/.local/lib/python3.12/site-packages/airflow/example_dags/example_task_group_decorator.py for tasks to queue
[2024-06-29T12:17:35.706+0000] {logging_mixin.py:188} INFO - [2024-06-29T12:17:35.706+0000] {dagbag.py:545} INFO - Filling up the DagBag from /home/airflow/.local/lib/python3.12/site-packages/airflow/example_dags/example_task_group_decorator.py
[2024-06-29T12:17:35.713+0000] {processor.py:840} INFO - DAG(s) 'example_task_group_decorator' retrieved from /home/airflow/.local/lib/python3.12/site-packages/airflow/example_dags/example_task_group_decorator.py
[2024-06-29T12:17:35.728+0000] {logging_mixin.py:188} INFO - [2024-06-29T12:17:35.728+0000] {dag.py:3096} INFO - Sync 1 DAGs
[2024-06-29T12:17:35.738+0000] {logging_mixin.py:188} INFO - [2024-06-29T12:17:35.738+0000] {dag.py:3954} INFO - Setting next_dagrun for example_task_group_decorator to 2024-06-28 00:00:00+00:00, run_after=2024-06-29 00:00:00+00:00
[2024-06-29T12:17:35.746+0000] {processor.py:183} INFO - Processing /home/airflow/.local/lib/python3.12/site-packages/airflow/example_dags/example_task_group_decorator.py took 0.045 seconds
[2024-06-29T12:18:05.829+0000] {processor.py:161} INFO - Started process (PID=12641) to work on /home/airflow/.local/lib/python3.12/site-packages/airflow/example_dags/example_task_group_decorator.py
[2024-06-29T12:18:05.829+0000] {processor.py:830} INFO - Processing file /home/airflow/.local/lib/python3.12/site-packages/airflow/example_dags/example_task_group_decorator.py for tasks to queue
[2024-06-29T12:18:05.830+0000] {logging_mixin.py:188} INFO - [2024-06-29T12:18:05.830+0000] {dagbag.py:545} INFO - Filling up the DagBag from /home/airflow/.local/lib/python3.12/site-packages/airflow/example_dags/example_task_group_decorator.py
[2024-06-29T12:18:05.838+0000] {processor.py:840} INFO - DAG(s) 'example_task_group_decorator' retrieved from /home/airflow/.local/lib/python3.12/site-packages/airflow/example_dags/example_task_group_decorator.py
[2024-06-29T12:18:05.854+0000] {logging_mixin.py:188} INFO - [2024-06-29T12:18:05.853+0000] {dag.py:3096} INFO - Sync 1 DAGs
[2024-06-29T12:18:05.865+0000] {logging_mixin.py:188} INFO - [2024-06-29T12:18:05.864+0000] {dag.py:3954} INFO - Setting next_dagrun for example_task_group_decorator to 2024-06-28 00:00:00+00:00, run_after=2024-06-29 00:00:00+00:00
[2024-06-29T12:18:05.873+0000] {processor.py:183} INFO - Processing /home/airflow/.local/lib/python3.12/site-packages/airflow/example_dags/example_task_group_decorator.py took 0.049 seconds
[2024-06-29T12:18:36.068+0000] {processor.py:161} INFO - Started process (PID=12902) to work on /home/airflow/.local/lib/python3.12/site-packages/airflow/example_dags/example_task_group_decorator.py
[2024-06-29T12:18:36.069+0000] {processor.py:830} INFO - Processing file /home/airflow/.local/lib/python3.12/site-packages/airflow/example_dags/example_task_group_decorator.py for tasks to queue
[2024-06-29T12:18:36.070+0000] {logging_mixin.py:188} INFO - [2024-06-29T12:18:36.070+0000] {dagbag.py:545} INFO - Filling up the DagBag from /home/airflow/.local/lib/python3.12/site-packages/airflow/example_dags/example_task_group_decorator.py
[2024-06-29T12:18:36.078+0000] {processor.py:840} INFO - DAG(s) 'example_task_group_decorator' retrieved from /home/airflow/.local/lib/python3.12/site-packages/airflow/example_dags/example_task_group_decorator.py
[2024-06-29T12:18:36.094+0000] {logging_mixin.py:188} INFO - [2024-06-29T12:18:36.094+0000] {dag.py:3096} INFO - Sync 1 DAGs
[2024-06-29T12:18:36.106+0000] {logging_mixin.py:188} INFO - [2024-06-29T12:18:36.106+0000] {dag.py:3954} INFO - Setting next_dagrun for example_task_group_decorator to 2024-06-28 00:00:00+00:00, run_after=2024-06-29 00:00:00+00:00
[2024-06-29T12:18:36.115+0000] {processor.py:183} INFO - Processing /home/airflow/.local/lib/python3.12/site-packages/airflow/example_dags/example_task_group_decorator.py took 0.051 seconds
[2024-06-29T12:19:06.212+0000] {processor.py:161} INFO - Started process (PID=13165) to work on /home/airflow/.local/lib/python3.12/site-packages/airflow/example_dags/example_task_group_decorator.py
[2024-06-29T12:19:06.213+0000] {processor.py:830} INFO - Processing file /home/airflow/.local/lib/python3.12/site-packages/airflow/example_dags/example_task_group_decorator.py for tasks to queue
[2024-06-29T12:19:06.214+0000] {logging_mixin.py:188} INFO - [2024-06-29T12:19:06.214+0000] {dagbag.py:545} INFO - Filling up the DagBag from /home/airflow/.local/lib/python3.12/site-packages/airflow/example_dags/example_task_group_decorator.py
[2024-06-29T12:19:06.221+0000] {processor.py:840} INFO - DAG(s) 'example_task_group_decorator' retrieved from /home/airflow/.local/lib/python3.12/site-packages/airflow/example_dags/example_task_group_decorator.py
[2024-06-29T12:19:06.237+0000] {logging_mixin.py:188} INFO - [2024-06-29T12:19:06.236+0000] {dag.py:3096} INFO - Sync 1 DAGs
[2024-06-29T12:19:06.248+0000] {logging_mixin.py:188} INFO - [2024-06-29T12:19:06.248+0000] {dag.py:3954} INFO - Setting next_dagrun for example_task_group_decorator to 2024-06-28 00:00:00+00:00, run_after=2024-06-29 00:00:00+00:00
[2024-06-29T12:19:06.257+0000] {processor.py:183} INFO - Processing /home/airflow/.local/lib/python3.12/site-packages/airflow/example_dags/example_task_group_decorator.py took 0.048 seconds
[2024-06-29T12:19:37.361+0000] {processor.py:161} INFO - Started process (PID=13429) to work on /home/airflow/.local/lib/python3.12/site-packages/airflow/example_dags/example_task_group_decorator.py
[2024-06-29T12:19:37.361+0000] {processor.py:830} INFO - Processing file /home/airflow/.local/lib/python3.12/site-packages/airflow/example_dags/example_task_group_decorator.py for tasks to queue
[2024-06-29T12:19:37.363+0000] {logging_mixin.py:188} INFO - [2024-06-29T12:19:37.362+0000] {dagbag.py:545} INFO - Filling up the DagBag from /home/airflow/.local/lib/python3.12/site-packages/airflow/example_dags/example_task_group_decorator.py
[2024-06-29T12:19:37.370+0000] {processor.py:840} INFO - DAG(s) 'example_task_group_decorator' retrieved from /home/airflow/.local/lib/python3.12/site-packages/airflow/example_dags/example_task_group_decorator.py
[2024-06-29T12:19:37.384+0000] {logging_mixin.py:188} INFO - [2024-06-29T12:19:37.384+0000] {dag.py:3096} INFO - Sync 1 DAGs
[2024-06-29T12:19:37.395+0000] {logging_mixin.py:188} INFO - [2024-06-29T12:19:37.394+0000] {dag.py:3954} INFO - Setting next_dagrun for example_task_group_decorator to 2024-06-28 00:00:00+00:00, run_after=2024-06-29 00:00:00+00:00
[2024-06-29T12:19:37.402+0000] {processor.py:183} INFO - Processing /home/airflow/.local/lib/python3.12/site-packages/airflow/example_dags/example_task_group_decorator.py took 0.045 seconds
[2024-06-29T12:20:07.533+0000] {processor.py:161} INFO - Started process (PID=13691) to work on /home/airflow/.local/lib/python3.12/site-packages/airflow/example_dags/example_task_group_decorator.py
[2024-06-29T12:20:07.534+0000] {processor.py:830} INFO - Processing file /home/airflow/.local/lib/python3.12/site-packages/airflow/example_dags/example_task_group_decorator.py for tasks to queue
[2024-06-29T12:20:07.535+0000] {logging_mixin.py:188} INFO - [2024-06-29T12:20:07.535+0000] {dagbag.py:545} INFO - Filling up the DagBag from /home/airflow/.local/lib/python3.12/site-packages/airflow/example_dags/example_task_group_decorator.py
[2024-06-29T12:20:07.542+0000] {processor.py:840} INFO - DAG(s) 'example_task_group_decorator' retrieved from /home/airflow/.local/lib/python3.12/site-packages/airflow/example_dags/example_task_group_decorator.py
[2024-06-29T12:20:07.557+0000] {logging_mixin.py:188} INFO - [2024-06-29T12:20:07.557+0000] {dag.py:3096} INFO - Sync 1 DAGs
[2024-06-29T12:20:07.567+0000] {logging_mixin.py:188} INFO - [2024-06-29T12:20:07.567+0000] {dag.py:3954} INFO - Setting next_dagrun for example_task_group_decorator to 2024-06-28 00:00:00+00:00, run_after=2024-06-29 00:00:00+00:00
[2024-06-29T12:20:07.577+0000] {processor.py:183} INFO - Processing /home/airflow/.local/lib/python3.12/site-packages/airflow/example_dags/example_task_group_decorator.py took 0.047 seconds
[2024-06-29T12:20:37.779+0000] {processor.py:161} INFO - Started process (PID=13951) to work on /home/airflow/.local/lib/python3.12/site-packages/airflow/example_dags/example_task_group_decorator.py
[2024-06-29T12:20:37.780+0000] {processor.py:830} INFO - Processing file /home/airflow/.local/lib/python3.12/site-packages/airflow/example_dags/example_task_group_decorator.py for tasks to queue
[2024-06-29T12:20:37.781+0000] {logging_mixin.py:188} INFO - [2024-06-29T12:20:37.781+0000] {dagbag.py:545} INFO - Filling up the DagBag from /home/airflow/.local/lib/python3.12/site-packages/airflow/example_dags/example_task_group_decorator.py
[2024-06-29T12:20:37.789+0000] {processor.py:840} INFO - DAG(s) 'example_task_group_decorator' retrieved from /home/airflow/.local/lib/python3.12/site-packages/airflow/example_dags/example_task_group_decorator.py
[2024-06-29T12:20:37.805+0000] {logging_mixin.py:188} INFO - [2024-06-29T12:20:37.805+0000] {dag.py:3096} INFO - Sync 1 DAGs
[2024-06-29T12:20:37.817+0000] {logging_mixin.py:188} INFO - [2024-06-29T12:20:37.817+0000] {dag.py:3954} INFO - Setting next_dagrun for example_task_group_decorator to 2024-06-28 00:00:00+00:00, run_after=2024-06-29 00:00:00+00:00
[2024-06-29T12:20:37.826+0000] {processor.py:183} INFO - Processing /home/airflow/.local/lib/python3.12/site-packages/airflow/example_dags/example_task_group_decorator.py took 0.050 seconds
[2024-06-29T12:21:07.912+0000] {processor.py:161} INFO - Started process (PID=14215) to work on /home/airflow/.local/lib/python3.12/site-packages/airflow/example_dags/example_task_group_decorator.py
[2024-06-29T12:21:07.913+0000] {processor.py:830} INFO - Processing file /home/airflow/.local/lib/python3.12/site-packages/airflow/example_dags/example_task_group_decorator.py for tasks to queue
[2024-06-29T12:21:07.914+0000] {logging_mixin.py:188} INFO - [2024-06-29T12:21:07.914+0000] {dagbag.py:545} INFO - Filling up the DagBag from /home/airflow/.local/lib/python3.12/site-packages/airflow/example_dags/example_task_group_decorator.py
[2024-06-29T12:21:07.920+0000] {processor.py:840} INFO - DAG(s) 'example_task_group_decorator' retrieved from /home/airflow/.local/lib/python3.12/site-packages/airflow/example_dags/example_task_group_decorator.py
[2024-06-29T12:21:07.936+0000] {logging_mixin.py:188} INFO - [2024-06-29T12:21:07.935+0000] {dag.py:3096} INFO - Sync 1 DAGs
[2024-06-29T12:21:07.946+0000] {logging_mixin.py:188} INFO - [2024-06-29T12:21:07.945+0000] {dag.py:3954} INFO - Setting next_dagrun for example_task_group_decorator to 2024-06-28 00:00:00+00:00, run_after=2024-06-29 00:00:00+00:00
[2024-06-29T12:21:07.955+0000] {processor.py:183} INFO - Processing /home/airflow/.local/lib/python3.12/site-packages/airflow/example_dags/example_task_group_decorator.py took 0.046 seconds
[2024-06-29T12:21:38.156+0000] {processor.py:161} INFO - Started process (PID=14475) to work on /home/airflow/.local/lib/python3.12/site-packages/airflow/example_dags/example_task_group_decorator.py
[2024-06-29T12:21:38.157+0000] {processor.py:830} INFO - Processing file /home/airflow/.local/lib/python3.12/site-packages/airflow/example_dags/example_task_group_decorator.py for tasks to queue
[2024-06-29T12:21:38.158+0000] {logging_mixin.py:188} INFO - [2024-06-29T12:21:38.158+0000] {dagbag.py:545} INFO - Filling up the DagBag from /home/airflow/.local/lib/python3.12/site-packages/airflow/example_dags/example_task_group_decorator.py
[2024-06-29T12:21:38.165+0000] {processor.py:840} INFO - DAG(s) 'example_task_group_decorator' retrieved from /home/airflow/.local/lib/python3.12/site-packages/airflow/example_dags/example_task_group_decorator.py
[2024-06-29T12:21:38.180+0000] {logging_mixin.py:188} INFO - [2024-06-29T12:21:38.180+0000] {dag.py:3096} INFO - Sync 1 DAGs
[2024-06-29T12:21:38.192+0000] {logging_mixin.py:188} INFO - [2024-06-29T12:21:38.191+0000] {dag.py:3954} INFO - Setting next_dagrun for example_task_group_decorator to 2024-06-28 00:00:00+00:00, run_after=2024-06-29 00:00:00+00:00
[2024-06-29T12:21:38.201+0000] {processor.py:183} INFO - Processing /home/airflow/.local/lib/python3.12/site-packages/airflow/example_dags/example_task_group_decorator.py took 0.048 seconds
[2024-06-29T12:22:08.360+0000] {processor.py:161} INFO - Started process (PID=14739) to work on /home/airflow/.local/lib/python3.12/site-packages/airflow/example_dags/example_task_group_decorator.py
[2024-06-29T12:22:08.361+0000] {processor.py:830} INFO - Processing file /home/airflow/.local/lib/python3.12/site-packages/airflow/example_dags/example_task_group_decorator.py for tasks to queue
[2024-06-29T12:22:08.362+0000] {logging_mixin.py:188} INFO - [2024-06-29T12:22:08.362+0000] {dagbag.py:545} INFO - Filling up the DagBag from /home/airflow/.local/lib/python3.12/site-packages/airflow/example_dags/example_task_group_decorator.py
[2024-06-29T12:22:08.369+0000] {processor.py:840} INFO - DAG(s) 'example_task_group_decorator' retrieved from /home/airflow/.local/lib/python3.12/site-packages/airflow/example_dags/example_task_group_decorator.py
[2024-06-29T12:22:08.383+0000] {logging_mixin.py:188} INFO - [2024-06-29T12:22:08.383+0000] {dag.py:3096} INFO - Sync 1 DAGs
[2024-06-29T12:22:08.393+0000] {logging_mixin.py:188} INFO - [2024-06-29T12:22:08.393+0000] {dag.py:3954} INFO - Setting next_dagrun for example_task_group_decorator to 2024-06-28 00:00:00+00:00, run_after=2024-06-29 00:00:00+00:00
[2024-06-29T12:22:08.401+0000] {processor.py:183} INFO - Processing /home/airflow/.local/lib/python3.12/site-packages/airflow/example_dags/example_task_group_decorator.py took 0.044 seconds
[2024-06-29T12:22:38.511+0000] {processor.py:161} INFO - Started process (PID=15000) to work on /home/airflow/.local/lib/python3.12/site-packages/airflow/example_dags/example_task_group_decorator.py
[2024-06-29T12:22:38.511+0000] {processor.py:830} INFO - Processing file /home/airflow/.local/lib/python3.12/site-packages/airflow/example_dags/example_task_group_decorator.py for tasks to queue
[2024-06-29T12:22:38.512+0000] {logging_mixin.py:188} INFO - [2024-06-29T12:22:38.512+0000] {dagbag.py:545} INFO - Filling up the DagBag from /home/airflow/.local/lib/python3.12/site-packages/airflow/example_dags/example_task_group_decorator.py
[2024-06-29T12:22:38.519+0000] {processor.py:840} INFO - DAG(s) 'example_task_group_decorator' retrieved from /home/airflow/.local/lib/python3.12/site-packages/airflow/example_dags/example_task_group_decorator.py
[2024-06-29T12:22:38.536+0000] {logging_mixin.py:188} INFO - [2024-06-29T12:22:38.536+0000] {dag.py:3096} INFO - Sync 1 DAGs
[2024-06-29T12:22:38.548+0000] {logging_mixin.py:188} INFO - [2024-06-29T12:22:38.548+0000] {dag.py:3954} INFO - Setting next_dagrun for example_task_group_decorator to 2024-06-28 00:00:00+00:00, run_after=2024-06-29 00:00:00+00:00
[2024-06-29T12:22:38.557+0000] {processor.py:183} INFO - Processing /home/airflow/.local/lib/python3.12/site-packages/airflow/example_dags/example_task_group_decorator.py took 0.050 seconds
[2024-06-29T12:23:08.743+0000] {processor.py:161} INFO - Started process (PID=15262) to work on /home/airflow/.local/lib/python3.12/site-packages/airflow/example_dags/example_task_group_decorator.py
[2024-06-29T12:23:08.743+0000] {processor.py:830} INFO - Processing file /home/airflow/.local/lib/python3.12/site-packages/airflow/example_dags/example_task_group_decorator.py for tasks to queue
[2024-06-29T12:23:08.744+0000] {logging_mixin.py:188} INFO - [2024-06-29T12:23:08.744+0000] {dagbag.py:545} INFO - Filling up the DagBag from /home/airflow/.local/lib/python3.12/site-packages/airflow/example_dags/example_task_group_decorator.py
[2024-06-29T12:23:08.752+0000] {processor.py:840} INFO - DAG(s) 'example_task_group_decorator' retrieved from /home/airflow/.local/lib/python3.12/site-packages/airflow/example_dags/example_task_group_decorator.py
[2024-06-29T12:23:08.769+0000] {logging_mixin.py:188} INFO - [2024-06-29T12:23:08.769+0000] {dag.py:3096} INFO - Sync 1 DAGs
[2024-06-29T12:23:08.782+0000] {logging_mixin.py:188} INFO - [2024-06-29T12:23:08.782+0000] {dag.py:3954} INFO - Setting next_dagrun for example_task_group_decorator to 2024-06-28 00:00:00+00:00, run_after=2024-06-29 00:00:00+00:00
[2024-06-29T12:23:08.793+0000] {processor.py:183} INFO - Processing /home/airflow/.local/lib/python3.12/site-packages/airflow/example_dags/example_task_group_decorator.py took 0.054 seconds
[2024-06-29T12:23:38.966+0000] {processor.py:161} INFO - Started process (PID=15526) to work on /home/airflow/.local/lib/python3.12/site-packages/airflow/example_dags/example_task_group_decorator.py
[2024-06-29T12:23:38.968+0000] {processor.py:830} INFO - Processing file /home/airflow/.local/lib/python3.12/site-packages/airflow/example_dags/example_task_group_decorator.py for tasks to queue
[2024-06-29T12:23:38.969+0000] {logging_mixin.py:188} INFO - [2024-06-29T12:23:38.968+0000] {dagbag.py:545} INFO - Filling up the DagBag from /home/airflow/.local/lib/python3.12/site-packages/airflow/example_dags/example_task_group_decorator.py
[2024-06-29T12:23:38.976+0000] {processor.py:840} INFO - DAG(s) 'example_task_group_decorator' retrieved from /home/airflow/.local/lib/python3.12/site-packages/airflow/example_dags/example_task_group_decorator.py
[2024-06-29T12:23:38.990+0000] {logging_mixin.py:188} INFO - [2024-06-29T12:23:38.990+0000] {dag.py:3096} INFO - Sync 1 DAGs
[2024-06-29T12:23:39.000+0000] {logging_mixin.py:188} INFO - [2024-06-29T12:23:39.000+0000] {dag.py:3954} INFO - Setting next_dagrun for example_task_group_decorator to 2024-06-28 00:00:00+00:00, run_after=2024-06-29 00:00:00+00:00
[2024-06-29T12:23:39.009+0000] {processor.py:183} INFO - Processing /home/airflow/.local/lib/python3.12/site-packages/airflow/example_dags/example_task_group_decorator.py took 0.046 seconds
[2024-06-29T12:24:09.171+0000] {processor.py:161} INFO - Started process (PID=15789) to work on /home/airflow/.local/lib/python3.12/site-packages/airflow/example_dags/example_task_group_decorator.py
[2024-06-29T12:24:09.172+0000] {processor.py:830} INFO - Processing file /home/airflow/.local/lib/python3.12/site-packages/airflow/example_dags/example_task_group_decorator.py for tasks to queue
[2024-06-29T12:24:09.173+0000] {logging_mixin.py:188} INFO - [2024-06-29T12:24:09.173+0000] {dagbag.py:545} INFO - Filling up the DagBag from /home/airflow/.local/lib/python3.12/site-packages/airflow/example_dags/example_task_group_decorator.py
[2024-06-29T12:24:09.179+0000] {processor.py:840} INFO - DAG(s) 'example_task_group_decorator' retrieved from /home/airflow/.local/lib/python3.12/site-packages/airflow/example_dags/example_task_group_decorator.py
[2024-06-29T12:24:09.194+0000] {logging_mixin.py:188} INFO - [2024-06-29T12:24:09.194+0000] {dag.py:3096} INFO - Sync 1 DAGs
[2024-06-29T12:24:09.204+0000] {logging_mixin.py:188} INFO - [2024-06-29T12:24:09.204+0000] {dag.py:3954} INFO - Setting next_dagrun for example_task_group_decorator to 2024-06-28 00:00:00+00:00, run_after=2024-06-29 00:00:00+00:00
[2024-06-29T12:24:09.213+0000] {processor.py:183} INFO - Processing /home/airflow/.local/lib/python3.12/site-packages/airflow/example_dags/example_task_group_decorator.py took 0.045 seconds
[2024-06-29T12:24:39.290+0000] {processor.py:161} INFO - Started process (PID=16050) to work on /home/airflow/.local/lib/python3.12/site-packages/airflow/example_dags/example_task_group_decorator.py
[2024-06-29T12:24:39.291+0000] {processor.py:830} INFO - Processing file /home/airflow/.local/lib/python3.12/site-packages/airflow/example_dags/example_task_group_decorator.py for tasks to queue
[2024-06-29T12:24:39.292+0000] {logging_mixin.py:188} INFO - [2024-06-29T12:24:39.292+0000] {dagbag.py:545} INFO - Filling up the DagBag from /home/airflow/.local/lib/python3.12/site-packages/airflow/example_dags/example_task_group_decorator.py
[2024-06-29T12:24:39.299+0000] {processor.py:840} INFO - DAG(s) 'example_task_group_decorator' retrieved from /home/airflow/.local/lib/python3.12/site-packages/airflow/example_dags/example_task_group_decorator.py
[2024-06-29T12:24:39.315+0000] {logging_mixin.py:188} INFO - [2024-06-29T12:24:39.314+0000] {dag.py:3096} INFO - Sync 1 DAGs
[2024-06-29T12:24:39.326+0000] {logging_mixin.py:188} INFO - [2024-06-29T12:24:39.326+0000] {dag.py:3954} INFO - Setting next_dagrun for example_task_group_decorator to 2024-06-28 00:00:00+00:00, run_after=2024-06-29 00:00:00+00:00
[2024-06-29T12:24:39.335+0000] {processor.py:183} INFO - Processing /home/airflow/.local/lib/python3.12/site-packages/airflow/example_dags/example_task_group_decorator.py took 0.048 seconds
[2024-06-29T12:25:09.495+0000] {processor.py:161} INFO - Started process (PID=16312) to work on /home/airflow/.local/lib/python3.12/site-packages/airflow/example_dags/example_task_group_decorator.py
[2024-06-29T12:25:09.495+0000] {processor.py:830} INFO - Processing file /home/airflow/.local/lib/python3.12/site-packages/airflow/example_dags/example_task_group_decorator.py for tasks to queue
[2024-06-29T12:25:09.496+0000] {logging_mixin.py:188} INFO - [2024-06-29T12:25:09.496+0000] {dagbag.py:545} INFO - Filling up the DagBag from /home/airflow/.local/lib/python3.12/site-packages/airflow/example_dags/example_task_group_decorator.py
[2024-06-29T12:25:09.503+0000] {processor.py:840} INFO - DAG(s) 'example_task_group_decorator' retrieved from /home/airflow/.local/lib/python3.12/site-packages/airflow/example_dags/example_task_group_decorator.py
[2024-06-29T12:25:09.518+0000] {logging_mixin.py:188} INFO - [2024-06-29T12:25:09.518+0000] {dag.py:3096} INFO - Sync 1 DAGs
[2024-06-29T12:25:09.529+0000] {logging_mixin.py:188} INFO - [2024-06-29T12:25:09.529+0000] {dag.py:3954} INFO - Setting next_dagrun for example_task_group_decorator to 2024-06-28 00:00:00+00:00, run_after=2024-06-29 00:00:00+00:00
[2024-06-29T12:25:09.538+0000] {processor.py:183} INFO - Processing /home/airflow/.local/lib/python3.12/site-packages/airflow/example_dags/example_task_group_decorator.py took 0.047 seconds
