[2024-06-29T11:54:21.283+0000] {processor.py:161} INFO - Started process (PID=375) to work on /home/airflow/.local/lib/python3.12/site-packages/airflow/example_dags/example_trigger_target_dag.py
[2024-06-29T11:54:21.284+0000] {processor.py:830} INFO - Processing file /home/airflow/.local/lib/python3.12/site-packages/airflow/example_dags/example_trigger_target_dag.py for tasks to queue
[2024-06-29T11:54:21.286+0000] {logging_mixin.py:188} INFO - [2024-06-29T11:54:21.285+0000] {dagbag.py:545} INFO - Filling up the DagBag from /home/airflow/.local/lib/python3.12/site-packages/airflow/example_dags/example_trigger_target_dag.py
[2024-06-29T11:54:21.291+0000] {processor.py:840} INFO - DAG(s) 'example_trigger_target_dag' retrieved from /home/airflow/.local/lib/python3.12/site-packages/airflow/example_dags/example_trigger_target_dag.py
[2024-06-29T11:54:21.304+0000] {logging_mixin.py:188} INFO - [2024-06-29T11:54:21.304+0000] {dag.py:3096} INFO - Sync 1 DAGs
[2024-06-29T11:54:21.313+0000] {logging_mixin.py:188} INFO - [2024-06-29T11:54:21.312+0000] {dag.py:3954} INFO - Setting next_dagrun for example_trigger_target_dag to None, run_after=None
[2024-06-29T11:54:21.327+0000] {processor.py:183} INFO - Processing /home/airflow/.local/lib/python3.12/site-packages/airflow/example_dags/example_trigger_target_dag.py took 0.048 seconds
[2024-06-29T11:54:53.137+0000] {processor.py:161} INFO - Started process (PID=637) to work on /home/airflow/.local/lib/python3.12/site-packages/airflow/example_dags/example_trigger_target_dag.py
[2024-06-29T11:54:53.138+0000] {processor.py:830} INFO - Processing file /home/airflow/.local/lib/python3.12/site-packages/airflow/example_dags/example_trigger_target_dag.py for tasks to queue
[2024-06-29T11:54:53.139+0000] {logging_mixin.py:188} INFO - [2024-06-29T11:54:53.139+0000] {dagbag.py:545} INFO - Filling up the DagBag from /home/airflow/.local/lib/python3.12/site-packages/airflow/example_dags/example_trigger_target_dag.py
[2024-06-29T11:54:53.143+0000] {processor.py:840} INFO - DAG(s) 'example_trigger_target_dag' retrieved from /home/airflow/.local/lib/python3.12/site-packages/airflow/example_dags/example_trigger_target_dag.py
[2024-06-29T11:54:53.195+0000] {logging_mixin.py:188} INFO - [2024-06-29T11:54:53.195+0000] {dag.py:3096} INFO - Sync 1 DAGs
[2024-06-29T11:54:53.200+0000] {logging_mixin.py:188} INFO - [2024-06-29T11:54:53.200+0000] {dag.py:3954} INFO - Setting next_dagrun for example_trigger_target_dag to None, run_after=None
[2024-06-29T11:54:53.208+0000] {processor.py:183} INFO - Processing /home/airflow/.local/lib/python3.12/site-packages/airflow/example_dags/example_trigger_target_dag.py took 0.074 seconds
[2024-06-29T11:55:23.232+0000] {processor.py:161} INFO - Started process (PID=899) to work on /home/airflow/.local/lib/python3.12/site-packages/airflow/example_dags/example_trigger_target_dag.py
[2024-06-29T11:55:23.232+0000] {processor.py:830} INFO - Processing file /home/airflow/.local/lib/python3.12/site-packages/airflow/example_dags/example_trigger_target_dag.py for tasks to queue
[2024-06-29T11:55:23.234+0000] {logging_mixin.py:188} INFO - [2024-06-29T11:55:23.233+0000] {dagbag.py:545} INFO - Filling up the DagBag from /home/airflow/.local/lib/python3.12/site-packages/airflow/example_dags/example_trigger_target_dag.py
[2024-06-29T11:55:23.237+0000] {processor.py:840} INFO - DAG(s) 'example_trigger_target_dag' retrieved from /home/airflow/.local/lib/python3.12/site-packages/airflow/example_dags/example_trigger_target_dag.py
[2024-06-29T11:55:23.251+0000] {logging_mixin.py:188} INFO - [2024-06-29T11:55:23.251+0000] {dag.py:3096} INFO - Sync 1 DAGs
[2024-06-29T11:55:23.258+0000] {logging_mixin.py:188} INFO - [2024-06-29T11:55:23.258+0000] {dag.py:3954} INFO - Setting next_dagrun for example_trigger_target_dag to None, run_after=None
[2024-06-29T11:55:23.270+0000] {processor.py:183} INFO - Processing /home/airflow/.local/lib/python3.12/site-packages/airflow/example_dags/example_trigger_target_dag.py took 0.042 seconds
[2024-06-29T11:55:53.580+0000] {processor.py:161} INFO - Started process (PID=1161) to work on /home/airflow/.local/lib/python3.12/site-packages/airflow/example_dags/example_trigger_target_dag.py
[2024-06-29T11:55:53.581+0000] {processor.py:830} INFO - Processing file /home/airflow/.local/lib/python3.12/site-packages/airflow/example_dags/example_trigger_target_dag.py for tasks to queue
[2024-06-29T11:55:53.582+0000] {logging_mixin.py:188} INFO - [2024-06-29T11:55:53.582+0000] {dagbag.py:545} INFO - Filling up the DagBag from /home/airflow/.local/lib/python3.12/site-packages/airflow/example_dags/example_trigger_target_dag.py
[2024-06-29T11:55:53.586+0000] {processor.py:840} INFO - DAG(s) 'example_trigger_target_dag' retrieved from /home/airflow/.local/lib/python3.12/site-packages/airflow/example_dags/example_trigger_target_dag.py
[2024-06-29T11:55:53.599+0000] {logging_mixin.py:188} INFO - [2024-06-29T11:55:53.599+0000] {dag.py:3096} INFO - Sync 1 DAGs
[2024-06-29T11:55:53.606+0000] {logging_mixin.py:188} INFO - [2024-06-29T11:55:53.605+0000] {dag.py:3954} INFO - Setting next_dagrun for example_trigger_target_dag to None, run_after=None
[2024-06-29T11:55:53.615+0000] {processor.py:183} INFO - Processing /home/airflow/.local/lib/python3.12/site-packages/airflow/example_dags/example_trigger_target_dag.py took 0.038 seconds
[2024-06-29T11:56:23.820+0000] {processor.py:161} INFO - Started process (PID=1424) to work on /home/airflow/.local/lib/python3.12/site-packages/airflow/example_dags/example_trigger_target_dag.py
[2024-06-29T11:56:23.821+0000] {processor.py:830} INFO - Processing file /home/airflow/.local/lib/python3.12/site-packages/airflow/example_dags/example_trigger_target_dag.py for tasks to queue
[2024-06-29T11:56:23.822+0000] {logging_mixin.py:188} INFO - [2024-06-29T11:56:23.822+0000] {dagbag.py:545} INFO - Filling up the DagBag from /home/airflow/.local/lib/python3.12/site-packages/airflow/example_dags/example_trigger_target_dag.py
[2024-06-29T11:56:23.826+0000] {processor.py:840} INFO - DAG(s) 'example_trigger_target_dag' retrieved from /home/airflow/.local/lib/python3.12/site-packages/airflow/example_dags/example_trigger_target_dag.py
[2024-06-29T11:56:23.839+0000] {logging_mixin.py:188} INFO - [2024-06-29T11:56:23.839+0000] {dag.py:3096} INFO - Sync 1 DAGs
[2024-06-29T11:56:23.845+0000] {logging_mixin.py:188} INFO - [2024-06-29T11:56:23.845+0000] {dag.py:3954} INFO - Setting next_dagrun for example_trigger_target_dag to None, run_after=None
[2024-06-29T11:56:23.855+0000] {processor.py:183} INFO - Processing /home/airflow/.local/lib/python3.12/site-packages/airflow/example_dags/example_trigger_target_dag.py took 0.038 seconds
[2024-06-29T11:56:53.988+0000] {processor.py:161} INFO - Started process (PID=1686) to work on /home/airflow/.local/lib/python3.12/site-packages/airflow/example_dags/example_trigger_target_dag.py
[2024-06-29T11:56:53.989+0000] {processor.py:830} INFO - Processing file /home/airflow/.local/lib/python3.12/site-packages/airflow/example_dags/example_trigger_target_dag.py for tasks to queue
[2024-06-29T11:56:53.990+0000] {logging_mixin.py:188} INFO - [2024-06-29T11:56:53.990+0000] {dagbag.py:545} INFO - Filling up the DagBag from /home/airflow/.local/lib/python3.12/site-packages/airflow/example_dags/example_trigger_target_dag.py
[2024-06-29T11:56:53.994+0000] {processor.py:840} INFO - DAG(s) 'example_trigger_target_dag' retrieved from /home/airflow/.local/lib/python3.12/site-packages/airflow/example_dags/example_trigger_target_dag.py
[2024-06-29T11:56:54.007+0000] {logging_mixin.py:188} INFO - [2024-06-29T11:56:54.007+0000] {dag.py:3096} INFO - Sync 1 DAGs
[2024-06-29T11:56:54.014+0000] {logging_mixin.py:188} INFO - [2024-06-29T11:56:54.014+0000] {dag.py:3954} INFO - Setting next_dagrun for example_trigger_target_dag to None, run_after=None
[2024-06-29T11:56:54.023+0000] {processor.py:183} INFO - Processing /home/airflow/.local/lib/python3.12/site-packages/airflow/example_dags/example_trigger_target_dag.py took 0.038 seconds
[2024-06-29T11:57:24.374+0000] {processor.py:161} INFO - Started process (PID=1948) to work on /home/airflow/.local/lib/python3.12/site-packages/airflow/example_dags/example_trigger_target_dag.py
[2024-06-29T11:57:24.374+0000] {processor.py:830} INFO - Processing file /home/airflow/.local/lib/python3.12/site-packages/airflow/example_dags/example_trigger_target_dag.py for tasks to queue
[2024-06-29T11:57:24.376+0000] {logging_mixin.py:188} INFO - [2024-06-29T11:57:24.375+0000] {dagbag.py:545} INFO - Filling up the DagBag from /home/airflow/.local/lib/python3.12/site-packages/airflow/example_dags/example_trigger_target_dag.py
[2024-06-29T11:57:24.379+0000] {processor.py:840} INFO - DAG(s) 'example_trigger_target_dag' retrieved from /home/airflow/.local/lib/python3.12/site-packages/airflow/example_dags/example_trigger_target_dag.py
[2024-06-29T11:57:24.394+0000] {logging_mixin.py:188} INFO - [2024-06-29T11:57:24.394+0000] {dag.py:3096} INFO - Sync 1 DAGs
[2024-06-29T11:57:24.401+0000] {logging_mixin.py:188} INFO - [2024-06-29T11:57:24.401+0000] {dag.py:3954} INFO - Setting next_dagrun for example_trigger_target_dag to None, run_after=None
[2024-06-29T11:57:24.413+0000] {processor.py:183} INFO - Processing /home/airflow/.local/lib/python3.12/site-packages/airflow/example_dags/example_trigger_target_dag.py took 0.044 seconds
[2024-06-29T11:57:54.574+0000] {processor.py:161} INFO - Started process (PID=2210) to work on /home/airflow/.local/lib/python3.12/site-packages/airflow/example_dags/example_trigger_target_dag.py
[2024-06-29T11:57:54.575+0000] {processor.py:830} INFO - Processing file /home/airflow/.local/lib/python3.12/site-packages/airflow/example_dags/example_trigger_target_dag.py for tasks to queue
[2024-06-29T11:57:54.576+0000] {logging_mixin.py:188} INFO - [2024-06-29T11:57:54.575+0000] {dagbag.py:545} INFO - Filling up the DagBag from /home/airflow/.local/lib/python3.12/site-packages/airflow/example_dags/example_trigger_target_dag.py
[2024-06-29T11:57:54.579+0000] {processor.py:840} INFO - DAG(s) 'example_trigger_target_dag' retrieved from /home/airflow/.local/lib/python3.12/site-packages/airflow/example_dags/example_trigger_target_dag.py
[2024-06-29T11:57:54.593+0000] {logging_mixin.py:188} INFO - [2024-06-29T11:57:54.593+0000] {dag.py:3096} INFO - Sync 1 DAGs
[2024-06-29T11:57:54.600+0000] {logging_mixin.py:188} INFO - [2024-06-29T11:57:54.600+0000] {dag.py:3954} INFO - Setting next_dagrun for example_trigger_target_dag to None, run_after=None
[2024-06-29T11:57:54.610+0000] {processor.py:183} INFO - Processing /home/airflow/.local/lib/python3.12/site-packages/airflow/example_dags/example_trigger_target_dag.py took 0.040 seconds
[2024-06-29T11:58:24.803+0000] {processor.py:161} INFO - Started process (PID=2472) to work on /home/airflow/.local/lib/python3.12/site-packages/airflow/example_dags/example_trigger_target_dag.py
[2024-06-29T11:58:24.803+0000] {processor.py:830} INFO - Processing file /home/airflow/.local/lib/python3.12/site-packages/airflow/example_dags/example_trigger_target_dag.py for tasks to queue
[2024-06-29T11:58:24.804+0000] {logging_mixin.py:188} INFO - [2024-06-29T11:58:24.804+0000] {dagbag.py:545} INFO - Filling up the DagBag from /home/airflow/.local/lib/python3.12/site-packages/airflow/example_dags/example_trigger_target_dag.py
[2024-06-29T11:58:24.808+0000] {processor.py:840} INFO - DAG(s) 'example_trigger_target_dag' retrieved from /home/airflow/.local/lib/python3.12/site-packages/airflow/example_dags/example_trigger_target_dag.py
[2024-06-29T11:58:24.821+0000] {logging_mixin.py:188} INFO - [2024-06-29T11:58:24.821+0000] {dag.py:3096} INFO - Sync 1 DAGs
[2024-06-29T11:58:24.828+0000] {logging_mixin.py:188} INFO - [2024-06-29T11:58:24.828+0000] {dag.py:3954} INFO - Setting next_dagrun for example_trigger_target_dag to None, run_after=None
[2024-06-29T11:58:24.838+0000] {processor.py:183} INFO - Processing /home/airflow/.local/lib/python3.12/site-packages/airflow/example_dags/example_trigger_target_dag.py took 0.039 seconds
[2024-06-29T11:58:55.150+0000] {processor.py:161} INFO - Started process (PID=2733) to work on /home/airflow/.local/lib/python3.12/site-packages/airflow/example_dags/example_trigger_target_dag.py
[2024-06-29T11:58:55.151+0000] {processor.py:830} INFO - Processing file /home/airflow/.local/lib/python3.12/site-packages/airflow/example_dags/example_trigger_target_dag.py for tasks to queue
[2024-06-29T11:58:55.152+0000] {logging_mixin.py:188} INFO - [2024-06-29T11:58:55.152+0000] {dagbag.py:545} INFO - Filling up the DagBag from /home/airflow/.local/lib/python3.12/site-packages/airflow/example_dags/example_trigger_target_dag.py
[2024-06-29T11:58:55.156+0000] {processor.py:840} INFO - DAG(s) 'example_trigger_target_dag' retrieved from /home/airflow/.local/lib/python3.12/site-packages/airflow/example_dags/example_trigger_target_dag.py
[2024-06-29T11:58:55.169+0000] {logging_mixin.py:188} INFO - [2024-06-29T11:58:55.168+0000] {dag.py:3096} INFO - Sync 1 DAGs
[2024-06-29T11:58:55.175+0000] {logging_mixin.py:188} INFO - [2024-06-29T11:58:55.175+0000] {dag.py:3954} INFO - Setting next_dagrun for example_trigger_target_dag to None, run_after=None
[2024-06-29T11:58:55.184+0000] {processor.py:183} INFO - Processing /home/airflow/.local/lib/python3.12/site-packages/airflow/example_dags/example_trigger_target_dag.py took 0.037 seconds
[2024-06-29T11:59:25.380+0000] {processor.py:161} INFO - Started process (PID=2996) to work on /home/airflow/.local/lib/python3.12/site-packages/airflow/example_dags/example_trigger_target_dag.py
[2024-06-29T11:59:25.380+0000] {processor.py:830} INFO - Processing file /home/airflow/.local/lib/python3.12/site-packages/airflow/example_dags/example_trigger_target_dag.py for tasks to queue
[2024-06-29T11:59:25.381+0000] {logging_mixin.py:188} INFO - [2024-06-29T11:59:25.381+0000] {dagbag.py:545} INFO - Filling up the DagBag from /home/airflow/.local/lib/python3.12/site-packages/airflow/example_dags/example_trigger_target_dag.py
[2024-06-29T11:59:25.385+0000] {processor.py:840} INFO - DAG(s) 'example_trigger_target_dag' retrieved from /home/airflow/.local/lib/python3.12/site-packages/airflow/example_dags/example_trigger_target_dag.py
[2024-06-29T11:59:25.398+0000] {logging_mixin.py:188} INFO - [2024-06-29T11:59:25.398+0000] {dag.py:3096} INFO - Sync 1 DAGs
[2024-06-29T11:59:25.405+0000] {logging_mixin.py:188} INFO - [2024-06-29T11:59:25.405+0000] {dag.py:3954} INFO - Setting next_dagrun for example_trigger_target_dag to None, run_after=None
[2024-06-29T11:59:25.415+0000] {processor.py:183} INFO - Processing /home/airflow/.local/lib/python3.12/site-packages/airflow/example_dags/example_trigger_target_dag.py took 0.039 seconds
[2024-06-29T11:59:55.586+0000] {processor.py:161} INFO - Started process (PID=3258) to work on /home/airflow/.local/lib/python3.12/site-packages/airflow/example_dags/example_trigger_target_dag.py
[2024-06-29T11:59:55.586+0000] {processor.py:830} INFO - Processing file /home/airflow/.local/lib/python3.12/site-packages/airflow/example_dags/example_trigger_target_dag.py for tasks to queue
[2024-06-29T11:59:55.587+0000] {logging_mixin.py:188} INFO - [2024-06-29T11:59:55.587+0000] {dagbag.py:545} INFO - Filling up the DagBag from /home/airflow/.local/lib/python3.12/site-packages/airflow/example_dags/example_trigger_target_dag.py
[2024-06-29T11:59:55.591+0000] {processor.py:840} INFO - DAG(s) 'example_trigger_target_dag' retrieved from /home/airflow/.local/lib/python3.12/site-packages/airflow/example_dags/example_trigger_target_dag.py
[2024-06-29T11:59:55.604+0000] {logging_mixin.py:188} INFO - [2024-06-29T11:59:55.604+0000] {dag.py:3096} INFO - Sync 1 DAGs
[2024-06-29T11:59:55.611+0000] {logging_mixin.py:188} INFO - [2024-06-29T11:59:55.611+0000] {dag.py:3954} INFO - Setting next_dagrun for example_trigger_target_dag to None, run_after=None
[2024-06-29T11:59:55.620+0000] {processor.py:183} INFO - Processing /home/airflow/.local/lib/python3.12/site-packages/airflow/example_dags/example_trigger_target_dag.py took 0.038 seconds
[2024-06-29T12:00:25.749+0000] {processor.py:161} INFO - Started process (PID=3520) to work on /home/airflow/.local/lib/python3.12/site-packages/airflow/example_dags/example_trigger_target_dag.py
[2024-06-29T12:00:25.749+0000] {processor.py:830} INFO - Processing file /home/airflow/.local/lib/python3.12/site-packages/airflow/example_dags/example_trigger_target_dag.py for tasks to queue
[2024-06-29T12:00:25.750+0000] {logging_mixin.py:188} INFO - [2024-06-29T12:00:25.750+0000] {dagbag.py:545} INFO - Filling up the DagBag from /home/airflow/.local/lib/python3.12/site-packages/airflow/example_dags/example_trigger_target_dag.py
[2024-06-29T12:00:25.754+0000] {processor.py:840} INFO - DAG(s) 'example_trigger_target_dag' retrieved from /home/airflow/.local/lib/python3.12/site-packages/airflow/example_dags/example_trigger_target_dag.py
[2024-06-29T12:00:25.767+0000] {logging_mixin.py:188} INFO - [2024-06-29T12:00:25.767+0000] {dag.py:3096} INFO - Sync 1 DAGs
[2024-06-29T12:00:25.774+0000] {logging_mixin.py:188} INFO - [2024-06-29T12:00:25.774+0000] {dag.py:3954} INFO - Setting next_dagrun for example_trigger_target_dag to None, run_after=None
[2024-06-29T12:00:25.784+0000] {processor.py:183} INFO - Processing /home/airflow/.local/lib/python3.12/site-packages/airflow/example_dags/example_trigger_target_dag.py took 0.039 seconds
[2024-06-29T12:00:55.992+0000] {processor.py:161} INFO - Started process (PID=3782) to work on /home/airflow/.local/lib/python3.12/site-packages/airflow/example_dags/example_trigger_target_dag.py
[2024-06-29T12:00:55.993+0000] {processor.py:830} INFO - Processing file /home/airflow/.local/lib/python3.12/site-packages/airflow/example_dags/example_trigger_target_dag.py for tasks to queue
[2024-06-29T12:00:55.994+0000] {logging_mixin.py:188} INFO - [2024-06-29T12:00:55.993+0000] {dagbag.py:545} INFO - Filling up the DagBag from /home/airflow/.local/lib/python3.12/site-packages/airflow/example_dags/example_trigger_target_dag.py
[2024-06-29T12:00:55.997+0000] {processor.py:840} INFO - DAG(s) 'example_trigger_target_dag' retrieved from /home/airflow/.local/lib/python3.12/site-packages/airflow/example_dags/example_trigger_target_dag.py
[2024-06-29T12:00:56.010+0000] {logging_mixin.py:188} INFO - [2024-06-29T12:00:56.010+0000] {dag.py:3096} INFO - Sync 1 DAGs
[2024-06-29T12:00:56.017+0000] {logging_mixin.py:188} INFO - [2024-06-29T12:00:56.017+0000] {dag.py:3954} INFO - Setting next_dagrun for example_trigger_target_dag to None, run_after=None
[2024-06-29T12:00:56.026+0000] {processor.py:183} INFO - Processing /home/airflow/.local/lib/python3.12/site-packages/airflow/example_dags/example_trigger_target_dag.py took 0.038 seconds
[2024-06-29T12:01:26.192+0000] {processor.py:161} INFO - Started process (PID=4044) to work on /home/airflow/.local/lib/python3.12/site-packages/airflow/example_dags/example_trigger_target_dag.py
[2024-06-29T12:01:26.193+0000] {processor.py:830} INFO - Processing file /home/airflow/.local/lib/python3.12/site-packages/airflow/example_dags/example_trigger_target_dag.py for tasks to queue
[2024-06-29T12:01:26.194+0000] {logging_mixin.py:188} INFO - [2024-06-29T12:01:26.194+0000] {dagbag.py:545} INFO - Filling up the DagBag from /home/airflow/.local/lib/python3.12/site-packages/airflow/example_dags/example_trigger_target_dag.py
[2024-06-29T12:01:26.198+0000] {processor.py:840} INFO - DAG(s) 'example_trigger_target_dag' retrieved from /home/airflow/.local/lib/python3.12/site-packages/airflow/example_dags/example_trigger_target_dag.py
[2024-06-29T12:01:26.212+0000] {logging_mixin.py:188} INFO - [2024-06-29T12:01:26.212+0000] {dag.py:3096} INFO - Sync 1 DAGs
[2024-06-29T12:01:26.219+0000] {logging_mixin.py:188} INFO - [2024-06-29T12:01:26.219+0000] {dag.py:3954} INFO - Setting next_dagrun for example_trigger_target_dag to None, run_after=None
[2024-06-29T12:01:26.229+0000] {processor.py:183} INFO - Processing /home/airflow/.local/lib/python3.12/site-packages/airflow/example_dags/example_trigger_target_dag.py took 0.041 seconds
[2024-06-29T12:01:56.458+0000] {processor.py:161} INFO - Started process (PID=4306) to work on /home/airflow/.local/lib/python3.12/site-packages/airflow/example_dags/example_trigger_target_dag.py
[2024-06-29T12:01:56.459+0000] {processor.py:830} INFO - Processing file /home/airflow/.local/lib/python3.12/site-packages/airflow/example_dags/example_trigger_target_dag.py for tasks to queue
[2024-06-29T12:01:56.460+0000] {logging_mixin.py:188} INFO - [2024-06-29T12:01:56.459+0000] {dagbag.py:545} INFO - Filling up the DagBag from /home/airflow/.local/lib/python3.12/site-packages/airflow/example_dags/example_trigger_target_dag.py
[2024-06-29T12:01:56.463+0000] {processor.py:840} INFO - DAG(s) 'example_trigger_target_dag' retrieved from /home/airflow/.local/lib/python3.12/site-packages/airflow/example_dags/example_trigger_target_dag.py
[2024-06-29T12:01:56.477+0000] {logging_mixin.py:188} INFO - [2024-06-29T12:01:56.477+0000] {dag.py:3096} INFO - Sync 1 DAGs
[2024-06-29T12:01:56.483+0000] {logging_mixin.py:188} INFO - [2024-06-29T12:01:56.483+0000] {dag.py:3954} INFO - Setting next_dagrun for example_trigger_target_dag to None, run_after=None
[2024-06-29T12:01:56.493+0000] {processor.py:183} INFO - Processing /home/airflow/.local/lib/python3.12/site-packages/airflow/example_dags/example_trigger_target_dag.py took 0.040 seconds
[2024-06-29T12:02:26.697+0000] {processor.py:161} INFO - Started process (PID=4568) to work on /home/airflow/.local/lib/python3.12/site-packages/airflow/example_dags/example_trigger_target_dag.py
[2024-06-29T12:02:26.698+0000] {processor.py:830} INFO - Processing file /home/airflow/.local/lib/python3.12/site-packages/airflow/example_dags/example_trigger_target_dag.py for tasks to queue
[2024-06-29T12:02:26.699+0000] {logging_mixin.py:188} INFO - [2024-06-29T12:02:26.699+0000] {dagbag.py:545} INFO - Filling up the DagBag from /home/airflow/.local/lib/python3.12/site-packages/airflow/example_dags/example_trigger_target_dag.py
[2024-06-29T12:02:26.703+0000] {processor.py:840} INFO - DAG(s) 'example_trigger_target_dag' retrieved from /home/airflow/.local/lib/python3.12/site-packages/airflow/example_dags/example_trigger_target_dag.py
[2024-06-29T12:02:26.716+0000] {logging_mixin.py:188} INFO - [2024-06-29T12:02:26.716+0000] {dag.py:3096} INFO - Sync 1 DAGs
[2024-06-29T12:02:26.723+0000] {logging_mixin.py:188} INFO - [2024-06-29T12:02:26.723+0000] {dag.py:3954} INFO - Setting next_dagrun for example_trigger_target_dag to None, run_after=None
[2024-06-29T12:02:26.732+0000] {processor.py:183} INFO - Processing /home/airflow/.local/lib/python3.12/site-packages/airflow/example_dags/example_trigger_target_dag.py took 0.038 seconds
[2024-06-29T12:02:57.078+0000] {processor.py:161} INFO - Started process (PID=4830) to work on /home/airflow/.local/lib/python3.12/site-packages/airflow/example_dags/example_trigger_target_dag.py
[2024-06-29T12:02:57.079+0000] {processor.py:830} INFO - Processing file /home/airflow/.local/lib/python3.12/site-packages/airflow/example_dags/example_trigger_target_dag.py for tasks to queue
[2024-06-29T12:02:57.080+0000] {logging_mixin.py:188} INFO - [2024-06-29T12:02:57.080+0000] {dagbag.py:545} INFO - Filling up the DagBag from /home/airflow/.local/lib/python3.12/site-packages/airflow/example_dags/example_trigger_target_dag.py
[2024-06-29T12:02:57.084+0000] {processor.py:840} INFO - DAG(s) 'example_trigger_target_dag' retrieved from /home/airflow/.local/lib/python3.12/site-packages/airflow/example_dags/example_trigger_target_dag.py
[2024-06-29T12:02:57.097+0000] {logging_mixin.py:188} INFO - [2024-06-29T12:02:57.097+0000] {dag.py:3096} INFO - Sync 1 DAGs
[2024-06-29T12:02:57.104+0000] {logging_mixin.py:188} INFO - [2024-06-29T12:02:57.104+0000] {dag.py:3954} INFO - Setting next_dagrun for example_trigger_target_dag to None, run_after=None
[2024-06-29T12:02:57.113+0000] {processor.py:183} INFO - Processing /home/airflow/.local/lib/python3.12/site-packages/airflow/example_dags/example_trigger_target_dag.py took 0.038 seconds
[2024-06-29T12:03:27.424+0000] {processor.py:161} INFO - Started process (PID=5100) to work on /home/airflow/.local/lib/python3.12/site-packages/airflow/example_dags/example_trigger_target_dag.py
[2024-06-29T12:03:27.425+0000] {processor.py:830} INFO - Processing file /home/airflow/.local/lib/python3.12/site-packages/airflow/example_dags/example_trigger_target_dag.py for tasks to queue
[2024-06-29T12:03:27.426+0000] {logging_mixin.py:188} INFO - [2024-06-29T12:03:27.425+0000] {dagbag.py:545} INFO - Filling up the DagBag from /home/airflow/.local/lib/python3.12/site-packages/airflow/example_dags/example_trigger_target_dag.py
[2024-06-29T12:03:27.429+0000] {processor.py:840} INFO - DAG(s) 'example_trigger_target_dag' retrieved from /home/airflow/.local/lib/python3.12/site-packages/airflow/example_dags/example_trigger_target_dag.py
[2024-06-29T12:03:27.441+0000] {logging_mixin.py:188} INFO - [2024-06-29T12:03:27.441+0000] {dag.py:3096} INFO - Sync 1 DAGs
[2024-06-29T12:03:27.447+0000] {logging_mixin.py:188} INFO - [2024-06-29T12:03:27.447+0000] {dag.py:3954} INFO - Setting next_dagrun for example_trigger_target_dag to None, run_after=None
[2024-06-29T12:03:27.456+0000] {processor.py:183} INFO - Processing /home/airflow/.local/lib/python3.12/site-packages/airflow/example_dags/example_trigger_target_dag.py took 0.036 seconds
[2024-06-29T12:03:57.517+0000] {processor.py:161} INFO - Started process (PID=5362) to work on /home/airflow/.local/lib/python3.12/site-packages/airflow/example_dags/example_trigger_target_dag.py
[2024-06-29T12:03:57.517+0000] {processor.py:830} INFO - Processing file /home/airflow/.local/lib/python3.12/site-packages/airflow/example_dags/example_trigger_target_dag.py for tasks to queue
[2024-06-29T12:03:57.518+0000] {logging_mixin.py:188} INFO - [2024-06-29T12:03:57.518+0000] {dagbag.py:545} INFO - Filling up the DagBag from /home/airflow/.local/lib/python3.12/site-packages/airflow/example_dags/example_trigger_target_dag.py
[2024-06-29T12:03:57.522+0000] {processor.py:840} INFO - DAG(s) 'example_trigger_target_dag' retrieved from /home/airflow/.local/lib/python3.12/site-packages/airflow/example_dags/example_trigger_target_dag.py
[2024-06-29T12:03:57.535+0000] {logging_mixin.py:188} INFO - [2024-06-29T12:03:57.535+0000] {dag.py:3096} INFO - Sync 1 DAGs
[2024-06-29T12:03:57.542+0000] {logging_mixin.py:188} INFO - [2024-06-29T12:03:57.542+0000] {dag.py:3954} INFO - Setting next_dagrun for example_trigger_target_dag to None, run_after=None
[2024-06-29T12:03:57.550+0000] {processor.py:183} INFO - Processing /home/airflow/.local/lib/python3.12/site-packages/airflow/example_dags/example_trigger_target_dag.py took 0.037 seconds
[2024-06-29T12:04:27.861+0000] {processor.py:161} INFO - Started process (PID=5624) to work on /home/airflow/.local/lib/python3.12/site-packages/airflow/example_dags/example_trigger_target_dag.py
[2024-06-29T12:04:27.862+0000] {processor.py:830} INFO - Processing file /home/airflow/.local/lib/python3.12/site-packages/airflow/example_dags/example_trigger_target_dag.py for tasks to queue
[2024-06-29T12:04:27.863+0000] {logging_mixin.py:188} INFO - [2024-06-29T12:04:27.862+0000] {dagbag.py:545} INFO - Filling up the DagBag from /home/airflow/.local/lib/python3.12/site-packages/airflow/example_dags/example_trigger_target_dag.py
[2024-06-29T12:04:27.866+0000] {processor.py:840} INFO - DAG(s) 'example_trigger_target_dag' retrieved from /home/airflow/.local/lib/python3.12/site-packages/airflow/example_dags/example_trigger_target_dag.py
[2024-06-29T12:04:27.878+0000] {logging_mixin.py:188} INFO - [2024-06-29T12:04:27.878+0000] {dag.py:3096} INFO - Sync 1 DAGs
[2024-06-29T12:04:27.884+0000] {logging_mixin.py:188} INFO - [2024-06-29T12:04:27.884+0000] {dag.py:3954} INFO - Setting next_dagrun for example_trigger_target_dag to None, run_after=None
[2024-06-29T12:04:27.893+0000] {processor.py:183} INFO - Processing /home/airflow/.local/lib/python3.12/site-packages/airflow/example_dags/example_trigger_target_dag.py took 0.036 seconds
[2024-06-29T12:04:58.279+0000] {processor.py:161} INFO - Started process (PID=5886) to work on /home/airflow/.local/lib/python3.12/site-packages/airflow/example_dags/example_trigger_target_dag.py
[2024-06-29T12:04:58.280+0000] {processor.py:830} INFO - Processing file /home/airflow/.local/lib/python3.12/site-packages/airflow/example_dags/example_trigger_target_dag.py for tasks to queue
[2024-06-29T12:04:58.281+0000] {logging_mixin.py:188} INFO - [2024-06-29T12:04:58.281+0000] {dagbag.py:545} INFO - Filling up the DagBag from /home/airflow/.local/lib/python3.12/site-packages/airflow/example_dags/example_trigger_target_dag.py
[2024-06-29T12:04:58.284+0000] {processor.py:840} INFO - DAG(s) 'example_trigger_target_dag' retrieved from /home/airflow/.local/lib/python3.12/site-packages/airflow/example_dags/example_trigger_target_dag.py
[2024-06-29T12:04:58.297+0000] {logging_mixin.py:188} INFO - [2024-06-29T12:04:58.296+0000] {dag.py:3096} INFO - Sync 1 DAGs
[2024-06-29T12:04:58.303+0000] {logging_mixin.py:188} INFO - [2024-06-29T12:04:58.303+0000] {dag.py:3954} INFO - Setting next_dagrun for example_trigger_target_dag to None, run_after=None
[2024-06-29T12:04:58.312+0000] {processor.py:183} INFO - Processing /home/airflow/.local/lib/python3.12/site-packages/airflow/example_dags/example_trigger_target_dag.py took 0.036 seconds
[2024-06-29T12:05:28.361+0000] {processor.py:161} INFO - Started process (PID=6148) to work on /home/airflow/.local/lib/python3.12/site-packages/airflow/example_dags/example_trigger_target_dag.py
[2024-06-29T12:05:28.362+0000] {processor.py:830} INFO - Processing file /home/airflow/.local/lib/python3.12/site-packages/airflow/example_dags/example_trigger_target_dag.py for tasks to queue
[2024-06-29T12:05:28.363+0000] {logging_mixin.py:188} INFO - [2024-06-29T12:05:28.363+0000] {dagbag.py:545} INFO - Filling up the DagBag from /home/airflow/.local/lib/python3.12/site-packages/airflow/example_dags/example_trigger_target_dag.py
[2024-06-29T12:05:28.367+0000] {processor.py:840} INFO - DAG(s) 'example_trigger_target_dag' retrieved from /home/airflow/.local/lib/python3.12/site-packages/airflow/example_dags/example_trigger_target_dag.py
[2024-06-29T12:05:28.382+0000] {logging_mixin.py:188} INFO - [2024-06-29T12:05:28.382+0000] {dag.py:3096} INFO - Sync 1 DAGs
[2024-06-29T12:05:28.388+0000] {logging_mixin.py:188} INFO - [2024-06-29T12:05:28.388+0000] {dag.py:3954} INFO - Setting next_dagrun for example_trigger_target_dag to None, run_after=None
[2024-06-29T12:05:28.398+0000] {processor.py:183} INFO - Processing /home/airflow/.local/lib/python3.12/site-packages/airflow/example_dags/example_trigger_target_dag.py took 0.041 seconds
[2024-06-29T12:05:58.617+0000] {processor.py:161} INFO - Started process (PID=6410) to work on /home/airflow/.local/lib/python3.12/site-packages/airflow/example_dags/example_trigger_target_dag.py
[2024-06-29T12:05:58.618+0000] {processor.py:830} INFO - Processing file /home/airflow/.local/lib/python3.12/site-packages/airflow/example_dags/example_trigger_target_dag.py for tasks to queue
[2024-06-29T12:05:58.619+0000] {logging_mixin.py:188} INFO - [2024-06-29T12:05:58.619+0000] {dagbag.py:545} INFO - Filling up the DagBag from /home/airflow/.local/lib/python3.12/site-packages/airflow/example_dags/example_trigger_target_dag.py
[2024-06-29T12:05:58.623+0000] {processor.py:840} INFO - DAG(s) 'example_trigger_target_dag' retrieved from /home/airflow/.local/lib/python3.12/site-packages/airflow/example_dags/example_trigger_target_dag.py
[2024-06-29T12:05:58.638+0000] {logging_mixin.py:188} INFO - [2024-06-29T12:05:58.638+0000] {dag.py:3096} INFO - Sync 1 DAGs
[2024-06-29T12:05:58.645+0000] {logging_mixin.py:188} INFO - [2024-06-29T12:05:58.645+0000] {dag.py:3954} INFO - Setting next_dagrun for example_trigger_target_dag to None, run_after=None
[2024-06-29T12:05:58.654+0000] {processor.py:183} INFO - Processing /home/airflow/.local/lib/python3.12/site-packages/airflow/example_dags/example_trigger_target_dag.py took 0.041 seconds
[2024-06-29T12:06:28.879+0000] {processor.py:161} INFO - Started process (PID=6672) to work on /home/airflow/.local/lib/python3.12/site-packages/airflow/example_dags/example_trigger_target_dag.py
[2024-06-29T12:06:28.880+0000] {processor.py:830} INFO - Processing file /home/airflow/.local/lib/python3.12/site-packages/airflow/example_dags/example_trigger_target_dag.py for tasks to queue
[2024-06-29T12:06:28.881+0000] {logging_mixin.py:188} INFO - [2024-06-29T12:06:28.881+0000] {dagbag.py:545} INFO - Filling up the DagBag from /home/airflow/.local/lib/python3.12/site-packages/airflow/example_dags/example_trigger_target_dag.py
[2024-06-29T12:06:28.885+0000] {processor.py:840} INFO - DAG(s) 'example_trigger_target_dag' retrieved from /home/airflow/.local/lib/python3.12/site-packages/airflow/example_dags/example_trigger_target_dag.py
[2024-06-29T12:06:28.898+0000] {logging_mixin.py:188} INFO - [2024-06-29T12:06:28.898+0000] {dag.py:3096} INFO - Sync 1 DAGs
[2024-06-29T12:06:28.905+0000] {logging_mixin.py:188} INFO - [2024-06-29T12:06:28.905+0000] {dag.py:3954} INFO - Setting next_dagrun for example_trigger_target_dag to None, run_after=None
[2024-06-29T12:06:28.914+0000] {processor.py:183} INFO - Processing /home/airflow/.local/lib/python3.12/site-packages/airflow/example_dags/example_trigger_target_dag.py took 0.038 seconds
[2024-06-29T12:06:59.077+0000] {processor.py:161} INFO - Started process (PID=6935) to work on /home/airflow/.local/lib/python3.12/site-packages/airflow/example_dags/example_trigger_target_dag.py
[2024-06-29T12:06:59.077+0000] {processor.py:830} INFO - Processing file /home/airflow/.local/lib/python3.12/site-packages/airflow/example_dags/example_trigger_target_dag.py for tasks to queue
[2024-06-29T12:06:59.078+0000] {logging_mixin.py:188} INFO - [2024-06-29T12:06:59.078+0000] {dagbag.py:545} INFO - Filling up the DagBag from /home/airflow/.local/lib/python3.12/site-packages/airflow/example_dags/example_trigger_target_dag.py
[2024-06-29T12:06:59.082+0000] {processor.py:840} INFO - DAG(s) 'example_trigger_target_dag' retrieved from /home/airflow/.local/lib/python3.12/site-packages/airflow/example_dags/example_trigger_target_dag.py
[2024-06-29T12:06:59.095+0000] {logging_mixin.py:188} INFO - [2024-06-29T12:06:59.095+0000] {dag.py:3096} INFO - Sync 1 DAGs
[2024-06-29T12:06:59.102+0000] {logging_mixin.py:188} INFO - [2024-06-29T12:06:59.101+0000] {dag.py:3954} INFO - Setting next_dagrun for example_trigger_target_dag to None, run_after=None
[2024-06-29T12:06:59.111+0000] {processor.py:183} INFO - Processing /home/airflow/.local/lib/python3.12/site-packages/airflow/example_dags/example_trigger_target_dag.py took 0.038 seconds
[2024-06-29T12:07:29.290+0000] {processor.py:161} INFO - Started process (PID=7197) to work on /home/airflow/.local/lib/python3.12/site-packages/airflow/example_dags/example_trigger_target_dag.py
[2024-06-29T12:07:29.291+0000] {processor.py:830} INFO - Processing file /home/airflow/.local/lib/python3.12/site-packages/airflow/example_dags/example_trigger_target_dag.py for tasks to queue
[2024-06-29T12:07:29.292+0000] {logging_mixin.py:188} INFO - [2024-06-29T12:07:29.291+0000] {dagbag.py:545} INFO - Filling up the DagBag from /home/airflow/.local/lib/python3.12/site-packages/airflow/example_dags/example_trigger_target_dag.py
[2024-06-29T12:07:29.295+0000] {processor.py:840} INFO - DAG(s) 'example_trigger_target_dag' retrieved from /home/airflow/.local/lib/python3.12/site-packages/airflow/example_dags/example_trigger_target_dag.py
[2024-06-29T12:07:29.309+0000] {logging_mixin.py:188} INFO - [2024-06-29T12:07:29.308+0000] {dag.py:3096} INFO - Sync 1 DAGs
[2024-06-29T12:07:29.315+0000] {logging_mixin.py:188} INFO - [2024-06-29T12:07:29.315+0000] {dag.py:3954} INFO - Setting next_dagrun for example_trigger_target_dag to None, run_after=None
[2024-06-29T12:07:29.324+0000] {processor.py:183} INFO - Processing /home/airflow/.local/lib/python3.12/site-packages/airflow/example_dags/example_trigger_target_dag.py took 0.038 seconds
[2024-06-29T12:07:59.456+0000] {processor.py:161} INFO - Started process (PID=7459) to work on /home/airflow/.local/lib/python3.12/site-packages/airflow/example_dags/example_trigger_target_dag.py
[2024-06-29T12:07:59.456+0000] {processor.py:830} INFO - Processing file /home/airflow/.local/lib/python3.12/site-packages/airflow/example_dags/example_trigger_target_dag.py for tasks to queue
[2024-06-29T12:07:59.457+0000] {logging_mixin.py:188} INFO - [2024-06-29T12:07:59.457+0000] {dagbag.py:545} INFO - Filling up the DagBag from /home/airflow/.local/lib/python3.12/site-packages/airflow/example_dags/example_trigger_target_dag.py
[2024-06-29T12:07:59.461+0000] {processor.py:840} INFO - DAG(s) 'example_trigger_target_dag' retrieved from /home/airflow/.local/lib/python3.12/site-packages/airflow/example_dags/example_trigger_target_dag.py
[2024-06-29T12:07:59.474+0000] {logging_mixin.py:188} INFO - [2024-06-29T12:07:59.474+0000] {dag.py:3096} INFO - Sync 1 DAGs
[2024-06-29T12:07:59.481+0000] {logging_mixin.py:188} INFO - [2024-06-29T12:07:59.481+0000] {dag.py:3954} INFO - Setting next_dagrun for example_trigger_target_dag to None, run_after=None
[2024-06-29T12:07:59.490+0000] {processor.py:183} INFO - Processing /home/airflow/.local/lib/python3.12/site-packages/airflow/example_dags/example_trigger_target_dag.py took 0.038 seconds
[2024-06-29T12:08:29.641+0000] {processor.py:161} INFO - Started process (PID=7722) to work on /home/airflow/.local/lib/python3.12/site-packages/airflow/example_dags/example_trigger_target_dag.py
[2024-06-29T12:08:29.641+0000] {processor.py:830} INFO - Processing file /home/airflow/.local/lib/python3.12/site-packages/airflow/example_dags/example_trigger_target_dag.py for tasks to queue
[2024-06-29T12:08:29.642+0000] {logging_mixin.py:188} INFO - [2024-06-29T12:08:29.642+0000] {dagbag.py:545} INFO - Filling up the DagBag from /home/airflow/.local/lib/python3.12/site-packages/airflow/example_dags/example_trigger_target_dag.py
[2024-06-29T12:08:29.646+0000] {processor.py:840} INFO - DAG(s) 'example_trigger_target_dag' retrieved from /home/airflow/.local/lib/python3.12/site-packages/airflow/example_dags/example_trigger_target_dag.py
[2024-06-29T12:08:29.659+0000] {logging_mixin.py:188} INFO - [2024-06-29T12:08:29.659+0000] {dag.py:3096} INFO - Sync 1 DAGs
[2024-06-29T12:08:29.665+0000] {logging_mixin.py:188} INFO - [2024-06-29T12:08:29.665+0000] {dag.py:3954} INFO - Setting next_dagrun for example_trigger_target_dag to None, run_after=None
[2024-06-29T12:08:29.674+0000] {processor.py:183} INFO - Processing /home/airflow/.local/lib/python3.12/site-packages/airflow/example_dags/example_trigger_target_dag.py took 0.037 seconds
[2024-06-29T12:08:59.918+0000] {processor.py:161} INFO - Started process (PID=7985) to work on /home/airflow/.local/lib/python3.12/site-packages/airflow/example_dags/example_trigger_target_dag.py
[2024-06-29T12:08:59.918+0000] {processor.py:830} INFO - Processing file /home/airflow/.local/lib/python3.12/site-packages/airflow/example_dags/example_trigger_target_dag.py for tasks to queue
[2024-06-29T12:08:59.920+0000] {logging_mixin.py:188} INFO - [2024-06-29T12:08:59.919+0000] {dagbag.py:545} INFO - Filling up the DagBag from /home/airflow/.local/lib/python3.12/site-packages/airflow/example_dags/example_trigger_target_dag.py
[2024-06-29T12:08:59.923+0000] {processor.py:840} INFO - DAG(s) 'example_trigger_target_dag' retrieved from /home/airflow/.local/lib/python3.12/site-packages/airflow/example_dags/example_trigger_target_dag.py
[2024-06-29T12:08:59.937+0000] {logging_mixin.py:188} INFO - [2024-06-29T12:08:59.936+0000] {dag.py:3096} INFO - Sync 1 DAGs
[2024-06-29T12:08:59.944+0000] {logging_mixin.py:188} INFO - [2024-06-29T12:08:59.944+0000] {dag.py:3954} INFO - Setting next_dagrun for example_trigger_target_dag to None, run_after=None
[2024-06-29T12:08:59.954+0000] {processor.py:183} INFO - Processing /home/airflow/.local/lib/python3.12/site-packages/airflow/example_dags/example_trigger_target_dag.py took 0.040 seconds
[2024-06-29T12:09:30.280+0000] {processor.py:161} INFO - Started process (PID=8247) to work on /home/airflow/.local/lib/python3.12/site-packages/airflow/example_dags/example_trigger_target_dag.py
[2024-06-29T12:09:30.280+0000] {processor.py:830} INFO - Processing file /home/airflow/.local/lib/python3.12/site-packages/airflow/example_dags/example_trigger_target_dag.py for tasks to queue
[2024-06-29T12:09:30.281+0000] {logging_mixin.py:188} INFO - [2024-06-29T12:09:30.281+0000] {dagbag.py:545} INFO - Filling up the DagBag from /home/airflow/.local/lib/python3.12/site-packages/airflow/example_dags/example_trigger_target_dag.py
[2024-06-29T12:09:30.285+0000] {processor.py:840} INFO - DAG(s) 'example_trigger_target_dag' retrieved from /home/airflow/.local/lib/python3.12/site-packages/airflow/example_dags/example_trigger_target_dag.py
[2024-06-29T12:09:30.298+0000] {logging_mixin.py:188} INFO - [2024-06-29T12:09:30.297+0000] {dag.py:3096} INFO - Sync 1 DAGs
[2024-06-29T12:09:30.303+0000] {logging_mixin.py:188} INFO - [2024-06-29T12:09:30.303+0000] {dag.py:3954} INFO - Setting next_dagrun for example_trigger_target_dag to None, run_after=None
[2024-06-29T12:09:30.312+0000] {processor.py:183} INFO - Processing /home/airflow/.local/lib/python3.12/site-packages/airflow/example_dags/example_trigger_target_dag.py took 0.036 seconds
[2024-06-29T12:10:01.101+0000] {processor.py:161} INFO - Started process (PID=8509) to work on /home/airflow/.local/lib/python3.12/site-packages/airflow/example_dags/example_trigger_target_dag.py
[2024-06-29T12:10:01.101+0000] {processor.py:830} INFO - Processing file /home/airflow/.local/lib/python3.12/site-packages/airflow/example_dags/example_trigger_target_dag.py for tasks to queue
[2024-06-29T12:10:01.102+0000] {logging_mixin.py:188} INFO - [2024-06-29T12:10:01.102+0000] {dagbag.py:545} INFO - Filling up the DagBag from /home/airflow/.local/lib/python3.12/site-packages/airflow/example_dags/example_trigger_target_dag.py
[2024-06-29T12:10:01.106+0000] {processor.py:840} INFO - DAG(s) 'example_trigger_target_dag' retrieved from /home/airflow/.local/lib/python3.12/site-packages/airflow/example_dags/example_trigger_target_dag.py
[2024-06-29T12:10:01.121+0000] {logging_mixin.py:188} INFO - [2024-06-29T12:10:01.121+0000] {dag.py:3096} INFO - Sync 1 DAGs
[2024-06-29T12:10:01.128+0000] {logging_mixin.py:188} INFO - [2024-06-29T12:10:01.128+0000] {dag.py:3954} INFO - Setting next_dagrun for example_trigger_target_dag to None, run_after=None
[2024-06-29T12:10:01.233+0000] {processor.py:183} INFO - Processing /home/airflow/.local/lib/python3.12/site-packages/airflow/example_dags/example_trigger_target_dag.py took 0.136 seconds
[2024-06-29T12:10:31.872+0000] {processor.py:161} INFO - Started process (PID=8771) to work on /home/airflow/.local/lib/python3.12/site-packages/airflow/example_dags/example_trigger_target_dag.py
[2024-06-29T12:10:31.873+0000] {processor.py:830} INFO - Processing file /home/airflow/.local/lib/python3.12/site-packages/airflow/example_dags/example_trigger_target_dag.py for tasks to queue
[2024-06-29T12:10:31.874+0000] {logging_mixin.py:188} INFO - [2024-06-29T12:10:31.874+0000] {dagbag.py:545} INFO - Filling up the DagBag from /home/airflow/.local/lib/python3.12/site-packages/airflow/example_dags/example_trigger_target_dag.py
[2024-06-29T12:10:31.877+0000] {processor.py:840} INFO - DAG(s) 'example_trigger_target_dag' retrieved from /home/airflow/.local/lib/python3.12/site-packages/airflow/example_dags/example_trigger_target_dag.py
[2024-06-29T12:10:31.891+0000] {logging_mixin.py:188} INFO - [2024-06-29T12:10:31.891+0000] {dag.py:3096} INFO - Sync 1 DAGs
[2024-06-29T12:10:31.898+0000] {logging_mixin.py:188} INFO - [2024-06-29T12:10:31.898+0000] {dag.py:3954} INFO - Setting next_dagrun for example_trigger_target_dag to None, run_after=None
[2024-06-29T12:10:31.995+0000] {processor.py:183} INFO - Processing /home/airflow/.local/lib/python3.12/site-packages/airflow/example_dags/example_trigger_target_dag.py took 0.127 seconds
[2024-06-29T12:11:02.278+0000] {processor.py:161} INFO - Started process (PID=9033) to work on /home/airflow/.local/lib/python3.12/site-packages/airflow/example_dags/example_trigger_target_dag.py
[2024-06-29T12:11:02.279+0000] {processor.py:830} INFO - Processing file /home/airflow/.local/lib/python3.12/site-packages/airflow/example_dags/example_trigger_target_dag.py for tasks to queue
[2024-06-29T12:11:02.280+0000] {logging_mixin.py:188} INFO - [2024-06-29T12:11:02.280+0000] {dagbag.py:545} INFO - Filling up the DagBag from /home/airflow/.local/lib/python3.12/site-packages/airflow/example_dags/example_trigger_target_dag.py
[2024-06-29T12:11:02.284+0000] {processor.py:840} INFO - DAG(s) 'example_trigger_target_dag' retrieved from /home/airflow/.local/lib/python3.12/site-packages/airflow/example_dags/example_trigger_target_dag.py
[2024-06-29T12:11:02.299+0000] {logging_mixin.py:188} INFO - [2024-06-29T12:11:02.298+0000] {dag.py:3096} INFO - Sync 1 DAGs
[2024-06-29T12:11:02.305+0000] {logging_mixin.py:188} INFO - [2024-06-29T12:11:02.305+0000] {dag.py:3954} INFO - Setting next_dagrun for example_trigger_target_dag to None, run_after=None
[2024-06-29T12:11:02.316+0000] {processor.py:183} INFO - Processing /home/airflow/.local/lib/python3.12/site-packages/airflow/example_dags/example_trigger_target_dag.py took 0.041 seconds
[2024-06-29T12:11:33.006+0000] {processor.py:161} INFO - Started process (PID=9295) to work on /home/airflow/.local/lib/python3.12/site-packages/airflow/example_dags/example_trigger_target_dag.py
[2024-06-29T12:11:33.007+0000] {processor.py:830} INFO - Processing file /home/airflow/.local/lib/python3.12/site-packages/airflow/example_dags/example_trigger_target_dag.py for tasks to queue
[2024-06-29T12:11:33.008+0000] {logging_mixin.py:188} INFO - [2024-06-29T12:11:33.008+0000] {dagbag.py:545} INFO - Filling up the DagBag from /home/airflow/.local/lib/python3.12/site-packages/airflow/example_dags/example_trigger_target_dag.py
[2024-06-29T12:11:33.012+0000] {processor.py:840} INFO - DAG(s) 'example_trigger_target_dag' retrieved from /home/airflow/.local/lib/python3.12/site-packages/airflow/example_dags/example_trigger_target_dag.py
[2024-06-29T12:11:33.027+0000] {logging_mixin.py:188} INFO - [2024-06-29T12:11:33.027+0000] {dag.py:3096} INFO - Sync 1 DAGs
[2024-06-29T12:11:33.035+0000] {logging_mixin.py:188} INFO - [2024-06-29T12:11:33.034+0000] {dag.py:3954} INFO - Setting next_dagrun for example_trigger_target_dag to None, run_after=None
[2024-06-29T12:11:33.142+0000] {processor.py:183} INFO - Processing /home/airflow/.local/lib/python3.12/site-packages/airflow/example_dags/example_trigger_target_dag.py took 0.139 seconds
[2024-06-29T12:12:03.243+0000] {processor.py:161} INFO - Started process (PID=9557) to work on /home/airflow/.local/lib/python3.12/site-packages/airflow/example_dags/example_trigger_target_dag.py
[2024-06-29T12:12:03.244+0000] {processor.py:830} INFO - Processing file /home/airflow/.local/lib/python3.12/site-packages/airflow/example_dags/example_trigger_target_dag.py for tasks to queue
[2024-06-29T12:12:03.245+0000] {logging_mixin.py:188} INFO - [2024-06-29T12:12:03.245+0000] {dagbag.py:545} INFO - Filling up the DagBag from /home/airflow/.local/lib/python3.12/site-packages/airflow/example_dags/example_trigger_target_dag.py
[2024-06-29T12:12:03.249+0000] {processor.py:840} INFO - DAG(s) 'example_trigger_target_dag' retrieved from /home/airflow/.local/lib/python3.12/site-packages/airflow/example_dags/example_trigger_target_dag.py
[2024-06-29T12:12:03.262+0000] {logging_mixin.py:188} INFO - [2024-06-29T12:12:03.262+0000] {dag.py:3096} INFO - Sync 1 DAGs
[2024-06-29T12:12:03.269+0000] {logging_mixin.py:188} INFO - [2024-06-29T12:12:03.269+0000] {dag.py:3954} INFO - Setting next_dagrun for example_trigger_target_dag to None, run_after=None
[2024-06-29T12:12:03.278+0000] {processor.py:183} INFO - Processing /home/airflow/.local/lib/python3.12/site-packages/airflow/example_dags/example_trigger_target_dag.py took 0.039 seconds
[2024-06-29T12:12:33.337+0000] {processor.py:161} INFO - Started process (PID=9820) to work on /home/airflow/.local/lib/python3.12/site-packages/airflow/example_dags/example_trigger_target_dag.py
[2024-06-29T12:12:33.338+0000] {processor.py:830} INFO - Processing file /home/airflow/.local/lib/python3.12/site-packages/airflow/example_dags/example_trigger_target_dag.py for tasks to queue
[2024-06-29T12:12:33.339+0000] {logging_mixin.py:188} INFO - [2024-06-29T12:12:33.339+0000] {dagbag.py:545} INFO - Filling up the DagBag from /home/airflow/.local/lib/python3.12/site-packages/airflow/example_dags/example_trigger_target_dag.py
[2024-06-29T12:12:33.343+0000] {processor.py:840} INFO - DAG(s) 'example_trigger_target_dag' retrieved from /home/airflow/.local/lib/python3.12/site-packages/airflow/example_dags/example_trigger_target_dag.py
[2024-06-29T12:12:33.356+0000] {logging_mixin.py:188} INFO - [2024-06-29T12:12:33.356+0000] {dag.py:3096} INFO - Sync 1 DAGs
[2024-06-29T12:12:33.363+0000] {logging_mixin.py:188} INFO - [2024-06-29T12:12:33.363+0000] {dag.py:3954} INFO - Setting next_dagrun for example_trigger_target_dag to None, run_after=None
[2024-06-29T12:12:33.372+0000] {processor.py:183} INFO - Processing /home/airflow/.local/lib/python3.12/site-packages/airflow/example_dags/example_trigger_target_dag.py took 0.038 seconds
[2024-06-29T12:13:03.516+0000] {processor.py:161} INFO - Started process (PID=10082) to work on /home/airflow/.local/lib/python3.12/site-packages/airflow/example_dags/example_trigger_target_dag.py
[2024-06-29T12:13:03.516+0000] {processor.py:830} INFO - Processing file /home/airflow/.local/lib/python3.12/site-packages/airflow/example_dags/example_trigger_target_dag.py for tasks to queue
[2024-06-29T12:13:03.517+0000] {logging_mixin.py:188} INFO - [2024-06-29T12:13:03.517+0000] {dagbag.py:545} INFO - Filling up the DagBag from /home/airflow/.local/lib/python3.12/site-packages/airflow/example_dags/example_trigger_target_dag.py
[2024-06-29T12:13:03.521+0000] {processor.py:840} INFO - DAG(s) 'example_trigger_target_dag' retrieved from /home/airflow/.local/lib/python3.12/site-packages/airflow/example_dags/example_trigger_target_dag.py
[2024-06-29T12:13:03.534+0000] {logging_mixin.py:188} INFO - [2024-06-29T12:13:03.534+0000] {dag.py:3096} INFO - Sync 1 DAGs
[2024-06-29T12:13:03.541+0000] {logging_mixin.py:188} INFO - [2024-06-29T12:13:03.540+0000] {dag.py:3954} INFO - Setting next_dagrun for example_trigger_target_dag to None, run_after=None
[2024-06-29T12:13:03.549+0000] {processor.py:183} INFO - Processing /home/airflow/.local/lib/python3.12/site-packages/airflow/example_dags/example_trigger_target_dag.py took 0.037 seconds
[2024-06-29T12:13:33.709+0000] {processor.py:161} INFO - Started process (PID=10343) to work on /home/airflow/.local/lib/python3.12/site-packages/airflow/example_dags/example_trigger_target_dag.py
[2024-06-29T12:13:33.710+0000] {processor.py:830} INFO - Processing file /home/airflow/.local/lib/python3.12/site-packages/airflow/example_dags/example_trigger_target_dag.py for tasks to queue
[2024-06-29T12:13:33.711+0000] {logging_mixin.py:188} INFO - [2024-06-29T12:13:33.710+0000] {dagbag.py:545} INFO - Filling up the DagBag from /home/airflow/.local/lib/python3.12/site-packages/airflow/example_dags/example_trigger_target_dag.py
[2024-06-29T12:13:33.714+0000] {processor.py:840} INFO - DAG(s) 'example_trigger_target_dag' retrieved from /home/airflow/.local/lib/python3.12/site-packages/airflow/example_dags/example_trigger_target_dag.py
[2024-06-29T12:13:33.728+0000] {logging_mixin.py:188} INFO - [2024-06-29T12:13:33.728+0000] {dag.py:3096} INFO - Sync 1 DAGs
[2024-06-29T12:13:33.735+0000] {logging_mixin.py:188} INFO - [2024-06-29T12:13:33.734+0000] {dag.py:3954} INFO - Setting next_dagrun for example_trigger_target_dag to None, run_after=None
[2024-06-29T12:13:33.744+0000] {processor.py:183} INFO - Processing /home/airflow/.local/lib/python3.12/site-packages/airflow/example_dags/example_trigger_target_dag.py took 0.039 seconds
[2024-06-29T12:14:03.897+0000] {processor.py:161} INFO - Started process (PID=10605) to work on /home/airflow/.local/lib/python3.12/site-packages/airflow/example_dags/example_trigger_target_dag.py
[2024-06-29T12:14:03.898+0000] {processor.py:830} INFO - Processing file /home/airflow/.local/lib/python3.12/site-packages/airflow/example_dags/example_trigger_target_dag.py for tasks to queue
[2024-06-29T12:14:03.899+0000] {logging_mixin.py:188} INFO - [2024-06-29T12:14:03.899+0000] {dagbag.py:545} INFO - Filling up the DagBag from /home/airflow/.local/lib/python3.12/site-packages/airflow/example_dags/example_trigger_target_dag.py
[2024-06-29T12:14:03.903+0000] {processor.py:840} INFO - DAG(s) 'example_trigger_target_dag' retrieved from /home/airflow/.local/lib/python3.12/site-packages/airflow/example_dags/example_trigger_target_dag.py
[2024-06-29T12:14:03.918+0000] {logging_mixin.py:188} INFO - [2024-06-29T12:14:03.918+0000] {dag.py:3096} INFO - Sync 1 DAGs
[2024-06-29T12:14:03.925+0000] {logging_mixin.py:188} INFO - [2024-06-29T12:14:03.925+0000] {dag.py:3954} INFO - Setting next_dagrun for example_trigger_target_dag to None, run_after=None
[2024-06-29T12:14:03.936+0000] {processor.py:183} INFO - Processing /home/airflow/.local/lib/python3.12/site-packages/airflow/example_dags/example_trigger_target_dag.py took 0.043 seconds
[2024-06-29T12:14:33.991+0000] {processor.py:161} INFO - Started process (PID=10867) to work on /home/airflow/.local/lib/python3.12/site-packages/airflow/example_dags/example_trigger_target_dag.py
[2024-06-29T12:14:33.991+0000] {processor.py:830} INFO - Processing file /home/airflow/.local/lib/python3.12/site-packages/airflow/example_dags/example_trigger_target_dag.py for tasks to queue
[2024-06-29T12:14:33.993+0000] {logging_mixin.py:188} INFO - [2024-06-29T12:14:33.992+0000] {dagbag.py:545} INFO - Filling up the DagBag from /home/airflow/.local/lib/python3.12/site-packages/airflow/example_dags/example_trigger_target_dag.py
[2024-06-29T12:14:33.996+0000] {processor.py:840} INFO - DAG(s) 'example_trigger_target_dag' retrieved from /home/airflow/.local/lib/python3.12/site-packages/airflow/example_dags/example_trigger_target_dag.py
[2024-06-29T12:14:34.010+0000] {logging_mixin.py:188} INFO - [2024-06-29T12:14:34.010+0000] {dag.py:3096} INFO - Sync 1 DAGs
[2024-06-29T12:14:34.017+0000] {logging_mixin.py:188} INFO - [2024-06-29T12:14:34.017+0000] {dag.py:3954} INFO - Setting next_dagrun for example_trigger_target_dag to None, run_after=None
[2024-06-29T12:14:34.028+0000] {processor.py:183} INFO - Processing /home/airflow/.local/lib/python3.12/site-packages/airflow/example_dags/example_trigger_target_dag.py took 0.041 seconds
[2024-06-29T12:15:05.109+0000] {processor.py:161} INFO - Started process (PID=11129) to work on /home/airflow/.local/lib/python3.12/site-packages/airflow/example_dags/example_trigger_target_dag.py
[2024-06-29T12:15:05.109+0000] {processor.py:830} INFO - Processing file /home/airflow/.local/lib/python3.12/site-packages/airflow/example_dags/example_trigger_target_dag.py for tasks to queue
[2024-06-29T12:15:05.110+0000] {logging_mixin.py:188} INFO - [2024-06-29T12:15:05.110+0000] {dagbag.py:545} INFO - Filling up the DagBag from /home/airflow/.local/lib/python3.12/site-packages/airflow/example_dags/example_trigger_target_dag.py
[2024-06-29T12:15:05.114+0000] {processor.py:840} INFO - DAG(s) 'example_trigger_target_dag' retrieved from /home/airflow/.local/lib/python3.12/site-packages/airflow/example_dags/example_trigger_target_dag.py
[2024-06-29T12:15:05.126+0000] {logging_mixin.py:188} INFO - [2024-06-29T12:15:05.126+0000] {dag.py:3096} INFO - Sync 1 DAGs
[2024-06-29T12:15:05.132+0000] {logging_mixin.py:188} INFO - [2024-06-29T12:15:05.132+0000] {dag.py:3954} INFO - Setting next_dagrun for example_trigger_target_dag to None, run_after=None
[2024-06-29T12:15:05.141+0000] {processor.py:183} INFO - Processing /home/airflow/.local/lib/python3.12/site-packages/airflow/example_dags/example_trigger_target_dag.py took 0.036 seconds
[2024-06-29T12:15:35.347+0000] {processor.py:161} INFO - Started process (PID=11393) to work on /home/airflow/.local/lib/python3.12/site-packages/airflow/example_dags/example_trigger_target_dag.py
[2024-06-29T12:15:35.348+0000] {processor.py:830} INFO - Processing file /home/airflow/.local/lib/python3.12/site-packages/airflow/example_dags/example_trigger_target_dag.py for tasks to queue
[2024-06-29T12:15:35.349+0000] {logging_mixin.py:188} INFO - [2024-06-29T12:15:35.349+0000] {dagbag.py:545} INFO - Filling up the DagBag from /home/airflow/.local/lib/python3.12/site-packages/airflow/example_dags/example_trigger_target_dag.py
[2024-06-29T12:15:35.353+0000] {processor.py:840} INFO - DAG(s) 'example_trigger_target_dag' retrieved from /home/airflow/.local/lib/python3.12/site-packages/airflow/example_dags/example_trigger_target_dag.py
[2024-06-29T12:15:35.367+0000] {logging_mixin.py:188} INFO - [2024-06-29T12:15:35.367+0000] {dag.py:3096} INFO - Sync 1 DAGs
[2024-06-29T12:15:35.373+0000] {logging_mixin.py:188} INFO - [2024-06-29T12:15:35.373+0000] {dag.py:3954} INFO - Setting next_dagrun for example_trigger_target_dag to None, run_after=None
[2024-06-29T12:15:35.382+0000] {processor.py:183} INFO - Processing /home/airflow/.local/lib/python3.12/site-packages/airflow/example_dags/example_trigger_target_dag.py took 0.038 seconds
[2024-06-29T12:16:05.493+0000] {processor.py:161} INFO - Started process (PID=11654) to work on /home/airflow/.local/lib/python3.12/site-packages/airflow/example_dags/example_trigger_target_dag.py
[2024-06-29T12:16:05.493+0000] {processor.py:830} INFO - Processing file /home/airflow/.local/lib/python3.12/site-packages/airflow/example_dags/example_trigger_target_dag.py for tasks to queue
[2024-06-29T12:16:05.494+0000] {logging_mixin.py:188} INFO - [2024-06-29T12:16:05.494+0000] {dagbag.py:545} INFO - Filling up the DagBag from /home/airflow/.local/lib/python3.12/site-packages/airflow/example_dags/example_trigger_target_dag.py
[2024-06-29T12:16:05.498+0000] {processor.py:840} INFO - DAG(s) 'example_trigger_target_dag' retrieved from /home/airflow/.local/lib/python3.12/site-packages/airflow/example_dags/example_trigger_target_dag.py
[2024-06-29T12:16:05.511+0000] {logging_mixin.py:188} INFO - [2024-06-29T12:16:05.511+0000] {dag.py:3096} INFO - Sync 1 DAGs
[2024-06-29T12:16:05.518+0000] {logging_mixin.py:188} INFO - [2024-06-29T12:16:05.518+0000] {dag.py:3954} INFO - Setting next_dagrun for example_trigger_target_dag to None, run_after=None
[2024-06-29T12:16:05.527+0000] {processor.py:183} INFO - Processing /home/airflow/.local/lib/python3.12/site-packages/airflow/example_dags/example_trigger_target_dag.py took 0.038 seconds
[2024-06-29T12:16:35.787+0000] {processor.py:161} INFO - Started process (PID=11916) to work on /home/airflow/.local/lib/python3.12/site-packages/airflow/example_dags/example_trigger_target_dag.py
[2024-06-29T12:16:35.788+0000] {processor.py:830} INFO - Processing file /home/airflow/.local/lib/python3.12/site-packages/airflow/example_dags/example_trigger_target_dag.py for tasks to queue
[2024-06-29T12:16:35.789+0000] {logging_mixin.py:188} INFO - [2024-06-29T12:16:35.788+0000] {dagbag.py:545} INFO - Filling up the DagBag from /home/airflow/.local/lib/python3.12/site-packages/airflow/example_dags/example_trigger_target_dag.py
[2024-06-29T12:16:35.792+0000] {processor.py:840} INFO - DAG(s) 'example_trigger_target_dag' retrieved from /home/airflow/.local/lib/python3.12/site-packages/airflow/example_dags/example_trigger_target_dag.py
[2024-06-29T12:16:35.806+0000] {logging_mixin.py:188} INFO - [2024-06-29T12:16:35.806+0000] {dag.py:3096} INFO - Sync 1 DAGs
[2024-06-29T12:16:35.812+0000] {logging_mixin.py:188} INFO - [2024-06-29T12:16:35.812+0000] {dag.py:3954} INFO - Setting next_dagrun for example_trigger_target_dag to None, run_after=None
[2024-06-29T12:16:35.821+0000] {processor.py:183} INFO - Processing /home/airflow/.local/lib/python3.12/site-packages/airflow/example_dags/example_trigger_target_dag.py took 0.038 seconds
[2024-06-29T12:17:05.995+0000] {processor.py:161} INFO - Started process (PID=12178) to work on /home/airflow/.local/lib/python3.12/site-packages/airflow/example_dags/example_trigger_target_dag.py
[2024-06-29T12:17:05.996+0000] {processor.py:830} INFO - Processing file /home/airflow/.local/lib/python3.12/site-packages/airflow/example_dags/example_trigger_target_dag.py for tasks to queue
[2024-06-29T12:17:05.997+0000] {logging_mixin.py:188} INFO - [2024-06-29T12:17:05.997+0000] {dagbag.py:545} INFO - Filling up the DagBag from /home/airflow/.local/lib/python3.12/site-packages/airflow/example_dags/example_trigger_target_dag.py
[2024-06-29T12:17:06.001+0000] {processor.py:840} INFO - DAG(s) 'example_trigger_target_dag' retrieved from /home/airflow/.local/lib/python3.12/site-packages/airflow/example_dags/example_trigger_target_dag.py
[2024-06-29T12:17:06.014+0000] {logging_mixin.py:188} INFO - [2024-06-29T12:17:06.014+0000] {dag.py:3096} INFO - Sync 1 DAGs
[2024-06-29T12:17:06.021+0000] {logging_mixin.py:188} INFO - [2024-06-29T12:17:06.021+0000] {dag.py:3954} INFO - Setting next_dagrun for example_trigger_target_dag to None, run_after=None
[2024-06-29T12:17:06.031+0000] {processor.py:183} INFO - Processing /home/airflow/.local/lib/python3.12/site-packages/airflow/example_dags/example_trigger_target_dag.py took 0.040 seconds
[2024-06-29T12:17:36.171+0000] {processor.py:161} INFO - Started process (PID=12434) to work on /home/airflow/.local/lib/python3.12/site-packages/airflow/example_dags/example_trigger_target_dag.py
[2024-06-29T12:17:36.171+0000] {processor.py:830} INFO - Processing file /home/airflow/.local/lib/python3.12/site-packages/airflow/example_dags/example_trigger_target_dag.py for tasks to queue
[2024-06-29T12:17:36.172+0000] {logging_mixin.py:188} INFO - [2024-06-29T12:17:36.172+0000] {dagbag.py:545} INFO - Filling up the DagBag from /home/airflow/.local/lib/python3.12/site-packages/airflow/example_dags/example_trigger_target_dag.py
[2024-06-29T12:17:36.176+0000] {processor.py:840} INFO - DAG(s) 'example_trigger_target_dag' retrieved from /home/airflow/.local/lib/python3.12/site-packages/airflow/example_dags/example_trigger_target_dag.py
[2024-06-29T12:17:36.190+0000] {logging_mixin.py:188} INFO - [2024-06-29T12:17:36.190+0000] {dag.py:3096} INFO - Sync 1 DAGs
[2024-06-29T12:17:36.196+0000] {logging_mixin.py:188} INFO - [2024-06-29T12:17:36.196+0000] {dag.py:3954} INFO - Setting next_dagrun for example_trigger_target_dag to None, run_after=None
[2024-06-29T12:17:36.205+0000] {processor.py:183} INFO - Processing /home/airflow/.local/lib/python3.12/site-packages/airflow/example_dags/example_trigger_target_dag.py took 0.039 seconds
[2024-06-29T12:18:06.289+0000] {processor.py:161} INFO - Started process (PID=12698) to work on /home/airflow/.local/lib/python3.12/site-packages/airflow/example_dags/example_trigger_target_dag.py
[2024-06-29T12:18:06.289+0000] {processor.py:830} INFO - Processing file /home/airflow/.local/lib/python3.12/site-packages/airflow/example_dags/example_trigger_target_dag.py for tasks to queue
[2024-06-29T12:18:06.290+0000] {logging_mixin.py:188} INFO - [2024-06-29T12:18:06.290+0000] {dagbag.py:545} INFO - Filling up the DagBag from /home/airflow/.local/lib/python3.12/site-packages/airflow/example_dags/example_trigger_target_dag.py
[2024-06-29T12:18:06.294+0000] {processor.py:840} INFO - DAG(s) 'example_trigger_target_dag' retrieved from /home/airflow/.local/lib/python3.12/site-packages/airflow/example_dags/example_trigger_target_dag.py
[2024-06-29T12:18:06.307+0000] {logging_mixin.py:188} INFO - [2024-06-29T12:18:06.307+0000] {dag.py:3096} INFO - Sync 1 DAGs
[2024-06-29T12:18:06.313+0000] {logging_mixin.py:188} INFO - [2024-06-29T12:18:06.313+0000] {dag.py:3954} INFO - Setting next_dagrun for example_trigger_target_dag to None, run_after=None
[2024-06-29T12:18:06.321+0000] {processor.py:183} INFO - Processing /home/airflow/.local/lib/python3.12/site-packages/airflow/example_dags/example_trigger_target_dag.py took 0.036 seconds
[2024-06-29T12:18:36.476+0000] {processor.py:161} INFO - Started process (PID=12957) to work on /home/airflow/.local/lib/python3.12/site-packages/airflow/example_dags/example_trigger_target_dag.py
[2024-06-29T12:18:36.477+0000] {processor.py:830} INFO - Processing file /home/airflow/.local/lib/python3.12/site-packages/airflow/example_dags/example_trigger_target_dag.py for tasks to queue
[2024-06-29T12:18:36.478+0000] {logging_mixin.py:188} INFO - [2024-06-29T12:18:36.478+0000] {dagbag.py:545} INFO - Filling up the DagBag from /home/airflow/.local/lib/python3.12/site-packages/airflow/example_dags/example_trigger_target_dag.py
[2024-06-29T12:18:36.482+0000] {processor.py:840} INFO - DAG(s) 'example_trigger_target_dag' retrieved from /home/airflow/.local/lib/python3.12/site-packages/airflow/example_dags/example_trigger_target_dag.py
[2024-06-29T12:18:36.495+0000] {logging_mixin.py:188} INFO - [2024-06-29T12:18:36.495+0000] {dag.py:3096} INFO - Sync 1 DAGs
[2024-06-29T12:18:36.502+0000] {logging_mixin.py:188} INFO - [2024-06-29T12:18:36.502+0000] {dag.py:3954} INFO - Setting next_dagrun for example_trigger_target_dag to None, run_after=None
[2024-06-29T12:18:36.511+0000] {processor.py:183} INFO - Processing /home/airflow/.local/lib/python3.12/site-packages/airflow/example_dags/example_trigger_target_dag.py took 0.039 seconds
[2024-06-29T12:19:06.554+0000] {processor.py:161} INFO - Started process (PID=13220) to work on /home/airflow/.local/lib/python3.12/site-packages/airflow/example_dags/example_trigger_target_dag.py
[2024-06-29T12:19:06.555+0000] {processor.py:830} INFO - Processing file /home/airflow/.local/lib/python3.12/site-packages/airflow/example_dags/example_trigger_target_dag.py for tasks to queue
[2024-06-29T12:19:06.556+0000] {logging_mixin.py:188} INFO - [2024-06-29T12:19:06.556+0000] {dagbag.py:545} INFO - Filling up the DagBag from /home/airflow/.local/lib/python3.12/site-packages/airflow/example_dags/example_trigger_target_dag.py
[2024-06-29T12:19:06.560+0000] {processor.py:840} INFO - DAG(s) 'example_trigger_target_dag' retrieved from /home/airflow/.local/lib/python3.12/site-packages/airflow/example_dags/example_trigger_target_dag.py
[2024-06-29T12:19:06.573+0000] {logging_mixin.py:188} INFO - [2024-06-29T12:19:06.573+0000] {dag.py:3096} INFO - Sync 1 DAGs
[2024-06-29T12:19:06.580+0000] {logging_mixin.py:188} INFO - [2024-06-29T12:19:06.580+0000] {dag.py:3954} INFO - Setting next_dagrun for example_trigger_target_dag to None, run_after=None
[2024-06-29T12:19:06.590+0000] {processor.py:183} INFO - Processing /home/airflow/.local/lib/python3.12/site-packages/airflow/example_dags/example_trigger_target_dag.py took 0.039 seconds
[2024-06-29T12:19:37.761+0000] {processor.py:161} INFO - Started process (PID=13482) to work on /home/airflow/.local/lib/python3.12/site-packages/airflow/example_dags/example_trigger_target_dag.py
[2024-06-29T12:19:37.761+0000] {processor.py:830} INFO - Processing file /home/airflow/.local/lib/python3.12/site-packages/airflow/example_dags/example_trigger_target_dag.py for tasks to queue
[2024-06-29T12:19:37.762+0000] {logging_mixin.py:188} INFO - [2024-06-29T12:19:37.762+0000] {dagbag.py:545} INFO - Filling up the DagBag from /home/airflow/.local/lib/python3.12/site-packages/airflow/example_dags/example_trigger_target_dag.py
[2024-06-29T12:19:37.766+0000] {processor.py:840} INFO - DAG(s) 'example_trigger_target_dag' retrieved from /home/airflow/.local/lib/python3.12/site-packages/airflow/example_dags/example_trigger_target_dag.py
[2024-06-29T12:19:37.778+0000] {logging_mixin.py:188} INFO - [2024-06-29T12:19:37.778+0000] {dag.py:3096} INFO - Sync 1 DAGs
[2024-06-29T12:19:37.784+0000] {logging_mixin.py:188} INFO - [2024-06-29T12:19:37.784+0000] {dag.py:3954} INFO - Setting next_dagrun for example_trigger_target_dag to None, run_after=None
[2024-06-29T12:19:37.793+0000] {processor.py:183} INFO - Processing /home/airflow/.local/lib/python3.12/site-packages/airflow/example_dags/example_trigger_target_dag.py took 0.036 seconds
[2024-06-29T12:20:07.937+0000] {processor.py:161} INFO - Started process (PID=13744) to work on /home/airflow/.local/lib/python3.12/site-packages/airflow/example_dags/example_trigger_target_dag.py
[2024-06-29T12:20:07.937+0000] {processor.py:830} INFO - Processing file /home/airflow/.local/lib/python3.12/site-packages/airflow/example_dags/example_trigger_target_dag.py for tasks to queue
[2024-06-29T12:20:07.938+0000] {logging_mixin.py:188} INFO - [2024-06-29T12:20:07.938+0000] {dagbag.py:545} INFO - Filling up the DagBag from /home/airflow/.local/lib/python3.12/site-packages/airflow/example_dags/example_trigger_target_dag.py
[2024-06-29T12:20:07.942+0000] {processor.py:840} INFO - DAG(s) 'example_trigger_target_dag' retrieved from /home/airflow/.local/lib/python3.12/site-packages/airflow/example_dags/example_trigger_target_dag.py
[2024-06-29T12:20:07.954+0000] {logging_mixin.py:188} INFO - [2024-06-29T12:20:07.954+0000] {dag.py:3096} INFO - Sync 1 DAGs
[2024-06-29T12:20:07.960+0000] {logging_mixin.py:188} INFO - [2024-06-29T12:20:07.960+0000] {dag.py:3954} INFO - Setting next_dagrun for example_trigger_target_dag to None, run_after=None
[2024-06-29T12:20:07.969+0000] {processor.py:183} INFO - Processing /home/airflow/.local/lib/python3.12/site-packages/airflow/example_dags/example_trigger_target_dag.py took 0.036 seconds
[2024-06-29T12:20:38.108+0000] {processor.py:161} INFO - Started process (PID=14006) to work on /home/airflow/.local/lib/python3.12/site-packages/airflow/example_dags/example_trigger_target_dag.py
[2024-06-29T12:20:38.109+0000] {processor.py:830} INFO - Processing file /home/airflow/.local/lib/python3.12/site-packages/airflow/example_dags/example_trigger_target_dag.py for tasks to queue
[2024-06-29T12:20:38.110+0000] {logging_mixin.py:188} INFO - [2024-06-29T12:20:38.109+0000] {dagbag.py:545} INFO - Filling up the DagBag from /home/airflow/.local/lib/python3.12/site-packages/airflow/example_dags/example_trigger_target_dag.py
[2024-06-29T12:20:38.113+0000] {processor.py:840} INFO - DAG(s) 'example_trigger_target_dag' retrieved from /home/airflow/.local/lib/python3.12/site-packages/airflow/example_dags/example_trigger_target_dag.py
[2024-06-29T12:20:38.127+0000] {logging_mixin.py:188} INFO - [2024-06-29T12:20:38.127+0000] {dag.py:3096} INFO - Sync 1 DAGs
[2024-06-29T12:20:38.133+0000] {logging_mixin.py:188} INFO - [2024-06-29T12:20:38.133+0000] {dag.py:3954} INFO - Setting next_dagrun for example_trigger_target_dag to None, run_after=None
[2024-06-29T12:20:38.143+0000] {processor.py:183} INFO - Processing /home/airflow/.local/lib/python3.12/site-packages/airflow/example_dags/example_trigger_target_dag.py took 0.039 seconds
[2024-06-29T12:21:08.324+0000] {processor.py:161} INFO - Started process (PID=14270) to work on /home/airflow/.local/lib/python3.12/site-packages/airflow/example_dags/example_trigger_target_dag.py
[2024-06-29T12:21:08.325+0000] {processor.py:830} INFO - Processing file /home/airflow/.local/lib/python3.12/site-packages/airflow/example_dags/example_trigger_target_dag.py for tasks to queue
[2024-06-29T12:21:08.326+0000] {logging_mixin.py:188} INFO - [2024-06-29T12:21:08.326+0000] {dagbag.py:545} INFO - Filling up the DagBag from /home/airflow/.local/lib/python3.12/site-packages/airflow/example_dags/example_trigger_target_dag.py
[2024-06-29T12:21:08.329+0000] {processor.py:840} INFO - DAG(s) 'example_trigger_target_dag' retrieved from /home/airflow/.local/lib/python3.12/site-packages/airflow/example_dags/example_trigger_target_dag.py
[2024-06-29T12:21:08.342+0000] {logging_mixin.py:188} INFO - [2024-06-29T12:21:08.342+0000] {dag.py:3096} INFO - Sync 1 DAGs
[2024-06-29T12:21:08.348+0000] {logging_mixin.py:188} INFO - [2024-06-29T12:21:08.348+0000] {dag.py:3954} INFO - Setting next_dagrun for example_trigger_target_dag to None, run_after=None
[2024-06-29T12:21:08.356+0000] {processor.py:183} INFO - Processing /home/airflow/.local/lib/python3.12/site-packages/airflow/example_dags/example_trigger_target_dag.py took 0.035 seconds
[2024-06-29T12:21:38.498+0000] {processor.py:161} INFO - Started process (PID=14530) to work on /home/airflow/.local/lib/python3.12/site-packages/airflow/example_dags/example_trigger_target_dag.py
[2024-06-29T12:21:38.498+0000] {processor.py:830} INFO - Processing file /home/airflow/.local/lib/python3.12/site-packages/airflow/example_dags/example_trigger_target_dag.py for tasks to queue
[2024-06-29T12:21:38.499+0000] {logging_mixin.py:188} INFO - [2024-06-29T12:21:38.499+0000] {dagbag.py:545} INFO - Filling up the DagBag from /home/airflow/.local/lib/python3.12/site-packages/airflow/example_dags/example_trigger_target_dag.py
[2024-06-29T12:21:38.503+0000] {processor.py:840} INFO - DAG(s) 'example_trigger_target_dag' retrieved from /home/airflow/.local/lib/python3.12/site-packages/airflow/example_dags/example_trigger_target_dag.py
[2024-06-29T12:21:38.516+0000] {logging_mixin.py:188} INFO - [2024-06-29T12:21:38.516+0000] {dag.py:3096} INFO - Sync 1 DAGs
[2024-06-29T12:21:38.523+0000] {logging_mixin.py:188} INFO - [2024-06-29T12:21:38.523+0000] {dag.py:3954} INFO - Setting next_dagrun for example_trigger_target_dag to None, run_after=None
[2024-06-29T12:21:38.532+0000] {processor.py:183} INFO - Processing /home/airflow/.local/lib/python3.12/site-packages/airflow/example_dags/example_trigger_target_dag.py took 0.038 seconds
[2024-06-29T12:22:08.707+0000] {processor.py:161} INFO - Started process (PID=14792) to work on /home/airflow/.local/lib/python3.12/site-packages/airflow/example_dags/example_trigger_target_dag.py
[2024-06-29T12:22:08.707+0000] {processor.py:830} INFO - Processing file /home/airflow/.local/lib/python3.12/site-packages/airflow/example_dags/example_trigger_target_dag.py for tasks to queue
[2024-06-29T12:22:08.708+0000] {logging_mixin.py:188} INFO - [2024-06-29T12:22:08.708+0000] {dagbag.py:545} INFO - Filling up the DagBag from /home/airflow/.local/lib/python3.12/site-packages/airflow/example_dags/example_trigger_target_dag.py
[2024-06-29T12:22:08.712+0000] {processor.py:840} INFO - DAG(s) 'example_trigger_target_dag' retrieved from /home/airflow/.local/lib/python3.12/site-packages/airflow/example_dags/example_trigger_target_dag.py
[2024-06-29T12:22:08.726+0000] {logging_mixin.py:188} INFO - [2024-06-29T12:22:08.726+0000] {dag.py:3096} INFO - Sync 1 DAGs
[2024-06-29T12:22:08.732+0000] {logging_mixin.py:188} INFO - [2024-06-29T12:22:08.732+0000] {dag.py:3954} INFO - Setting next_dagrun for example_trigger_target_dag to None, run_after=None
[2024-06-29T12:22:08.741+0000] {processor.py:183} INFO - Processing /home/airflow/.local/lib/python3.12/site-packages/airflow/example_dags/example_trigger_target_dag.py took 0.037 seconds
[2024-06-29T12:22:38.840+0000] {processor.py:161} INFO - Started process (PID=15055) to work on /home/airflow/.local/lib/python3.12/site-packages/airflow/example_dags/example_trigger_target_dag.py
[2024-06-29T12:22:38.840+0000] {processor.py:830} INFO - Processing file /home/airflow/.local/lib/python3.12/site-packages/airflow/example_dags/example_trigger_target_dag.py for tasks to queue
[2024-06-29T12:22:38.841+0000] {logging_mixin.py:188} INFO - [2024-06-29T12:22:38.841+0000] {dagbag.py:545} INFO - Filling up the DagBag from /home/airflow/.local/lib/python3.12/site-packages/airflow/example_dags/example_trigger_target_dag.py
[2024-06-29T12:22:38.845+0000] {processor.py:840} INFO - DAG(s) 'example_trigger_target_dag' retrieved from /home/airflow/.local/lib/python3.12/site-packages/airflow/example_dags/example_trigger_target_dag.py
[2024-06-29T12:22:38.858+0000] {logging_mixin.py:188} INFO - [2024-06-29T12:22:38.858+0000] {dag.py:3096} INFO - Sync 1 DAGs
[2024-06-29T12:22:38.865+0000] {logging_mixin.py:188} INFO - [2024-06-29T12:22:38.865+0000] {dag.py:3954} INFO - Setting next_dagrun for example_trigger_target_dag to None, run_after=None
[2024-06-29T12:22:38.874+0000] {processor.py:183} INFO - Processing /home/airflow/.local/lib/python3.12/site-packages/airflow/example_dags/example_trigger_target_dag.py took 0.038 seconds
[2024-06-29T12:23:09.093+0000] {processor.py:161} INFO - Started process (PID=15317) to work on /home/airflow/.local/lib/python3.12/site-packages/airflow/example_dags/example_trigger_target_dag.py
[2024-06-29T12:23:09.094+0000] {processor.py:830} INFO - Processing file /home/airflow/.local/lib/python3.12/site-packages/airflow/example_dags/example_trigger_target_dag.py for tasks to queue
[2024-06-29T12:23:09.095+0000] {logging_mixin.py:188} INFO - [2024-06-29T12:23:09.095+0000] {dagbag.py:545} INFO - Filling up the DagBag from /home/airflow/.local/lib/python3.12/site-packages/airflow/example_dags/example_trigger_target_dag.py
[2024-06-29T12:23:09.099+0000] {processor.py:840} INFO - DAG(s) 'example_trigger_target_dag' retrieved from /home/airflow/.local/lib/python3.12/site-packages/airflow/example_dags/example_trigger_target_dag.py
[2024-06-29T12:23:09.112+0000] {logging_mixin.py:188} INFO - [2024-06-29T12:23:09.112+0000] {dag.py:3096} INFO - Sync 1 DAGs
[2024-06-29T12:23:09.119+0000] {logging_mixin.py:188} INFO - [2024-06-29T12:23:09.119+0000] {dag.py:3954} INFO - Setting next_dagrun for example_trigger_target_dag to None, run_after=None
[2024-06-29T12:23:09.128+0000] {processor.py:183} INFO - Processing /home/airflow/.local/lib/python3.12/site-packages/airflow/example_dags/example_trigger_target_dag.py took 0.039 seconds
[2024-06-29T12:23:39.329+0000] {processor.py:161} INFO - Started process (PID=15579) to work on /home/airflow/.local/lib/python3.12/site-packages/airflow/example_dags/example_trigger_target_dag.py
[2024-06-29T12:23:39.330+0000] {processor.py:830} INFO - Processing file /home/airflow/.local/lib/python3.12/site-packages/airflow/example_dags/example_trigger_target_dag.py for tasks to queue
[2024-06-29T12:23:39.331+0000] {logging_mixin.py:188} INFO - [2024-06-29T12:23:39.331+0000] {dagbag.py:545} INFO - Filling up the DagBag from /home/airflow/.local/lib/python3.12/site-packages/airflow/example_dags/example_trigger_target_dag.py
[2024-06-29T12:23:39.335+0000] {processor.py:840} INFO - DAG(s) 'example_trigger_target_dag' retrieved from /home/airflow/.local/lib/python3.12/site-packages/airflow/example_dags/example_trigger_target_dag.py
[2024-06-29T12:23:39.348+0000] {logging_mixin.py:188} INFO - [2024-06-29T12:23:39.348+0000] {dag.py:3096} INFO - Sync 1 DAGs
[2024-06-29T12:23:39.354+0000] {logging_mixin.py:188} INFO - [2024-06-29T12:23:39.354+0000] {dag.py:3954} INFO - Setting next_dagrun for example_trigger_target_dag to None, run_after=None
[2024-06-29T12:23:39.363+0000] {processor.py:183} INFO - Processing /home/airflow/.local/lib/python3.12/site-packages/airflow/example_dags/example_trigger_target_dag.py took 0.038 seconds
[2024-06-29T12:24:09.583+0000] {processor.py:161} INFO - Started process (PID=15844) to work on /home/airflow/.local/lib/python3.12/site-packages/airflow/example_dags/example_trigger_target_dag.py
[2024-06-29T12:24:09.584+0000] {processor.py:830} INFO - Processing file /home/airflow/.local/lib/python3.12/site-packages/airflow/example_dags/example_trigger_target_dag.py for tasks to queue
[2024-06-29T12:24:09.585+0000] {logging_mixin.py:188} INFO - [2024-06-29T12:24:09.585+0000] {dagbag.py:545} INFO - Filling up the DagBag from /home/airflow/.local/lib/python3.12/site-packages/airflow/example_dags/example_trigger_target_dag.py
[2024-06-29T12:24:09.589+0000] {processor.py:840} INFO - DAG(s) 'example_trigger_target_dag' retrieved from /home/airflow/.local/lib/python3.12/site-packages/airflow/example_dags/example_trigger_target_dag.py
[2024-06-29T12:24:09.603+0000] {logging_mixin.py:188} INFO - [2024-06-29T12:24:09.602+0000] {dag.py:3096} INFO - Sync 1 DAGs
[2024-06-29T12:24:09.609+0000] {logging_mixin.py:188} INFO - [2024-06-29T12:24:09.609+0000] {dag.py:3954} INFO - Setting next_dagrun for example_trigger_target_dag to None, run_after=None
[2024-06-29T12:24:09.618+0000] {processor.py:183} INFO - Processing /home/airflow/.local/lib/python3.12/site-packages/airflow/example_dags/example_trigger_target_dag.py took 0.038 seconds
[2024-06-29T12:24:39.649+0000] {processor.py:161} INFO - Started process (PID=16105) to work on /home/airflow/.local/lib/python3.12/site-packages/airflow/example_dags/example_trigger_target_dag.py
[2024-06-29T12:24:39.650+0000] {processor.py:830} INFO - Processing file /home/airflow/.local/lib/python3.12/site-packages/airflow/example_dags/example_trigger_target_dag.py for tasks to queue
[2024-06-29T12:24:39.651+0000] {logging_mixin.py:188} INFO - [2024-06-29T12:24:39.651+0000] {dagbag.py:545} INFO - Filling up the DagBag from /home/airflow/.local/lib/python3.12/site-packages/airflow/example_dags/example_trigger_target_dag.py
[2024-06-29T12:24:39.655+0000] {processor.py:840} INFO - DAG(s) 'example_trigger_target_dag' retrieved from /home/airflow/.local/lib/python3.12/site-packages/airflow/example_dags/example_trigger_target_dag.py
[2024-06-29T12:24:39.668+0000] {logging_mixin.py:188} INFO - [2024-06-29T12:24:39.668+0000] {dag.py:3096} INFO - Sync 1 DAGs
[2024-06-29T12:24:39.674+0000] {logging_mixin.py:188} INFO - [2024-06-29T12:24:39.674+0000] {dag.py:3954} INFO - Setting next_dagrun for example_trigger_target_dag to None, run_after=None
[2024-06-29T12:24:39.682+0000] {processor.py:183} INFO - Processing /home/airflow/.local/lib/python3.12/site-packages/airflow/example_dags/example_trigger_target_dag.py took 0.036 seconds
[2024-06-29T12:25:09.861+0000] {processor.py:161} INFO - Started process (PID=16367) to work on /home/airflow/.local/lib/python3.12/site-packages/airflow/example_dags/example_trigger_target_dag.py
[2024-06-29T12:25:09.862+0000] {processor.py:830} INFO - Processing file /home/airflow/.local/lib/python3.12/site-packages/airflow/example_dags/example_trigger_target_dag.py for tasks to queue
[2024-06-29T12:25:09.863+0000] {logging_mixin.py:188} INFO - [2024-06-29T12:25:09.863+0000] {dagbag.py:545} INFO - Filling up the DagBag from /home/airflow/.local/lib/python3.12/site-packages/airflow/example_dags/example_trigger_target_dag.py
[2024-06-29T12:25:09.866+0000] {processor.py:840} INFO - DAG(s) 'example_trigger_target_dag' retrieved from /home/airflow/.local/lib/python3.12/site-packages/airflow/example_dags/example_trigger_target_dag.py
[2024-06-29T12:25:09.880+0000] {logging_mixin.py:188} INFO - [2024-06-29T12:25:09.880+0000] {dag.py:3096} INFO - Sync 1 DAGs
[2024-06-29T12:25:09.887+0000] {logging_mixin.py:188} INFO - [2024-06-29T12:25:09.887+0000] {dag.py:3954} INFO - Setting next_dagrun for example_trigger_target_dag to None, run_after=None
[2024-06-29T12:25:09.896+0000] {processor.py:183} INFO - Processing /home/airflow/.local/lib/python3.12/site-packages/airflow/example_dags/example_trigger_target_dag.py took 0.040 seconds
