[2024-06-29T11:54:20.002+0000] {processor.py:161} INFO - Started process (PID=180) to work on /home/airflow/.local/lib/python3.12/site-packages/airflow/example_dags/example_params_ui_tutorial.py
[2024-06-29T11:54:20.003+0000] {processor.py:830} INFO - Processing file /home/airflow/.local/lib/python3.12/site-packages/airflow/example_dags/example_params_ui_tutorial.py for tasks to queue
[2024-06-29T11:54:20.004+0000] {logging_mixin.py:188} INFO - [2024-06-29T11:54:20.004+0000] {dagbag.py:545} INFO - Filling up the DagBag from /home/airflow/.local/lib/python3.12/site-packages/airflow/example_dags/example_params_ui_tutorial.py
[2024-06-29T11:54:20.012+0000] {processor.py:840} INFO - DAG(s) 'example_params_ui_tutorial' retrieved from /home/airflow/.local/lib/python3.12/site-packages/airflow/example_dags/example_params_ui_tutorial.py
[2024-06-29T11:54:20.023+0000] {logging_mixin.py:188} INFO - [2024-06-29T11:54:20.023+0000] {dag.py:3096} INFO - Sync 1 DAGs
[2024-06-29T11:54:20.031+0000] {logging_mixin.py:188} INFO - [2024-06-29T11:54:20.030+0000] {dag.py:3954} INFO - Setting next_dagrun for example_params_ui_tutorial to None, run_after=None
[2024-06-29T11:54:20.041+0000] {processor.py:183} INFO - Processing /home/airflow/.local/lib/python3.12/site-packages/airflow/example_dags/example_params_ui_tutorial.py took 0.042 seconds
[2024-06-29T11:54:51.094+0000] {processor.py:161} INFO - Started process (PID=442) to work on /home/airflow/.local/lib/python3.12/site-packages/airflow/example_dags/example_params_ui_tutorial.py
[2024-06-29T11:54:51.095+0000] {processor.py:830} INFO - Processing file /home/airflow/.local/lib/python3.12/site-packages/airflow/example_dags/example_params_ui_tutorial.py for tasks to queue
[2024-06-29T11:54:51.096+0000] {logging_mixin.py:188} INFO - [2024-06-29T11:54:51.096+0000] {dagbag.py:545} INFO - Filling up the DagBag from /home/airflow/.local/lib/python3.12/site-packages/airflow/example_dags/example_params_ui_tutorial.py
[2024-06-29T11:54:51.103+0000] {processor.py:840} INFO - DAG(s) 'example_params_ui_tutorial' retrieved from /home/airflow/.local/lib/python3.12/site-packages/airflow/example_dags/example_params_ui_tutorial.py
[2024-06-29T11:54:51.164+0000] {logging_mixin.py:188} INFO - [2024-06-29T11:54:51.164+0000] {dag.py:3096} INFO - Sync 1 DAGs
[2024-06-29T11:54:51.168+0000] {logging_mixin.py:188} INFO - [2024-06-29T11:54:51.168+0000] {dag.py:3954} INFO - Setting next_dagrun for example_params_ui_tutorial to None, run_after=None
[2024-06-29T11:54:51.177+0000] {processor.py:183} INFO - Processing /home/airflow/.local/lib/python3.12/site-packages/airflow/example_dags/example_params_ui_tutorial.py took 0.086 seconds
[2024-06-29T11:55:21.933+0000] {processor.py:161} INFO - Started process (PID=704) to work on /home/airflow/.local/lib/python3.12/site-packages/airflow/example_dags/example_params_ui_tutorial.py
[2024-06-29T11:55:21.934+0000] {processor.py:830} INFO - Processing file /home/airflow/.local/lib/python3.12/site-packages/airflow/example_dags/example_params_ui_tutorial.py for tasks to queue
[2024-06-29T11:55:21.935+0000] {logging_mixin.py:188} INFO - [2024-06-29T11:55:21.934+0000] {dagbag.py:545} INFO - Filling up the DagBag from /home/airflow/.local/lib/python3.12/site-packages/airflow/example_dags/example_params_ui_tutorial.py
[2024-06-29T11:55:21.943+0000] {processor.py:840} INFO - DAG(s) 'example_params_ui_tutorial' retrieved from /home/airflow/.local/lib/python3.12/site-packages/airflow/example_dags/example_params_ui_tutorial.py
[2024-06-29T11:55:21.972+0000] {logging_mixin.py:188} INFO - [2024-06-29T11:55:21.972+0000] {dag.py:3096} INFO - Sync 1 DAGs
[2024-06-29T11:55:21.979+0000] {logging_mixin.py:188} INFO - [2024-06-29T11:55:21.978+0000] {dag.py:3954} INFO - Setting next_dagrun for example_params_ui_tutorial to None, run_after=None
[2024-06-29T11:55:21.989+0000] {processor.py:183} INFO - Processing /home/airflow/.local/lib/python3.12/site-packages/airflow/example_dags/example_params_ui_tutorial.py took 0.059 seconds
[2024-06-29T11:55:52.330+0000] {processor.py:161} INFO - Started process (PID=966) to work on /home/airflow/.local/lib/python3.12/site-packages/airflow/example_dags/example_params_ui_tutorial.py
[2024-06-29T11:55:52.331+0000] {processor.py:830} INFO - Processing file /home/airflow/.local/lib/python3.12/site-packages/airflow/example_dags/example_params_ui_tutorial.py for tasks to queue
[2024-06-29T11:55:52.332+0000] {logging_mixin.py:188} INFO - [2024-06-29T11:55:52.331+0000] {dagbag.py:545} INFO - Filling up the DagBag from /home/airflow/.local/lib/python3.12/site-packages/airflow/example_dags/example_params_ui_tutorial.py
[2024-06-29T11:55:52.339+0000] {processor.py:840} INFO - DAG(s) 'example_params_ui_tutorial' retrieved from /home/airflow/.local/lib/python3.12/site-packages/airflow/example_dags/example_params_ui_tutorial.py
[2024-06-29T11:55:52.367+0000] {logging_mixin.py:188} INFO - [2024-06-29T11:55:52.367+0000] {dag.py:3096} INFO - Sync 1 DAGs
[2024-06-29T11:55:52.373+0000] {logging_mixin.py:188} INFO - [2024-06-29T11:55:52.373+0000] {dag.py:3954} INFO - Setting next_dagrun for example_params_ui_tutorial to None, run_after=None
[2024-06-29T11:55:52.383+0000] {processor.py:183} INFO - Processing /home/airflow/.local/lib/python3.12/site-packages/airflow/example_dags/example_params_ui_tutorial.py took 0.056 seconds
[2024-06-29T11:56:22.617+0000] {processor.py:161} INFO - Started process (PID=1229) to work on /home/airflow/.local/lib/python3.12/site-packages/airflow/example_dags/example_params_ui_tutorial.py
[2024-06-29T11:56:22.618+0000] {processor.py:830} INFO - Processing file /home/airflow/.local/lib/python3.12/site-packages/airflow/example_dags/example_params_ui_tutorial.py for tasks to queue
[2024-06-29T11:56:22.619+0000] {logging_mixin.py:188} INFO - [2024-06-29T11:56:22.619+0000] {dagbag.py:545} INFO - Filling up the DagBag from /home/airflow/.local/lib/python3.12/site-packages/airflow/example_dags/example_params_ui_tutorial.py
[2024-06-29T11:56:22.626+0000] {processor.py:840} INFO - DAG(s) 'example_params_ui_tutorial' retrieved from /home/airflow/.local/lib/python3.12/site-packages/airflow/example_dags/example_params_ui_tutorial.py
[2024-06-29T11:56:22.654+0000] {logging_mixin.py:188} INFO - [2024-06-29T11:56:22.654+0000] {dag.py:3096} INFO - Sync 1 DAGs
[2024-06-29T11:56:22.661+0000] {logging_mixin.py:188} INFO - [2024-06-29T11:56:22.661+0000] {dag.py:3954} INFO - Setting next_dagrun for example_params_ui_tutorial to None, run_after=None
[2024-06-29T11:56:22.671+0000] {processor.py:183} INFO - Processing /home/airflow/.local/lib/python3.12/site-packages/airflow/example_dags/example_params_ui_tutorial.py took 0.057 seconds
[2024-06-29T11:56:52.785+0000] {processor.py:161} INFO - Started process (PID=1491) to work on /home/airflow/.local/lib/python3.12/site-packages/airflow/example_dags/example_params_ui_tutorial.py
[2024-06-29T11:56:52.786+0000] {processor.py:830} INFO - Processing file /home/airflow/.local/lib/python3.12/site-packages/airflow/example_dags/example_params_ui_tutorial.py for tasks to queue
[2024-06-29T11:56:52.787+0000] {logging_mixin.py:188} INFO - [2024-06-29T11:56:52.787+0000] {dagbag.py:545} INFO - Filling up the DagBag from /home/airflow/.local/lib/python3.12/site-packages/airflow/example_dags/example_params_ui_tutorial.py
[2024-06-29T11:56:52.793+0000] {processor.py:840} INFO - DAG(s) 'example_params_ui_tutorial' retrieved from /home/airflow/.local/lib/python3.12/site-packages/airflow/example_dags/example_params_ui_tutorial.py
[2024-06-29T11:56:52.820+0000] {logging_mixin.py:188} INFO - [2024-06-29T11:56:52.820+0000] {dag.py:3096} INFO - Sync 1 DAGs
[2024-06-29T11:56:52.827+0000] {logging_mixin.py:188} INFO - [2024-06-29T11:56:52.827+0000] {dag.py:3954} INFO - Setting next_dagrun for example_params_ui_tutorial to None, run_after=None
[2024-06-29T11:56:52.836+0000] {processor.py:183} INFO - Processing /home/airflow/.local/lib/python3.12/site-packages/airflow/example_dags/example_params_ui_tutorial.py took 0.054 seconds
[2024-06-29T11:57:23.008+0000] {processor.py:161} INFO - Started process (PID=1753) to work on /home/airflow/.local/lib/python3.12/site-packages/airflow/example_dags/example_params_ui_tutorial.py
[2024-06-29T11:57:23.008+0000] {processor.py:830} INFO - Processing file /home/airflow/.local/lib/python3.12/site-packages/airflow/example_dags/example_params_ui_tutorial.py for tasks to queue
[2024-06-29T11:57:23.009+0000] {logging_mixin.py:188} INFO - [2024-06-29T11:57:23.009+0000] {dagbag.py:545} INFO - Filling up the DagBag from /home/airflow/.local/lib/python3.12/site-packages/airflow/example_dags/example_params_ui_tutorial.py
[2024-06-29T11:57:23.016+0000] {processor.py:840} INFO - DAG(s) 'example_params_ui_tutorial' retrieved from /home/airflow/.local/lib/python3.12/site-packages/airflow/example_dags/example_params_ui_tutorial.py
[2024-06-29T11:57:23.047+0000] {logging_mixin.py:188} INFO - [2024-06-29T11:57:23.047+0000] {dag.py:3096} INFO - Sync 1 DAGs
[2024-06-29T11:57:23.055+0000] {logging_mixin.py:188} INFO - [2024-06-29T11:57:23.055+0000] {dag.py:3954} INFO - Setting next_dagrun for example_params_ui_tutorial to None, run_after=None
[2024-06-29T11:57:23.066+0000] {processor.py:183} INFO - Processing /home/airflow/.local/lib/python3.12/site-packages/airflow/example_dags/example_params_ui_tutorial.py took 0.062 seconds
[2024-06-29T11:57:53.398+0000] {processor.py:161} INFO - Started process (PID=2015) to work on /home/airflow/.local/lib/python3.12/site-packages/airflow/example_dags/example_params_ui_tutorial.py
[2024-06-29T11:57:53.398+0000] {processor.py:830} INFO - Processing file /home/airflow/.local/lib/python3.12/site-packages/airflow/example_dags/example_params_ui_tutorial.py for tasks to queue
[2024-06-29T11:57:53.400+0000] {logging_mixin.py:188} INFO - [2024-06-29T11:57:53.399+0000] {dagbag.py:545} INFO - Filling up the DagBag from /home/airflow/.local/lib/python3.12/site-packages/airflow/example_dags/example_params_ui_tutorial.py
[2024-06-29T11:57:53.406+0000] {processor.py:840} INFO - DAG(s) 'example_params_ui_tutorial' retrieved from /home/airflow/.local/lib/python3.12/site-packages/airflow/example_dags/example_params_ui_tutorial.py
[2024-06-29T11:57:53.433+0000] {logging_mixin.py:188} INFO - [2024-06-29T11:57:53.433+0000] {dag.py:3096} INFO - Sync 1 DAGs
[2024-06-29T11:57:53.439+0000] {logging_mixin.py:188} INFO - [2024-06-29T11:57:53.439+0000] {dag.py:3954} INFO - Setting next_dagrun for example_params_ui_tutorial to None, run_after=None
[2024-06-29T11:57:53.449+0000] {processor.py:183} INFO - Processing /home/airflow/.local/lib/python3.12/site-packages/airflow/example_dags/example_params_ui_tutorial.py took 0.055 seconds
[2024-06-29T11:58:23.606+0000] {processor.py:161} INFO - Started process (PID=2279) to work on /home/airflow/.local/lib/python3.12/site-packages/airflow/example_dags/example_params_ui_tutorial.py
[2024-06-29T11:58:23.607+0000] {processor.py:830} INFO - Processing file /home/airflow/.local/lib/python3.12/site-packages/airflow/example_dags/example_params_ui_tutorial.py for tasks to queue
[2024-06-29T11:58:23.608+0000] {logging_mixin.py:188} INFO - [2024-06-29T11:58:23.608+0000] {dagbag.py:545} INFO - Filling up the DagBag from /home/airflow/.local/lib/python3.12/site-packages/airflow/example_dags/example_params_ui_tutorial.py
[2024-06-29T11:58:23.614+0000] {processor.py:840} INFO - DAG(s) 'example_params_ui_tutorial' retrieved from /home/airflow/.local/lib/python3.12/site-packages/airflow/example_dags/example_params_ui_tutorial.py
[2024-06-29T11:58:23.639+0000] {logging_mixin.py:188} INFO - [2024-06-29T11:58:23.639+0000] {dag.py:3096} INFO - Sync 1 DAGs
[2024-06-29T11:58:23.645+0000] {logging_mixin.py:188} INFO - [2024-06-29T11:58:23.645+0000] {dag.py:3954} INFO - Setting next_dagrun for example_params_ui_tutorial to None, run_after=None
[2024-06-29T11:58:23.653+0000] {processor.py:183} INFO - Processing /home/airflow/.local/lib/python3.12/site-packages/airflow/example_dags/example_params_ui_tutorial.py took 0.050 seconds
[2024-06-29T11:58:53.773+0000] {processor.py:161} INFO - Started process (PID=2539) to work on /home/airflow/.local/lib/python3.12/site-packages/airflow/example_dags/example_params_ui_tutorial.py
[2024-06-29T11:58:53.774+0000] {processor.py:830} INFO - Processing file /home/airflow/.local/lib/python3.12/site-packages/airflow/example_dags/example_params_ui_tutorial.py for tasks to queue
[2024-06-29T11:58:53.775+0000] {logging_mixin.py:188} INFO - [2024-06-29T11:58:53.775+0000] {dagbag.py:545} INFO - Filling up the DagBag from /home/airflow/.local/lib/python3.12/site-packages/airflow/example_dags/example_params_ui_tutorial.py
[2024-06-29T11:58:53.782+0000] {processor.py:840} INFO - DAG(s) 'example_params_ui_tutorial' retrieved from /home/airflow/.local/lib/python3.12/site-packages/airflow/example_dags/example_params_ui_tutorial.py
[2024-06-29T11:58:53.810+0000] {logging_mixin.py:188} INFO - [2024-06-29T11:58:53.810+0000] {dag.py:3096} INFO - Sync 1 DAGs
[2024-06-29T11:58:53.818+0000] {logging_mixin.py:188} INFO - [2024-06-29T11:58:53.817+0000] {dag.py:3954} INFO - Setting next_dagrun for example_params_ui_tutorial to None, run_after=None
[2024-06-29T11:58:53.827+0000] {processor.py:183} INFO - Processing /home/airflow/.local/lib/python3.12/site-packages/airflow/example_dags/example_params_ui_tutorial.py took 0.058 seconds
[2024-06-29T11:59:24.193+0000] {processor.py:161} INFO - Started process (PID=2801) to work on /home/airflow/.local/lib/python3.12/site-packages/airflow/example_dags/example_params_ui_tutorial.py
[2024-06-29T11:59:24.193+0000] {processor.py:830} INFO - Processing file /home/airflow/.local/lib/python3.12/site-packages/airflow/example_dags/example_params_ui_tutorial.py for tasks to queue
[2024-06-29T11:59:24.194+0000] {logging_mixin.py:188} INFO - [2024-06-29T11:59:24.194+0000] {dagbag.py:545} INFO - Filling up the DagBag from /home/airflow/.local/lib/python3.12/site-packages/airflow/example_dags/example_params_ui_tutorial.py
[2024-06-29T11:59:24.201+0000] {processor.py:840} INFO - DAG(s) 'example_params_ui_tutorial' retrieved from /home/airflow/.local/lib/python3.12/site-packages/airflow/example_dags/example_params_ui_tutorial.py
[2024-06-29T11:59:24.227+0000] {logging_mixin.py:188} INFO - [2024-06-29T11:59:24.227+0000] {dag.py:3096} INFO - Sync 1 DAGs
[2024-06-29T11:59:24.234+0000] {logging_mixin.py:188} INFO - [2024-06-29T11:59:24.234+0000] {dag.py:3954} INFO - Setting next_dagrun for example_params_ui_tutorial to None, run_after=None
[2024-06-29T11:59:24.243+0000] {processor.py:183} INFO - Processing /home/airflow/.local/lib/python3.12/site-packages/airflow/example_dags/example_params_ui_tutorial.py took 0.054 seconds
[2024-06-29T11:59:54.405+0000] {processor.py:161} INFO - Started process (PID=3065) to work on /home/airflow/.local/lib/python3.12/site-packages/airflow/example_dags/example_params_ui_tutorial.py
[2024-06-29T11:59:54.406+0000] {processor.py:830} INFO - Processing file /home/airflow/.local/lib/python3.12/site-packages/airflow/example_dags/example_params_ui_tutorial.py for tasks to queue
[2024-06-29T11:59:54.407+0000] {logging_mixin.py:188} INFO - [2024-06-29T11:59:54.407+0000] {dagbag.py:545} INFO - Filling up the DagBag from /home/airflow/.local/lib/python3.12/site-packages/airflow/example_dags/example_params_ui_tutorial.py
[2024-06-29T11:59:54.413+0000] {processor.py:840} INFO - DAG(s) 'example_params_ui_tutorial' retrieved from /home/airflow/.local/lib/python3.12/site-packages/airflow/example_dags/example_params_ui_tutorial.py
[2024-06-29T11:59:54.439+0000] {logging_mixin.py:188} INFO - [2024-06-29T11:59:54.439+0000] {dag.py:3096} INFO - Sync 1 DAGs
[2024-06-29T11:59:54.445+0000] {logging_mixin.py:188} INFO - [2024-06-29T11:59:54.445+0000] {dag.py:3954} INFO - Setting next_dagrun for example_params_ui_tutorial to None, run_after=None
[2024-06-29T11:59:54.454+0000] {processor.py:183} INFO - Processing /home/airflow/.local/lib/python3.12/site-packages/airflow/example_dags/example_params_ui_tutorial.py took 0.052 seconds
[2024-06-29T12:00:24.564+0000] {processor.py:161} INFO - Started process (PID=3327) to work on /home/airflow/.local/lib/python3.12/site-packages/airflow/example_dags/example_params_ui_tutorial.py
[2024-06-29T12:00:24.565+0000] {processor.py:830} INFO - Processing file /home/airflow/.local/lib/python3.12/site-packages/airflow/example_dags/example_params_ui_tutorial.py for tasks to queue
[2024-06-29T12:00:24.566+0000] {logging_mixin.py:188} INFO - [2024-06-29T12:00:24.566+0000] {dagbag.py:545} INFO - Filling up the DagBag from /home/airflow/.local/lib/python3.12/site-packages/airflow/example_dags/example_params_ui_tutorial.py
[2024-06-29T12:00:24.572+0000] {processor.py:840} INFO - DAG(s) 'example_params_ui_tutorial' retrieved from /home/airflow/.local/lib/python3.12/site-packages/airflow/example_dags/example_params_ui_tutorial.py
[2024-06-29T12:00:24.597+0000] {logging_mixin.py:188} INFO - [2024-06-29T12:00:24.597+0000] {dag.py:3096} INFO - Sync 1 DAGs
[2024-06-29T12:00:24.603+0000] {logging_mixin.py:188} INFO - [2024-06-29T12:00:24.603+0000] {dag.py:3954} INFO - Setting next_dagrun for example_params_ui_tutorial to None, run_after=None
[2024-06-29T12:00:24.612+0000] {processor.py:183} INFO - Processing /home/airflow/.local/lib/python3.12/site-packages/airflow/example_dags/example_params_ui_tutorial.py took 0.051 seconds
[2024-06-29T12:00:54.713+0000] {processor.py:161} INFO - Started process (PID=3589) to work on /home/airflow/.local/lib/python3.12/site-packages/airflow/example_dags/example_params_ui_tutorial.py
[2024-06-29T12:00:54.714+0000] {processor.py:830} INFO - Processing file /home/airflow/.local/lib/python3.12/site-packages/airflow/example_dags/example_params_ui_tutorial.py for tasks to queue
[2024-06-29T12:00:54.715+0000] {logging_mixin.py:188} INFO - [2024-06-29T12:00:54.715+0000] {dagbag.py:545} INFO - Filling up the DagBag from /home/airflow/.local/lib/python3.12/site-packages/airflow/example_dags/example_params_ui_tutorial.py
[2024-06-29T12:00:54.721+0000] {processor.py:840} INFO - DAG(s) 'example_params_ui_tutorial' retrieved from /home/airflow/.local/lib/python3.12/site-packages/airflow/example_dags/example_params_ui_tutorial.py
[2024-06-29T12:00:54.746+0000] {logging_mixin.py:188} INFO - [2024-06-29T12:00:54.746+0000] {dag.py:3096} INFO - Sync 1 DAGs
[2024-06-29T12:00:54.752+0000] {logging_mixin.py:188} INFO - [2024-06-29T12:00:54.752+0000] {dag.py:3954} INFO - Setting next_dagrun for example_params_ui_tutorial to None, run_after=None
[2024-06-29T12:00:54.761+0000] {processor.py:183} INFO - Processing /home/airflow/.local/lib/python3.12/site-packages/airflow/example_dags/example_params_ui_tutorial.py took 0.051 seconds
[2024-06-29T12:01:24.974+0000] {processor.py:161} INFO - Started process (PID=3849) to work on /home/airflow/.local/lib/python3.12/site-packages/airflow/example_dags/example_params_ui_tutorial.py
[2024-06-29T12:01:24.974+0000] {processor.py:830} INFO - Processing file /home/airflow/.local/lib/python3.12/site-packages/airflow/example_dags/example_params_ui_tutorial.py for tasks to queue
[2024-06-29T12:01:24.976+0000] {logging_mixin.py:188} INFO - [2024-06-29T12:01:24.975+0000] {dagbag.py:545} INFO - Filling up the DagBag from /home/airflow/.local/lib/python3.12/site-packages/airflow/example_dags/example_params_ui_tutorial.py
[2024-06-29T12:01:24.982+0000] {processor.py:840} INFO - DAG(s) 'example_params_ui_tutorial' retrieved from /home/airflow/.local/lib/python3.12/site-packages/airflow/example_dags/example_params_ui_tutorial.py
[2024-06-29T12:01:25.010+0000] {logging_mixin.py:188} INFO - [2024-06-29T12:01:25.010+0000] {dag.py:3096} INFO - Sync 1 DAGs
[2024-06-29T12:01:25.017+0000] {logging_mixin.py:188} INFO - [2024-06-29T12:01:25.017+0000] {dag.py:3954} INFO - Setting next_dagrun for example_params_ui_tutorial to None, run_after=None
[2024-06-29T12:01:25.027+0000] {processor.py:183} INFO - Processing /home/airflow/.local/lib/python3.12/site-packages/airflow/example_dags/example_params_ui_tutorial.py took 0.057 seconds
[2024-06-29T12:01:55.163+0000] {processor.py:161} INFO - Started process (PID=4111) to work on /home/airflow/.local/lib/python3.12/site-packages/airflow/example_dags/example_params_ui_tutorial.py
[2024-06-29T12:01:55.164+0000] {processor.py:830} INFO - Processing file /home/airflow/.local/lib/python3.12/site-packages/airflow/example_dags/example_params_ui_tutorial.py for tasks to queue
[2024-06-29T12:01:55.165+0000] {logging_mixin.py:188} INFO - [2024-06-29T12:01:55.165+0000] {dagbag.py:545} INFO - Filling up the DagBag from /home/airflow/.local/lib/python3.12/site-packages/airflow/example_dags/example_params_ui_tutorial.py
[2024-06-29T12:01:55.171+0000] {processor.py:840} INFO - DAG(s) 'example_params_ui_tutorial' retrieved from /home/airflow/.local/lib/python3.12/site-packages/airflow/example_dags/example_params_ui_tutorial.py
[2024-06-29T12:01:55.199+0000] {logging_mixin.py:188} INFO - [2024-06-29T12:01:55.199+0000] {dag.py:3096} INFO - Sync 1 DAGs
[2024-06-29T12:01:55.206+0000] {logging_mixin.py:188} INFO - [2024-06-29T12:01:55.206+0000] {dag.py:3954} INFO - Setting next_dagrun for example_params_ui_tutorial to None, run_after=None
[2024-06-29T12:01:55.216+0000] {processor.py:183} INFO - Processing /home/airflow/.local/lib/python3.12/site-packages/airflow/example_dags/example_params_ui_tutorial.py took 0.056 seconds
[2024-06-29T12:02:25.399+0000] {processor.py:161} INFO - Started process (PID=4373) to work on /home/airflow/.local/lib/python3.12/site-packages/airflow/example_dags/example_params_ui_tutorial.py
[2024-06-29T12:02:25.399+0000] {processor.py:830} INFO - Processing file /home/airflow/.local/lib/python3.12/site-packages/airflow/example_dags/example_params_ui_tutorial.py for tasks to queue
[2024-06-29T12:02:25.401+0000] {logging_mixin.py:188} INFO - [2024-06-29T12:02:25.400+0000] {dagbag.py:545} INFO - Filling up the DagBag from /home/airflow/.local/lib/python3.12/site-packages/airflow/example_dags/example_params_ui_tutorial.py
[2024-06-29T12:02:25.407+0000] {processor.py:840} INFO - DAG(s) 'example_params_ui_tutorial' retrieved from /home/airflow/.local/lib/python3.12/site-packages/airflow/example_dags/example_params_ui_tutorial.py
[2024-06-29T12:02:25.435+0000] {logging_mixin.py:188} INFO - [2024-06-29T12:02:25.435+0000] {dag.py:3096} INFO - Sync 1 DAGs
[2024-06-29T12:02:25.442+0000] {logging_mixin.py:188} INFO - [2024-06-29T12:02:25.442+0000] {dag.py:3954} INFO - Setting next_dagrun for example_params_ui_tutorial to None, run_after=None
[2024-06-29T12:02:25.455+0000] {processor.py:183} INFO - Processing /home/airflow/.local/lib/python3.12/site-packages/airflow/example_dags/example_params_ui_tutorial.py took 0.061 seconds
[2024-06-29T12:02:55.843+0000] {processor.py:161} INFO - Started process (PID=4635) to work on /home/airflow/.local/lib/python3.12/site-packages/airflow/example_dags/example_params_ui_tutorial.py
[2024-06-29T12:02:55.844+0000] {processor.py:830} INFO - Processing file /home/airflow/.local/lib/python3.12/site-packages/airflow/example_dags/example_params_ui_tutorial.py for tasks to queue
[2024-06-29T12:02:55.845+0000] {logging_mixin.py:188} INFO - [2024-06-29T12:02:55.845+0000] {dagbag.py:545} INFO - Filling up the DagBag from /home/airflow/.local/lib/python3.12/site-packages/airflow/example_dags/example_params_ui_tutorial.py
[2024-06-29T12:02:55.855+0000] {processor.py:840} INFO - DAG(s) 'example_params_ui_tutorial' retrieved from /home/airflow/.local/lib/python3.12/site-packages/airflow/example_dags/example_params_ui_tutorial.py
[2024-06-29T12:02:55.888+0000] {logging_mixin.py:188} INFO - [2024-06-29T12:02:55.887+0000] {dag.py:3096} INFO - Sync 1 DAGs
[2024-06-29T12:02:55.895+0000] {logging_mixin.py:188} INFO - [2024-06-29T12:02:55.895+0000] {dag.py:3954} INFO - Setting next_dagrun for example_params_ui_tutorial to None, run_after=None
[2024-06-29T12:02:55.912+0000] {processor.py:183} INFO - Processing /home/airflow/.local/lib/python3.12/site-packages/airflow/example_dags/example_params_ui_tutorial.py took 0.072 seconds
[2024-06-29T12:03:26.011+0000] {processor.py:161} INFO - Started process (PID=4905) to work on /home/airflow/.local/lib/python3.12/site-packages/airflow/example_dags/example_params_ui_tutorial.py
[2024-06-29T12:03:26.012+0000] {processor.py:830} INFO - Processing file /home/airflow/.local/lib/python3.12/site-packages/airflow/example_dags/example_params_ui_tutorial.py for tasks to queue
[2024-06-29T12:03:26.013+0000] {logging_mixin.py:188} INFO - [2024-06-29T12:03:26.013+0000] {dagbag.py:545} INFO - Filling up the DagBag from /home/airflow/.local/lib/python3.12/site-packages/airflow/example_dags/example_params_ui_tutorial.py
[2024-06-29T12:03:26.020+0000] {processor.py:840} INFO - DAG(s) 'example_params_ui_tutorial' retrieved from /home/airflow/.local/lib/python3.12/site-packages/airflow/example_dags/example_params_ui_tutorial.py
[2024-06-29T12:03:26.046+0000] {logging_mixin.py:188} INFO - [2024-06-29T12:03:26.046+0000] {dag.py:3096} INFO - Sync 1 DAGs
[2024-06-29T12:03:26.053+0000] {logging_mixin.py:188} INFO - [2024-06-29T12:03:26.053+0000] {dag.py:3954} INFO - Setting next_dagrun for example_params_ui_tutorial to None, run_after=None
[2024-06-29T12:03:26.062+0000] {processor.py:183} INFO - Processing /home/airflow/.local/lib/python3.12/site-packages/airflow/example_dags/example_params_ui_tutorial.py took 0.054 seconds
[2024-06-29T12:03:56.164+0000] {processor.py:161} INFO - Started process (PID=5162) to work on /home/airflow/.local/lib/python3.12/site-packages/airflow/example_dags/example_params_ui_tutorial.py
[2024-06-29T12:03:56.164+0000] {processor.py:830} INFO - Processing file /home/airflow/.local/lib/python3.12/site-packages/airflow/example_dags/example_params_ui_tutorial.py for tasks to queue
[2024-06-29T12:03:56.165+0000] {logging_mixin.py:188} INFO - [2024-06-29T12:03:56.165+0000] {dagbag.py:545} INFO - Filling up the DagBag from /home/airflow/.local/lib/python3.12/site-packages/airflow/example_dags/example_params_ui_tutorial.py
[2024-06-29T12:03:56.173+0000] {processor.py:840} INFO - DAG(s) 'example_params_ui_tutorial' retrieved from /home/airflow/.local/lib/python3.12/site-packages/airflow/example_dags/example_params_ui_tutorial.py
[2024-06-29T12:03:56.204+0000] {logging_mixin.py:188} INFO - [2024-06-29T12:03:56.204+0000] {dag.py:3096} INFO - Sync 1 DAGs
[2024-06-29T12:03:56.211+0000] {logging_mixin.py:188} INFO - [2024-06-29T12:03:56.210+0000] {dag.py:3954} INFO - Setting next_dagrun for example_params_ui_tutorial to None, run_after=None
[2024-06-29T12:03:56.220+0000] {processor.py:183} INFO - Processing /home/airflow/.local/lib/python3.12/site-packages/airflow/example_dags/example_params_ui_tutorial.py took 0.060 seconds
[2024-06-29T12:04:26.497+0000] {processor.py:161} INFO - Started process (PID=5424) to work on /home/airflow/.local/lib/python3.12/site-packages/airflow/example_dags/example_params_ui_tutorial.py
[2024-06-29T12:04:26.498+0000] {processor.py:830} INFO - Processing file /home/airflow/.local/lib/python3.12/site-packages/airflow/example_dags/example_params_ui_tutorial.py for tasks to queue
[2024-06-29T12:04:26.499+0000] {logging_mixin.py:188} INFO - [2024-06-29T12:04:26.499+0000] {dagbag.py:545} INFO - Filling up the DagBag from /home/airflow/.local/lib/python3.12/site-packages/airflow/example_dags/example_params_ui_tutorial.py
[2024-06-29T12:04:26.506+0000] {processor.py:840} INFO - DAG(s) 'example_params_ui_tutorial' retrieved from /home/airflow/.local/lib/python3.12/site-packages/airflow/example_dags/example_params_ui_tutorial.py
[2024-06-29T12:04:26.534+0000] {logging_mixin.py:188} INFO - [2024-06-29T12:04:26.533+0000] {dag.py:3096} INFO - Sync 1 DAGs
[2024-06-29T12:04:26.540+0000] {logging_mixin.py:188} INFO - [2024-06-29T12:04:26.540+0000] {dag.py:3954} INFO - Setting next_dagrun for example_params_ui_tutorial to None, run_after=None
[2024-06-29T12:04:26.550+0000] {processor.py:183} INFO - Processing /home/airflow/.local/lib/python3.12/site-packages/airflow/example_dags/example_params_ui_tutorial.py took 0.056 seconds
[2024-06-29T12:04:56.787+0000] {processor.py:161} INFO - Started process (PID=5686) to work on /home/airflow/.local/lib/python3.12/site-packages/airflow/example_dags/example_params_ui_tutorial.py
[2024-06-29T12:04:56.787+0000] {processor.py:830} INFO - Processing file /home/airflow/.local/lib/python3.12/site-packages/airflow/example_dags/example_params_ui_tutorial.py for tasks to queue
[2024-06-29T12:04:56.788+0000] {logging_mixin.py:188} INFO - [2024-06-29T12:04:56.788+0000] {dagbag.py:545} INFO - Filling up the DagBag from /home/airflow/.local/lib/python3.12/site-packages/airflow/example_dags/example_params_ui_tutorial.py
[2024-06-29T12:04:56.797+0000] {processor.py:840} INFO - DAG(s) 'example_params_ui_tutorial' retrieved from /home/airflow/.local/lib/python3.12/site-packages/airflow/example_dags/example_params_ui_tutorial.py
[2024-06-29T12:04:56.827+0000] {logging_mixin.py:188} INFO - [2024-06-29T12:04:56.827+0000] {dag.py:3096} INFO - Sync 1 DAGs
[2024-06-29T12:04:56.834+0000] {logging_mixin.py:188} INFO - [2024-06-29T12:04:56.834+0000] {dag.py:3954} INFO - Setting next_dagrun for example_params_ui_tutorial to None, run_after=None
[2024-06-29T12:04:56.843+0000] {processor.py:183} INFO - Processing /home/airflow/.local/lib/python3.12/site-packages/airflow/example_dags/example_params_ui_tutorial.py took 0.060 seconds
[2024-06-29T12:05:26.956+0000] {processor.py:161} INFO - Started process (PID=5948) to work on /home/airflow/.local/lib/python3.12/site-packages/airflow/example_dags/example_params_ui_tutorial.py
[2024-06-29T12:05:26.957+0000] {processor.py:830} INFO - Processing file /home/airflow/.local/lib/python3.12/site-packages/airflow/example_dags/example_params_ui_tutorial.py for tasks to queue
[2024-06-29T12:05:26.958+0000] {logging_mixin.py:188} INFO - [2024-06-29T12:05:26.958+0000] {dagbag.py:545} INFO - Filling up the DagBag from /home/airflow/.local/lib/python3.12/site-packages/airflow/example_dags/example_params_ui_tutorial.py
[2024-06-29T12:05:26.967+0000] {processor.py:840} INFO - DAG(s) 'example_params_ui_tutorial' retrieved from /home/airflow/.local/lib/python3.12/site-packages/airflow/example_dags/example_params_ui_tutorial.py
[2024-06-29T12:05:26.996+0000] {logging_mixin.py:188} INFO - [2024-06-29T12:05:26.995+0000] {dag.py:3096} INFO - Sync 1 DAGs
[2024-06-29T12:05:27.002+0000] {logging_mixin.py:188} INFO - [2024-06-29T12:05:27.002+0000] {dag.py:3954} INFO - Setting next_dagrun for example_params_ui_tutorial to None, run_after=None
[2024-06-29T12:05:27.012+0000] {processor.py:183} INFO - Processing /home/airflow/.local/lib/python3.12/site-packages/airflow/example_dags/example_params_ui_tutorial.py took 0.060 seconds
[2024-06-29T12:05:57.328+0000] {processor.py:161} INFO - Started process (PID=6210) to work on /home/airflow/.local/lib/python3.12/site-packages/airflow/example_dags/example_params_ui_tutorial.py
[2024-06-29T12:05:57.328+0000] {processor.py:830} INFO - Processing file /home/airflow/.local/lib/python3.12/site-packages/airflow/example_dags/example_params_ui_tutorial.py for tasks to queue
[2024-06-29T12:05:57.329+0000] {logging_mixin.py:188} INFO - [2024-06-29T12:05:57.329+0000] {dagbag.py:545} INFO - Filling up the DagBag from /home/airflow/.local/lib/python3.12/site-packages/airflow/example_dags/example_params_ui_tutorial.py
[2024-06-29T12:05:57.337+0000] {processor.py:840} INFO - DAG(s) 'example_params_ui_tutorial' retrieved from /home/airflow/.local/lib/python3.12/site-packages/airflow/example_dags/example_params_ui_tutorial.py
[2024-06-29T12:05:57.368+0000] {logging_mixin.py:188} INFO - [2024-06-29T12:05:57.367+0000] {dag.py:3096} INFO - Sync 1 DAGs
[2024-06-29T12:05:57.374+0000] {logging_mixin.py:188} INFO - [2024-06-29T12:05:57.374+0000] {dag.py:3954} INFO - Setting next_dagrun for example_params_ui_tutorial to None, run_after=None
[2024-06-29T12:05:57.384+0000] {processor.py:183} INFO - Processing /home/airflow/.local/lib/python3.12/site-packages/airflow/example_dags/example_params_ui_tutorial.py took 0.060 seconds
[2024-06-29T12:06:27.473+0000] {processor.py:161} INFO - Started process (PID=6472) to work on /home/airflow/.local/lib/python3.12/site-packages/airflow/example_dags/example_params_ui_tutorial.py
[2024-06-29T12:06:27.474+0000] {processor.py:830} INFO - Processing file /home/airflow/.local/lib/python3.12/site-packages/airflow/example_dags/example_params_ui_tutorial.py for tasks to queue
[2024-06-29T12:06:27.475+0000] {logging_mixin.py:188} INFO - [2024-06-29T12:06:27.474+0000] {dagbag.py:545} INFO - Filling up the DagBag from /home/airflow/.local/lib/python3.12/site-packages/airflow/example_dags/example_params_ui_tutorial.py
[2024-06-29T12:06:27.481+0000] {processor.py:840} INFO - DAG(s) 'example_params_ui_tutorial' retrieved from /home/airflow/.local/lib/python3.12/site-packages/airflow/example_dags/example_params_ui_tutorial.py
[2024-06-29T12:06:27.508+0000] {logging_mixin.py:188} INFO - [2024-06-29T12:06:27.508+0000] {dag.py:3096} INFO - Sync 1 DAGs
[2024-06-29T12:06:27.515+0000] {logging_mixin.py:188} INFO - [2024-06-29T12:06:27.515+0000] {dag.py:3954} INFO - Setting next_dagrun for example_params_ui_tutorial to None, run_after=None
[2024-06-29T12:06:27.524+0000] {processor.py:183} INFO - Processing /home/airflow/.local/lib/python3.12/site-packages/airflow/example_dags/example_params_ui_tutorial.py took 0.055 seconds
[2024-06-29T12:06:57.756+0000] {processor.py:161} INFO - Started process (PID=6735) to work on /home/airflow/.local/lib/python3.12/site-packages/airflow/example_dags/example_params_ui_tutorial.py
[2024-06-29T12:06:57.757+0000] {processor.py:830} INFO - Processing file /home/airflow/.local/lib/python3.12/site-packages/airflow/example_dags/example_params_ui_tutorial.py for tasks to queue
[2024-06-29T12:06:57.758+0000] {logging_mixin.py:188} INFO - [2024-06-29T12:06:57.758+0000] {dagbag.py:545} INFO - Filling up the DagBag from /home/airflow/.local/lib/python3.12/site-packages/airflow/example_dags/example_params_ui_tutorial.py
[2024-06-29T12:06:57.764+0000] {processor.py:840} INFO - DAG(s) 'example_params_ui_tutorial' retrieved from /home/airflow/.local/lib/python3.12/site-packages/airflow/example_dags/example_params_ui_tutorial.py
[2024-06-29T12:06:57.791+0000] {logging_mixin.py:188} INFO - [2024-06-29T12:06:57.791+0000] {dag.py:3096} INFO - Sync 1 DAGs
[2024-06-29T12:06:57.797+0000] {logging_mixin.py:188} INFO - [2024-06-29T12:06:57.797+0000] {dag.py:3954} INFO - Setting next_dagrun for example_params_ui_tutorial to None, run_after=None
[2024-06-29T12:06:57.807+0000] {processor.py:183} INFO - Processing /home/airflow/.local/lib/python3.12/site-packages/airflow/example_dags/example_params_ui_tutorial.py took 0.054 seconds
[2024-06-29T12:07:27.992+0000] {processor.py:161} INFO - Started process (PID=6997) to work on /home/airflow/.local/lib/python3.12/site-packages/airflow/example_dags/example_params_ui_tutorial.py
[2024-06-29T12:07:27.993+0000] {processor.py:830} INFO - Processing file /home/airflow/.local/lib/python3.12/site-packages/airflow/example_dags/example_params_ui_tutorial.py for tasks to queue
[2024-06-29T12:07:27.994+0000] {logging_mixin.py:188} INFO - [2024-06-29T12:07:27.993+0000] {dagbag.py:545} INFO - Filling up the DagBag from /home/airflow/.local/lib/python3.12/site-packages/airflow/example_dags/example_params_ui_tutorial.py
[2024-06-29T12:07:28.000+0000] {processor.py:840} INFO - DAG(s) 'example_params_ui_tutorial' retrieved from /home/airflow/.local/lib/python3.12/site-packages/airflow/example_dags/example_params_ui_tutorial.py
[2024-06-29T12:07:28.027+0000] {logging_mixin.py:188} INFO - [2024-06-29T12:07:28.027+0000] {dag.py:3096} INFO - Sync 1 DAGs
[2024-06-29T12:07:28.034+0000] {logging_mixin.py:188} INFO - [2024-06-29T12:07:28.034+0000] {dag.py:3954} INFO - Setting next_dagrun for example_params_ui_tutorial to None, run_after=None
[2024-06-29T12:07:28.043+0000] {processor.py:183} INFO - Processing /home/airflow/.local/lib/python3.12/site-packages/airflow/example_dags/example_params_ui_tutorial.py took 0.055 seconds
[2024-06-29T12:07:58.167+0000] {processor.py:161} INFO - Started process (PID=7259) to work on /home/airflow/.local/lib/python3.12/site-packages/airflow/example_dags/example_params_ui_tutorial.py
[2024-06-29T12:07:58.168+0000] {processor.py:830} INFO - Processing file /home/airflow/.local/lib/python3.12/site-packages/airflow/example_dags/example_params_ui_tutorial.py for tasks to queue
[2024-06-29T12:07:58.169+0000] {logging_mixin.py:188} INFO - [2024-06-29T12:07:58.168+0000] {dagbag.py:545} INFO - Filling up the DagBag from /home/airflow/.local/lib/python3.12/site-packages/airflow/example_dags/example_params_ui_tutorial.py
[2024-06-29T12:07:58.175+0000] {processor.py:840} INFO - DAG(s) 'example_params_ui_tutorial' retrieved from /home/airflow/.local/lib/python3.12/site-packages/airflow/example_dags/example_params_ui_tutorial.py
[2024-06-29T12:07:58.202+0000] {logging_mixin.py:188} INFO - [2024-06-29T12:07:58.201+0000] {dag.py:3096} INFO - Sync 1 DAGs
[2024-06-29T12:07:58.208+0000] {logging_mixin.py:188} INFO - [2024-06-29T12:07:58.208+0000] {dag.py:3954} INFO - Setting next_dagrun for example_params_ui_tutorial to None, run_after=None
[2024-06-29T12:07:58.218+0000] {processor.py:183} INFO - Processing /home/airflow/.local/lib/python3.12/site-packages/airflow/example_dags/example_params_ui_tutorial.py took 0.055 seconds
[2024-06-29T12:08:28.328+0000] {processor.py:161} INFO - Started process (PID=7522) to work on /home/airflow/.local/lib/python3.12/site-packages/airflow/example_dags/example_params_ui_tutorial.py
[2024-06-29T12:08:28.329+0000] {processor.py:830} INFO - Processing file /home/airflow/.local/lib/python3.12/site-packages/airflow/example_dags/example_params_ui_tutorial.py for tasks to queue
[2024-06-29T12:08:28.330+0000] {logging_mixin.py:188} INFO - [2024-06-29T12:08:28.329+0000] {dagbag.py:545} INFO - Filling up the DagBag from /home/airflow/.local/lib/python3.12/site-packages/airflow/example_dags/example_params_ui_tutorial.py
[2024-06-29T12:08:28.336+0000] {processor.py:840} INFO - DAG(s) 'example_params_ui_tutorial' retrieved from /home/airflow/.local/lib/python3.12/site-packages/airflow/example_dags/example_params_ui_tutorial.py
[2024-06-29T12:08:28.363+0000] {logging_mixin.py:188} INFO - [2024-06-29T12:08:28.363+0000] {dag.py:3096} INFO - Sync 1 DAGs
[2024-06-29T12:08:28.370+0000] {logging_mixin.py:188} INFO - [2024-06-29T12:08:28.369+0000] {dag.py:3954} INFO - Setting next_dagrun for example_params_ui_tutorial to None, run_after=None
[2024-06-29T12:08:28.379+0000] {processor.py:183} INFO - Processing /home/airflow/.local/lib/python3.12/site-packages/airflow/example_dags/example_params_ui_tutorial.py took 0.055 seconds
[2024-06-29T12:08:58.595+0000] {processor.py:161} INFO - Started process (PID=7785) to work on /home/airflow/.local/lib/python3.12/site-packages/airflow/example_dags/example_params_ui_tutorial.py
[2024-06-29T12:08:58.596+0000] {processor.py:830} INFO - Processing file /home/airflow/.local/lib/python3.12/site-packages/airflow/example_dags/example_params_ui_tutorial.py for tasks to queue
[2024-06-29T12:08:58.597+0000] {logging_mixin.py:188} INFO - [2024-06-29T12:08:58.596+0000] {dagbag.py:545} INFO - Filling up the DagBag from /home/airflow/.local/lib/python3.12/site-packages/airflow/example_dags/example_params_ui_tutorial.py
[2024-06-29T12:08:58.604+0000] {processor.py:840} INFO - DAG(s) 'example_params_ui_tutorial' retrieved from /home/airflow/.local/lib/python3.12/site-packages/airflow/example_dags/example_params_ui_tutorial.py
[2024-06-29T12:08:58.634+0000] {logging_mixin.py:188} INFO - [2024-06-29T12:08:58.633+0000] {dag.py:3096} INFO - Sync 1 DAGs
[2024-06-29T12:08:58.640+0000] {logging_mixin.py:188} INFO - [2024-06-29T12:08:58.640+0000] {dag.py:3954} INFO - Setting next_dagrun for example_params_ui_tutorial to None, run_after=None
[2024-06-29T12:08:58.649+0000] {processor.py:183} INFO - Processing /home/airflow/.local/lib/python3.12/site-packages/airflow/example_dags/example_params_ui_tutorial.py took 0.058 seconds
[2024-06-29T12:09:28.951+0000] {processor.py:161} INFO - Started process (PID=8047) to work on /home/airflow/.local/lib/python3.12/site-packages/airflow/example_dags/example_params_ui_tutorial.py
[2024-06-29T12:09:28.952+0000] {processor.py:830} INFO - Processing file /home/airflow/.local/lib/python3.12/site-packages/airflow/example_dags/example_params_ui_tutorial.py for tasks to queue
[2024-06-29T12:09:28.953+0000] {logging_mixin.py:188} INFO - [2024-06-29T12:09:28.953+0000] {dagbag.py:545} INFO - Filling up the DagBag from /home/airflow/.local/lib/python3.12/site-packages/airflow/example_dags/example_params_ui_tutorial.py
[2024-06-29T12:09:28.960+0000] {processor.py:840} INFO - DAG(s) 'example_params_ui_tutorial' retrieved from /home/airflow/.local/lib/python3.12/site-packages/airflow/example_dags/example_params_ui_tutorial.py
[2024-06-29T12:09:28.987+0000] {logging_mixin.py:188} INFO - [2024-06-29T12:09:28.987+0000] {dag.py:3096} INFO - Sync 1 DAGs
[2024-06-29T12:09:28.993+0000] {logging_mixin.py:188} INFO - [2024-06-29T12:09:28.993+0000] {dag.py:3954} INFO - Setting next_dagrun for example_params_ui_tutorial to None, run_after=None
[2024-06-29T12:09:29.003+0000] {processor.py:183} INFO - Processing /home/airflow/.local/lib/python3.12/site-packages/airflow/example_dags/example_params_ui_tutorial.py took 0.055 seconds
[2024-06-29T12:09:59.350+0000] {processor.py:161} INFO - Started process (PID=8309) to work on /home/airflow/.local/lib/python3.12/site-packages/airflow/example_dags/example_params_ui_tutorial.py
[2024-06-29T12:09:59.350+0000] {processor.py:830} INFO - Processing file /home/airflow/.local/lib/python3.12/site-packages/airflow/example_dags/example_params_ui_tutorial.py for tasks to queue
[2024-06-29T12:09:59.351+0000] {logging_mixin.py:188} INFO - [2024-06-29T12:09:59.351+0000] {dagbag.py:545} INFO - Filling up the DagBag from /home/airflow/.local/lib/python3.12/site-packages/airflow/example_dags/example_params_ui_tutorial.py
[2024-06-29T12:09:59.358+0000] {processor.py:840} INFO - DAG(s) 'example_params_ui_tutorial' retrieved from /home/airflow/.local/lib/python3.12/site-packages/airflow/example_dags/example_params_ui_tutorial.py
[2024-06-29T12:09:59.385+0000] {logging_mixin.py:188} INFO - [2024-06-29T12:09:59.385+0000] {dag.py:3096} INFO - Sync 1 DAGs
[2024-06-29T12:09:59.391+0000] {logging_mixin.py:188} INFO - [2024-06-29T12:09:59.391+0000] {dag.py:3954} INFO - Setting next_dagrun for example_params_ui_tutorial to None, run_after=None
[2024-06-29T12:09:59.406+0000] {processor.py:183} INFO - Processing /home/airflow/.local/lib/python3.12/site-packages/airflow/example_dags/example_params_ui_tutorial.py took 0.060 seconds
[2024-06-29T12:10:30.087+0000] {processor.py:161} INFO - Started process (PID=8576) to work on /home/airflow/.local/lib/python3.12/site-packages/airflow/example_dags/example_params_ui_tutorial.py
[2024-06-29T12:10:30.087+0000] {processor.py:830} INFO - Processing file /home/airflow/.local/lib/python3.12/site-packages/airflow/example_dags/example_params_ui_tutorial.py for tasks to queue
[2024-06-29T12:10:30.088+0000] {logging_mixin.py:188} INFO - [2024-06-29T12:10:30.088+0000] {dagbag.py:545} INFO - Filling up the DagBag from /home/airflow/.local/lib/python3.12/site-packages/airflow/example_dags/example_params_ui_tutorial.py
[2024-06-29T12:10:30.095+0000] {processor.py:840} INFO - DAG(s) 'example_params_ui_tutorial' retrieved from /home/airflow/.local/lib/python3.12/site-packages/airflow/example_dags/example_params_ui_tutorial.py
[2024-06-29T12:10:30.122+0000] {logging_mixin.py:188} INFO - [2024-06-29T12:10:30.122+0000] {dag.py:3096} INFO - Sync 1 DAGs
[2024-06-29T12:10:30.129+0000] {logging_mixin.py:188} INFO - [2024-06-29T12:10:30.129+0000] {dag.py:3954} INFO - Setting next_dagrun for example_params_ui_tutorial to None, run_after=None
[2024-06-29T12:10:30.140+0000] {processor.py:183} INFO - Processing /home/airflow/.local/lib/python3.12/site-packages/airflow/example_dags/example_params_ui_tutorial.py took 0.057 seconds
[2024-06-29T12:11:00.777+0000] {processor.py:161} INFO - Started process (PID=8838) to work on /home/airflow/.local/lib/python3.12/site-packages/airflow/example_dags/example_params_ui_tutorial.py
[2024-06-29T12:11:00.778+0000] {processor.py:830} INFO - Processing file /home/airflow/.local/lib/python3.12/site-packages/airflow/example_dags/example_params_ui_tutorial.py for tasks to queue
[2024-06-29T12:11:00.779+0000] {logging_mixin.py:188} INFO - [2024-06-29T12:11:00.779+0000] {dagbag.py:545} INFO - Filling up the DagBag from /home/airflow/.local/lib/python3.12/site-packages/airflow/example_dags/example_params_ui_tutorial.py
[2024-06-29T12:11:00.786+0000] {processor.py:840} INFO - DAG(s) 'example_params_ui_tutorial' retrieved from /home/airflow/.local/lib/python3.12/site-packages/airflow/example_dags/example_params_ui_tutorial.py
[2024-06-29T12:11:00.813+0000] {logging_mixin.py:188} INFO - [2024-06-29T12:11:00.813+0000] {dag.py:3096} INFO - Sync 1 DAGs
[2024-06-29T12:11:00.818+0000] {logging_mixin.py:188} INFO - [2024-06-29T12:11:00.818+0000] {dag.py:3954} INFO - Setting next_dagrun for example_params_ui_tutorial to None, run_after=None
[2024-06-29T12:11:00.827+0000] {processor.py:183} INFO - Processing /home/airflow/.local/lib/python3.12/site-packages/airflow/example_dags/example_params_ui_tutorial.py took 0.053 seconds
[2024-06-29T12:11:31.303+0000] {processor.py:161} INFO - Started process (PID=9100) to work on /home/airflow/.local/lib/python3.12/site-packages/airflow/example_dags/example_params_ui_tutorial.py
[2024-06-29T12:11:31.304+0000] {processor.py:830} INFO - Processing file /home/airflow/.local/lib/python3.12/site-packages/airflow/example_dags/example_params_ui_tutorial.py for tasks to queue
[2024-06-29T12:11:31.305+0000] {logging_mixin.py:188} INFO - [2024-06-29T12:11:31.305+0000] {dagbag.py:545} INFO - Filling up the DagBag from /home/airflow/.local/lib/python3.12/site-packages/airflow/example_dags/example_params_ui_tutorial.py
[2024-06-29T12:11:31.314+0000] {processor.py:840} INFO - DAG(s) 'example_params_ui_tutorial' retrieved from /home/airflow/.local/lib/python3.12/site-packages/airflow/example_dags/example_params_ui_tutorial.py
[2024-06-29T12:11:31.351+0000] {logging_mixin.py:188} INFO - [2024-06-29T12:11:31.351+0000] {dag.py:3096} INFO - Sync 1 DAGs
[2024-06-29T12:11:31.357+0000] {logging_mixin.py:188} INFO - [2024-06-29T12:11:31.357+0000] {dag.py:3954} INFO - Setting next_dagrun for example_params_ui_tutorial to None, run_after=None
[2024-06-29T12:11:31.366+0000] {processor.py:183} INFO - Processing /home/airflow/.local/lib/python3.12/site-packages/airflow/example_dags/example_params_ui_tutorial.py took 0.068 seconds
[2024-06-29T12:12:01.562+0000] {processor.py:161} INFO - Started process (PID=9362) to work on /home/airflow/.local/lib/python3.12/site-packages/airflow/example_dags/example_params_ui_tutorial.py
[2024-06-29T12:12:01.564+0000] {processor.py:830} INFO - Processing file /home/airflow/.local/lib/python3.12/site-packages/airflow/example_dags/example_params_ui_tutorial.py for tasks to queue
[2024-06-29T12:12:01.565+0000] {logging_mixin.py:188} INFO - [2024-06-29T12:12:01.565+0000] {dagbag.py:545} INFO - Filling up the DagBag from /home/airflow/.local/lib/python3.12/site-packages/airflow/example_dags/example_params_ui_tutorial.py
[2024-06-29T12:12:01.676+0000] {processor.py:840} INFO - DAG(s) 'example_params_ui_tutorial' retrieved from /home/airflow/.local/lib/python3.12/site-packages/airflow/example_dags/example_params_ui_tutorial.py
[2024-06-29T12:12:01.701+0000] {logging_mixin.py:188} INFO - [2024-06-29T12:12:01.701+0000] {dag.py:3096} INFO - Sync 1 DAGs
[2024-06-29T12:12:01.706+0000] {logging_mixin.py:188} INFO - [2024-06-29T12:12:01.706+0000] {dag.py:3954} INFO - Setting next_dagrun for example_params_ui_tutorial to None, run_after=None
[2024-06-29T12:12:01.715+0000] {processor.py:183} INFO - Processing /home/airflow/.local/lib/python3.12/site-packages/airflow/example_dags/example_params_ui_tutorial.py took 0.157 seconds
[2024-06-29T12:12:31.993+0000] {processor.py:161} INFO - Started process (PID=9625) to work on /home/airflow/.local/lib/python3.12/site-packages/airflow/example_dags/example_params_ui_tutorial.py
[2024-06-29T12:12:31.993+0000] {processor.py:830} INFO - Processing file /home/airflow/.local/lib/python3.12/site-packages/airflow/example_dags/example_params_ui_tutorial.py for tasks to queue
[2024-06-29T12:12:31.994+0000] {logging_mixin.py:188} INFO - [2024-06-29T12:12:31.994+0000] {dagbag.py:545} INFO - Filling up the DagBag from /home/airflow/.local/lib/python3.12/site-packages/airflow/example_dags/example_params_ui_tutorial.py
[2024-06-29T12:12:32.001+0000] {processor.py:840} INFO - DAG(s) 'example_params_ui_tutorial' retrieved from /home/airflow/.local/lib/python3.12/site-packages/airflow/example_dags/example_params_ui_tutorial.py
[2024-06-29T12:12:32.028+0000] {logging_mixin.py:188} INFO - [2024-06-29T12:12:32.028+0000] {dag.py:3096} INFO - Sync 1 DAGs
[2024-06-29T12:12:32.034+0000] {logging_mixin.py:188} INFO - [2024-06-29T12:12:32.034+0000] {dag.py:3954} INFO - Setting next_dagrun for example_params_ui_tutorial to None, run_after=None
[2024-06-29T12:12:32.043+0000] {processor.py:183} INFO - Processing /home/airflow/.local/lib/python3.12/site-packages/airflow/example_dags/example_params_ui_tutorial.py took 0.055 seconds
[2024-06-29T12:13:02.255+0000] {processor.py:161} INFO - Started process (PID=9887) to work on /home/airflow/.local/lib/python3.12/site-packages/airflow/example_dags/example_params_ui_tutorial.py
[2024-06-29T12:13:02.256+0000] {processor.py:830} INFO - Processing file /home/airflow/.local/lib/python3.12/site-packages/airflow/example_dags/example_params_ui_tutorial.py for tasks to queue
[2024-06-29T12:13:02.257+0000] {logging_mixin.py:188} INFO - [2024-06-29T12:13:02.256+0000] {dagbag.py:545} INFO - Filling up the DagBag from /home/airflow/.local/lib/python3.12/site-packages/airflow/example_dags/example_params_ui_tutorial.py
[2024-06-29T12:13:02.263+0000] {processor.py:840} INFO - DAG(s) 'example_params_ui_tutorial' retrieved from /home/airflow/.local/lib/python3.12/site-packages/airflow/example_dags/example_params_ui_tutorial.py
[2024-06-29T12:13:02.290+0000] {logging_mixin.py:188} INFO - [2024-06-29T12:13:02.290+0000] {dag.py:3096} INFO - Sync 1 DAGs
[2024-06-29T12:13:02.296+0000] {logging_mixin.py:188} INFO - [2024-06-29T12:13:02.296+0000] {dag.py:3954} INFO - Setting next_dagrun for example_params_ui_tutorial to None, run_after=None
[2024-06-29T12:13:02.305+0000] {processor.py:183} INFO - Processing /home/airflow/.local/lib/python3.12/site-packages/airflow/example_dags/example_params_ui_tutorial.py took 0.054 seconds
[2024-06-29T12:13:32.499+0000] {processor.py:161} INFO - Started process (PID=10148) to work on /home/airflow/.local/lib/python3.12/site-packages/airflow/example_dags/example_params_ui_tutorial.py
[2024-06-29T12:13:32.500+0000] {processor.py:830} INFO - Processing file /home/airflow/.local/lib/python3.12/site-packages/airflow/example_dags/example_params_ui_tutorial.py for tasks to queue
[2024-06-29T12:13:32.501+0000] {logging_mixin.py:188} INFO - [2024-06-29T12:13:32.501+0000] {dagbag.py:545} INFO - Filling up the DagBag from /home/airflow/.local/lib/python3.12/site-packages/airflow/example_dags/example_params_ui_tutorial.py
[2024-06-29T12:13:32.508+0000] {processor.py:840} INFO - DAG(s) 'example_params_ui_tutorial' retrieved from /home/airflow/.local/lib/python3.12/site-packages/airflow/example_dags/example_params_ui_tutorial.py
[2024-06-29T12:13:32.535+0000] {logging_mixin.py:188} INFO - [2024-06-29T12:13:32.535+0000] {dag.py:3096} INFO - Sync 1 DAGs
[2024-06-29T12:13:32.541+0000] {logging_mixin.py:188} INFO - [2024-06-29T12:13:32.541+0000] {dag.py:3954} INFO - Setting next_dagrun for example_params_ui_tutorial to None, run_after=None
[2024-06-29T12:13:32.551+0000] {processor.py:183} INFO - Processing /home/airflow/.local/lib/python3.12/site-packages/airflow/example_dags/example_params_ui_tutorial.py took 0.055 seconds
[2024-06-29T12:14:02.654+0000] {processor.py:161} INFO - Started process (PID=10410) to work on /home/airflow/.local/lib/python3.12/site-packages/airflow/example_dags/example_params_ui_tutorial.py
[2024-06-29T12:14:02.655+0000] {processor.py:830} INFO - Processing file /home/airflow/.local/lib/python3.12/site-packages/airflow/example_dags/example_params_ui_tutorial.py for tasks to queue
[2024-06-29T12:14:02.656+0000] {logging_mixin.py:188} INFO - [2024-06-29T12:14:02.656+0000] {dagbag.py:545} INFO - Filling up the DagBag from /home/airflow/.local/lib/python3.12/site-packages/airflow/example_dags/example_params_ui_tutorial.py
[2024-06-29T12:14:02.662+0000] {processor.py:840} INFO - DAG(s) 'example_params_ui_tutorial' retrieved from /home/airflow/.local/lib/python3.12/site-packages/airflow/example_dags/example_params_ui_tutorial.py
[2024-06-29T12:14:02.689+0000] {logging_mixin.py:188} INFO - [2024-06-29T12:14:02.689+0000] {dag.py:3096} INFO - Sync 1 DAGs
[2024-06-29T12:14:02.696+0000] {logging_mixin.py:188} INFO - [2024-06-29T12:14:02.696+0000] {dag.py:3954} INFO - Setting next_dagrun for example_params_ui_tutorial to None, run_after=None
[2024-06-29T12:14:02.705+0000] {processor.py:183} INFO - Processing /home/airflow/.local/lib/python3.12/site-packages/airflow/example_dags/example_params_ui_tutorial.py took 0.055 seconds
[2024-06-29T12:14:32.777+0000] {processor.py:161} INFO - Started process (PID=10672) to work on /home/airflow/.local/lib/python3.12/site-packages/airflow/example_dags/example_params_ui_tutorial.py
[2024-06-29T12:14:32.778+0000] {processor.py:830} INFO - Processing file /home/airflow/.local/lib/python3.12/site-packages/airflow/example_dags/example_params_ui_tutorial.py for tasks to queue
[2024-06-29T12:14:32.779+0000] {logging_mixin.py:188} INFO - [2024-06-29T12:14:32.779+0000] {dagbag.py:545} INFO - Filling up the DagBag from /home/airflow/.local/lib/python3.12/site-packages/airflow/example_dags/example_params_ui_tutorial.py
[2024-06-29T12:14:32.786+0000] {processor.py:840} INFO - DAG(s) 'example_params_ui_tutorial' retrieved from /home/airflow/.local/lib/python3.12/site-packages/airflow/example_dags/example_params_ui_tutorial.py
[2024-06-29T12:14:32.812+0000] {logging_mixin.py:188} INFO - [2024-06-29T12:14:32.811+0000] {dag.py:3096} INFO - Sync 1 DAGs
[2024-06-29T12:14:32.818+0000] {logging_mixin.py:188} INFO - [2024-06-29T12:14:32.818+0000] {dag.py:3954} INFO - Setting next_dagrun for example_params_ui_tutorial to None, run_after=None
[2024-06-29T12:14:32.827+0000] {processor.py:183} INFO - Processing /home/airflow/.local/lib/python3.12/site-packages/airflow/example_dags/example_params_ui_tutorial.py took 0.053 seconds
[2024-06-29T12:15:03.715+0000] {processor.py:161} INFO - Started process (PID=10928) to work on /home/airflow/.local/lib/python3.12/site-packages/airflow/example_dags/example_params_ui_tutorial.py
[2024-06-29T12:15:03.716+0000] {processor.py:830} INFO - Processing file /home/airflow/.local/lib/python3.12/site-packages/airflow/example_dags/example_params_ui_tutorial.py for tasks to queue
[2024-06-29T12:15:03.717+0000] {logging_mixin.py:188} INFO - [2024-06-29T12:15:03.717+0000] {dagbag.py:545} INFO - Filling up the DagBag from /home/airflow/.local/lib/python3.12/site-packages/airflow/example_dags/example_params_ui_tutorial.py
[2024-06-29T12:15:03.724+0000] {processor.py:840} INFO - DAG(s) 'example_params_ui_tutorial' retrieved from /home/airflow/.local/lib/python3.12/site-packages/airflow/example_dags/example_params_ui_tutorial.py
[2024-06-29T12:15:03.750+0000] {logging_mixin.py:188} INFO - [2024-06-29T12:15:03.750+0000] {dag.py:3096} INFO - Sync 1 DAGs
[2024-06-29T12:15:03.757+0000] {logging_mixin.py:188} INFO - [2024-06-29T12:15:03.757+0000] {dag.py:3954} INFO - Setting next_dagrun for example_params_ui_tutorial to None, run_after=None
[2024-06-29T12:15:03.767+0000] {processor.py:183} INFO - Processing /home/airflow/.local/lib/python3.12/site-packages/airflow/example_dags/example_params_ui_tutorial.py took 0.055 seconds
[2024-06-29T12:15:33.937+0000] {processor.py:161} INFO - Started process (PID=11190) to work on /home/airflow/.local/lib/python3.12/site-packages/airflow/example_dags/example_params_ui_tutorial.py
[2024-06-29T12:15:33.937+0000] {processor.py:830} INFO - Processing file /home/airflow/.local/lib/python3.12/site-packages/airflow/example_dags/example_params_ui_tutorial.py for tasks to queue
[2024-06-29T12:15:33.939+0000] {logging_mixin.py:188} INFO - [2024-06-29T12:15:33.938+0000] {dagbag.py:545} INFO - Filling up the DagBag from /home/airflow/.local/lib/python3.12/site-packages/airflow/example_dags/example_params_ui_tutorial.py
[2024-06-29T12:15:33.946+0000] {processor.py:840} INFO - DAG(s) 'example_params_ui_tutorial' retrieved from /home/airflow/.local/lib/python3.12/site-packages/airflow/example_dags/example_params_ui_tutorial.py
[2024-06-29T12:15:33.974+0000] {logging_mixin.py:188} INFO - [2024-06-29T12:15:33.973+0000] {dag.py:3096} INFO - Sync 1 DAGs
[2024-06-29T12:15:33.981+0000] {logging_mixin.py:188} INFO - [2024-06-29T12:15:33.981+0000] {dag.py:3954} INFO - Setting next_dagrun for example_params_ui_tutorial to None, run_after=None
[2024-06-29T12:15:33.992+0000] {processor.py:183} INFO - Processing /home/airflow/.local/lib/python3.12/site-packages/airflow/example_dags/example_params_ui_tutorial.py took 0.060 seconds
[2024-06-29T12:16:04.076+0000] {processor.py:161} INFO - Started process (PID=11453) to work on /home/airflow/.local/lib/python3.12/site-packages/airflow/example_dags/example_params_ui_tutorial.py
[2024-06-29T12:16:04.077+0000] {processor.py:830} INFO - Processing file /home/airflow/.local/lib/python3.12/site-packages/airflow/example_dags/example_params_ui_tutorial.py for tasks to queue
[2024-06-29T12:16:04.078+0000] {logging_mixin.py:188} INFO - [2024-06-29T12:16:04.078+0000] {dagbag.py:545} INFO - Filling up the DagBag from /home/airflow/.local/lib/python3.12/site-packages/airflow/example_dags/example_params_ui_tutorial.py
[2024-06-29T12:16:04.084+0000] {processor.py:840} INFO - DAG(s) 'example_params_ui_tutorial' retrieved from /home/airflow/.local/lib/python3.12/site-packages/airflow/example_dags/example_params_ui_tutorial.py
[2024-06-29T12:16:04.117+0000] {logging_mixin.py:188} INFO - [2024-06-29T12:16:04.117+0000] {dag.py:3096} INFO - Sync 1 DAGs
[2024-06-29T12:16:04.125+0000] {logging_mixin.py:188} INFO - [2024-06-29T12:16:04.125+0000] {dag.py:3954} INFO - Setting next_dagrun for example_params_ui_tutorial to None, run_after=None
[2024-06-29T12:16:04.137+0000] {processor.py:183} INFO - Processing /home/airflow/.local/lib/python3.12/site-packages/airflow/example_dags/example_params_ui_tutorial.py took 0.066 seconds
[2024-06-29T12:16:34.237+0000] {processor.py:161} INFO - Started process (PID=11715) to work on /home/airflow/.local/lib/python3.12/site-packages/airflow/example_dags/example_params_ui_tutorial.py
[2024-06-29T12:16:34.237+0000] {processor.py:830} INFO - Processing file /home/airflow/.local/lib/python3.12/site-packages/airflow/example_dags/example_params_ui_tutorial.py for tasks to queue
[2024-06-29T12:16:34.239+0000] {logging_mixin.py:188} INFO - [2024-06-29T12:16:34.238+0000] {dagbag.py:545} INFO - Filling up the DagBag from /home/airflow/.local/lib/python3.12/site-packages/airflow/example_dags/example_params_ui_tutorial.py
[2024-06-29T12:16:34.246+0000] {processor.py:840} INFO - DAG(s) 'example_params_ui_tutorial' retrieved from /home/airflow/.local/lib/python3.12/site-packages/airflow/example_dags/example_params_ui_tutorial.py
[2024-06-29T12:16:34.277+0000] {logging_mixin.py:188} INFO - [2024-06-29T12:16:34.277+0000] {dag.py:3096} INFO - Sync 1 DAGs
[2024-06-29T12:16:34.285+0000] {logging_mixin.py:188} INFO - [2024-06-29T12:16:34.285+0000] {dag.py:3954} INFO - Setting next_dagrun for example_params_ui_tutorial to None, run_after=None
[2024-06-29T12:16:34.297+0000] {processor.py:183} INFO - Processing /home/airflow/.local/lib/python3.12/site-packages/airflow/example_dags/example_params_ui_tutorial.py took 0.064 seconds
[2024-06-29T12:17:04.486+0000] {processor.py:161} INFO - Started process (PID=11977) to work on /home/airflow/.local/lib/python3.12/site-packages/airflow/example_dags/example_params_ui_tutorial.py
[2024-06-29T12:17:04.487+0000] {processor.py:830} INFO - Processing file /home/airflow/.local/lib/python3.12/site-packages/airflow/example_dags/example_params_ui_tutorial.py for tasks to queue
[2024-06-29T12:17:04.488+0000] {logging_mixin.py:188} INFO - [2024-06-29T12:17:04.488+0000] {dagbag.py:545} INFO - Filling up the DagBag from /home/airflow/.local/lib/python3.12/site-packages/airflow/example_dags/example_params_ui_tutorial.py
[2024-06-29T12:17:04.495+0000] {processor.py:840} INFO - DAG(s) 'example_params_ui_tutorial' retrieved from /home/airflow/.local/lib/python3.12/site-packages/airflow/example_dags/example_params_ui_tutorial.py
[2024-06-29T12:17:04.524+0000] {logging_mixin.py:188} INFO - [2024-06-29T12:17:04.524+0000] {dag.py:3096} INFO - Sync 1 DAGs
[2024-06-29T12:17:04.534+0000] {logging_mixin.py:188} INFO - [2024-06-29T12:17:04.534+0000] {dag.py:3954} INFO - Setting next_dagrun for example_params_ui_tutorial to None, run_after=None
[2024-06-29T12:17:04.547+0000] {processor.py:183} INFO - Processing /home/airflow/.local/lib/python3.12/site-packages/airflow/example_dags/example_params_ui_tutorial.py took 0.064 seconds
[2024-06-29T12:17:34.586+0000] {processor.py:161} INFO - Started process (PID=12234) to work on /home/airflow/.local/lib/python3.12/site-packages/airflow/example_dags/example_params_ui_tutorial.py
[2024-06-29T12:17:34.587+0000] {processor.py:830} INFO - Processing file /home/airflow/.local/lib/python3.12/site-packages/airflow/example_dags/example_params_ui_tutorial.py for tasks to queue
[2024-06-29T12:17:34.588+0000] {logging_mixin.py:188} INFO - [2024-06-29T12:17:34.587+0000] {dagbag.py:545} INFO - Filling up the DagBag from /home/airflow/.local/lib/python3.12/site-packages/airflow/example_dags/example_params_ui_tutorial.py
[2024-06-29T12:17:34.595+0000] {processor.py:840} INFO - DAG(s) 'example_params_ui_tutorial' retrieved from /home/airflow/.local/lib/python3.12/site-packages/airflow/example_dags/example_params_ui_tutorial.py
[2024-06-29T12:17:34.622+0000] {logging_mixin.py:188} INFO - [2024-06-29T12:17:34.622+0000] {dag.py:3096} INFO - Sync 1 DAGs
[2024-06-29T12:17:34.628+0000] {logging_mixin.py:188} INFO - [2024-06-29T12:17:34.628+0000] {dag.py:3954} INFO - Setting next_dagrun for example_params_ui_tutorial to None, run_after=None
[2024-06-29T12:17:34.639+0000] {processor.py:183} INFO - Processing /home/airflow/.local/lib/python3.12/site-packages/airflow/example_dags/example_params_ui_tutorial.py took 0.056 seconds
[2024-06-29T12:18:04.801+0000] {processor.py:161} INFO - Started process (PID=12496) to work on /home/airflow/.local/lib/python3.12/site-packages/airflow/example_dags/example_params_ui_tutorial.py
[2024-06-29T12:18:04.801+0000] {processor.py:830} INFO - Processing file /home/airflow/.local/lib/python3.12/site-packages/airflow/example_dags/example_params_ui_tutorial.py for tasks to queue
[2024-06-29T12:18:04.802+0000] {logging_mixin.py:188} INFO - [2024-06-29T12:18:04.802+0000] {dagbag.py:545} INFO - Filling up the DagBag from /home/airflow/.local/lib/python3.12/site-packages/airflow/example_dags/example_params_ui_tutorial.py
[2024-06-29T12:18:04.811+0000] {processor.py:840} INFO - DAG(s) 'example_params_ui_tutorial' retrieved from /home/airflow/.local/lib/python3.12/site-packages/airflow/example_dags/example_params_ui_tutorial.py
[2024-06-29T12:18:04.841+0000] {logging_mixin.py:188} INFO - [2024-06-29T12:18:04.840+0000] {dag.py:3096} INFO - Sync 1 DAGs
[2024-06-29T12:18:04.847+0000] {logging_mixin.py:188} INFO - [2024-06-29T12:18:04.847+0000] {dag.py:3954} INFO - Setting next_dagrun for example_params_ui_tutorial to None, run_after=None
[2024-06-29T12:18:04.856+0000] {processor.py:183} INFO - Processing /home/airflow/.local/lib/python3.12/site-packages/airflow/example_dags/example_params_ui_tutorial.py took 0.059 seconds
[2024-06-29T12:18:35.104+0000] {processor.py:161} INFO - Started process (PID=12762) to work on /home/airflow/.local/lib/python3.12/site-packages/airflow/example_dags/example_params_ui_tutorial.py
[2024-06-29T12:18:35.105+0000] {processor.py:830} INFO - Processing file /home/airflow/.local/lib/python3.12/site-packages/airflow/example_dags/example_params_ui_tutorial.py for tasks to queue
[2024-06-29T12:18:35.106+0000] {logging_mixin.py:188} INFO - [2024-06-29T12:18:35.106+0000] {dagbag.py:545} INFO - Filling up the DagBag from /home/airflow/.local/lib/python3.12/site-packages/airflow/example_dags/example_params_ui_tutorial.py
[2024-06-29T12:18:35.113+0000] {processor.py:840} INFO - DAG(s) 'example_params_ui_tutorial' retrieved from /home/airflow/.local/lib/python3.12/site-packages/airflow/example_dags/example_params_ui_tutorial.py
[2024-06-29T12:18:35.144+0000] {logging_mixin.py:188} INFO - [2024-06-29T12:18:35.144+0000] {dag.py:3096} INFO - Sync 1 DAGs
[2024-06-29T12:18:35.152+0000] {logging_mixin.py:188} INFO - [2024-06-29T12:18:35.152+0000] {dag.py:3954} INFO - Setting next_dagrun for example_params_ui_tutorial to None, run_after=None
[2024-06-29T12:18:35.163+0000] {processor.py:183} INFO - Processing /home/airflow/.local/lib/python3.12/site-packages/airflow/example_dags/example_params_ui_tutorial.py took 0.063 seconds
[2024-06-29T12:19:05.334+0000] {processor.py:161} INFO - Started process (PID=13025) to work on /home/airflow/.local/lib/python3.12/site-packages/airflow/example_dags/example_params_ui_tutorial.py
[2024-06-29T12:19:05.335+0000] {processor.py:830} INFO - Processing file /home/airflow/.local/lib/python3.12/site-packages/airflow/example_dags/example_params_ui_tutorial.py for tasks to queue
[2024-06-29T12:19:05.336+0000] {logging_mixin.py:188} INFO - [2024-06-29T12:19:05.336+0000] {dagbag.py:545} INFO - Filling up the DagBag from /home/airflow/.local/lib/python3.12/site-packages/airflow/example_dags/example_params_ui_tutorial.py
[2024-06-29T12:19:05.342+0000] {processor.py:840} INFO - DAG(s) 'example_params_ui_tutorial' retrieved from /home/airflow/.local/lib/python3.12/site-packages/airflow/example_dags/example_params_ui_tutorial.py
[2024-06-29T12:19:05.368+0000] {logging_mixin.py:188} INFO - [2024-06-29T12:19:05.368+0000] {dag.py:3096} INFO - Sync 1 DAGs
[2024-06-29T12:19:05.374+0000] {logging_mixin.py:188} INFO - [2024-06-29T12:19:05.374+0000] {dag.py:3954} INFO - Setting next_dagrun for example_params_ui_tutorial to None, run_after=None
[2024-06-29T12:19:05.385+0000] {processor.py:183} INFO - Processing /home/airflow/.local/lib/python3.12/site-packages/airflow/example_dags/example_params_ui_tutorial.py took 0.055 seconds
[2024-06-29T12:19:36.350+0000] {processor.py:161} INFO - Started process (PID=13287) to work on /home/airflow/.local/lib/python3.12/site-packages/airflow/example_dags/example_params_ui_tutorial.py
[2024-06-29T12:19:36.350+0000] {processor.py:830} INFO - Processing file /home/airflow/.local/lib/python3.12/site-packages/airflow/example_dags/example_params_ui_tutorial.py for tasks to queue
[2024-06-29T12:19:36.352+0000] {logging_mixin.py:188} INFO - [2024-06-29T12:19:36.351+0000] {dagbag.py:545} INFO - Filling up the DagBag from /home/airflow/.local/lib/python3.12/site-packages/airflow/example_dags/example_params_ui_tutorial.py
[2024-06-29T12:19:36.362+0000] {processor.py:840} INFO - DAG(s) 'example_params_ui_tutorial' retrieved from /home/airflow/.local/lib/python3.12/site-packages/airflow/example_dags/example_params_ui_tutorial.py
[2024-06-29T12:19:36.396+0000] {logging_mixin.py:188} INFO - [2024-06-29T12:19:36.395+0000] {dag.py:3096} INFO - Sync 1 DAGs
[2024-06-29T12:19:36.402+0000] {logging_mixin.py:188} INFO - [2024-06-29T12:19:36.402+0000] {dag.py:3954} INFO - Setting next_dagrun for example_params_ui_tutorial to None, run_after=None
[2024-06-29T12:19:36.412+0000] {processor.py:183} INFO - Processing /home/airflow/.local/lib/python3.12/site-packages/airflow/example_dags/example_params_ui_tutorial.py took 0.066 seconds
[2024-06-29T12:20:06.524+0000] {processor.py:161} INFO - Started process (PID=13551) to work on /home/airflow/.local/lib/python3.12/site-packages/airflow/example_dags/example_params_ui_tutorial.py
[2024-06-29T12:20:06.524+0000] {processor.py:830} INFO - Processing file /home/airflow/.local/lib/python3.12/site-packages/airflow/example_dags/example_params_ui_tutorial.py for tasks to queue
[2024-06-29T12:20:06.525+0000] {logging_mixin.py:188} INFO - [2024-06-29T12:20:06.525+0000] {dagbag.py:545} INFO - Filling up the DagBag from /home/airflow/.local/lib/python3.12/site-packages/airflow/example_dags/example_params_ui_tutorial.py
[2024-06-29T12:20:06.532+0000] {processor.py:840} INFO - DAG(s) 'example_params_ui_tutorial' retrieved from /home/airflow/.local/lib/python3.12/site-packages/airflow/example_dags/example_params_ui_tutorial.py
[2024-06-29T12:20:06.557+0000] {logging_mixin.py:188} INFO - [2024-06-29T12:20:06.557+0000] {dag.py:3096} INFO - Sync 1 DAGs
[2024-06-29T12:20:06.563+0000] {logging_mixin.py:188} INFO - [2024-06-29T12:20:06.563+0000] {dag.py:3954} INFO - Setting next_dagrun for example_params_ui_tutorial to None, run_after=None
[2024-06-29T12:20:06.572+0000] {processor.py:183} INFO - Processing /home/airflow/.local/lib/python3.12/site-packages/airflow/example_dags/example_params_ui_tutorial.py took 0.051 seconds
[2024-06-29T12:20:36.737+0000] {processor.py:161} INFO - Started process (PID=13811) to work on /home/airflow/.local/lib/python3.12/site-packages/airflow/example_dags/example_params_ui_tutorial.py
[2024-06-29T12:20:36.737+0000] {processor.py:830} INFO - Processing file /home/airflow/.local/lib/python3.12/site-packages/airflow/example_dags/example_params_ui_tutorial.py for tasks to queue
[2024-06-29T12:20:36.738+0000] {logging_mixin.py:188} INFO - [2024-06-29T12:20:36.738+0000] {dagbag.py:545} INFO - Filling up the DagBag from /home/airflow/.local/lib/python3.12/site-packages/airflow/example_dags/example_params_ui_tutorial.py
[2024-06-29T12:20:36.746+0000] {processor.py:840} INFO - DAG(s) 'example_params_ui_tutorial' retrieved from /home/airflow/.local/lib/python3.12/site-packages/airflow/example_dags/example_params_ui_tutorial.py
[2024-06-29T12:20:36.778+0000] {logging_mixin.py:188} INFO - [2024-06-29T12:20:36.778+0000] {dag.py:3096} INFO - Sync 1 DAGs
[2024-06-29T12:20:36.787+0000] {logging_mixin.py:188} INFO - [2024-06-29T12:20:36.786+0000] {dag.py:3954} INFO - Setting next_dagrun for example_params_ui_tutorial to None, run_after=None
[2024-06-29T12:20:36.797+0000] {processor.py:183} INFO - Processing /home/airflow/.local/lib/python3.12/site-packages/airflow/example_dags/example_params_ui_tutorial.py took 0.065 seconds
[2024-06-29T12:21:06.941+0000] {processor.py:161} INFO - Started process (PID=14073) to work on /home/airflow/.local/lib/python3.12/site-packages/airflow/example_dags/example_params_ui_tutorial.py
[2024-06-29T12:21:06.942+0000] {processor.py:830} INFO - Processing file /home/airflow/.local/lib/python3.12/site-packages/airflow/example_dags/example_params_ui_tutorial.py for tasks to queue
[2024-06-29T12:21:06.943+0000] {logging_mixin.py:188} INFO - [2024-06-29T12:21:06.943+0000] {dagbag.py:545} INFO - Filling up the DagBag from /home/airflow/.local/lib/python3.12/site-packages/airflow/example_dags/example_params_ui_tutorial.py
[2024-06-29T12:21:06.949+0000] {processor.py:840} INFO - DAG(s) 'example_params_ui_tutorial' retrieved from /home/airflow/.local/lib/python3.12/site-packages/airflow/example_dags/example_params_ui_tutorial.py
[2024-06-29T12:21:06.976+0000] {logging_mixin.py:188} INFO - [2024-06-29T12:21:06.975+0000] {dag.py:3096} INFO - Sync 1 DAGs
[2024-06-29T12:21:06.983+0000] {logging_mixin.py:188} INFO - [2024-06-29T12:21:06.983+0000] {dag.py:3954} INFO - Setting next_dagrun for example_params_ui_tutorial to None, run_after=None
[2024-06-29T12:21:06.994+0000] {processor.py:183} INFO - Processing /home/airflow/.local/lib/python3.12/site-packages/airflow/example_dags/example_params_ui_tutorial.py took 0.056 seconds
[2024-06-29T12:21:37.201+0000] {processor.py:161} INFO - Started process (PID=14335) to work on /home/airflow/.local/lib/python3.12/site-packages/airflow/example_dags/example_params_ui_tutorial.py
[2024-06-29T12:21:37.201+0000] {processor.py:830} INFO - Processing file /home/airflow/.local/lib/python3.12/site-packages/airflow/example_dags/example_params_ui_tutorial.py for tasks to queue
[2024-06-29T12:21:37.203+0000] {logging_mixin.py:188} INFO - [2024-06-29T12:21:37.202+0000] {dagbag.py:545} INFO - Filling up the DagBag from /home/airflow/.local/lib/python3.12/site-packages/airflow/example_dags/example_params_ui_tutorial.py
[2024-06-29T12:21:37.209+0000] {processor.py:840} INFO - DAG(s) 'example_params_ui_tutorial' retrieved from /home/airflow/.local/lib/python3.12/site-packages/airflow/example_dags/example_params_ui_tutorial.py
[2024-06-29T12:21:37.239+0000] {logging_mixin.py:188} INFO - [2024-06-29T12:21:37.239+0000] {dag.py:3096} INFO - Sync 1 DAGs
[2024-06-29T12:21:37.247+0000] {logging_mixin.py:188} INFO - [2024-06-29T12:21:37.247+0000] {dag.py:3954} INFO - Setting next_dagrun for example_params_ui_tutorial to None, run_after=None
[2024-06-29T12:21:37.257+0000] {processor.py:183} INFO - Processing /home/airflow/.local/lib/python3.12/site-packages/airflow/example_dags/example_params_ui_tutorial.py took 0.060 seconds
[2024-06-29T12:22:07.309+0000] {processor.py:161} INFO - Started process (PID=14597) to work on /home/airflow/.local/lib/python3.12/site-packages/airflow/example_dags/example_params_ui_tutorial.py
[2024-06-29T12:22:07.310+0000] {processor.py:830} INFO - Processing file /home/airflow/.local/lib/python3.12/site-packages/airflow/example_dags/example_params_ui_tutorial.py for tasks to queue
[2024-06-29T12:22:07.311+0000] {logging_mixin.py:188} INFO - [2024-06-29T12:22:07.311+0000] {dagbag.py:545} INFO - Filling up the DagBag from /home/airflow/.local/lib/python3.12/site-packages/airflow/example_dags/example_params_ui_tutorial.py
[2024-06-29T12:22:07.317+0000] {processor.py:840} INFO - DAG(s) 'example_params_ui_tutorial' retrieved from /home/airflow/.local/lib/python3.12/site-packages/airflow/example_dags/example_params_ui_tutorial.py
[2024-06-29T12:22:07.343+0000] {logging_mixin.py:188} INFO - [2024-06-29T12:22:07.343+0000] {dag.py:3096} INFO - Sync 1 DAGs
[2024-06-29T12:22:07.350+0000] {logging_mixin.py:188} INFO - [2024-06-29T12:22:07.349+0000] {dag.py:3954} INFO - Setting next_dagrun for example_params_ui_tutorial to None, run_after=None
[2024-06-29T12:22:07.359+0000] {processor.py:183} INFO - Processing /home/airflow/.local/lib/python3.12/site-packages/airflow/example_dags/example_params_ui_tutorial.py took 0.053 seconds
[2024-06-29T12:22:37.540+0000] {processor.py:161} INFO - Started process (PID=14860) to work on /home/airflow/.local/lib/python3.12/site-packages/airflow/example_dags/example_params_ui_tutorial.py
[2024-06-29T12:22:37.540+0000] {processor.py:830} INFO - Processing file /home/airflow/.local/lib/python3.12/site-packages/airflow/example_dags/example_params_ui_tutorial.py for tasks to queue
[2024-06-29T12:22:37.542+0000] {logging_mixin.py:188} INFO - [2024-06-29T12:22:37.541+0000] {dagbag.py:545} INFO - Filling up the DagBag from /home/airflow/.local/lib/python3.12/site-packages/airflow/example_dags/example_params_ui_tutorial.py
[2024-06-29T12:22:37.548+0000] {processor.py:840} INFO - DAG(s) 'example_params_ui_tutorial' retrieved from /home/airflow/.local/lib/python3.12/site-packages/airflow/example_dags/example_params_ui_tutorial.py
[2024-06-29T12:22:37.576+0000] {logging_mixin.py:188} INFO - [2024-06-29T12:22:37.576+0000] {dag.py:3096} INFO - Sync 1 DAGs
[2024-06-29T12:22:37.583+0000] {logging_mixin.py:188} INFO - [2024-06-29T12:22:37.583+0000] {dag.py:3954} INFO - Setting next_dagrun for example_params_ui_tutorial to None, run_after=None
[2024-06-29T12:22:37.592+0000] {processor.py:183} INFO - Processing /home/airflow/.local/lib/python3.12/site-packages/airflow/example_dags/example_params_ui_tutorial.py took 0.056 seconds
[2024-06-29T12:23:07.740+0000] {processor.py:161} INFO - Started process (PID=15117) to work on /home/airflow/.local/lib/python3.12/site-packages/airflow/example_dags/example_params_ui_tutorial.py
[2024-06-29T12:23:07.741+0000] {processor.py:830} INFO - Processing file /home/airflow/.local/lib/python3.12/site-packages/airflow/example_dags/example_params_ui_tutorial.py for tasks to queue
[2024-06-29T12:23:07.742+0000] {logging_mixin.py:188} INFO - [2024-06-29T12:23:07.742+0000] {dagbag.py:545} INFO - Filling up the DagBag from /home/airflow/.local/lib/python3.12/site-packages/airflow/example_dags/example_params_ui_tutorial.py
[2024-06-29T12:23:07.749+0000] {processor.py:840} INFO - DAG(s) 'example_params_ui_tutorial' retrieved from /home/airflow/.local/lib/python3.12/site-packages/airflow/example_dags/example_params_ui_tutorial.py
[2024-06-29T12:23:07.776+0000] {logging_mixin.py:188} INFO - [2024-06-29T12:23:07.776+0000] {dag.py:3096} INFO - Sync 1 DAGs
[2024-06-29T12:23:07.783+0000] {logging_mixin.py:188} INFO - [2024-06-29T12:23:07.783+0000] {dag.py:3954} INFO - Setting next_dagrun for example_params_ui_tutorial to None, run_after=None
[2024-06-29T12:23:07.792+0000] {processor.py:183} INFO - Processing /home/airflow/.local/lib/python3.12/site-packages/airflow/example_dags/example_params_ui_tutorial.py took 0.056 seconds
[2024-06-29T12:23:37.916+0000] {processor.py:161} INFO - Started process (PID=15379) to work on /home/airflow/.local/lib/python3.12/site-packages/airflow/example_dags/example_params_ui_tutorial.py
[2024-06-29T12:23:37.917+0000] {processor.py:830} INFO - Processing file /home/airflow/.local/lib/python3.12/site-packages/airflow/example_dags/example_params_ui_tutorial.py for tasks to queue
[2024-06-29T12:23:37.918+0000] {logging_mixin.py:188} INFO - [2024-06-29T12:23:37.917+0000] {dagbag.py:545} INFO - Filling up the DagBag from /home/airflow/.local/lib/python3.12/site-packages/airflow/example_dags/example_params_ui_tutorial.py
[2024-06-29T12:23:37.926+0000] {processor.py:840} INFO - DAG(s) 'example_params_ui_tutorial' retrieved from /home/airflow/.local/lib/python3.12/site-packages/airflow/example_dags/example_params_ui_tutorial.py
[2024-06-29T12:23:37.955+0000] {logging_mixin.py:188} INFO - [2024-06-29T12:23:37.955+0000] {dag.py:3096} INFO - Sync 1 DAGs
[2024-06-29T12:23:37.962+0000] {logging_mixin.py:188} INFO - [2024-06-29T12:23:37.962+0000] {dag.py:3954} INFO - Setting next_dagrun for example_params_ui_tutorial to None, run_after=None
[2024-06-29T12:23:37.971+0000] {processor.py:183} INFO - Processing /home/airflow/.local/lib/python3.12/site-packages/airflow/example_dags/example_params_ui_tutorial.py took 0.059 seconds
[2024-06-29T12:24:08.118+0000] {processor.py:161} INFO - Started process (PID=15642) to work on /home/airflow/.local/lib/python3.12/site-packages/airflow/example_dags/example_params_ui_tutorial.py
[2024-06-29T12:24:08.118+0000] {processor.py:830} INFO - Processing file /home/airflow/.local/lib/python3.12/site-packages/airflow/example_dags/example_params_ui_tutorial.py for tasks to queue
[2024-06-29T12:24:08.119+0000] {logging_mixin.py:188} INFO - [2024-06-29T12:24:08.119+0000] {dagbag.py:545} INFO - Filling up the DagBag from /home/airflow/.local/lib/python3.12/site-packages/airflow/example_dags/example_params_ui_tutorial.py
[2024-06-29T12:24:08.126+0000] {processor.py:840} INFO - DAG(s) 'example_params_ui_tutorial' retrieved from /home/airflow/.local/lib/python3.12/site-packages/airflow/example_dags/example_params_ui_tutorial.py
[2024-06-29T12:24:08.153+0000] {logging_mixin.py:188} INFO - [2024-06-29T12:24:08.152+0000] {dag.py:3096} INFO - Sync 1 DAGs
[2024-06-29T12:24:08.159+0000] {logging_mixin.py:188} INFO - [2024-06-29T12:24:08.159+0000] {dag.py:3954} INFO - Setting next_dagrun for example_params_ui_tutorial to None, run_after=None
[2024-06-29T12:24:08.168+0000] {processor.py:183} INFO - Processing /home/airflow/.local/lib/python3.12/site-packages/airflow/example_dags/example_params_ui_tutorial.py took 0.054 seconds
[2024-06-29T12:24:38.276+0000] {processor.py:161} INFO - Started process (PID=15905) to work on /home/airflow/.local/lib/python3.12/site-packages/airflow/example_dags/example_params_ui_tutorial.py
[2024-06-29T12:24:38.277+0000] {processor.py:830} INFO - Processing file /home/airflow/.local/lib/python3.12/site-packages/airflow/example_dags/example_params_ui_tutorial.py for tasks to queue
[2024-06-29T12:24:38.278+0000] {logging_mixin.py:188} INFO - [2024-06-29T12:24:38.278+0000] {dagbag.py:545} INFO - Filling up the DagBag from /home/airflow/.local/lib/python3.12/site-packages/airflow/example_dags/example_params_ui_tutorial.py
[2024-06-29T12:24:38.286+0000] {processor.py:840} INFO - DAG(s) 'example_params_ui_tutorial' retrieved from /home/airflow/.local/lib/python3.12/site-packages/airflow/example_dags/example_params_ui_tutorial.py
[2024-06-29T12:24:38.315+0000] {logging_mixin.py:188} INFO - [2024-06-29T12:24:38.315+0000] {dag.py:3096} INFO - Sync 1 DAGs
[2024-06-29T12:24:38.322+0000] {logging_mixin.py:188} INFO - [2024-06-29T12:24:38.322+0000] {dag.py:3954} INFO - Setting next_dagrun for example_params_ui_tutorial to None, run_after=None
[2024-06-29T12:24:38.331+0000] {processor.py:183} INFO - Processing /home/airflow/.local/lib/python3.12/site-packages/airflow/example_dags/example_params_ui_tutorial.py took 0.059 seconds
[2024-06-29T12:25:08.518+0000] {processor.py:161} INFO - Started process (PID=16167) to work on /home/airflow/.local/lib/python3.12/site-packages/airflow/example_dags/example_params_ui_tutorial.py
[2024-06-29T12:25:08.519+0000] {processor.py:830} INFO - Processing file /home/airflow/.local/lib/python3.12/site-packages/airflow/example_dags/example_params_ui_tutorial.py for tasks to queue
[2024-06-29T12:25:08.520+0000] {logging_mixin.py:188} INFO - [2024-06-29T12:25:08.520+0000] {dagbag.py:545} INFO - Filling up the DagBag from /home/airflow/.local/lib/python3.12/site-packages/airflow/example_dags/example_params_ui_tutorial.py
[2024-06-29T12:25:08.527+0000] {processor.py:840} INFO - DAG(s) 'example_params_ui_tutorial' retrieved from /home/airflow/.local/lib/python3.12/site-packages/airflow/example_dags/example_params_ui_tutorial.py
[2024-06-29T12:25:08.556+0000] {logging_mixin.py:188} INFO - [2024-06-29T12:25:08.556+0000] {dag.py:3096} INFO - Sync 1 DAGs
[2024-06-29T12:25:08.563+0000] {logging_mixin.py:188} INFO - [2024-06-29T12:25:08.563+0000] {dag.py:3954} INFO - Setting next_dagrun for example_params_ui_tutorial to None, run_after=None
[2024-06-29T12:25:08.573+0000] {processor.py:183} INFO - Processing /home/airflow/.local/lib/python3.12/site-packages/airflow/example_dags/example_params_ui_tutorial.py took 0.058 seconds
