[2024-06-29T11:54:21.192+0000] {processor.py:161} INFO - Started process (PID=360) to work on /home/airflow/.local/lib/python3.12/site-packages/airflow/example_dags/example_python_decorator.py
[2024-06-29T11:54:21.193+0000] {processor.py:830} INFO - Processing file /home/airflow/.local/lib/python3.12/site-packages/airflow/example_dags/example_python_decorator.py for tasks to queue
[2024-06-29T11:54:21.194+0000] {logging_mixin.py:188} INFO - [2024-06-29T11:54:21.194+0000] {dagbag.py:545} INFO - Filling up the DagBag from /home/airflow/.local/lib/python3.12/site-packages/airflow/example_dags/example_python_decorator.py
[2024-06-29T11:54:21.204+0000] {processor.py:840} INFO - DAG(s) 'example_python_decorator' retrieved from /home/airflow/.local/lib/python3.12/site-packages/airflow/example_dags/example_python_decorator.py
[2024-06-29T11:54:21.217+0000] {logging_mixin.py:188} INFO - [2024-06-29T11:54:21.217+0000] {dag.py:3096} INFO - Sync 1 DAGs
[2024-06-29T11:54:21.227+0000] {logging_mixin.py:188} INFO - [2024-06-29T11:54:21.227+0000] {dag.py:3954} INFO - Setting next_dagrun for example_python_decorator to None, run_after=None
[2024-06-29T11:54:21.241+0000] {processor.py:183} INFO - Processing /home/airflow/.local/lib/python3.12/site-packages/airflow/example_dags/example_python_decorator.py took 0.053 seconds
[2024-06-29T11:54:52.975+0000] {processor.py:161} INFO - Started process (PID=622) to work on /home/airflow/.local/lib/python3.12/site-packages/airflow/example_dags/example_python_decorator.py
[2024-06-29T11:54:52.976+0000] {processor.py:830} INFO - Processing file /home/airflow/.local/lib/python3.12/site-packages/airflow/example_dags/example_python_decorator.py for tasks to queue
[2024-06-29T11:54:52.977+0000] {logging_mixin.py:188} INFO - [2024-06-29T11:54:52.977+0000] {dagbag.py:545} INFO - Filling up the DagBag from /home/airflow/.local/lib/python3.12/site-packages/airflow/example_dags/example_python_decorator.py
[2024-06-29T11:54:52.984+0000] {processor.py:840} INFO - DAG(s) 'example_python_decorator' retrieved from /home/airflow/.local/lib/python3.12/site-packages/airflow/example_dags/example_python_decorator.py
[2024-06-29T11:54:53.035+0000] {logging_mixin.py:188} INFO - [2024-06-29T11:54:53.035+0000] {dag.py:3096} INFO - Sync 1 DAGs
[2024-06-29T11:54:53.040+0000] {logging_mixin.py:188} INFO - [2024-06-29T11:54:53.040+0000] {dag.py:3954} INFO - Setting next_dagrun for example_python_decorator to None, run_after=None
[2024-06-29T11:54:53.050+0000] {processor.py:183} INFO - Processing /home/airflow/.local/lib/python3.12/site-packages/airflow/example_dags/example_python_decorator.py took 0.078 seconds
[2024-06-29T11:55:23.131+0000] {processor.py:161} INFO - Started process (PID=884) to work on /home/airflow/.local/lib/python3.12/site-packages/airflow/example_dags/example_python_decorator.py
[2024-06-29T11:55:23.132+0000] {processor.py:830} INFO - Processing file /home/airflow/.local/lib/python3.12/site-packages/airflow/example_dags/example_python_decorator.py for tasks to queue
[2024-06-29T11:55:23.133+0000] {logging_mixin.py:188} INFO - [2024-06-29T11:55:23.133+0000] {dagbag.py:545} INFO - Filling up the DagBag from /home/airflow/.local/lib/python3.12/site-packages/airflow/example_dags/example_python_decorator.py
[2024-06-29T11:55:23.140+0000] {processor.py:840} INFO - DAG(s) 'example_python_decorator' retrieved from /home/airflow/.local/lib/python3.12/site-packages/airflow/example_dags/example_python_decorator.py
[2024-06-29T11:55:23.156+0000] {logging_mixin.py:188} INFO - [2024-06-29T11:55:23.156+0000] {dag.py:3096} INFO - Sync 1 DAGs
[2024-06-29T11:55:23.163+0000] {logging_mixin.py:188} INFO - [2024-06-29T11:55:23.163+0000] {dag.py:3954} INFO - Setting next_dagrun for example_python_decorator to None, run_after=None
[2024-06-29T11:55:23.176+0000] {processor.py:183} INFO - Processing /home/airflow/.local/lib/python3.12/site-packages/airflow/example_dags/example_python_decorator.py took 0.049 seconds
[2024-06-29T11:55:53.495+0000] {processor.py:161} INFO - Started process (PID=1146) to work on /home/airflow/.local/lib/python3.12/site-packages/airflow/example_dags/example_python_decorator.py
[2024-06-29T11:55:53.495+0000] {processor.py:830} INFO - Processing file /home/airflow/.local/lib/python3.12/site-packages/airflow/example_dags/example_python_decorator.py for tasks to queue
[2024-06-29T11:55:53.497+0000] {logging_mixin.py:188} INFO - [2024-06-29T11:55:53.496+0000] {dagbag.py:545} INFO - Filling up the DagBag from /home/airflow/.local/lib/python3.12/site-packages/airflow/example_dags/example_python_decorator.py
[2024-06-29T11:55:53.504+0000] {processor.py:840} INFO - DAG(s) 'example_python_decorator' retrieved from /home/airflow/.local/lib/python3.12/site-packages/airflow/example_dags/example_python_decorator.py
[2024-06-29T11:55:53.519+0000] {logging_mixin.py:188} INFO - [2024-06-29T11:55:53.519+0000] {dag.py:3096} INFO - Sync 1 DAGs
[2024-06-29T11:55:53.526+0000] {logging_mixin.py:188} INFO - [2024-06-29T11:55:53.526+0000] {dag.py:3954} INFO - Setting next_dagrun for example_python_decorator to None, run_after=None
[2024-06-29T11:55:53.536+0000] {processor.py:183} INFO - Processing /home/airflow/.local/lib/python3.12/site-packages/airflow/example_dags/example_python_decorator.py took 0.048 seconds
[2024-06-29T11:56:23.733+0000] {processor.py:161} INFO - Started process (PID=1409) to work on /home/airflow/.local/lib/python3.12/site-packages/airflow/example_dags/example_python_decorator.py
[2024-06-29T11:56:23.733+0000] {processor.py:830} INFO - Processing file /home/airflow/.local/lib/python3.12/site-packages/airflow/example_dags/example_python_decorator.py for tasks to queue
[2024-06-29T11:56:23.735+0000] {logging_mixin.py:188} INFO - [2024-06-29T11:56:23.734+0000] {dagbag.py:545} INFO - Filling up the DagBag from /home/airflow/.local/lib/python3.12/site-packages/airflow/example_dags/example_python_decorator.py
[2024-06-29T11:56:23.741+0000] {processor.py:840} INFO - DAG(s) 'example_python_decorator' retrieved from /home/airflow/.local/lib/python3.12/site-packages/airflow/example_dags/example_python_decorator.py
[2024-06-29T11:56:23.757+0000] {logging_mixin.py:188} INFO - [2024-06-29T11:56:23.757+0000] {dag.py:3096} INFO - Sync 1 DAGs
[2024-06-29T11:56:23.764+0000] {logging_mixin.py:188} INFO - [2024-06-29T11:56:23.764+0000] {dag.py:3954} INFO - Setting next_dagrun for example_python_decorator to None, run_after=None
[2024-06-29T11:56:23.774+0000] {processor.py:183} INFO - Processing /home/airflow/.local/lib/python3.12/site-packages/airflow/example_dags/example_python_decorator.py took 0.044 seconds
[2024-06-29T11:56:53.898+0000] {processor.py:161} INFO - Started process (PID=1671) to work on /home/airflow/.local/lib/python3.12/site-packages/airflow/example_dags/example_python_decorator.py
[2024-06-29T11:56:53.899+0000] {processor.py:830} INFO - Processing file /home/airflow/.local/lib/python3.12/site-packages/airflow/example_dags/example_python_decorator.py for tasks to queue
[2024-06-29T11:56:53.900+0000] {logging_mixin.py:188} INFO - [2024-06-29T11:56:53.900+0000] {dagbag.py:545} INFO - Filling up the DagBag from /home/airflow/.local/lib/python3.12/site-packages/airflow/example_dags/example_python_decorator.py
[2024-06-29T11:56:53.907+0000] {processor.py:840} INFO - DAG(s) 'example_python_decorator' retrieved from /home/airflow/.local/lib/python3.12/site-packages/airflow/example_dags/example_python_decorator.py
[2024-06-29T11:56:53.921+0000] {logging_mixin.py:188} INFO - [2024-06-29T11:56:53.921+0000] {dag.py:3096} INFO - Sync 1 DAGs
[2024-06-29T11:56:53.927+0000] {logging_mixin.py:188} INFO - [2024-06-29T11:56:53.927+0000] {dag.py:3954} INFO - Setting next_dagrun for example_python_decorator to None, run_after=None
[2024-06-29T11:56:53.937+0000] {processor.py:183} INFO - Processing /home/airflow/.local/lib/python3.12/site-packages/airflow/example_dags/example_python_decorator.py took 0.042 seconds
[2024-06-29T11:57:24.285+0000] {processor.py:161} INFO - Started process (PID=1933) to work on /home/airflow/.local/lib/python3.12/site-packages/airflow/example_dags/example_python_decorator.py
[2024-06-29T11:57:24.285+0000] {processor.py:830} INFO - Processing file /home/airflow/.local/lib/python3.12/site-packages/airflow/example_dags/example_python_decorator.py for tasks to queue
[2024-06-29T11:57:24.286+0000] {logging_mixin.py:188} INFO - [2024-06-29T11:57:24.286+0000] {dagbag.py:545} INFO - Filling up the DagBag from /home/airflow/.local/lib/python3.12/site-packages/airflow/example_dags/example_python_decorator.py
[2024-06-29T11:57:24.293+0000] {processor.py:840} INFO - DAG(s) 'example_python_decorator' retrieved from /home/airflow/.local/lib/python3.12/site-packages/airflow/example_dags/example_python_decorator.py
[2024-06-29T11:57:24.308+0000] {logging_mixin.py:188} INFO - [2024-06-29T11:57:24.308+0000] {dag.py:3096} INFO - Sync 1 DAGs
[2024-06-29T11:57:24.315+0000] {logging_mixin.py:188} INFO - [2024-06-29T11:57:24.315+0000] {dag.py:3954} INFO - Setting next_dagrun for example_python_decorator to None, run_after=None
[2024-06-29T11:57:24.325+0000] {processor.py:183} INFO - Processing /home/airflow/.local/lib/python3.12/site-packages/airflow/example_dags/example_python_decorator.py took 0.044 seconds
[2024-06-29T11:57:54.486+0000] {processor.py:161} INFO - Started process (PID=2195) to work on /home/airflow/.local/lib/python3.12/site-packages/airflow/example_dags/example_python_decorator.py
[2024-06-29T11:57:54.486+0000] {processor.py:830} INFO - Processing file /home/airflow/.local/lib/python3.12/site-packages/airflow/example_dags/example_python_decorator.py for tasks to queue
[2024-06-29T11:57:54.487+0000] {logging_mixin.py:188} INFO - [2024-06-29T11:57:54.487+0000] {dagbag.py:545} INFO - Filling up the DagBag from /home/airflow/.local/lib/python3.12/site-packages/airflow/example_dags/example_python_decorator.py
[2024-06-29T11:57:54.494+0000] {processor.py:840} INFO - DAG(s) 'example_python_decorator' retrieved from /home/airflow/.local/lib/python3.12/site-packages/airflow/example_dags/example_python_decorator.py
[2024-06-29T11:57:54.508+0000] {logging_mixin.py:188} INFO - [2024-06-29T11:57:54.508+0000] {dag.py:3096} INFO - Sync 1 DAGs
[2024-06-29T11:57:54.515+0000] {logging_mixin.py:188} INFO - [2024-06-29T11:57:54.515+0000] {dag.py:3954} INFO - Setting next_dagrun for example_python_decorator to None, run_after=None
[2024-06-29T11:57:54.525+0000] {processor.py:183} INFO - Processing /home/airflow/.local/lib/python3.12/site-packages/airflow/example_dags/example_python_decorator.py took 0.043 seconds
[2024-06-29T11:58:24.714+0000] {processor.py:161} INFO - Started process (PID=2457) to work on /home/airflow/.local/lib/python3.12/site-packages/airflow/example_dags/example_python_decorator.py
[2024-06-29T11:58:24.715+0000] {processor.py:830} INFO - Processing file /home/airflow/.local/lib/python3.12/site-packages/airflow/example_dags/example_python_decorator.py for tasks to queue
[2024-06-29T11:58:24.716+0000] {logging_mixin.py:188} INFO - [2024-06-29T11:58:24.716+0000] {dagbag.py:545} INFO - Filling up the DagBag from /home/airflow/.local/lib/python3.12/site-packages/airflow/example_dags/example_python_decorator.py
[2024-06-29T11:58:24.723+0000] {processor.py:840} INFO - DAG(s) 'example_python_decorator' retrieved from /home/airflow/.local/lib/python3.12/site-packages/airflow/example_dags/example_python_decorator.py
[2024-06-29T11:58:24.737+0000] {logging_mixin.py:188} INFO - [2024-06-29T11:58:24.737+0000] {dag.py:3096} INFO - Sync 1 DAGs
[2024-06-29T11:58:24.744+0000] {logging_mixin.py:188} INFO - [2024-06-29T11:58:24.744+0000] {dag.py:3954} INFO - Setting next_dagrun for example_python_decorator to None, run_after=None
[2024-06-29T11:58:24.753+0000] {processor.py:183} INFO - Processing /home/airflow/.local/lib/python3.12/site-packages/airflow/example_dags/example_python_decorator.py took 0.042 seconds
[2024-06-29T11:58:55.092+0000] {processor.py:161} INFO - Started process (PID=2721) to work on /home/airflow/.local/lib/python3.12/site-packages/airflow/example_dags/example_python_decorator.py
[2024-06-29T11:58:55.093+0000] {processor.py:830} INFO - Processing file /home/airflow/.local/lib/python3.12/site-packages/airflow/example_dags/example_python_decorator.py for tasks to queue
[2024-06-29T11:58:55.094+0000] {logging_mixin.py:188} INFO - [2024-06-29T11:58:55.094+0000] {dagbag.py:545} INFO - Filling up the DagBag from /home/airflow/.local/lib/python3.12/site-packages/airflow/example_dags/example_python_decorator.py
[2024-06-29T11:58:55.101+0000] {processor.py:840} INFO - DAG(s) 'example_python_decorator' retrieved from /home/airflow/.local/lib/python3.12/site-packages/airflow/example_dags/example_python_decorator.py
[2024-06-29T11:58:55.116+0000] {logging_mixin.py:188} INFO - [2024-06-29T11:58:55.115+0000] {dag.py:3096} INFO - Sync 1 DAGs
[2024-06-29T11:58:55.122+0000] {logging_mixin.py:188} INFO - [2024-06-29T11:58:55.122+0000] {dag.py:3954} INFO - Setting next_dagrun for example_python_decorator to None, run_after=None
[2024-06-29T11:58:55.130+0000] {processor.py:183} INFO - Processing /home/airflow/.local/lib/python3.12/site-packages/airflow/example_dags/example_python_decorator.py took 0.041 seconds
[2024-06-29T11:59:25.290+0000] {processor.py:161} INFO - Started process (PID=2981) to work on /home/airflow/.local/lib/python3.12/site-packages/airflow/example_dags/example_python_decorator.py
[2024-06-29T11:59:25.291+0000] {processor.py:830} INFO - Processing file /home/airflow/.local/lib/python3.12/site-packages/airflow/example_dags/example_python_decorator.py for tasks to queue
[2024-06-29T11:59:25.292+0000] {logging_mixin.py:188} INFO - [2024-06-29T11:59:25.292+0000] {dagbag.py:545} INFO - Filling up the DagBag from /home/airflow/.local/lib/python3.12/site-packages/airflow/example_dags/example_python_decorator.py
[2024-06-29T11:59:25.299+0000] {processor.py:840} INFO - DAG(s) 'example_python_decorator' retrieved from /home/airflow/.local/lib/python3.12/site-packages/airflow/example_dags/example_python_decorator.py
[2024-06-29T11:59:25.313+0000] {logging_mixin.py:188} INFO - [2024-06-29T11:59:25.313+0000] {dag.py:3096} INFO - Sync 1 DAGs
[2024-06-29T11:59:25.320+0000] {logging_mixin.py:188} INFO - [2024-06-29T11:59:25.319+0000] {dag.py:3954} INFO - Setting next_dagrun for example_python_decorator to None, run_after=None
[2024-06-29T11:59:25.329+0000] {processor.py:183} INFO - Processing /home/airflow/.local/lib/python3.12/site-packages/airflow/example_dags/example_python_decorator.py took 0.043 seconds
[2024-06-29T11:59:55.497+0000] {processor.py:161} INFO - Started process (PID=3243) to work on /home/airflow/.local/lib/python3.12/site-packages/airflow/example_dags/example_python_decorator.py
[2024-06-29T11:59:55.497+0000] {processor.py:830} INFO - Processing file /home/airflow/.local/lib/python3.12/site-packages/airflow/example_dags/example_python_decorator.py for tasks to queue
[2024-06-29T11:59:55.498+0000] {logging_mixin.py:188} INFO - [2024-06-29T11:59:55.498+0000] {dagbag.py:545} INFO - Filling up the DagBag from /home/airflow/.local/lib/python3.12/site-packages/airflow/example_dags/example_python_decorator.py
[2024-06-29T11:59:55.505+0000] {processor.py:840} INFO - DAG(s) 'example_python_decorator' retrieved from /home/airflow/.local/lib/python3.12/site-packages/airflow/example_dags/example_python_decorator.py
[2024-06-29T11:59:55.522+0000] {logging_mixin.py:188} INFO - [2024-06-29T11:59:55.522+0000] {dag.py:3096} INFO - Sync 1 DAGs
[2024-06-29T11:59:55.528+0000] {logging_mixin.py:188} INFO - [2024-06-29T11:59:55.528+0000] {dag.py:3954} INFO - Setting next_dagrun for example_python_decorator to None, run_after=None
[2024-06-29T11:59:55.538+0000] {processor.py:183} INFO - Processing /home/airflow/.local/lib/python3.12/site-packages/airflow/example_dags/example_python_decorator.py took 0.045 seconds
[2024-06-29T12:00:25.661+0000] {processor.py:161} INFO - Started process (PID=3505) to work on /home/airflow/.local/lib/python3.12/site-packages/airflow/example_dags/example_python_decorator.py
[2024-06-29T12:00:25.662+0000] {processor.py:830} INFO - Processing file /home/airflow/.local/lib/python3.12/site-packages/airflow/example_dags/example_python_decorator.py for tasks to queue
[2024-06-29T12:00:25.663+0000] {logging_mixin.py:188} INFO - [2024-06-29T12:00:25.663+0000] {dagbag.py:545} INFO - Filling up the DagBag from /home/airflow/.local/lib/python3.12/site-packages/airflow/example_dags/example_python_decorator.py
[2024-06-29T12:00:25.669+0000] {processor.py:840} INFO - DAG(s) 'example_python_decorator' retrieved from /home/airflow/.local/lib/python3.12/site-packages/airflow/example_dags/example_python_decorator.py
[2024-06-29T12:00:25.684+0000] {logging_mixin.py:188} INFO - [2024-06-29T12:00:25.684+0000] {dag.py:3096} INFO - Sync 1 DAGs
[2024-06-29T12:00:25.691+0000] {logging_mixin.py:188} INFO - [2024-06-29T12:00:25.691+0000] {dag.py:3954} INFO - Setting next_dagrun for example_python_decorator to None, run_after=None
[2024-06-29T12:00:25.700+0000] {processor.py:183} INFO - Processing /home/airflow/.local/lib/python3.12/site-packages/airflow/example_dags/example_python_decorator.py took 0.043 seconds
[2024-06-29T12:00:55.900+0000] {processor.py:161} INFO - Started process (PID=3767) to work on /home/airflow/.local/lib/python3.12/site-packages/airflow/example_dags/example_python_decorator.py
[2024-06-29T12:00:55.900+0000] {processor.py:830} INFO - Processing file /home/airflow/.local/lib/python3.12/site-packages/airflow/example_dags/example_python_decorator.py for tasks to queue
[2024-06-29T12:00:55.902+0000] {logging_mixin.py:188} INFO - [2024-06-29T12:00:55.901+0000] {dagbag.py:545} INFO - Filling up the DagBag from /home/airflow/.local/lib/python3.12/site-packages/airflow/example_dags/example_python_decorator.py
[2024-06-29T12:00:55.908+0000] {processor.py:840} INFO - DAG(s) 'example_python_decorator' retrieved from /home/airflow/.local/lib/python3.12/site-packages/airflow/example_dags/example_python_decorator.py
[2024-06-29T12:00:55.923+0000] {logging_mixin.py:188} INFO - [2024-06-29T12:00:55.922+0000] {dag.py:3096} INFO - Sync 1 DAGs
[2024-06-29T12:00:55.929+0000] {logging_mixin.py:188} INFO - [2024-06-29T12:00:55.929+0000] {dag.py:3954} INFO - Setting next_dagrun for example_python_decorator to None, run_after=None
[2024-06-29T12:00:55.939+0000] {processor.py:183} INFO - Processing /home/airflow/.local/lib/python3.12/site-packages/airflow/example_dags/example_python_decorator.py took 0.042 seconds
[2024-06-29T12:01:26.088+0000] {processor.py:161} INFO - Started process (PID=4029) to work on /home/airflow/.local/lib/python3.12/site-packages/airflow/example_dags/example_python_decorator.py
[2024-06-29T12:01:26.089+0000] {processor.py:830} INFO - Processing file /home/airflow/.local/lib/python3.12/site-packages/airflow/example_dags/example_python_decorator.py for tasks to queue
[2024-06-29T12:01:26.090+0000] {logging_mixin.py:188} INFO - [2024-06-29T12:01:26.090+0000] {dagbag.py:545} INFO - Filling up the DagBag from /home/airflow/.local/lib/python3.12/site-packages/airflow/example_dags/example_python_decorator.py
[2024-06-29T12:01:26.099+0000] {processor.py:840} INFO - DAG(s) 'example_python_decorator' retrieved from /home/airflow/.local/lib/python3.12/site-packages/airflow/example_dags/example_python_decorator.py
[2024-06-29T12:01:26.116+0000] {logging_mixin.py:188} INFO - [2024-06-29T12:01:26.116+0000] {dag.py:3096} INFO - Sync 1 DAGs
[2024-06-29T12:01:26.124+0000] {logging_mixin.py:188} INFO - [2024-06-29T12:01:26.124+0000] {dag.py:3954} INFO - Setting next_dagrun for example_python_decorator to None, run_after=None
[2024-06-29T12:01:26.137+0000] {processor.py:183} INFO - Processing /home/airflow/.local/lib/python3.12/site-packages/airflow/example_dags/example_python_decorator.py took 0.053 seconds
[2024-06-29T12:01:56.372+0000] {processor.py:161} INFO - Started process (PID=4291) to work on /home/airflow/.local/lib/python3.12/site-packages/airflow/example_dags/example_python_decorator.py
[2024-06-29T12:01:56.372+0000] {processor.py:830} INFO - Processing file /home/airflow/.local/lib/python3.12/site-packages/airflow/example_dags/example_python_decorator.py for tasks to queue
[2024-06-29T12:01:56.374+0000] {logging_mixin.py:188} INFO - [2024-06-29T12:01:56.373+0000] {dagbag.py:545} INFO - Filling up the DagBag from /home/airflow/.local/lib/python3.12/site-packages/airflow/example_dags/example_python_decorator.py
[2024-06-29T12:01:56.380+0000] {processor.py:840} INFO - DAG(s) 'example_python_decorator' retrieved from /home/airflow/.local/lib/python3.12/site-packages/airflow/example_dags/example_python_decorator.py
[2024-06-29T12:01:56.397+0000] {logging_mixin.py:188} INFO - [2024-06-29T12:01:56.397+0000] {dag.py:3096} INFO - Sync 1 DAGs
[2024-06-29T12:01:56.404+0000] {logging_mixin.py:188} INFO - [2024-06-29T12:01:56.404+0000] {dag.py:3954} INFO - Setting next_dagrun for example_python_decorator to None, run_after=None
[2024-06-29T12:01:56.413+0000] {processor.py:183} INFO - Processing /home/airflow/.local/lib/python3.12/site-packages/airflow/example_dags/example_python_decorator.py took 0.045 seconds
[2024-06-29T12:02:26.603+0000] {processor.py:161} INFO - Started process (PID=4553) to work on /home/airflow/.local/lib/python3.12/site-packages/airflow/example_dags/example_python_decorator.py
[2024-06-29T12:02:26.603+0000] {processor.py:830} INFO - Processing file /home/airflow/.local/lib/python3.12/site-packages/airflow/example_dags/example_python_decorator.py for tasks to queue
[2024-06-29T12:02:26.604+0000] {logging_mixin.py:188} INFO - [2024-06-29T12:02:26.604+0000] {dagbag.py:545} INFO - Filling up the DagBag from /home/airflow/.local/lib/python3.12/site-packages/airflow/example_dags/example_python_decorator.py
[2024-06-29T12:02:26.611+0000] {processor.py:840} INFO - DAG(s) 'example_python_decorator' retrieved from /home/airflow/.local/lib/python3.12/site-packages/airflow/example_dags/example_python_decorator.py
[2024-06-29T12:02:26.626+0000] {logging_mixin.py:188} INFO - [2024-06-29T12:02:26.626+0000] {dag.py:3096} INFO - Sync 1 DAGs
[2024-06-29T12:02:26.632+0000] {logging_mixin.py:188} INFO - [2024-06-29T12:02:26.632+0000] {dag.py:3954} INFO - Setting next_dagrun for example_python_decorator to None, run_after=None
[2024-06-29T12:02:26.641+0000] {processor.py:183} INFO - Processing /home/airflow/.local/lib/python3.12/site-packages/airflow/example_dags/example_python_decorator.py took 0.042 seconds
[2024-06-29T12:02:56.985+0000] {processor.py:161} INFO - Started process (PID=4815) to work on /home/airflow/.local/lib/python3.12/site-packages/airflow/example_dags/example_python_decorator.py
[2024-06-29T12:02:56.986+0000] {processor.py:830} INFO - Processing file /home/airflow/.local/lib/python3.12/site-packages/airflow/example_dags/example_python_decorator.py for tasks to queue
[2024-06-29T12:02:56.987+0000] {logging_mixin.py:188} INFO - [2024-06-29T12:02:56.987+0000] {dagbag.py:545} INFO - Filling up the DagBag from /home/airflow/.local/lib/python3.12/site-packages/airflow/example_dags/example_python_decorator.py
[2024-06-29T12:02:56.994+0000] {processor.py:840} INFO - DAG(s) 'example_python_decorator' retrieved from /home/airflow/.local/lib/python3.12/site-packages/airflow/example_dags/example_python_decorator.py
[2024-06-29T12:02:57.008+0000] {logging_mixin.py:188} INFO - [2024-06-29T12:02:57.008+0000] {dag.py:3096} INFO - Sync 1 DAGs
[2024-06-29T12:02:57.015+0000] {logging_mixin.py:188} INFO - [2024-06-29T12:02:57.015+0000] {dag.py:3954} INFO - Setting next_dagrun for example_python_decorator to None, run_after=None
[2024-06-29T12:02:57.024+0000] {processor.py:183} INFO - Processing /home/airflow/.local/lib/python3.12/site-packages/airflow/example_dags/example_python_decorator.py took 0.042 seconds
[2024-06-29T12:03:27.321+0000] {processor.py:161} INFO - Started process (PID=5085) to work on /home/airflow/.local/lib/python3.12/site-packages/airflow/example_dags/example_python_decorator.py
[2024-06-29T12:03:27.321+0000] {processor.py:830} INFO - Processing file /home/airflow/.local/lib/python3.12/site-packages/airflow/example_dags/example_python_decorator.py for tasks to queue
[2024-06-29T12:03:27.322+0000] {logging_mixin.py:188} INFO - [2024-06-29T12:03:27.322+0000] {dagbag.py:545} INFO - Filling up the DagBag from /home/airflow/.local/lib/python3.12/site-packages/airflow/example_dags/example_python_decorator.py
[2024-06-29T12:03:27.329+0000] {processor.py:840} INFO - DAG(s) 'example_python_decorator' retrieved from /home/airflow/.local/lib/python3.12/site-packages/airflow/example_dags/example_python_decorator.py
[2024-06-29T12:03:27.343+0000] {logging_mixin.py:188} INFO - [2024-06-29T12:03:27.343+0000] {dag.py:3096} INFO - Sync 1 DAGs
[2024-06-29T12:03:27.349+0000] {logging_mixin.py:188} INFO - [2024-06-29T12:03:27.349+0000] {dag.py:3954} INFO - Setting next_dagrun for example_python_decorator to None, run_after=None
[2024-06-29T12:03:27.358+0000] {processor.py:183} INFO - Processing /home/airflow/.local/lib/python3.12/site-packages/airflow/example_dags/example_python_decorator.py took 0.040 seconds
[2024-06-29T12:03:57.427+0000] {processor.py:161} INFO - Started process (PID=5347) to work on /home/airflow/.local/lib/python3.12/site-packages/airflow/example_dags/example_python_decorator.py
[2024-06-29T12:03:57.428+0000] {processor.py:830} INFO - Processing file /home/airflow/.local/lib/python3.12/site-packages/airflow/example_dags/example_python_decorator.py for tasks to queue
[2024-06-29T12:03:57.429+0000] {logging_mixin.py:188} INFO - [2024-06-29T12:03:57.429+0000] {dagbag.py:545} INFO - Filling up the DagBag from /home/airflow/.local/lib/python3.12/site-packages/airflow/example_dags/example_python_decorator.py
[2024-06-29T12:03:57.436+0000] {processor.py:840} INFO - DAG(s) 'example_python_decorator' retrieved from /home/airflow/.local/lib/python3.12/site-packages/airflow/example_dags/example_python_decorator.py
[2024-06-29T12:03:57.450+0000] {logging_mixin.py:188} INFO - [2024-06-29T12:03:57.450+0000] {dag.py:3096} INFO - Sync 1 DAGs
[2024-06-29T12:03:57.457+0000] {logging_mixin.py:188} INFO - [2024-06-29T12:03:57.457+0000] {dag.py:3954} INFO - Setting next_dagrun for example_python_decorator to None, run_after=None
[2024-06-29T12:03:57.466+0000] {processor.py:183} INFO - Processing /home/airflow/.local/lib/python3.12/site-packages/airflow/example_dags/example_python_decorator.py took 0.043 seconds
[2024-06-29T12:04:27.804+0000] {processor.py:161} INFO - Started process (PID=5611) to work on /home/airflow/.local/lib/python3.12/site-packages/airflow/example_dags/example_python_decorator.py
[2024-06-29T12:04:27.804+0000] {processor.py:830} INFO - Processing file /home/airflow/.local/lib/python3.12/site-packages/airflow/example_dags/example_python_decorator.py for tasks to queue
[2024-06-29T12:04:27.806+0000] {logging_mixin.py:188} INFO - [2024-06-29T12:04:27.805+0000] {dagbag.py:545} INFO - Filling up the DagBag from /home/airflow/.local/lib/python3.12/site-packages/airflow/example_dags/example_python_decorator.py
[2024-06-29T12:04:27.812+0000] {processor.py:840} INFO - DAG(s) 'example_python_decorator' retrieved from /home/airflow/.local/lib/python3.12/site-packages/airflow/example_dags/example_python_decorator.py
[2024-06-29T12:04:27.826+0000] {logging_mixin.py:188} INFO - [2024-06-29T12:04:27.826+0000] {dag.py:3096} INFO - Sync 1 DAGs
[2024-06-29T12:04:27.832+0000] {logging_mixin.py:188} INFO - [2024-06-29T12:04:27.832+0000] {dag.py:3954} INFO - Setting next_dagrun for example_python_decorator to None, run_after=None
[2024-06-29T12:04:27.841+0000] {processor.py:183} INFO - Processing /home/airflow/.local/lib/python3.12/site-packages/airflow/example_dags/example_python_decorator.py took 0.041 seconds
[2024-06-29T12:04:58.176+0000] {processor.py:161} INFO - Started process (PID=5871) to work on /home/airflow/.local/lib/python3.12/site-packages/airflow/example_dags/example_python_decorator.py
[2024-06-29T12:04:58.177+0000] {processor.py:830} INFO - Processing file /home/airflow/.local/lib/python3.12/site-packages/airflow/example_dags/example_python_decorator.py for tasks to queue
[2024-06-29T12:04:58.178+0000] {logging_mixin.py:188} INFO - [2024-06-29T12:04:58.177+0000] {dagbag.py:545} INFO - Filling up the DagBag from /home/airflow/.local/lib/python3.12/site-packages/airflow/example_dags/example_python_decorator.py
[2024-06-29T12:04:58.184+0000] {processor.py:840} INFO - DAG(s) 'example_python_decorator' retrieved from /home/airflow/.local/lib/python3.12/site-packages/airflow/example_dags/example_python_decorator.py
[2024-06-29T12:04:58.199+0000] {logging_mixin.py:188} INFO - [2024-06-29T12:04:58.199+0000] {dag.py:3096} INFO - Sync 1 DAGs
[2024-06-29T12:04:58.205+0000] {logging_mixin.py:188} INFO - [2024-06-29T12:04:58.205+0000] {dag.py:3954} INFO - Setting next_dagrun for example_python_decorator to None, run_after=None
[2024-06-29T12:04:58.213+0000] {processor.py:183} INFO - Processing /home/airflow/.local/lib/python3.12/site-packages/airflow/example_dags/example_python_decorator.py took 0.041 seconds
[2024-06-29T12:05:28.246+0000] {processor.py:161} INFO - Started process (PID=6133) to work on /home/airflow/.local/lib/python3.12/site-packages/airflow/example_dags/example_python_decorator.py
[2024-06-29T12:05:28.247+0000] {processor.py:830} INFO - Processing file /home/airflow/.local/lib/python3.12/site-packages/airflow/example_dags/example_python_decorator.py for tasks to queue
[2024-06-29T12:05:28.248+0000] {logging_mixin.py:188} INFO - [2024-06-29T12:05:28.248+0000] {dagbag.py:545} INFO - Filling up the DagBag from /home/airflow/.local/lib/python3.12/site-packages/airflow/example_dags/example_python_decorator.py
[2024-06-29T12:05:28.254+0000] {processor.py:840} INFO - DAG(s) 'example_python_decorator' retrieved from /home/airflow/.local/lib/python3.12/site-packages/airflow/example_dags/example_python_decorator.py
[2024-06-29T12:05:28.269+0000] {logging_mixin.py:188} INFO - [2024-06-29T12:05:28.269+0000] {dag.py:3096} INFO - Sync 1 DAGs
[2024-06-29T12:05:28.275+0000] {logging_mixin.py:188} INFO - [2024-06-29T12:05:28.275+0000] {dag.py:3954} INFO - Setting next_dagrun for example_python_decorator to None, run_after=None
[2024-06-29T12:05:28.283+0000] {processor.py:183} INFO - Processing /home/airflow/.local/lib/python3.12/site-packages/airflow/example_dags/example_python_decorator.py took 0.040 seconds
[2024-06-29T12:05:58.528+0000] {processor.py:161} INFO - Started process (PID=6395) to work on /home/airflow/.local/lib/python3.12/site-packages/airflow/example_dags/example_python_decorator.py
[2024-06-29T12:05:58.529+0000] {processor.py:830} INFO - Processing file /home/airflow/.local/lib/python3.12/site-packages/airflow/example_dags/example_python_decorator.py for tasks to queue
[2024-06-29T12:05:58.530+0000] {logging_mixin.py:188} INFO - [2024-06-29T12:05:58.530+0000] {dagbag.py:545} INFO - Filling up the DagBag from /home/airflow/.local/lib/python3.12/site-packages/airflow/example_dags/example_python_decorator.py
[2024-06-29T12:05:58.537+0000] {processor.py:840} INFO - DAG(s) 'example_python_decorator' retrieved from /home/airflow/.local/lib/python3.12/site-packages/airflow/example_dags/example_python_decorator.py
[2024-06-29T12:05:58.551+0000] {logging_mixin.py:188} INFO - [2024-06-29T12:05:58.551+0000] {dag.py:3096} INFO - Sync 1 DAGs
[2024-06-29T12:05:58.557+0000] {logging_mixin.py:188} INFO - [2024-06-29T12:05:58.557+0000] {dag.py:3954} INFO - Setting next_dagrun for example_python_decorator to None, run_after=None
[2024-06-29T12:05:58.567+0000] {processor.py:183} INFO - Processing /home/airflow/.local/lib/python3.12/site-packages/airflow/example_dags/example_python_decorator.py took 0.042 seconds
[2024-06-29T12:06:28.783+0000] {processor.py:161} INFO - Started process (PID=6657) to work on /home/airflow/.local/lib/python3.12/site-packages/airflow/example_dags/example_python_decorator.py
[2024-06-29T12:06:28.783+0000] {processor.py:830} INFO - Processing file /home/airflow/.local/lib/python3.12/site-packages/airflow/example_dags/example_python_decorator.py for tasks to queue
[2024-06-29T12:06:28.784+0000] {logging_mixin.py:188} INFO - [2024-06-29T12:06:28.784+0000] {dagbag.py:545} INFO - Filling up the DagBag from /home/airflow/.local/lib/python3.12/site-packages/airflow/example_dags/example_python_decorator.py
[2024-06-29T12:06:28.791+0000] {processor.py:840} INFO - DAG(s) 'example_python_decorator' retrieved from /home/airflow/.local/lib/python3.12/site-packages/airflow/example_dags/example_python_decorator.py
[2024-06-29T12:06:28.805+0000] {logging_mixin.py:188} INFO - [2024-06-29T12:06:28.805+0000] {dag.py:3096} INFO - Sync 1 DAGs
[2024-06-29T12:06:28.812+0000] {logging_mixin.py:188} INFO - [2024-06-29T12:06:28.812+0000] {dag.py:3954} INFO - Setting next_dagrun for example_python_decorator to None, run_after=None
[2024-06-29T12:06:28.821+0000] {processor.py:183} INFO - Processing /home/airflow/.local/lib/python3.12/site-packages/airflow/example_dags/example_python_decorator.py took 0.042 seconds
[2024-06-29T12:06:58.996+0000] {processor.py:161} INFO - Started process (PID=6920) to work on /home/airflow/.local/lib/python3.12/site-packages/airflow/example_dags/example_python_decorator.py
[2024-06-29T12:06:58.997+0000] {processor.py:830} INFO - Processing file /home/airflow/.local/lib/python3.12/site-packages/airflow/example_dags/example_python_decorator.py for tasks to queue
[2024-06-29T12:06:58.998+0000] {logging_mixin.py:188} INFO - [2024-06-29T12:06:58.998+0000] {dagbag.py:545} INFO - Filling up the DagBag from /home/airflow/.local/lib/python3.12/site-packages/airflow/example_dags/example_python_decorator.py
[2024-06-29T12:06:59.005+0000] {processor.py:840} INFO - DAG(s) 'example_python_decorator' retrieved from /home/airflow/.local/lib/python3.12/site-packages/airflow/example_dags/example_python_decorator.py
[2024-06-29T12:06:59.019+0000] {logging_mixin.py:188} INFO - [2024-06-29T12:06:59.019+0000] {dag.py:3096} INFO - Sync 1 DAGs
[2024-06-29T12:06:59.026+0000] {logging_mixin.py:188} INFO - [2024-06-29T12:06:59.026+0000] {dag.py:3954} INFO - Setting next_dagrun for example_python_decorator to None, run_after=None
[2024-06-29T12:06:59.035+0000] {processor.py:183} INFO - Processing /home/airflow/.local/lib/python3.12/site-packages/airflow/example_dags/example_python_decorator.py took 0.043 seconds
[2024-06-29T12:07:29.209+0000] {processor.py:161} INFO - Started process (PID=7182) to work on /home/airflow/.local/lib/python3.12/site-packages/airflow/example_dags/example_python_decorator.py
[2024-06-29T12:07:29.210+0000] {processor.py:830} INFO - Processing file /home/airflow/.local/lib/python3.12/site-packages/airflow/example_dags/example_python_decorator.py for tasks to queue
[2024-06-29T12:07:29.211+0000] {logging_mixin.py:188} INFO - [2024-06-29T12:07:29.211+0000] {dagbag.py:545} INFO - Filling up the DagBag from /home/airflow/.local/lib/python3.12/site-packages/airflow/example_dags/example_python_decorator.py
[2024-06-29T12:07:29.218+0000] {processor.py:840} INFO - DAG(s) 'example_python_decorator' retrieved from /home/airflow/.local/lib/python3.12/site-packages/airflow/example_dags/example_python_decorator.py
[2024-06-29T12:07:29.232+0000] {logging_mixin.py:188} INFO - [2024-06-29T12:07:29.232+0000] {dag.py:3096} INFO - Sync 1 DAGs
[2024-06-29T12:07:29.239+0000] {logging_mixin.py:188} INFO - [2024-06-29T12:07:29.239+0000] {dag.py:3954} INFO - Setting next_dagrun for example_python_decorator to None, run_after=None
[2024-06-29T12:07:29.248+0000] {processor.py:183} INFO - Processing /home/airflow/.local/lib/python3.12/site-packages/airflow/example_dags/example_python_decorator.py took 0.042 seconds
[2024-06-29T12:07:59.367+0000] {processor.py:161} INFO - Started process (PID=7444) to work on /home/airflow/.local/lib/python3.12/site-packages/airflow/example_dags/example_python_decorator.py
[2024-06-29T12:07:59.368+0000] {processor.py:830} INFO - Processing file /home/airflow/.local/lib/python3.12/site-packages/airflow/example_dags/example_python_decorator.py for tasks to queue
[2024-06-29T12:07:59.369+0000] {logging_mixin.py:188} INFO - [2024-06-29T12:07:59.369+0000] {dagbag.py:545} INFO - Filling up the DagBag from /home/airflow/.local/lib/python3.12/site-packages/airflow/example_dags/example_python_decorator.py
[2024-06-29T12:07:59.376+0000] {processor.py:840} INFO - DAG(s) 'example_python_decorator' retrieved from /home/airflow/.local/lib/python3.12/site-packages/airflow/example_dags/example_python_decorator.py
[2024-06-29T12:07:59.390+0000] {logging_mixin.py:188} INFO - [2024-06-29T12:07:59.390+0000] {dag.py:3096} INFO - Sync 1 DAGs
[2024-06-29T12:07:59.397+0000] {logging_mixin.py:188} INFO - [2024-06-29T12:07:59.397+0000] {dag.py:3954} INFO - Setting next_dagrun for example_python_decorator to None, run_after=None
[2024-06-29T12:07:59.406+0000] {processor.py:183} INFO - Processing /home/airflow/.local/lib/python3.12/site-packages/airflow/example_dags/example_python_decorator.py took 0.042 seconds
[2024-06-29T12:08:29.563+0000] {processor.py:161} INFO - Started process (PID=7707) to work on /home/airflow/.local/lib/python3.12/site-packages/airflow/example_dags/example_python_decorator.py
[2024-06-29T12:08:29.563+0000] {processor.py:830} INFO - Processing file /home/airflow/.local/lib/python3.12/site-packages/airflow/example_dags/example_python_decorator.py for tasks to queue
[2024-06-29T12:08:29.564+0000] {logging_mixin.py:188} INFO - [2024-06-29T12:08:29.564+0000] {dagbag.py:545} INFO - Filling up the DagBag from /home/airflow/.local/lib/python3.12/site-packages/airflow/example_dags/example_python_decorator.py
[2024-06-29T12:08:29.571+0000] {processor.py:840} INFO - DAG(s) 'example_python_decorator' retrieved from /home/airflow/.local/lib/python3.12/site-packages/airflow/example_dags/example_python_decorator.py
[2024-06-29T12:08:29.586+0000] {logging_mixin.py:188} INFO - [2024-06-29T12:08:29.586+0000] {dag.py:3096} INFO - Sync 1 DAGs
[2024-06-29T12:08:29.592+0000] {logging_mixin.py:188} INFO - [2024-06-29T12:08:29.592+0000] {dag.py:3954} INFO - Setting next_dagrun for example_python_decorator to None, run_after=None
[2024-06-29T12:08:29.601+0000] {processor.py:183} INFO - Processing /home/airflow/.local/lib/python3.12/site-packages/airflow/example_dags/example_python_decorator.py took 0.042 seconds
[2024-06-29T12:08:59.829+0000] {processor.py:161} INFO - Started process (PID=7970) to work on /home/airflow/.local/lib/python3.12/site-packages/airflow/example_dags/example_python_decorator.py
[2024-06-29T12:08:59.830+0000] {processor.py:830} INFO - Processing file /home/airflow/.local/lib/python3.12/site-packages/airflow/example_dags/example_python_decorator.py for tasks to queue
[2024-06-29T12:08:59.831+0000] {logging_mixin.py:188} INFO - [2024-06-29T12:08:59.831+0000] {dagbag.py:545} INFO - Filling up the DagBag from /home/airflow/.local/lib/python3.12/site-packages/airflow/example_dags/example_python_decorator.py
[2024-06-29T12:08:59.838+0000] {processor.py:840} INFO - DAG(s) 'example_python_decorator' retrieved from /home/airflow/.local/lib/python3.12/site-packages/airflow/example_dags/example_python_decorator.py
[2024-06-29T12:08:59.852+0000] {logging_mixin.py:188} INFO - [2024-06-29T12:08:59.852+0000] {dag.py:3096} INFO - Sync 1 DAGs
[2024-06-29T12:08:59.859+0000] {logging_mixin.py:188} INFO - [2024-06-29T12:08:59.859+0000] {dag.py:3954} INFO - Setting next_dagrun for example_python_decorator to None, run_after=None
[2024-06-29T12:08:59.869+0000] {processor.py:183} INFO - Processing /home/airflow/.local/lib/python3.12/site-packages/airflow/example_dags/example_python_decorator.py took 0.044 seconds
[2024-06-29T12:09:30.217+0000] {processor.py:161} INFO - Started process (PID=8234) to work on /home/airflow/.local/lib/python3.12/site-packages/airflow/example_dags/example_python_decorator.py
[2024-06-29T12:09:30.218+0000] {processor.py:830} INFO - Processing file /home/airflow/.local/lib/python3.12/site-packages/airflow/example_dags/example_python_decorator.py for tasks to queue
[2024-06-29T12:09:30.219+0000] {logging_mixin.py:188} INFO - [2024-06-29T12:09:30.219+0000] {dagbag.py:545} INFO - Filling up the DagBag from /home/airflow/.local/lib/python3.12/site-packages/airflow/example_dags/example_python_decorator.py
[2024-06-29T12:09:30.226+0000] {processor.py:840} INFO - DAG(s) 'example_python_decorator' retrieved from /home/airflow/.local/lib/python3.12/site-packages/airflow/example_dags/example_python_decorator.py
[2024-06-29T12:09:30.240+0000] {logging_mixin.py:188} INFO - [2024-06-29T12:09:30.240+0000] {dag.py:3096} INFO - Sync 1 DAGs
[2024-06-29T12:09:30.247+0000] {logging_mixin.py:188} INFO - [2024-06-29T12:09:30.246+0000] {dag.py:3954} INFO - Setting next_dagrun for example_python_decorator to None, run_after=None
[2024-06-29T12:09:30.256+0000] {processor.py:183} INFO - Processing /home/airflow/.local/lib/python3.12/site-packages/airflow/example_dags/example_python_decorator.py took 0.042 seconds
[2024-06-29T12:10:00.848+0000] {processor.py:161} INFO - Started process (PID=8494) to work on /home/airflow/.local/lib/python3.12/site-packages/airflow/example_dags/example_python_decorator.py
[2024-06-29T12:10:00.849+0000] {processor.py:830} INFO - Processing file /home/airflow/.local/lib/python3.12/site-packages/airflow/example_dags/example_python_decorator.py for tasks to queue
[2024-06-29T12:10:00.850+0000] {logging_mixin.py:188} INFO - [2024-06-29T12:10:00.850+0000] {dagbag.py:545} INFO - Filling up the DagBag from /home/airflow/.local/lib/python3.12/site-packages/airflow/example_dags/example_python_decorator.py
[2024-06-29T12:10:00.857+0000] {processor.py:840} INFO - DAG(s) 'example_python_decorator' retrieved from /home/airflow/.local/lib/python3.12/site-packages/airflow/example_dags/example_python_decorator.py
[2024-06-29T12:10:00.873+0000] {logging_mixin.py:188} INFO - [2024-06-29T12:10:00.873+0000] {dag.py:3096} INFO - Sync 1 DAGs
[2024-06-29T12:10:00.880+0000] {logging_mixin.py:188} INFO - [2024-06-29T12:10:00.880+0000] {dag.py:3954} INFO - Setting next_dagrun for example_python_decorator to None, run_after=None
[2024-06-29T12:10:00.987+0000] {processor.py:183} INFO - Processing /home/airflow/.local/lib/python3.12/site-packages/airflow/example_dags/example_python_decorator.py took 0.142 seconds
[2024-06-29T12:10:31.593+0000] {processor.py:161} INFO - Started process (PID=8756) to work on /home/airflow/.local/lib/python3.12/site-packages/airflow/example_dags/example_python_decorator.py
[2024-06-29T12:10:31.594+0000] {processor.py:830} INFO - Processing file /home/airflow/.local/lib/python3.12/site-packages/airflow/example_dags/example_python_decorator.py for tasks to queue
[2024-06-29T12:10:31.595+0000] {logging_mixin.py:188} INFO - [2024-06-29T12:10:31.595+0000] {dagbag.py:545} INFO - Filling up the DagBag from /home/airflow/.local/lib/python3.12/site-packages/airflow/example_dags/example_python_decorator.py
[2024-06-29T12:10:31.601+0000] {processor.py:840} INFO - DAG(s) 'example_python_decorator' retrieved from /home/airflow/.local/lib/python3.12/site-packages/airflow/example_dags/example_python_decorator.py
[2024-06-29T12:10:31.616+0000] {logging_mixin.py:188} INFO - [2024-06-29T12:10:31.616+0000] {dag.py:3096} INFO - Sync 1 DAGs
[2024-06-29T12:10:31.623+0000] {logging_mixin.py:188} INFO - [2024-06-29T12:10:31.623+0000] {dag.py:3954} INFO - Setting next_dagrun for example_python_decorator to None, run_after=None
[2024-06-29T12:10:31.722+0000] {processor.py:183} INFO - Processing /home/airflow/.local/lib/python3.12/site-packages/airflow/example_dags/example_python_decorator.py took 0.133 seconds
[2024-06-29T12:11:02.203+0000] {processor.py:161} INFO - Started process (PID=9018) to work on /home/airflow/.local/lib/python3.12/site-packages/airflow/example_dags/example_python_decorator.py
[2024-06-29T12:11:02.203+0000] {processor.py:830} INFO - Processing file /home/airflow/.local/lib/python3.12/site-packages/airflow/example_dags/example_python_decorator.py for tasks to queue
[2024-06-29T12:11:02.205+0000] {logging_mixin.py:188} INFO - [2024-06-29T12:11:02.204+0000] {dagbag.py:545} INFO - Filling up the DagBag from /home/airflow/.local/lib/python3.12/site-packages/airflow/example_dags/example_python_decorator.py
[2024-06-29T12:11:02.212+0000] {processor.py:840} INFO - DAG(s) 'example_python_decorator' retrieved from /home/airflow/.local/lib/python3.12/site-packages/airflow/example_dags/example_python_decorator.py
[2024-06-29T12:11:02.226+0000] {logging_mixin.py:188} INFO - [2024-06-29T12:11:02.226+0000] {dag.py:3096} INFO - Sync 1 DAGs
[2024-06-29T12:11:02.233+0000] {logging_mixin.py:188} INFO - [2024-06-29T12:11:02.233+0000] {dag.py:3954} INFO - Setting next_dagrun for example_python_decorator to None, run_after=None
[2024-06-29T12:11:02.242+0000] {processor.py:183} INFO - Processing /home/airflow/.local/lib/python3.12/site-packages/airflow/example_dags/example_python_decorator.py took 0.043 seconds
[2024-06-29T12:11:32.756+0000] {processor.py:161} INFO - Started process (PID=9280) to work on /home/airflow/.local/lib/python3.12/site-packages/airflow/example_dags/example_python_decorator.py
[2024-06-29T12:11:32.757+0000] {processor.py:830} INFO - Processing file /home/airflow/.local/lib/python3.12/site-packages/airflow/example_dags/example_python_decorator.py for tasks to queue
[2024-06-29T12:11:32.758+0000] {logging_mixin.py:188} INFO - [2024-06-29T12:11:32.758+0000] {dagbag.py:545} INFO - Filling up the DagBag from /home/airflow/.local/lib/python3.12/site-packages/airflow/example_dags/example_python_decorator.py
[2024-06-29T12:11:32.765+0000] {processor.py:840} INFO - DAG(s) 'example_python_decorator' retrieved from /home/airflow/.local/lib/python3.12/site-packages/airflow/example_dags/example_python_decorator.py
[2024-06-29T12:11:32.781+0000] {logging_mixin.py:188} INFO - [2024-06-29T12:11:32.781+0000] {dag.py:3096} INFO - Sync 1 DAGs
[2024-06-29T12:11:32.788+0000] {logging_mixin.py:188} INFO - [2024-06-29T12:11:32.788+0000] {dag.py:3954} INFO - Setting next_dagrun for example_python_decorator to None, run_after=None
[2024-06-29T12:11:32.897+0000] {processor.py:183} INFO - Processing /home/airflow/.local/lib/python3.12/site-packages/airflow/example_dags/example_python_decorator.py took 0.145 seconds
[2024-06-29T12:12:03.140+0000] {processor.py:161} INFO - Started process (PID=9542) to work on /home/airflow/.local/lib/python3.12/site-packages/airflow/example_dags/example_python_decorator.py
[2024-06-29T12:12:03.141+0000] {processor.py:830} INFO - Processing file /home/airflow/.local/lib/python3.12/site-packages/airflow/example_dags/example_python_decorator.py for tasks to queue
[2024-06-29T12:12:03.142+0000] {logging_mixin.py:188} INFO - [2024-06-29T12:12:03.142+0000] {dagbag.py:545} INFO - Filling up the DagBag from /home/airflow/.local/lib/python3.12/site-packages/airflow/example_dags/example_python_decorator.py
[2024-06-29T12:12:03.149+0000] {processor.py:840} INFO - DAG(s) 'example_python_decorator' retrieved from /home/airflow/.local/lib/python3.12/site-packages/airflow/example_dags/example_python_decorator.py
[2024-06-29T12:12:03.164+0000] {logging_mixin.py:188} INFO - [2024-06-29T12:12:03.164+0000] {dag.py:3096} INFO - Sync 1 DAGs
[2024-06-29T12:12:03.171+0000] {logging_mixin.py:188} INFO - [2024-06-29T12:12:03.171+0000] {dag.py:3954} INFO - Setting next_dagrun for example_python_decorator to None, run_after=None
[2024-06-29T12:12:03.180+0000] {processor.py:183} INFO - Processing /home/airflow/.local/lib/python3.12/site-packages/airflow/example_dags/example_python_decorator.py took 0.043 seconds
[2024-06-29T12:12:33.238+0000] {processor.py:161} INFO - Started process (PID=9805) to work on /home/airflow/.local/lib/python3.12/site-packages/airflow/example_dags/example_python_decorator.py
[2024-06-29T12:12:33.239+0000] {processor.py:830} INFO - Processing file /home/airflow/.local/lib/python3.12/site-packages/airflow/example_dags/example_python_decorator.py for tasks to queue
[2024-06-29T12:12:33.240+0000] {logging_mixin.py:188} INFO - [2024-06-29T12:12:33.240+0000] {dagbag.py:545} INFO - Filling up the DagBag from /home/airflow/.local/lib/python3.12/site-packages/airflow/example_dags/example_python_decorator.py
[2024-06-29T12:12:33.247+0000] {processor.py:840} INFO - DAG(s) 'example_python_decorator' retrieved from /home/airflow/.local/lib/python3.12/site-packages/airflow/example_dags/example_python_decorator.py
[2024-06-29T12:12:33.261+0000] {logging_mixin.py:188} INFO - [2024-06-29T12:12:33.261+0000] {dag.py:3096} INFO - Sync 1 DAGs
[2024-06-29T12:12:33.268+0000] {logging_mixin.py:188} INFO - [2024-06-29T12:12:33.268+0000] {dag.py:3954} INFO - Setting next_dagrun for example_python_decorator to None, run_after=None
[2024-06-29T12:12:33.277+0000] {processor.py:183} INFO - Processing /home/airflow/.local/lib/python3.12/site-packages/airflow/example_dags/example_python_decorator.py took 0.042 seconds
[2024-06-29T12:13:03.444+0000] {processor.py:161} INFO - Started process (PID=10067) to work on /home/airflow/.local/lib/python3.12/site-packages/airflow/example_dags/example_python_decorator.py
[2024-06-29T12:13:03.445+0000] {processor.py:830} INFO - Processing file /home/airflow/.local/lib/python3.12/site-packages/airflow/example_dags/example_python_decorator.py for tasks to queue
[2024-06-29T12:13:03.446+0000] {logging_mixin.py:188} INFO - [2024-06-29T12:13:03.446+0000] {dagbag.py:545} INFO - Filling up the DagBag from /home/airflow/.local/lib/python3.12/site-packages/airflow/example_dags/example_python_decorator.py
[2024-06-29T12:13:03.453+0000] {processor.py:840} INFO - DAG(s) 'example_python_decorator' retrieved from /home/airflow/.local/lib/python3.12/site-packages/airflow/example_dags/example_python_decorator.py
[2024-06-29T12:13:03.468+0000] {logging_mixin.py:188} INFO - [2024-06-29T12:13:03.468+0000] {dag.py:3096} INFO - Sync 1 DAGs
[2024-06-29T12:13:03.474+0000] {logging_mixin.py:188} INFO - [2024-06-29T12:13:03.474+0000] {dag.py:3954} INFO - Setting next_dagrun for example_python_decorator to None, run_after=None
[2024-06-29T12:13:03.483+0000] {processor.py:183} INFO - Processing /home/airflow/.local/lib/python3.12/site-packages/airflow/example_dags/example_python_decorator.py took 0.043 seconds
[2024-06-29T12:13:33.612+0000] {processor.py:161} INFO - Started process (PID=10328) to work on /home/airflow/.local/lib/python3.12/site-packages/airflow/example_dags/example_python_decorator.py
[2024-06-29T12:13:33.612+0000] {processor.py:830} INFO - Processing file /home/airflow/.local/lib/python3.12/site-packages/airflow/example_dags/example_python_decorator.py for tasks to queue
[2024-06-29T12:13:33.614+0000] {logging_mixin.py:188} INFO - [2024-06-29T12:13:33.613+0000] {dagbag.py:545} INFO - Filling up the DagBag from /home/airflow/.local/lib/python3.12/site-packages/airflow/example_dags/example_python_decorator.py
[2024-06-29T12:13:33.620+0000] {processor.py:840} INFO - DAG(s) 'example_python_decorator' retrieved from /home/airflow/.local/lib/python3.12/site-packages/airflow/example_dags/example_python_decorator.py
[2024-06-29T12:13:33.636+0000] {logging_mixin.py:188} INFO - [2024-06-29T12:13:33.636+0000] {dag.py:3096} INFO - Sync 1 DAGs
[2024-06-29T12:13:33.644+0000] {logging_mixin.py:188} INFO - [2024-06-29T12:13:33.644+0000] {dag.py:3954} INFO - Setting next_dagrun for example_python_decorator to None, run_after=None
[2024-06-29T12:13:33.655+0000] {processor.py:183} INFO - Processing /home/airflow/.local/lib/python3.12/site-packages/airflow/example_dags/example_python_decorator.py took 0.047 seconds
[2024-06-29T12:14:03.814+0000] {processor.py:161} INFO - Started process (PID=10590) to work on /home/airflow/.local/lib/python3.12/site-packages/airflow/example_dags/example_python_decorator.py
[2024-06-29T12:14:03.815+0000] {processor.py:830} INFO - Processing file /home/airflow/.local/lib/python3.12/site-packages/airflow/example_dags/example_python_decorator.py for tasks to queue
[2024-06-29T12:14:03.816+0000] {logging_mixin.py:188} INFO - [2024-06-29T12:14:03.816+0000] {dagbag.py:545} INFO - Filling up the DagBag from /home/airflow/.local/lib/python3.12/site-packages/airflow/example_dags/example_python_decorator.py
[2024-06-29T12:14:03.823+0000] {processor.py:840} INFO - DAG(s) 'example_python_decorator' retrieved from /home/airflow/.local/lib/python3.12/site-packages/airflow/example_dags/example_python_decorator.py
[2024-06-29T12:14:03.838+0000] {logging_mixin.py:188} INFO - [2024-06-29T12:14:03.838+0000] {dag.py:3096} INFO - Sync 1 DAGs
[2024-06-29T12:14:03.844+0000] {logging_mixin.py:188} INFO - [2024-06-29T12:14:03.844+0000] {dag.py:3954} INFO - Setting next_dagrun for example_python_decorator to None, run_after=None
[2024-06-29T12:14:03.854+0000] {processor.py:183} INFO - Processing /home/airflow/.local/lib/python3.12/site-packages/airflow/example_dags/example_python_decorator.py took 0.043 seconds
[2024-06-29T12:14:33.901+0000] {processor.py:161} INFO - Started process (PID=10852) to work on /home/airflow/.local/lib/python3.12/site-packages/airflow/example_dags/example_python_decorator.py
[2024-06-29T12:14:33.901+0000] {processor.py:830} INFO - Processing file /home/airflow/.local/lib/python3.12/site-packages/airflow/example_dags/example_python_decorator.py for tasks to queue
[2024-06-29T12:14:33.902+0000] {logging_mixin.py:188} INFO - [2024-06-29T12:14:33.902+0000] {dagbag.py:545} INFO - Filling up the DagBag from /home/airflow/.local/lib/python3.12/site-packages/airflow/example_dags/example_python_decorator.py
[2024-06-29T12:14:33.909+0000] {processor.py:840} INFO - DAG(s) 'example_python_decorator' retrieved from /home/airflow/.local/lib/python3.12/site-packages/airflow/example_dags/example_python_decorator.py
[2024-06-29T12:14:33.924+0000] {logging_mixin.py:188} INFO - [2024-06-29T12:14:33.924+0000] {dag.py:3096} INFO - Sync 1 DAGs
[2024-06-29T12:14:33.930+0000] {logging_mixin.py:188} INFO - [2024-06-29T12:14:33.930+0000] {dag.py:3954} INFO - Setting next_dagrun for example_python_decorator to None, run_after=None
[2024-06-29T12:14:33.940+0000] {processor.py:183} INFO - Processing /home/airflow/.local/lib/python3.12/site-packages/airflow/example_dags/example_python_decorator.py took 0.043 seconds
[2024-06-29T12:15:05.004+0000] {processor.py:161} INFO - Started process (PID=11114) to work on /home/airflow/.local/lib/python3.12/site-packages/airflow/example_dags/example_python_decorator.py
[2024-06-29T12:15:05.005+0000] {processor.py:830} INFO - Processing file /home/airflow/.local/lib/python3.12/site-packages/airflow/example_dags/example_python_decorator.py for tasks to queue
[2024-06-29T12:15:05.006+0000] {logging_mixin.py:188} INFO - [2024-06-29T12:15:05.006+0000] {dagbag.py:545} INFO - Filling up the DagBag from /home/airflow/.local/lib/python3.12/site-packages/airflow/example_dags/example_python_decorator.py
[2024-06-29T12:15:05.013+0000] {processor.py:840} INFO - DAG(s) 'example_python_decorator' retrieved from /home/airflow/.local/lib/python3.12/site-packages/airflow/example_dags/example_python_decorator.py
[2024-06-29T12:15:05.027+0000] {logging_mixin.py:188} INFO - [2024-06-29T12:15:05.027+0000] {dag.py:3096} INFO - Sync 1 DAGs
[2024-06-29T12:15:05.033+0000] {logging_mixin.py:188} INFO - [2024-06-29T12:15:05.033+0000] {dag.py:3954} INFO - Setting next_dagrun for example_python_decorator to None, run_after=None
[2024-06-29T12:15:05.042+0000] {processor.py:183} INFO - Processing /home/airflow/.local/lib/python3.12/site-packages/airflow/example_dags/example_python_decorator.py took 0.041 seconds
[2024-06-29T12:15:35.242+0000] {processor.py:161} INFO - Started process (PID=11376) to work on /home/airflow/.local/lib/python3.12/site-packages/airflow/example_dags/example_python_decorator.py
[2024-06-29T12:15:35.243+0000] {processor.py:830} INFO - Processing file /home/airflow/.local/lib/python3.12/site-packages/airflow/example_dags/example_python_decorator.py for tasks to queue
[2024-06-29T12:15:35.244+0000] {logging_mixin.py:188} INFO - [2024-06-29T12:15:35.244+0000] {dagbag.py:545} INFO - Filling up the DagBag from /home/airflow/.local/lib/python3.12/site-packages/airflow/example_dags/example_python_decorator.py
[2024-06-29T12:15:35.251+0000] {processor.py:840} INFO - DAG(s) 'example_python_decorator' retrieved from /home/airflow/.local/lib/python3.12/site-packages/airflow/example_dags/example_python_decorator.py
[2024-06-29T12:15:35.265+0000] {logging_mixin.py:188} INFO - [2024-06-29T12:15:35.265+0000] {dag.py:3096} INFO - Sync 1 DAGs
[2024-06-29T12:15:35.271+0000] {logging_mixin.py:188} INFO - [2024-06-29T12:15:35.271+0000] {dag.py:3954} INFO - Setting next_dagrun for example_python_decorator to None, run_after=None
[2024-06-29T12:15:35.280+0000] {processor.py:183} INFO - Processing /home/airflow/.local/lib/python3.12/site-packages/airflow/example_dags/example_python_decorator.py took 0.041 seconds
[2024-06-29T12:16:05.405+0000] {processor.py:161} INFO - Started process (PID=11639) to work on /home/airflow/.local/lib/python3.12/site-packages/airflow/example_dags/example_python_decorator.py
[2024-06-29T12:16:05.406+0000] {processor.py:830} INFO - Processing file /home/airflow/.local/lib/python3.12/site-packages/airflow/example_dags/example_python_decorator.py for tasks to queue
[2024-06-29T12:16:05.407+0000] {logging_mixin.py:188} INFO - [2024-06-29T12:16:05.407+0000] {dagbag.py:545} INFO - Filling up the DagBag from /home/airflow/.local/lib/python3.12/site-packages/airflow/example_dags/example_python_decorator.py
[2024-06-29T12:16:05.414+0000] {processor.py:840} INFO - DAG(s) 'example_python_decorator' retrieved from /home/airflow/.local/lib/python3.12/site-packages/airflow/example_dags/example_python_decorator.py
[2024-06-29T12:16:05.430+0000] {logging_mixin.py:188} INFO - [2024-06-29T12:16:05.430+0000] {dag.py:3096} INFO - Sync 1 DAGs
[2024-06-29T12:16:05.437+0000] {logging_mixin.py:188} INFO - [2024-06-29T12:16:05.437+0000] {dag.py:3954} INFO - Setting next_dagrun for example_python_decorator to None, run_after=None
[2024-06-29T12:16:05.446+0000] {processor.py:183} INFO - Processing /home/airflow/.local/lib/python3.12/site-packages/airflow/example_dags/example_python_decorator.py took 0.044 seconds
[2024-06-29T12:16:35.715+0000] {processor.py:161} INFO - Started process (PID=11901) to work on /home/airflow/.local/lib/python3.12/site-packages/airflow/example_dags/example_python_decorator.py
[2024-06-29T12:16:35.715+0000] {processor.py:830} INFO - Processing file /home/airflow/.local/lib/python3.12/site-packages/airflow/example_dags/example_python_decorator.py for tasks to queue
[2024-06-29T12:16:35.717+0000] {logging_mixin.py:188} INFO - [2024-06-29T12:16:35.716+0000] {dagbag.py:545} INFO - Filling up the DagBag from /home/airflow/.local/lib/python3.12/site-packages/airflow/example_dags/example_python_decorator.py
[2024-06-29T12:16:35.724+0000] {processor.py:840} INFO - DAG(s) 'example_python_decorator' retrieved from /home/airflow/.local/lib/python3.12/site-packages/airflow/example_dags/example_python_decorator.py
[2024-06-29T12:16:35.739+0000] {logging_mixin.py:188} INFO - [2024-06-29T12:16:35.739+0000] {dag.py:3096} INFO - Sync 1 DAGs
[2024-06-29T12:16:35.746+0000] {logging_mixin.py:188} INFO - [2024-06-29T12:16:35.746+0000] {dag.py:3954} INFO - Setting next_dagrun for example_python_decorator to None, run_after=None
[2024-06-29T12:16:35.757+0000] {processor.py:183} INFO - Processing /home/airflow/.local/lib/python3.12/site-packages/airflow/example_dags/example_python_decorator.py took 0.046 seconds
[2024-06-29T12:17:05.846+0000] {processor.py:161} INFO - Started process (PID=12163) to work on /home/airflow/.local/lib/python3.12/site-packages/airflow/example_dags/example_python_decorator.py
[2024-06-29T12:17:05.847+0000] {processor.py:830} INFO - Processing file /home/airflow/.local/lib/python3.12/site-packages/airflow/example_dags/example_python_decorator.py for tasks to queue
[2024-06-29T12:17:05.848+0000] {logging_mixin.py:188} INFO - [2024-06-29T12:17:05.848+0000] {dagbag.py:545} INFO - Filling up the DagBag from /home/airflow/.local/lib/python3.12/site-packages/airflow/example_dags/example_python_decorator.py
[2024-06-29T12:17:05.855+0000] {processor.py:840} INFO - DAG(s) 'example_python_decorator' retrieved from /home/airflow/.local/lib/python3.12/site-packages/airflow/example_dags/example_python_decorator.py
[2024-06-29T12:17:05.870+0000] {logging_mixin.py:188} INFO - [2024-06-29T12:17:05.870+0000] {dag.py:3096} INFO - Sync 1 DAGs
[2024-06-29T12:17:05.878+0000] {logging_mixin.py:188} INFO - [2024-06-29T12:17:05.878+0000] {dag.py:3954} INFO - Setting next_dagrun for example_python_decorator to None, run_after=None
[2024-06-29T12:17:05.888+0000] {processor.py:183} INFO - Processing /home/airflow/.local/lib/python3.12/site-packages/airflow/example_dags/example_python_decorator.py took 0.046 seconds
[2024-06-29T12:17:36.062+0000] {processor.py:161} INFO - Started process (PID=12419) to work on /home/airflow/.local/lib/python3.12/site-packages/airflow/example_dags/example_python_decorator.py
[2024-06-29T12:17:36.062+0000] {processor.py:830} INFO - Processing file /home/airflow/.local/lib/python3.12/site-packages/airflow/example_dags/example_python_decorator.py for tasks to queue
[2024-06-29T12:17:36.064+0000] {logging_mixin.py:188} INFO - [2024-06-29T12:17:36.063+0000] {dagbag.py:545} INFO - Filling up the DagBag from /home/airflow/.local/lib/python3.12/site-packages/airflow/example_dags/example_python_decorator.py
[2024-06-29T12:17:36.071+0000] {processor.py:840} INFO - DAG(s) 'example_python_decorator' retrieved from /home/airflow/.local/lib/python3.12/site-packages/airflow/example_dags/example_python_decorator.py
[2024-06-29T12:17:36.087+0000] {logging_mixin.py:188} INFO - [2024-06-29T12:17:36.086+0000] {dag.py:3096} INFO - Sync 1 DAGs
[2024-06-29T12:17:36.093+0000] {logging_mixin.py:188} INFO - [2024-06-29T12:17:36.093+0000] {dag.py:3954} INFO - Setting next_dagrun for example_python_decorator to None, run_after=None
[2024-06-29T12:17:36.106+0000] {processor.py:183} INFO - Processing /home/airflow/.local/lib/python3.12/site-packages/airflow/example_dags/example_python_decorator.py took 0.047 seconds
[2024-06-29T12:18:06.181+0000] {processor.py:161} INFO - Started process (PID=12683) to work on /home/airflow/.local/lib/python3.12/site-packages/airflow/example_dags/example_python_decorator.py
[2024-06-29T12:18:06.182+0000] {processor.py:830} INFO - Processing file /home/airflow/.local/lib/python3.12/site-packages/airflow/example_dags/example_python_decorator.py for tasks to queue
[2024-06-29T12:18:06.183+0000] {logging_mixin.py:188} INFO - [2024-06-29T12:18:06.183+0000] {dagbag.py:545} INFO - Filling up the DagBag from /home/airflow/.local/lib/python3.12/site-packages/airflow/example_dags/example_python_decorator.py
[2024-06-29T12:18:06.190+0000] {processor.py:840} INFO - DAG(s) 'example_python_decorator' retrieved from /home/airflow/.local/lib/python3.12/site-packages/airflow/example_dags/example_python_decorator.py
[2024-06-29T12:18:06.204+0000] {logging_mixin.py:188} INFO - [2024-06-29T12:18:06.204+0000] {dag.py:3096} INFO - Sync 1 DAGs
[2024-06-29T12:18:06.209+0000] {logging_mixin.py:188} INFO - [2024-06-29T12:18:06.209+0000] {dag.py:3954} INFO - Setting next_dagrun for example_python_decorator to None, run_after=None
[2024-06-29T12:18:06.218+0000] {processor.py:183} INFO - Processing /home/airflow/.local/lib/python3.12/site-packages/airflow/example_dags/example_python_decorator.py took 0.040 seconds
[2024-06-29T12:18:36.372+0000] {processor.py:161} INFO - Started process (PID=12942) to work on /home/airflow/.local/lib/python3.12/site-packages/airflow/example_dags/example_python_decorator.py
[2024-06-29T12:18:36.373+0000] {processor.py:830} INFO - Processing file /home/airflow/.local/lib/python3.12/site-packages/airflow/example_dags/example_python_decorator.py for tasks to queue
[2024-06-29T12:18:36.375+0000] {logging_mixin.py:188} INFO - [2024-06-29T12:18:36.374+0000] {dagbag.py:545} INFO - Filling up the DagBag from /home/airflow/.local/lib/python3.12/site-packages/airflow/example_dags/example_python_decorator.py
[2024-06-29T12:18:36.382+0000] {processor.py:840} INFO - DAG(s) 'example_python_decorator' retrieved from /home/airflow/.local/lib/python3.12/site-packages/airflow/example_dags/example_python_decorator.py
[2024-06-29T12:18:36.413+0000] {logging_mixin.py:188} INFO - [2024-06-29T12:18:36.412+0000] {dag.py:3096} INFO - Sync 1 DAGs
[2024-06-29T12:18:36.420+0000] {logging_mixin.py:188} INFO - [2024-06-29T12:18:36.420+0000] {dag.py:3954} INFO - Setting next_dagrun for example_python_decorator to None, run_after=None
[2024-06-29T12:18:36.434+0000] {processor.py:183} INFO - Processing /home/airflow/.local/lib/python3.12/site-packages/airflow/example_dags/example_python_decorator.py took 0.066 seconds
[2024-06-29T12:19:06.459+0000] {processor.py:161} INFO - Started process (PID=13205) to work on /home/airflow/.local/lib/python3.12/site-packages/airflow/example_dags/example_python_decorator.py
[2024-06-29T12:19:06.460+0000] {processor.py:830} INFO - Processing file /home/airflow/.local/lib/python3.12/site-packages/airflow/example_dags/example_python_decorator.py for tasks to queue
[2024-06-29T12:19:06.461+0000] {logging_mixin.py:188} INFO - [2024-06-29T12:19:06.461+0000] {dagbag.py:545} INFO - Filling up the DagBag from /home/airflow/.local/lib/python3.12/site-packages/airflow/example_dags/example_python_decorator.py
[2024-06-29T12:19:06.468+0000] {processor.py:840} INFO - DAG(s) 'example_python_decorator' retrieved from /home/airflow/.local/lib/python3.12/site-packages/airflow/example_dags/example_python_decorator.py
[2024-06-29T12:19:06.483+0000] {logging_mixin.py:188} INFO - [2024-06-29T12:19:06.483+0000] {dag.py:3096} INFO - Sync 1 DAGs
[2024-06-29T12:19:06.490+0000] {logging_mixin.py:188} INFO - [2024-06-29T12:19:06.490+0000] {dag.py:3954} INFO - Setting next_dagrun for example_python_decorator to None, run_after=None
[2024-06-29T12:19:06.500+0000] {processor.py:183} INFO - Processing /home/airflow/.local/lib/python3.12/site-packages/airflow/example_dags/example_python_decorator.py took 0.045 seconds
[2024-06-29T12:19:37.655+0000] {processor.py:161} INFO - Started process (PID=13467) to work on /home/airflow/.local/lib/python3.12/site-packages/airflow/example_dags/example_python_decorator.py
[2024-06-29T12:19:37.656+0000] {processor.py:830} INFO - Processing file /home/airflow/.local/lib/python3.12/site-packages/airflow/example_dags/example_python_decorator.py for tasks to queue
[2024-06-29T12:19:37.657+0000] {logging_mixin.py:188} INFO - [2024-06-29T12:19:37.657+0000] {dagbag.py:545} INFO - Filling up the DagBag from /home/airflow/.local/lib/python3.12/site-packages/airflow/example_dags/example_python_decorator.py
[2024-06-29T12:19:37.664+0000] {processor.py:840} INFO - DAG(s) 'example_python_decorator' retrieved from /home/airflow/.local/lib/python3.12/site-packages/airflow/example_dags/example_python_decorator.py
[2024-06-29T12:19:37.678+0000] {logging_mixin.py:188} INFO - [2024-06-29T12:19:37.678+0000] {dag.py:3096} INFO - Sync 1 DAGs
[2024-06-29T12:19:37.685+0000] {logging_mixin.py:188} INFO - [2024-06-29T12:19:37.684+0000] {dag.py:3954} INFO - Setting next_dagrun for example_python_decorator to None, run_after=None
[2024-06-29T12:19:37.693+0000] {processor.py:183} INFO - Processing /home/airflow/.local/lib/python3.12/site-packages/airflow/example_dags/example_python_decorator.py took 0.041 seconds
[2024-06-29T12:20:07.833+0000] {processor.py:161} INFO - Started process (PID=13729) to work on /home/airflow/.local/lib/python3.12/site-packages/airflow/example_dags/example_python_decorator.py
[2024-06-29T12:20:07.833+0000] {processor.py:830} INFO - Processing file /home/airflow/.local/lib/python3.12/site-packages/airflow/example_dags/example_python_decorator.py for tasks to queue
[2024-06-29T12:20:07.834+0000] {logging_mixin.py:188} INFO - [2024-06-29T12:20:07.834+0000] {dagbag.py:545} INFO - Filling up the DagBag from /home/airflow/.local/lib/python3.12/site-packages/airflow/example_dags/example_python_decorator.py
[2024-06-29T12:20:07.841+0000] {processor.py:840} INFO - DAG(s) 'example_python_decorator' retrieved from /home/airflow/.local/lib/python3.12/site-packages/airflow/example_dags/example_python_decorator.py
[2024-06-29T12:20:07.856+0000] {logging_mixin.py:188} INFO - [2024-06-29T12:20:07.855+0000] {dag.py:3096} INFO - Sync 1 DAGs
[2024-06-29T12:20:07.862+0000] {logging_mixin.py:188} INFO - [2024-06-29T12:20:07.862+0000] {dag.py:3954} INFO - Setting next_dagrun for example_python_decorator to None, run_after=None
[2024-06-29T12:20:07.870+0000] {processor.py:183} INFO - Processing /home/airflow/.local/lib/python3.12/site-packages/airflow/example_dags/example_python_decorator.py took 0.041 seconds
[2024-06-29T12:20:38.026+0000] {processor.py:161} INFO - Started process (PID=13991) to work on /home/airflow/.local/lib/python3.12/site-packages/airflow/example_dags/example_python_decorator.py
[2024-06-29T12:20:38.026+0000] {processor.py:830} INFO - Processing file /home/airflow/.local/lib/python3.12/site-packages/airflow/example_dags/example_python_decorator.py for tasks to queue
[2024-06-29T12:20:38.027+0000] {logging_mixin.py:188} INFO - [2024-06-29T12:20:38.027+0000] {dagbag.py:545} INFO - Filling up the DagBag from /home/airflow/.local/lib/python3.12/site-packages/airflow/example_dags/example_python_decorator.py
[2024-06-29T12:20:38.034+0000] {processor.py:840} INFO - DAG(s) 'example_python_decorator' retrieved from /home/airflow/.local/lib/python3.12/site-packages/airflow/example_dags/example_python_decorator.py
[2024-06-29T12:20:38.049+0000] {logging_mixin.py:188} INFO - [2024-06-29T12:20:38.049+0000] {dag.py:3096} INFO - Sync 1 DAGs
[2024-06-29T12:20:38.056+0000] {logging_mixin.py:188} INFO - [2024-06-29T12:20:38.056+0000] {dag.py:3954} INFO - Setting next_dagrun for example_python_decorator to None, run_after=None
[2024-06-29T12:20:38.065+0000] {processor.py:183} INFO - Processing /home/airflow/.local/lib/python3.12/site-packages/airflow/example_dags/example_python_decorator.py took 0.043 seconds
[2024-06-29T12:21:08.217+0000] {processor.py:161} INFO - Started process (PID=14255) to work on /home/airflow/.local/lib/python3.12/site-packages/airflow/example_dags/example_python_decorator.py
[2024-06-29T12:21:08.218+0000] {processor.py:830} INFO - Processing file /home/airflow/.local/lib/python3.12/site-packages/airflow/example_dags/example_python_decorator.py for tasks to queue
[2024-06-29T12:21:08.219+0000] {logging_mixin.py:188} INFO - [2024-06-29T12:21:08.219+0000] {dagbag.py:545} INFO - Filling up the DagBag from /home/airflow/.local/lib/python3.12/site-packages/airflow/example_dags/example_python_decorator.py
[2024-06-29T12:21:08.225+0000] {processor.py:840} INFO - DAG(s) 'example_python_decorator' retrieved from /home/airflow/.local/lib/python3.12/site-packages/airflow/example_dags/example_python_decorator.py
[2024-06-29T12:21:08.239+0000] {logging_mixin.py:188} INFO - [2024-06-29T12:21:08.239+0000] {dag.py:3096} INFO - Sync 1 DAGs
[2024-06-29T12:21:08.245+0000] {logging_mixin.py:188} INFO - [2024-06-29T12:21:08.245+0000] {dag.py:3954} INFO - Setting next_dagrun for example_python_decorator to None, run_after=None
[2024-06-29T12:21:08.253+0000] {processor.py:183} INFO - Processing /home/airflow/.local/lib/python3.12/site-packages/airflow/example_dags/example_python_decorator.py took 0.039 seconds
[2024-06-29T12:21:38.401+0000] {processor.py:161} INFO - Started process (PID=14515) to work on /home/airflow/.local/lib/python3.12/site-packages/airflow/example_dags/example_python_decorator.py
[2024-06-29T12:21:38.402+0000] {processor.py:830} INFO - Processing file /home/airflow/.local/lib/python3.12/site-packages/airflow/example_dags/example_python_decorator.py for tasks to queue
[2024-06-29T12:21:38.403+0000] {logging_mixin.py:188} INFO - [2024-06-29T12:21:38.403+0000] {dagbag.py:545} INFO - Filling up the DagBag from /home/airflow/.local/lib/python3.12/site-packages/airflow/example_dags/example_python_decorator.py
[2024-06-29T12:21:38.410+0000] {processor.py:840} INFO - DAG(s) 'example_python_decorator' retrieved from /home/airflow/.local/lib/python3.12/site-packages/airflow/example_dags/example_python_decorator.py
[2024-06-29T12:21:38.424+0000] {logging_mixin.py:188} INFO - [2024-06-29T12:21:38.424+0000] {dag.py:3096} INFO - Sync 1 DAGs
[2024-06-29T12:21:38.431+0000] {logging_mixin.py:188} INFO - [2024-06-29T12:21:38.430+0000] {dag.py:3954} INFO - Setting next_dagrun for example_python_decorator to None, run_after=None
[2024-06-29T12:21:38.440+0000] {processor.py:183} INFO - Processing /home/airflow/.local/lib/python3.12/site-packages/airflow/example_dags/example_python_decorator.py took 0.042 seconds
[2024-06-29T12:22:08.605+0000] {processor.py:161} INFO - Started process (PID=14777) to work on /home/airflow/.local/lib/python3.12/site-packages/airflow/example_dags/example_python_decorator.py
[2024-06-29T12:22:08.605+0000] {processor.py:830} INFO - Processing file /home/airflow/.local/lib/python3.12/site-packages/airflow/example_dags/example_python_decorator.py for tasks to queue
[2024-06-29T12:22:08.606+0000] {logging_mixin.py:188} INFO - [2024-06-29T12:22:08.606+0000] {dagbag.py:545} INFO - Filling up the DagBag from /home/airflow/.local/lib/python3.12/site-packages/airflow/example_dags/example_python_decorator.py
[2024-06-29T12:22:08.613+0000] {processor.py:840} INFO - DAG(s) 'example_python_decorator' retrieved from /home/airflow/.local/lib/python3.12/site-packages/airflow/example_dags/example_python_decorator.py
[2024-06-29T12:22:08.628+0000] {logging_mixin.py:188} INFO - [2024-06-29T12:22:08.628+0000] {dag.py:3096} INFO - Sync 1 DAGs
[2024-06-29T12:22:08.634+0000] {logging_mixin.py:188} INFO - [2024-06-29T12:22:08.634+0000] {dag.py:3954} INFO - Setting next_dagrun for example_python_decorator to None, run_after=None
[2024-06-29T12:22:08.642+0000] {processor.py:183} INFO - Processing /home/airflow/.local/lib/python3.12/site-packages/airflow/example_dags/example_python_decorator.py took 0.042 seconds
[2024-06-29T12:22:38.758+0000] {processor.py:161} INFO - Started process (PID=15040) to work on /home/airflow/.local/lib/python3.12/site-packages/airflow/example_dags/example_python_decorator.py
[2024-06-29T12:22:38.759+0000] {processor.py:830} INFO - Processing file /home/airflow/.local/lib/python3.12/site-packages/airflow/example_dags/example_python_decorator.py for tasks to queue
[2024-06-29T12:22:38.760+0000] {logging_mixin.py:188} INFO - [2024-06-29T12:22:38.760+0000] {dagbag.py:545} INFO - Filling up the DagBag from /home/airflow/.local/lib/python3.12/site-packages/airflow/example_dags/example_python_decorator.py
[2024-06-29T12:22:38.767+0000] {processor.py:840} INFO - DAG(s) 'example_python_decorator' retrieved from /home/airflow/.local/lib/python3.12/site-packages/airflow/example_dags/example_python_decorator.py
[2024-06-29T12:22:38.781+0000] {logging_mixin.py:188} INFO - [2024-06-29T12:22:38.781+0000] {dag.py:3096} INFO - Sync 1 DAGs
[2024-06-29T12:22:38.788+0000] {logging_mixin.py:188} INFO - [2024-06-29T12:22:38.788+0000] {dag.py:3954} INFO - Setting next_dagrun for example_python_decorator to None, run_after=None
[2024-06-29T12:22:38.797+0000] {processor.py:183} INFO - Processing /home/airflow/.local/lib/python3.12/site-packages/airflow/example_dags/example_python_decorator.py took 0.043 seconds
[2024-06-29T12:23:08.996+0000] {processor.py:161} INFO - Started process (PID=15302) to work on /home/airflow/.local/lib/python3.12/site-packages/airflow/example_dags/example_python_decorator.py
[2024-06-29T12:23:08.996+0000] {processor.py:830} INFO - Processing file /home/airflow/.local/lib/python3.12/site-packages/airflow/example_dags/example_python_decorator.py for tasks to queue
[2024-06-29T12:23:08.997+0000] {logging_mixin.py:188} INFO - [2024-06-29T12:23:08.997+0000] {dagbag.py:545} INFO - Filling up the DagBag from /home/airflow/.local/lib/python3.12/site-packages/airflow/example_dags/example_python_decorator.py
[2024-06-29T12:23:09.004+0000] {processor.py:840} INFO - DAG(s) 'example_python_decorator' retrieved from /home/airflow/.local/lib/python3.12/site-packages/airflow/example_dags/example_python_decorator.py
[2024-06-29T12:23:09.019+0000] {logging_mixin.py:188} INFO - [2024-06-29T12:23:09.019+0000] {dag.py:3096} INFO - Sync 1 DAGs
[2024-06-29T12:23:09.026+0000] {logging_mixin.py:188} INFO - [2024-06-29T12:23:09.026+0000] {dag.py:3954} INFO - Setting next_dagrun for example_python_decorator to None, run_after=None
[2024-06-29T12:23:09.037+0000] {processor.py:183} INFO - Processing /home/airflow/.local/lib/python3.12/site-packages/airflow/example_dags/example_python_decorator.py took 0.045 seconds
[2024-06-29T12:23:39.225+0000] {processor.py:161} INFO - Started process (PID=15564) to work on /home/airflow/.local/lib/python3.12/site-packages/airflow/example_dags/example_python_decorator.py
[2024-06-29T12:23:39.226+0000] {processor.py:830} INFO - Processing file /home/airflow/.local/lib/python3.12/site-packages/airflow/example_dags/example_python_decorator.py for tasks to queue
[2024-06-29T12:23:39.227+0000] {logging_mixin.py:188} INFO - [2024-06-29T12:23:39.227+0000] {dagbag.py:545} INFO - Filling up the DagBag from /home/airflow/.local/lib/python3.12/site-packages/airflow/example_dags/example_python_decorator.py
[2024-06-29T12:23:39.234+0000] {processor.py:840} INFO - DAG(s) 'example_python_decorator' retrieved from /home/airflow/.local/lib/python3.12/site-packages/airflow/example_dags/example_python_decorator.py
[2024-06-29T12:23:39.248+0000] {logging_mixin.py:188} INFO - [2024-06-29T12:23:39.248+0000] {dag.py:3096} INFO - Sync 1 DAGs
[2024-06-29T12:23:39.254+0000] {logging_mixin.py:188} INFO - [2024-06-29T12:23:39.254+0000] {dag.py:3954} INFO - Setting next_dagrun for example_python_decorator to None, run_after=None
[2024-06-29T12:23:39.264+0000] {processor.py:183} INFO - Processing /home/airflow/.local/lib/python3.12/site-packages/airflow/example_dags/example_python_decorator.py took 0.042 seconds
[2024-06-29T12:24:09.478+0000] {processor.py:161} INFO - Started process (PID=15827) to work on /home/airflow/.local/lib/python3.12/site-packages/airflow/example_dags/example_python_decorator.py
[2024-06-29T12:24:09.478+0000] {processor.py:830} INFO - Processing file /home/airflow/.local/lib/python3.12/site-packages/airflow/example_dags/example_python_decorator.py for tasks to queue
[2024-06-29T12:24:09.479+0000] {logging_mixin.py:188} INFO - [2024-06-29T12:24:09.479+0000] {dagbag.py:545} INFO - Filling up the DagBag from /home/airflow/.local/lib/python3.12/site-packages/airflow/example_dags/example_python_decorator.py
[2024-06-29T12:24:09.486+0000] {processor.py:840} INFO - DAG(s) 'example_python_decorator' retrieved from /home/airflow/.local/lib/python3.12/site-packages/airflow/example_dags/example_python_decorator.py
[2024-06-29T12:24:09.501+0000] {logging_mixin.py:188} INFO - [2024-06-29T12:24:09.500+0000] {dag.py:3096} INFO - Sync 1 DAGs
[2024-06-29T12:24:09.507+0000] {logging_mixin.py:188} INFO - [2024-06-29T12:24:09.507+0000] {dag.py:3954} INFO - Setting next_dagrun for example_python_decorator to None, run_after=None
[2024-06-29T12:24:09.516+0000] {processor.py:183} INFO - Processing /home/airflow/.local/lib/python3.12/site-packages/airflow/example_dags/example_python_decorator.py took 0.042 seconds
[2024-06-29T12:24:39.585+0000] {processor.py:161} INFO - Started process (PID=16092) to work on /home/airflow/.local/lib/python3.12/site-packages/airflow/example_dags/example_python_decorator.py
[2024-06-29T12:24:39.586+0000] {processor.py:830} INFO - Processing file /home/airflow/.local/lib/python3.12/site-packages/airflow/example_dags/example_python_decorator.py for tasks to queue
[2024-06-29T12:24:39.587+0000] {logging_mixin.py:188} INFO - [2024-06-29T12:24:39.587+0000] {dagbag.py:545} INFO - Filling up the DagBag from /home/airflow/.local/lib/python3.12/site-packages/airflow/example_dags/example_python_decorator.py
[2024-06-29T12:24:39.594+0000] {processor.py:840} INFO - DAG(s) 'example_python_decorator' retrieved from /home/airflow/.local/lib/python3.12/site-packages/airflow/example_dags/example_python_decorator.py
[2024-06-29T12:24:39.608+0000] {logging_mixin.py:188} INFO - [2024-06-29T12:24:39.608+0000] {dag.py:3096} INFO - Sync 1 DAGs
[2024-06-29T12:24:39.615+0000] {logging_mixin.py:188} INFO - [2024-06-29T12:24:39.615+0000] {dag.py:3954} INFO - Setting next_dagrun for example_python_decorator to None, run_after=None
[2024-06-29T12:24:39.624+0000] {processor.py:183} INFO - Processing /home/airflow/.local/lib/python3.12/site-packages/airflow/example_dags/example_python_decorator.py took 0.042 seconds
[2024-06-29T12:25:09.739+0000] {processor.py:161} INFO - Started process (PID=16352) to work on /home/airflow/.local/lib/python3.12/site-packages/airflow/example_dags/example_python_decorator.py
[2024-06-29T12:25:09.740+0000] {processor.py:830} INFO - Processing file /home/airflow/.local/lib/python3.12/site-packages/airflow/example_dags/example_python_decorator.py for tasks to queue
[2024-06-29T12:25:09.741+0000] {logging_mixin.py:188} INFO - [2024-06-29T12:25:09.741+0000] {dagbag.py:545} INFO - Filling up the DagBag from /home/airflow/.local/lib/python3.12/site-packages/airflow/example_dags/example_python_decorator.py
[2024-06-29T12:25:09.748+0000] {processor.py:840} INFO - DAG(s) 'example_python_decorator' retrieved from /home/airflow/.local/lib/python3.12/site-packages/airflow/example_dags/example_python_decorator.py
[2024-06-29T12:25:09.762+0000] {logging_mixin.py:188} INFO - [2024-06-29T12:25:09.762+0000] {dag.py:3096} INFO - Sync 1 DAGs
[2024-06-29T12:25:09.775+0000] {logging_mixin.py:188} INFO - [2024-06-29T12:25:09.775+0000] {dag.py:3954} INFO - Setting next_dagrun for example_python_decorator to None, run_after=None
[2024-06-29T12:25:09.787+0000] {processor.py:183} INFO - Processing /home/airflow/.local/lib/python3.12/site-packages/airflow/example_dags/example_python_decorator.py took 0.052 seconds
