[2024-06-29T11:54:21.340+0000] {processor.py:161} INFO - Started process (PID=382) to work on /home/airflow/.local/lib/python3.12/site-packages/airflow/example_dags/example_display_name.py
[2024-06-29T11:54:21.341+0000] {processor.py:830} INFO - Processing file /home/airflow/.local/lib/python3.12/site-packages/airflow/example_dags/example_display_name.py for tasks to queue
[2024-06-29T11:54:21.343+0000] {logging_mixin.py:188} INFO - [2024-06-29T11:54:21.342+0000] {dagbag.py:545} INFO - Filling up the DagBag from /home/airflow/.local/lib/python3.12/site-packages/airflow/example_dags/example_display_name.py
[2024-06-29T11:54:21.347+0000] {processor.py:840} INFO - DAG(s) 'example_display_name' retrieved from /home/airflow/.local/lib/python3.12/site-packages/airflow/example_dags/example_display_name.py
[2024-06-29T11:54:21.359+0000] {logging_mixin.py:188} INFO - [2024-06-29T11:54:21.359+0000] {dag.py:3096} INFO - Sync 1 DAGs
[2024-06-29T11:54:21.369+0000] {logging_mixin.py:188} INFO - [2024-06-29T11:54:21.368+0000] {dag.py:3954} INFO - Setting next_dagrun for example_display_name to None, run_after=None
[2024-06-29T11:54:21.379+0000] {processor.py:183} INFO - Processing /home/airflow/.local/lib/python3.12/site-packages/airflow/example_dags/example_display_name.py took 0.042 seconds
[2024-06-29T11:54:53.167+0000] {processor.py:161} INFO - Started process (PID=642) to work on /home/airflow/.local/lib/python3.12/site-packages/airflow/example_dags/example_display_name.py
[2024-06-29T11:54:53.167+0000] {processor.py:830} INFO - Processing file /home/airflow/.local/lib/python3.12/site-packages/airflow/example_dags/example_display_name.py for tasks to queue
[2024-06-29T11:54:53.168+0000] {logging_mixin.py:188} INFO - [2024-06-29T11:54:53.168+0000] {dagbag.py:545} INFO - Filling up the DagBag from /home/airflow/.local/lib/python3.12/site-packages/airflow/example_dags/example_display_name.py
[2024-06-29T11:54:53.172+0000] {processor.py:840} INFO - DAG(s) 'example_display_name' retrieved from /home/airflow/.local/lib/python3.12/site-packages/airflow/example_dags/example_display_name.py
[2024-06-29T11:54:53.223+0000] {logging_mixin.py:188} INFO - [2024-06-29T11:54:53.223+0000] {dag.py:3096} INFO - Sync 1 DAGs
[2024-06-29T11:54:53.229+0000] {logging_mixin.py:188} INFO - [2024-06-29T11:54:53.229+0000] {dag.py:3954} INFO - Setting next_dagrun for example_display_name to None, run_after=None
[2024-06-29T11:54:53.237+0000] {processor.py:183} INFO - Processing /home/airflow/.local/lib/python3.12/site-packages/airflow/example_dags/example_display_name.py took 0.074 seconds
[2024-06-29T11:55:23.256+0000] {processor.py:161} INFO - Started process (PID=904) to work on /home/airflow/.local/lib/python3.12/site-packages/airflow/example_dags/example_display_name.py
[2024-06-29T11:55:23.257+0000] {processor.py:830} INFO - Processing file /home/airflow/.local/lib/python3.12/site-packages/airflow/example_dags/example_display_name.py for tasks to queue
[2024-06-29T11:55:23.258+0000] {logging_mixin.py:188} INFO - [2024-06-29T11:55:23.258+0000] {dagbag.py:545} INFO - Filling up the DagBag from /home/airflow/.local/lib/python3.12/site-packages/airflow/example_dags/example_display_name.py
[2024-06-29T11:55:23.263+0000] {processor.py:840} INFO - DAG(s) 'example_display_name' retrieved from /home/airflow/.local/lib/python3.12/site-packages/airflow/example_dags/example_display_name.py
[2024-06-29T11:55:23.277+0000] {logging_mixin.py:188} INFO - [2024-06-29T11:55:23.277+0000] {dag.py:3096} INFO - Sync 1 DAGs
[2024-06-29T11:55:23.284+0000] {logging_mixin.py:188} INFO - [2024-06-29T11:55:23.283+0000] {dag.py:3954} INFO - Setting next_dagrun for example_display_name to None, run_after=None
[2024-06-29T11:55:23.293+0000] {processor.py:183} INFO - Processing /home/airflow/.local/lib/python3.12/site-packages/airflow/example_dags/example_display_name.py took 0.041 seconds
[2024-06-29T11:55:53.612+0000] {processor.py:161} INFO - Started process (PID=1166) to work on /home/airflow/.local/lib/python3.12/site-packages/airflow/example_dags/example_display_name.py
[2024-06-29T11:55:53.612+0000] {processor.py:830} INFO - Processing file /home/airflow/.local/lib/python3.12/site-packages/airflow/example_dags/example_display_name.py for tasks to queue
[2024-06-29T11:55:53.614+0000] {logging_mixin.py:188} INFO - [2024-06-29T11:55:53.613+0000] {dagbag.py:545} INFO - Filling up the DagBag from /home/airflow/.local/lib/python3.12/site-packages/airflow/example_dags/example_display_name.py
[2024-06-29T11:55:53.617+0000] {processor.py:840} INFO - DAG(s) 'example_display_name' retrieved from /home/airflow/.local/lib/python3.12/site-packages/airflow/example_dags/example_display_name.py
[2024-06-29T11:55:53.630+0000] {logging_mixin.py:188} INFO - [2024-06-29T11:55:53.630+0000] {dag.py:3096} INFO - Sync 1 DAGs
[2024-06-29T11:55:53.637+0000] {logging_mixin.py:188} INFO - [2024-06-29T11:55:53.637+0000] {dag.py:3954} INFO - Setting next_dagrun for example_display_name to None, run_after=None
[2024-06-29T11:55:53.646+0000] {processor.py:183} INFO - Processing /home/airflow/.local/lib/python3.12/site-packages/airflow/example_dags/example_display_name.py took 0.038 seconds
[2024-06-29T11:56:23.849+0000] {processor.py:161} INFO - Started process (PID=1429) to work on /home/airflow/.local/lib/python3.12/site-packages/airflow/example_dags/example_display_name.py
[2024-06-29T11:56:23.850+0000] {processor.py:830} INFO - Processing file /home/airflow/.local/lib/python3.12/site-packages/airflow/example_dags/example_display_name.py for tasks to queue
[2024-06-29T11:56:23.851+0000] {logging_mixin.py:188} INFO - [2024-06-29T11:56:23.851+0000] {dagbag.py:545} INFO - Filling up the DagBag from /home/airflow/.local/lib/python3.12/site-packages/airflow/example_dags/example_display_name.py
[2024-06-29T11:56:23.854+0000] {processor.py:840} INFO - DAG(s) 'example_display_name' retrieved from /home/airflow/.local/lib/python3.12/site-packages/airflow/example_dags/example_display_name.py
[2024-06-29T11:56:23.868+0000] {logging_mixin.py:188} INFO - [2024-06-29T11:56:23.868+0000] {dag.py:3096} INFO - Sync 1 DAGs
[2024-06-29T11:56:23.875+0000] {logging_mixin.py:188} INFO - [2024-06-29T11:56:23.874+0000] {dag.py:3954} INFO - Setting next_dagrun for example_display_name to None, run_after=None
[2024-06-29T11:56:23.885+0000] {processor.py:183} INFO - Processing /home/airflow/.local/lib/python3.12/site-packages/airflow/example_dags/example_display_name.py took 0.040 seconds
[2024-06-29T11:56:54.012+0000] {processor.py:161} INFO - Started process (PID=1691) to work on /home/airflow/.local/lib/python3.12/site-packages/airflow/example_dags/example_display_name.py
[2024-06-29T11:56:54.012+0000] {processor.py:830} INFO - Processing file /home/airflow/.local/lib/python3.12/site-packages/airflow/example_dags/example_display_name.py for tasks to queue
[2024-06-29T11:56:54.014+0000] {logging_mixin.py:188} INFO - [2024-06-29T11:56:54.013+0000] {dagbag.py:545} INFO - Filling up the DagBag from /home/airflow/.local/lib/python3.12/site-packages/airflow/example_dags/example_display_name.py
[2024-06-29T11:56:54.017+0000] {processor.py:840} INFO - DAG(s) 'example_display_name' retrieved from /home/airflow/.local/lib/python3.12/site-packages/airflow/example_dags/example_display_name.py
[2024-06-29T11:56:54.030+0000] {logging_mixin.py:188} INFO - [2024-06-29T11:56:54.030+0000] {dag.py:3096} INFO - Sync 1 DAGs
[2024-06-29T11:56:54.037+0000] {logging_mixin.py:188} INFO - [2024-06-29T11:56:54.037+0000] {dag.py:3954} INFO - Setting next_dagrun for example_display_name to None, run_after=None
[2024-06-29T11:56:54.047+0000] {processor.py:183} INFO - Processing /home/airflow/.local/lib/python3.12/site-packages/airflow/example_dags/example_display_name.py took 0.038 seconds
[2024-06-29T11:57:24.406+0000] {processor.py:161} INFO - Started process (PID=1953) to work on /home/airflow/.local/lib/python3.12/site-packages/airflow/example_dags/example_display_name.py
[2024-06-29T11:57:24.407+0000] {processor.py:830} INFO - Processing file /home/airflow/.local/lib/python3.12/site-packages/airflow/example_dags/example_display_name.py for tasks to queue
[2024-06-29T11:57:24.408+0000] {logging_mixin.py:188} INFO - [2024-06-29T11:57:24.408+0000] {dagbag.py:545} INFO - Filling up the DagBag from /home/airflow/.local/lib/python3.12/site-packages/airflow/example_dags/example_display_name.py
[2024-06-29T11:57:24.412+0000] {processor.py:840} INFO - DAG(s) 'example_display_name' retrieved from /home/airflow/.local/lib/python3.12/site-packages/airflow/example_dags/example_display_name.py
[2024-06-29T11:57:24.427+0000] {logging_mixin.py:188} INFO - [2024-06-29T11:57:24.427+0000] {dag.py:3096} INFO - Sync 1 DAGs
[2024-06-29T11:57:24.434+0000] {logging_mixin.py:188} INFO - [2024-06-29T11:57:24.434+0000] {dag.py:3954} INFO - Setting next_dagrun for example_display_name to None, run_after=None
[2024-06-29T11:57:24.447+0000] {processor.py:183} INFO - Processing /home/airflow/.local/lib/python3.12/site-packages/airflow/example_dags/example_display_name.py took 0.046 seconds
[2024-06-29T11:57:54.601+0000] {processor.py:161} INFO - Started process (PID=2215) to work on /home/airflow/.local/lib/python3.12/site-packages/airflow/example_dags/example_display_name.py
[2024-06-29T11:57:54.601+0000] {processor.py:830} INFO - Processing file /home/airflow/.local/lib/python3.12/site-packages/airflow/example_dags/example_display_name.py for tasks to queue
[2024-06-29T11:57:54.602+0000] {logging_mixin.py:188} INFO - [2024-06-29T11:57:54.602+0000] {dagbag.py:545} INFO - Filling up the DagBag from /home/airflow/.local/lib/python3.12/site-packages/airflow/example_dags/example_display_name.py
[2024-06-29T11:57:54.606+0000] {processor.py:840} INFO - DAG(s) 'example_display_name' retrieved from /home/airflow/.local/lib/python3.12/site-packages/airflow/example_dags/example_display_name.py
[2024-06-29T11:57:54.619+0000] {logging_mixin.py:188} INFO - [2024-06-29T11:57:54.619+0000] {dag.py:3096} INFO - Sync 1 DAGs
[2024-06-29T11:57:54.626+0000] {logging_mixin.py:188} INFO - [2024-06-29T11:57:54.626+0000] {dag.py:3954} INFO - Setting next_dagrun for example_display_name to None, run_after=None
[2024-06-29T11:57:54.636+0000] {processor.py:183} INFO - Processing /home/airflow/.local/lib/python3.12/site-packages/airflow/example_dags/example_display_name.py took 0.039 seconds
[2024-06-29T11:58:24.829+0000] {processor.py:161} INFO - Started process (PID=2477) to work on /home/airflow/.local/lib/python3.12/site-packages/airflow/example_dags/example_display_name.py
[2024-06-29T11:58:24.829+0000] {processor.py:830} INFO - Processing file /home/airflow/.local/lib/python3.12/site-packages/airflow/example_dags/example_display_name.py for tasks to queue
[2024-06-29T11:58:24.830+0000] {logging_mixin.py:188} INFO - [2024-06-29T11:58:24.830+0000] {dagbag.py:545} INFO - Filling up the DagBag from /home/airflow/.local/lib/python3.12/site-packages/airflow/example_dags/example_display_name.py
[2024-06-29T11:58:24.834+0000] {processor.py:840} INFO - DAG(s) 'example_display_name' retrieved from /home/airflow/.local/lib/python3.12/site-packages/airflow/example_dags/example_display_name.py
[2024-06-29T11:58:24.847+0000] {logging_mixin.py:188} INFO - [2024-06-29T11:58:24.847+0000] {dag.py:3096} INFO - Sync 1 DAGs
[2024-06-29T11:58:24.854+0000] {logging_mixin.py:188} INFO - [2024-06-29T11:58:24.854+0000] {dag.py:3954} INFO - Setting next_dagrun for example_display_name to None, run_after=None
[2024-06-29T11:58:24.864+0000] {processor.py:183} INFO - Processing /home/airflow/.local/lib/python3.12/site-packages/airflow/example_dags/example_display_name.py took 0.038 seconds
[2024-06-29T11:58:55.200+0000] {processor.py:161} INFO - Started process (PID=2741) to work on /home/airflow/.local/lib/python3.12/site-packages/airflow/example_dags/example_display_name.py
[2024-06-29T11:58:55.201+0000] {processor.py:830} INFO - Processing file /home/airflow/.local/lib/python3.12/site-packages/airflow/example_dags/example_display_name.py for tasks to queue
[2024-06-29T11:58:55.202+0000] {logging_mixin.py:188} INFO - [2024-06-29T11:58:55.202+0000] {dagbag.py:545} INFO - Filling up the DagBag from /home/airflow/.local/lib/python3.12/site-packages/airflow/example_dags/example_display_name.py
[2024-06-29T11:58:55.205+0000] {processor.py:840} INFO - DAG(s) 'example_display_name' retrieved from /home/airflow/.local/lib/python3.12/site-packages/airflow/example_dags/example_display_name.py
[2024-06-29T11:58:55.218+0000] {logging_mixin.py:188} INFO - [2024-06-29T11:58:55.218+0000] {dag.py:3096} INFO - Sync 1 DAGs
[2024-06-29T11:58:55.224+0000] {logging_mixin.py:188} INFO - [2024-06-29T11:58:55.224+0000] {dag.py:3954} INFO - Setting next_dagrun for example_display_name to None, run_after=None
[2024-06-29T11:58:55.233+0000] {processor.py:183} INFO - Processing /home/airflow/.local/lib/python3.12/site-packages/airflow/example_dags/example_display_name.py took 0.036 seconds
[2024-06-29T11:59:25.407+0000] {processor.py:161} INFO - Started process (PID=3001) to work on /home/airflow/.local/lib/python3.12/site-packages/airflow/example_dags/example_display_name.py
[2024-06-29T11:59:25.407+0000] {processor.py:830} INFO - Processing file /home/airflow/.local/lib/python3.12/site-packages/airflow/example_dags/example_display_name.py for tasks to queue
[2024-06-29T11:59:25.408+0000] {logging_mixin.py:188} INFO - [2024-06-29T11:59:25.408+0000] {dagbag.py:545} INFO - Filling up the DagBag from /home/airflow/.local/lib/python3.12/site-packages/airflow/example_dags/example_display_name.py
[2024-06-29T11:59:25.412+0000] {processor.py:840} INFO - DAG(s) 'example_display_name' retrieved from /home/airflow/.local/lib/python3.12/site-packages/airflow/example_dags/example_display_name.py
[2024-06-29T11:59:25.429+0000] {logging_mixin.py:188} INFO - [2024-06-29T11:59:25.428+0000] {dag.py:3096} INFO - Sync 1 DAGs
[2024-06-29T11:59:25.435+0000] {logging_mixin.py:188} INFO - [2024-06-29T11:59:25.435+0000] {dag.py:3954} INFO - Setting next_dagrun for example_display_name to None, run_after=None
[2024-06-29T11:59:25.445+0000] {processor.py:183} INFO - Processing /home/airflow/.local/lib/python3.12/site-packages/airflow/example_dags/example_display_name.py took 0.042 seconds
[2024-06-29T11:59:55.613+0000] {processor.py:161} INFO - Started process (PID=3263) to work on /home/airflow/.local/lib/python3.12/site-packages/airflow/example_dags/example_display_name.py
[2024-06-29T11:59:55.614+0000] {processor.py:830} INFO - Processing file /home/airflow/.local/lib/python3.12/site-packages/airflow/example_dags/example_display_name.py for tasks to queue
[2024-06-29T11:59:55.615+0000] {logging_mixin.py:188} INFO - [2024-06-29T11:59:55.615+0000] {dagbag.py:545} INFO - Filling up the DagBag from /home/airflow/.local/lib/python3.12/site-packages/airflow/example_dags/example_display_name.py
[2024-06-29T11:59:55.619+0000] {processor.py:840} INFO - DAG(s) 'example_display_name' retrieved from /home/airflow/.local/lib/python3.12/site-packages/airflow/example_dags/example_display_name.py
[2024-06-29T11:59:55.632+0000] {logging_mixin.py:188} INFO - [2024-06-29T11:59:55.632+0000] {dag.py:3096} INFO - Sync 1 DAGs
[2024-06-29T11:59:55.639+0000] {logging_mixin.py:188} INFO - [2024-06-29T11:59:55.639+0000] {dag.py:3954} INFO - Setting next_dagrun for example_display_name to None, run_after=None
[2024-06-29T11:59:55.649+0000] {processor.py:183} INFO - Processing /home/airflow/.local/lib/python3.12/site-packages/airflow/example_dags/example_display_name.py took 0.039 seconds
[2024-06-29T12:00:25.776+0000] {processor.py:161} INFO - Started process (PID=3525) to work on /home/airflow/.local/lib/python3.12/site-packages/airflow/example_dags/example_display_name.py
[2024-06-29T12:00:25.777+0000] {processor.py:830} INFO - Processing file /home/airflow/.local/lib/python3.12/site-packages/airflow/example_dags/example_display_name.py for tasks to queue
[2024-06-29T12:00:25.778+0000] {logging_mixin.py:188} INFO - [2024-06-29T12:00:25.778+0000] {dagbag.py:545} INFO - Filling up the DagBag from /home/airflow/.local/lib/python3.12/site-packages/airflow/example_dags/example_display_name.py
[2024-06-29T12:00:25.782+0000] {processor.py:840} INFO - DAG(s) 'example_display_name' retrieved from /home/airflow/.local/lib/python3.12/site-packages/airflow/example_dags/example_display_name.py
[2024-06-29T12:00:25.795+0000] {logging_mixin.py:188} INFO - [2024-06-29T12:00:25.795+0000] {dag.py:3096} INFO - Sync 1 DAGs
[2024-06-29T12:00:25.802+0000] {logging_mixin.py:188} INFO - [2024-06-29T12:00:25.802+0000] {dag.py:3954} INFO - Setting next_dagrun for example_display_name to None, run_after=None
[2024-06-29T12:00:25.811+0000] {processor.py:183} INFO - Processing /home/airflow/.local/lib/python3.12/site-packages/airflow/example_dags/example_display_name.py took 0.039 seconds
[2024-06-29T12:00:56.014+0000] {processor.py:161} INFO - Started process (PID=3787) to work on /home/airflow/.local/lib/python3.12/site-packages/airflow/example_dags/example_display_name.py
[2024-06-29T12:00:56.014+0000] {processor.py:830} INFO - Processing file /home/airflow/.local/lib/python3.12/site-packages/airflow/example_dags/example_display_name.py for tasks to queue
[2024-06-29T12:00:56.015+0000] {logging_mixin.py:188} INFO - [2024-06-29T12:00:56.015+0000] {dagbag.py:545} INFO - Filling up the DagBag from /home/airflow/.local/lib/python3.12/site-packages/airflow/example_dags/example_display_name.py
[2024-06-29T12:00:56.019+0000] {processor.py:840} INFO - DAG(s) 'example_display_name' retrieved from /home/airflow/.local/lib/python3.12/site-packages/airflow/example_dags/example_display_name.py
[2024-06-29T12:00:56.033+0000] {logging_mixin.py:188} INFO - [2024-06-29T12:00:56.033+0000] {dag.py:3096} INFO - Sync 1 DAGs
[2024-06-29T12:00:56.039+0000] {logging_mixin.py:188} INFO - [2024-06-29T12:00:56.039+0000] {dag.py:3954} INFO - Setting next_dagrun for example_display_name to None, run_after=None
[2024-06-29T12:00:56.049+0000] {processor.py:183} INFO - Processing /home/airflow/.local/lib/python3.12/site-packages/airflow/example_dags/example_display_name.py took 0.039 seconds
[2024-06-29T12:01:26.217+0000] {processor.py:161} INFO - Started process (PID=4049) to work on /home/airflow/.local/lib/python3.12/site-packages/airflow/example_dags/example_display_name.py
[2024-06-29T12:01:26.218+0000] {processor.py:830} INFO - Processing file /home/airflow/.local/lib/python3.12/site-packages/airflow/example_dags/example_display_name.py for tasks to queue
[2024-06-29T12:01:26.219+0000] {logging_mixin.py:188} INFO - [2024-06-29T12:01:26.219+0000] {dagbag.py:545} INFO - Filling up the DagBag from /home/airflow/.local/lib/python3.12/site-packages/airflow/example_dags/example_display_name.py
[2024-06-29T12:01:26.223+0000] {processor.py:840} INFO - DAG(s) 'example_display_name' retrieved from /home/airflow/.local/lib/python3.12/site-packages/airflow/example_dags/example_display_name.py
[2024-06-29T12:01:26.236+0000] {logging_mixin.py:188} INFO - [2024-06-29T12:01:26.236+0000] {dag.py:3096} INFO - Sync 1 DAGs
[2024-06-29T12:01:26.243+0000] {logging_mixin.py:188} INFO - [2024-06-29T12:01:26.243+0000] {dag.py:3954} INFO - Setting next_dagrun for example_display_name to None, run_after=None
[2024-06-29T12:01:26.253+0000] {processor.py:183} INFO - Processing /home/airflow/.local/lib/python3.12/site-packages/airflow/example_dags/example_display_name.py took 0.040 seconds
[2024-06-29T12:01:56.491+0000] {processor.py:161} INFO - Started process (PID=4311) to work on /home/airflow/.local/lib/python3.12/site-packages/airflow/example_dags/example_display_name.py
[2024-06-29T12:01:56.492+0000] {processor.py:830} INFO - Processing file /home/airflow/.local/lib/python3.12/site-packages/airflow/example_dags/example_display_name.py for tasks to queue
[2024-06-29T12:01:56.493+0000] {logging_mixin.py:188} INFO - [2024-06-29T12:01:56.493+0000] {dagbag.py:545} INFO - Filling up the DagBag from /home/airflow/.local/lib/python3.12/site-packages/airflow/example_dags/example_display_name.py
[2024-06-29T12:01:56.497+0000] {processor.py:840} INFO - DAG(s) 'example_display_name' retrieved from /home/airflow/.local/lib/python3.12/site-packages/airflow/example_dags/example_display_name.py
[2024-06-29T12:01:56.511+0000] {logging_mixin.py:188} INFO - [2024-06-29T12:01:56.511+0000] {dag.py:3096} INFO - Sync 1 DAGs
[2024-06-29T12:01:56.518+0000] {logging_mixin.py:188} INFO - [2024-06-29T12:01:56.518+0000] {dag.py:3954} INFO - Setting next_dagrun for example_display_name to None, run_after=None
[2024-06-29T12:01:56.528+0000] {processor.py:183} INFO - Processing /home/airflow/.local/lib/python3.12/site-packages/airflow/example_dags/example_display_name.py took 0.040 seconds
[2024-06-29T12:02:26.717+0000] {processor.py:161} INFO - Started process (PID=4573) to work on /home/airflow/.local/lib/python3.12/site-packages/airflow/example_dags/example_display_name.py
[2024-06-29T12:02:26.718+0000] {processor.py:830} INFO - Processing file /home/airflow/.local/lib/python3.12/site-packages/airflow/example_dags/example_display_name.py for tasks to queue
[2024-06-29T12:02:26.719+0000] {logging_mixin.py:188} INFO - [2024-06-29T12:02:26.718+0000] {dagbag.py:545} INFO - Filling up the DagBag from /home/airflow/.local/lib/python3.12/site-packages/airflow/example_dags/example_display_name.py
[2024-06-29T12:02:26.722+0000] {processor.py:840} INFO - DAG(s) 'example_display_name' retrieved from /home/airflow/.local/lib/python3.12/site-packages/airflow/example_dags/example_display_name.py
[2024-06-29T12:02:26.735+0000] {logging_mixin.py:188} INFO - [2024-06-29T12:02:26.735+0000] {dag.py:3096} INFO - Sync 1 DAGs
[2024-06-29T12:02:26.742+0000] {logging_mixin.py:188} INFO - [2024-06-29T12:02:26.742+0000] {dag.py:3954} INFO - Setting next_dagrun for example_display_name to None, run_after=None
[2024-06-29T12:02:26.751+0000] {processor.py:183} INFO - Processing /home/airflow/.local/lib/python3.12/site-packages/airflow/example_dags/example_display_name.py took 0.038 seconds
[2024-06-29T12:02:57.099+0000] {processor.py:161} INFO - Started process (PID=4835) to work on /home/airflow/.local/lib/python3.12/site-packages/airflow/example_dags/example_display_name.py
[2024-06-29T12:02:57.100+0000] {processor.py:830} INFO - Processing file /home/airflow/.local/lib/python3.12/site-packages/airflow/example_dags/example_display_name.py for tasks to queue
[2024-06-29T12:02:57.101+0000] {logging_mixin.py:188} INFO - [2024-06-29T12:02:57.101+0000] {dagbag.py:545} INFO - Filling up the DagBag from /home/airflow/.local/lib/python3.12/site-packages/airflow/example_dags/example_display_name.py
[2024-06-29T12:02:57.104+0000] {processor.py:840} INFO - DAG(s) 'example_display_name' retrieved from /home/airflow/.local/lib/python3.12/site-packages/airflow/example_dags/example_display_name.py
[2024-06-29T12:02:57.118+0000] {logging_mixin.py:188} INFO - [2024-06-29T12:02:57.117+0000] {dag.py:3096} INFO - Sync 1 DAGs
[2024-06-29T12:02:57.124+0000] {logging_mixin.py:188} INFO - [2024-06-29T12:02:57.124+0000] {dag.py:3954} INFO - Setting next_dagrun for example_display_name to None, run_after=None
[2024-06-29T12:02:57.134+0000] {processor.py:183} INFO - Processing /home/airflow/.local/lib/python3.12/site-packages/airflow/example_dags/example_display_name.py took 0.039 seconds
[2024-06-29T12:03:27.474+0000] {processor.py:161} INFO - Started process (PID=5107) to work on /home/airflow/.local/lib/python3.12/site-packages/airflow/example_dags/example_display_name.py
[2024-06-29T12:03:27.474+0000] {processor.py:830} INFO - Processing file /home/airflow/.local/lib/python3.12/site-packages/airflow/example_dags/example_display_name.py for tasks to queue
[2024-06-29T12:03:27.476+0000] {logging_mixin.py:188} INFO - [2024-06-29T12:03:27.475+0000] {dagbag.py:545} INFO - Filling up the DagBag from /home/airflow/.local/lib/python3.12/site-packages/airflow/example_dags/example_display_name.py
[2024-06-29T12:03:27.479+0000] {processor.py:840} INFO - DAG(s) 'example_display_name' retrieved from /home/airflow/.local/lib/python3.12/site-packages/airflow/example_dags/example_display_name.py
[2024-06-29T12:03:27.498+0000] {logging_mixin.py:188} INFO - [2024-06-29T12:03:27.498+0000] {dag.py:3096} INFO - Sync 1 DAGs
[2024-06-29T12:03:27.510+0000] {logging_mixin.py:188} INFO - [2024-06-29T12:03:27.510+0000] {dag.py:3954} INFO - Setting next_dagrun for example_display_name to None, run_after=None
[2024-06-29T12:03:27.537+0000] {processor.py:183} INFO - Processing /home/airflow/.local/lib/python3.12/site-packages/airflow/example_dags/example_display_name.py took 0.066 seconds
[2024-06-29T12:03:57.567+0000] {processor.py:161} INFO - Started process (PID=5369) to work on /home/airflow/.local/lib/python3.12/site-packages/airflow/example_dags/example_display_name.py
[2024-06-29T12:03:57.567+0000] {processor.py:830} INFO - Processing file /home/airflow/.local/lib/python3.12/site-packages/airflow/example_dags/example_display_name.py for tasks to queue
[2024-06-29T12:03:57.568+0000] {logging_mixin.py:188} INFO - [2024-06-29T12:03:57.568+0000] {dagbag.py:545} INFO - Filling up the DagBag from /home/airflow/.local/lib/python3.12/site-packages/airflow/example_dags/example_display_name.py
[2024-06-29T12:03:57.572+0000] {processor.py:840} INFO - DAG(s) 'example_display_name' retrieved from /home/airflow/.local/lib/python3.12/site-packages/airflow/example_dags/example_display_name.py
[2024-06-29T12:03:57.585+0000] {logging_mixin.py:188} INFO - [2024-06-29T12:03:57.585+0000] {dag.py:3096} INFO - Sync 1 DAGs
[2024-06-29T12:03:57.592+0000] {logging_mixin.py:188} INFO - [2024-06-29T12:03:57.592+0000] {dag.py:3954} INFO - Setting next_dagrun for example_display_name to None, run_after=None
[2024-06-29T12:03:57.602+0000] {processor.py:183} INFO - Processing /home/airflow/.local/lib/python3.12/site-packages/airflow/example_dags/example_display_name.py took 0.038 seconds
[2024-06-29T12:04:27.909+0000] {processor.py:161} INFO - Started process (PID=5631) to work on /home/airflow/.local/lib/python3.12/site-packages/airflow/example_dags/example_display_name.py
[2024-06-29T12:04:27.910+0000] {processor.py:830} INFO - Processing file /home/airflow/.local/lib/python3.12/site-packages/airflow/example_dags/example_display_name.py for tasks to queue
[2024-06-29T12:04:27.911+0000] {logging_mixin.py:188} INFO - [2024-06-29T12:04:27.911+0000] {dagbag.py:545} INFO - Filling up the DagBag from /home/airflow/.local/lib/python3.12/site-packages/airflow/example_dags/example_display_name.py
[2024-06-29T12:04:27.915+0000] {processor.py:840} INFO - DAG(s) 'example_display_name' retrieved from /home/airflow/.local/lib/python3.12/site-packages/airflow/example_dags/example_display_name.py
[2024-06-29T12:04:27.928+0000] {logging_mixin.py:188} INFO - [2024-06-29T12:04:27.927+0000] {dag.py:3096} INFO - Sync 1 DAGs
[2024-06-29T12:04:27.933+0000] {logging_mixin.py:188} INFO - [2024-06-29T12:04:27.933+0000] {dag.py:3954} INFO - Setting next_dagrun for example_display_name to None, run_after=None
[2024-06-29T12:04:27.942+0000] {processor.py:183} INFO - Processing /home/airflow/.local/lib/python3.12/site-packages/airflow/example_dags/example_display_name.py took 0.036 seconds
[2024-06-29T12:04:58.328+0000] {processor.py:161} INFO - Started process (PID=5893) to work on /home/airflow/.local/lib/python3.12/site-packages/airflow/example_dags/example_display_name.py
[2024-06-29T12:04:58.329+0000] {processor.py:830} INFO - Processing file /home/airflow/.local/lib/python3.12/site-packages/airflow/example_dags/example_display_name.py for tasks to queue
[2024-06-29T12:04:58.330+0000] {logging_mixin.py:188} INFO - [2024-06-29T12:04:58.330+0000] {dagbag.py:545} INFO - Filling up the DagBag from /home/airflow/.local/lib/python3.12/site-packages/airflow/example_dags/example_display_name.py
[2024-06-29T12:04:58.333+0000] {processor.py:840} INFO - DAG(s) 'example_display_name' retrieved from /home/airflow/.local/lib/python3.12/site-packages/airflow/example_dags/example_display_name.py
[2024-06-29T12:04:58.346+0000] {logging_mixin.py:188} INFO - [2024-06-29T12:04:58.346+0000] {dag.py:3096} INFO - Sync 1 DAGs
[2024-06-29T12:04:58.352+0000] {logging_mixin.py:188} INFO - [2024-06-29T12:04:58.352+0000] {dag.py:3954} INFO - Setting next_dagrun for example_display_name to None, run_after=None
[2024-06-29T12:04:58.360+0000] {processor.py:183} INFO - Processing /home/airflow/.local/lib/python3.12/site-packages/airflow/example_dags/example_display_name.py took 0.035 seconds
[2024-06-29T12:05:28.416+0000] {processor.py:161} INFO - Started process (PID=6155) to work on /home/airflow/.local/lib/python3.12/site-packages/airflow/example_dags/example_display_name.py
[2024-06-29T12:05:28.416+0000] {processor.py:830} INFO - Processing file /home/airflow/.local/lib/python3.12/site-packages/airflow/example_dags/example_display_name.py for tasks to queue
[2024-06-29T12:05:28.417+0000] {logging_mixin.py:188} INFO - [2024-06-29T12:05:28.417+0000] {dagbag.py:545} INFO - Filling up the DagBag from /home/airflow/.local/lib/python3.12/site-packages/airflow/example_dags/example_display_name.py
[2024-06-29T12:05:28.421+0000] {processor.py:840} INFO - DAG(s) 'example_display_name' retrieved from /home/airflow/.local/lib/python3.12/site-packages/airflow/example_dags/example_display_name.py
[2024-06-29T12:05:28.433+0000] {logging_mixin.py:188} INFO - [2024-06-29T12:05:28.433+0000] {dag.py:3096} INFO - Sync 1 DAGs
[2024-06-29T12:05:28.439+0000] {logging_mixin.py:188} INFO - [2024-06-29T12:05:28.439+0000] {dag.py:3954} INFO - Setting next_dagrun for example_display_name to None, run_after=None
[2024-06-29T12:05:28.447+0000] {processor.py:183} INFO - Processing /home/airflow/.local/lib/python3.12/site-packages/airflow/example_dags/example_display_name.py took 0.035 seconds
[2024-06-29T12:05:58.642+0000] {processor.py:161} INFO - Started process (PID=6415) to work on /home/airflow/.local/lib/python3.12/site-packages/airflow/example_dags/example_display_name.py
[2024-06-29T12:05:58.642+0000] {processor.py:830} INFO - Processing file /home/airflow/.local/lib/python3.12/site-packages/airflow/example_dags/example_display_name.py for tasks to queue
[2024-06-29T12:05:58.643+0000] {logging_mixin.py:188} INFO - [2024-06-29T12:05:58.643+0000] {dagbag.py:545} INFO - Filling up the DagBag from /home/airflow/.local/lib/python3.12/site-packages/airflow/example_dags/example_display_name.py
[2024-06-29T12:05:58.647+0000] {processor.py:840} INFO - DAG(s) 'example_display_name' retrieved from /home/airflow/.local/lib/python3.12/site-packages/airflow/example_dags/example_display_name.py
[2024-06-29T12:05:58.660+0000] {logging_mixin.py:188} INFO - [2024-06-29T12:05:58.660+0000] {dag.py:3096} INFO - Sync 1 DAGs
[2024-06-29T12:05:58.667+0000] {logging_mixin.py:188} INFO - [2024-06-29T12:05:58.666+0000] {dag.py:3954} INFO - Setting next_dagrun for example_display_name to None, run_after=None
[2024-06-29T12:05:58.676+0000] {processor.py:183} INFO - Processing /home/airflow/.local/lib/python3.12/site-packages/airflow/example_dags/example_display_name.py took 0.038 seconds
[2024-06-29T12:06:28.895+0000] {processor.py:161} INFO - Started process (PID=6677) to work on /home/airflow/.local/lib/python3.12/site-packages/airflow/example_dags/example_display_name.py
[2024-06-29T12:06:28.896+0000] {processor.py:830} INFO - Processing file /home/airflow/.local/lib/python3.12/site-packages/airflow/example_dags/example_display_name.py for tasks to queue
[2024-06-29T12:06:28.897+0000] {logging_mixin.py:188} INFO - [2024-06-29T12:06:28.897+0000] {dagbag.py:545} INFO - Filling up the DagBag from /home/airflow/.local/lib/python3.12/site-packages/airflow/example_dags/example_display_name.py
[2024-06-29T12:06:28.900+0000] {processor.py:840} INFO - DAG(s) 'example_display_name' retrieved from /home/airflow/.local/lib/python3.12/site-packages/airflow/example_dags/example_display_name.py
[2024-06-29T12:06:28.914+0000] {logging_mixin.py:188} INFO - [2024-06-29T12:06:28.913+0000] {dag.py:3096} INFO - Sync 1 DAGs
[2024-06-29T12:06:28.920+0000] {logging_mixin.py:188} INFO - [2024-06-29T12:06:28.920+0000] {dag.py:3954} INFO - Setting next_dagrun for example_display_name to None, run_after=None
[2024-06-29T12:06:28.929+0000] {processor.py:183} INFO - Processing /home/airflow/.local/lib/python3.12/site-packages/airflow/example_dags/example_display_name.py took 0.037 seconds
[2024-06-29T12:06:59.110+0000] {processor.py:161} INFO - Started process (PID=6940) to work on /home/airflow/.local/lib/python3.12/site-packages/airflow/example_dags/example_display_name.py
[2024-06-29T12:06:59.110+0000] {processor.py:830} INFO - Processing file /home/airflow/.local/lib/python3.12/site-packages/airflow/example_dags/example_display_name.py for tasks to queue
[2024-06-29T12:06:59.111+0000] {logging_mixin.py:188} INFO - [2024-06-29T12:06:59.111+0000] {dagbag.py:545} INFO - Filling up the DagBag from /home/airflow/.local/lib/python3.12/site-packages/airflow/example_dags/example_display_name.py
[2024-06-29T12:06:59.115+0000] {processor.py:840} INFO - DAG(s) 'example_display_name' retrieved from /home/airflow/.local/lib/python3.12/site-packages/airflow/example_dags/example_display_name.py
[2024-06-29T12:06:59.128+0000] {logging_mixin.py:188} INFO - [2024-06-29T12:06:59.128+0000] {dag.py:3096} INFO - Sync 1 DAGs
[2024-06-29T12:06:59.135+0000] {logging_mixin.py:188} INFO - [2024-06-29T12:06:59.135+0000] {dag.py:3954} INFO - Setting next_dagrun for example_display_name to None, run_after=None
[2024-06-29T12:06:59.145+0000] {processor.py:183} INFO - Processing /home/airflow/.local/lib/python3.12/site-packages/airflow/example_dags/example_display_name.py took 0.039 seconds
[2024-06-29T12:07:29.323+0000] {processor.py:161} INFO - Started process (PID=7202) to work on /home/airflow/.local/lib/python3.12/site-packages/airflow/example_dags/example_display_name.py
[2024-06-29T12:07:29.324+0000] {processor.py:830} INFO - Processing file /home/airflow/.local/lib/python3.12/site-packages/airflow/example_dags/example_display_name.py for tasks to queue
[2024-06-29T12:07:29.325+0000] {logging_mixin.py:188} INFO - [2024-06-29T12:07:29.324+0000] {dagbag.py:545} INFO - Filling up the DagBag from /home/airflow/.local/lib/python3.12/site-packages/airflow/example_dags/example_display_name.py
[2024-06-29T12:07:29.328+0000] {processor.py:840} INFO - DAG(s) 'example_display_name' retrieved from /home/airflow/.local/lib/python3.12/site-packages/airflow/example_dags/example_display_name.py
[2024-06-29T12:07:29.342+0000] {logging_mixin.py:188} INFO - [2024-06-29T12:07:29.342+0000] {dag.py:3096} INFO - Sync 1 DAGs
[2024-06-29T12:07:29.348+0000] {logging_mixin.py:188} INFO - [2024-06-29T12:07:29.348+0000] {dag.py:3954} INFO - Setting next_dagrun for example_display_name to None, run_after=None
[2024-06-29T12:07:29.358+0000] {processor.py:183} INFO - Processing /home/airflow/.local/lib/python3.12/site-packages/airflow/example_dags/example_display_name.py took 0.038 seconds
[2024-06-29T12:07:59.480+0000] {processor.py:161} INFO - Started process (PID=7464) to work on /home/airflow/.local/lib/python3.12/site-packages/airflow/example_dags/example_display_name.py
[2024-06-29T12:07:59.481+0000] {processor.py:830} INFO - Processing file /home/airflow/.local/lib/python3.12/site-packages/airflow/example_dags/example_display_name.py for tasks to queue
[2024-06-29T12:07:59.482+0000] {logging_mixin.py:188} INFO - [2024-06-29T12:07:59.482+0000] {dagbag.py:545} INFO - Filling up the DagBag from /home/airflow/.local/lib/python3.12/site-packages/airflow/example_dags/example_display_name.py
[2024-06-29T12:07:59.485+0000] {processor.py:840} INFO - DAG(s) 'example_display_name' retrieved from /home/airflow/.local/lib/python3.12/site-packages/airflow/example_dags/example_display_name.py
[2024-06-29T12:07:59.498+0000] {logging_mixin.py:188} INFO - [2024-06-29T12:07:59.498+0000] {dag.py:3096} INFO - Sync 1 DAGs
[2024-06-29T12:07:59.505+0000] {logging_mixin.py:188} INFO - [2024-06-29T12:07:59.505+0000] {dag.py:3954} INFO - Setting next_dagrun for example_display_name to None, run_after=None
[2024-06-29T12:07:59.514+0000] {processor.py:183} INFO - Processing /home/airflow/.local/lib/python3.12/site-packages/airflow/example_dags/example_display_name.py took 0.037 seconds
[2024-06-29T12:08:29.676+0000] {processor.py:161} INFO - Started process (PID=7727) to work on /home/airflow/.local/lib/python3.12/site-packages/airflow/example_dags/example_display_name.py
[2024-06-29T12:08:29.677+0000] {processor.py:830} INFO - Processing file /home/airflow/.local/lib/python3.12/site-packages/airflow/example_dags/example_display_name.py for tasks to queue
[2024-06-29T12:08:29.678+0000] {logging_mixin.py:188} INFO - [2024-06-29T12:08:29.678+0000] {dagbag.py:545} INFO - Filling up the DagBag from /home/airflow/.local/lib/python3.12/site-packages/airflow/example_dags/example_display_name.py
[2024-06-29T12:08:29.681+0000] {processor.py:840} INFO - DAG(s) 'example_display_name' retrieved from /home/airflow/.local/lib/python3.12/site-packages/airflow/example_dags/example_display_name.py
[2024-06-29T12:08:29.695+0000] {logging_mixin.py:188} INFO - [2024-06-29T12:08:29.695+0000] {dag.py:3096} INFO - Sync 1 DAGs
[2024-06-29T12:08:29.701+0000] {logging_mixin.py:188} INFO - [2024-06-29T12:08:29.701+0000] {dag.py:3954} INFO - Setting next_dagrun for example_display_name to None, run_after=None
[2024-06-29T12:08:29.710+0000] {processor.py:183} INFO - Processing /home/airflow/.local/lib/python3.12/site-packages/airflow/example_dags/example_display_name.py took 0.038 seconds
[2024-06-29T12:08:59.948+0000] {processor.py:161} INFO - Started process (PID=7990) to work on /home/airflow/.local/lib/python3.12/site-packages/airflow/example_dags/example_display_name.py
[2024-06-29T12:08:59.949+0000] {processor.py:830} INFO - Processing file /home/airflow/.local/lib/python3.12/site-packages/airflow/example_dags/example_display_name.py for tasks to queue
[2024-06-29T12:08:59.950+0000] {logging_mixin.py:188} INFO - [2024-06-29T12:08:59.950+0000] {dagbag.py:545} INFO - Filling up the DagBag from /home/airflow/.local/lib/python3.12/site-packages/airflow/example_dags/example_display_name.py
[2024-06-29T12:08:59.953+0000] {processor.py:840} INFO - DAG(s) 'example_display_name' retrieved from /home/airflow/.local/lib/python3.12/site-packages/airflow/example_dags/example_display_name.py
[2024-06-29T12:08:59.967+0000] {logging_mixin.py:188} INFO - [2024-06-29T12:08:59.967+0000] {dag.py:3096} INFO - Sync 1 DAGs
[2024-06-29T12:08:59.973+0000] {logging_mixin.py:188} INFO - [2024-06-29T12:08:59.973+0000] {dag.py:3954} INFO - Setting next_dagrun for example_display_name to None, run_after=None
[2024-06-29T12:08:59.983+0000] {processor.py:183} INFO - Processing /home/airflow/.local/lib/python3.12/site-packages/airflow/example_dags/example_display_name.py took 0.039 seconds
[2024-06-29T12:09:30.327+0000] {processor.py:161} INFO - Started process (PID=8254) to work on /home/airflow/.local/lib/python3.12/site-packages/airflow/example_dags/example_display_name.py
[2024-06-29T12:09:30.328+0000] {processor.py:830} INFO - Processing file /home/airflow/.local/lib/python3.12/site-packages/airflow/example_dags/example_display_name.py for tasks to queue
[2024-06-29T12:09:30.329+0000] {logging_mixin.py:188} INFO - [2024-06-29T12:09:30.329+0000] {dagbag.py:545} INFO - Filling up the DagBag from /home/airflow/.local/lib/python3.12/site-packages/airflow/example_dags/example_display_name.py
[2024-06-29T12:09:30.333+0000] {processor.py:840} INFO - DAG(s) 'example_display_name' retrieved from /home/airflow/.local/lib/python3.12/site-packages/airflow/example_dags/example_display_name.py
[2024-06-29T12:09:30.346+0000] {logging_mixin.py:188} INFO - [2024-06-29T12:09:30.345+0000] {dag.py:3096} INFO - Sync 1 DAGs
[2024-06-29T12:09:30.351+0000] {logging_mixin.py:188} INFO - [2024-06-29T12:09:30.351+0000] {dag.py:3954} INFO - Setting next_dagrun for example_display_name to None, run_after=None
[2024-06-29T12:09:30.360+0000] {processor.py:183} INFO - Processing /home/airflow/.local/lib/python3.12/site-packages/airflow/example_dags/example_display_name.py took 0.036 seconds
[2024-06-29T12:10:01.168+0000] {processor.py:161} INFO - Started process (PID=8514) to work on /home/airflow/.local/lib/python3.12/site-packages/airflow/example_dags/example_display_name.py
[2024-06-29T12:10:01.169+0000] {processor.py:830} INFO - Processing file /home/airflow/.local/lib/python3.12/site-packages/airflow/example_dags/example_display_name.py for tasks to queue
[2024-06-29T12:10:01.170+0000] {logging_mixin.py:188} INFO - [2024-06-29T12:10:01.170+0000] {dagbag.py:545} INFO - Filling up the DagBag from /home/airflow/.local/lib/python3.12/site-packages/airflow/example_dags/example_display_name.py
[2024-06-29T12:10:01.174+0000] {processor.py:840} INFO - DAG(s) 'example_display_name' retrieved from /home/airflow/.local/lib/python3.12/site-packages/airflow/example_dags/example_display_name.py
[2024-06-29T12:10:01.189+0000] {logging_mixin.py:188} INFO - [2024-06-29T12:10:01.189+0000] {dag.py:3096} INFO - Sync 1 DAGs
[2024-06-29T12:10:01.196+0000] {logging_mixin.py:188} INFO - [2024-06-29T12:10:01.196+0000] {dag.py:3954} INFO - Setting next_dagrun for example_display_name to None, run_after=None
[2024-06-29T12:10:01.305+0000] {processor.py:183} INFO - Processing /home/airflow/.local/lib/python3.12/site-packages/airflow/example_dags/example_display_name.py took 0.141 seconds
[2024-06-29T12:10:31.893+0000] {processor.py:161} INFO - Started process (PID=8776) to work on /home/airflow/.local/lib/python3.12/site-packages/airflow/example_dags/example_display_name.py
[2024-06-29T12:10:31.894+0000] {processor.py:830} INFO - Processing file /home/airflow/.local/lib/python3.12/site-packages/airflow/example_dags/example_display_name.py for tasks to queue
[2024-06-29T12:10:31.895+0000] {logging_mixin.py:188} INFO - [2024-06-29T12:10:31.895+0000] {dagbag.py:545} INFO - Filling up the DagBag from /home/airflow/.local/lib/python3.12/site-packages/airflow/example_dags/example_display_name.py
[2024-06-29T12:10:31.898+0000] {processor.py:840} INFO - DAG(s) 'example_display_name' retrieved from /home/airflow/.local/lib/python3.12/site-packages/airflow/example_dags/example_display_name.py
[2024-06-29T12:10:31.912+0000] {logging_mixin.py:188} INFO - [2024-06-29T12:10:31.912+0000] {dag.py:3096} INFO - Sync 1 DAGs
[2024-06-29T12:10:31.920+0000] {logging_mixin.py:188} INFO - [2024-06-29T12:10:31.920+0000] {dag.py:3954} INFO - Setting next_dagrun for example_display_name to None, run_after=None
[2024-06-29T12:10:32.018+0000] {processor.py:183} INFO - Processing /home/airflow/.local/lib/python3.12/site-packages/airflow/example_dags/example_display_name.py took 0.129 seconds
[2024-06-29T12:11:02.319+0000] {processor.py:161} INFO - Started process (PID=9038) to work on /home/airflow/.local/lib/python3.12/site-packages/airflow/example_dags/example_display_name.py
[2024-06-29T12:11:02.320+0000] {processor.py:830} INFO - Processing file /home/airflow/.local/lib/python3.12/site-packages/airflow/example_dags/example_display_name.py for tasks to queue
[2024-06-29T12:11:02.321+0000] {logging_mixin.py:188} INFO - [2024-06-29T12:11:02.321+0000] {dagbag.py:545} INFO - Filling up the DagBag from /home/airflow/.local/lib/python3.12/site-packages/airflow/example_dags/example_display_name.py
[2024-06-29T12:11:02.325+0000] {processor.py:840} INFO - DAG(s) 'example_display_name' retrieved from /home/airflow/.local/lib/python3.12/site-packages/airflow/example_dags/example_display_name.py
[2024-06-29T12:11:02.339+0000] {logging_mixin.py:188} INFO - [2024-06-29T12:11:02.339+0000] {dag.py:3096} INFO - Sync 1 DAGs
[2024-06-29T12:11:02.346+0000] {logging_mixin.py:188} INFO - [2024-06-29T12:11:02.345+0000] {dag.py:3954} INFO - Setting next_dagrun for example_display_name to None, run_after=None
[2024-06-29T12:11:02.355+0000] {processor.py:183} INFO - Processing /home/airflow/.local/lib/python3.12/site-packages/airflow/example_dags/example_display_name.py took 0.039 seconds
[2024-06-29T12:11:33.081+0000] {processor.py:161} INFO - Started process (PID=9300) to work on /home/airflow/.local/lib/python3.12/site-packages/airflow/example_dags/example_display_name.py
[2024-06-29T12:11:33.082+0000] {processor.py:830} INFO - Processing file /home/airflow/.local/lib/python3.12/site-packages/airflow/example_dags/example_display_name.py for tasks to queue
[2024-06-29T12:11:33.083+0000] {logging_mixin.py:188} INFO - [2024-06-29T12:11:33.083+0000] {dagbag.py:545} INFO - Filling up the DagBag from /home/airflow/.local/lib/python3.12/site-packages/airflow/example_dags/example_display_name.py
[2024-06-29T12:11:33.087+0000] {processor.py:840} INFO - DAG(s) 'example_display_name' retrieved from /home/airflow/.local/lib/python3.12/site-packages/airflow/example_dags/example_display_name.py
[2024-06-29T12:11:33.102+0000] {logging_mixin.py:188} INFO - [2024-06-29T12:11:33.101+0000] {dag.py:3096} INFO - Sync 1 DAGs
[2024-06-29T12:11:33.109+0000] {logging_mixin.py:188} INFO - [2024-06-29T12:11:33.109+0000] {dag.py:3954} INFO - Setting next_dagrun for example_display_name to None, run_after=None
[2024-06-29T12:11:33.218+0000] {processor.py:183} INFO - Processing /home/airflow/.local/lib/python3.12/site-packages/airflow/example_dags/example_display_name.py took 0.141 seconds
[2024-06-29T12:12:03.259+0000] {processor.py:161} INFO - Started process (PID=9562) to work on /home/airflow/.local/lib/python3.12/site-packages/airflow/example_dags/example_display_name.py
[2024-06-29T12:12:03.260+0000] {processor.py:830} INFO - Processing file /home/airflow/.local/lib/python3.12/site-packages/airflow/example_dags/example_display_name.py for tasks to queue
[2024-06-29T12:12:03.261+0000] {logging_mixin.py:188} INFO - [2024-06-29T12:12:03.261+0000] {dagbag.py:545} INFO - Filling up the DagBag from /home/airflow/.local/lib/python3.12/site-packages/airflow/example_dags/example_display_name.py
[2024-06-29T12:12:03.265+0000] {processor.py:840} INFO - DAG(s) 'example_display_name' retrieved from /home/airflow/.local/lib/python3.12/site-packages/airflow/example_dags/example_display_name.py
[2024-06-29T12:12:03.278+0000] {logging_mixin.py:188} INFO - [2024-06-29T12:12:03.278+0000] {dag.py:3096} INFO - Sync 1 DAGs
[2024-06-29T12:12:03.285+0000] {logging_mixin.py:188} INFO - [2024-06-29T12:12:03.285+0000] {dag.py:3954} INFO - Setting next_dagrun for example_display_name to None, run_after=None
[2024-06-29T12:12:03.294+0000] {processor.py:183} INFO - Processing /home/airflow/.local/lib/python3.12/site-packages/airflow/example_dags/example_display_name.py took 0.038 seconds
[2024-06-29T12:12:33.354+0000] {processor.py:161} INFO - Started process (PID=9825) to work on /home/airflow/.local/lib/python3.12/site-packages/airflow/example_dags/example_display_name.py
[2024-06-29T12:12:33.355+0000] {processor.py:830} INFO - Processing file /home/airflow/.local/lib/python3.12/site-packages/airflow/example_dags/example_display_name.py for tasks to queue
[2024-06-29T12:12:33.356+0000] {logging_mixin.py:188} INFO - [2024-06-29T12:12:33.355+0000] {dagbag.py:545} INFO - Filling up the DagBag from /home/airflow/.local/lib/python3.12/site-packages/airflow/example_dags/example_display_name.py
[2024-06-29T12:12:33.359+0000] {processor.py:840} INFO - DAG(s) 'example_display_name' retrieved from /home/airflow/.local/lib/python3.12/site-packages/airflow/example_dags/example_display_name.py
[2024-06-29T12:12:33.373+0000] {logging_mixin.py:188} INFO - [2024-06-29T12:12:33.372+0000] {dag.py:3096} INFO - Sync 1 DAGs
[2024-06-29T12:12:33.379+0000] {logging_mixin.py:188} INFO - [2024-06-29T12:12:33.379+0000] {dag.py:3954} INFO - Setting next_dagrun for example_display_name to None, run_after=None
[2024-06-29T12:12:33.388+0000] {processor.py:183} INFO - Processing /home/airflow/.local/lib/python3.12/site-packages/airflow/example_dags/example_display_name.py took 0.038 seconds
[2024-06-29T12:13:03.558+0000] {processor.py:161} INFO - Started process (PID=10088) to work on /home/airflow/.local/lib/python3.12/site-packages/airflow/example_dags/example_display_name.py
[2024-06-29T12:13:03.559+0000] {processor.py:830} INFO - Processing file /home/airflow/.local/lib/python3.12/site-packages/airflow/example_dags/example_display_name.py for tasks to queue
[2024-06-29T12:13:03.560+0000] {logging_mixin.py:188} INFO - [2024-06-29T12:13:03.560+0000] {dagbag.py:545} INFO - Filling up the DagBag from /home/airflow/.local/lib/python3.12/site-packages/airflow/example_dags/example_display_name.py
[2024-06-29T12:13:03.564+0000] {processor.py:840} INFO - DAG(s) 'example_display_name' retrieved from /home/airflow/.local/lib/python3.12/site-packages/airflow/example_dags/example_display_name.py
[2024-06-29T12:13:03.577+0000] {logging_mixin.py:188} INFO - [2024-06-29T12:13:03.577+0000] {dag.py:3096} INFO - Sync 1 DAGs
[2024-06-29T12:13:03.584+0000] {logging_mixin.py:188} INFO - [2024-06-29T12:13:03.584+0000] {dag.py:3954} INFO - Setting next_dagrun for example_display_name to None, run_after=None
[2024-06-29T12:13:03.593+0000] {processor.py:183} INFO - Processing /home/airflow/.local/lib/python3.12/site-packages/airflow/example_dags/example_display_name.py took 0.038 seconds
[2024-06-29T12:13:33.735+0000] {processor.py:161} INFO - Started process (PID=10348) to work on /home/airflow/.local/lib/python3.12/site-packages/airflow/example_dags/example_display_name.py
[2024-06-29T12:13:33.736+0000] {processor.py:830} INFO - Processing file /home/airflow/.local/lib/python3.12/site-packages/airflow/example_dags/example_display_name.py for tasks to queue
[2024-06-29T12:13:33.737+0000] {logging_mixin.py:188} INFO - [2024-06-29T12:13:33.737+0000] {dagbag.py:545} INFO - Filling up the DagBag from /home/airflow/.local/lib/python3.12/site-packages/airflow/example_dags/example_display_name.py
[2024-06-29T12:13:33.740+0000] {processor.py:840} INFO - DAG(s) 'example_display_name' retrieved from /home/airflow/.local/lib/python3.12/site-packages/airflow/example_dags/example_display_name.py
[2024-06-29T12:13:33.754+0000] {logging_mixin.py:188} INFO - [2024-06-29T12:13:33.754+0000] {dag.py:3096} INFO - Sync 1 DAGs
[2024-06-29T12:13:33.762+0000] {logging_mixin.py:188} INFO - [2024-06-29T12:13:33.761+0000] {dag.py:3954} INFO - Setting next_dagrun for example_display_name to None, run_after=None
[2024-06-29T12:13:33.771+0000] {processor.py:183} INFO - Processing /home/airflow/.local/lib/python3.12/site-packages/airflow/example_dags/example_display_name.py took 0.040 seconds
[2024-06-29T12:14:03.938+0000] {processor.py:161} INFO - Started process (PID=10610) to work on /home/airflow/.local/lib/python3.12/site-packages/airflow/example_dags/example_display_name.py
[2024-06-29T12:14:03.939+0000] {processor.py:830} INFO - Processing file /home/airflow/.local/lib/python3.12/site-packages/airflow/example_dags/example_display_name.py for tasks to queue
[2024-06-29T12:14:03.940+0000] {logging_mixin.py:188} INFO - [2024-06-29T12:14:03.940+0000] {dagbag.py:545} INFO - Filling up the DagBag from /home/airflow/.local/lib/python3.12/site-packages/airflow/example_dags/example_display_name.py
[2024-06-29T12:14:03.944+0000] {processor.py:840} INFO - DAG(s) 'example_display_name' retrieved from /home/airflow/.local/lib/python3.12/site-packages/airflow/example_dags/example_display_name.py
[2024-06-29T12:14:03.959+0000] {logging_mixin.py:188} INFO - [2024-06-29T12:14:03.959+0000] {dag.py:3096} INFO - Sync 1 DAGs
[2024-06-29T12:14:03.966+0000] {logging_mixin.py:188} INFO - [2024-06-29T12:14:03.966+0000] {dag.py:3954} INFO - Setting next_dagrun for example_display_name to None, run_after=None
[2024-06-29T12:14:03.975+0000] {processor.py:183} INFO - Processing /home/airflow/.local/lib/python3.12/site-packages/airflow/example_dags/example_display_name.py took 0.041 seconds
[2024-06-29T12:14:34.016+0000] {processor.py:161} INFO - Started process (PID=10872) to work on /home/airflow/.local/lib/python3.12/site-packages/airflow/example_dags/example_display_name.py
[2024-06-29T12:14:34.017+0000] {processor.py:830} INFO - Processing file /home/airflow/.local/lib/python3.12/site-packages/airflow/example_dags/example_display_name.py for tasks to queue
[2024-06-29T12:14:34.018+0000] {logging_mixin.py:188} INFO - [2024-06-29T12:14:34.018+0000] {dagbag.py:545} INFO - Filling up the DagBag from /home/airflow/.local/lib/python3.12/site-packages/airflow/example_dags/example_display_name.py
[2024-06-29T12:14:34.022+0000] {processor.py:840} INFO - DAG(s) 'example_display_name' retrieved from /home/airflow/.local/lib/python3.12/site-packages/airflow/example_dags/example_display_name.py
[2024-06-29T12:14:34.037+0000] {logging_mixin.py:188} INFO - [2024-06-29T12:14:34.036+0000] {dag.py:3096} INFO - Sync 1 DAGs
[2024-06-29T12:14:34.043+0000] {logging_mixin.py:188} INFO - [2024-06-29T12:14:34.043+0000] {dag.py:3954} INFO - Setting next_dagrun for example_display_name to None, run_after=None
[2024-06-29T12:14:34.053+0000] {processor.py:183} INFO - Processing /home/airflow/.local/lib/python3.12/site-packages/airflow/example_dags/example_display_name.py took 0.040 seconds
[2024-06-29T12:15:05.158+0000] {processor.py:161} INFO - Started process (PID=11136) to work on /home/airflow/.local/lib/python3.12/site-packages/airflow/example_dags/example_display_name.py
[2024-06-29T12:15:05.159+0000] {processor.py:830} INFO - Processing file /home/airflow/.local/lib/python3.12/site-packages/airflow/example_dags/example_display_name.py for tasks to queue
[2024-06-29T12:15:05.160+0000] {logging_mixin.py:188} INFO - [2024-06-29T12:15:05.160+0000] {dagbag.py:545} INFO - Filling up the DagBag from /home/airflow/.local/lib/python3.12/site-packages/airflow/example_dags/example_display_name.py
[2024-06-29T12:15:05.163+0000] {processor.py:840} INFO - DAG(s) 'example_display_name' retrieved from /home/airflow/.local/lib/python3.12/site-packages/airflow/example_dags/example_display_name.py
[2024-06-29T12:15:05.176+0000] {logging_mixin.py:188} INFO - [2024-06-29T12:15:05.176+0000] {dag.py:3096} INFO - Sync 1 DAGs
[2024-06-29T12:15:05.182+0000] {logging_mixin.py:188} INFO - [2024-06-29T12:15:05.182+0000] {dag.py:3954} INFO - Setting next_dagrun for example_display_name to None, run_after=None
[2024-06-29T12:15:05.190+0000] {processor.py:183} INFO - Processing /home/airflow/.local/lib/python3.12/site-packages/airflow/example_dags/example_display_name.py took 0.035 seconds
[2024-06-29T12:15:35.356+0000] {processor.py:161} INFO - Started process (PID=11396) to work on /home/airflow/.local/lib/python3.12/site-packages/airflow/example_dags/example_display_name.py
[2024-06-29T12:15:35.356+0000] {processor.py:830} INFO - Processing file /home/airflow/.local/lib/python3.12/site-packages/airflow/example_dags/example_display_name.py for tasks to queue
[2024-06-29T12:15:35.357+0000] {logging_mixin.py:188} INFO - [2024-06-29T12:15:35.357+0000] {dagbag.py:545} INFO - Filling up the DagBag from /home/airflow/.local/lib/python3.12/site-packages/airflow/example_dags/example_display_name.py
[2024-06-29T12:15:35.361+0000] {processor.py:840} INFO - DAG(s) 'example_display_name' retrieved from /home/airflow/.local/lib/python3.12/site-packages/airflow/example_dags/example_display_name.py
[2024-06-29T12:15:35.375+0000] {logging_mixin.py:188} INFO - [2024-06-29T12:15:35.374+0000] {dag.py:3096} INFO - Sync 1 DAGs
[2024-06-29T12:15:35.381+0000] {logging_mixin.py:188} INFO - [2024-06-29T12:15:35.381+0000] {dag.py:3954} INFO - Setting next_dagrun for example_display_name to None, run_after=None
[2024-06-29T12:15:35.390+0000] {processor.py:183} INFO - Processing /home/airflow/.local/lib/python3.12/site-packages/airflow/example_dags/example_display_name.py took 0.038 seconds
[2024-06-29T12:16:05.522+0000] {processor.py:161} INFO - Started process (PID=11659) to work on /home/airflow/.local/lib/python3.12/site-packages/airflow/example_dags/example_display_name.py
[2024-06-29T12:16:05.522+0000] {processor.py:830} INFO - Processing file /home/airflow/.local/lib/python3.12/site-packages/airflow/example_dags/example_display_name.py for tasks to queue
[2024-06-29T12:16:05.523+0000] {logging_mixin.py:188} INFO - [2024-06-29T12:16:05.523+0000] {dagbag.py:545} INFO - Filling up the DagBag from /home/airflow/.local/lib/python3.12/site-packages/airflow/example_dags/example_display_name.py
[2024-06-29T12:16:05.527+0000] {processor.py:840} INFO - DAG(s) 'example_display_name' retrieved from /home/airflow/.local/lib/python3.12/site-packages/airflow/example_dags/example_display_name.py
[2024-06-29T12:16:05.540+0000] {logging_mixin.py:188} INFO - [2024-06-29T12:16:05.540+0000] {dag.py:3096} INFO - Sync 1 DAGs
[2024-06-29T12:16:05.547+0000] {logging_mixin.py:188} INFO - [2024-06-29T12:16:05.547+0000] {dag.py:3954} INFO - Setting next_dagrun for example_display_name to None, run_after=None
[2024-06-29T12:16:05.556+0000] {processor.py:183} INFO - Processing /home/airflow/.local/lib/python3.12/site-packages/airflow/example_dags/example_display_name.py took 0.038 seconds
[2024-06-29T12:16:35.833+0000] {processor.py:161} INFO - Started process (PID=11923) to work on /home/airflow/.local/lib/python3.12/site-packages/airflow/example_dags/example_display_name.py
[2024-06-29T12:16:35.834+0000] {processor.py:830} INFO - Processing file /home/airflow/.local/lib/python3.12/site-packages/airflow/example_dags/example_display_name.py for tasks to queue
[2024-06-29T12:16:35.835+0000] {logging_mixin.py:188} INFO - [2024-06-29T12:16:35.834+0000] {dagbag.py:545} INFO - Filling up the DagBag from /home/airflow/.local/lib/python3.12/site-packages/airflow/example_dags/example_display_name.py
[2024-06-29T12:16:35.838+0000] {processor.py:840} INFO - DAG(s) 'example_display_name' retrieved from /home/airflow/.local/lib/python3.12/site-packages/airflow/example_dags/example_display_name.py
[2024-06-29T12:16:35.852+0000] {logging_mixin.py:188} INFO - [2024-06-29T12:16:35.852+0000] {dag.py:3096} INFO - Sync 1 DAGs
[2024-06-29T12:16:35.859+0000] {logging_mixin.py:188} INFO - [2024-06-29T12:16:35.859+0000] {dag.py:3954} INFO - Setting next_dagrun for example_display_name to None, run_after=None
[2024-06-29T12:16:35.870+0000] {processor.py:183} INFO - Processing /home/airflow/.local/lib/python3.12/site-packages/airflow/example_dags/example_display_name.py took 0.041 seconds
[2024-06-29T12:17:06.027+0000] {processor.py:161} INFO - Started process (PID=12183) to work on /home/airflow/.local/lib/python3.12/site-packages/airflow/example_dags/example_display_name.py
[2024-06-29T12:17:06.028+0000] {processor.py:830} INFO - Processing file /home/airflow/.local/lib/python3.12/site-packages/airflow/example_dags/example_display_name.py for tasks to queue
[2024-06-29T12:17:06.029+0000] {logging_mixin.py:188} INFO - [2024-06-29T12:17:06.029+0000] {dagbag.py:545} INFO - Filling up the DagBag from /home/airflow/.local/lib/python3.12/site-packages/airflow/example_dags/example_display_name.py
[2024-06-29T12:17:06.033+0000] {processor.py:840} INFO - DAG(s) 'example_display_name' retrieved from /home/airflow/.local/lib/python3.12/site-packages/airflow/example_dags/example_display_name.py
[2024-06-29T12:17:06.046+0000] {logging_mixin.py:188} INFO - [2024-06-29T12:17:06.046+0000] {dag.py:3096} INFO - Sync 1 DAGs
[2024-06-29T12:17:06.053+0000] {logging_mixin.py:188} INFO - [2024-06-29T12:17:06.053+0000] {dag.py:3954} INFO - Setting next_dagrun for example_display_name to None, run_after=None
[2024-06-29T12:17:06.062+0000] {processor.py:183} INFO - Processing /home/airflow/.local/lib/python3.12/site-packages/airflow/example_dags/example_display_name.py took 0.038 seconds
[2024-06-29T12:17:36.183+0000] {processor.py:161} INFO - Started process (PID=12439) to work on /home/airflow/.local/lib/python3.12/site-packages/airflow/example_dags/example_display_name.py
[2024-06-29T12:17:36.184+0000] {processor.py:830} INFO - Processing file /home/airflow/.local/lib/python3.12/site-packages/airflow/example_dags/example_display_name.py for tasks to queue
[2024-06-29T12:17:36.185+0000] {logging_mixin.py:188} INFO - [2024-06-29T12:17:36.184+0000] {dagbag.py:545} INFO - Filling up the DagBag from /home/airflow/.local/lib/python3.12/site-packages/airflow/example_dags/example_display_name.py
[2024-06-29T12:17:36.188+0000] {processor.py:840} INFO - DAG(s) 'example_display_name' retrieved from /home/airflow/.local/lib/python3.12/site-packages/airflow/example_dags/example_display_name.py
[2024-06-29T12:17:36.202+0000] {logging_mixin.py:188} INFO - [2024-06-29T12:17:36.202+0000] {dag.py:3096} INFO - Sync 1 DAGs
[2024-06-29T12:17:36.209+0000] {logging_mixin.py:188} INFO - [2024-06-29T12:17:36.209+0000] {dag.py:3954} INFO - Setting next_dagrun for example_display_name to None, run_after=None
[2024-06-29T12:17:36.218+0000] {processor.py:183} INFO - Processing /home/airflow/.local/lib/python3.12/site-packages/airflow/example_dags/example_display_name.py took 0.039 seconds
[2024-06-29T12:18:06.338+0000] {processor.py:161} INFO - Started process (PID=12703) to work on /home/airflow/.local/lib/python3.12/site-packages/airflow/example_dags/example_display_name.py
[2024-06-29T12:18:06.339+0000] {processor.py:830} INFO - Processing file /home/airflow/.local/lib/python3.12/site-packages/airflow/example_dags/example_display_name.py for tasks to queue
[2024-06-29T12:18:06.340+0000] {logging_mixin.py:188} INFO - [2024-06-29T12:18:06.339+0000] {dagbag.py:545} INFO - Filling up the DagBag from /home/airflow/.local/lib/python3.12/site-packages/airflow/example_dags/example_display_name.py
[2024-06-29T12:18:06.343+0000] {processor.py:840} INFO - DAG(s) 'example_display_name' retrieved from /home/airflow/.local/lib/python3.12/site-packages/airflow/example_dags/example_display_name.py
[2024-06-29T12:18:06.356+0000] {logging_mixin.py:188} INFO - [2024-06-29T12:18:06.356+0000] {dag.py:3096} INFO - Sync 1 DAGs
[2024-06-29T12:18:06.362+0000] {logging_mixin.py:188} INFO - [2024-06-29T12:18:06.362+0000] {dag.py:3954} INFO - Setting next_dagrun for example_display_name to None, run_after=None
[2024-06-29T12:18:06.370+0000] {processor.py:183} INFO - Processing /home/airflow/.local/lib/python3.12/site-packages/airflow/example_dags/example_display_name.py took 0.035 seconds
[2024-06-29T12:18:36.514+0000] {processor.py:161} INFO - Started process (PID=12962) to work on /home/airflow/.local/lib/python3.12/site-packages/airflow/example_dags/example_display_name.py
[2024-06-29T12:18:36.515+0000] {processor.py:830} INFO - Processing file /home/airflow/.local/lib/python3.12/site-packages/airflow/example_dags/example_display_name.py for tasks to queue
[2024-06-29T12:18:36.516+0000] {logging_mixin.py:188} INFO - [2024-06-29T12:18:36.516+0000] {dagbag.py:545} INFO - Filling up the DagBag from /home/airflow/.local/lib/python3.12/site-packages/airflow/example_dags/example_display_name.py
[2024-06-29T12:18:36.520+0000] {processor.py:840} INFO - DAG(s) 'example_display_name' retrieved from /home/airflow/.local/lib/python3.12/site-packages/airflow/example_dags/example_display_name.py
[2024-06-29T12:18:36.535+0000] {logging_mixin.py:188} INFO - [2024-06-29T12:18:36.535+0000] {dag.py:3096} INFO - Sync 1 DAGs
[2024-06-29T12:18:36.543+0000] {logging_mixin.py:188} INFO - [2024-06-29T12:18:36.543+0000] {dag.py:3954} INFO - Setting next_dagrun for example_display_name to None, run_after=None
[2024-06-29T12:18:36.555+0000] {processor.py:183} INFO - Processing /home/airflow/.local/lib/python3.12/site-packages/airflow/example_dags/example_display_name.py took 0.044 seconds
[2024-06-29T12:19:06.579+0000] {processor.py:161} INFO - Started process (PID=13225) to work on /home/airflow/.local/lib/python3.12/site-packages/airflow/example_dags/example_display_name.py
[2024-06-29T12:19:06.579+0000] {processor.py:830} INFO - Processing file /home/airflow/.local/lib/python3.12/site-packages/airflow/example_dags/example_display_name.py for tasks to queue
[2024-06-29T12:19:06.580+0000] {logging_mixin.py:188} INFO - [2024-06-29T12:19:06.580+0000] {dagbag.py:545} INFO - Filling up the DagBag from /home/airflow/.local/lib/python3.12/site-packages/airflow/example_dags/example_display_name.py
[2024-06-29T12:19:06.584+0000] {processor.py:840} INFO - DAG(s) 'example_display_name' retrieved from /home/airflow/.local/lib/python3.12/site-packages/airflow/example_dags/example_display_name.py
[2024-06-29T12:19:06.597+0000] {logging_mixin.py:188} INFO - [2024-06-29T12:19:06.597+0000] {dag.py:3096} INFO - Sync 1 DAGs
[2024-06-29T12:19:06.604+0000] {logging_mixin.py:188} INFO - [2024-06-29T12:19:06.604+0000] {dag.py:3954} INFO - Setting next_dagrun for example_display_name to None, run_after=None
[2024-06-29T12:19:06.614+0000] {processor.py:183} INFO - Processing /home/airflow/.local/lib/python3.12/site-packages/airflow/example_dags/example_display_name.py took 0.039 seconds
[2024-06-29T12:19:37.810+0000] {processor.py:161} INFO - Started process (PID=13489) to work on /home/airflow/.local/lib/python3.12/site-packages/airflow/example_dags/example_display_name.py
[2024-06-29T12:19:37.811+0000] {processor.py:830} INFO - Processing file /home/airflow/.local/lib/python3.12/site-packages/airflow/example_dags/example_display_name.py for tasks to queue
[2024-06-29T12:19:37.812+0000] {logging_mixin.py:188} INFO - [2024-06-29T12:19:37.812+0000] {dagbag.py:545} INFO - Filling up the DagBag from /home/airflow/.local/lib/python3.12/site-packages/airflow/example_dags/example_display_name.py
[2024-06-29T12:19:37.815+0000] {processor.py:840} INFO - DAG(s) 'example_display_name' retrieved from /home/airflow/.local/lib/python3.12/site-packages/airflow/example_dags/example_display_name.py
[2024-06-29T12:19:37.828+0000] {logging_mixin.py:188} INFO - [2024-06-29T12:19:37.828+0000] {dag.py:3096} INFO - Sync 1 DAGs
[2024-06-29T12:19:37.834+0000] {logging_mixin.py:188} INFO - [2024-06-29T12:19:37.834+0000] {dag.py:3954} INFO - Setting next_dagrun for example_display_name to None, run_after=None
[2024-06-29T12:19:37.842+0000] {processor.py:183} INFO - Processing /home/airflow/.local/lib/python3.12/site-packages/airflow/example_dags/example_display_name.py took 0.035 seconds
[2024-06-29T12:20:07.986+0000] {processor.py:161} INFO - Started process (PID=13751) to work on /home/airflow/.local/lib/python3.12/site-packages/airflow/example_dags/example_display_name.py
[2024-06-29T12:20:07.987+0000] {processor.py:830} INFO - Processing file /home/airflow/.local/lib/python3.12/site-packages/airflow/example_dags/example_display_name.py for tasks to queue
[2024-06-29T12:20:07.988+0000] {logging_mixin.py:188} INFO - [2024-06-29T12:20:07.988+0000] {dagbag.py:545} INFO - Filling up the DagBag from /home/airflow/.local/lib/python3.12/site-packages/airflow/example_dags/example_display_name.py
[2024-06-29T12:20:07.991+0000] {processor.py:840} INFO - DAG(s) 'example_display_name' retrieved from /home/airflow/.local/lib/python3.12/site-packages/airflow/example_dags/example_display_name.py
[2024-06-29T12:20:08.004+0000] {logging_mixin.py:188} INFO - [2024-06-29T12:20:08.004+0000] {dag.py:3096} INFO - Sync 1 DAGs
[2024-06-29T12:20:08.010+0000] {logging_mixin.py:188} INFO - [2024-06-29T12:20:08.010+0000] {dag.py:3954} INFO - Setting next_dagrun for example_display_name to None, run_after=None
[2024-06-29T12:20:08.018+0000] {processor.py:183} INFO - Processing /home/airflow/.local/lib/python3.12/site-packages/airflow/example_dags/example_display_name.py took 0.035 seconds
[2024-06-29T12:20:38.142+0000] {processor.py:161} INFO - Started process (PID=14011) to work on /home/airflow/.local/lib/python3.12/site-packages/airflow/example_dags/example_display_name.py
[2024-06-29T12:20:38.143+0000] {processor.py:830} INFO - Processing file /home/airflow/.local/lib/python3.12/site-packages/airflow/example_dags/example_display_name.py for tasks to queue
[2024-06-29T12:20:38.144+0000] {logging_mixin.py:188} INFO - [2024-06-29T12:20:38.144+0000] {dagbag.py:545} INFO - Filling up the DagBag from /home/airflow/.local/lib/python3.12/site-packages/airflow/example_dags/example_display_name.py
[2024-06-29T12:20:38.148+0000] {processor.py:840} INFO - DAG(s) 'example_display_name' retrieved from /home/airflow/.local/lib/python3.12/site-packages/airflow/example_dags/example_display_name.py
[2024-06-29T12:20:38.161+0000] {logging_mixin.py:188} INFO - [2024-06-29T12:20:38.161+0000] {dag.py:3096} INFO - Sync 1 DAGs
[2024-06-29T12:20:38.168+0000] {logging_mixin.py:188} INFO - [2024-06-29T12:20:38.168+0000] {dag.py:3954} INFO - Setting next_dagrun for example_display_name to None, run_after=None
[2024-06-29T12:20:38.177+0000] {processor.py:183} INFO - Processing /home/airflow/.local/lib/python3.12/site-packages/airflow/example_dags/example_display_name.py took 0.039 seconds
[2024-06-29T12:21:08.372+0000] {processor.py:161} INFO - Started process (PID=14275) to work on /home/airflow/.local/lib/python3.12/site-packages/airflow/example_dags/example_display_name.py
[2024-06-29T12:21:08.373+0000] {processor.py:830} INFO - Processing file /home/airflow/.local/lib/python3.12/site-packages/airflow/example_dags/example_display_name.py for tasks to queue
[2024-06-29T12:21:08.374+0000] {logging_mixin.py:188} INFO - [2024-06-29T12:21:08.374+0000] {dagbag.py:545} INFO - Filling up the DagBag from /home/airflow/.local/lib/python3.12/site-packages/airflow/example_dags/example_display_name.py
[2024-06-29T12:21:08.378+0000] {processor.py:840} INFO - DAG(s) 'example_display_name' retrieved from /home/airflow/.local/lib/python3.12/site-packages/airflow/example_dags/example_display_name.py
[2024-06-29T12:21:08.392+0000] {logging_mixin.py:188} INFO - [2024-06-29T12:21:08.392+0000] {dag.py:3096} INFO - Sync 1 DAGs
[2024-06-29T12:21:08.399+0000] {logging_mixin.py:188} INFO - [2024-06-29T12:21:08.399+0000] {dag.py:3954} INFO - Setting next_dagrun for example_display_name to None, run_after=None
[2024-06-29T12:21:08.408+0000] {processor.py:183} INFO - Processing /home/airflow/.local/lib/python3.12/site-packages/airflow/example_dags/example_display_name.py took 0.039 seconds
[2024-06-29T12:21:38.516+0000] {processor.py:161} INFO - Started process (PID=14535) to work on /home/airflow/.local/lib/python3.12/site-packages/airflow/example_dags/example_display_name.py
[2024-06-29T12:21:38.517+0000] {processor.py:830} INFO - Processing file /home/airflow/.local/lib/python3.12/site-packages/airflow/example_dags/example_display_name.py for tasks to queue
[2024-06-29T12:21:38.518+0000] {logging_mixin.py:188} INFO - [2024-06-29T12:21:38.518+0000] {dagbag.py:545} INFO - Filling up the DagBag from /home/airflow/.local/lib/python3.12/site-packages/airflow/example_dags/example_display_name.py
[2024-06-29T12:21:38.521+0000] {processor.py:840} INFO - DAG(s) 'example_display_name' retrieved from /home/airflow/.local/lib/python3.12/site-packages/airflow/example_dags/example_display_name.py
[2024-06-29T12:21:38.535+0000] {logging_mixin.py:188} INFO - [2024-06-29T12:21:38.535+0000] {dag.py:3096} INFO - Sync 1 DAGs
[2024-06-29T12:21:38.542+0000] {logging_mixin.py:188} INFO - [2024-06-29T12:21:38.541+0000] {dag.py:3954} INFO - Setting next_dagrun for example_display_name to None, run_after=None
[2024-06-29T12:21:38.551+0000] {processor.py:183} INFO - Processing /home/airflow/.local/lib/python3.12/site-packages/airflow/example_dags/example_display_name.py took 0.038 seconds
[2024-06-29T12:22:08.718+0000] {processor.py:161} INFO - Started process (PID=14797) to work on /home/airflow/.local/lib/python3.12/site-packages/airflow/example_dags/example_display_name.py
[2024-06-29T12:22:08.719+0000] {processor.py:830} INFO - Processing file /home/airflow/.local/lib/python3.12/site-packages/airflow/example_dags/example_display_name.py for tasks to queue
[2024-06-29T12:22:08.720+0000] {logging_mixin.py:188} INFO - [2024-06-29T12:22:08.720+0000] {dagbag.py:545} INFO - Filling up the DagBag from /home/airflow/.local/lib/python3.12/site-packages/airflow/example_dags/example_display_name.py
[2024-06-29T12:22:08.724+0000] {processor.py:840} INFO - DAG(s) 'example_display_name' retrieved from /home/airflow/.local/lib/python3.12/site-packages/airflow/example_dags/example_display_name.py
[2024-06-29T12:22:08.737+0000] {logging_mixin.py:188} INFO - [2024-06-29T12:22:08.737+0000] {dag.py:3096} INFO - Sync 1 DAGs
[2024-06-29T12:22:08.743+0000] {logging_mixin.py:188} INFO - [2024-06-29T12:22:08.743+0000] {dag.py:3954} INFO - Setting next_dagrun for example_display_name to None, run_after=None
[2024-06-29T12:22:08.752+0000] {processor.py:183} INFO - Processing /home/airflow/.local/lib/python3.12/site-packages/airflow/example_dags/example_display_name.py took 0.037 seconds
[2024-06-29T12:22:38.873+0000] {processor.py:161} INFO - Started process (PID=15060) to work on /home/airflow/.local/lib/python3.12/site-packages/airflow/example_dags/example_display_name.py
[2024-06-29T12:22:38.874+0000] {processor.py:830} INFO - Processing file /home/airflow/.local/lib/python3.12/site-packages/airflow/example_dags/example_display_name.py for tasks to queue
[2024-06-29T12:22:38.875+0000] {logging_mixin.py:188} INFO - [2024-06-29T12:22:38.875+0000] {dagbag.py:545} INFO - Filling up the DagBag from /home/airflow/.local/lib/python3.12/site-packages/airflow/example_dags/example_display_name.py
[2024-06-29T12:22:38.878+0000] {processor.py:840} INFO - DAG(s) 'example_display_name' retrieved from /home/airflow/.local/lib/python3.12/site-packages/airflow/example_dags/example_display_name.py
[2024-06-29T12:22:38.892+0000] {logging_mixin.py:188} INFO - [2024-06-29T12:22:38.892+0000] {dag.py:3096} INFO - Sync 1 DAGs
[2024-06-29T12:22:38.899+0000] {logging_mixin.py:188} INFO - [2024-06-29T12:22:38.899+0000] {dag.py:3954} INFO - Setting next_dagrun for example_display_name to None, run_after=None
[2024-06-29T12:22:38.908+0000] {processor.py:183} INFO - Processing /home/airflow/.local/lib/python3.12/site-packages/airflow/example_dags/example_display_name.py took 0.038 seconds
[2024-06-29T12:23:09.116+0000] {processor.py:161} INFO - Started process (PID=15322) to work on /home/airflow/.local/lib/python3.12/site-packages/airflow/example_dags/example_display_name.py
[2024-06-29T12:23:09.117+0000] {processor.py:830} INFO - Processing file /home/airflow/.local/lib/python3.12/site-packages/airflow/example_dags/example_display_name.py for tasks to queue
[2024-06-29T12:23:09.118+0000] {logging_mixin.py:188} INFO - [2024-06-29T12:23:09.118+0000] {dagbag.py:545} INFO - Filling up the DagBag from /home/airflow/.local/lib/python3.12/site-packages/airflow/example_dags/example_display_name.py
[2024-06-29T12:23:09.122+0000] {processor.py:840} INFO - DAG(s) 'example_display_name' retrieved from /home/airflow/.local/lib/python3.12/site-packages/airflow/example_dags/example_display_name.py
[2024-06-29T12:23:09.135+0000] {logging_mixin.py:188} INFO - [2024-06-29T12:23:09.135+0000] {dag.py:3096} INFO - Sync 1 DAGs
[2024-06-29T12:23:09.142+0000] {logging_mixin.py:188} INFO - [2024-06-29T12:23:09.142+0000] {dag.py:3954} INFO - Setting next_dagrun for example_display_name to None, run_after=None
[2024-06-29T12:23:09.152+0000] {processor.py:183} INFO - Processing /home/airflow/.local/lib/python3.12/site-packages/airflow/example_dags/example_display_name.py took 0.040 seconds
[2024-06-29T12:23:39.340+0000] {processor.py:161} INFO - Started process (PID=15584) to work on /home/airflow/.local/lib/python3.12/site-packages/airflow/example_dags/example_display_name.py
[2024-06-29T12:23:39.341+0000] {processor.py:830} INFO - Processing file /home/airflow/.local/lib/python3.12/site-packages/airflow/example_dags/example_display_name.py for tasks to queue
[2024-06-29T12:23:39.342+0000] {logging_mixin.py:188} INFO - [2024-06-29T12:23:39.342+0000] {dagbag.py:545} INFO - Filling up the DagBag from /home/airflow/.local/lib/python3.12/site-packages/airflow/example_dags/example_display_name.py
[2024-06-29T12:23:39.345+0000] {processor.py:840} INFO - DAG(s) 'example_display_name' retrieved from /home/airflow/.local/lib/python3.12/site-packages/airflow/example_dags/example_display_name.py
[2024-06-29T12:23:39.359+0000] {logging_mixin.py:188} INFO - [2024-06-29T12:23:39.358+0000] {dag.py:3096} INFO - Sync 1 DAGs
[2024-06-29T12:23:39.365+0000] {logging_mixin.py:188} INFO - [2024-06-29T12:23:39.365+0000] {dag.py:3954} INFO - Setting next_dagrun for example_display_name to None, run_after=None
[2024-06-29T12:23:39.374+0000] {processor.py:183} INFO - Processing /home/airflow/.local/lib/python3.12/site-packages/airflow/example_dags/example_display_name.py took 0.038 seconds
[2024-06-29T12:24:09.593+0000] {processor.py:161} INFO - Started process (PID=15847) to work on /home/airflow/.local/lib/python3.12/site-packages/airflow/example_dags/example_display_name.py
[2024-06-29T12:24:09.594+0000] {processor.py:830} INFO - Processing file /home/airflow/.local/lib/python3.12/site-packages/airflow/example_dags/example_display_name.py for tasks to queue
[2024-06-29T12:24:09.595+0000] {logging_mixin.py:188} INFO - [2024-06-29T12:24:09.595+0000] {dagbag.py:545} INFO - Filling up the DagBag from /home/airflow/.local/lib/python3.12/site-packages/airflow/example_dags/example_display_name.py
[2024-06-29T12:24:09.598+0000] {processor.py:840} INFO - DAG(s) 'example_display_name' retrieved from /home/airflow/.local/lib/python3.12/site-packages/airflow/example_dags/example_display_name.py
[2024-06-29T12:24:09.612+0000] {logging_mixin.py:188} INFO - [2024-06-29T12:24:09.612+0000] {dag.py:3096} INFO - Sync 1 DAGs
[2024-06-29T12:24:09.618+0000] {logging_mixin.py:188} INFO - [2024-06-29T12:24:09.618+0000] {dag.py:3954} INFO - Setting next_dagrun for example_display_name to None, run_after=None
[2024-06-29T12:24:09.627+0000] {processor.py:183} INFO - Processing /home/airflow/.local/lib/python3.12/site-packages/airflow/example_dags/example_display_name.py took 0.038 seconds
[2024-06-29T12:24:39.697+0000] {processor.py:161} INFO - Started process (PID=16112) to work on /home/airflow/.local/lib/python3.12/site-packages/airflow/example_dags/example_display_name.py
[2024-06-29T12:24:39.697+0000] {processor.py:830} INFO - Processing file /home/airflow/.local/lib/python3.12/site-packages/airflow/example_dags/example_display_name.py for tasks to queue
[2024-06-29T12:24:39.699+0000] {logging_mixin.py:188} INFO - [2024-06-29T12:24:39.698+0000] {dagbag.py:545} INFO - Filling up the DagBag from /home/airflow/.local/lib/python3.12/site-packages/airflow/example_dags/example_display_name.py
[2024-06-29T12:24:39.702+0000] {processor.py:840} INFO - DAG(s) 'example_display_name' retrieved from /home/airflow/.local/lib/python3.12/site-packages/airflow/example_dags/example_display_name.py
[2024-06-29T12:24:39.715+0000] {logging_mixin.py:188} INFO - [2024-06-29T12:24:39.715+0000] {dag.py:3096} INFO - Sync 1 DAGs
[2024-06-29T12:24:39.721+0000] {logging_mixin.py:188} INFO - [2024-06-29T12:24:39.721+0000] {dag.py:3954} INFO - Setting next_dagrun for example_display_name to None, run_after=None
[2024-06-29T12:24:39.729+0000] {processor.py:183} INFO - Processing /home/airflow/.local/lib/python3.12/site-packages/airflow/example_dags/example_display_name.py took 0.036 seconds
[2024-06-29T12:25:09.872+0000] {processor.py:161} INFO - Started process (PID=16372) to work on /home/airflow/.local/lib/python3.12/site-packages/airflow/example_dags/example_display_name.py
[2024-06-29T12:25:09.873+0000] {processor.py:830} INFO - Processing file /home/airflow/.local/lib/python3.12/site-packages/airflow/example_dags/example_display_name.py for tasks to queue
[2024-06-29T12:25:09.874+0000] {logging_mixin.py:188} INFO - [2024-06-29T12:25:09.873+0000] {dagbag.py:545} INFO - Filling up the DagBag from /home/airflow/.local/lib/python3.12/site-packages/airflow/example_dags/example_display_name.py
[2024-06-29T12:25:09.877+0000] {processor.py:840} INFO - DAG(s) 'example_display_name' retrieved from /home/airflow/.local/lib/python3.12/site-packages/airflow/example_dags/example_display_name.py
[2024-06-29T12:25:09.891+0000] {logging_mixin.py:188} INFO - [2024-06-29T12:25:09.891+0000] {dag.py:3096} INFO - Sync 1 DAGs
[2024-06-29T12:25:09.897+0000] {logging_mixin.py:188} INFO - [2024-06-29T12:25:09.897+0000] {dag.py:3954} INFO - Setting next_dagrun for example_display_name to None, run_after=None
[2024-06-29T12:25:09.911+0000] {processor.py:183} INFO - Processing /home/airflow/.local/lib/python3.12/site-packages/airflow/example_dags/example_display_name.py took 0.043 seconds
