[2024-06-29T11:54:20.950+0000] {processor.py:161} INFO - Started process (PID=325) to work on /home/airflow/.local/lib/python3.12/site-packages/airflow/example_dags/example_branch_operator.py
[2024-06-29T11:54:20.951+0000] {processor.py:830} INFO - Processing file /home/airflow/.local/lib/python3.12/site-packages/airflow/example_dags/example_branch_operator.py for tasks to queue
[2024-06-29T11:54:20.952+0000] {logging_mixin.py:188} INFO - [2024-06-29T11:54:20.951+0000] {dagbag.py:545} INFO - Filling up the DagBag from /home/airflow/.local/lib/python3.12/site-packages/airflow/example_dags/example_branch_operator.py
[2024-06-29T11:54:20.961+0000] {processor.py:840} INFO - DAG(s) 'example_branch_operator' retrieved from /home/airflow/.local/lib/python3.12/site-packages/airflow/example_dags/example_branch_operator.py
[2024-06-29T11:54:20.971+0000] {logging_mixin.py:188} INFO - [2024-06-29T11:54:20.971+0000] {dag.py:3096} INFO - Sync 1 DAGs
[2024-06-29T11:54:20.985+0000] {logging_mixin.py:188} INFO - [2024-06-29T11:54:20.984+0000] {dag.py:3954} INFO - Setting next_dagrun for example_branch_operator to 2024-06-28 00:00:00+00:00, run_after=2024-06-29 00:00:00+00:00
[2024-06-29T11:54:20.994+0000] {processor.py:183} INFO - Processing /home/airflow/.local/lib/python3.12/site-packages/airflow/example_dags/example_branch_operator.py took 0.048 seconds
[2024-06-29T11:54:52.652+0000] {processor.py:161} INFO - Started process (PID=587) to work on /home/airflow/.local/lib/python3.12/site-packages/airflow/example_dags/example_branch_operator.py
[2024-06-29T11:54:52.653+0000] {processor.py:830} INFO - Processing file /home/airflow/.local/lib/python3.12/site-packages/airflow/example_dags/example_branch_operator.py for tasks to queue
[2024-06-29T11:54:52.654+0000] {logging_mixin.py:188} INFO - [2024-06-29T11:54:52.654+0000] {dagbag.py:545} INFO - Filling up the DagBag from /home/airflow/.local/lib/python3.12/site-packages/airflow/example_dags/example_branch_operator.py
[2024-06-29T11:54:52.662+0000] {processor.py:840} INFO - DAG(s) 'example_branch_operator' retrieved from /home/airflow/.local/lib/python3.12/site-packages/airflow/example_dags/example_branch_operator.py
[2024-06-29T11:54:52.720+0000] {logging_mixin.py:188} INFO - [2024-06-29T11:54:52.720+0000] {dag.py:3096} INFO - Sync 1 DAGs
[2024-06-29T11:54:52.729+0000] {logging_mixin.py:188} INFO - [2024-06-29T11:54:52.729+0000] {dag.py:3954} INFO - Setting next_dagrun for example_branch_operator to 2024-06-28 00:00:00+00:00, run_after=2024-06-29 00:00:00+00:00
[2024-06-29T11:54:52.738+0000] {processor.py:183} INFO - Processing /home/airflow/.local/lib/python3.12/site-packages/airflow/example_dags/example_branch_operator.py took 0.090 seconds
[2024-06-29T11:55:22.876+0000] {processor.py:161} INFO - Started process (PID=849) to work on /home/airflow/.local/lib/python3.12/site-packages/airflow/example_dags/example_branch_operator.py
[2024-06-29T11:55:22.876+0000] {processor.py:830} INFO - Processing file /home/airflow/.local/lib/python3.12/site-packages/airflow/example_dags/example_branch_operator.py for tasks to queue
[2024-06-29T11:55:22.877+0000] {logging_mixin.py:188} INFO - [2024-06-29T11:55:22.877+0000] {dagbag.py:545} INFO - Filling up the DagBag from /home/airflow/.local/lib/python3.12/site-packages/airflow/example_dags/example_branch_operator.py
[2024-06-29T11:55:22.886+0000] {processor.py:840} INFO - DAG(s) 'example_branch_operator' retrieved from /home/airflow/.local/lib/python3.12/site-packages/airflow/example_dags/example_branch_operator.py
[2024-06-29T11:55:22.904+0000] {logging_mixin.py:188} INFO - [2024-06-29T11:55:22.903+0000] {dag.py:3096} INFO - Sync 1 DAGs
[2024-06-29T11:55:22.915+0000] {logging_mixin.py:188} INFO - [2024-06-29T11:55:22.915+0000] {dag.py:3954} INFO - Setting next_dagrun for example_branch_operator to 2024-06-28 00:00:00+00:00, run_after=2024-06-29 00:00:00+00:00
[2024-06-29T11:55:22.924+0000] {processor.py:183} INFO - Processing /home/airflow/.local/lib/python3.12/site-packages/airflow/example_dags/example_branch_operator.py took 0.052 seconds
[2024-06-29T11:55:53.260+0000] {processor.py:161} INFO - Started process (PID=1111) to work on /home/airflow/.local/lib/python3.12/site-packages/airflow/example_dags/example_branch_operator.py
[2024-06-29T11:55:53.261+0000] {processor.py:830} INFO - Processing file /home/airflow/.local/lib/python3.12/site-packages/airflow/example_dags/example_branch_operator.py for tasks to queue
[2024-06-29T11:55:53.262+0000] {logging_mixin.py:188} INFO - [2024-06-29T11:55:53.262+0000] {dagbag.py:545} INFO - Filling up the DagBag from /home/airflow/.local/lib/python3.12/site-packages/airflow/example_dags/example_branch_operator.py
[2024-06-29T11:55:53.271+0000] {processor.py:840} INFO - DAG(s) 'example_branch_operator' retrieved from /home/airflow/.local/lib/python3.12/site-packages/airflow/example_dags/example_branch_operator.py
[2024-06-29T11:55:53.288+0000] {logging_mixin.py:188} INFO - [2024-06-29T11:55:53.288+0000] {dag.py:3096} INFO - Sync 1 DAGs
[2024-06-29T11:55:53.299+0000] {logging_mixin.py:188} INFO - [2024-06-29T11:55:53.299+0000] {dag.py:3954} INFO - Setting next_dagrun for example_branch_operator to 2024-06-28 00:00:00+00:00, run_after=2024-06-29 00:00:00+00:00
[2024-06-29T11:55:53.309+0000] {processor.py:183} INFO - Processing /home/airflow/.local/lib/python3.12/site-packages/airflow/example_dags/example_branch_operator.py took 0.052 seconds
[2024-06-29T11:56:23.522+0000] {processor.py:161} INFO - Started process (PID=1374) to work on /home/airflow/.local/lib/python3.12/site-packages/airflow/example_dags/example_branch_operator.py
[2024-06-29T11:56:23.523+0000] {processor.py:830} INFO - Processing file /home/airflow/.local/lib/python3.12/site-packages/airflow/example_dags/example_branch_operator.py for tasks to queue
[2024-06-29T11:56:23.524+0000] {logging_mixin.py:188} INFO - [2024-06-29T11:56:23.524+0000] {dagbag.py:545} INFO - Filling up the DagBag from /home/airflow/.local/lib/python3.12/site-packages/airflow/example_dags/example_branch_operator.py
[2024-06-29T11:56:23.533+0000] {processor.py:840} INFO - DAG(s) 'example_branch_operator' retrieved from /home/airflow/.local/lib/python3.12/site-packages/airflow/example_dags/example_branch_operator.py
[2024-06-29T11:56:23.550+0000] {logging_mixin.py:188} INFO - [2024-06-29T11:56:23.550+0000] {dag.py:3096} INFO - Sync 1 DAGs
[2024-06-29T11:56:23.562+0000] {logging_mixin.py:188} INFO - [2024-06-29T11:56:23.562+0000] {dag.py:3954} INFO - Setting next_dagrun for example_branch_operator to 2024-06-28 00:00:00+00:00, run_after=2024-06-29 00:00:00+00:00
[2024-06-29T11:56:23.572+0000] {processor.py:183} INFO - Processing /home/airflow/.local/lib/python3.12/site-packages/airflow/example_dags/example_branch_operator.py took 0.053 seconds
[2024-06-29T11:56:53.690+0000] {processor.py:161} INFO - Started process (PID=1636) to work on /home/airflow/.local/lib/python3.12/site-packages/airflow/example_dags/example_branch_operator.py
[2024-06-29T11:56:53.690+0000] {processor.py:830} INFO - Processing file /home/airflow/.local/lib/python3.12/site-packages/airflow/example_dags/example_branch_operator.py for tasks to queue
[2024-06-29T11:56:53.691+0000] {logging_mixin.py:188} INFO - [2024-06-29T11:56:53.691+0000] {dagbag.py:545} INFO - Filling up the DagBag from /home/airflow/.local/lib/python3.12/site-packages/airflow/example_dags/example_branch_operator.py
[2024-06-29T11:56:53.700+0000] {processor.py:840} INFO - DAG(s) 'example_branch_operator' retrieved from /home/airflow/.local/lib/python3.12/site-packages/airflow/example_dags/example_branch_operator.py
[2024-06-29T11:56:53.717+0000] {logging_mixin.py:188} INFO - [2024-06-29T11:56:53.717+0000] {dag.py:3096} INFO - Sync 1 DAGs
[2024-06-29T11:56:53.729+0000] {logging_mixin.py:188} INFO - [2024-06-29T11:56:53.729+0000] {dag.py:3954} INFO - Setting next_dagrun for example_branch_operator to 2024-06-28 00:00:00+00:00, run_after=2024-06-29 00:00:00+00:00
[2024-06-29T11:56:53.738+0000] {processor.py:183} INFO - Processing /home/airflow/.local/lib/python3.12/site-packages/airflow/example_dags/example_branch_operator.py took 0.052 seconds
[2024-06-29T11:57:24.053+0000] {processor.py:161} INFO - Started process (PID=1898) to work on /home/airflow/.local/lib/python3.12/site-packages/airflow/example_dags/example_branch_operator.py
[2024-06-29T11:57:24.054+0000] {processor.py:830} INFO - Processing file /home/airflow/.local/lib/python3.12/site-packages/airflow/example_dags/example_branch_operator.py for tasks to queue
[2024-06-29T11:57:24.055+0000] {logging_mixin.py:188} INFO - [2024-06-29T11:57:24.055+0000] {dagbag.py:545} INFO - Filling up the DagBag from /home/airflow/.local/lib/python3.12/site-packages/airflow/example_dags/example_branch_operator.py
[2024-06-29T11:57:24.064+0000] {processor.py:840} INFO - DAG(s) 'example_branch_operator' retrieved from /home/airflow/.local/lib/python3.12/site-packages/airflow/example_dags/example_branch_operator.py
[2024-06-29T11:57:24.082+0000] {logging_mixin.py:188} INFO - [2024-06-29T11:57:24.082+0000] {dag.py:3096} INFO - Sync 1 DAGs
[2024-06-29T11:57:24.095+0000] {logging_mixin.py:188} INFO - [2024-06-29T11:57:24.095+0000] {dag.py:3954} INFO - Setting next_dagrun for example_branch_operator to 2024-06-28 00:00:00+00:00, run_after=2024-06-29 00:00:00+00:00
[2024-06-29T11:57:24.105+0000] {processor.py:183} INFO - Processing /home/airflow/.local/lib/python3.12/site-packages/airflow/example_dags/example_branch_operator.py took 0.056 seconds
[2024-06-29T11:57:54.273+0000] {processor.py:161} INFO - Started process (PID=2160) to work on /home/airflow/.local/lib/python3.12/site-packages/airflow/example_dags/example_branch_operator.py
[2024-06-29T11:57:54.274+0000] {processor.py:830} INFO - Processing file /home/airflow/.local/lib/python3.12/site-packages/airflow/example_dags/example_branch_operator.py for tasks to queue
[2024-06-29T11:57:54.275+0000] {logging_mixin.py:188} INFO - [2024-06-29T11:57:54.274+0000] {dagbag.py:545} INFO - Filling up the DagBag from /home/airflow/.local/lib/python3.12/site-packages/airflow/example_dags/example_branch_operator.py
[2024-06-29T11:57:54.283+0000] {processor.py:840} INFO - DAG(s) 'example_branch_operator' retrieved from /home/airflow/.local/lib/python3.12/site-packages/airflow/example_dags/example_branch_operator.py
[2024-06-29T11:57:54.300+0000] {logging_mixin.py:188} INFO - [2024-06-29T11:57:54.300+0000] {dag.py:3096} INFO - Sync 1 DAGs
[2024-06-29T11:57:54.312+0000] {logging_mixin.py:188} INFO - [2024-06-29T11:57:54.312+0000] {dag.py:3954} INFO - Setting next_dagrun for example_branch_operator to 2024-06-28 00:00:00+00:00, run_after=2024-06-29 00:00:00+00:00
[2024-06-29T11:57:54.321+0000] {processor.py:183} INFO - Processing /home/airflow/.local/lib/python3.12/site-packages/airflow/example_dags/example_branch_operator.py took 0.052 seconds
[2024-06-29T11:58:24.502+0000] {processor.py:161} INFO - Started process (PID=2422) to work on /home/airflow/.local/lib/python3.12/site-packages/airflow/example_dags/example_branch_operator.py
[2024-06-29T11:58:24.502+0000] {processor.py:830} INFO - Processing file /home/airflow/.local/lib/python3.12/site-packages/airflow/example_dags/example_branch_operator.py for tasks to queue
[2024-06-29T11:58:24.504+0000] {logging_mixin.py:188} INFO - [2024-06-29T11:58:24.503+0000] {dagbag.py:545} INFO - Filling up the DagBag from /home/airflow/.local/lib/python3.12/site-packages/airflow/example_dags/example_branch_operator.py
[2024-06-29T11:58:24.512+0000] {processor.py:840} INFO - DAG(s) 'example_branch_operator' retrieved from /home/airflow/.local/lib/python3.12/site-packages/airflow/example_dags/example_branch_operator.py
[2024-06-29T11:58:24.529+0000] {logging_mixin.py:188} INFO - [2024-06-29T11:58:24.529+0000] {dag.py:3096} INFO - Sync 1 DAGs
[2024-06-29T11:58:24.541+0000] {logging_mixin.py:188} INFO - [2024-06-29T11:58:24.541+0000] {dag.py:3954} INFO - Setting next_dagrun for example_branch_operator to 2024-06-28 00:00:00+00:00, run_after=2024-06-29 00:00:00+00:00
[2024-06-29T11:58:24.550+0000] {processor.py:183} INFO - Processing /home/airflow/.local/lib/python3.12/site-packages/airflow/example_dags/example_branch_operator.py took 0.052 seconds
[2024-06-29T11:58:54.809+0000] {processor.py:161} INFO - Started process (PID=2684) to work on /home/airflow/.local/lib/python3.12/site-packages/airflow/example_dags/example_branch_operator.py
[2024-06-29T11:58:54.810+0000] {processor.py:830} INFO - Processing file /home/airflow/.local/lib/python3.12/site-packages/airflow/example_dags/example_branch_operator.py for tasks to queue
[2024-06-29T11:58:54.811+0000] {logging_mixin.py:188} INFO - [2024-06-29T11:58:54.810+0000] {dagbag.py:545} INFO - Filling up the DagBag from /home/airflow/.local/lib/python3.12/site-packages/airflow/example_dags/example_branch_operator.py
[2024-06-29T11:58:54.819+0000] {processor.py:840} INFO - DAG(s) 'example_branch_operator' retrieved from /home/airflow/.local/lib/python3.12/site-packages/airflow/example_dags/example_branch_operator.py
[2024-06-29T11:58:54.836+0000] {logging_mixin.py:188} INFO - [2024-06-29T11:58:54.836+0000] {dag.py:3096} INFO - Sync 1 DAGs
[2024-06-29T11:58:54.847+0000] {logging_mixin.py:188} INFO - [2024-06-29T11:58:54.847+0000] {dag.py:3954} INFO - Setting next_dagrun for example_branch_operator to 2024-06-28 00:00:00+00:00, run_after=2024-06-29 00:00:00+00:00
[2024-06-29T11:58:54.856+0000] {processor.py:183} INFO - Processing /home/airflow/.local/lib/python3.12/site-packages/airflow/example_dags/example_branch_operator.py took 0.050 seconds
[2024-06-29T11:59:25.083+0000] {processor.py:161} INFO - Started process (PID=2946) to work on /home/airflow/.local/lib/python3.12/site-packages/airflow/example_dags/example_branch_operator.py
[2024-06-29T11:59:25.083+0000] {processor.py:830} INFO - Processing file /home/airflow/.local/lib/python3.12/site-packages/airflow/example_dags/example_branch_operator.py for tasks to queue
[2024-06-29T11:59:25.085+0000] {logging_mixin.py:188} INFO - [2024-06-29T11:59:25.084+0000] {dagbag.py:545} INFO - Filling up the DagBag from /home/airflow/.local/lib/python3.12/site-packages/airflow/example_dags/example_branch_operator.py
[2024-06-29T11:59:25.093+0000] {processor.py:840} INFO - DAG(s) 'example_branch_operator' retrieved from /home/airflow/.local/lib/python3.12/site-packages/airflow/example_dags/example_branch_operator.py
[2024-06-29T11:59:25.110+0000] {logging_mixin.py:188} INFO - [2024-06-29T11:59:25.110+0000] {dag.py:3096} INFO - Sync 1 DAGs
[2024-06-29T11:59:25.122+0000] {logging_mixin.py:188} INFO - [2024-06-29T11:59:25.122+0000] {dag.py:3954} INFO - Setting next_dagrun for example_branch_operator to 2024-06-28 00:00:00+00:00, run_after=2024-06-29 00:00:00+00:00
[2024-06-29T11:59:25.130+0000] {processor.py:183} INFO - Processing /home/airflow/.local/lib/python3.12/site-packages/airflow/example_dags/example_branch_operator.py took 0.051 seconds
[2024-06-29T11:59:55.290+0000] {processor.py:161} INFO - Started process (PID=3208) to work on /home/airflow/.local/lib/python3.12/site-packages/airflow/example_dags/example_branch_operator.py
[2024-06-29T11:59:55.291+0000] {processor.py:830} INFO - Processing file /home/airflow/.local/lib/python3.12/site-packages/airflow/example_dags/example_branch_operator.py for tasks to queue
[2024-06-29T11:59:55.292+0000] {logging_mixin.py:188} INFO - [2024-06-29T11:59:55.292+0000] {dagbag.py:545} INFO - Filling up the DagBag from /home/airflow/.local/lib/python3.12/site-packages/airflow/example_dags/example_branch_operator.py
[2024-06-29T11:59:55.300+0000] {processor.py:840} INFO - DAG(s) 'example_branch_operator' retrieved from /home/airflow/.local/lib/python3.12/site-packages/airflow/example_dags/example_branch_operator.py
[2024-06-29T11:59:55.318+0000] {logging_mixin.py:188} INFO - [2024-06-29T11:59:55.318+0000] {dag.py:3096} INFO - Sync 1 DAGs
[2024-06-29T11:59:55.329+0000] {logging_mixin.py:188} INFO - [2024-06-29T11:59:55.329+0000] {dag.py:3954} INFO - Setting next_dagrun for example_branch_operator to 2024-06-28 00:00:00+00:00, run_after=2024-06-29 00:00:00+00:00
[2024-06-29T11:59:55.338+0000] {processor.py:183} INFO - Processing /home/airflow/.local/lib/python3.12/site-packages/airflow/example_dags/example_branch_operator.py took 0.051 seconds
[2024-06-29T12:00:25.445+0000] {processor.py:161} INFO - Started process (PID=3470) to work on /home/airflow/.local/lib/python3.12/site-packages/airflow/example_dags/example_branch_operator.py
[2024-06-29T12:00:25.446+0000] {processor.py:830} INFO - Processing file /home/airflow/.local/lib/python3.12/site-packages/airflow/example_dags/example_branch_operator.py for tasks to queue
[2024-06-29T12:00:25.447+0000] {logging_mixin.py:188} INFO - [2024-06-29T12:00:25.446+0000] {dagbag.py:545} INFO - Filling up the DagBag from /home/airflow/.local/lib/python3.12/site-packages/airflow/example_dags/example_branch_operator.py
[2024-06-29T12:00:25.455+0000] {processor.py:840} INFO - DAG(s) 'example_branch_operator' retrieved from /home/airflow/.local/lib/python3.12/site-packages/airflow/example_dags/example_branch_operator.py
[2024-06-29T12:00:25.472+0000] {logging_mixin.py:188} INFO - [2024-06-29T12:00:25.472+0000] {dag.py:3096} INFO - Sync 1 DAGs
[2024-06-29T12:00:25.484+0000] {logging_mixin.py:188} INFO - [2024-06-29T12:00:25.484+0000] {dag.py:3954} INFO - Setting next_dagrun for example_branch_operator to 2024-06-28 00:00:00+00:00, run_after=2024-06-29 00:00:00+00:00
[2024-06-29T12:00:25.493+0000] {processor.py:183} INFO - Processing /home/airflow/.local/lib/python3.12/site-packages/airflow/example_dags/example_branch_operator.py took 0.051 seconds
[2024-06-29T12:00:55.696+0000] {processor.py:161} INFO - Started process (PID=3732) to work on /home/airflow/.local/lib/python3.12/site-packages/airflow/example_dags/example_branch_operator.py
[2024-06-29T12:00:55.696+0000] {processor.py:830} INFO - Processing file /home/airflow/.local/lib/python3.12/site-packages/airflow/example_dags/example_branch_operator.py for tasks to queue
[2024-06-29T12:00:55.697+0000] {logging_mixin.py:188} INFO - [2024-06-29T12:00:55.697+0000] {dagbag.py:545} INFO - Filling up the DagBag from /home/airflow/.local/lib/python3.12/site-packages/airflow/example_dags/example_branch_operator.py
[2024-06-29T12:00:55.706+0000] {processor.py:840} INFO - DAG(s) 'example_branch_operator' retrieved from /home/airflow/.local/lib/python3.12/site-packages/airflow/example_dags/example_branch_operator.py
[2024-06-29T12:00:55.723+0000] {logging_mixin.py:188} INFO - [2024-06-29T12:00:55.723+0000] {dag.py:3096} INFO - Sync 1 DAGs
[2024-06-29T12:00:55.734+0000] {logging_mixin.py:188} INFO - [2024-06-29T12:00:55.734+0000] {dag.py:3954} INFO - Setting next_dagrun for example_branch_operator to 2024-06-28 00:00:00+00:00, run_after=2024-06-29 00:00:00+00:00
[2024-06-29T12:00:55.743+0000] {processor.py:183} INFO - Processing /home/airflow/.local/lib/python3.12/site-packages/airflow/example_dags/example_branch_operator.py took 0.050 seconds
[2024-06-29T12:01:25.872+0000] {processor.py:161} INFO - Started process (PID=3994) to work on /home/airflow/.local/lib/python3.12/site-packages/airflow/example_dags/example_branch_operator.py
[2024-06-29T12:01:25.873+0000] {processor.py:830} INFO - Processing file /home/airflow/.local/lib/python3.12/site-packages/airflow/example_dags/example_branch_operator.py for tasks to queue
[2024-06-29T12:01:25.874+0000] {logging_mixin.py:188} INFO - [2024-06-29T12:01:25.874+0000] {dagbag.py:545} INFO - Filling up the DagBag from /home/airflow/.local/lib/python3.12/site-packages/airflow/example_dags/example_branch_operator.py
[2024-06-29T12:01:25.883+0000] {processor.py:840} INFO - DAG(s) 'example_branch_operator' retrieved from /home/airflow/.local/lib/python3.12/site-packages/airflow/example_dags/example_branch_operator.py
[2024-06-29T12:01:25.900+0000] {logging_mixin.py:188} INFO - [2024-06-29T12:01:25.900+0000] {dag.py:3096} INFO - Sync 1 DAGs
[2024-06-29T12:01:25.912+0000] {logging_mixin.py:188} INFO - [2024-06-29T12:01:25.912+0000] {dag.py:3954} INFO - Setting next_dagrun for example_branch_operator to 2024-06-28 00:00:00+00:00, run_after=2024-06-29 00:00:00+00:00
[2024-06-29T12:01:25.921+0000] {processor.py:183} INFO - Processing /home/airflow/.local/lib/python3.12/site-packages/airflow/example_dags/example_branch_operator.py took 0.052 seconds
[2024-06-29T12:01:56.147+0000] {processor.py:161} INFO - Started process (PID=4256) to work on /home/airflow/.local/lib/python3.12/site-packages/airflow/example_dags/example_branch_operator.py
[2024-06-29T12:01:56.148+0000] {processor.py:830} INFO - Processing file /home/airflow/.local/lib/python3.12/site-packages/airflow/example_dags/example_branch_operator.py for tasks to queue
[2024-06-29T12:01:56.149+0000] {logging_mixin.py:188} INFO - [2024-06-29T12:01:56.149+0000] {dagbag.py:545} INFO - Filling up the DagBag from /home/airflow/.local/lib/python3.12/site-packages/airflow/example_dags/example_branch_operator.py
[2024-06-29T12:01:56.158+0000] {processor.py:840} INFO - DAG(s) 'example_branch_operator' retrieved from /home/airflow/.local/lib/python3.12/site-packages/airflow/example_dags/example_branch_operator.py
[2024-06-29T12:01:56.175+0000] {logging_mixin.py:188} INFO - [2024-06-29T12:01:56.175+0000] {dag.py:3096} INFO - Sync 1 DAGs
[2024-06-29T12:01:56.187+0000] {logging_mixin.py:188} INFO - [2024-06-29T12:01:56.187+0000] {dag.py:3954} INFO - Setting next_dagrun for example_branch_operator to 2024-06-28 00:00:00+00:00, run_after=2024-06-29 00:00:00+00:00
[2024-06-29T12:01:56.196+0000] {processor.py:183} INFO - Processing /home/airflow/.local/lib/python3.12/site-packages/airflow/example_dags/example_branch_operator.py took 0.053 seconds
[2024-06-29T12:02:26.400+0000] {processor.py:161} INFO - Started process (PID=4518) to work on /home/airflow/.local/lib/python3.12/site-packages/airflow/example_dags/example_branch_operator.py
[2024-06-29T12:02:26.401+0000] {processor.py:830} INFO - Processing file /home/airflow/.local/lib/python3.12/site-packages/airflow/example_dags/example_branch_operator.py for tasks to queue
[2024-06-29T12:02:26.402+0000] {logging_mixin.py:188} INFO - [2024-06-29T12:02:26.402+0000] {dagbag.py:545} INFO - Filling up the DagBag from /home/airflow/.local/lib/python3.12/site-packages/airflow/example_dags/example_branch_operator.py
[2024-06-29T12:02:26.411+0000] {processor.py:840} INFO - DAG(s) 'example_branch_operator' retrieved from /home/airflow/.local/lib/python3.12/site-packages/airflow/example_dags/example_branch_operator.py
[2024-06-29T12:02:26.428+0000] {logging_mixin.py:188} INFO - [2024-06-29T12:02:26.428+0000] {dag.py:3096} INFO - Sync 1 DAGs
[2024-06-29T12:02:26.439+0000] {logging_mixin.py:188} INFO - [2024-06-29T12:02:26.439+0000] {dag.py:3954} INFO - Setting next_dagrun for example_branch_operator to 2024-06-28 00:00:00+00:00, run_after=2024-06-29 00:00:00+00:00
[2024-06-29T12:02:26.448+0000] {processor.py:183} INFO - Processing /home/airflow/.local/lib/python3.12/site-packages/airflow/example_dags/example_branch_operator.py took 0.051 seconds
[2024-06-29T12:02:56.781+0000] {processor.py:161} INFO - Started process (PID=4780) to work on /home/airflow/.local/lib/python3.12/site-packages/airflow/example_dags/example_branch_operator.py
[2024-06-29T12:02:56.782+0000] {processor.py:830} INFO - Processing file /home/airflow/.local/lib/python3.12/site-packages/airflow/example_dags/example_branch_operator.py for tasks to queue
[2024-06-29T12:02:56.783+0000] {logging_mixin.py:188} INFO - [2024-06-29T12:02:56.783+0000] {dagbag.py:545} INFO - Filling up the DagBag from /home/airflow/.local/lib/python3.12/site-packages/airflow/example_dags/example_branch_operator.py
[2024-06-29T12:02:56.791+0000] {processor.py:840} INFO - DAG(s) 'example_branch_operator' retrieved from /home/airflow/.local/lib/python3.12/site-packages/airflow/example_dags/example_branch_operator.py
[2024-06-29T12:02:56.808+0000] {logging_mixin.py:188} INFO - [2024-06-29T12:02:56.808+0000] {dag.py:3096} INFO - Sync 1 DAGs
[2024-06-29T12:02:56.820+0000] {logging_mixin.py:188} INFO - [2024-06-29T12:02:56.820+0000] {dag.py:3954} INFO - Setting next_dagrun for example_branch_operator to 2024-06-28 00:00:00+00:00, run_after=2024-06-29 00:00:00+00:00
[2024-06-29T12:02:56.829+0000] {processor.py:183} INFO - Processing /home/airflow/.local/lib/python3.12/site-packages/airflow/example_dags/example_branch_operator.py took 0.052 seconds
[2024-06-29T12:03:27.041+0000] {processor.py:161} INFO - Started process (PID=5050) to work on /home/airflow/.local/lib/python3.12/site-packages/airflow/example_dags/example_branch_operator.py
[2024-06-29T12:03:27.042+0000] {processor.py:830} INFO - Processing file /home/airflow/.local/lib/python3.12/site-packages/airflow/example_dags/example_branch_operator.py for tasks to queue
[2024-06-29T12:03:27.043+0000] {logging_mixin.py:188} INFO - [2024-06-29T12:03:27.043+0000] {dagbag.py:545} INFO - Filling up the DagBag from /home/airflow/.local/lib/python3.12/site-packages/airflow/example_dags/example_branch_operator.py
[2024-06-29T12:03:27.051+0000] {processor.py:840} INFO - DAG(s) 'example_branch_operator' retrieved from /home/airflow/.local/lib/python3.12/site-packages/airflow/example_dags/example_branch_operator.py
[2024-06-29T12:03:27.067+0000] {logging_mixin.py:188} INFO - [2024-06-29T12:03:27.067+0000] {dag.py:3096} INFO - Sync 1 DAGs
[2024-06-29T12:03:27.077+0000] {logging_mixin.py:188} INFO - [2024-06-29T12:03:27.077+0000] {dag.py:3954} INFO - Setting next_dagrun for example_branch_operator to 2024-06-28 00:00:00+00:00, run_after=2024-06-29 00:00:00+00:00
[2024-06-29T12:03:27.086+0000] {processor.py:183} INFO - Processing /home/airflow/.local/lib/python3.12/site-packages/airflow/example_dags/example_branch_operator.py took 0.048 seconds
[2024-06-29T12:03:57.221+0000] {processor.py:161} INFO - Started process (PID=5312) to work on /home/airflow/.local/lib/python3.12/site-packages/airflow/example_dags/example_branch_operator.py
[2024-06-29T12:03:57.222+0000] {processor.py:830} INFO - Processing file /home/airflow/.local/lib/python3.12/site-packages/airflow/example_dags/example_branch_operator.py for tasks to queue
[2024-06-29T12:03:57.223+0000] {logging_mixin.py:188} INFO - [2024-06-29T12:03:57.223+0000] {dagbag.py:545} INFO - Filling up the DagBag from /home/airflow/.local/lib/python3.12/site-packages/airflow/example_dags/example_branch_operator.py
[2024-06-29T12:03:57.231+0000] {processor.py:840} INFO - DAG(s) 'example_branch_operator' retrieved from /home/airflow/.local/lib/python3.12/site-packages/airflow/example_dags/example_branch_operator.py
[2024-06-29T12:03:57.248+0000] {logging_mixin.py:188} INFO - [2024-06-29T12:03:57.248+0000] {dag.py:3096} INFO - Sync 1 DAGs
[2024-06-29T12:03:57.260+0000] {logging_mixin.py:188} INFO - [2024-06-29T12:03:57.260+0000] {dag.py:3954} INFO - Setting next_dagrun for example_branch_operator to 2024-06-28 00:00:00+00:00, run_after=2024-06-29 00:00:00+00:00
[2024-06-29T12:03:57.268+0000] {processor.py:183} INFO - Processing /home/airflow/.local/lib/python3.12/site-packages/airflow/example_dags/example_branch_operator.py took 0.051 seconds
[2024-06-29T12:04:27.570+0000] {processor.py:161} INFO - Started process (PID=5574) to work on /home/airflow/.local/lib/python3.12/site-packages/airflow/example_dags/example_branch_operator.py
[2024-06-29T12:04:27.570+0000] {processor.py:830} INFO - Processing file /home/airflow/.local/lib/python3.12/site-packages/airflow/example_dags/example_branch_operator.py for tasks to queue
[2024-06-29T12:04:27.572+0000] {logging_mixin.py:188} INFO - [2024-06-29T12:04:27.571+0000] {dagbag.py:545} INFO - Filling up the DagBag from /home/airflow/.local/lib/python3.12/site-packages/airflow/example_dags/example_branch_operator.py
[2024-06-29T12:04:27.580+0000] {processor.py:840} INFO - DAG(s) 'example_branch_operator' retrieved from /home/airflow/.local/lib/python3.12/site-packages/airflow/example_dags/example_branch_operator.py
[2024-06-29T12:04:27.597+0000] {logging_mixin.py:188} INFO - [2024-06-29T12:04:27.597+0000] {dag.py:3096} INFO - Sync 1 DAGs
[2024-06-29T12:04:27.608+0000] {logging_mixin.py:188} INFO - [2024-06-29T12:04:27.608+0000] {dag.py:3954} INFO - Setting next_dagrun for example_branch_operator to 2024-06-28 00:00:00+00:00, run_after=2024-06-29 00:00:00+00:00
[2024-06-29T12:04:27.617+0000] {processor.py:183} INFO - Processing /home/airflow/.local/lib/python3.12/site-packages/airflow/example_dags/example_branch_operator.py took 0.051 seconds
[2024-06-29T12:04:57.944+0000] {processor.py:161} INFO - Started process (PID=5838) to work on /home/airflow/.local/lib/python3.12/site-packages/airflow/example_dags/example_branch_operator.py
[2024-06-29T12:04:57.945+0000] {processor.py:830} INFO - Processing file /home/airflow/.local/lib/python3.12/site-packages/airflow/example_dags/example_branch_operator.py for tasks to queue
[2024-06-29T12:04:57.946+0000] {logging_mixin.py:188} INFO - [2024-06-29T12:04:57.946+0000] {dagbag.py:545} INFO - Filling up the DagBag from /home/airflow/.local/lib/python3.12/site-packages/airflow/example_dags/example_branch_operator.py
[2024-06-29T12:04:57.954+0000] {processor.py:840} INFO - DAG(s) 'example_branch_operator' retrieved from /home/airflow/.local/lib/python3.12/site-packages/airflow/example_dags/example_branch_operator.py
[2024-06-29T12:04:57.970+0000] {logging_mixin.py:188} INFO - [2024-06-29T12:04:57.970+0000] {dag.py:3096} INFO - Sync 1 DAGs
[2024-06-29T12:04:57.980+0000] {logging_mixin.py:188} INFO - [2024-06-29T12:04:57.980+0000] {dag.py:3954} INFO - Setting next_dagrun for example_branch_operator to 2024-06-28 00:00:00+00:00, run_after=2024-06-29 00:00:00+00:00
[2024-06-29T12:04:57.988+0000] {processor.py:183} INFO - Processing /home/airflow/.local/lib/python3.12/site-packages/airflow/example_dags/example_branch_operator.py took 0.047 seconds
[2024-06-29T12:05:28.018+0000] {processor.py:161} INFO - Started process (PID=6100) to work on /home/airflow/.local/lib/python3.12/site-packages/airflow/example_dags/example_branch_operator.py
[2024-06-29T12:05:28.018+0000] {processor.py:830} INFO - Processing file /home/airflow/.local/lib/python3.12/site-packages/airflow/example_dags/example_branch_operator.py for tasks to queue
[2024-06-29T12:05:28.020+0000] {logging_mixin.py:188} INFO - [2024-06-29T12:05:28.019+0000] {dagbag.py:545} INFO - Filling up the DagBag from /home/airflow/.local/lib/python3.12/site-packages/airflow/example_dags/example_branch_operator.py
[2024-06-29T12:05:28.028+0000] {processor.py:840} INFO - DAG(s) 'example_branch_operator' retrieved from /home/airflow/.local/lib/python3.12/site-packages/airflow/example_dags/example_branch_operator.py
[2024-06-29T12:05:28.043+0000] {logging_mixin.py:188} INFO - [2024-06-29T12:05:28.043+0000] {dag.py:3096} INFO - Sync 1 DAGs
[2024-06-29T12:05:28.054+0000] {logging_mixin.py:188} INFO - [2024-06-29T12:05:28.054+0000] {dag.py:3954} INFO - Setting next_dagrun for example_branch_operator to 2024-06-28 00:00:00+00:00, run_after=2024-06-29 00:00:00+00:00
[2024-06-29T12:05:28.062+0000] {processor.py:183} INFO - Processing /home/airflow/.local/lib/python3.12/site-packages/airflow/example_dags/example_branch_operator.py took 0.047 seconds
[2024-06-29T12:05:58.323+0000] {processor.py:161} INFO - Started process (PID=6360) to work on /home/airflow/.local/lib/python3.12/site-packages/airflow/example_dags/example_branch_operator.py
[2024-06-29T12:05:58.323+0000] {processor.py:830} INFO - Processing file /home/airflow/.local/lib/python3.12/site-packages/airflow/example_dags/example_branch_operator.py for tasks to queue
[2024-06-29T12:05:58.325+0000] {logging_mixin.py:188} INFO - [2024-06-29T12:05:58.324+0000] {dagbag.py:545} INFO - Filling up the DagBag from /home/airflow/.local/lib/python3.12/site-packages/airflow/example_dags/example_branch_operator.py
[2024-06-29T12:05:58.333+0000] {processor.py:840} INFO - DAG(s) 'example_branch_operator' retrieved from /home/airflow/.local/lib/python3.12/site-packages/airflow/example_dags/example_branch_operator.py
[2024-06-29T12:05:58.350+0000] {logging_mixin.py:188} INFO - [2024-06-29T12:05:58.350+0000] {dag.py:3096} INFO - Sync 1 DAGs
[2024-06-29T12:05:58.361+0000] {logging_mixin.py:188} INFO - [2024-06-29T12:05:58.361+0000] {dag.py:3954} INFO - Setting next_dagrun for example_branch_operator to 2024-06-28 00:00:00+00:00, run_after=2024-06-29 00:00:00+00:00
[2024-06-29T12:05:58.371+0000] {processor.py:183} INFO - Processing /home/airflow/.local/lib/python3.12/site-packages/airflow/example_dags/example_branch_operator.py took 0.051 seconds
[2024-06-29T12:06:28.586+0000] {processor.py:161} INFO - Started process (PID=6622) to work on /home/airflow/.local/lib/python3.12/site-packages/airflow/example_dags/example_branch_operator.py
[2024-06-29T12:06:28.586+0000] {processor.py:830} INFO - Processing file /home/airflow/.local/lib/python3.12/site-packages/airflow/example_dags/example_branch_operator.py for tasks to queue
[2024-06-29T12:06:28.587+0000] {logging_mixin.py:188} INFO - [2024-06-29T12:06:28.587+0000] {dagbag.py:545} INFO - Filling up the DagBag from /home/airflow/.local/lib/python3.12/site-packages/airflow/example_dags/example_branch_operator.py
[2024-06-29T12:06:28.596+0000] {processor.py:840} INFO - DAG(s) 'example_branch_operator' retrieved from /home/airflow/.local/lib/python3.12/site-packages/airflow/example_dags/example_branch_operator.py
[2024-06-29T12:06:28.613+0000] {logging_mixin.py:188} INFO - [2024-06-29T12:06:28.613+0000] {dag.py:3096} INFO - Sync 1 DAGs
[2024-06-29T12:06:28.624+0000] {logging_mixin.py:188} INFO - [2024-06-29T12:06:28.624+0000] {dag.py:3954} INFO - Setting next_dagrun for example_branch_operator to 2024-06-28 00:00:00+00:00, run_after=2024-06-29 00:00:00+00:00
[2024-06-29T12:06:28.633+0000] {processor.py:183} INFO - Processing /home/airflow/.local/lib/python3.12/site-packages/airflow/example_dags/example_branch_operator.py took 0.051 seconds
[2024-06-29T12:06:58.778+0000] {processor.py:161} INFO - Started process (PID=6885) to work on /home/airflow/.local/lib/python3.12/site-packages/airflow/example_dags/example_branch_operator.py
[2024-06-29T12:06:58.779+0000] {processor.py:830} INFO - Processing file /home/airflow/.local/lib/python3.12/site-packages/airflow/example_dags/example_branch_operator.py for tasks to queue
[2024-06-29T12:06:58.780+0000] {logging_mixin.py:188} INFO - [2024-06-29T12:06:58.780+0000] {dagbag.py:545} INFO - Filling up the DagBag from /home/airflow/.local/lib/python3.12/site-packages/airflow/example_dags/example_branch_operator.py
[2024-06-29T12:06:58.788+0000] {processor.py:840} INFO - DAG(s) 'example_branch_operator' retrieved from /home/airflow/.local/lib/python3.12/site-packages/airflow/example_dags/example_branch_operator.py
[2024-06-29T12:06:58.805+0000] {logging_mixin.py:188} INFO - [2024-06-29T12:06:58.805+0000] {dag.py:3096} INFO - Sync 1 DAGs
[2024-06-29T12:06:58.817+0000] {logging_mixin.py:188} INFO - [2024-06-29T12:06:58.817+0000] {dag.py:3954} INFO - Setting next_dagrun for example_branch_operator to 2024-06-28 00:00:00+00:00, run_after=2024-06-29 00:00:00+00:00
[2024-06-29T12:06:58.826+0000] {processor.py:183} INFO - Processing /home/airflow/.local/lib/python3.12/site-packages/airflow/example_dags/example_branch_operator.py took 0.051 seconds
[2024-06-29T12:07:28.992+0000] {processor.py:161} INFO - Started process (PID=7147) to work on /home/airflow/.local/lib/python3.12/site-packages/airflow/example_dags/example_branch_operator.py
[2024-06-29T12:07:28.993+0000] {processor.py:830} INFO - Processing file /home/airflow/.local/lib/python3.12/site-packages/airflow/example_dags/example_branch_operator.py for tasks to queue
[2024-06-29T12:07:28.994+0000] {logging_mixin.py:188} INFO - [2024-06-29T12:07:28.994+0000] {dagbag.py:545} INFO - Filling up the DagBag from /home/airflow/.local/lib/python3.12/site-packages/airflow/example_dags/example_branch_operator.py
[2024-06-29T12:07:29.002+0000] {processor.py:840} INFO - DAG(s) 'example_branch_operator' retrieved from /home/airflow/.local/lib/python3.12/site-packages/airflow/example_dags/example_branch_operator.py
[2024-06-29T12:07:29.019+0000] {logging_mixin.py:188} INFO - [2024-06-29T12:07:29.019+0000] {dag.py:3096} INFO - Sync 1 DAGs
[2024-06-29T12:07:29.030+0000] {logging_mixin.py:188} INFO - [2024-06-29T12:07:29.030+0000] {dag.py:3954} INFO - Setting next_dagrun for example_branch_operator to 2024-06-28 00:00:00+00:00, run_after=2024-06-29 00:00:00+00:00
[2024-06-29T12:07:29.040+0000] {processor.py:183} INFO - Processing /home/airflow/.local/lib/python3.12/site-packages/airflow/example_dags/example_branch_operator.py took 0.051 seconds
[2024-06-29T12:07:59.161+0000] {processor.py:161} INFO - Started process (PID=7409) to work on /home/airflow/.local/lib/python3.12/site-packages/airflow/example_dags/example_branch_operator.py
[2024-06-29T12:07:59.162+0000] {processor.py:830} INFO - Processing file /home/airflow/.local/lib/python3.12/site-packages/airflow/example_dags/example_branch_operator.py for tasks to queue
[2024-06-29T12:07:59.163+0000] {logging_mixin.py:188} INFO - [2024-06-29T12:07:59.163+0000] {dagbag.py:545} INFO - Filling up the DagBag from /home/airflow/.local/lib/python3.12/site-packages/airflow/example_dags/example_branch_operator.py
[2024-06-29T12:07:59.171+0000] {processor.py:840} INFO - DAG(s) 'example_branch_operator' retrieved from /home/airflow/.local/lib/python3.12/site-packages/airflow/example_dags/example_branch_operator.py
[2024-06-29T12:07:59.188+0000] {logging_mixin.py:188} INFO - [2024-06-29T12:07:59.188+0000] {dag.py:3096} INFO - Sync 1 DAGs
[2024-06-29T12:07:59.199+0000] {logging_mixin.py:188} INFO - [2024-06-29T12:07:59.199+0000] {dag.py:3954} INFO - Setting next_dagrun for example_branch_operator to 2024-06-28 00:00:00+00:00, run_after=2024-06-29 00:00:00+00:00
[2024-06-29T12:07:59.208+0000] {processor.py:183} INFO - Processing /home/airflow/.local/lib/python3.12/site-packages/airflow/example_dags/example_branch_operator.py took 0.051 seconds
[2024-06-29T12:08:29.332+0000] {processor.py:161} INFO - Started process (PID=7672) to work on /home/airflow/.local/lib/python3.12/site-packages/airflow/example_dags/example_branch_operator.py
[2024-06-29T12:08:29.333+0000] {processor.py:830} INFO - Processing file /home/airflow/.local/lib/python3.12/site-packages/airflow/example_dags/example_branch_operator.py for tasks to queue
[2024-06-29T12:08:29.334+0000] {logging_mixin.py:188} INFO - [2024-06-29T12:08:29.334+0000] {dagbag.py:545} INFO - Filling up the DagBag from /home/airflow/.local/lib/python3.12/site-packages/airflow/example_dags/example_branch_operator.py
[2024-06-29T12:08:29.347+0000] {processor.py:840} INFO - DAG(s) 'example_branch_operator' retrieved from /home/airflow/.local/lib/python3.12/site-packages/airflow/example_dags/example_branch_operator.py
[2024-06-29T12:08:29.368+0000] {logging_mixin.py:188} INFO - [2024-06-29T12:08:29.368+0000] {dag.py:3096} INFO - Sync 1 DAGs
[2024-06-29T12:08:29.380+0000] {logging_mixin.py:188} INFO - [2024-06-29T12:08:29.380+0000] {dag.py:3954} INFO - Setting next_dagrun for example_branch_operator to 2024-06-28 00:00:00+00:00, run_after=2024-06-29 00:00:00+00:00
[2024-06-29T12:08:29.389+0000] {processor.py:183} INFO - Processing /home/airflow/.local/lib/python3.12/site-packages/airflow/example_dags/example_branch_operator.py took 0.061 seconds
[2024-06-29T12:08:59.615+0000] {processor.py:161} INFO - Started process (PID=7935) to work on /home/airflow/.local/lib/python3.12/site-packages/airflow/example_dags/example_branch_operator.py
[2024-06-29T12:08:59.615+0000] {processor.py:830} INFO - Processing file /home/airflow/.local/lib/python3.12/site-packages/airflow/example_dags/example_branch_operator.py for tasks to queue
[2024-06-29T12:08:59.616+0000] {logging_mixin.py:188} INFO - [2024-06-29T12:08:59.616+0000] {dagbag.py:545} INFO - Filling up the DagBag from /home/airflow/.local/lib/python3.12/site-packages/airflow/example_dags/example_branch_operator.py
[2024-06-29T12:08:59.625+0000] {processor.py:840} INFO - DAG(s) 'example_branch_operator' retrieved from /home/airflow/.local/lib/python3.12/site-packages/airflow/example_dags/example_branch_operator.py
[2024-06-29T12:08:59.642+0000] {logging_mixin.py:188} INFO - [2024-06-29T12:08:59.642+0000] {dag.py:3096} INFO - Sync 1 DAGs
[2024-06-29T12:08:59.654+0000] {logging_mixin.py:188} INFO - [2024-06-29T12:08:59.654+0000] {dag.py:3954} INFO - Setting next_dagrun for example_branch_operator to 2024-06-28 00:00:00+00:00, run_after=2024-06-29 00:00:00+00:00
[2024-06-29T12:08:59.663+0000] {processor.py:183} INFO - Processing /home/airflow/.local/lib/python3.12/site-packages/airflow/example_dags/example_branch_operator.py took 0.052 seconds
[2024-06-29T12:09:29.952+0000] {processor.py:161} INFO - Started process (PID=8197) to work on /home/airflow/.local/lib/python3.12/site-packages/airflow/example_dags/example_branch_operator.py
[2024-06-29T12:09:29.953+0000] {processor.py:830} INFO - Processing file /home/airflow/.local/lib/python3.12/site-packages/airflow/example_dags/example_branch_operator.py for tasks to queue
[2024-06-29T12:09:29.954+0000] {logging_mixin.py:188} INFO - [2024-06-29T12:09:29.954+0000] {dagbag.py:545} INFO - Filling up the DagBag from /home/airflow/.local/lib/python3.12/site-packages/airflow/example_dags/example_branch_operator.py
[2024-06-29T12:09:29.963+0000] {processor.py:840} INFO - DAG(s) 'example_branch_operator' retrieved from /home/airflow/.local/lib/python3.12/site-packages/airflow/example_dags/example_branch_operator.py
[2024-06-29T12:09:29.980+0000] {logging_mixin.py:188} INFO - [2024-06-29T12:09:29.980+0000] {dag.py:3096} INFO - Sync 1 DAGs
[2024-06-29T12:09:29.991+0000] {logging_mixin.py:188} INFO - [2024-06-29T12:09:29.991+0000] {dag.py:3954} INFO - Setting next_dagrun for example_branch_operator to 2024-06-28 00:00:00+00:00, run_after=2024-06-29 00:00:00+00:00
[2024-06-29T12:09:30.085+0000] {processor.py:183} INFO - Processing /home/airflow/.local/lib/python3.12/site-packages/airflow/example_dags/example_branch_operator.py took 0.136 seconds
[2024-06-29T12:10:00.358+0000] {processor.py:161} INFO - Started process (PID=8459) to work on /home/airflow/.local/lib/python3.12/site-packages/airflow/example_dags/example_branch_operator.py
[2024-06-29T12:10:00.359+0000] {processor.py:830} INFO - Processing file /home/airflow/.local/lib/python3.12/site-packages/airflow/example_dags/example_branch_operator.py for tasks to queue
[2024-06-29T12:10:00.360+0000] {logging_mixin.py:188} INFO - [2024-06-29T12:10:00.360+0000] {dagbag.py:545} INFO - Filling up the DagBag from /home/airflow/.local/lib/python3.12/site-packages/airflow/example_dags/example_branch_operator.py
[2024-06-29T12:10:00.369+0000] {processor.py:840} INFO - DAG(s) 'example_branch_operator' retrieved from /home/airflow/.local/lib/python3.12/site-packages/airflow/example_dags/example_branch_operator.py
[2024-06-29T12:10:00.385+0000] {logging_mixin.py:188} INFO - [2024-06-29T12:10:00.385+0000] {dag.py:3096} INFO - Sync 1 DAGs
[2024-06-29T12:10:00.397+0000] {logging_mixin.py:188} INFO - [2024-06-29T12:10:00.397+0000] {dag.py:3954} INFO - Setting next_dagrun for example_branch_operator to 2024-06-28 00:00:00+00:00, run_after=2024-06-29 00:00:00+00:00
[2024-06-29T12:10:00.496+0000] {processor.py:183} INFO - Processing /home/airflow/.local/lib/python3.12/site-packages/airflow/example_dags/example_branch_operator.py took 0.141 seconds
[2024-06-29T12:10:31.118+0000] {processor.py:161} INFO - Started process (PID=8721) to work on /home/airflow/.local/lib/python3.12/site-packages/airflow/example_dags/example_branch_operator.py
[2024-06-29T12:10:31.118+0000] {processor.py:830} INFO - Processing file /home/airflow/.local/lib/python3.12/site-packages/airflow/example_dags/example_branch_operator.py for tasks to queue
[2024-06-29T12:10:31.119+0000] {logging_mixin.py:188} INFO - [2024-06-29T12:10:31.119+0000] {dagbag.py:545} INFO - Filling up the DagBag from /home/airflow/.local/lib/python3.12/site-packages/airflow/example_dags/example_branch_operator.py
[2024-06-29T12:10:31.128+0000] {processor.py:840} INFO - DAG(s) 'example_branch_operator' retrieved from /home/airflow/.local/lib/python3.12/site-packages/airflow/example_dags/example_branch_operator.py
[2024-06-29T12:10:31.145+0000] {logging_mixin.py:188} INFO - [2024-06-29T12:10:31.145+0000] {dag.py:3096} INFO - Sync 1 DAGs
[2024-06-29T12:10:31.156+0000] {logging_mixin.py:188} INFO - [2024-06-29T12:10:31.156+0000] {dag.py:3954} INFO - Setting next_dagrun for example_branch_operator to 2024-06-28 00:00:00+00:00, run_after=2024-06-29 00:00:00+00:00
[2024-06-29T12:10:31.257+0000] {processor.py:183} INFO - Processing /home/airflow/.local/lib/python3.12/site-packages/airflow/example_dags/example_branch_operator.py took 0.142 seconds
[2024-06-29T12:11:01.916+0000] {processor.py:161} INFO - Started process (PID=8983) to work on /home/airflow/.local/lib/python3.12/site-packages/airflow/example_dags/example_branch_operator.py
[2024-06-29T12:11:01.917+0000] {processor.py:830} INFO - Processing file /home/airflow/.local/lib/python3.12/site-packages/airflow/example_dags/example_branch_operator.py for tasks to queue
[2024-06-29T12:11:01.918+0000] {logging_mixin.py:188} INFO - [2024-06-29T12:11:01.918+0000] {dagbag.py:545} INFO - Filling up the DagBag from /home/airflow/.local/lib/python3.12/site-packages/airflow/example_dags/example_branch_operator.py
[2024-06-29T12:11:01.927+0000] {processor.py:840} INFO - DAG(s) 'example_branch_operator' retrieved from /home/airflow/.local/lib/python3.12/site-packages/airflow/example_dags/example_branch_operator.py
[2024-06-29T12:11:01.944+0000] {logging_mixin.py:188} INFO - [2024-06-29T12:11:01.944+0000] {dag.py:3096} INFO - Sync 1 DAGs
[2024-06-29T12:11:01.956+0000] {logging_mixin.py:188} INFO - [2024-06-29T12:11:01.955+0000] {dag.py:3954} INFO - Setting next_dagrun for example_branch_operator to 2024-06-28 00:00:00+00:00, run_after=2024-06-29 00:00:00+00:00
[2024-06-29T12:11:02.063+0000] {processor.py:183} INFO - Processing /home/airflow/.local/lib/python3.12/site-packages/airflow/example_dags/example_branch_operator.py took 0.150 seconds
[2024-06-29T12:11:32.268+0000] {processor.py:161} INFO - Started process (PID=9245) to work on /home/airflow/.local/lib/python3.12/site-packages/airflow/example_dags/example_branch_operator.py
[2024-06-29T12:11:32.269+0000] {processor.py:830} INFO - Processing file /home/airflow/.local/lib/python3.12/site-packages/airflow/example_dags/example_branch_operator.py for tasks to queue
[2024-06-29T12:11:32.270+0000] {logging_mixin.py:188} INFO - [2024-06-29T12:11:32.270+0000] {dagbag.py:545} INFO - Filling up the DagBag from /home/airflow/.local/lib/python3.12/site-packages/airflow/example_dags/example_branch_operator.py
[2024-06-29T12:11:32.279+0000] {processor.py:840} INFO - DAG(s) 'example_branch_operator' retrieved from /home/airflow/.local/lib/python3.12/site-packages/airflow/example_dags/example_branch_operator.py
[2024-06-29T12:11:32.297+0000] {logging_mixin.py:188} INFO - [2024-06-29T12:11:32.297+0000] {dag.py:3096} INFO - Sync 1 DAGs
[2024-06-29T12:11:32.312+0000] {logging_mixin.py:188} INFO - [2024-06-29T12:11:32.312+0000] {dag.py:3954} INFO - Setting next_dagrun for example_branch_operator to 2024-06-28 00:00:00+00:00, run_after=2024-06-29 00:00:00+00:00
[2024-06-29T12:11:32.407+0000] {processor.py:183} INFO - Processing /home/airflow/.local/lib/python3.12/site-packages/airflow/example_dags/example_branch_operator.py took 0.142 seconds
[2024-06-29T12:12:02.940+0000] {processor.py:161} INFO - Started process (PID=9507) to work on /home/airflow/.local/lib/python3.12/site-packages/airflow/example_dags/example_branch_operator.py
[2024-06-29T12:12:02.941+0000] {processor.py:830} INFO - Processing file /home/airflow/.local/lib/python3.12/site-packages/airflow/example_dags/example_branch_operator.py for tasks to queue
[2024-06-29T12:12:02.942+0000] {logging_mixin.py:188} INFO - [2024-06-29T12:12:02.942+0000] {dagbag.py:545} INFO - Filling up the DagBag from /home/airflow/.local/lib/python3.12/site-packages/airflow/example_dags/example_branch_operator.py
[2024-06-29T12:12:02.951+0000] {processor.py:840} INFO - DAG(s) 'example_branch_operator' retrieved from /home/airflow/.local/lib/python3.12/site-packages/airflow/example_dags/example_branch_operator.py
[2024-06-29T12:12:02.969+0000] {logging_mixin.py:188} INFO - [2024-06-29T12:12:02.969+0000] {dag.py:3096} INFO - Sync 1 DAGs
[2024-06-29T12:12:02.981+0000] {logging_mixin.py:188} INFO - [2024-06-29T12:12:02.980+0000] {dag.py:3954} INFO - Setting next_dagrun for example_branch_operator to 2024-06-28 00:00:00+00:00, run_after=2024-06-29 00:00:00+00:00
[2024-06-29T12:12:02.989+0000] {processor.py:183} INFO - Processing /home/airflow/.local/lib/python3.12/site-packages/airflow/example_dags/example_branch_operator.py took 0.053 seconds
[2024-06-29T12:12:33.027+0000] {processor.py:161} INFO - Started process (PID=9770) to work on /home/airflow/.local/lib/python3.12/site-packages/airflow/example_dags/example_branch_operator.py
[2024-06-29T12:12:33.028+0000] {processor.py:830} INFO - Processing file /home/airflow/.local/lib/python3.12/site-packages/airflow/example_dags/example_branch_operator.py for tasks to queue
[2024-06-29T12:12:33.029+0000] {logging_mixin.py:188} INFO - [2024-06-29T12:12:33.029+0000] {dagbag.py:545} INFO - Filling up the DagBag from /home/airflow/.local/lib/python3.12/site-packages/airflow/example_dags/example_branch_operator.py
[2024-06-29T12:12:33.038+0000] {processor.py:840} INFO - DAG(s) 'example_branch_operator' retrieved from /home/airflow/.local/lib/python3.12/site-packages/airflow/example_dags/example_branch_operator.py
[2024-06-29T12:12:33.056+0000] {logging_mixin.py:188} INFO - [2024-06-29T12:12:33.055+0000] {dag.py:3096} INFO - Sync 1 DAGs
[2024-06-29T12:12:33.067+0000] {logging_mixin.py:188} INFO - [2024-06-29T12:12:33.067+0000] {dag.py:3954} INFO - Setting next_dagrun for example_branch_operator to 2024-06-28 00:00:00+00:00, run_after=2024-06-29 00:00:00+00:00
[2024-06-29T12:12:33.075+0000] {processor.py:183} INFO - Processing /home/airflow/.local/lib/python3.12/site-packages/airflow/example_dags/example_branch_operator.py took 0.052 seconds
[2024-06-29T12:13:03.205+0000] {processor.py:161} INFO - Started process (PID=10032) to work on /home/airflow/.local/lib/python3.12/site-packages/airflow/example_dags/example_branch_operator.py
[2024-06-29T12:13:03.206+0000] {processor.py:830} INFO - Processing file /home/airflow/.local/lib/python3.12/site-packages/airflow/example_dags/example_branch_operator.py for tasks to queue
[2024-06-29T12:13:03.207+0000] {logging_mixin.py:188} INFO - [2024-06-29T12:13:03.206+0000] {dagbag.py:545} INFO - Filling up the DagBag from /home/airflow/.local/lib/python3.12/site-packages/airflow/example_dags/example_branch_operator.py
[2024-06-29T12:13:03.215+0000] {processor.py:840} INFO - DAG(s) 'example_branch_operator' retrieved from /home/airflow/.local/lib/python3.12/site-packages/airflow/example_dags/example_branch_operator.py
[2024-06-29T12:13:03.232+0000] {logging_mixin.py:188} INFO - [2024-06-29T12:13:03.232+0000] {dag.py:3096} INFO - Sync 1 DAGs
[2024-06-29T12:13:03.243+0000] {logging_mixin.py:188} INFO - [2024-06-29T12:13:03.243+0000] {dag.py:3954} INFO - Setting next_dagrun for example_branch_operator to 2024-06-28 00:00:00+00:00, run_after=2024-06-29 00:00:00+00:00
[2024-06-29T12:13:03.252+0000] {processor.py:183} INFO - Processing /home/airflow/.local/lib/python3.12/site-packages/airflow/example_dags/example_branch_operator.py took 0.050 seconds
[2024-06-29T12:13:33.395+0000] {processor.py:161} INFO - Started process (PID=10293) to work on /home/airflow/.local/lib/python3.12/site-packages/airflow/example_dags/example_branch_operator.py
[2024-06-29T12:13:33.396+0000] {processor.py:830} INFO - Processing file /home/airflow/.local/lib/python3.12/site-packages/airflow/example_dags/example_branch_operator.py for tasks to queue
[2024-06-29T12:13:33.397+0000] {logging_mixin.py:188} INFO - [2024-06-29T12:13:33.397+0000] {dagbag.py:545} INFO - Filling up the DagBag from /home/airflow/.local/lib/python3.12/site-packages/airflow/example_dags/example_branch_operator.py
[2024-06-29T12:13:33.406+0000] {processor.py:840} INFO - DAG(s) 'example_branch_operator' retrieved from /home/airflow/.local/lib/python3.12/site-packages/airflow/example_dags/example_branch_operator.py
[2024-06-29T12:13:33.423+0000] {logging_mixin.py:188} INFO - [2024-06-29T12:13:33.423+0000] {dag.py:3096} INFO - Sync 1 DAGs
[2024-06-29T12:13:33.435+0000] {logging_mixin.py:188} INFO - [2024-06-29T12:13:33.435+0000] {dag.py:3954} INFO - Setting next_dagrun for example_branch_operator to 2024-06-28 00:00:00+00:00, run_after=2024-06-29 00:00:00+00:00
[2024-06-29T12:13:33.444+0000] {processor.py:183} INFO - Processing /home/airflow/.local/lib/python3.12/site-packages/airflow/example_dags/example_branch_operator.py took 0.052 seconds
[2024-06-29T12:14:03.595+0000] {processor.py:161} INFO - Started process (PID=10555) to work on /home/airflow/.local/lib/python3.12/site-packages/airflow/example_dags/example_branch_operator.py
[2024-06-29T12:14:03.595+0000] {processor.py:830} INFO - Processing file /home/airflow/.local/lib/python3.12/site-packages/airflow/example_dags/example_branch_operator.py for tasks to queue
[2024-06-29T12:14:03.596+0000] {logging_mixin.py:188} INFO - [2024-06-29T12:14:03.596+0000] {dagbag.py:545} INFO - Filling up the DagBag from /home/airflow/.local/lib/python3.12/site-packages/airflow/example_dags/example_branch_operator.py
[2024-06-29T12:14:03.605+0000] {processor.py:840} INFO - DAG(s) 'example_branch_operator' retrieved from /home/airflow/.local/lib/python3.12/site-packages/airflow/example_dags/example_branch_operator.py
[2024-06-29T12:14:03.622+0000] {logging_mixin.py:188} INFO - [2024-06-29T12:14:03.622+0000] {dag.py:3096} INFO - Sync 1 DAGs
[2024-06-29T12:14:03.633+0000] {logging_mixin.py:188} INFO - [2024-06-29T12:14:03.633+0000] {dag.py:3954} INFO - Setting next_dagrun for example_branch_operator to 2024-06-28 00:00:00+00:00, run_after=2024-06-29 00:00:00+00:00
[2024-06-29T12:14:03.642+0000] {processor.py:183} INFO - Processing /home/airflow/.local/lib/python3.12/site-packages/airflow/example_dags/example_branch_operator.py took 0.052 seconds
[2024-06-29T12:14:33.687+0000] {processor.py:161} INFO - Started process (PID=10817) to work on /home/airflow/.local/lib/python3.12/site-packages/airflow/example_dags/example_branch_operator.py
[2024-06-29T12:14:33.688+0000] {processor.py:830} INFO - Processing file /home/airflow/.local/lib/python3.12/site-packages/airflow/example_dags/example_branch_operator.py for tasks to queue
[2024-06-29T12:14:33.689+0000] {logging_mixin.py:188} INFO - [2024-06-29T12:14:33.689+0000] {dagbag.py:545} INFO - Filling up the DagBag from /home/airflow/.local/lib/python3.12/site-packages/airflow/example_dags/example_branch_operator.py
[2024-06-29T12:14:33.697+0000] {processor.py:840} INFO - DAG(s) 'example_branch_operator' retrieved from /home/airflow/.local/lib/python3.12/site-packages/airflow/example_dags/example_branch_operator.py
[2024-06-29T12:14:33.715+0000] {logging_mixin.py:188} INFO - [2024-06-29T12:14:33.714+0000] {dag.py:3096} INFO - Sync 1 DAGs
[2024-06-29T12:14:33.726+0000] {logging_mixin.py:188} INFO - [2024-06-29T12:14:33.726+0000] {dag.py:3954} INFO - Setting next_dagrun for example_branch_operator to 2024-06-28 00:00:00+00:00, run_after=2024-06-29 00:00:00+00:00
[2024-06-29T12:14:33.735+0000] {processor.py:183} INFO - Processing /home/airflow/.local/lib/python3.12/site-packages/airflow/example_dags/example_branch_operator.py took 0.053 seconds
[2024-06-29T12:15:04.769+0000] {processor.py:161} INFO - Started process (PID=11081) to work on /home/airflow/.local/lib/python3.12/site-packages/airflow/example_dags/example_branch_operator.py
[2024-06-29T12:15:04.769+0000] {processor.py:830} INFO - Processing file /home/airflow/.local/lib/python3.12/site-packages/airflow/example_dags/example_branch_operator.py for tasks to queue
[2024-06-29T12:15:04.771+0000] {logging_mixin.py:188} INFO - [2024-06-29T12:15:04.770+0000] {dagbag.py:545} INFO - Filling up the DagBag from /home/airflow/.local/lib/python3.12/site-packages/airflow/example_dags/example_branch_operator.py
[2024-06-29T12:15:04.779+0000] {processor.py:840} INFO - DAG(s) 'example_branch_operator' retrieved from /home/airflow/.local/lib/python3.12/site-packages/airflow/example_dags/example_branch_operator.py
[2024-06-29T12:15:04.795+0000] {logging_mixin.py:188} INFO - [2024-06-29T12:15:04.795+0000] {dag.py:3096} INFO - Sync 1 DAGs
[2024-06-29T12:15:04.805+0000] {logging_mixin.py:188} INFO - [2024-06-29T12:15:04.805+0000] {dag.py:3954} INFO - Setting next_dagrun for example_branch_operator to 2024-06-28 00:00:00+00:00, run_after=2024-06-29 00:00:00+00:00
[2024-06-29T12:15:04.813+0000] {processor.py:183} INFO - Processing /home/airflow/.local/lib/python3.12/site-packages/airflow/example_dags/example_branch_operator.py took 0.047 seconds
[2024-06-29T12:15:35.008+0000] {processor.py:161} INFO - Started process (PID=11343) to work on /home/airflow/.local/lib/python3.12/site-packages/airflow/example_dags/example_branch_operator.py
[2024-06-29T12:15:35.009+0000] {processor.py:830} INFO - Processing file /home/airflow/.local/lib/python3.12/site-packages/airflow/example_dags/example_branch_operator.py for tasks to queue
[2024-06-29T12:15:35.010+0000] {logging_mixin.py:188} INFO - [2024-06-29T12:15:35.010+0000] {dagbag.py:545} INFO - Filling up the DagBag from /home/airflow/.local/lib/python3.12/site-packages/airflow/example_dags/example_branch_operator.py
[2024-06-29T12:15:35.019+0000] {processor.py:840} INFO - DAG(s) 'example_branch_operator' retrieved from /home/airflow/.local/lib/python3.12/site-packages/airflow/example_dags/example_branch_operator.py
[2024-06-29T12:15:35.035+0000] {logging_mixin.py:188} INFO - [2024-06-29T12:15:35.035+0000] {dag.py:3096} INFO - Sync 1 DAGs
[2024-06-29T12:15:35.046+0000] {logging_mixin.py:188} INFO - [2024-06-29T12:15:35.045+0000] {dag.py:3954} INFO - Setting next_dagrun for example_branch_operator to 2024-06-28 00:00:00+00:00, run_after=2024-06-29 00:00:00+00:00
[2024-06-29T12:15:35.056+0000] {processor.py:183} INFO - Processing /home/airflow/.local/lib/python3.12/site-packages/airflow/example_dags/example_branch_operator.py took 0.051 seconds
[2024-06-29T12:16:05.134+0000] {processor.py:161} INFO - Started process (PID=11604) to work on /home/airflow/.local/lib/python3.12/site-packages/airflow/example_dags/example_branch_operator.py
[2024-06-29T12:16:05.135+0000] {processor.py:830} INFO - Processing file /home/airflow/.local/lib/python3.12/site-packages/airflow/example_dags/example_branch_operator.py for tasks to queue
[2024-06-29T12:16:05.136+0000] {logging_mixin.py:188} INFO - [2024-06-29T12:16:05.136+0000] {dagbag.py:545} INFO - Filling up the DagBag from /home/airflow/.local/lib/python3.12/site-packages/airflow/example_dags/example_branch_operator.py
[2024-06-29T12:16:05.144+0000] {processor.py:840} INFO - DAG(s) 'example_branch_operator' retrieved from /home/airflow/.local/lib/python3.12/site-packages/airflow/example_dags/example_branch_operator.py
[2024-06-29T12:16:05.161+0000] {logging_mixin.py:188} INFO - [2024-06-29T12:16:05.161+0000] {dag.py:3096} INFO - Sync 1 DAGs
[2024-06-29T12:16:05.172+0000] {logging_mixin.py:188} INFO - [2024-06-29T12:16:05.172+0000] {dag.py:3954} INFO - Setting next_dagrun for example_branch_operator to 2024-06-28 00:00:00+00:00, run_after=2024-06-29 00:00:00+00:00
[2024-06-29T12:16:05.181+0000] {processor.py:183} INFO - Processing /home/airflow/.local/lib/python3.12/site-packages/airflow/example_dags/example_branch_operator.py took 0.051 seconds
[2024-06-29T12:16:35.364+0000] {processor.py:161} INFO - Started process (PID=11862) to work on /home/airflow/.local/lib/python3.12/site-packages/airflow/example_dags/example_branch_operator.py
[2024-06-29T12:16:35.365+0000] {processor.py:830} INFO - Processing file /home/airflow/.local/lib/python3.12/site-packages/airflow/example_dags/example_branch_operator.py for tasks to queue
[2024-06-29T12:16:35.366+0000] {logging_mixin.py:188} INFO - [2024-06-29T12:16:35.366+0000] {dagbag.py:545} INFO - Filling up the DagBag from /home/airflow/.local/lib/python3.12/site-packages/airflow/example_dags/example_branch_operator.py
[2024-06-29T12:16:35.375+0000] {processor.py:840} INFO - DAG(s) 'example_branch_operator' retrieved from /home/airflow/.local/lib/python3.12/site-packages/airflow/example_dags/example_branch_operator.py
[2024-06-29T12:16:35.391+0000] {logging_mixin.py:188} INFO - [2024-06-29T12:16:35.390+0000] {dag.py:3096} INFO - Sync 1 DAGs
[2024-06-29T12:16:35.401+0000] {logging_mixin.py:188} INFO - [2024-06-29T12:16:35.401+0000] {dag.py:3954} INFO - Setting next_dagrun for example_branch_operator to 2024-06-28 00:00:00+00:00, run_after=2024-06-29 00:00:00+00:00
[2024-06-29T12:16:35.411+0000] {processor.py:183} INFO - Processing /home/airflow/.local/lib/python3.12/site-packages/airflow/example_dags/example_branch_operator.py took 0.050 seconds
[2024-06-29T12:17:05.573+0000] {processor.py:161} INFO - Started process (PID=12122) to work on /home/airflow/.local/lib/python3.12/site-packages/airflow/example_dags/example_branch_operator.py
[2024-06-29T12:17:05.574+0000] {processor.py:830} INFO - Processing file /home/airflow/.local/lib/python3.12/site-packages/airflow/example_dags/example_branch_operator.py for tasks to queue
[2024-06-29T12:17:05.575+0000] {logging_mixin.py:188} INFO - [2024-06-29T12:17:05.575+0000] {dagbag.py:545} INFO - Filling up the DagBag from /home/airflow/.local/lib/python3.12/site-packages/airflow/example_dags/example_branch_operator.py
[2024-06-29T12:17:05.584+0000] {processor.py:840} INFO - DAG(s) 'example_branch_operator' retrieved from /home/airflow/.local/lib/python3.12/site-packages/airflow/example_dags/example_branch_operator.py
[2024-06-29T12:17:05.604+0000] {logging_mixin.py:188} INFO - [2024-06-29T12:17:05.603+0000] {dag.py:3096} INFO - Sync 1 DAGs
[2024-06-29T12:17:05.615+0000] {logging_mixin.py:188} INFO - [2024-06-29T12:17:05.615+0000] {dag.py:3954} INFO - Setting next_dagrun for example_branch_operator to 2024-06-28 00:00:00+00:00, run_after=2024-06-29 00:00:00+00:00
[2024-06-29T12:17:05.623+0000] {processor.py:183} INFO - Processing /home/airflow/.local/lib/python3.12/site-packages/airflow/example_dags/example_branch_operator.py took 0.055 seconds
[2024-06-29T12:17:35.763+0000] {processor.py:161} INFO - Started process (PID=12386) to work on /home/airflow/.local/lib/python3.12/site-packages/airflow/example_dags/example_branch_operator.py
[2024-06-29T12:17:35.764+0000] {processor.py:830} INFO - Processing file /home/airflow/.local/lib/python3.12/site-packages/airflow/example_dags/example_branch_operator.py for tasks to queue
[2024-06-29T12:17:35.765+0000] {logging_mixin.py:188} INFO - [2024-06-29T12:17:35.765+0000] {dagbag.py:545} INFO - Filling up the DagBag from /home/airflow/.local/lib/python3.12/site-packages/airflow/example_dags/example_branch_operator.py
[2024-06-29T12:17:35.774+0000] {processor.py:840} INFO - DAG(s) 'example_branch_operator' retrieved from /home/airflow/.local/lib/python3.12/site-packages/airflow/example_dags/example_branch_operator.py
[2024-06-29T12:17:35.791+0000] {logging_mixin.py:188} INFO - [2024-06-29T12:17:35.791+0000] {dag.py:3096} INFO - Sync 1 DAGs
[2024-06-29T12:17:35.802+0000] {logging_mixin.py:188} INFO - [2024-06-29T12:17:35.802+0000] {dag.py:3954} INFO - Setting next_dagrun for example_branch_operator to 2024-06-28 00:00:00+00:00, run_after=2024-06-29 00:00:00+00:00
[2024-06-29T12:17:35.812+0000] {processor.py:183} INFO - Processing /home/airflow/.local/lib/python3.12/site-packages/airflow/example_dags/example_branch_operator.py took 0.053 seconds
[2024-06-29T12:18:05.853+0000] {processor.py:161} INFO - Started process (PID=12646) to work on /home/airflow/.local/lib/python3.12/site-packages/airflow/example_dags/example_branch_operator.py
[2024-06-29T12:18:05.854+0000] {processor.py:830} INFO - Processing file /home/airflow/.local/lib/python3.12/site-packages/airflow/example_dags/example_branch_operator.py for tasks to queue
[2024-06-29T12:18:05.855+0000] {logging_mixin.py:188} INFO - [2024-06-29T12:18:05.855+0000] {dagbag.py:545} INFO - Filling up the DagBag from /home/airflow/.local/lib/python3.12/site-packages/airflow/example_dags/example_branch_operator.py
[2024-06-29T12:18:05.863+0000] {processor.py:840} INFO - DAG(s) 'example_branch_operator' retrieved from /home/airflow/.local/lib/python3.12/site-packages/airflow/example_dags/example_branch_operator.py
[2024-06-29T12:18:05.880+0000] {logging_mixin.py:188} INFO - [2024-06-29T12:18:05.880+0000] {dag.py:3096} INFO - Sync 1 DAGs
[2024-06-29T12:18:05.892+0000] {logging_mixin.py:188} INFO - [2024-06-29T12:18:05.892+0000] {dag.py:3954} INFO - Setting next_dagrun for example_branch_operator to 2024-06-28 00:00:00+00:00, run_after=2024-06-29 00:00:00+00:00
[2024-06-29T12:18:05.901+0000] {processor.py:183} INFO - Processing /home/airflow/.local/lib/python3.12/site-packages/airflow/example_dags/example_branch_operator.py took 0.052 seconds
[2024-06-29T12:18:36.099+0000] {processor.py:161} INFO - Started process (PID=12907) to work on /home/airflow/.local/lib/python3.12/site-packages/airflow/example_dags/example_branch_operator.py
[2024-06-29T12:18:36.100+0000] {processor.py:830} INFO - Processing file /home/airflow/.local/lib/python3.12/site-packages/airflow/example_dags/example_branch_operator.py for tasks to queue
[2024-06-29T12:18:36.101+0000] {logging_mixin.py:188} INFO - [2024-06-29T12:18:36.101+0000] {dagbag.py:545} INFO - Filling up the DagBag from /home/airflow/.local/lib/python3.12/site-packages/airflow/example_dags/example_branch_operator.py
[2024-06-29T12:18:36.110+0000] {processor.py:840} INFO - DAG(s) 'example_branch_operator' retrieved from /home/airflow/.local/lib/python3.12/site-packages/airflow/example_dags/example_branch_operator.py
[2024-06-29T12:18:36.128+0000] {logging_mixin.py:188} INFO - [2024-06-29T12:18:36.128+0000] {dag.py:3096} INFO - Sync 1 DAGs
[2024-06-29T12:18:36.141+0000] {logging_mixin.py:188} INFO - [2024-06-29T12:18:36.141+0000] {dag.py:3954} INFO - Setting next_dagrun for example_branch_operator to 2024-06-28 00:00:00+00:00, run_after=2024-06-29 00:00:00+00:00
[2024-06-29T12:18:36.150+0000] {processor.py:183} INFO - Processing /home/airflow/.local/lib/python3.12/site-packages/airflow/example_dags/example_branch_operator.py took 0.054 seconds
[2024-06-29T12:19:06.249+0000] {processor.py:161} INFO - Started process (PID=13170) to work on /home/airflow/.local/lib/python3.12/site-packages/airflow/example_dags/example_branch_operator.py
[2024-06-29T12:19:06.249+0000] {processor.py:830} INFO - Processing file /home/airflow/.local/lib/python3.12/site-packages/airflow/example_dags/example_branch_operator.py for tasks to queue
[2024-06-29T12:19:06.250+0000] {logging_mixin.py:188} INFO - [2024-06-29T12:19:06.250+0000] {dagbag.py:545} INFO - Filling up the DagBag from /home/airflow/.local/lib/python3.12/site-packages/airflow/example_dags/example_branch_operator.py
[2024-06-29T12:19:06.259+0000] {processor.py:840} INFO - DAG(s) 'example_branch_operator' retrieved from /home/airflow/.local/lib/python3.12/site-packages/airflow/example_dags/example_branch_operator.py
[2024-06-29T12:19:06.277+0000] {logging_mixin.py:188} INFO - [2024-06-29T12:19:06.276+0000] {dag.py:3096} INFO - Sync 1 DAGs
[2024-06-29T12:19:06.288+0000] {logging_mixin.py:188} INFO - [2024-06-29T12:19:06.288+0000] {dag.py:3954} INFO - Setting next_dagrun for example_branch_operator to 2024-06-28 00:00:00+00:00, run_after=2024-06-29 00:00:00+00:00
[2024-06-29T12:19:06.296+0000] {processor.py:183} INFO - Processing /home/airflow/.local/lib/python3.12/site-packages/airflow/example_dags/example_branch_operator.py took 0.051 seconds
[2024-06-29T12:19:37.421+0000] {processor.py:161} INFO - Started process (PID=13434) to work on /home/airflow/.local/lib/python3.12/site-packages/airflow/example_dags/example_branch_operator.py
[2024-06-29T12:19:37.422+0000] {processor.py:830} INFO - Processing file /home/airflow/.local/lib/python3.12/site-packages/airflow/example_dags/example_branch_operator.py for tasks to queue
[2024-06-29T12:19:37.424+0000] {logging_mixin.py:188} INFO - [2024-06-29T12:19:37.423+0000] {dagbag.py:545} INFO - Filling up the DagBag from /home/airflow/.local/lib/python3.12/site-packages/airflow/example_dags/example_branch_operator.py
[2024-06-29T12:19:37.432+0000] {processor.py:840} INFO - DAG(s) 'example_branch_operator' retrieved from /home/airflow/.local/lib/python3.12/site-packages/airflow/example_dags/example_branch_operator.py
[2024-06-29T12:19:37.449+0000] {logging_mixin.py:188} INFO - [2024-06-29T12:19:37.449+0000] {dag.py:3096} INFO - Sync 1 DAGs
[2024-06-29T12:19:37.460+0000] {logging_mixin.py:188} INFO - [2024-06-29T12:19:37.460+0000] {dag.py:3954} INFO - Setting next_dagrun for example_branch_operator to 2024-06-28 00:00:00+00:00, run_after=2024-06-29 00:00:00+00:00
[2024-06-29T12:19:37.467+0000] {processor.py:183} INFO - Processing /home/airflow/.local/lib/python3.12/site-packages/airflow/example_dags/example_branch_operator.py took 0.050 seconds
[2024-06-29T12:20:07.598+0000] {processor.py:161} INFO - Started process (PID=13696) to work on /home/airflow/.local/lib/python3.12/site-packages/airflow/example_dags/example_branch_operator.py
[2024-06-29T12:20:07.598+0000] {processor.py:830} INFO - Processing file /home/airflow/.local/lib/python3.12/site-packages/airflow/example_dags/example_branch_operator.py for tasks to queue
[2024-06-29T12:20:07.600+0000] {logging_mixin.py:188} INFO - [2024-06-29T12:20:07.599+0000] {dagbag.py:545} INFO - Filling up the DagBag from /home/airflow/.local/lib/python3.12/site-packages/airflow/example_dags/example_branch_operator.py
[2024-06-29T12:20:07.609+0000] {processor.py:840} INFO - DAG(s) 'example_branch_operator' retrieved from /home/airflow/.local/lib/python3.12/site-packages/airflow/example_dags/example_branch_operator.py
[2024-06-29T12:20:07.625+0000] {logging_mixin.py:188} INFO - [2024-06-29T12:20:07.625+0000] {dag.py:3096} INFO - Sync 1 DAGs
[2024-06-29T12:20:07.636+0000] {logging_mixin.py:188} INFO - [2024-06-29T12:20:07.635+0000] {dag.py:3954} INFO - Setting next_dagrun for example_branch_operator to 2024-06-28 00:00:00+00:00, run_after=2024-06-29 00:00:00+00:00
[2024-06-29T12:20:07.644+0000] {processor.py:183} INFO - Processing /home/airflow/.local/lib/python3.12/site-packages/airflow/example_dags/example_branch_operator.py took 0.051 seconds
[2024-06-29T12:20:37.804+0000] {processor.py:161} INFO - Started process (PID=13956) to work on /home/airflow/.local/lib/python3.12/site-packages/airflow/example_dags/example_branch_operator.py
[2024-06-29T12:20:37.805+0000] {processor.py:830} INFO - Processing file /home/airflow/.local/lib/python3.12/site-packages/airflow/example_dags/example_branch_operator.py for tasks to queue
[2024-06-29T12:20:37.806+0000] {logging_mixin.py:188} INFO - [2024-06-29T12:20:37.806+0000] {dagbag.py:545} INFO - Filling up the DagBag from /home/airflow/.local/lib/python3.12/site-packages/airflow/example_dags/example_branch_operator.py
[2024-06-29T12:20:37.815+0000] {processor.py:840} INFO - DAG(s) 'example_branch_operator' retrieved from /home/airflow/.local/lib/python3.12/site-packages/airflow/example_dags/example_branch_operator.py
[2024-06-29T12:20:37.832+0000] {logging_mixin.py:188} INFO - [2024-06-29T12:20:37.832+0000] {dag.py:3096} INFO - Sync 1 DAGs
[2024-06-29T12:20:37.844+0000] {logging_mixin.py:188} INFO - [2024-06-29T12:20:37.844+0000] {dag.py:3954} INFO - Setting next_dagrun for example_branch_operator to 2024-06-28 00:00:00+00:00, run_after=2024-06-29 00:00:00+00:00
[2024-06-29T12:20:37.854+0000] {processor.py:183} INFO - Processing /home/airflow/.local/lib/python3.12/site-packages/airflow/example_dags/example_branch_operator.py took 0.053 seconds
[2024-06-29T12:21:07.972+0000] {processor.py:161} INFO - Started process (PID=14220) to work on /home/airflow/.local/lib/python3.12/site-packages/airflow/example_dags/example_branch_operator.py
[2024-06-29T12:21:07.976+0000] {processor.py:830} INFO - Processing file /home/airflow/.local/lib/python3.12/site-packages/airflow/example_dags/example_branch_operator.py for tasks to queue
[2024-06-29T12:21:07.978+0000] {logging_mixin.py:188} INFO - [2024-06-29T12:21:07.978+0000] {dagbag.py:545} INFO - Filling up the DagBag from /home/airflow/.local/lib/python3.12/site-packages/airflow/example_dags/example_branch_operator.py
[2024-06-29T12:21:07.989+0000] {processor.py:840} INFO - DAG(s) 'example_branch_operator' retrieved from /home/airflow/.local/lib/python3.12/site-packages/airflow/example_dags/example_branch_operator.py
[2024-06-29T12:21:08.007+0000] {logging_mixin.py:188} INFO - [2024-06-29T12:21:08.006+0000] {dag.py:3096} INFO - Sync 1 DAGs
[2024-06-29T12:21:08.018+0000] {logging_mixin.py:188} INFO - [2024-06-29T12:21:08.017+0000] {dag.py:3954} INFO - Setting next_dagrun for example_branch_operator to 2024-06-28 00:00:00+00:00, run_after=2024-06-29 00:00:00+00:00
[2024-06-29T12:21:08.026+0000] {processor.py:183} INFO - Processing /home/airflow/.local/lib/python3.12/site-packages/airflow/example_dags/example_branch_operator.py took 0.058 seconds
[2024-06-29T12:21:38.199+0000] {processor.py:161} INFO - Started process (PID=14480) to work on /home/airflow/.local/lib/python3.12/site-packages/airflow/example_dags/example_branch_operator.py
[2024-06-29T12:21:38.200+0000] {processor.py:830} INFO - Processing file /home/airflow/.local/lib/python3.12/site-packages/airflow/example_dags/example_branch_operator.py for tasks to queue
[2024-06-29T12:21:38.201+0000] {logging_mixin.py:188} INFO - [2024-06-29T12:21:38.200+0000] {dagbag.py:545} INFO - Filling up the DagBag from /home/airflow/.local/lib/python3.12/site-packages/airflow/example_dags/example_branch_operator.py
[2024-06-29T12:21:38.209+0000] {processor.py:840} INFO - DAG(s) 'example_branch_operator' retrieved from /home/airflow/.local/lib/python3.12/site-packages/airflow/example_dags/example_branch_operator.py
[2024-06-29T12:21:38.227+0000] {logging_mixin.py:188} INFO - [2024-06-29T12:21:38.227+0000] {dag.py:3096} INFO - Sync 1 DAGs
[2024-06-29T12:21:38.238+0000] {logging_mixin.py:188} INFO - [2024-06-29T12:21:38.238+0000] {dag.py:3954} INFO - Setting next_dagrun for example_branch_operator to 2024-06-28 00:00:00+00:00, run_after=2024-06-29 00:00:00+00:00
[2024-06-29T12:21:38.247+0000] {processor.py:183} INFO - Processing /home/airflow/.local/lib/python3.12/site-packages/airflow/example_dags/example_branch_operator.py took 0.052 seconds
[2024-06-29T12:22:08.419+0000] {processor.py:161} INFO - Started process (PID=14744) to work on /home/airflow/.local/lib/python3.12/site-packages/airflow/example_dags/example_branch_operator.py
[2024-06-29T12:22:08.420+0000] {processor.py:830} INFO - Processing file /home/airflow/.local/lib/python3.12/site-packages/airflow/example_dags/example_branch_operator.py for tasks to queue
[2024-06-29T12:22:08.421+0000] {logging_mixin.py:188} INFO - [2024-06-29T12:22:08.421+0000] {dagbag.py:545} INFO - Filling up the DagBag from /home/airflow/.local/lib/python3.12/site-packages/airflow/example_dags/example_branch_operator.py
[2024-06-29T12:22:08.429+0000] {processor.py:840} INFO - DAG(s) 'example_branch_operator' retrieved from /home/airflow/.local/lib/python3.12/site-packages/airflow/example_dags/example_branch_operator.py
[2024-06-29T12:22:08.445+0000] {logging_mixin.py:188} INFO - [2024-06-29T12:22:08.445+0000] {dag.py:3096} INFO - Sync 1 DAGs
[2024-06-29T12:22:08.455+0000] {logging_mixin.py:188} INFO - [2024-06-29T12:22:08.455+0000] {dag.py:3954} INFO - Setting next_dagrun for example_branch_operator to 2024-06-28 00:00:00+00:00, run_after=2024-06-29 00:00:00+00:00
[2024-06-29T12:22:08.467+0000] {processor.py:183} INFO - Processing /home/airflow/.local/lib/python3.12/site-packages/airflow/example_dags/example_branch_operator.py took 0.051 seconds
[2024-06-29T12:22:38.528+0000] {processor.py:161} INFO - Started process (PID=15005) to work on /home/airflow/.local/lib/python3.12/site-packages/airflow/example_dags/example_branch_operator.py
[2024-06-29T12:22:38.529+0000] {processor.py:830} INFO - Processing file /home/airflow/.local/lib/python3.12/site-packages/airflow/example_dags/example_branch_operator.py for tasks to queue
[2024-06-29T12:22:38.530+0000] {logging_mixin.py:188} INFO - [2024-06-29T12:22:38.529+0000] {dagbag.py:545} INFO - Filling up the DagBag from /home/airflow/.local/lib/python3.12/site-packages/airflow/example_dags/example_branch_operator.py
[2024-06-29T12:22:38.539+0000] {processor.py:840} INFO - DAG(s) 'example_branch_operator' retrieved from /home/airflow/.local/lib/python3.12/site-packages/airflow/example_dags/example_branch_operator.py
[2024-06-29T12:22:38.559+0000] {logging_mixin.py:188} INFO - [2024-06-29T12:22:38.559+0000] {dag.py:3096} INFO - Sync 1 DAGs
[2024-06-29T12:22:38.571+0000] {logging_mixin.py:188} INFO - [2024-06-29T12:22:38.571+0000] {dag.py:3954} INFO - Setting next_dagrun for example_branch_operator to 2024-06-28 00:00:00+00:00, run_after=2024-06-29 00:00:00+00:00
[2024-06-29T12:22:38.585+0000] {processor.py:183} INFO - Processing /home/airflow/.local/lib/python3.12/site-packages/airflow/example_dags/example_branch_operator.py took 0.061 seconds
[2024-06-29T12:23:08.773+0000] {processor.py:161} INFO - Started process (PID=15267) to work on /home/airflow/.local/lib/python3.12/site-packages/airflow/example_dags/example_branch_operator.py
[2024-06-29T12:23:08.774+0000] {processor.py:830} INFO - Processing file /home/airflow/.local/lib/python3.12/site-packages/airflow/example_dags/example_branch_operator.py for tasks to queue
[2024-06-29T12:23:08.775+0000] {logging_mixin.py:188} INFO - [2024-06-29T12:23:08.775+0000] {dagbag.py:545} INFO - Filling up the DagBag from /home/airflow/.local/lib/python3.12/site-packages/airflow/example_dags/example_branch_operator.py
[2024-06-29T12:23:08.785+0000] {processor.py:840} INFO - DAG(s) 'example_branch_operator' retrieved from /home/airflow/.local/lib/python3.12/site-packages/airflow/example_dags/example_branch_operator.py
[2024-06-29T12:23:08.808+0000] {logging_mixin.py:188} INFO - [2024-06-29T12:23:08.808+0000] {dag.py:3096} INFO - Sync 1 DAGs
[2024-06-29T12:23:08.823+0000] {logging_mixin.py:188} INFO - [2024-06-29T12:23:08.823+0000] {dag.py:3954} INFO - Setting next_dagrun for example_branch_operator to 2024-06-28 00:00:00+00:00, run_after=2024-06-29 00:00:00+00:00
[2024-06-29T12:23:08.833+0000] {processor.py:183} INFO - Processing /home/airflow/.local/lib/python3.12/site-packages/airflow/example_dags/example_branch_operator.py took 0.064 seconds
[2024-06-29T12:23:39.027+0000] {processor.py:161} INFO - Started process (PID=15531) to work on /home/airflow/.local/lib/python3.12/site-packages/airflow/example_dags/example_branch_operator.py
[2024-06-29T12:23:39.028+0000] {processor.py:830} INFO - Processing file /home/airflow/.local/lib/python3.12/site-packages/airflow/example_dags/example_branch_operator.py for tasks to queue
[2024-06-29T12:23:39.029+0000] {logging_mixin.py:188} INFO - [2024-06-29T12:23:39.029+0000] {dagbag.py:545} INFO - Filling up the DagBag from /home/airflow/.local/lib/python3.12/site-packages/airflow/example_dags/example_branch_operator.py
[2024-06-29T12:23:39.039+0000] {processor.py:840} INFO - DAG(s) 'example_branch_operator' retrieved from /home/airflow/.local/lib/python3.12/site-packages/airflow/example_dags/example_branch_operator.py
[2024-06-29T12:23:39.057+0000] {logging_mixin.py:188} INFO - [2024-06-29T12:23:39.057+0000] {dag.py:3096} INFO - Sync 1 DAGs
[2024-06-29T12:23:39.070+0000] {logging_mixin.py:188} INFO - [2024-06-29T12:23:39.070+0000] {dag.py:3954} INFO - Setting next_dagrun for example_branch_operator to 2024-06-28 00:00:00+00:00, run_after=2024-06-29 00:00:00+00:00
[2024-06-29T12:23:39.081+0000] {processor.py:183} INFO - Processing /home/airflow/.local/lib/python3.12/site-packages/airflow/example_dags/example_branch_operator.py took 0.057 seconds
[2024-06-29T12:24:09.230+0000] {processor.py:161} INFO - Started process (PID=15794) to work on /home/airflow/.local/lib/python3.12/site-packages/airflow/example_dags/example_branch_operator.py
[2024-06-29T12:24:09.231+0000] {processor.py:830} INFO - Processing file /home/airflow/.local/lib/python3.12/site-packages/airflow/example_dags/example_branch_operator.py for tasks to queue
[2024-06-29T12:24:09.232+0000] {logging_mixin.py:188} INFO - [2024-06-29T12:24:09.232+0000] {dagbag.py:545} INFO - Filling up the DagBag from /home/airflow/.local/lib/python3.12/site-packages/airflow/example_dags/example_branch_operator.py
[2024-06-29T12:24:09.240+0000] {processor.py:840} INFO - DAG(s) 'example_branch_operator' retrieved from /home/airflow/.local/lib/python3.12/site-packages/airflow/example_dags/example_branch_operator.py
[2024-06-29T12:24:09.257+0000] {logging_mixin.py:188} INFO - [2024-06-29T12:24:09.257+0000] {dag.py:3096} INFO - Sync 1 DAGs
[2024-06-29T12:24:09.267+0000] {logging_mixin.py:188} INFO - [2024-06-29T12:24:09.267+0000] {dag.py:3954} INFO - Setting next_dagrun for example_branch_operator to 2024-06-28 00:00:00+00:00, run_after=2024-06-29 00:00:00+00:00
[2024-06-29T12:24:09.275+0000] {processor.py:183} INFO - Processing /home/airflow/.local/lib/python3.12/site-packages/airflow/example_dags/example_branch_operator.py took 0.049 seconds
[2024-06-29T12:24:39.338+0000] {processor.py:161} INFO - Started process (PID=16055) to work on /home/airflow/.local/lib/python3.12/site-packages/airflow/example_dags/example_branch_operator.py
[2024-06-29T12:24:39.338+0000] {processor.py:830} INFO - Processing file /home/airflow/.local/lib/python3.12/site-packages/airflow/example_dags/example_branch_operator.py for tasks to queue
[2024-06-29T12:24:39.339+0000] {logging_mixin.py:188} INFO - [2024-06-29T12:24:39.339+0000] {dagbag.py:545} INFO - Filling up the DagBag from /home/airflow/.local/lib/python3.12/site-packages/airflow/example_dags/example_branch_operator.py
[2024-06-29T12:24:39.348+0000] {processor.py:840} INFO - DAG(s) 'example_branch_operator' retrieved from /home/airflow/.local/lib/python3.12/site-packages/airflow/example_dags/example_branch_operator.py
[2024-06-29T12:24:39.366+0000] {logging_mixin.py:188} INFO - [2024-06-29T12:24:39.365+0000] {dag.py:3096} INFO - Sync 1 DAGs
[2024-06-29T12:24:39.376+0000] {logging_mixin.py:188} INFO - [2024-06-29T12:24:39.376+0000] {dag.py:3954} INFO - Setting next_dagrun for example_branch_operator to 2024-06-28 00:00:00+00:00, run_after=2024-06-29 00:00:00+00:00
[2024-06-29T12:24:39.385+0000] {processor.py:183} INFO - Processing /home/airflow/.local/lib/python3.12/site-packages/airflow/example_dags/example_branch_operator.py took 0.052 seconds
[2024-06-29T12:25:09.541+0000] {processor.py:161} INFO - Started process (PID=16317) to work on /home/airflow/.local/lib/python3.12/site-packages/airflow/example_dags/example_branch_operator.py
[2024-06-29T12:25:09.541+0000] {processor.py:830} INFO - Processing file /home/airflow/.local/lib/python3.12/site-packages/airflow/example_dags/example_branch_operator.py for tasks to queue
[2024-06-29T12:25:09.542+0000] {logging_mixin.py:188} INFO - [2024-06-29T12:25:09.542+0000] {dagbag.py:545} INFO - Filling up the DagBag from /home/airflow/.local/lib/python3.12/site-packages/airflow/example_dags/example_branch_operator.py
[2024-06-29T12:25:09.551+0000] {processor.py:840} INFO - DAG(s) 'example_branch_operator' retrieved from /home/airflow/.local/lib/python3.12/site-packages/airflow/example_dags/example_branch_operator.py
[2024-06-29T12:25:09.568+0000] {logging_mixin.py:188} INFO - [2024-06-29T12:25:09.568+0000] {dag.py:3096} INFO - Sync 1 DAGs
[2024-06-29T12:25:09.579+0000] {logging_mixin.py:188} INFO - [2024-06-29T12:25:09.579+0000] {dag.py:3954} INFO - Setting next_dagrun for example_branch_operator to 2024-06-28 00:00:00+00:00, run_after=2024-06-29 00:00:00+00:00
[2024-06-29T12:25:09.588+0000] {processor.py:183} INFO - Processing /home/airflow/.local/lib/python3.12/site-packages/airflow/example_dags/example_branch_operator.py took 0.051 seconds
