[2024-06-29T11:54:20.885+0000] {processor.py:161} INFO - Started process (PID=315) to work on /home/airflow/.local/lib/python3.12/site-packages/airflow/example_dags/example_branch_python_dop_operator_3.py
[2024-06-29T11:54:20.886+0000] {processor.py:830} INFO - Processing file /home/airflow/.local/lib/python3.12/site-packages/airflow/example_dags/example_branch_python_dop_operator_3.py for tasks to queue
[2024-06-29T11:54:20.887+0000] {logging_mixin.py:188} INFO - [2024-06-29T11:54:20.887+0000] {dagbag.py:545} INFO - Filling up the DagBag from /home/airflow/.local/lib/python3.12/site-packages/airflow/example_dags/example_branch_python_dop_operator_3.py
[2024-06-29T11:54:20.892+0000] {processor.py:840} INFO - DAG(s) 'example_branch_dop_operator_v3' retrieved from /home/airflow/.local/lib/python3.12/site-packages/airflow/example_dags/example_branch_python_dop_operator_3.py
[2024-06-29T11:54:20.903+0000] {logging_mixin.py:188} INFO - [2024-06-29T11:54:20.903+0000] {dag.py:3096} INFO - Sync 1 DAGs
[2024-06-29T11:54:20.917+0000] {logging_mixin.py:188} INFO - [2024-06-29T11:54:20.917+0000] {dag.py:3954} INFO - Setting next_dagrun for example_branch_dop_operator_v3 to 2024-06-29 11:53:00+00:00, run_after=2024-06-29 11:54:00+00:00
[2024-06-29T11:54:20.927+0000] {processor.py:183} INFO - Processing /home/airflow/.local/lib/python3.12/site-packages/airflow/example_dags/example_branch_python_dop_operator_3.py took 0.045 seconds
[2024-06-29T11:54:52.556+0000] {processor.py:161} INFO - Started process (PID=577) to work on /home/airflow/.local/lib/python3.12/site-packages/airflow/example_dags/example_branch_python_dop_operator_3.py
[2024-06-29T11:54:52.557+0000] {processor.py:830} INFO - Processing file /home/airflow/.local/lib/python3.12/site-packages/airflow/example_dags/example_branch_python_dop_operator_3.py for tasks to queue
[2024-06-29T11:54:52.558+0000] {logging_mixin.py:188} INFO - [2024-06-29T11:54:52.558+0000] {dagbag.py:545} INFO - Filling up the DagBag from /home/airflow/.local/lib/python3.12/site-packages/airflow/example_dags/example_branch_python_dop_operator_3.py
[2024-06-29T11:54:52.563+0000] {processor.py:840} INFO - DAG(s) 'example_branch_dop_operator_v3' retrieved from /home/airflow/.local/lib/python3.12/site-packages/airflow/example_dags/example_branch_python_dop_operator_3.py
[2024-06-29T11:54:52.614+0000] {logging_mixin.py:188} INFO - [2024-06-29T11:54:52.613+0000] {dag.py:3096} INFO - Sync 1 DAGs
[2024-06-29T11:54:52.625+0000] {logging_mixin.py:188} INFO - [2024-06-29T11:54:52.625+0000] {dag.py:3954} INFO - Setting next_dagrun for example_branch_dop_operator_v3 to 2024-06-29 11:53:00+00:00, run_after=2024-06-29 11:54:00+00:00
[2024-06-29T11:54:52.633+0000] {processor.py:183} INFO - Processing /home/airflow/.local/lib/python3.12/site-packages/airflow/example_dags/example_branch_python_dop_operator_3.py took 0.081 seconds
[2024-06-29T11:55:22.814+0000] {processor.py:161} INFO - Started process (PID=839) to work on /home/airflow/.local/lib/python3.12/site-packages/airflow/example_dags/example_branch_python_dop_operator_3.py
[2024-06-29T11:55:22.814+0000] {processor.py:830} INFO - Processing file /home/airflow/.local/lib/python3.12/site-packages/airflow/example_dags/example_branch_python_dop_operator_3.py for tasks to queue
[2024-06-29T11:55:22.816+0000] {logging_mixin.py:188} INFO - [2024-06-29T11:55:22.815+0000] {dagbag.py:545} INFO - Filling up the DagBag from /home/airflow/.local/lib/python3.12/site-packages/airflow/example_dags/example_branch_python_dop_operator_3.py
[2024-06-29T11:55:22.821+0000] {processor.py:840} INFO - DAG(s) 'example_branch_dop_operator_v3' retrieved from /home/airflow/.local/lib/python3.12/site-packages/airflow/example_dags/example_branch_python_dop_operator_3.py
[2024-06-29T11:55:22.834+0000] {logging_mixin.py:188} INFO - [2024-06-29T11:55:22.834+0000] {dag.py:3096} INFO - Sync 1 DAGs
[2024-06-29T11:55:22.848+0000] {logging_mixin.py:188} INFO - [2024-06-29T11:55:22.848+0000] {dag.py:3954} INFO - Setting next_dagrun for example_branch_dop_operator_v3 to 2024-06-29 11:54:00+00:00, run_after=2024-06-29 11:55:00+00:00
[2024-06-29T11:55:22.857+0000] {processor.py:183} INFO - Processing /home/airflow/.local/lib/python3.12/site-packages/airflow/example_dags/example_branch_python_dop_operator_3.py took 0.047 seconds
[2024-06-29T11:55:53.198+0000] {processor.py:161} INFO - Started process (PID=1101) to work on /home/airflow/.local/lib/python3.12/site-packages/airflow/example_dags/example_branch_python_dop_operator_3.py
[2024-06-29T11:55:53.199+0000] {processor.py:830} INFO - Processing file /home/airflow/.local/lib/python3.12/site-packages/airflow/example_dags/example_branch_python_dop_operator_3.py for tasks to queue
[2024-06-29T11:55:53.200+0000] {logging_mixin.py:188} INFO - [2024-06-29T11:55:53.200+0000] {dagbag.py:545} INFO - Filling up the DagBag from /home/airflow/.local/lib/python3.12/site-packages/airflow/example_dags/example_branch_python_dop_operator_3.py
[2024-06-29T11:55:53.205+0000] {processor.py:840} INFO - DAG(s) 'example_branch_dop_operator_v3' retrieved from /home/airflow/.local/lib/python3.12/site-packages/airflow/example_dags/example_branch_python_dop_operator_3.py
[2024-06-29T11:55:53.219+0000] {logging_mixin.py:188} INFO - [2024-06-29T11:55:53.219+0000] {dag.py:3096} INFO - Sync 1 DAGs
[2024-06-29T11:55:53.232+0000] {logging_mixin.py:188} INFO - [2024-06-29T11:55:53.232+0000] {dag.py:3954} INFO - Setting next_dagrun for example_branch_dop_operator_v3 to 2024-06-29 11:54:00+00:00, run_after=2024-06-29 11:55:00+00:00
[2024-06-29T11:55:53.241+0000] {processor.py:183} INFO - Processing /home/airflow/.local/lib/python3.12/site-packages/airflow/example_dags/example_branch_python_dop_operator_3.py took 0.047 seconds
[2024-06-29T11:56:23.453+0000] {processor.py:161} INFO - Started process (PID=1364) to work on /home/airflow/.local/lib/python3.12/site-packages/airflow/example_dags/example_branch_python_dop_operator_3.py
[2024-06-29T11:56:23.454+0000] {processor.py:830} INFO - Processing file /home/airflow/.local/lib/python3.12/site-packages/airflow/example_dags/example_branch_python_dop_operator_3.py for tasks to queue
[2024-06-29T11:56:23.455+0000] {logging_mixin.py:188} INFO - [2024-06-29T11:56:23.454+0000] {dagbag.py:545} INFO - Filling up the DagBag from /home/airflow/.local/lib/python3.12/site-packages/airflow/example_dags/example_branch_python_dop_operator_3.py
[2024-06-29T11:56:23.459+0000] {processor.py:840} INFO - DAG(s) 'example_branch_dop_operator_v3' retrieved from /home/airflow/.local/lib/python3.12/site-packages/airflow/example_dags/example_branch_python_dop_operator_3.py
[2024-06-29T11:56:23.474+0000] {logging_mixin.py:188} INFO - [2024-06-29T11:56:23.473+0000] {dag.py:3096} INFO - Sync 1 DAGs
[2024-06-29T11:56:23.489+0000] {logging_mixin.py:188} INFO - [2024-06-29T11:56:23.489+0000] {dag.py:3954} INFO - Setting next_dagrun for example_branch_dop_operator_v3 to 2024-06-29 11:55:00+00:00, run_after=2024-06-29 11:56:00+00:00
[2024-06-29T11:56:23.500+0000] {processor.py:183} INFO - Processing /home/airflow/.local/lib/python3.12/site-packages/airflow/example_dags/example_branch_python_dop_operator_3.py took 0.051 seconds
[2024-06-29T11:56:53.628+0000] {processor.py:161} INFO - Started process (PID=1626) to work on /home/airflow/.local/lib/python3.12/site-packages/airflow/example_dags/example_branch_python_dop_operator_3.py
[2024-06-29T11:56:53.628+0000] {processor.py:830} INFO - Processing file /home/airflow/.local/lib/python3.12/site-packages/airflow/example_dags/example_branch_python_dop_operator_3.py for tasks to queue
[2024-06-29T11:56:53.630+0000] {logging_mixin.py:188} INFO - [2024-06-29T11:56:53.629+0000] {dagbag.py:545} INFO - Filling up the DagBag from /home/airflow/.local/lib/python3.12/site-packages/airflow/example_dags/example_branch_python_dop_operator_3.py
[2024-06-29T11:56:53.634+0000] {processor.py:840} INFO - DAG(s) 'example_branch_dop_operator_v3' retrieved from /home/airflow/.local/lib/python3.12/site-packages/airflow/example_dags/example_branch_python_dop_operator_3.py
[2024-06-29T11:56:53.648+0000] {logging_mixin.py:188} INFO - [2024-06-29T11:56:53.648+0000] {dag.py:3096} INFO - Sync 1 DAGs
[2024-06-29T11:56:53.661+0000] {logging_mixin.py:188} INFO - [2024-06-29T11:56:53.661+0000] {dag.py:3954} INFO - Setting next_dagrun for example_branch_dop_operator_v3 to 2024-06-29 11:55:00+00:00, run_after=2024-06-29 11:56:00+00:00
[2024-06-29T11:56:53.670+0000] {processor.py:183} INFO - Processing /home/airflow/.local/lib/python3.12/site-packages/airflow/example_dags/example_branch_python_dop_operator_3.py took 0.046 seconds
[2024-06-29T11:57:23.987+0000] {processor.py:161} INFO - Started process (PID=1888) to work on /home/airflow/.local/lib/python3.12/site-packages/airflow/example_dags/example_branch_python_dop_operator_3.py
[2024-06-29T11:57:23.988+0000] {processor.py:830} INFO - Processing file /home/airflow/.local/lib/python3.12/site-packages/airflow/example_dags/example_branch_python_dop_operator_3.py for tasks to queue
[2024-06-29T11:57:23.989+0000] {logging_mixin.py:188} INFO - [2024-06-29T11:57:23.989+0000] {dagbag.py:545} INFO - Filling up the DagBag from /home/airflow/.local/lib/python3.12/site-packages/airflow/example_dags/example_branch_python_dop_operator_3.py
[2024-06-29T11:57:23.994+0000] {processor.py:840} INFO - DAG(s) 'example_branch_dop_operator_v3' retrieved from /home/airflow/.local/lib/python3.12/site-packages/airflow/example_dags/example_branch_python_dop_operator_3.py
[2024-06-29T11:57:24.009+0000] {logging_mixin.py:188} INFO - [2024-06-29T11:57:24.009+0000] {dag.py:3096} INFO - Sync 1 DAGs
[2024-06-29T11:57:24.023+0000] {logging_mixin.py:188} INFO - [2024-06-29T11:57:24.023+0000] {dag.py:3954} INFO - Setting next_dagrun for example_branch_dop_operator_v3 to 2024-06-29 11:56:00+00:00, run_after=2024-06-29 11:57:00+00:00
[2024-06-29T11:57:24.033+0000] {processor.py:183} INFO - Processing /home/airflow/.local/lib/python3.12/site-packages/airflow/example_dags/example_branch_python_dop_operator_3.py took 0.050 seconds
[2024-06-29T11:57:54.213+0000] {processor.py:161} INFO - Started process (PID=2150) to work on /home/airflow/.local/lib/python3.12/site-packages/airflow/example_dags/example_branch_python_dop_operator_3.py
[2024-06-29T11:57:54.214+0000] {processor.py:830} INFO - Processing file /home/airflow/.local/lib/python3.12/site-packages/airflow/example_dags/example_branch_python_dop_operator_3.py for tasks to queue
[2024-06-29T11:57:54.215+0000] {logging_mixin.py:188} INFO - [2024-06-29T11:57:54.215+0000] {dagbag.py:545} INFO - Filling up the DagBag from /home/airflow/.local/lib/python3.12/site-packages/airflow/example_dags/example_branch_python_dop_operator_3.py
[2024-06-29T11:57:54.220+0000] {processor.py:840} INFO - DAG(s) 'example_branch_dop_operator_v3' retrieved from /home/airflow/.local/lib/python3.12/site-packages/airflow/example_dags/example_branch_python_dop_operator_3.py
[2024-06-29T11:57:54.233+0000] {logging_mixin.py:188} INFO - [2024-06-29T11:57:54.233+0000] {dag.py:3096} INFO - Sync 1 DAGs
[2024-06-29T11:57:54.246+0000] {logging_mixin.py:188} INFO - [2024-06-29T11:57:54.246+0000] {dag.py:3954} INFO - Setting next_dagrun for example_branch_dop_operator_v3 to 2024-06-29 11:56:00+00:00, run_after=2024-06-29 11:57:00+00:00
[2024-06-29T11:57:54.255+0000] {processor.py:183} INFO - Processing /home/airflow/.local/lib/python3.12/site-packages/airflow/example_dags/example_branch_python_dop_operator_3.py took 0.045 seconds
[2024-06-29T11:58:24.439+0000] {processor.py:161} INFO - Started process (PID=2412) to work on /home/airflow/.local/lib/python3.12/site-packages/airflow/example_dags/example_branch_python_dop_operator_3.py
[2024-06-29T11:58:24.440+0000] {processor.py:830} INFO - Processing file /home/airflow/.local/lib/python3.12/site-packages/airflow/example_dags/example_branch_python_dop_operator_3.py for tasks to queue
[2024-06-29T11:58:24.441+0000] {logging_mixin.py:188} INFO - [2024-06-29T11:58:24.441+0000] {dagbag.py:545} INFO - Filling up the DagBag from /home/airflow/.local/lib/python3.12/site-packages/airflow/example_dags/example_branch_python_dop_operator_3.py
[2024-06-29T11:58:24.446+0000] {processor.py:840} INFO - DAG(s) 'example_branch_dop_operator_v3' retrieved from /home/airflow/.local/lib/python3.12/site-packages/airflow/example_dags/example_branch_python_dop_operator_3.py
[2024-06-29T11:58:24.461+0000] {logging_mixin.py:188} INFO - [2024-06-29T11:58:24.461+0000] {dag.py:3096} INFO - Sync 1 DAGs
[2024-06-29T11:58:24.474+0000] {logging_mixin.py:188} INFO - [2024-06-29T11:58:24.474+0000] {dag.py:3954} INFO - Setting next_dagrun for example_branch_dop_operator_v3 to 2024-06-29 11:57:00+00:00, run_after=2024-06-29 11:58:00+00:00
[2024-06-29T11:58:24.483+0000] {processor.py:183} INFO - Processing /home/airflow/.local/lib/python3.12/site-packages/airflow/example_dags/example_branch_python_dop_operator_3.py took 0.048 seconds
[2024-06-29T11:58:54.748+0000] {processor.py:161} INFO - Started process (PID=2676) to work on /home/airflow/.local/lib/python3.12/site-packages/airflow/example_dags/example_branch_python_dop_operator_3.py
[2024-06-29T11:58:54.748+0000] {processor.py:830} INFO - Processing file /home/airflow/.local/lib/python3.12/site-packages/airflow/example_dags/example_branch_python_dop_operator_3.py for tasks to queue
[2024-06-29T11:58:54.750+0000] {logging_mixin.py:188} INFO - [2024-06-29T11:58:54.749+0000] {dagbag.py:545} INFO - Filling up the DagBag from /home/airflow/.local/lib/python3.12/site-packages/airflow/example_dags/example_branch_python_dop_operator_3.py
[2024-06-29T11:58:54.755+0000] {processor.py:840} INFO - DAG(s) 'example_branch_dop_operator_v3' retrieved from /home/airflow/.local/lib/python3.12/site-packages/airflow/example_dags/example_branch_python_dop_operator_3.py
[2024-06-29T11:58:54.769+0000] {logging_mixin.py:188} INFO - [2024-06-29T11:58:54.769+0000] {dag.py:3096} INFO - Sync 1 DAGs
[2024-06-29T11:58:54.781+0000] {logging_mixin.py:188} INFO - [2024-06-29T11:58:54.781+0000] {dag.py:3954} INFO - Setting next_dagrun for example_branch_dop_operator_v3 to 2024-06-29 11:57:00+00:00, run_after=2024-06-29 11:58:00+00:00
[2024-06-29T11:58:54.790+0000] {processor.py:183} INFO - Processing /home/airflow/.local/lib/python3.12/site-packages/airflow/example_dags/example_branch_python_dop_operator_3.py took 0.046 seconds
[2024-06-29T11:59:25.022+0000] {processor.py:161} INFO - Started process (PID=2936) to work on /home/airflow/.local/lib/python3.12/site-packages/airflow/example_dags/example_branch_python_dop_operator_3.py
[2024-06-29T11:59:25.022+0000] {processor.py:830} INFO - Processing file /home/airflow/.local/lib/python3.12/site-packages/airflow/example_dags/example_branch_python_dop_operator_3.py for tasks to queue
[2024-06-29T11:59:25.023+0000] {logging_mixin.py:188} INFO - [2024-06-29T11:59:25.023+0000] {dagbag.py:545} INFO - Filling up the DagBag from /home/airflow/.local/lib/python3.12/site-packages/airflow/example_dags/example_branch_python_dop_operator_3.py
[2024-06-29T11:59:25.028+0000] {processor.py:840} INFO - DAG(s) 'example_branch_dop_operator_v3' retrieved from /home/airflow/.local/lib/python3.12/site-packages/airflow/example_dags/example_branch_python_dop_operator_3.py
[2024-06-29T11:59:25.042+0000] {logging_mixin.py:188} INFO - [2024-06-29T11:59:25.042+0000] {dag.py:3096} INFO - Sync 1 DAGs
[2024-06-29T11:59:25.055+0000] {logging_mixin.py:188} INFO - [2024-06-29T11:59:25.055+0000] {dag.py:3954} INFO - Setting next_dagrun for example_branch_dop_operator_v3 to 2024-06-29 11:58:00+00:00, run_after=2024-06-29 11:59:00+00:00
[2024-06-29T11:59:25.065+0000] {processor.py:183} INFO - Processing /home/airflow/.local/lib/python3.12/site-packages/airflow/example_dags/example_branch_python_dop_operator_3.py took 0.047 seconds
[2024-06-29T11:59:55.230+0000] {processor.py:161} INFO - Started process (PID=3198) to work on /home/airflow/.local/lib/python3.12/site-packages/airflow/example_dags/example_branch_python_dop_operator_3.py
[2024-06-29T11:59:55.231+0000] {processor.py:830} INFO - Processing file /home/airflow/.local/lib/python3.12/site-packages/airflow/example_dags/example_branch_python_dop_operator_3.py for tasks to queue
[2024-06-29T11:59:55.232+0000] {logging_mixin.py:188} INFO - [2024-06-29T11:59:55.231+0000] {dagbag.py:545} INFO - Filling up the DagBag from /home/airflow/.local/lib/python3.12/site-packages/airflow/example_dags/example_branch_python_dop_operator_3.py
[2024-06-29T11:59:55.236+0000] {processor.py:840} INFO - DAG(s) 'example_branch_dop_operator_v3' retrieved from /home/airflow/.local/lib/python3.12/site-packages/airflow/example_dags/example_branch_python_dop_operator_3.py
[2024-06-29T11:59:55.250+0000] {logging_mixin.py:188} INFO - [2024-06-29T11:59:55.250+0000] {dag.py:3096} INFO - Sync 1 DAGs
[2024-06-29T11:59:55.263+0000] {logging_mixin.py:188} INFO - [2024-06-29T11:59:55.263+0000] {dag.py:3954} INFO - Setting next_dagrun for example_branch_dop_operator_v3 to 2024-06-29 11:58:00+00:00, run_after=2024-06-29 11:59:00+00:00
[2024-06-29T11:59:55.272+0000] {processor.py:183} INFO - Processing /home/airflow/.local/lib/python3.12/site-packages/airflow/example_dags/example_branch_python_dop_operator_3.py took 0.046 seconds
[2024-06-29T12:00:25.385+0000] {processor.py:161} INFO - Started process (PID=3460) to work on /home/airflow/.local/lib/python3.12/site-packages/airflow/example_dags/example_branch_python_dop_operator_3.py
[2024-06-29T12:00:25.386+0000] {processor.py:830} INFO - Processing file /home/airflow/.local/lib/python3.12/site-packages/airflow/example_dags/example_branch_python_dop_operator_3.py for tasks to queue
[2024-06-29T12:00:25.387+0000] {logging_mixin.py:188} INFO - [2024-06-29T12:00:25.386+0000] {dagbag.py:545} INFO - Filling up the DagBag from /home/airflow/.local/lib/python3.12/site-packages/airflow/example_dags/example_branch_python_dop_operator_3.py
[2024-06-29T12:00:25.391+0000] {processor.py:840} INFO - DAG(s) 'example_branch_dop_operator_v3' retrieved from /home/airflow/.local/lib/python3.12/site-packages/airflow/example_dags/example_branch_python_dop_operator_3.py
[2024-06-29T12:00:25.405+0000] {logging_mixin.py:188} INFO - [2024-06-29T12:00:25.405+0000] {dag.py:3096} INFO - Sync 1 DAGs
[2024-06-29T12:00:25.418+0000] {logging_mixin.py:188} INFO - [2024-06-29T12:00:25.418+0000] {dag.py:3954} INFO - Setting next_dagrun for example_branch_dop_operator_v3 to 2024-06-29 11:59:00+00:00, run_after=2024-06-29 12:00:00+00:00
[2024-06-29T12:00:25.427+0000] {processor.py:183} INFO - Processing /home/airflow/.local/lib/python3.12/site-packages/airflow/example_dags/example_branch_python_dop_operator_3.py took 0.045 seconds
[2024-06-29T12:00:55.636+0000] {processor.py:161} INFO - Started process (PID=3722) to work on /home/airflow/.local/lib/python3.12/site-packages/airflow/example_dags/example_branch_python_dop_operator_3.py
[2024-06-29T12:00:55.636+0000] {processor.py:830} INFO - Processing file /home/airflow/.local/lib/python3.12/site-packages/airflow/example_dags/example_branch_python_dop_operator_3.py for tasks to queue
[2024-06-29T12:00:55.637+0000] {logging_mixin.py:188} INFO - [2024-06-29T12:00:55.637+0000] {dagbag.py:545} INFO - Filling up the DagBag from /home/airflow/.local/lib/python3.12/site-packages/airflow/example_dags/example_branch_python_dop_operator_3.py
[2024-06-29T12:00:55.642+0000] {processor.py:840} INFO - DAG(s) 'example_branch_dop_operator_v3' retrieved from /home/airflow/.local/lib/python3.12/site-packages/airflow/example_dags/example_branch_python_dop_operator_3.py
[2024-06-29T12:00:55.656+0000] {logging_mixin.py:188} INFO - [2024-06-29T12:00:55.656+0000] {dag.py:3096} INFO - Sync 1 DAGs
[2024-06-29T12:00:55.669+0000] {logging_mixin.py:188} INFO - [2024-06-29T12:00:55.669+0000] {dag.py:3954} INFO - Setting next_dagrun for example_branch_dop_operator_v3 to 2024-06-29 11:59:00+00:00, run_after=2024-06-29 12:00:00+00:00
[2024-06-29T12:00:55.677+0000] {processor.py:183} INFO - Processing /home/airflow/.local/lib/python3.12/site-packages/airflow/example_dags/example_branch_python_dop_operator_3.py took 0.045 seconds
[2024-06-29T12:01:25.811+0000] {processor.py:161} INFO - Started process (PID=3984) to work on /home/airflow/.local/lib/python3.12/site-packages/airflow/example_dags/example_branch_python_dop_operator_3.py
[2024-06-29T12:01:25.812+0000] {processor.py:830} INFO - Processing file /home/airflow/.local/lib/python3.12/site-packages/airflow/example_dags/example_branch_python_dop_operator_3.py for tasks to queue
[2024-06-29T12:01:25.814+0000] {logging_mixin.py:188} INFO - [2024-06-29T12:01:25.813+0000] {dagbag.py:545} INFO - Filling up the DagBag from /home/airflow/.local/lib/python3.12/site-packages/airflow/example_dags/example_branch_python_dop_operator_3.py
[2024-06-29T12:01:25.818+0000] {processor.py:840} INFO - DAG(s) 'example_branch_dop_operator_v3' retrieved from /home/airflow/.local/lib/python3.12/site-packages/airflow/example_dags/example_branch_python_dop_operator_3.py
[2024-06-29T12:01:25.832+0000] {logging_mixin.py:188} INFO - [2024-06-29T12:01:25.832+0000] {dag.py:3096} INFO - Sync 1 DAGs
[2024-06-29T12:01:25.845+0000] {logging_mixin.py:188} INFO - [2024-06-29T12:01:25.845+0000] {dag.py:3954} INFO - Setting next_dagrun for example_branch_dop_operator_v3 to 2024-06-29 12:00:00+00:00, run_after=2024-06-29 12:01:00+00:00
[2024-06-29T12:01:25.854+0000] {processor.py:183} INFO - Processing /home/airflow/.local/lib/python3.12/site-packages/airflow/example_dags/example_branch_python_dop_operator_3.py took 0.046 seconds
[2024-06-29T12:01:56.073+0000] {processor.py:161} INFO - Started process (PID=4246) to work on /home/airflow/.local/lib/python3.12/site-packages/airflow/example_dags/example_branch_python_dop_operator_3.py
[2024-06-29T12:01:56.074+0000] {processor.py:830} INFO - Processing file /home/airflow/.local/lib/python3.12/site-packages/airflow/example_dags/example_branch_python_dop_operator_3.py for tasks to queue
[2024-06-29T12:01:56.075+0000] {logging_mixin.py:188} INFO - [2024-06-29T12:01:56.075+0000] {dagbag.py:545} INFO - Filling up the DagBag from /home/airflow/.local/lib/python3.12/site-packages/airflow/example_dags/example_branch_python_dop_operator_3.py
[2024-06-29T12:01:56.080+0000] {processor.py:840} INFO - DAG(s) 'example_branch_dop_operator_v3' retrieved from /home/airflow/.local/lib/python3.12/site-packages/airflow/example_dags/example_branch_python_dop_operator_3.py
[2024-06-29T12:01:56.099+0000] {logging_mixin.py:188} INFO - [2024-06-29T12:01:56.099+0000] {dag.py:3096} INFO - Sync 1 DAGs
[2024-06-29T12:01:56.117+0000] {logging_mixin.py:188} INFO - [2024-06-29T12:01:56.117+0000] {dag.py:3954} INFO - Setting next_dagrun for example_branch_dop_operator_v3 to 2024-06-29 12:00:00+00:00, run_after=2024-06-29 12:01:00+00:00
[2024-06-29T12:01:56.127+0000] {processor.py:183} INFO - Processing /home/airflow/.local/lib/python3.12/site-packages/airflow/example_dags/example_branch_python_dop_operator_3.py took 0.057 seconds
[2024-06-29T12:02:26.341+0000] {processor.py:161} INFO - Started process (PID=4508) to work on /home/airflow/.local/lib/python3.12/site-packages/airflow/example_dags/example_branch_python_dop_operator_3.py
[2024-06-29T12:02:26.341+0000] {processor.py:830} INFO - Processing file /home/airflow/.local/lib/python3.12/site-packages/airflow/example_dags/example_branch_python_dop_operator_3.py for tasks to queue
[2024-06-29T12:02:26.342+0000] {logging_mixin.py:188} INFO - [2024-06-29T12:02:26.342+0000] {dagbag.py:545} INFO - Filling up the DagBag from /home/airflow/.local/lib/python3.12/site-packages/airflow/example_dags/example_branch_python_dop_operator_3.py
[2024-06-29T12:02:26.347+0000] {processor.py:840} INFO - DAG(s) 'example_branch_dop_operator_v3' retrieved from /home/airflow/.local/lib/python3.12/site-packages/airflow/example_dags/example_branch_python_dop_operator_3.py
[2024-06-29T12:02:26.361+0000] {logging_mixin.py:188} INFO - [2024-06-29T12:02:26.361+0000] {dag.py:3096} INFO - Sync 1 DAGs
[2024-06-29T12:02:26.374+0000] {logging_mixin.py:188} INFO - [2024-06-29T12:02:26.373+0000] {dag.py:3954} INFO - Setting next_dagrun for example_branch_dop_operator_v3 to 2024-06-29 12:01:00+00:00, run_after=2024-06-29 12:02:00+00:00
[2024-06-29T12:02:26.382+0000] {processor.py:183} INFO - Processing /home/airflow/.local/lib/python3.12/site-packages/airflow/example_dags/example_branch_python_dop_operator_3.py took 0.046 seconds
[2024-06-29T12:02:56.721+0000] {processor.py:161} INFO - Started process (PID=4770) to work on /home/airflow/.local/lib/python3.12/site-packages/airflow/example_dags/example_branch_python_dop_operator_3.py
[2024-06-29T12:02:56.722+0000] {processor.py:830} INFO - Processing file /home/airflow/.local/lib/python3.12/site-packages/airflow/example_dags/example_branch_python_dop_operator_3.py for tasks to queue
[2024-06-29T12:02:56.723+0000] {logging_mixin.py:188} INFO - [2024-06-29T12:02:56.723+0000] {dagbag.py:545} INFO - Filling up the DagBag from /home/airflow/.local/lib/python3.12/site-packages/airflow/example_dags/example_branch_python_dop_operator_3.py
[2024-06-29T12:02:56.728+0000] {processor.py:840} INFO - DAG(s) 'example_branch_dop_operator_v3' retrieved from /home/airflow/.local/lib/python3.12/site-packages/airflow/example_dags/example_branch_python_dop_operator_3.py
[2024-06-29T12:02:56.742+0000] {logging_mixin.py:188} INFO - [2024-06-29T12:02:56.742+0000] {dag.py:3096} INFO - Sync 1 DAGs
[2024-06-29T12:02:56.754+0000] {logging_mixin.py:188} INFO - [2024-06-29T12:02:56.754+0000] {dag.py:3954} INFO - Setting next_dagrun for example_branch_dop_operator_v3 to 2024-06-29 12:01:00+00:00, run_after=2024-06-29 12:02:00+00:00
[2024-06-29T12:02:56.762+0000] {processor.py:183} INFO - Processing /home/airflow/.local/lib/python3.12/site-packages/airflow/example_dags/example_branch_python_dop_operator_3.py took 0.045 seconds
[2024-06-29T12:03:26.983+0000] {processor.py:161} INFO - Started process (PID=5040) to work on /home/airflow/.local/lib/python3.12/site-packages/airflow/example_dags/example_branch_python_dop_operator_3.py
[2024-06-29T12:03:26.983+0000] {processor.py:830} INFO - Processing file /home/airflow/.local/lib/python3.12/site-packages/airflow/example_dags/example_branch_python_dop_operator_3.py for tasks to queue
[2024-06-29T12:03:26.984+0000] {logging_mixin.py:188} INFO - [2024-06-29T12:03:26.984+0000] {dagbag.py:545} INFO - Filling up the DagBag from /home/airflow/.local/lib/python3.12/site-packages/airflow/example_dags/example_branch_python_dop_operator_3.py
[2024-06-29T12:03:26.988+0000] {processor.py:840} INFO - DAG(s) 'example_branch_dop_operator_v3' retrieved from /home/airflow/.local/lib/python3.12/site-packages/airflow/example_dags/example_branch_python_dop_operator_3.py
[2024-06-29T12:03:27.001+0000] {logging_mixin.py:188} INFO - [2024-06-29T12:03:27.001+0000] {dag.py:3096} INFO - Sync 1 DAGs
[2024-06-29T12:03:27.013+0000] {logging_mixin.py:188} INFO - [2024-06-29T12:03:27.012+0000] {dag.py:3954} INFO - Setting next_dagrun for example_branch_dop_operator_v3 to 2024-06-29 12:02:00+00:00, run_after=2024-06-29 12:03:00+00:00
[2024-06-29T12:03:27.020+0000] {processor.py:183} INFO - Processing /home/airflow/.local/lib/python3.12/site-packages/airflow/example_dags/example_branch_python_dop_operator_3.py took 0.041 seconds
[2024-06-29T12:03:57.161+0000] {processor.py:161} INFO - Started process (PID=5302) to work on /home/airflow/.local/lib/python3.12/site-packages/airflow/example_dags/example_branch_python_dop_operator_3.py
[2024-06-29T12:03:57.161+0000] {processor.py:830} INFO - Processing file /home/airflow/.local/lib/python3.12/site-packages/airflow/example_dags/example_branch_python_dop_operator_3.py for tasks to queue
[2024-06-29T12:03:57.162+0000] {logging_mixin.py:188} INFO - [2024-06-29T12:03:57.162+0000] {dagbag.py:545} INFO - Filling up the DagBag from /home/airflow/.local/lib/python3.12/site-packages/airflow/example_dags/example_branch_python_dop_operator_3.py
[2024-06-29T12:03:57.167+0000] {processor.py:840} INFO - DAG(s) 'example_branch_dop_operator_v3' retrieved from /home/airflow/.local/lib/python3.12/site-packages/airflow/example_dags/example_branch_python_dop_operator_3.py
[2024-06-29T12:03:57.181+0000] {logging_mixin.py:188} INFO - [2024-06-29T12:03:57.181+0000] {dag.py:3096} INFO - Sync 1 DAGs
[2024-06-29T12:03:57.194+0000] {logging_mixin.py:188} INFO - [2024-06-29T12:03:57.194+0000] {dag.py:3954} INFO - Setting next_dagrun for example_branch_dop_operator_v3 to 2024-06-29 12:02:00+00:00, run_after=2024-06-29 12:03:00+00:00
[2024-06-29T12:03:57.203+0000] {processor.py:183} INFO - Processing /home/airflow/.local/lib/python3.12/site-packages/airflow/example_dags/example_branch_python_dop_operator_3.py took 0.046 seconds
[2024-06-29T12:04:27.510+0000] {processor.py:161} INFO - Started process (PID=5565) to work on /home/airflow/.local/lib/python3.12/site-packages/airflow/example_dags/example_branch_python_dop_operator_3.py
[2024-06-29T12:04:27.510+0000] {processor.py:830} INFO - Processing file /home/airflow/.local/lib/python3.12/site-packages/airflow/example_dags/example_branch_python_dop_operator_3.py for tasks to queue
[2024-06-29T12:04:27.511+0000] {logging_mixin.py:188} INFO - [2024-06-29T12:04:27.511+0000] {dagbag.py:545} INFO - Filling up the DagBag from /home/airflow/.local/lib/python3.12/site-packages/airflow/example_dags/example_branch_python_dop_operator_3.py
[2024-06-29T12:04:27.516+0000] {processor.py:840} INFO - DAG(s) 'example_branch_dop_operator_v3' retrieved from /home/airflow/.local/lib/python3.12/site-packages/airflow/example_dags/example_branch_python_dop_operator_3.py
[2024-06-29T12:04:27.530+0000] {logging_mixin.py:188} INFO - [2024-06-29T12:04:27.529+0000] {dag.py:3096} INFO - Sync 1 DAGs
[2024-06-29T12:04:27.542+0000] {logging_mixin.py:188} INFO - [2024-06-29T12:04:27.542+0000] {dag.py:3954} INFO - Setting next_dagrun for example_branch_dop_operator_v3 to 2024-06-29 12:03:00+00:00, run_after=2024-06-29 12:04:00+00:00
[2024-06-29T12:04:27.551+0000] {processor.py:183} INFO - Processing /home/airflow/.local/lib/python3.12/site-packages/airflow/example_dags/example_branch_python_dop_operator_3.py took 0.045 seconds
[2024-06-29T12:04:57.830+0000] {processor.py:161} INFO - Started process (PID=5826) to work on /home/airflow/.local/lib/python3.12/site-packages/airflow/example_dags/example_branch_python_dop_operator_3.py
[2024-06-29T12:04:57.831+0000] {processor.py:830} INFO - Processing file /home/airflow/.local/lib/python3.12/site-packages/airflow/example_dags/example_branch_python_dop_operator_3.py for tasks to queue
[2024-06-29T12:04:57.832+0000] {logging_mixin.py:188} INFO - [2024-06-29T12:04:57.832+0000] {dagbag.py:545} INFO - Filling up the DagBag from /home/airflow/.local/lib/python3.12/site-packages/airflow/example_dags/example_branch_python_dop_operator_3.py
[2024-06-29T12:04:57.837+0000] {processor.py:840} INFO - DAG(s) 'example_branch_dop_operator_v3' retrieved from /home/airflow/.local/lib/python3.12/site-packages/airflow/example_dags/example_branch_python_dop_operator_3.py
[2024-06-29T12:04:57.850+0000] {logging_mixin.py:188} INFO - [2024-06-29T12:04:57.850+0000] {dag.py:3096} INFO - Sync 1 DAGs
[2024-06-29T12:04:57.862+0000] {logging_mixin.py:188} INFO - [2024-06-29T12:04:57.862+0000] {dag.py:3954} INFO - Setting next_dagrun for example_branch_dop_operator_v3 to 2024-06-29 12:03:00+00:00, run_after=2024-06-29 12:04:00+00:00
[2024-06-29T12:04:57.870+0000] {processor.py:183} INFO - Processing /home/airflow/.local/lib/python3.12/site-packages/airflow/example_dags/example_branch_python_dop_operator_3.py took 0.043 seconds
[2024-06-29T12:05:27.905+0000] {processor.py:161} INFO - Started process (PID=6088) to work on /home/airflow/.local/lib/python3.12/site-packages/airflow/example_dags/example_branch_python_dop_operator_3.py
[2024-06-29T12:05:27.906+0000] {processor.py:830} INFO - Processing file /home/airflow/.local/lib/python3.12/site-packages/airflow/example_dags/example_branch_python_dop_operator_3.py for tasks to queue
[2024-06-29T12:05:27.907+0000] {logging_mixin.py:188} INFO - [2024-06-29T12:05:27.907+0000] {dagbag.py:545} INFO - Filling up the DagBag from /home/airflow/.local/lib/python3.12/site-packages/airflow/example_dags/example_branch_python_dop_operator_3.py
[2024-06-29T12:05:27.911+0000] {processor.py:840} INFO - DAG(s) 'example_branch_dop_operator_v3' retrieved from /home/airflow/.local/lib/python3.12/site-packages/airflow/example_dags/example_branch_python_dop_operator_3.py
[2024-06-29T12:05:27.923+0000] {logging_mixin.py:188} INFO - [2024-06-29T12:05:27.923+0000] {dag.py:3096} INFO - Sync 1 DAGs
[2024-06-29T12:05:27.935+0000] {logging_mixin.py:188} INFO - [2024-06-29T12:05:27.935+0000] {dag.py:3954} INFO - Setting next_dagrun for example_branch_dop_operator_v3 to 2024-06-29 12:04:00+00:00, run_after=2024-06-29 12:05:00+00:00
[2024-06-29T12:05:27.943+0000] {processor.py:183} INFO - Processing /home/airflow/.local/lib/python3.12/site-packages/airflow/example_dags/example_branch_python_dop_operator_3.py took 0.041 seconds
[2024-06-29T12:05:58.263+0000] {processor.py:161} INFO - Started process (PID=6350) to work on /home/airflow/.local/lib/python3.12/site-packages/airflow/example_dags/example_branch_python_dop_operator_3.py
[2024-06-29T12:05:58.264+0000] {processor.py:830} INFO - Processing file /home/airflow/.local/lib/python3.12/site-packages/airflow/example_dags/example_branch_python_dop_operator_3.py for tasks to queue
[2024-06-29T12:05:58.265+0000] {logging_mixin.py:188} INFO - [2024-06-29T12:05:58.265+0000] {dagbag.py:545} INFO - Filling up the DagBag from /home/airflow/.local/lib/python3.12/site-packages/airflow/example_dags/example_branch_python_dop_operator_3.py
[2024-06-29T12:05:58.270+0000] {processor.py:840} INFO - DAG(s) 'example_branch_dop_operator_v3' retrieved from /home/airflow/.local/lib/python3.12/site-packages/airflow/example_dags/example_branch_python_dop_operator_3.py
[2024-06-29T12:05:58.284+0000] {logging_mixin.py:188} INFO - [2024-06-29T12:05:58.283+0000] {dag.py:3096} INFO - Sync 1 DAGs
[2024-06-29T12:05:58.296+0000] {logging_mixin.py:188} INFO - [2024-06-29T12:05:58.296+0000] {dag.py:3954} INFO - Setting next_dagrun for example_branch_dop_operator_v3 to 2024-06-29 12:04:00+00:00, run_after=2024-06-29 12:05:00+00:00
[2024-06-29T12:05:58.305+0000] {processor.py:183} INFO - Processing /home/airflow/.local/lib/python3.12/site-packages/airflow/example_dags/example_branch_python_dop_operator_3.py took 0.045 seconds
[2024-06-29T12:06:28.525+0000] {processor.py:161} INFO - Started process (PID=6612) to work on /home/airflow/.local/lib/python3.12/site-packages/airflow/example_dags/example_branch_python_dop_operator_3.py
[2024-06-29T12:06:28.526+0000] {processor.py:830} INFO - Processing file /home/airflow/.local/lib/python3.12/site-packages/airflow/example_dags/example_branch_python_dop_operator_3.py for tasks to queue
[2024-06-29T12:06:28.527+0000] {logging_mixin.py:188} INFO - [2024-06-29T12:06:28.527+0000] {dagbag.py:545} INFO - Filling up the DagBag from /home/airflow/.local/lib/python3.12/site-packages/airflow/example_dags/example_branch_python_dop_operator_3.py
[2024-06-29T12:06:28.532+0000] {processor.py:840} INFO - DAG(s) 'example_branch_dop_operator_v3' retrieved from /home/airflow/.local/lib/python3.12/site-packages/airflow/example_dags/example_branch_python_dop_operator_3.py
[2024-06-29T12:06:28.546+0000] {logging_mixin.py:188} INFO - [2024-06-29T12:06:28.546+0000] {dag.py:3096} INFO - Sync 1 DAGs
[2024-06-29T12:06:28.558+0000] {logging_mixin.py:188} INFO - [2024-06-29T12:06:28.558+0000] {dag.py:3954} INFO - Setting next_dagrun for example_branch_dop_operator_v3 to 2024-06-29 12:05:00+00:00, run_after=2024-06-29 12:06:00+00:00
[2024-06-29T12:06:28.567+0000] {processor.py:183} INFO - Processing /home/airflow/.local/lib/python3.12/site-packages/airflow/example_dags/example_branch_python_dop_operator_3.py took 0.045 seconds
[2024-06-29T12:06:58.718+0000] {processor.py:161} INFO - Started process (PID=6875) to work on /home/airflow/.local/lib/python3.12/site-packages/airflow/example_dags/example_branch_python_dop_operator_3.py
[2024-06-29T12:06:58.718+0000] {processor.py:830} INFO - Processing file /home/airflow/.local/lib/python3.12/site-packages/airflow/example_dags/example_branch_python_dop_operator_3.py for tasks to queue
[2024-06-29T12:06:58.720+0000] {logging_mixin.py:188} INFO - [2024-06-29T12:06:58.719+0000] {dagbag.py:545} INFO - Filling up the DagBag from /home/airflow/.local/lib/python3.12/site-packages/airflow/example_dags/example_branch_python_dop_operator_3.py
[2024-06-29T12:06:58.724+0000] {processor.py:840} INFO - DAG(s) 'example_branch_dop_operator_v3' retrieved from /home/airflow/.local/lib/python3.12/site-packages/airflow/example_dags/example_branch_python_dop_operator_3.py
[2024-06-29T12:06:58.738+0000] {logging_mixin.py:188} INFO - [2024-06-29T12:06:58.738+0000] {dag.py:3096} INFO - Sync 1 DAGs
[2024-06-29T12:06:58.751+0000] {logging_mixin.py:188} INFO - [2024-06-29T12:06:58.751+0000] {dag.py:3954} INFO - Setting next_dagrun for example_branch_dop_operator_v3 to 2024-06-29 12:05:00+00:00, run_after=2024-06-29 12:06:00+00:00
[2024-06-29T12:06:58.760+0000] {processor.py:183} INFO - Processing /home/airflow/.local/lib/python3.12/site-packages/airflow/example_dags/example_branch_python_dop_operator_3.py took 0.045 seconds
[2024-06-29T12:07:28.930+0000] {processor.py:161} INFO - Started process (PID=7137) to work on /home/airflow/.local/lib/python3.12/site-packages/airflow/example_dags/example_branch_python_dop_operator_3.py
[2024-06-29T12:07:28.931+0000] {processor.py:830} INFO - Processing file /home/airflow/.local/lib/python3.12/site-packages/airflow/example_dags/example_branch_python_dop_operator_3.py for tasks to queue
[2024-06-29T12:07:28.932+0000] {logging_mixin.py:188} INFO - [2024-06-29T12:07:28.932+0000] {dagbag.py:545} INFO - Filling up the DagBag from /home/airflow/.local/lib/python3.12/site-packages/airflow/example_dags/example_branch_python_dop_operator_3.py
[2024-06-29T12:07:28.937+0000] {processor.py:840} INFO - DAG(s) 'example_branch_dop_operator_v3' retrieved from /home/airflow/.local/lib/python3.12/site-packages/airflow/example_dags/example_branch_python_dop_operator_3.py
[2024-06-29T12:07:28.951+0000] {logging_mixin.py:188} INFO - [2024-06-29T12:07:28.951+0000] {dag.py:3096} INFO - Sync 1 DAGs
[2024-06-29T12:07:28.964+0000] {logging_mixin.py:188} INFO - [2024-06-29T12:07:28.964+0000] {dag.py:3954} INFO - Setting next_dagrun for example_branch_dop_operator_v3 to 2024-06-29 12:06:00+00:00, run_after=2024-06-29 12:07:00+00:00
[2024-06-29T12:07:28.974+0000] {processor.py:183} INFO - Processing /home/airflow/.local/lib/python3.12/site-packages/airflow/example_dags/example_branch_python_dop_operator_3.py took 0.047 seconds
[2024-06-29T12:07:59.102+0000] {processor.py:161} INFO - Started process (PID=7399) to work on /home/airflow/.local/lib/python3.12/site-packages/airflow/example_dags/example_branch_python_dop_operator_3.py
[2024-06-29T12:07:59.102+0000] {processor.py:830} INFO - Processing file /home/airflow/.local/lib/python3.12/site-packages/airflow/example_dags/example_branch_python_dop_operator_3.py for tasks to queue
[2024-06-29T12:07:59.103+0000] {logging_mixin.py:188} INFO - [2024-06-29T12:07:59.103+0000] {dagbag.py:545} INFO - Filling up the DagBag from /home/airflow/.local/lib/python3.12/site-packages/airflow/example_dags/example_branch_python_dop_operator_3.py
[2024-06-29T12:07:59.108+0000] {processor.py:840} INFO - DAG(s) 'example_branch_dop_operator_v3' retrieved from /home/airflow/.local/lib/python3.12/site-packages/airflow/example_dags/example_branch_python_dop_operator_3.py
[2024-06-29T12:07:59.121+0000] {logging_mixin.py:188} INFO - [2024-06-29T12:07:59.121+0000] {dag.py:3096} INFO - Sync 1 DAGs
[2024-06-29T12:07:59.134+0000] {logging_mixin.py:188} INFO - [2024-06-29T12:07:59.134+0000] {dag.py:3954} INFO - Setting next_dagrun for example_branch_dop_operator_v3 to 2024-06-29 12:06:00+00:00, run_after=2024-06-29 12:07:00+00:00
[2024-06-29T12:07:59.143+0000] {processor.py:183} INFO - Processing /home/airflow/.local/lib/python3.12/site-packages/airflow/example_dags/example_branch_python_dop_operator_3.py took 0.045 seconds
[2024-06-29T12:08:29.265+0000] {processor.py:161} INFO - Started process (PID=7662) to work on /home/airflow/.local/lib/python3.12/site-packages/airflow/example_dags/example_branch_python_dop_operator_3.py
[2024-06-29T12:08:29.266+0000] {processor.py:830} INFO - Processing file /home/airflow/.local/lib/python3.12/site-packages/airflow/example_dags/example_branch_python_dop_operator_3.py for tasks to queue
[2024-06-29T12:08:29.267+0000] {logging_mixin.py:188} INFO - [2024-06-29T12:08:29.267+0000] {dagbag.py:545} INFO - Filling up the DagBag from /home/airflow/.local/lib/python3.12/site-packages/airflow/example_dags/example_branch_python_dop_operator_3.py
[2024-06-29T12:08:29.272+0000] {processor.py:840} INFO - DAG(s) 'example_branch_dop_operator_v3' retrieved from /home/airflow/.local/lib/python3.12/site-packages/airflow/example_dags/example_branch_python_dop_operator_3.py
[2024-06-29T12:08:29.285+0000] {logging_mixin.py:188} INFO - [2024-06-29T12:08:29.285+0000] {dag.py:3096} INFO - Sync 1 DAGs
[2024-06-29T12:08:29.297+0000] {logging_mixin.py:188} INFO - [2024-06-29T12:08:29.297+0000] {dag.py:3954} INFO - Setting next_dagrun for example_branch_dop_operator_v3 to 2024-06-29 12:07:00+00:00, run_after=2024-06-29 12:08:00+00:00
[2024-06-29T12:08:29.306+0000] {processor.py:183} INFO - Processing /home/airflow/.local/lib/python3.12/site-packages/airflow/example_dags/example_branch_python_dop_operator_3.py took 0.044 seconds
[2024-06-29T12:08:59.554+0000] {processor.py:161} INFO - Started process (PID=7925) to work on /home/airflow/.local/lib/python3.12/site-packages/airflow/example_dags/example_branch_python_dop_operator_3.py
[2024-06-29T12:08:59.555+0000] {processor.py:830} INFO - Processing file /home/airflow/.local/lib/python3.12/site-packages/airflow/example_dags/example_branch_python_dop_operator_3.py for tasks to queue
[2024-06-29T12:08:59.556+0000] {logging_mixin.py:188} INFO - [2024-06-29T12:08:59.556+0000] {dagbag.py:545} INFO - Filling up the DagBag from /home/airflow/.local/lib/python3.12/site-packages/airflow/example_dags/example_branch_python_dop_operator_3.py
[2024-06-29T12:08:59.561+0000] {processor.py:840} INFO - DAG(s) 'example_branch_dop_operator_v3' retrieved from /home/airflow/.local/lib/python3.12/site-packages/airflow/example_dags/example_branch_python_dop_operator_3.py
[2024-06-29T12:08:59.575+0000] {logging_mixin.py:188} INFO - [2024-06-29T12:08:59.575+0000] {dag.py:3096} INFO - Sync 1 DAGs
[2024-06-29T12:08:59.588+0000] {logging_mixin.py:188} INFO - [2024-06-29T12:08:59.588+0000] {dag.py:3954} INFO - Setting next_dagrun for example_branch_dop_operator_v3 to 2024-06-29 12:07:00+00:00, run_after=2024-06-29 12:08:00+00:00
[2024-06-29T12:08:59.597+0000] {processor.py:183} INFO - Processing /home/airflow/.local/lib/python3.12/site-packages/airflow/example_dags/example_branch_python_dop_operator_3.py took 0.046 seconds
[2024-06-29T12:09:29.892+0000] {processor.py:161} INFO - Started process (PID=8187) to work on /home/airflow/.local/lib/python3.12/site-packages/airflow/example_dags/example_branch_python_dop_operator_3.py
[2024-06-29T12:09:29.893+0000] {processor.py:830} INFO - Processing file /home/airflow/.local/lib/python3.12/site-packages/airflow/example_dags/example_branch_python_dop_operator_3.py for tasks to queue
[2024-06-29T12:09:29.894+0000] {logging_mixin.py:188} INFO - [2024-06-29T12:09:29.894+0000] {dagbag.py:545} INFO - Filling up the DagBag from /home/airflow/.local/lib/python3.12/site-packages/airflow/example_dags/example_branch_python_dop_operator_3.py
[2024-06-29T12:09:29.899+0000] {processor.py:840} INFO - DAG(s) 'example_branch_dop_operator_v3' retrieved from /home/airflow/.local/lib/python3.12/site-packages/airflow/example_dags/example_branch_python_dop_operator_3.py
[2024-06-29T12:09:29.912+0000] {logging_mixin.py:188} INFO - [2024-06-29T12:09:29.912+0000] {dag.py:3096} INFO - Sync 1 DAGs
[2024-06-29T12:09:29.925+0000] {logging_mixin.py:188} INFO - [2024-06-29T12:09:29.925+0000] {dag.py:3954} INFO - Setting next_dagrun for example_branch_dop_operator_v3 to 2024-06-29 12:08:00+00:00, run_after=2024-06-29 12:09:00+00:00
[2024-06-29T12:09:29.934+0000] {processor.py:183} INFO - Processing /home/airflow/.local/lib/python3.12/site-packages/airflow/example_dags/example_branch_python_dop_operator_3.py took 0.045 seconds
[2024-06-29T12:10:00.295+0000] {processor.py:161} INFO - Started process (PID=8449) to work on /home/airflow/.local/lib/python3.12/site-packages/airflow/example_dags/example_branch_python_dop_operator_3.py
[2024-06-29T12:10:00.296+0000] {processor.py:830} INFO - Processing file /home/airflow/.local/lib/python3.12/site-packages/airflow/example_dags/example_branch_python_dop_operator_3.py for tasks to queue
[2024-06-29T12:10:00.297+0000] {logging_mixin.py:188} INFO - [2024-06-29T12:10:00.297+0000] {dagbag.py:545} INFO - Filling up the DagBag from /home/airflow/.local/lib/python3.12/site-packages/airflow/example_dags/example_branch_python_dop_operator_3.py
[2024-06-29T12:10:00.301+0000] {processor.py:840} INFO - DAG(s) 'example_branch_dop_operator_v3' retrieved from /home/airflow/.local/lib/python3.12/site-packages/airflow/example_dags/example_branch_python_dop_operator_3.py
[2024-06-29T12:10:00.318+0000] {logging_mixin.py:188} INFO - [2024-06-29T12:10:00.318+0000] {dag.py:3096} INFO - Sync 1 DAGs
[2024-06-29T12:10:00.331+0000] {logging_mixin.py:188} INFO - [2024-06-29T12:10:00.331+0000] {dag.py:3954} INFO - Setting next_dagrun for example_branch_dop_operator_v3 to 2024-06-29 12:09:00+00:00, run_after=2024-06-29 12:10:00+00:00
[2024-06-29T12:10:00.340+0000] {processor.py:183} INFO - Processing /home/airflow/.local/lib/python3.12/site-packages/airflow/example_dags/example_branch_python_dop_operator_3.py took 0.048 seconds
[2024-06-29T12:10:31.057+0000] {processor.py:161} INFO - Started process (PID=8711) to work on /home/airflow/.local/lib/python3.12/site-packages/airflow/example_dags/example_branch_python_dop_operator_3.py
[2024-06-29T12:10:31.058+0000] {processor.py:830} INFO - Processing file /home/airflow/.local/lib/python3.12/site-packages/airflow/example_dags/example_branch_python_dop_operator_3.py for tasks to queue
[2024-06-29T12:10:31.059+0000] {logging_mixin.py:188} INFO - [2024-06-29T12:10:31.058+0000] {dagbag.py:545} INFO - Filling up the DagBag from /home/airflow/.local/lib/python3.12/site-packages/airflow/example_dags/example_branch_python_dop_operator_3.py
[2024-06-29T12:10:31.063+0000] {processor.py:840} INFO - DAG(s) 'example_branch_dop_operator_v3' retrieved from /home/airflow/.local/lib/python3.12/site-packages/airflow/example_dags/example_branch_python_dop_operator_3.py
[2024-06-29T12:10:31.077+0000] {logging_mixin.py:188} INFO - [2024-06-29T12:10:31.077+0000] {dag.py:3096} INFO - Sync 1 DAGs
[2024-06-29T12:10:31.089+0000] {logging_mixin.py:188} INFO - [2024-06-29T12:10:31.089+0000] {dag.py:3954} INFO - Setting next_dagrun for example_branch_dop_operator_v3 to 2024-06-29 12:09:00+00:00, run_after=2024-06-29 12:10:00+00:00
[2024-06-29T12:10:31.097+0000] {processor.py:183} INFO - Processing /home/airflow/.local/lib/python3.12/site-packages/airflow/example_dags/example_branch_python_dop_operator_3.py took 0.044 seconds
[2024-06-29T12:11:01.854+0000] {processor.py:161} INFO - Started process (PID=8973) to work on /home/airflow/.local/lib/python3.12/site-packages/airflow/example_dags/example_branch_python_dop_operator_3.py
[2024-06-29T12:11:01.855+0000] {processor.py:830} INFO - Processing file /home/airflow/.local/lib/python3.12/site-packages/airflow/example_dags/example_branch_python_dop_operator_3.py for tasks to queue
[2024-06-29T12:11:01.856+0000] {logging_mixin.py:188} INFO - [2024-06-29T12:11:01.856+0000] {dagbag.py:545} INFO - Filling up the DagBag from /home/airflow/.local/lib/python3.12/site-packages/airflow/example_dags/example_branch_python_dop_operator_3.py
[2024-06-29T12:11:01.860+0000] {processor.py:840} INFO - DAG(s) 'example_branch_dop_operator_v3' retrieved from /home/airflow/.local/lib/python3.12/site-packages/airflow/example_dags/example_branch_python_dop_operator_3.py
[2024-06-29T12:11:01.874+0000] {logging_mixin.py:188} INFO - [2024-06-29T12:11:01.874+0000] {dag.py:3096} INFO - Sync 1 DAGs
[2024-06-29T12:11:01.888+0000] {logging_mixin.py:188} INFO - [2024-06-29T12:11:01.888+0000] {dag.py:3954} INFO - Setting next_dagrun for example_branch_dop_operator_v3 to 2024-06-29 12:10:00+00:00, run_after=2024-06-29 12:11:00+00:00
[2024-06-29T12:11:01.897+0000] {processor.py:183} INFO - Processing /home/airflow/.local/lib/python3.12/site-packages/airflow/example_dags/example_branch_python_dop_operator_3.py took 0.046 seconds
[2024-06-29T12:11:32.207+0000] {processor.py:161} INFO - Started process (PID=9235) to work on /home/airflow/.local/lib/python3.12/site-packages/airflow/example_dags/example_branch_python_dop_operator_3.py
[2024-06-29T12:11:32.208+0000] {processor.py:830} INFO - Processing file /home/airflow/.local/lib/python3.12/site-packages/airflow/example_dags/example_branch_python_dop_operator_3.py for tasks to queue
[2024-06-29T12:11:32.209+0000] {logging_mixin.py:188} INFO - [2024-06-29T12:11:32.209+0000] {dagbag.py:545} INFO - Filling up the DagBag from /home/airflow/.local/lib/python3.12/site-packages/airflow/example_dags/example_branch_python_dop_operator_3.py
[2024-06-29T12:11:32.214+0000] {processor.py:840} INFO - DAG(s) 'example_branch_dop_operator_v3' retrieved from /home/airflow/.local/lib/python3.12/site-packages/airflow/example_dags/example_branch_python_dop_operator_3.py
[2024-06-29T12:11:32.228+0000] {logging_mixin.py:188} INFO - [2024-06-29T12:11:32.228+0000] {dag.py:3096} INFO - Sync 1 DAGs
[2024-06-29T12:11:32.241+0000] {logging_mixin.py:188} INFO - [2024-06-29T12:11:32.241+0000] {dag.py:3954} INFO - Setting next_dagrun for example_branch_dop_operator_v3 to 2024-06-29 12:10:00+00:00, run_after=2024-06-29 12:11:00+00:00
[2024-06-29T12:11:32.250+0000] {processor.py:183} INFO - Processing /home/airflow/.local/lib/python3.12/site-packages/airflow/example_dags/example_branch_python_dop_operator_3.py took 0.046 seconds
[2024-06-29T12:12:02.864+0000] {processor.py:161} INFO - Started process (PID=9497) to work on /home/airflow/.local/lib/python3.12/site-packages/airflow/example_dags/example_branch_python_dop_operator_3.py
[2024-06-29T12:12:02.865+0000] {processor.py:830} INFO - Processing file /home/airflow/.local/lib/python3.12/site-packages/airflow/example_dags/example_branch_python_dop_operator_3.py for tasks to queue
[2024-06-29T12:12:02.866+0000] {logging_mixin.py:188} INFO - [2024-06-29T12:12:02.866+0000] {dagbag.py:545} INFO - Filling up the DagBag from /home/airflow/.local/lib/python3.12/site-packages/airflow/example_dags/example_branch_python_dop_operator_3.py
[2024-06-29T12:12:02.871+0000] {processor.py:840} INFO - DAG(s) 'example_branch_dop_operator_v3' retrieved from /home/airflow/.local/lib/python3.12/site-packages/airflow/example_dags/example_branch_python_dop_operator_3.py
[2024-06-29T12:12:02.885+0000] {logging_mixin.py:188} INFO - [2024-06-29T12:12:02.884+0000] {dag.py:3096} INFO - Sync 1 DAGs
[2024-06-29T12:12:02.897+0000] {logging_mixin.py:188} INFO - [2024-06-29T12:12:02.897+0000] {dag.py:3954} INFO - Setting next_dagrun for example_branch_dop_operator_v3 to 2024-06-29 12:11:00+00:00, run_after=2024-06-29 12:12:00+00:00
[2024-06-29T12:12:02.910+0000] {processor.py:183} INFO - Processing /home/airflow/.local/lib/python3.12/site-packages/airflow/example_dags/example_branch_python_dop_operator_3.py took 0.049 seconds
[2024-06-29T12:12:32.963+0000] {processor.py:161} INFO - Started process (PID=9760) to work on /home/airflow/.local/lib/python3.12/site-packages/airflow/example_dags/example_branch_python_dop_operator_3.py
[2024-06-29T12:12:32.964+0000] {processor.py:830} INFO - Processing file /home/airflow/.local/lib/python3.12/site-packages/airflow/example_dags/example_branch_python_dop_operator_3.py for tasks to queue
[2024-06-29T12:12:32.965+0000] {logging_mixin.py:188} INFO - [2024-06-29T12:12:32.965+0000] {dagbag.py:545} INFO - Filling up the DagBag from /home/airflow/.local/lib/python3.12/site-packages/airflow/example_dags/example_branch_python_dop_operator_3.py
[2024-06-29T12:12:32.970+0000] {processor.py:840} INFO - DAG(s) 'example_branch_dop_operator_v3' retrieved from /home/airflow/.local/lib/python3.12/site-packages/airflow/example_dags/example_branch_python_dop_operator_3.py
[2024-06-29T12:12:32.985+0000] {logging_mixin.py:188} INFO - [2024-06-29T12:12:32.985+0000] {dag.py:3096} INFO - Sync 1 DAGs
[2024-06-29T12:12:32.999+0000] {logging_mixin.py:188} INFO - [2024-06-29T12:12:32.999+0000] {dag.py:3954} INFO - Setting next_dagrun for example_branch_dop_operator_v3 to 2024-06-29 12:11:00+00:00, run_after=2024-06-29 12:12:00+00:00
[2024-06-29T12:12:33.008+0000] {processor.py:183} INFO - Processing /home/airflow/.local/lib/python3.12/site-packages/airflow/example_dags/example_branch_python_dop_operator_3.py took 0.048 seconds
[2024-06-29T12:13:03.141+0000] {processor.py:161} INFO - Started process (PID=10022) to work on /home/airflow/.local/lib/python3.12/site-packages/airflow/example_dags/example_branch_python_dop_operator_3.py
[2024-06-29T12:13:03.141+0000] {processor.py:830} INFO - Processing file /home/airflow/.local/lib/python3.12/site-packages/airflow/example_dags/example_branch_python_dop_operator_3.py for tasks to queue
[2024-06-29T12:13:03.143+0000] {logging_mixin.py:188} INFO - [2024-06-29T12:13:03.142+0000] {dagbag.py:545} INFO - Filling up the DagBag from /home/airflow/.local/lib/python3.12/site-packages/airflow/example_dags/example_branch_python_dop_operator_3.py
[2024-06-29T12:13:03.148+0000] {processor.py:840} INFO - DAG(s) 'example_branch_dop_operator_v3' retrieved from /home/airflow/.local/lib/python3.12/site-packages/airflow/example_dags/example_branch_python_dop_operator_3.py
[2024-06-29T12:13:03.162+0000] {logging_mixin.py:188} INFO - [2024-06-29T12:13:03.162+0000] {dag.py:3096} INFO - Sync 1 DAGs
[2024-06-29T12:13:03.176+0000] {logging_mixin.py:188} INFO - [2024-06-29T12:13:03.175+0000] {dag.py:3954} INFO - Setting next_dagrun for example_branch_dop_operator_v3 to 2024-06-29 12:12:00+00:00, run_after=2024-06-29 12:13:00+00:00
[2024-06-29T12:13:03.184+0000] {processor.py:183} INFO - Processing /home/airflow/.local/lib/python3.12/site-packages/airflow/example_dags/example_branch_python_dop_operator_3.py took 0.047 seconds
[2024-06-29T12:13:33.334+0000] {processor.py:161} INFO - Started process (PID=10283) to work on /home/airflow/.local/lib/python3.12/site-packages/airflow/example_dags/example_branch_python_dop_operator_3.py
[2024-06-29T12:13:33.335+0000] {processor.py:830} INFO - Processing file /home/airflow/.local/lib/python3.12/site-packages/airflow/example_dags/example_branch_python_dop_operator_3.py for tasks to queue
[2024-06-29T12:13:33.336+0000] {logging_mixin.py:188} INFO - [2024-06-29T12:13:33.336+0000] {dagbag.py:545} INFO - Filling up the DagBag from /home/airflow/.local/lib/python3.12/site-packages/airflow/example_dags/example_branch_python_dop_operator_3.py
[2024-06-29T12:13:33.341+0000] {processor.py:840} INFO - DAG(s) 'example_branch_dop_operator_v3' retrieved from /home/airflow/.local/lib/python3.12/site-packages/airflow/example_dags/example_branch_python_dop_operator_3.py
[2024-06-29T12:13:33.355+0000] {logging_mixin.py:188} INFO - [2024-06-29T12:13:33.354+0000] {dag.py:3096} INFO - Sync 1 DAGs
[2024-06-29T12:13:33.368+0000] {logging_mixin.py:188} INFO - [2024-06-29T12:13:33.368+0000] {dag.py:3954} INFO - Setting next_dagrun for example_branch_dop_operator_v3 to 2024-06-29 12:12:00+00:00, run_after=2024-06-29 12:13:00+00:00
[2024-06-29T12:13:33.377+0000] {processor.py:183} INFO - Processing /home/airflow/.local/lib/python3.12/site-packages/airflow/example_dags/example_branch_python_dop_operator_3.py took 0.046 seconds
[2024-06-29T12:14:03.533+0000] {processor.py:161} INFO - Started process (PID=10545) to work on /home/airflow/.local/lib/python3.12/site-packages/airflow/example_dags/example_branch_python_dop_operator_3.py
[2024-06-29T12:14:03.534+0000] {processor.py:830} INFO - Processing file /home/airflow/.local/lib/python3.12/site-packages/airflow/example_dags/example_branch_python_dop_operator_3.py for tasks to queue
[2024-06-29T12:14:03.535+0000] {logging_mixin.py:188} INFO - [2024-06-29T12:14:03.535+0000] {dagbag.py:545} INFO - Filling up the DagBag from /home/airflow/.local/lib/python3.12/site-packages/airflow/example_dags/example_branch_python_dop_operator_3.py
[2024-06-29T12:14:03.539+0000] {processor.py:840} INFO - DAG(s) 'example_branch_dop_operator_v3' retrieved from /home/airflow/.local/lib/python3.12/site-packages/airflow/example_dags/example_branch_python_dop_operator_3.py
[2024-06-29T12:14:03.553+0000] {logging_mixin.py:188} INFO - [2024-06-29T12:14:03.553+0000] {dag.py:3096} INFO - Sync 1 DAGs
[2024-06-29T12:14:03.566+0000] {logging_mixin.py:188} INFO - [2024-06-29T12:14:03.566+0000] {dag.py:3954} INFO - Setting next_dagrun for example_branch_dop_operator_v3 to 2024-06-29 12:13:00+00:00, run_after=2024-06-29 12:14:00+00:00
[2024-06-29T12:14:03.575+0000] {processor.py:183} INFO - Processing /home/airflow/.local/lib/python3.12/site-packages/airflow/example_dags/example_branch_python_dop_operator_3.py took 0.046 seconds
[2024-06-29T12:14:33.621+0000] {processor.py:161} INFO - Started process (PID=10807) to work on /home/airflow/.local/lib/python3.12/site-packages/airflow/example_dags/example_branch_python_dop_operator_3.py
[2024-06-29T12:14:33.621+0000] {processor.py:830} INFO - Processing file /home/airflow/.local/lib/python3.12/site-packages/airflow/example_dags/example_branch_python_dop_operator_3.py for tasks to queue
[2024-06-29T12:14:33.622+0000] {logging_mixin.py:188} INFO - [2024-06-29T12:14:33.622+0000] {dagbag.py:545} INFO - Filling up the DagBag from /home/airflow/.local/lib/python3.12/site-packages/airflow/example_dags/example_branch_python_dop_operator_3.py
[2024-06-29T12:14:33.627+0000] {processor.py:840} INFO - DAG(s) 'example_branch_dop_operator_v3' retrieved from /home/airflow/.local/lib/python3.12/site-packages/airflow/example_dags/example_branch_python_dop_operator_3.py
[2024-06-29T12:14:33.641+0000] {logging_mixin.py:188} INFO - [2024-06-29T12:14:33.641+0000] {dag.py:3096} INFO - Sync 1 DAGs
[2024-06-29T12:14:33.653+0000] {logging_mixin.py:188} INFO - [2024-06-29T12:14:33.653+0000] {dag.py:3954} INFO - Setting next_dagrun for example_branch_dop_operator_v3 to 2024-06-29 12:13:00+00:00, run_after=2024-06-29 12:14:00+00:00
[2024-06-29T12:14:33.663+0000] {processor.py:183} INFO - Processing /home/airflow/.local/lib/python3.12/site-packages/airflow/example_dags/example_branch_python_dop_operator_3.py took 0.046 seconds
[2024-06-29T12:15:04.710+0000] {processor.py:161} INFO - Started process (PID=11071) to work on /home/airflow/.local/lib/python3.12/site-packages/airflow/example_dags/example_branch_python_dop_operator_3.py
[2024-06-29T12:15:04.710+0000] {processor.py:830} INFO - Processing file /home/airflow/.local/lib/python3.12/site-packages/airflow/example_dags/example_branch_python_dop_operator_3.py for tasks to queue
[2024-06-29T12:15:04.712+0000] {logging_mixin.py:188} INFO - [2024-06-29T12:15:04.711+0000] {dagbag.py:545} INFO - Filling up the DagBag from /home/airflow/.local/lib/python3.12/site-packages/airflow/example_dags/example_branch_python_dop_operator_3.py
[2024-06-29T12:15:04.716+0000] {processor.py:840} INFO - DAG(s) 'example_branch_dop_operator_v3' retrieved from /home/airflow/.local/lib/python3.12/site-packages/airflow/example_dags/example_branch_python_dop_operator_3.py
[2024-06-29T12:15:04.731+0000] {logging_mixin.py:188} INFO - [2024-06-29T12:15:04.731+0000] {dag.py:3096} INFO - Sync 1 DAGs
[2024-06-29T12:15:04.743+0000] {logging_mixin.py:188} INFO - [2024-06-29T12:15:04.743+0000] {dag.py:3954} INFO - Setting next_dagrun for example_branch_dop_operator_v3 to 2024-06-29 12:14:00+00:00, run_after=2024-06-29 12:15:00+00:00
[2024-06-29T12:15:04.752+0000] {processor.py:183} INFO - Processing /home/airflow/.local/lib/python3.12/site-packages/airflow/example_dags/example_branch_python_dop_operator_3.py took 0.045 seconds
[2024-06-29T12:15:34.884+0000] {processor.py:161} INFO - Started process (PID=11331) to work on /home/airflow/.local/lib/python3.12/site-packages/airflow/example_dags/example_branch_python_dop_operator_3.py
[2024-06-29T12:15:34.885+0000] {processor.py:830} INFO - Processing file /home/airflow/.local/lib/python3.12/site-packages/airflow/example_dags/example_branch_python_dop_operator_3.py for tasks to queue
[2024-06-29T12:15:34.886+0000] {logging_mixin.py:188} INFO - [2024-06-29T12:15:34.886+0000] {dagbag.py:545} INFO - Filling up the DagBag from /home/airflow/.local/lib/python3.12/site-packages/airflow/example_dags/example_branch_python_dop_operator_3.py
[2024-06-29T12:15:34.891+0000] {processor.py:840} INFO - DAG(s) 'example_branch_dop_operator_v3' retrieved from /home/airflow/.local/lib/python3.12/site-packages/airflow/example_dags/example_branch_python_dop_operator_3.py
[2024-06-29T12:15:34.905+0000] {logging_mixin.py:188} INFO - [2024-06-29T12:15:34.905+0000] {dag.py:3096} INFO - Sync 1 DAGs
[2024-06-29T12:15:34.919+0000] {logging_mixin.py:188} INFO - [2024-06-29T12:15:34.919+0000] {dag.py:3954} INFO - Setting next_dagrun for example_branch_dop_operator_v3 to 2024-06-29 12:14:00+00:00, run_after=2024-06-29 12:15:00+00:00
[2024-06-29T12:15:34.928+0000] {processor.py:183} INFO - Processing /home/airflow/.local/lib/python3.12/site-packages/airflow/example_dags/example_branch_python_dop_operator_3.py took 0.048 seconds
[2024-06-29T12:16:05.028+0000] {processor.py:161} INFO - Started process (PID=11588) to work on /home/airflow/.local/lib/python3.12/site-packages/airflow/example_dags/example_branch_python_dop_operator_3.py
[2024-06-29T12:16:05.029+0000] {processor.py:830} INFO - Processing file /home/airflow/.local/lib/python3.12/site-packages/airflow/example_dags/example_branch_python_dop_operator_3.py for tasks to queue
[2024-06-29T12:16:05.030+0000] {logging_mixin.py:188} INFO - [2024-06-29T12:16:05.030+0000] {dagbag.py:545} INFO - Filling up the DagBag from /home/airflow/.local/lib/python3.12/site-packages/airflow/example_dags/example_branch_python_dop_operator_3.py
[2024-06-29T12:16:05.034+0000] {processor.py:840} INFO - DAG(s) 'example_branch_dop_operator_v3' retrieved from /home/airflow/.local/lib/python3.12/site-packages/airflow/example_dags/example_branch_python_dop_operator_3.py
[2024-06-29T12:16:05.048+0000] {logging_mixin.py:188} INFO - [2024-06-29T12:16:05.048+0000] {dag.py:3096} INFO - Sync 1 DAGs
[2024-06-29T12:16:05.060+0000] {logging_mixin.py:188} INFO - [2024-06-29T12:16:05.060+0000] {dag.py:3954} INFO - Setting next_dagrun for example_branch_dop_operator_v3 to 2024-06-29 12:15:00+00:00, run_after=2024-06-29 12:16:00+00:00
[2024-06-29T12:16:05.070+0000] {processor.py:183} INFO - Processing /home/airflow/.local/lib/python3.12/site-packages/airflow/example_dags/example_branch_python_dop_operator_3.py took 0.045 seconds
[2024-06-29T12:16:35.239+0000] {processor.py:161} INFO - Started process (PID=11852) to work on /home/airflow/.local/lib/python3.12/site-packages/airflow/example_dags/example_branch_python_dop_operator_3.py
[2024-06-29T12:16:35.240+0000] {processor.py:830} INFO - Processing file /home/airflow/.local/lib/python3.12/site-packages/airflow/example_dags/example_branch_python_dop_operator_3.py for tasks to queue
[2024-06-29T12:16:35.241+0000] {logging_mixin.py:188} INFO - [2024-06-29T12:16:35.241+0000] {dagbag.py:545} INFO - Filling up the DagBag from /home/airflow/.local/lib/python3.12/site-packages/airflow/example_dags/example_branch_python_dop_operator_3.py
[2024-06-29T12:16:35.246+0000] {processor.py:840} INFO - DAG(s) 'example_branch_dop_operator_v3' retrieved from /home/airflow/.local/lib/python3.12/site-packages/airflow/example_dags/example_branch_python_dop_operator_3.py
[2024-06-29T12:16:35.264+0000] {logging_mixin.py:188} INFO - [2024-06-29T12:16:35.264+0000] {dag.py:3096} INFO - Sync 1 DAGs
[2024-06-29T12:16:35.277+0000] {logging_mixin.py:188} INFO - [2024-06-29T12:16:35.276+0000] {dag.py:3954} INFO - Setting next_dagrun for example_branch_dop_operator_v3 to 2024-06-29 12:15:00+00:00, run_after=2024-06-29 12:16:00+00:00
[2024-06-29T12:16:35.285+0000] {processor.py:183} INFO - Processing /home/airflow/.local/lib/python3.12/site-packages/airflow/example_dags/example_branch_python_dop_operator_3.py took 0.050 seconds
[2024-06-29T12:17:05.507+0000] {processor.py:161} INFO - Started process (PID=12112) to work on /home/airflow/.local/lib/python3.12/site-packages/airflow/example_dags/example_branch_python_dop_operator_3.py
[2024-06-29T12:17:05.508+0000] {processor.py:830} INFO - Processing file /home/airflow/.local/lib/python3.12/site-packages/airflow/example_dags/example_branch_python_dop_operator_3.py for tasks to queue
[2024-06-29T12:17:05.509+0000] {logging_mixin.py:188} INFO - [2024-06-29T12:17:05.509+0000] {dagbag.py:545} INFO - Filling up the DagBag from /home/airflow/.local/lib/python3.12/site-packages/airflow/example_dags/example_branch_python_dop_operator_3.py
[2024-06-29T12:17:05.514+0000] {processor.py:840} INFO - DAG(s) 'example_branch_dop_operator_v3' retrieved from /home/airflow/.local/lib/python3.12/site-packages/airflow/example_dags/example_branch_python_dop_operator_3.py
[2024-06-29T12:17:05.529+0000] {logging_mixin.py:188} INFO - [2024-06-29T12:17:05.529+0000] {dag.py:3096} INFO - Sync 1 DAGs
[2024-06-29T12:17:05.541+0000] {logging_mixin.py:188} INFO - [2024-06-29T12:17:05.541+0000] {dag.py:3954} INFO - Setting next_dagrun for example_branch_dop_operator_v3 to 2024-06-29 12:16:00+00:00, run_after=2024-06-29 12:17:00+00:00
[2024-06-29T12:17:05.552+0000] {processor.py:183} INFO - Processing /home/airflow/.local/lib/python3.12/site-packages/airflow/example_dags/example_branch_python_dop_operator_3.py took 0.049 seconds
[2024-06-29T12:17:35.651+0000] {processor.py:161} INFO - Started process (PID=12374) to work on /home/airflow/.local/lib/python3.12/site-packages/airflow/example_dags/example_branch_python_dop_operator_3.py
[2024-06-29T12:17:35.651+0000] {processor.py:830} INFO - Processing file /home/airflow/.local/lib/python3.12/site-packages/airflow/example_dags/example_branch_python_dop_operator_3.py for tasks to queue
[2024-06-29T12:17:35.652+0000] {logging_mixin.py:188} INFO - [2024-06-29T12:17:35.652+0000] {dagbag.py:545} INFO - Filling up the DagBag from /home/airflow/.local/lib/python3.12/site-packages/airflow/example_dags/example_branch_python_dop_operator_3.py
[2024-06-29T12:17:35.657+0000] {processor.py:840} INFO - DAG(s) 'example_branch_dop_operator_v3' retrieved from /home/airflow/.local/lib/python3.12/site-packages/airflow/example_dags/example_branch_python_dop_operator_3.py
[2024-06-29T12:17:35.669+0000] {logging_mixin.py:188} INFO - [2024-06-29T12:17:35.669+0000] {dag.py:3096} INFO - Sync 1 DAGs
[2024-06-29T12:17:35.681+0000] {logging_mixin.py:188} INFO - [2024-06-29T12:17:35.681+0000] {dag.py:3954} INFO - Setting next_dagrun for example_branch_dop_operator_v3 to 2024-06-29 12:16:00+00:00, run_after=2024-06-29 12:17:00+00:00
[2024-06-29T12:17:35.689+0000] {processor.py:183} INFO - Processing /home/airflow/.local/lib/python3.12/site-packages/airflow/example_dags/example_branch_python_dop_operator_3.py took 0.042 seconds
[2024-06-29T12:18:05.789+0000] {processor.py:161} INFO - Started process (PID=12636) to work on /home/airflow/.local/lib/python3.12/site-packages/airflow/example_dags/example_branch_python_dop_operator_3.py
[2024-06-29T12:18:05.790+0000] {processor.py:830} INFO - Processing file /home/airflow/.local/lib/python3.12/site-packages/airflow/example_dags/example_branch_python_dop_operator_3.py for tasks to queue
[2024-06-29T12:18:05.792+0000] {logging_mixin.py:188} INFO - [2024-06-29T12:18:05.791+0000] {dagbag.py:545} INFO - Filling up the DagBag from /home/airflow/.local/lib/python3.12/site-packages/airflow/example_dags/example_branch_python_dop_operator_3.py
[2024-06-29T12:18:05.798+0000] {processor.py:840} INFO - DAG(s) 'example_branch_dop_operator_v3' retrieved from /home/airflow/.local/lib/python3.12/site-packages/airflow/example_dags/example_branch_python_dop_operator_3.py
[2024-06-29T12:18:05.811+0000] {logging_mixin.py:188} INFO - [2024-06-29T12:18:05.811+0000] {dag.py:3096} INFO - Sync 1 DAGs
[2024-06-29T12:18:05.824+0000] {logging_mixin.py:188} INFO - [2024-06-29T12:18:05.824+0000] {dag.py:3954} INFO - Setting next_dagrun for example_branch_dop_operator_v3 to 2024-06-29 12:17:00+00:00, run_after=2024-06-29 12:18:00+00:00
[2024-06-29T12:18:05.833+0000] {processor.py:183} INFO - Processing /home/airflow/.local/lib/python3.12/site-packages/airflow/example_dags/example_branch_python_dop_operator_3.py took 0.052 seconds
[2024-06-29T12:18:36.034+0000] {processor.py:161} INFO - Started process (PID=12897) to work on /home/airflow/.local/lib/python3.12/site-packages/airflow/example_dags/example_branch_python_dop_operator_3.py
[2024-06-29T12:18:36.034+0000] {processor.py:830} INFO - Processing file /home/airflow/.local/lib/python3.12/site-packages/airflow/example_dags/example_branch_python_dop_operator_3.py for tasks to queue
[2024-06-29T12:18:36.036+0000] {logging_mixin.py:188} INFO - [2024-06-29T12:18:36.035+0000] {dagbag.py:545} INFO - Filling up the DagBag from /home/airflow/.local/lib/python3.12/site-packages/airflow/example_dags/example_branch_python_dop_operator_3.py
[2024-06-29T12:18:36.041+0000] {processor.py:840} INFO - DAG(s) 'example_branch_dop_operator_v3' retrieved from /home/airflow/.local/lib/python3.12/site-packages/airflow/example_dags/example_branch_python_dop_operator_3.py
[2024-06-29T12:18:36.056+0000] {logging_mixin.py:188} INFO - [2024-06-29T12:18:36.056+0000] {dag.py:3096} INFO - Sync 1 DAGs
[2024-06-29T12:18:36.070+0000] {logging_mixin.py:188} INFO - [2024-06-29T12:18:36.070+0000] {dag.py:3954} INFO - Setting next_dagrun for example_branch_dop_operator_v3 to 2024-06-29 12:17:00+00:00, run_after=2024-06-29 12:18:00+00:00
[2024-06-29T12:18:36.079+0000] {processor.py:183} INFO - Processing /home/airflow/.local/lib/python3.12/site-packages/airflow/example_dags/example_branch_python_dop_operator_3.py took 0.050 seconds
[2024-06-29T12:19:06.188+0000] {processor.py:161} INFO - Started process (PID=13160) to work on /home/airflow/.local/lib/python3.12/site-packages/airflow/example_dags/example_branch_python_dop_operator_3.py
[2024-06-29T12:19:06.188+0000] {processor.py:830} INFO - Processing file /home/airflow/.local/lib/python3.12/site-packages/airflow/example_dags/example_branch_python_dop_operator_3.py for tasks to queue
[2024-06-29T12:19:06.189+0000] {logging_mixin.py:188} INFO - [2024-06-29T12:19:06.189+0000] {dagbag.py:545} INFO - Filling up the DagBag from /home/airflow/.local/lib/python3.12/site-packages/airflow/example_dags/example_branch_python_dop_operator_3.py
[2024-06-29T12:19:06.194+0000] {processor.py:840} INFO - DAG(s) 'example_branch_dop_operator_v3' retrieved from /home/airflow/.local/lib/python3.12/site-packages/airflow/example_dags/example_branch_python_dop_operator_3.py
[2024-06-29T12:19:06.208+0000] {logging_mixin.py:188} INFO - [2024-06-29T12:19:06.208+0000] {dag.py:3096} INFO - Sync 1 DAGs
[2024-06-29T12:19:06.221+0000] {logging_mixin.py:188} INFO - [2024-06-29T12:19:06.220+0000] {dag.py:3954} INFO - Setting next_dagrun for example_branch_dop_operator_v3 to 2024-06-29 12:18:00+00:00, run_after=2024-06-29 12:19:00+00:00
[2024-06-29T12:19:06.229+0000] {processor.py:183} INFO - Processing /home/airflow/.local/lib/python3.12/site-packages/airflow/example_dags/example_branch_python_dop_operator_3.py took 0.045 seconds
[2024-06-29T12:19:37.306+0000] {processor.py:161} INFO - Started process (PID=13422) to work on /home/airflow/.local/lib/python3.12/site-packages/airflow/example_dags/example_branch_python_dop_operator_3.py
[2024-06-29T12:19:37.307+0000] {processor.py:830} INFO - Processing file /home/airflow/.local/lib/python3.12/site-packages/airflow/example_dags/example_branch_python_dop_operator_3.py for tasks to queue
[2024-06-29T12:19:37.308+0000] {logging_mixin.py:188} INFO - [2024-06-29T12:19:37.307+0000] {dagbag.py:545} INFO - Filling up the DagBag from /home/airflow/.local/lib/python3.12/site-packages/airflow/example_dags/example_branch_python_dop_operator_3.py
[2024-06-29T12:19:37.312+0000] {processor.py:840} INFO - DAG(s) 'example_branch_dop_operator_v3' retrieved from /home/airflow/.local/lib/python3.12/site-packages/airflow/example_dags/example_branch_python_dop_operator_3.py
[2024-06-29T12:19:37.325+0000] {logging_mixin.py:188} INFO - [2024-06-29T12:19:37.325+0000] {dag.py:3096} INFO - Sync 1 DAGs
[2024-06-29T12:19:37.337+0000] {logging_mixin.py:188} INFO - [2024-06-29T12:19:37.336+0000] {dag.py:3954} INFO - Setting next_dagrun for example_branch_dop_operator_v3 to 2024-06-29 12:18:00+00:00, run_after=2024-06-29 12:19:00+00:00
[2024-06-29T12:19:37.345+0000] {processor.py:183} INFO - Processing /home/airflow/.local/lib/python3.12/site-packages/airflow/example_dags/example_branch_python_dop_operator_3.py took 0.042 seconds
[2024-06-29T12:20:07.480+0000] {processor.py:161} INFO - Started process (PID=13684) to work on /home/airflow/.local/lib/python3.12/site-packages/airflow/example_dags/example_branch_python_dop_operator_3.py
[2024-06-29T12:20:07.481+0000] {processor.py:830} INFO - Processing file /home/airflow/.local/lib/python3.12/site-packages/airflow/example_dags/example_branch_python_dop_operator_3.py for tasks to queue
[2024-06-29T12:20:07.482+0000] {logging_mixin.py:188} INFO - [2024-06-29T12:20:07.481+0000] {dagbag.py:545} INFO - Filling up the DagBag from /home/airflow/.local/lib/python3.12/site-packages/airflow/example_dags/example_branch_python_dop_operator_3.py
[2024-06-29T12:20:07.486+0000] {processor.py:840} INFO - DAG(s) 'example_branch_dop_operator_v3' retrieved from /home/airflow/.local/lib/python3.12/site-packages/airflow/example_dags/example_branch_python_dop_operator_3.py
[2024-06-29T12:20:07.499+0000] {logging_mixin.py:188} INFO - [2024-06-29T12:20:07.499+0000] {dag.py:3096} INFO - Sync 1 DAGs
[2024-06-29T12:20:07.510+0000] {logging_mixin.py:188} INFO - [2024-06-29T12:20:07.510+0000] {dag.py:3954} INFO - Setting next_dagrun for example_branch_dop_operator_v3 to 2024-06-29 12:19:00+00:00, run_after=2024-06-29 12:20:00+00:00
[2024-06-29T12:20:07.519+0000] {processor.py:183} INFO - Processing /home/airflow/.local/lib/python3.12/site-packages/airflow/example_dags/example_branch_python_dop_operator_3.py took 0.042 seconds
[2024-06-29T12:20:37.742+0000] {processor.py:161} INFO - Started process (PID=13946) to work on /home/airflow/.local/lib/python3.12/site-packages/airflow/example_dags/example_branch_python_dop_operator_3.py
[2024-06-29T12:20:37.742+0000] {processor.py:830} INFO - Processing file /home/airflow/.local/lib/python3.12/site-packages/airflow/example_dags/example_branch_python_dop_operator_3.py for tasks to queue
[2024-06-29T12:20:37.743+0000] {logging_mixin.py:188} INFO - [2024-06-29T12:20:37.743+0000] {dagbag.py:545} INFO - Filling up the DagBag from /home/airflow/.local/lib/python3.12/site-packages/airflow/example_dags/example_branch_python_dop_operator_3.py
[2024-06-29T12:20:37.748+0000] {processor.py:840} INFO - DAG(s) 'example_branch_dop_operator_v3' retrieved from /home/airflow/.local/lib/python3.12/site-packages/airflow/example_dags/example_branch_python_dop_operator_3.py
[2024-06-29T12:20:37.762+0000] {logging_mixin.py:188} INFO - [2024-06-29T12:20:37.762+0000] {dag.py:3096} INFO - Sync 1 DAGs
[2024-06-29T12:20:37.775+0000] {logging_mixin.py:188} INFO - [2024-06-29T12:20:37.775+0000] {dag.py:3954} INFO - Setting next_dagrun for example_branch_dop_operator_v3 to 2024-06-29 12:19:00+00:00, run_after=2024-06-29 12:20:00+00:00
[2024-06-29T12:20:37.784+0000] {processor.py:183} INFO - Processing /home/airflow/.local/lib/python3.12/site-packages/airflow/example_dags/example_branch_python_dop_operator_3.py took 0.046 seconds
[2024-06-29T12:21:07.856+0000] {processor.py:161} INFO - Started process (PID=14210) to work on /home/airflow/.local/lib/python3.12/site-packages/airflow/example_dags/example_branch_python_dop_operator_3.py
[2024-06-29T12:21:07.857+0000] {processor.py:830} INFO - Processing file /home/airflow/.local/lib/python3.12/site-packages/airflow/example_dags/example_branch_python_dop_operator_3.py for tasks to queue
[2024-06-29T12:21:07.858+0000] {logging_mixin.py:188} INFO - [2024-06-29T12:21:07.858+0000] {dagbag.py:545} INFO - Filling up the DagBag from /home/airflow/.local/lib/python3.12/site-packages/airflow/example_dags/example_branch_python_dop_operator_3.py
[2024-06-29T12:21:07.863+0000] {processor.py:840} INFO - DAG(s) 'example_branch_dop_operator_v3' retrieved from /home/airflow/.local/lib/python3.12/site-packages/airflow/example_dags/example_branch_python_dop_operator_3.py
[2024-06-29T12:21:07.876+0000] {logging_mixin.py:188} INFO - [2024-06-29T12:21:07.876+0000] {dag.py:3096} INFO - Sync 1 DAGs
[2024-06-29T12:21:07.887+0000] {logging_mixin.py:188} INFO - [2024-06-29T12:21:07.887+0000] {dag.py:3954} INFO - Setting next_dagrun for example_branch_dop_operator_v3 to 2024-06-29 12:20:00+00:00, run_after=2024-06-29 12:21:00+00:00
[2024-06-29T12:21:07.895+0000] {processor.py:183} INFO - Processing /home/airflow/.local/lib/python3.12/site-packages/airflow/example_dags/example_branch_python_dop_operator_3.py took 0.042 seconds
[2024-06-29T12:21:38.139+0000] {processor.py:161} INFO - Started process (PID=14470) to work on /home/airflow/.local/lib/python3.12/site-packages/airflow/example_dags/example_branch_python_dop_operator_3.py
[2024-06-29T12:21:38.139+0000] {processor.py:830} INFO - Processing file /home/airflow/.local/lib/python3.12/site-packages/airflow/example_dags/example_branch_python_dop_operator_3.py for tasks to queue
[2024-06-29T12:21:38.141+0000] {logging_mixin.py:188} INFO - [2024-06-29T12:21:38.140+0000] {dagbag.py:545} INFO - Filling up the DagBag from /home/airflow/.local/lib/python3.12/site-packages/airflow/example_dags/example_branch_python_dop_operator_3.py
[2024-06-29T12:21:38.145+0000] {processor.py:840} INFO - DAG(s) 'example_branch_dop_operator_v3' retrieved from /home/airflow/.local/lib/python3.12/site-packages/airflow/example_dags/example_branch_python_dop_operator_3.py
[2024-06-29T12:21:38.159+0000] {logging_mixin.py:188} INFO - [2024-06-29T12:21:38.159+0000] {dag.py:3096} INFO - Sync 1 DAGs
[2024-06-29T12:21:38.172+0000] {logging_mixin.py:188} INFO - [2024-06-29T12:21:38.172+0000] {dag.py:3954} INFO - Setting next_dagrun for example_branch_dop_operator_v3 to 2024-06-29 12:20:00+00:00, run_after=2024-06-29 12:21:00+00:00
[2024-06-29T12:21:38.180+0000] {processor.py:183} INFO - Processing /home/airflow/.local/lib/python3.12/site-packages/airflow/example_dags/example_branch_python_dop_operator_3.py took 0.045 seconds
[2024-06-29T12:22:08.304+0000] {processor.py:161} INFO - Started process (PID=14734) to work on /home/airflow/.local/lib/python3.12/site-packages/airflow/example_dags/example_branch_python_dop_operator_3.py
[2024-06-29T12:22:08.305+0000] {processor.py:830} INFO - Processing file /home/airflow/.local/lib/python3.12/site-packages/airflow/example_dags/example_branch_python_dop_operator_3.py for tasks to queue
[2024-06-29T12:22:08.306+0000] {logging_mixin.py:188} INFO - [2024-06-29T12:22:08.306+0000] {dagbag.py:545} INFO - Filling up the DagBag from /home/airflow/.local/lib/python3.12/site-packages/airflow/example_dags/example_branch_python_dop_operator_3.py
[2024-06-29T12:22:08.311+0000] {processor.py:840} INFO - DAG(s) 'example_branch_dop_operator_v3' retrieved from /home/airflow/.local/lib/python3.12/site-packages/airflow/example_dags/example_branch_python_dop_operator_3.py
[2024-06-29T12:22:08.324+0000] {logging_mixin.py:188} INFO - [2024-06-29T12:22:08.324+0000] {dag.py:3096} INFO - Sync 1 DAGs
[2024-06-29T12:22:08.336+0000] {logging_mixin.py:188} INFO - [2024-06-29T12:22:08.335+0000] {dag.py:3954} INFO - Setting next_dagrun for example_branch_dop_operator_v3 to 2024-06-29 12:21:00+00:00, run_after=2024-06-29 12:22:00+00:00
[2024-06-29T12:22:08.344+0000] {processor.py:183} INFO - Processing /home/airflow/.local/lib/python3.12/site-packages/airflow/example_dags/example_branch_python_dop_operator_3.py took 0.043 seconds
[2024-06-29T12:22:38.467+0000] {processor.py:161} INFO - Started process (PID=14995) to work on /home/airflow/.local/lib/python3.12/site-packages/airflow/example_dags/example_branch_python_dop_operator_3.py
[2024-06-29T12:22:38.468+0000] {processor.py:830} INFO - Processing file /home/airflow/.local/lib/python3.12/site-packages/airflow/example_dags/example_branch_python_dop_operator_3.py for tasks to queue
[2024-06-29T12:22:38.469+0000] {logging_mixin.py:188} INFO - [2024-06-29T12:22:38.469+0000] {dagbag.py:545} INFO - Filling up the DagBag from /home/airflow/.local/lib/python3.12/site-packages/airflow/example_dags/example_branch_python_dop_operator_3.py
[2024-06-29T12:22:38.473+0000] {processor.py:840} INFO - DAG(s) 'example_branch_dop_operator_v3' retrieved from /home/airflow/.local/lib/python3.12/site-packages/airflow/example_dags/example_branch_python_dop_operator_3.py
[2024-06-29T12:22:38.487+0000] {logging_mixin.py:188} INFO - [2024-06-29T12:22:38.487+0000] {dag.py:3096} INFO - Sync 1 DAGs
[2024-06-29T12:22:38.499+0000] {logging_mixin.py:188} INFO - [2024-06-29T12:22:38.499+0000] {dag.py:3954} INFO - Setting next_dagrun for example_branch_dop_operator_v3 to 2024-06-29 12:21:00+00:00, run_after=2024-06-29 12:22:00+00:00
[2024-06-29T12:22:38.508+0000] {processor.py:183} INFO - Processing /home/airflow/.local/lib/python3.12/site-packages/airflow/example_dags/example_branch_python_dop_operator_3.py took 0.044 seconds
[2024-06-29T12:23:08.707+0000] {processor.py:161} INFO - Started process (PID=15257) to work on /home/airflow/.local/lib/python3.12/site-packages/airflow/example_dags/example_branch_python_dop_operator_3.py
[2024-06-29T12:23:08.707+0000] {processor.py:830} INFO - Processing file /home/airflow/.local/lib/python3.12/site-packages/airflow/example_dags/example_branch_python_dop_operator_3.py for tasks to queue
[2024-06-29T12:23:08.708+0000] {logging_mixin.py:188} INFO - [2024-06-29T12:23:08.708+0000] {dagbag.py:545} INFO - Filling up the DagBag from /home/airflow/.local/lib/python3.12/site-packages/airflow/example_dags/example_branch_python_dop_operator_3.py
[2024-06-29T12:23:08.713+0000] {processor.py:840} INFO - DAG(s) 'example_branch_dop_operator_v3' retrieved from /home/airflow/.local/lib/python3.12/site-packages/airflow/example_dags/example_branch_python_dop_operator_3.py
[2024-06-29T12:23:08.728+0000] {logging_mixin.py:188} INFO - [2024-06-29T12:23:08.727+0000] {dag.py:3096} INFO - Sync 1 DAGs
[2024-06-29T12:23:08.740+0000] {logging_mixin.py:188} INFO - [2024-06-29T12:23:08.740+0000] {dag.py:3954} INFO - Setting next_dagrun for example_branch_dop_operator_v3 to 2024-06-29 12:22:00+00:00, run_after=2024-06-29 12:23:00+00:00
[2024-06-29T12:23:08.750+0000] {processor.py:183} INFO - Processing /home/airflow/.local/lib/python3.12/site-packages/airflow/example_dags/example_branch_python_dop_operator_3.py took 0.047 seconds
[2024-06-29T12:23:38.910+0000] {processor.py:161} INFO - Started process (PID=15521) to work on /home/airflow/.local/lib/python3.12/site-packages/airflow/example_dags/example_branch_python_dop_operator_3.py
[2024-06-29T12:23:38.911+0000] {processor.py:830} INFO - Processing file /home/airflow/.local/lib/python3.12/site-packages/airflow/example_dags/example_branch_python_dop_operator_3.py for tasks to queue
[2024-06-29T12:23:38.912+0000] {logging_mixin.py:188} INFO - [2024-06-29T12:23:38.912+0000] {dagbag.py:545} INFO - Filling up the DagBag from /home/airflow/.local/lib/python3.12/site-packages/airflow/example_dags/example_branch_python_dop_operator_3.py
[2024-06-29T12:23:38.917+0000] {processor.py:840} INFO - DAG(s) 'example_branch_dop_operator_v3' retrieved from /home/airflow/.local/lib/python3.12/site-packages/airflow/example_dags/example_branch_python_dop_operator_3.py
[2024-06-29T12:23:38.930+0000] {logging_mixin.py:188} INFO - [2024-06-29T12:23:38.930+0000] {dag.py:3096} INFO - Sync 1 DAGs
[2024-06-29T12:23:38.941+0000] {logging_mixin.py:188} INFO - [2024-06-29T12:23:38.941+0000] {dag.py:3954} INFO - Setting next_dagrun for example_branch_dop_operator_v3 to 2024-06-29 12:22:00+00:00, run_after=2024-06-29 12:23:00+00:00
[2024-06-29T12:23:38.950+0000] {processor.py:183} INFO - Processing /home/airflow/.local/lib/python3.12/site-packages/airflow/example_dags/example_branch_python_dop_operator_3.py took 0.044 seconds
[2024-06-29T12:24:09.116+0000] {processor.py:161} INFO - Started process (PID=15784) to work on /home/airflow/.local/lib/python3.12/site-packages/airflow/example_dags/example_branch_python_dop_operator_3.py
[2024-06-29T12:24:09.116+0000] {processor.py:830} INFO - Processing file /home/airflow/.local/lib/python3.12/site-packages/airflow/example_dags/example_branch_python_dop_operator_3.py for tasks to queue
[2024-06-29T12:24:09.118+0000] {logging_mixin.py:188} INFO - [2024-06-29T12:24:09.117+0000] {dagbag.py:545} INFO - Filling up the DagBag from /home/airflow/.local/lib/python3.12/site-packages/airflow/example_dags/example_branch_python_dop_operator_3.py
[2024-06-29T12:24:09.122+0000] {processor.py:840} INFO - DAG(s) 'example_branch_dop_operator_v3' retrieved from /home/airflow/.local/lib/python3.12/site-packages/airflow/example_dags/example_branch_python_dop_operator_3.py
[2024-06-29T12:24:09.135+0000] {logging_mixin.py:188} INFO - [2024-06-29T12:24:09.135+0000] {dag.py:3096} INFO - Sync 1 DAGs
[2024-06-29T12:24:09.146+0000] {logging_mixin.py:188} INFO - [2024-06-29T12:24:09.146+0000] {dag.py:3954} INFO - Setting next_dagrun for example_branch_dop_operator_v3 to 2024-06-29 12:23:00+00:00, run_after=2024-06-29 12:24:00+00:00
[2024-06-29T12:24:09.154+0000] {processor.py:183} INFO - Processing /home/airflow/.local/lib/python3.12/site-packages/airflow/example_dags/example_branch_python_dop_operator_3.py took 0.042 seconds
[2024-06-29T12:24:39.276+0000] {processor.py:161} INFO - Started process (PID=16045) to work on /home/airflow/.local/lib/python3.12/site-packages/airflow/example_dags/example_branch_python_dop_operator_3.py
[2024-06-29T12:24:39.277+0000] {processor.py:830} INFO - Processing file /home/airflow/.local/lib/python3.12/site-packages/airflow/example_dags/example_branch_python_dop_operator_3.py for tasks to queue
[2024-06-29T12:24:39.278+0000] {logging_mixin.py:188} INFO - [2024-06-29T12:24:39.278+0000] {dagbag.py:545} INFO - Filling up the DagBag from /home/airflow/.local/lib/python3.12/site-packages/airflow/example_dags/example_branch_python_dop_operator_3.py
[2024-06-29T12:24:39.283+0000] {processor.py:840} INFO - DAG(s) 'example_branch_dop_operator_v3' retrieved from /home/airflow/.local/lib/python3.12/site-packages/airflow/example_dags/example_branch_python_dop_operator_3.py
[2024-06-29T12:24:39.297+0000] {logging_mixin.py:188} INFO - [2024-06-29T12:24:39.297+0000] {dag.py:3096} INFO - Sync 1 DAGs
[2024-06-29T12:24:39.309+0000] {logging_mixin.py:188} INFO - [2024-06-29T12:24:39.309+0000] {dag.py:3954} INFO - Setting next_dagrun for example_branch_dop_operator_v3 to 2024-06-29 12:23:00+00:00, run_after=2024-06-29 12:24:00+00:00
[2024-06-29T12:24:39.318+0000] {processor.py:183} INFO - Processing /home/airflow/.local/lib/python3.12/site-packages/airflow/example_dags/example_branch_python_dop_operator_3.py took 0.045 seconds
[2024-06-29T12:25:09.480+0000] {processor.py:161} INFO - Started process (PID=16307) to work on /home/airflow/.local/lib/python3.12/site-packages/airflow/example_dags/example_branch_python_dop_operator_3.py
[2024-06-29T12:25:09.481+0000] {processor.py:830} INFO - Processing file /home/airflow/.local/lib/python3.12/site-packages/airflow/example_dags/example_branch_python_dop_operator_3.py for tasks to queue
[2024-06-29T12:25:09.482+0000] {logging_mixin.py:188} INFO - [2024-06-29T12:25:09.482+0000] {dagbag.py:545} INFO - Filling up the DagBag from /home/airflow/.local/lib/python3.12/site-packages/airflow/example_dags/example_branch_python_dop_operator_3.py
[2024-06-29T12:25:09.487+0000] {processor.py:840} INFO - DAG(s) 'example_branch_dop_operator_v3' retrieved from /home/airflow/.local/lib/python3.12/site-packages/airflow/example_dags/example_branch_python_dop_operator_3.py
[2024-06-29T12:25:09.501+0000] {logging_mixin.py:188} INFO - [2024-06-29T12:25:09.501+0000] {dag.py:3096} INFO - Sync 1 DAGs
[2024-06-29T12:25:09.513+0000] {logging_mixin.py:188} INFO - [2024-06-29T12:25:09.512+0000] {dag.py:3954} INFO - Setting next_dagrun for example_branch_dop_operator_v3 to 2024-06-29 12:24:00+00:00, run_after=2024-06-29 12:25:00+00:00
[2024-06-29T12:25:09.521+0000] {processor.py:183} INFO - Processing /home/airflow/.local/lib/python3.12/site-packages/airflow/example_dags/example_branch_python_dop_operator_3.py took 0.045 seconds
