[2024-06-29T11:54:20.266+0000] {processor.py:161} INFO - Started process (PID=220) to work on /home/airflow/.local/lib/python3.12/site-packages/airflow/example_dags/example_sla_dag.py
[2024-06-29T11:54:20.267+0000] {processor.py:830} INFO - Processing file /home/airflow/.local/lib/python3.12/site-packages/airflow/example_dags/example_sla_dag.py for tasks to queue
[2024-06-29T11:54:20.268+0000] {logging_mixin.py:188} INFO - [2024-06-29T11:54:20.268+0000] {dagbag.py:545} INFO - Filling up the DagBag from /home/airflow/.local/lib/python3.12/site-packages/airflow/example_dags/example_sla_dag.py
[2024-06-29T11:54:20.273+0000] {processor.py:840} INFO - DAG(s) 'example_sla_dag' retrieved from /home/airflow/.local/lib/python3.12/site-packages/airflow/example_dags/example_sla_dag.py
[2024-06-29T11:54:20.284+0000] {logging_mixin.py:188} INFO - [2024-06-29T11:54:20.283+0000] {dag.py:3096} INFO - Sync 1 DAGs
[2024-06-29T11:54:20.297+0000] {logging_mixin.py:188} INFO - [2024-06-29T11:54:20.297+0000] {dag.py:3954} INFO - Setting next_dagrun for example_sla_dag to 2024-06-29 11:52:00+00:00, run_after=2024-06-29 11:54:00+00:00
[2024-06-29T11:54:20.307+0000] {processor.py:183} INFO - Processing /home/airflow/.local/lib/python3.12/site-packages/airflow/example_dags/example_sla_dag.py took 0.045 seconds
[2024-06-29T11:54:51.558+0000] {processor.py:161} INFO - Started process (PID=484) to work on /home/airflow/.local/lib/python3.12/site-packages/airflow/example_dags/example_sla_dag.py
[2024-06-29T11:54:51.559+0000] {processor.py:830} INFO - Processing file /home/airflow/.local/lib/python3.12/site-packages/airflow/example_dags/example_sla_dag.py for tasks to queue
[2024-06-29T11:54:51.560+0000] {logging_mixin.py:188} INFO - [2024-06-29T11:54:51.560+0000] {dagbag.py:545} INFO - Filling up the DagBag from /home/airflow/.local/lib/python3.12/site-packages/airflow/example_dags/example_sla_dag.py
[2024-06-29T11:54:51.564+0000] {processor.py:840} INFO - DAG(s) 'example_sla_dag' retrieved from /home/airflow/.local/lib/python3.12/site-packages/airflow/example_dags/example_sla_dag.py
[2024-06-29T11:54:51.612+0000] {logging_mixin.py:188} INFO - [2024-06-29T11:54:51.611+0000] {dag.py:3096} INFO - Sync 1 DAGs
[2024-06-29T11:54:51.621+0000] {logging_mixin.py:188} INFO - [2024-06-29T11:54:51.621+0000] {dag.py:3954} INFO - Setting next_dagrun for example_sla_dag to 2024-06-29 11:52:00+00:00, run_after=2024-06-29 11:54:00+00:00
[2024-06-29T11:54:51.629+0000] {processor.py:183} INFO - Processing /home/airflow/.local/lib/python3.12/site-packages/airflow/example_dags/example_sla_dag.py took 0.074 seconds
[2024-06-29T11:55:22.197+0000] {processor.py:161} INFO - Started process (PID=744) to work on /home/airflow/.local/lib/python3.12/site-packages/airflow/example_dags/example_sla_dag.py
[2024-06-29T11:55:22.198+0000] {processor.py:830} INFO - Processing file /home/airflow/.local/lib/python3.12/site-packages/airflow/example_dags/example_sla_dag.py for tasks to queue
[2024-06-29T11:55:22.199+0000] {logging_mixin.py:188} INFO - [2024-06-29T11:55:22.199+0000] {dagbag.py:545} INFO - Filling up the DagBag from /home/airflow/.local/lib/python3.12/site-packages/airflow/example_dags/example_sla_dag.py
[2024-06-29T11:55:22.204+0000] {processor.py:840} INFO - DAG(s) 'example_sla_dag' retrieved from /home/airflow/.local/lib/python3.12/site-packages/airflow/example_dags/example_sla_dag.py
[2024-06-29T11:55:22.219+0000] {logging_mixin.py:188} INFO - [2024-06-29T11:55:22.219+0000] {dag.py:3096} INFO - Sync 1 DAGs
[2024-06-29T11:55:22.233+0000] {logging_mixin.py:188} INFO - [2024-06-29T11:55:22.232+0000] {dag.py:3954} INFO - Setting next_dagrun for example_sla_dag to 2024-06-29 11:52:00+00:00, run_after=2024-06-29 11:54:00+00:00
[2024-06-29T11:55:22.245+0000] {processor.py:183} INFO - Processing /home/airflow/.local/lib/python3.12/site-packages/airflow/example_dags/example_sla_dag.py took 0.051 seconds
[2024-06-29T11:55:52.590+0000] {processor.py:161} INFO - Started process (PID=1006) to work on /home/airflow/.local/lib/python3.12/site-packages/airflow/example_dags/example_sla_dag.py
[2024-06-29T11:55:52.591+0000] {processor.py:830} INFO - Processing file /home/airflow/.local/lib/python3.12/site-packages/airflow/example_dags/example_sla_dag.py for tasks to queue
[2024-06-29T11:55:52.592+0000] {logging_mixin.py:188} INFO - [2024-06-29T11:55:52.592+0000] {dagbag.py:545} INFO - Filling up the DagBag from /home/airflow/.local/lib/python3.12/site-packages/airflow/example_dags/example_sla_dag.py
[2024-06-29T11:55:52.597+0000] {processor.py:840} INFO - DAG(s) 'example_sla_dag' retrieved from /home/airflow/.local/lib/python3.12/site-packages/airflow/example_dags/example_sla_dag.py
[2024-06-29T11:55:52.610+0000] {logging_mixin.py:188} INFO - [2024-06-29T11:55:52.610+0000] {dag.py:3096} INFO - Sync 1 DAGs
[2024-06-29T11:55:52.623+0000] {logging_mixin.py:188} INFO - [2024-06-29T11:55:52.623+0000] {dag.py:3954} INFO - Setting next_dagrun for example_sla_dag to 2024-06-29 11:52:00+00:00, run_after=2024-06-29 11:54:00+00:00
[2024-06-29T11:55:52.633+0000] {processor.py:183} INFO - Processing /home/airflow/.local/lib/python3.12/site-packages/airflow/example_dags/example_sla_dag.py took 0.046 seconds
[2024-06-29T11:56:22.878+0000] {processor.py:161} INFO - Started process (PID=1269) to work on /home/airflow/.local/lib/python3.12/site-packages/airflow/example_dags/example_sla_dag.py
[2024-06-29T11:56:22.879+0000] {processor.py:830} INFO - Processing file /home/airflow/.local/lib/python3.12/site-packages/airflow/example_dags/example_sla_dag.py for tasks to queue
[2024-06-29T11:56:22.880+0000] {logging_mixin.py:188} INFO - [2024-06-29T11:56:22.880+0000] {dagbag.py:545} INFO - Filling up the DagBag from /home/airflow/.local/lib/python3.12/site-packages/airflow/example_dags/example_sla_dag.py
[2024-06-29T11:56:22.885+0000] {processor.py:840} INFO - DAG(s) 'example_sla_dag' retrieved from /home/airflow/.local/lib/python3.12/site-packages/airflow/example_dags/example_sla_dag.py
[2024-06-29T11:56:22.899+0000] {logging_mixin.py:188} INFO - [2024-06-29T11:56:22.899+0000] {dag.py:3096} INFO - Sync 1 DAGs
[2024-06-29T11:56:22.911+0000] {logging_mixin.py:188} INFO - [2024-06-29T11:56:22.911+0000] {dag.py:3954} INFO - Setting next_dagrun for example_sla_dag to 2024-06-29 11:54:00+00:00, run_after=2024-06-29 11:56:00+00:00
[2024-06-29T11:56:22.920+0000] {processor.py:183} INFO - Processing /home/airflow/.local/lib/python3.12/site-packages/airflow/example_dags/example_sla_dag.py took 0.046 seconds
[2024-06-29T11:56:53.043+0000] {processor.py:161} INFO - Started process (PID=1531) to work on /home/airflow/.local/lib/python3.12/site-packages/airflow/example_dags/example_sla_dag.py
[2024-06-29T11:56:53.043+0000] {processor.py:830} INFO - Processing file /home/airflow/.local/lib/python3.12/site-packages/airflow/example_dags/example_sla_dag.py for tasks to queue
[2024-06-29T11:56:53.045+0000] {logging_mixin.py:188} INFO - [2024-06-29T11:56:53.044+0000] {dagbag.py:545} INFO - Filling up the DagBag from /home/airflow/.local/lib/python3.12/site-packages/airflow/example_dags/example_sla_dag.py
[2024-06-29T11:56:53.049+0000] {processor.py:840} INFO - DAG(s) 'example_sla_dag' retrieved from /home/airflow/.local/lib/python3.12/site-packages/airflow/example_dags/example_sla_dag.py
[2024-06-29T11:56:53.063+0000] {logging_mixin.py:188} INFO - [2024-06-29T11:56:53.063+0000] {dag.py:3096} INFO - Sync 1 DAGs
[2024-06-29T11:56:53.076+0000] {logging_mixin.py:188} INFO - [2024-06-29T11:56:53.076+0000] {dag.py:3954} INFO - Setting next_dagrun for example_sla_dag to 2024-06-29 11:54:00+00:00, run_after=2024-06-29 11:56:00+00:00
[2024-06-29T11:56:53.084+0000] {processor.py:183} INFO - Processing /home/airflow/.local/lib/python3.12/site-packages/airflow/example_dags/example_sla_dag.py took 0.045 seconds
[2024-06-29T11:57:23.282+0000] {processor.py:161} INFO - Started process (PID=1793) to work on /home/airflow/.local/lib/python3.12/site-packages/airflow/example_dags/example_sla_dag.py
[2024-06-29T11:57:23.283+0000] {processor.py:830} INFO - Processing file /home/airflow/.local/lib/python3.12/site-packages/airflow/example_dags/example_sla_dag.py for tasks to queue
[2024-06-29T11:57:23.284+0000] {logging_mixin.py:188} INFO - [2024-06-29T11:57:23.284+0000] {dagbag.py:545} INFO - Filling up the DagBag from /home/airflow/.local/lib/python3.12/site-packages/airflow/example_dags/example_sla_dag.py
[2024-06-29T11:57:23.289+0000] {processor.py:840} INFO - DAG(s) 'example_sla_dag' retrieved from /home/airflow/.local/lib/python3.12/site-packages/airflow/example_dags/example_sla_dag.py
[2024-06-29T11:57:23.303+0000] {logging_mixin.py:188} INFO - [2024-06-29T11:57:23.303+0000] {dag.py:3096} INFO - Sync 1 DAGs
[2024-06-29T11:57:23.316+0000] {logging_mixin.py:188} INFO - [2024-06-29T11:57:23.316+0000] {dag.py:3954} INFO - Setting next_dagrun for example_sla_dag to 2024-06-29 11:54:00+00:00, run_after=2024-06-29 11:56:00+00:00
[2024-06-29T11:57:23.328+0000] {processor.py:183} INFO - Processing /home/airflow/.local/lib/python3.12/site-packages/airflow/example_dags/example_sla_dag.py took 0.049 seconds
[2024-06-29T11:57:53.653+0000] {processor.py:161} INFO - Started process (PID=2055) to work on /home/airflow/.local/lib/python3.12/site-packages/airflow/example_dags/example_sla_dag.py
[2024-06-29T11:57:53.654+0000] {processor.py:830} INFO - Processing file /home/airflow/.local/lib/python3.12/site-packages/airflow/example_dags/example_sla_dag.py for tasks to queue
[2024-06-29T11:57:53.655+0000] {logging_mixin.py:188} INFO - [2024-06-29T11:57:53.655+0000] {dagbag.py:545} INFO - Filling up the DagBag from /home/airflow/.local/lib/python3.12/site-packages/airflow/example_dags/example_sla_dag.py
[2024-06-29T11:57:53.660+0000] {processor.py:840} INFO - DAG(s) 'example_sla_dag' retrieved from /home/airflow/.local/lib/python3.12/site-packages/airflow/example_dags/example_sla_dag.py
[2024-06-29T11:57:53.673+0000] {logging_mixin.py:188} INFO - [2024-06-29T11:57:53.673+0000] {dag.py:3096} INFO - Sync 1 DAGs
[2024-06-29T11:57:53.686+0000] {logging_mixin.py:188} INFO - [2024-06-29T11:57:53.685+0000] {dag.py:3954} INFO - Setting next_dagrun for example_sla_dag to 2024-06-29 11:54:00+00:00, run_after=2024-06-29 11:56:00+00:00
[2024-06-29T11:57:53.694+0000] {processor.py:183} INFO - Processing /home/airflow/.local/lib/python3.12/site-packages/airflow/example_dags/example_sla_dag.py took 0.045 seconds
[2024-06-29T11:58:23.856+0000] {processor.py:161} INFO - Started process (PID=2317) to work on /home/airflow/.local/lib/python3.12/site-packages/airflow/example_dags/example_sla_dag.py
[2024-06-29T11:58:23.857+0000] {processor.py:830} INFO - Processing file /home/airflow/.local/lib/python3.12/site-packages/airflow/example_dags/example_sla_dag.py for tasks to queue
[2024-06-29T11:58:23.858+0000] {logging_mixin.py:188} INFO - [2024-06-29T11:58:23.858+0000] {dagbag.py:545} INFO - Filling up the DagBag from /home/airflow/.local/lib/python3.12/site-packages/airflow/example_dags/example_sla_dag.py
[2024-06-29T11:58:23.862+0000] {processor.py:840} INFO - DAG(s) 'example_sla_dag' retrieved from /home/airflow/.local/lib/python3.12/site-packages/airflow/example_dags/example_sla_dag.py
[2024-06-29T11:58:23.875+0000] {logging_mixin.py:188} INFO - [2024-06-29T11:58:23.875+0000] {dag.py:3096} INFO - Sync 1 DAGs
[2024-06-29T11:58:23.887+0000] {logging_mixin.py:188} INFO - [2024-06-29T11:58:23.887+0000] {dag.py:3954} INFO - Setting next_dagrun for example_sla_dag to 2024-06-29 11:56:00+00:00, run_after=2024-06-29 11:58:00+00:00
[2024-06-29T11:58:23.896+0000] {processor.py:183} INFO - Processing /home/airflow/.local/lib/python3.12/site-packages/airflow/example_dags/example_sla_dag.py took 0.043 seconds
[2024-06-29T11:58:54.035+0000] {processor.py:161} INFO - Started process (PID=2579) to work on /home/airflow/.local/lib/python3.12/site-packages/airflow/example_dags/example_sla_dag.py
[2024-06-29T11:58:54.036+0000] {processor.py:830} INFO - Processing file /home/airflow/.local/lib/python3.12/site-packages/airflow/example_dags/example_sla_dag.py for tasks to queue
[2024-06-29T11:58:54.037+0000] {logging_mixin.py:188} INFO - [2024-06-29T11:58:54.037+0000] {dagbag.py:545} INFO - Filling up the DagBag from /home/airflow/.local/lib/python3.12/site-packages/airflow/example_dags/example_sla_dag.py
[2024-06-29T11:58:54.042+0000] {processor.py:840} INFO - DAG(s) 'example_sla_dag' retrieved from /home/airflow/.local/lib/python3.12/site-packages/airflow/example_dags/example_sla_dag.py
[2024-06-29T11:58:54.055+0000] {logging_mixin.py:188} INFO - [2024-06-29T11:58:54.055+0000] {dag.py:3096} INFO - Sync 1 DAGs
[2024-06-29T11:58:54.067+0000] {logging_mixin.py:188} INFO - [2024-06-29T11:58:54.067+0000] {dag.py:3954} INFO - Setting next_dagrun for example_sla_dag to 2024-06-29 11:56:00+00:00, run_after=2024-06-29 11:58:00+00:00
[2024-06-29T11:58:54.077+0000] {processor.py:183} INFO - Processing /home/airflow/.local/lib/python3.12/site-packages/airflow/example_dags/example_sla_dag.py took 0.045 seconds
[2024-06-29T11:59:24.446+0000] {processor.py:161} INFO - Started process (PID=2841) to work on /home/airflow/.local/lib/python3.12/site-packages/airflow/example_dags/example_sla_dag.py
[2024-06-29T11:59:24.447+0000] {processor.py:830} INFO - Processing file /home/airflow/.local/lib/python3.12/site-packages/airflow/example_dags/example_sla_dag.py for tasks to queue
[2024-06-29T11:59:24.448+0000] {logging_mixin.py:188} INFO - [2024-06-29T11:59:24.448+0000] {dagbag.py:545} INFO - Filling up the DagBag from /home/airflow/.local/lib/python3.12/site-packages/airflow/example_dags/example_sla_dag.py
[2024-06-29T11:59:24.452+0000] {processor.py:840} INFO - DAG(s) 'example_sla_dag' retrieved from /home/airflow/.local/lib/python3.12/site-packages/airflow/example_dags/example_sla_dag.py
[2024-06-29T11:59:24.468+0000] {logging_mixin.py:188} INFO - [2024-06-29T11:59:24.468+0000] {dag.py:3096} INFO - Sync 1 DAGs
[2024-06-29T11:59:24.481+0000] {logging_mixin.py:188} INFO - [2024-06-29T11:59:24.481+0000] {dag.py:3954} INFO - Setting next_dagrun for example_sla_dag to 2024-06-29 11:56:00+00:00, run_after=2024-06-29 11:58:00+00:00
[2024-06-29T11:59:24.489+0000] {processor.py:183} INFO - Processing /home/airflow/.local/lib/python3.12/site-packages/airflow/example_dags/example_sla_dag.py took 0.047 seconds
[2024-06-29T11:59:54.655+0000] {processor.py:161} INFO - Started process (PID=3103) to work on /home/airflow/.local/lib/python3.12/site-packages/airflow/example_dags/example_sla_dag.py
[2024-06-29T11:59:54.656+0000] {processor.py:830} INFO - Processing file /home/airflow/.local/lib/python3.12/site-packages/airflow/example_dags/example_sla_dag.py for tasks to queue
[2024-06-29T11:59:54.657+0000] {logging_mixin.py:188} INFO - [2024-06-29T11:59:54.656+0000] {dagbag.py:545} INFO - Filling up the DagBag from /home/airflow/.local/lib/python3.12/site-packages/airflow/example_dags/example_sla_dag.py
[2024-06-29T11:59:54.661+0000] {processor.py:840} INFO - DAG(s) 'example_sla_dag' retrieved from /home/airflow/.local/lib/python3.12/site-packages/airflow/example_dags/example_sla_dag.py
[2024-06-29T11:59:54.674+0000] {logging_mixin.py:188} INFO - [2024-06-29T11:59:54.674+0000] {dag.py:3096} INFO - Sync 1 DAGs
[2024-06-29T11:59:54.686+0000] {logging_mixin.py:188} INFO - [2024-06-29T11:59:54.686+0000] {dag.py:3954} INFO - Setting next_dagrun for example_sla_dag to 2024-06-29 11:56:00+00:00, run_after=2024-06-29 11:58:00+00:00
[2024-06-29T11:59:54.695+0000] {processor.py:183} INFO - Processing /home/airflow/.local/lib/python3.12/site-packages/airflow/example_dags/example_sla_dag.py took 0.043 seconds
[2024-06-29T12:00:24.814+0000] {processor.py:161} INFO - Started process (PID=3365) to work on /home/airflow/.local/lib/python3.12/site-packages/airflow/example_dags/example_sla_dag.py
[2024-06-29T12:00:24.815+0000] {processor.py:830} INFO - Processing file /home/airflow/.local/lib/python3.12/site-packages/airflow/example_dags/example_sla_dag.py for tasks to queue
[2024-06-29T12:00:24.816+0000] {logging_mixin.py:188} INFO - [2024-06-29T12:00:24.816+0000] {dagbag.py:545} INFO - Filling up the DagBag from /home/airflow/.local/lib/python3.12/site-packages/airflow/example_dags/example_sla_dag.py
[2024-06-29T12:00:24.821+0000] {processor.py:840} INFO - DAG(s) 'example_sla_dag' retrieved from /home/airflow/.local/lib/python3.12/site-packages/airflow/example_dags/example_sla_dag.py
[2024-06-29T12:00:24.834+0000] {logging_mixin.py:188} INFO - [2024-06-29T12:00:24.834+0000] {dag.py:3096} INFO - Sync 1 DAGs
[2024-06-29T12:00:24.846+0000] {logging_mixin.py:188} INFO - [2024-06-29T12:00:24.846+0000] {dag.py:3954} INFO - Setting next_dagrun for example_sla_dag to 2024-06-29 11:58:00+00:00, run_after=2024-06-29 12:00:00+00:00
[2024-06-29T12:00:24.855+0000] {processor.py:183} INFO - Processing /home/airflow/.local/lib/python3.12/site-packages/airflow/example_dags/example_sla_dag.py took 0.044 seconds
[2024-06-29T12:00:55.009+0000] {processor.py:161} INFO - Started process (PID=3627) to work on /home/airflow/.local/lib/python3.12/site-packages/airflow/example_dags/example_sla_dag.py
[2024-06-29T12:00:55.009+0000] {processor.py:830} INFO - Processing file /home/airflow/.local/lib/python3.12/site-packages/airflow/example_dags/example_sla_dag.py for tasks to queue
[2024-06-29T12:00:55.010+0000] {logging_mixin.py:188} INFO - [2024-06-29T12:00:55.010+0000] {dagbag.py:545} INFO - Filling up the DagBag from /home/airflow/.local/lib/python3.12/site-packages/airflow/example_dags/example_sla_dag.py
[2024-06-29T12:00:55.015+0000] {processor.py:840} INFO - DAG(s) 'example_sla_dag' retrieved from /home/airflow/.local/lib/python3.12/site-packages/airflow/example_dags/example_sla_dag.py
[2024-06-29T12:00:55.027+0000] {logging_mixin.py:188} INFO - [2024-06-29T12:00:55.027+0000] {dag.py:3096} INFO - Sync 1 DAGs
[2024-06-29T12:00:55.038+0000] {logging_mixin.py:188} INFO - [2024-06-29T12:00:55.038+0000] {dag.py:3954} INFO - Setting next_dagrun for example_sla_dag to 2024-06-29 11:58:00+00:00, run_after=2024-06-29 12:00:00+00:00
[2024-06-29T12:00:55.046+0000] {processor.py:183} INFO - Processing /home/airflow/.local/lib/python3.12/site-packages/airflow/example_dags/example_sla_dag.py took 0.040 seconds
[2024-06-29T12:01:25.241+0000] {processor.py:161} INFO - Started process (PID=3889) to work on /home/airflow/.local/lib/python3.12/site-packages/airflow/example_dags/example_sla_dag.py
[2024-06-29T12:01:25.242+0000] {processor.py:830} INFO - Processing file /home/airflow/.local/lib/python3.12/site-packages/airflow/example_dags/example_sla_dag.py for tasks to queue
[2024-06-29T12:01:25.243+0000] {logging_mixin.py:188} INFO - [2024-06-29T12:01:25.243+0000] {dagbag.py:545} INFO - Filling up the DagBag from /home/airflow/.local/lib/python3.12/site-packages/airflow/example_dags/example_sla_dag.py
[2024-06-29T12:01:25.248+0000] {processor.py:840} INFO - DAG(s) 'example_sla_dag' retrieved from /home/airflow/.local/lib/python3.12/site-packages/airflow/example_dags/example_sla_dag.py
[2024-06-29T12:01:25.261+0000] {logging_mixin.py:188} INFO - [2024-06-29T12:01:25.261+0000] {dag.py:3096} INFO - Sync 1 DAGs
[2024-06-29T12:01:25.275+0000] {logging_mixin.py:188} INFO - [2024-06-29T12:01:25.275+0000] {dag.py:3954} INFO - Setting next_dagrun for example_sla_dag to 2024-06-29 11:58:00+00:00, run_after=2024-06-29 12:00:00+00:00
[2024-06-29T12:01:25.283+0000] {processor.py:183} INFO - Processing /home/airflow/.local/lib/python3.12/site-packages/airflow/example_dags/example_sla_dag.py took 0.045 seconds
[2024-06-29T12:01:55.428+0000] {processor.py:161} INFO - Started process (PID=4151) to work on /home/airflow/.local/lib/python3.12/site-packages/airflow/example_dags/example_sla_dag.py
[2024-06-29T12:01:55.428+0000] {processor.py:830} INFO - Processing file /home/airflow/.local/lib/python3.12/site-packages/airflow/example_dags/example_sla_dag.py for tasks to queue
[2024-06-29T12:01:55.429+0000] {logging_mixin.py:188} INFO - [2024-06-29T12:01:55.429+0000] {dagbag.py:545} INFO - Filling up the DagBag from /home/airflow/.local/lib/python3.12/site-packages/airflow/example_dags/example_sla_dag.py
[2024-06-29T12:01:55.434+0000] {processor.py:840} INFO - DAG(s) 'example_sla_dag' retrieved from /home/airflow/.local/lib/python3.12/site-packages/airflow/example_dags/example_sla_dag.py
[2024-06-29T12:01:55.448+0000] {logging_mixin.py:188} INFO - [2024-06-29T12:01:55.448+0000] {dag.py:3096} INFO - Sync 1 DAGs
[2024-06-29T12:01:55.461+0000] {logging_mixin.py:188} INFO - [2024-06-29T12:01:55.461+0000] {dag.py:3954} INFO - Setting next_dagrun for example_sla_dag to 2024-06-29 11:58:00+00:00, run_after=2024-06-29 12:00:00+00:00
[2024-06-29T12:01:55.470+0000] {processor.py:183} INFO - Processing /home/airflow/.local/lib/python3.12/site-packages/airflow/example_dags/example_sla_dag.py took 0.046 seconds
[2024-06-29T12:02:25.773+0000] {processor.py:161} INFO - Started process (PID=4415) to work on /home/airflow/.local/lib/python3.12/site-packages/airflow/example_dags/example_sla_dag.py
[2024-06-29T12:02:25.774+0000] {processor.py:830} INFO - Processing file /home/airflow/.local/lib/python3.12/site-packages/airflow/example_dags/example_sla_dag.py for tasks to queue
[2024-06-29T12:02:25.775+0000] {logging_mixin.py:188} INFO - [2024-06-29T12:02:25.775+0000] {dagbag.py:545} INFO - Filling up the DagBag from /home/airflow/.local/lib/python3.12/site-packages/airflow/example_dags/example_sla_dag.py
[2024-06-29T12:02:25.780+0000] {processor.py:840} INFO - DAG(s) 'example_sla_dag' retrieved from /home/airflow/.local/lib/python3.12/site-packages/airflow/example_dags/example_sla_dag.py
[2024-06-29T12:02:25.794+0000] {logging_mixin.py:188} INFO - [2024-06-29T12:02:25.793+0000] {dag.py:3096} INFO - Sync 1 DAGs
[2024-06-29T12:02:25.805+0000] {logging_mixin.py:188} INFO - [2024-06-29T12:02:25.805+0000] {dag.py:3954} INFO - Setting next_dagrun for example_sla_dag to 2024-06-29 12:00:00+00:00, run_after=2024-06-29 12:02:00+00:00
[2024-06-29T12:02:25.814+0000] {processor.py:183} INFO - Processing /home/airflow/.local/lib/python3.12/site-packages/airflow/example_dags/example_sla_dag.py took 0.044 seconds
[2024-06-29T12:02:56.131+0000] {processor.py:161} INFO - Started process (PID=4675) to work on /home/airflow/.local/lib/python3.12/site-packages/airflow/example_dags/example_sla_dag.py
[2024-06-29T12:02:56.132+0000] {processor.py:830} INFO - Processing file /home/airflow/.local/lib/python3.12/site-packages/airflow/example_dags/example_sla_dag.py for tasks to queue
[2024-06-29T12:02:56.133+0000] {logging_mixin.py:188} INFO - [2024-06-29T12:02:56.133+0000] {dagbag.py:545} INFO - Filling up the DagBag from /home/airflow/.local/lib/python3.12/site-packages/airflow/example_dags/example_sla_dag.py
[2024-06-29T12:02:56.138+0000] {processor.py:840} INFO - DAG(s) 'example_sla_dag' retrieved from /home/airflow/.local/lib/python3.12/site-packages/airflow/example_dags/example_sla_dag.py
[2024-06-29T12:02:56.151+0000] {logging_mixin.py:188} INFO - [2024-06-29T12:02:56.151+0000] {dag.py:3096} INFO - Sync 1 DAGs
[2024-06-29T12:02:56.163+0000] {logging_mixin.py:188} INFO - [2024-06-29T12:02:56.163+0000] {dag.py:3954} INFO - Setting next_dagrun for example_sla_dag to 2024-06-29 12:00:00+00:00, run_after=2024-06-29 12:02:00+00:00
[2024-06-29T12:02:56.172+0000] {processor.py:183} INFO - Processing /home/airflow/.local/lib/python3.12/site-packages/airflow/example_dags/example_sla_dag.py took 0.044 seconds
[2024-06-29T12:03:26.329+0000] {processor.py:161} INFO - Started process (PID=4945) to work on /home/airflow/.local/lib/python3.12/site-packages/airflow/example_dags/example_sla_dag.py
[2024-06-29T12:03:26.330+0000] {processor.py:830} INFO - Processing file /home/airflow/.local/lib/python3.12/site-packages/airflow/example_dags/example_sla_dag.py for tasks to queue
[2024-06-29T12:03:26.331+0000] {logging_mixin.py:188} INFO - [2024-06-29T12:03:26.330+0000] {dagbag.py:545} INFO - Filling up the DagBag from /home/airflow/.local/lib/python3.12/site-packages/airflow/example_dags/example_sla_dag.py
[2024-06-29T12:03:26.335+0000] {processor.py:840} INFO - DAG(s) 'example_sla_dag' retrieved from /home/airflow/.local/lib/python3.12/site-packages/airflow/example_dags/example_sla_dag.py
[2024-06-29T12:03:26.349+0000] {logging_mixin.py:188} INFO - [2024-06-29T12:03:26.348+0000] {dag.py:3096} INFO - Sync 1 DAGs
[2024-06-29T12:03:26.361+0000] {logging_mixin.py:188} INFO - [2024-06-29T12:03:26.361+0000] {dag.py:3954} INFO - Setting next_dagrun for example_sla_dag to 2024-06-29 12:00:00+00:00, run_after=2024-06-29 12:02:00+00:00
[2024-06-29T12:03:26.370+0000] {processor.py:183} INFO - Processing /home/airflow/.local/lib/python3.12/site-packages/airflow/example_dags/example_sla_dag.py took 0.044 seconds
[2024-06-29T12:03:56.586+0000] {processor.py:161} INFO - Started process (PID=5207) to work on /home/airflow/.local/lib/python3.12/site-packages/airflow/example_dags/example_sla_dag.py
[2024-06-29T12:03:56.586+0000] {processor.py:830} INFO - Processing file /home/airflow/.local/lib/python3.12/site-packages/airflow/example_dags/example_sla_dag.py for tasks to queue
[2024-06-29T12:03:56.587+0000] {logging_mixin.py:188} INFO - [2024-06-29T12:03:56.587+0000] {dagbag.py:545} INFO - Filling up the DagBag from /home/airflow/.local/lib/python3.12/site-packages/airflow/example_dags/example_sla_dag.py
[2024-06-29T12:03:56.592+0000] {processor.py:840} INFO - DAG(s) 'example_sla_dag' retrieved from /home/airflow/.local/lib/python3.12/site-packages/airflow/example_dags/example_sla_dag.py
[2024-06-29T12:03:56.605+0000] {logging_mixin.py:188} INFO - [2024-06-29T12:03:56.605+0000] {dag.py:3096} INFO - Sync 1 DAGs
[2024-06-29T12:03:56.618+0000] {logging_mixin.py:188} INFO - [2024-06-29T12:03:56.618+0000] {dag.py:3954} INFO - Setting next_dagrun for example_sla_dag to 2024-06-29 12:00:00+00:00, run_after=2024-06-29 12:02:00+00:00
[2024-06-29T12:03:56.626+0000] {processor.py:183} INFO - Processing /home/airflow/.local/lib/python3.12/site-packages/airflow/example_dags/example_sla_dag.py took 0.044 seconds
[2024-06-29T12:04:26.875+0000] {processor.py:161} INFO - Started process (PID=5471) to work on /home/airflow/.local/lib/python3.12/site-packages/airflow/example_dags/example_sla_dag.py
[2024-06-29T12:04:26.875+0000] {processor.py:830} INFO - Processing file /home/airflow/.local/lib/python3.12/site-packages/airflow/example_dags/example_sla_dag.py for tasks to queue
[2024-06-29T12:04:26.877+0000] {logging_mixin.py:188} INFO - [2024-06-29T12:04:26.876+0000] {dagbag.py:545} INFO - Filling up the DagBag from /home/airflow/.local/lib/python3.12/site-packages/airflow/example_dags/example_sla_dag.py
[2024-06-29T12:04:26.881+0000] {processor.py:840} INFO - DAG(s) 'example_sla_dag' retrieved from /home/airflow/.local/lib/python3.12/site-packages/airflow/example_dags/example_sla_dag.py
[2024-06-29T12:04:26.894+0000] {logging_mixin.py:188} INFO - [2024-06-29T12:04:26.894+0000] {dag.py:3096} INFO - Sync 1 DAGs
[2024-06-29T12:04:26.904+0000] {logging_mixin.py:188} INFO - [2024-06-29T12:04:26.904+0000] {dag.py:3954} INFO - Setting next_dagrun for example_sla_dag to 2024-06-29 12:02:00+00:00, run_after=2024-06-29 12:04:00+00:00
[2024-06-29T12:04:26.912+0000] {processor.py:183} INFO - Processing /home/airflow/.local/lib/python3.12/site-packages/airflow/example_dags/example_sla_dag.py took 0.041 seconds
[2024-06-29T12:04:57.184+0000] {processor.py:161} INFO - Started process (PID=5733) to work on /home/airflow/.local/lib/python3.12/site-packages/airflow/example_dags/example_sla_dag.py
[2024-06-29T12:04:57.185+0000] {processor.py:830} INFO - Processing file /home/airflow/.local/lib/python3.12/site-packages/airflow/example_dags/example_sla_dag.py for tasks to queue
[2024-06-29T12:04:57.186+0000] {logging_mixin.py:188} INFO - [2024-06-29T12:04:57.186+0000] {dagbag.py:545} INFO - Filling up the DagBag from /home/airflow/.local/lib/python3.12/site-packages/airflow/example_dags/example_sla_dag.py
[2024-06-29T12:04:57.191+0000] {processor.py:840} INFO - DAG(s) 'example_sla_dag' retrieved from /home/airflow/.local/lib/python3.12/site-packages/airflow/example_dags/example_sla_dag.py
[2024-06-29T12:04:57.204+0000] {logging_mixin.py:188} INFO - [2024-06-29T12:04:57.204+0000] {dag.py:3096} INFO - Sync 1 DAGs
[2024-06-29T12:04:57.216+0000] {logging_mixin.py:188} INFO - [2024-06-29T12:04:57.216+0000] {dag.py:3954} INFO - Setting next_dagrun for example_sla_dag to 2024-06-29 12:02:00+00:00, run_after=2024-06-29 12:04:00+00:00
[2024-06-29T12:04:57.224+0000] {processor.py:183} INFO - Processing /home/airflow/.local/lib/python3.12/site-packages/airflow/example_dags/example_sla_dag.py took 0.043 seconds
[2024-06-29T12:05:27.322+0000] {processor.py:161} INFO - Started process (PID=5993) to work on /home/airflow/.local/lib/python3.12/site-packages/airflow/example_dags/example_sla_dag.py
[2024-06-29T12:05:27.323+0000] {processor.py:830} INFO - Processing file /home/airflow/.local/lib/python3.12/site-packages/airflow/example_dags/example_sla_dag.py for tasks to queue
[2024-06-29T12:05:27.325+0000] {logging_mixin.py:188} INFO - [2024-06-29T12:05:27.325+0000] {dagbag.py:545} INFO - Filling up the DagBag from /home/airflow/.local/lib/python3.12/site-packages/airflow/example_dags/example_sla_dag.py
[2024-06-29T12:05:27.332+0000] {processor.py:840} INFO - DAG(s) 'example_sla_dag' retrieved from /home/airflow/.local/lib/python3.12/site-packages/airflow/example_dags/example_sla_dag.py
[2024-06-29T12:05:27.345+0000] {logging_mixin.py:188} INFO - [2024-06-29T12:05:27.345+0000] {dag.py:3096} INFO - Sync 1 DAGs
[2024-06-29T12:05:27.357+0000] {logging_mixin.py:188} INFO - [2024-06-29T12:05:27.357+0000] {dag.py:3954} INFO - Setting next_dagrun for example_sla_dag to 2024-06-29 12:02:00+00:00, run_after=2024-06-29 12:04:00+00:00
[2024-06-29T12:05:27.365+0000] {processor.py:183} INFO - Processing /home/airflow/.local/lib/python3.12/site-packages/airflow/example_dags/example_sla_dag.py took 0.049 seconds
[2024-06-29T12:05:57.693+0000] {processor.py:161} INFO - Started process (PID=6255) to work on /home/airflow/.local/lib/python3.12/site-packages/airflow/example_dags/example_sla_dag.py
[2024-06-29T12:05:57.694+0000] {processor.py:830} INFO - Processing file /home/airflow/.local/lib/python3.12/site-packages/airflow/example_dags/example_sla_dag.py for tasks to queue
[2024-06-29T12:05:57.696+0000] {logging_mixin.py:188} INFO - [2024-06-29T12:05:57.696+0000] {dagbag.py:545} INFO - Filling up the DagBag from /home/airflow/.local/lib/python3.12/site-packages/airflow/example_dags/example_sla_dag.py
[2024-06-29T12:05:57.701+0000] {processor.py:840} INFO - DAG(s) 'example_sla_dag' retrieved from /home/airflow/.local/lib/python3.12/site-packages/airflow/example_dags/example_sla_dag.py
[2024-06-29T12:05:57.714+0000] {logging_mixin.py:188} INFO - [2024-06-29T12:05:57.714+0000] {dag.py:3096} INFO - Sync 1 DAGs
[2024-06-29T12:05:57.726+0000] {logging_mixin.py:188} INFO - [2024-06-29T12:05:57.726+0000] {dag.py:3954} INFO - Setting next_dagrun for example_sla_dag to 2024-06-29 12:02:00+00:00, run_after=2024-06-29 12:04:00+00:00
[2024-06-29T12:05:57.734+0000] {processor.py:183} INFO - Processing /home/airflow/.local/lib/python3.12/site-packages/airflow/example_dags/example_sla_dag.py took 0.048 seconds
[2024-06-29T12:06:27.951+0000] {processor.py:161} INFO - Started process (PID=6519) to work on /home/airflow/.local/lib/python3.12/site-packages/airflow/example_dags/example_sla_dag.py
[2024-06-29T12:06:27.952+0000] {processor.py:830} INFO - Processing file /home/airflow/.local/lib/python3.12/site-packages/airflow/example_dags/example_sla_dag.py for tasks to queue
[2024-06-29T12:06:27.953+0000] {logging_mixin.py:188} INFO - [2024-06-29T12:06:27.953+0000] {dagbag.py:545} INFO - Filling up the DagBag from /home/airflow/.local/lib/python3.12/site-packages/airflow/example_dags/example_sla_dag.py
[2024-06-29T12:06:27.958+0000] {processor.py:840} INFO - DAG(s) 'example_sla_dag' retrieved from /home/airflow/.local/lib/python3.12/site-packages/airflow/example_dags/example_sla_dag.py
[2024-06-29T12:06:27.971+0000] {logging_mixin.py:188} INFO - [2024-06-29T12:06:27.971+0000] {dag.py:3096} INFO - Sync 1 DAGs
[2024-06-29T12:06:27.983+0000] {logging_mixin.py:188} INFO - [2024-06-29T12:06:27.983+0000] {dag.py:3954} INFO - Setting next_dagrun for example_sla_dag to 2024-06-29 12:04:00+00:00, run_after=2024-06-29 12:06:00+00:00
[2024-06-29T12:06:27.991+0000] {processor.py:183} INFO - Processing /home/airflow/.local/lib/python3.12/site-packages/airflow/example_dags/example_sla_dag.py took 0.043 seconds
[2024-06-29T12:06:58.032+0000] {processor.py:161} INFO - Started process (PID=6780) to work on /home/airflow/.local/lib/python3.12/site-packages/airflow/example_dags/example_sla_dag.py
[2024-06-29T12:06:58.033+0000] {processor.py:830} INFO - Processing file /home/airflow/.local/lib/python3.12/site-packages/airflow/example_dags/example_sla_dag.py for tasks to queue
[2024-06-29T12:06:58.034+0000] {logging_mixin.py:188} INFO - [2024-06-29T12:06:58.034+0000] {dagbag.py:545} INFO - Filling up the DagBag from /home/airflow/.local/lib/python3.12/site-packages/airflow/example_dags/example_sla_dag.py
[2024-06-29T12:06:58.038+0000] {processor.py:840} INFO - DAG(s) 'example_sla_dag' retrieved from /home/airflow/.local/lib/python3.12/site-packages/airflow/example_dags/example_sla_dag.py
[2024-06-29T12:06:58.051+0000] {logging_mixin.py:188} INFO - [2024-06-29T12:06:58.051+0000] {dag.py:3096} INFO - Sync 1 DAGs
[2024-06-29T12:06:58.063+0000] {logging_mixin.py:188} INFO - [2024-06-29T12:06:58.063+0000] {dag.py:3954} INFO - Setting next_dagrun for example_sla_dag to 2024-06-29 12:04:00+00:00, run_after=2024-06-29 12:06:00+00:00
[2024-06-29T12:06:58.071+0000] {processor.py:183} INFO - Processing /home/airflow/.local/lib/python3.12/site-packages/airflow/example_dags/example_sla_dag.py took 0.042 seconds
[2024-06-29T12:07:28.271+0000] {processor.py:161} INFO - Started process (PID=7042) to work on /home/airflow/.local/lib/python3.12/site-packages/airflow/example_dags/example_sla_dag.py
[2024-06-29T12:07:28.272+0000] {processor.py:830} INFO - Processing file /home/airflow/.local/lib/python3.12/site-packages/airflow/example_dags/example_sla_dag.py for tasks to queue
[2024-06-29T12:07:28.273+0000] {logging_mixin.py:188} INFO - [2024-06-29T12:07:28.272+0000] {dagbag.py:545} INFO - Filling up the DagBag from /home/airflow/.local/lib/python3.12/site-packages/airflow/example_dags/example_sla_dag.py
[2024-06-29T12:07:28.277+0000] {processor.py:840} INFO - DAG(s) 'example_sla_dag' retrieved from /home/airflow/.local/lib/python3.12/site-packages/airflow/example_dags/example_sla_dag.py
[2024-06-29T12:07:28.291+0000] {logging_mixin.py:188} INFO - [2024-06-29T12:07:28.290+0000] {dag.py:3096} INFO - Sync 1 DAGs
[2024-06-29T12:07:28.302+0000] {logging_mixin.py:188} INFO - [2024-06-29T12:07:28.302+0000] {dag.py:3954} INFO - Setting next_dagrun for example_sla_dag to 2024-06-29 12:04:00+00:00, run_after=2024-06-29 12:06:00+00:00
[2024-06-29T12:07:28.311+0000] {processor.py:183} INFO - Processing /home/airflow/.local/lib/python3.12/site-packages/airflow/example_dags/example_sla_dag.py took 0.043 seconds
[2024-06-29T12:07:58.419+0000] {processor.py:161} INFO - Started process (PID=7299) to work on /home/airflow/.local/lib/python3.12/site-packages/airflow/example_dags/example_sla_dag.py
[2024-06-29T12:07:58.420+0000] {processor.py:830} INFO - Processing file /home/airflow/.local/lib/python3.12/site-packages/airflow/example_dags/example_sla_dag.py for tasks to queue
[2024-06-29T12:07:58.421+0000] {logging_mixin.py:188} INFO - [2024-06-29T12:07:58.421+0000] {dagbag.py:545} INFO - Filling up the DagBag from /home/airflow/.local/lib/python3.12/site-packages/airflow/example_dags/example_sla_dag.py
[2024-06-29T12:07:58.425+0000] {processor.py:840} INFO - DAG(s) 'example_sla_dag' retrieved from /home/airflow/.local/lib/python3.12/site-packages/airflow/example_dags/example_sla_dag.py
[2024-06-29T12:07:58.439+0000] {logging_mixin.py:188} INFO - [2024-06-29T12:07:58.438+0000] {dag.py:3096} INFO - Sync 1 DAGs
[2024-06-29T12:07:58.451+0000] {logging_mixin.py:188} INFO - [2024-06-29T12:07:58.451+0000] {dag.py:3954} INFO - Setting next_dagrun for example_sla_dag to 2024-06-29 12:04:00+00:00, run_after=2024-06-29 12:06:00+00:00
[2024-06-29T12:07:58.460+0000] {processor.py:183} INFO - Processing /home/airflow/.local/lib/python3.12/site-packages/airflow/example_dags/example_sla_dag.py took 0.044 seconds
[2024-06-29T12:08:28.582+0000] {processor.py:161} INFO - Started process (PID=7562) to work on /home/airflow/.local/lib/python3.12/site-packages/airflow/example_dags/example_sla_dag.py
[2024-06-29T12:08:28.582+0000] {processor.py:830} INFO - Processing file /home/airflow/.local/lib/python3.12/site-packages/airflow/example_dags/example_sla_dag.py for tasks to queue
[2024-06-29T12:08:28.584+0000] {logging_mixin.py:188} INFO - [2024-06-29T12:08:28.583+0000] {dagbag.py:545} INFO - Filling up the DagBag from /home/airflow/.local/lib/python3.12/site-packages/airflow/example_dags/example_sla_dag.py
[2024-06-29T12:08:28.588+0000] {processor.py:840} INFO - DAG(s) 'example_sla_dag' retrieved from /home/airflow/.local/lib/python3.12/site-packages/airflow/example_dags/example_sla_dag.py
[2024-06-29T12:08:28.603+0000] {logging_mixin.py:188} INFO - [2024-06-29T12:08:28.603+0000] {dag.py:3096} INFO - Sync 1 DAGs
[2024-06-29T12:08:28.616+0000] {logging_mixin.py:188} INFO - [2024-06-29T12:08:28.616+0000] {dag.py:3954} INFO - Setting next_dagrun for example_sla_dag to 2024-06-29 12:06:00+00:00, run_after=2024-06-29 12:08:00+00:00
[2024-06-29T12:08:28.625+0000] {processor.py:183} INFO - Processing /home/airflow/.local/lib/python3.12/site-packages/airflow/example_dags/example_sla_dag.py took 0.046 seconds
[2024-06-29T12:08:58.852+0000] {processor.py:161} INFO - Started process (PID=7825) to work on /home/airflow/.local/lib/python3.12/site-packages/airflow/example_dags/example_sla_dag.py
[2024-06-29T12:08:58.853+0000] {processor.py:830} INFO - Processing file /home/airflow/.local/lib/python3.12/site-packages/airflow/example_dags/example_sla_dag.py for tasks to queue
[2024-06-29T12:08:58.854+0000] {logging_mixin.py:188} INFO - [2024-06-29T12:08:58.854+0000] {dagbag.py:545} INFO - Filling up the DagBag from /home/airflow/.local/lib/python3.12/site-packages/airflow/example_dags/example_sla_dag.py
[2024-06-29T12:08:58.858+0000] {processor.py:840} INFO - DAG(s) 'example_sla_dag' retrieved from /home/airflow/.local/lib/python3.12/site-packages/airflow/example_dags/example_sla_dag.py
[2024-06-29T12:08:58.872+0000] {logging_mixin.py:188} INFO - [2024-06-29T12:08:58.871+0000] {dag.py:3096} INFO - Sync 1 DAGs
[2024-06-29T12:08:58.885+0000] {logging_mixin.py:188} INFO - [2024-06-29T12:08:58.884+0000] {dag.py:3954} INFO - Setting next_dagrun for example_sla_dag to 2024-06-29 12:06:00+00:00, run_after=2024-06-29 12:08:00+00:00
[2024-06-29T12:08:58.893+0000] {processor.py:183} INFO - Processing /home/airflow/.local/lib/python3.12/site-packages/airflow/example_dags/example_sla_dag.py took 0.044 seconds
[2024-06-29T12:09:29.207+0000] {processor.py:161} INFO - Started process (PID=8087) to work on /home/airflow/.local/lib/python3.12/site-packages/airflow/example_dags/example_sla_dag.py
[2024-06-29T12:09:29.208+0000] {processor.py:830} INFO - Processing file /home/airflow/.local/lib/python3.12/site-packages/airflow/example_dags/example_sla_dag.py for tasks to queue
[2024-06-29T12:09:29.209+0000] {logging_mixin.py:188} INFO - [2024-06-29T12:09:29.208+0000] {dagbag.py:545} INFO - Filling up the DagBag from /home/airflow/.local/lib/python3.12/site-packages/airflow/example_dags/example_sla_dag.py
[2024-06-29T12:09:29.213+0000] {processor.py:840} INFO - DAG(s) 'example_sla_dag' retrieved from /home/airflow/.local/lib/python3.12/site-packages/airflow/example_dags/example_sla_dag.py
[2024-06-29T12:09:29.227+0000] {logging_mixin.py:188} INFO - [2024-06-29T12:09:29.226+0000] {dag.py:3096} INFO - Sync 1 DAGs
[2024-06-29T12:09:29.239+0000] {logging_mixin.py:188} INFO - [2024-06-29T12:09:29.239+0000] {dag.py:3954} INFO - Setting next_dagrun for example_sla_dag to 2024-06-29 12:06:00+00:00, run_after=2024-06-29 12:08:00+00:00
[2024-06-29T12:09:29.248+0000] {processor.py:183} INFO - Processing /home/airflow/.local/lib/python3.12/site-packages/airflow/example_dags/example_sla_dag.py took 0.044 seconds
[2024-06-29T12:09:59.647+0000] {processor.py:161} INFO - Started process (PID=8354) to work on /home/airflow/.local/lib/python3.12/site-packages/airflow/example_dags/example_sla_dag.py
[2024-06-29T12:09:59.648+0000] {processor.py:830} INFO - Processing file /home/airflow/.local/lib/python3.12/site-packages/airflow/example_dags/example_sla_dag.py for tasks to queue
[2024-06-29T12:09:59.649+0000] {logging_mixin.py:188} INFO - [2024-06-29T12:09:59.648+0000] {dagbag.py:545} INFO - Filling up the DagBag from /home/airflow/.local/lib/python3.12/site-packages/airflow/example_dags/example_sla_dag.py
[2024-06-29T12:09:59.653+0000] {processor.py:840} INFO - DAG(s) 'example_sla_dag' retrieved from /home/airflow/.local/lib/python3.12/site-packages/airflow/example_dags/example_sla_dag.py
[2024-06-29T12:09:59.668+0000] {logging_mixin.py:188} INFO - [2024-06-29T12:09:59.667+0000] {dag.py:3096} INFO - Sync 1 DAGs
[2024-06-29T12:09:59.680+0000] {logging_mixin.py:188} INFO - [2024-06-29T12:09:59.680+0000] {dag.py:3954} INFO - Setting next_dagrun for example_sla_dag to 2024-06-29 12:06:00+00:00, run_after=2024-06-29 12:08:00+00:00
[2024-06-29T12:09:59.689+0000] {processor.py:183} INFO - Processing /home/airflow/.local/lib/python3.12/site-packages/airflow/example_dags/example_sla_dag.py took 0.046 seconds
[2024-06-29T12:10:30.339+0000] {processor.py:161} INFO - Started process (PID=8618) to work on /home/airflow/.local/lib/python3.12/site-packages/airflow/example_dags/example_sla_dag.py
[2024-06-29T12:10:30.340+0000] {processor.py:830} INFO - Processing file /home/airflow/.local/lib/python3.12/site-packages/airflow/example_dags/example_sla_dag.py for tasks to queue
[2024-06-29T12:10:30.341+0000] {logging_mixin.py:188} INFO - [2024-06-29T12:10:30.341+0000] {dagbag.py:545} INFO - Filling up the DagBag from /home/airflow/.local/lib/python3.12/site-packages/airflow/example_dags/example_sla_dag.py
[2024-06-29T12:10:30.346+0000] {processor.py:840} INFO - DAG(s) 'example_sla_dag' retrieved from /home/airflow/.local/lib/python3.12/site-packages/airflow/example_dags/example_sla_dag.py
[2024-06-29T12:10:30.359+0000] {logging_mixin.py:188} INFO - [2024-06-29T12:10:30.359+0000] {dag.py:3096} INFO - Sync 1 DAGs
[2024-06-29T12:10:30.370+0000] {logging_mixin.py:188} INFO - [2024-06-29T12:10:30.370+0000] {dag.py:3954} INFO - Setting next_dagrun for example_sla_dag to 2024-06-29 12:08:00+00:00, run_after=2024-06-29 12:10:00+00:00
[2024-06-29T12:10:30.379+0000] {processor.py:183} INFO - Processing /home/airflow/.local/lib/python3.12/site-packages/airflow/example_dags/example_sla_dag.py took 0.043 seconds
[2024-06-29T12:11:01.065+0000] {processor.py:161} INFO - Started process (PID=8880) to work on /home/airflow/.local/lib/python3.12/site-packages/airflow/example_dags/example_sla_dag.py
[2024-06-29T12:11:01.066+0000] {processor.py:830} INFO - Processing file /home/airflow/.local/lib/python3.12/site-packages/airflow/example_dags/example_sla_dag.py for tasks to queue
[2024-06-29T12:11:01.067+0000] {logging_mixin.py:188} INFO - [2024-06-29T12:11:01.067+0000] {dagbag.py:545} INFO - Filling up the DagBag from /home/airflow/.local/lib/python3.12/site-packages/airflow/example_dags/example_sla_dag.py
[2024-06-29T12:11:01.072+0000] {processor.py:840} INFO - DAG(s) 'example_sla_dag' retrieved from /home/airflow/.local/lib/python3.12/site-packages/airflow/example_dags/example_sla_dag.py
[2024-06-29T12:11:01.085+0000] {logging_mixin.py:188} INFO - [2024-06-29T12:11:01.085+0000] {dag.py:3096} INFO - Sync 1 DAGs
[2024-06-29T12:11:01.097+0000] {logging_mixin.py:188} INFO - [2024-06-29T12:11:01.097+0000] {dag.py:3954} INFO - Setting next_dagrun for example_sla_dag to 2024-06-29 12:08:00+00:00, run_after=2024-06-29 12:10:00+00:00
[2024-06-29T12:11:01.105+0000] {processor.py:183} INFO - Processing /home/airflow/.local/lib/python3.12/site-packages/airflow/example_dags/example_sla_dag.py took 0.043 seconds
[2024-06-29T12:11:31.626+0000] {processor.py:161} INFO - Started process (PID=9140) to work on /home/airflow/.local/lib/python3.12/site-packages/airflow/example_dags/example_sla_dag.py
[2024-06-29T12:11:31.627+0000] {processor.py:830} INFO - Processing file /home/airflow/.local/lib/python3.12/site-packages/airflow/example_dags/example_sla_dag.py for tasks to queue
[2024-06-29T12:11:31.628+0000] {logging_mixin.py:188} INFO - [2024-06-29T12:11:31.628+0000] {dagbag.py:545} INFO - Filling up the DagBag from /home/airflow/.local/lib/python3.12/site-packages/airflow/example_dags/example_sla_dag.py
[2024-06-29T12:11:31.632+0000] {processor.py:840} INFO - DAG(s) 'example_sla_dag' retrieved from /home/airflow/.local/lib/python3.12/site-packages/airflow/example_dags/example_sla_dag.py
[2024-06-29T12:11:31.646+0000] {logging_mixin.py:188} INFO - [2024-06-29T12:11:31.646+0000] {dag.py:3096} INFO - Sync 1 DAGs
[2024-06-29T12:11:31.658+0000] {logging_mixin.py:188} INFO - [2024-06-29T12:11:31.658+0000] {dag.py:3954} INFO - Setting next_dagrun for example_sla_dag to 2024-06-29 12:08:00+00:00, run_after=2024-06-29 12:10:00+00:00
[2024-06-29T12:11:31.666+0000] {processor.py:183} INFO - Processing /home/airflow/.local/lib/python3.12/site-packages/airflow/example_dags/example_sla_dag.py took 0.043 seconds
[2024-06-29T12:12:02.228+0000] {processor.py:161} INFO - Started process (PID=9402) to work on /home/airflow/.local/lib/python3.12/site-packages/airflow/example_dags/example_sla_dag.py
[2024-06-29T12:12:02.229+0000] {processor.py:830} INFO - Processing file /home/airflow/.local/lib/python3.12/site-packages/airflow/example_dags/example_sla_dag.py for tasks to queue
[2024-06-29T12:12:02.230+0000] {logging_mixin.py:188} INFO - [2024-06-29T12:12:02.229+0000] {dagbag.py:545} INFO - Filling up the DagBag from /home/airflow/.local/lib/python3.12/site-packages/airflow/example_dags/example_sla_dag.py
[2024-06-29T12:12:02.234+0000] {processor.py:840} INFO - DAG(s) 'example_sla_dag' retrieved from /home/airflow/.local/lib/python3.12/site-packages/airflow/example_dags/example_sla_dag.py
[2024-06-29T12:12:02.247+0000] {logging_mixin.py:188} INFO - [2024-06-29T12:12:02.247+0000] {dag.py:3096} INFO - Sync 1 DAGs
[2024-06-29T12:12:02.258+0000] {logging_mixin.py:188} INFO - [2024-06-29T12:12:02.258+0000] {dag.py:3954} INFO - Setting next_dagrun for example_sla_dag to 2024-06-29 12:10:00+00:00, run_after=2024-06-29 12:12:00+00:00
[2024-06-29T12:12:02.266+0000] {processor.py:183} INFO - Processing /home/airflow/.local/lib/python3.12/site-packages/airflow/example_dags/example_sla_dag.py took 0.041 seconds
[2024-06-29T12:12:32.298+0000] {processor.py:161} INFO - Started process (PID=9665) to work on /home/airflow/.local/lib/python3.12/site-packages/airflow/example_dags/example_sla_dag.py
[2024-06-29T12:12:32.298+0000] {processor.py:830} INFO - Processing file /home/airflow/.local/lib/python3.12/site-packages/airflow/example_dags/example_sla_dag.py for tasks to queue
[2024-06-29T12:12:32.299+0000] {logging_mixin.py:188} INFO - [2024-06-29T12:12:32.299+0000] {dagbag.py:545} INFO - Filling up the DagBag from /home/airflow/.local/lib/python3.12/site-packages/airflow/example_dags/example_sla_dag.py
[2024-06-29T12:12:32.304+0000] {processor.py:840} INFO - DAG(s) 'example_sla_dag' retrieved from /home/airflow/.local/lib/python3.12/site-packages/airflow/example_dags/example_sla_dag.py
[2024-06-29T12:12:32.316+0000] {logging_mixin.py:188} INFO - [2024-06-29T12:12:32.316+0000] {dag.py:3096} INFO - Sync 1 DAGs
[2024-06-29T12:12:32.327+0000] {logging_mixin.py:188} INFO - [2024-06-29T12:12:32.327+0000] {dag.py:3954} INFO - Setting next_dagrun for example_sla_dag to 2024-06-29 12:10:00+00:00, run_after=2024-06-29 12:12:00+00:00
[2024-06-29T12:12:32.335+0000] {processor.py:183} INFO - Processing /home/airflow/.local/lib/python3.12/site-packages/airflow/example_dags/example_sla_dag.py took 0.041 seconds
[2024-06-29T12:13:02.510+0000] {processor.py:161} INFO - Started process (PID=9927) to work on /home/airflow/.local/lib/python3.12/site-packages/airflow/example_dags/example_sla_dag.py
[2024-06-29T12:13:02.511+0000] {processor.py:830} INFO - Processing file /home/airflow/.local/lib/python3.12/site-packages/airflow/example_dags/example_sla_dag.py for tasks to queue
[2024-06-29T12:13:02.512+0000] {logging_mixin.py:188} INFO - [2024-06-29T12:13:02.512+0000] {dagbag.py:545} INFO - Filling up the DagBag from /home/airflow/.local/lib/python3.12/site-packages/airflow/example_dags/example_sla_dag.py
[2024-06-29T12:13:02.517+0000] {processor.py:840} INFO - DAG(s) 'example_sla_dag' retrieved from /home/airflow/.local/lib/python3.12/site-packages/airflow/example_dags/example_sla_dag.py
[2024-06-29T12:13:02.530+0000] {logging_mixin.py:188} INFO - [2024-06-29T12:13:02.530+0000] {dag.py:3096} INFO - Sync 1 DAGs
[2024-06-29T12:13:02.543+0000] {logging_mixin.py:188} INFO - [2024-06-29T12:13:02.543+0000] {dag.py:3954} INFO - Setting next_dagrun for example_sla_dag to 2024-06-29 12:10:00+00:00, run_after=2024-06-29 12:12:00+00:00
[2024-06-29T12:13:02.551+0000] {processor.py:183} INFO - Processing /home/airflow/.local/lib/python3.12/site-packages/airflow/example_dags/example_sla_dag.py took 0.045 seconds
[2024-06-29T12:13:32.760+0000] {processor.py:161} INFO - Started process (PID=10188) to work on /home/airflow/.local/lib/python3.12/site-packages/airflow/example_dags/example_sla_dag.py
[2024-06-29T12:13:32.761+0000] {processor.py:830} INFO - Processing file /home/airflow/.local/lib/python3.12/site-packages/airflow/example_dags/example_sla_dag.py for tasks to queue
[2024-06-29T12:13:32.762+0000] {logging_mixin.py:188} INFO - [2024-06-29T12:13:32.762+0000] {dagbag.py:545} INFO - Filling up the DagBag from /home/airflow/.local/lib/python3.12/site-packages/airflow/example_dags/example_sla_dag.py
[2024-06-29T12:13:32.767+0000] {processor.py:840} INFO - DAG(s) 'example_sla_dag' retrieved from /home/airflow/.local/lib/python3.12/site-packages/airflow/example_dags/example_sla_dag.py
[2024-06-29T12:13:32.780+0000] {logging_mixin.py:188} INFO - [2024-06-29T12:13:32.780+0000] {dag.py:3096} INFO - Sync 1 DAGs
[2024-06-29T12:13:32.793+0000] {logging_mixin.py:188} INFO - [2024-06-29T12:13:32.792+0000] {dag.py:3954} INFO - Setting next_dagrun for example_sla_dag to 2024-06-29 12:10:00+00:00, run_after=2024-06-29 12:12:00+00:00
[2024-06-29T12:13:32.801+0000] {processor.py:183} INFO - Processing /home/airflow/.local/lib/python3.12/site-packages/airflow/example_dags/example_sla_dag.py took 0.044 seconds
[2024-06-29T12:14:02.910+0000] {processor.py:161} INFO - Started process (PID=10450) to work on /home/airflow/.local/lib/python3.12/site-packages/airflow/example_dags/example_sla_dag.py
[2024-06-29T12:14:02.910+0000] {processor.py:830} INFO - Processing file /home/airflow/.local/lib/python3.12/site-packages/airflow/example_dags/example_sla_dag.py for tasks to queue
[2024-06-29T12:14:02.912+0000] {logging_mixin.py:188} INFO - [2024-06-29T12:14:02.911+0000] {dagbag.py:545} INFO - Filling up the DagBag from /home/airflow/.local/lib/python3.12/site-packages/airflow/example_dags/example_sla_dag.py
[2024-06-29T12:14:02.916+0000] {processor.py:840} INFO - DAG(s) 'example_sla_dag' retrieved from /home/airflow/.local/lib/python3.12/site-packages/airflow/example_dags/example_sla_dag.py
[2024-06-29T12:14:02.930+0000] {logging_mixin.py:188} INFO - [2024-06-29T12:14:02.929+0000] {dag.py:3096} INFO - Sync 1 DAGs
[2024-06-29T12:14:02.942+0000] {logging_mixin.py:188} INFO - [2024-06-29T12:14:02.942+0000] {dag.py:3954} INFO - Setting next_dagrun for example_sla_dag to 2024-06-29 12:12:00+00:00, run_after=2024-06-29 12:14:00+00:00
[2024-06-29T12:14:02.951+0000] {processor.py:183} INFO - Processing /home/airflow/.local/lib/python3.12/site-packages/airflow/example_dags/example_sla_dag.py took 0.045 seconds
[2024-06-29T12:14:33.050+0000] {processor.py:161} INFO - Started process (PID=10712) to work on /home/airflow/.local/lib/python3.12/site-packages/airflow/example_dags/example_sla_dag.py
[2024-06-29T12:14:33.051+0000] {processor.py:830} INFO - Processing file /home/airflow/.local/lib/python3.12/site-packages/airflow/example_dags/example_sla_dag.py for tasks to queue
[2024-06-29T12:14:33.052+0000] {logging_mixin.py:188} INFO - [2024-06-29T12:14:33.052+0000] {dagbag.py:545} INFO - Filling up the DagBag from /home/airflow/.local/lib/python3.12/site-packages/airflow/example_dags/example_sla_dag.py
[2024-06-29T12:14:33.057+0000] {processor.py:840} INFO - DAG(s) 'example_sla_dag' retrieved from /home/airflow/.local/lib/python3.12/site-packages/airflow/example_dags/example_sla_dag.py
[2024-06-29T12:14:33.070+0000] {logging_mixin.py:188} INFO - [2024-06-29T12:14:33.070+0000] {dag.py:3096} INFO - Sync 1 DAGs
[2024-06-29T12:14:33.082+0000] {logging_mixin.py:188} INFO - [2024-06-29T12:14:33.082+0000] {dag.py:3954} INFO - Setting next_dagrun for example_sla_dag to 2024-06-29 12:12:00+00:00, run_after=2024-06-29 12:14:00+00:00
[2024-06-29T12:14:33.092+0000] {processor.py:183} INFO - Processing /home/airflow/.local/lib/python3.12/site-packages/airflow/example_dags/example_sla_dag.py took 0.045 seconds
[2024-06-29T12:15:03.976+0000] {processor.py:161} INFO - Started process (PID=10968) to work on /home/airflow/.local/lib/python3.12/site-packages/airflow/example_dags/example_sla_dag.py
[2024-06-29T12:15:03.977+0000] {processor.py:830} INFO - Processing file /home/airflow/.local/lib/python3.12/site-packages/airflow/example_dags/example_sla_dag.py for tasks to queue
[2024-06-29T12:15:03.978+0000] {logging_mixin.py:188} INFO - [2024-06-29T12:15:03.978+0000] {dagbag.py:545} INFO - Filling up the DagBag from /home/airflow/.local/lib/python3.12/site-packages/airflow/example_dags/example_sla_dag.py
[2024-06-29T12:15:03.983+0000] {processor.py:840} INFO - DAG(s) 'example_sla_dag' retrieved from /home/airflow/.local/lib/python3.12/site-packages/airflow/example_dags/example_sla_dag.py
[2024-06-29T12:15:03.996+0000] {logging_mixin.py:188} INFO - [2024-06-29T12:15:03.996+0000] {dag.py:3096} INFO - Sync 1 DAGs
[2024-06-29T12:15:04.009+0000] {logging_mixin.py:188} INFO - [2024-06-29T12:15:04.009+0000] {dag.py:3954} INFO - Setting next_dagrun for example_sla_dag to 2024-06-29 12:12:00+00:00, run_after=2024-06-29 12:14:00+00:00
[2024-06-29T12:15:04.018+0000] {processor.py:183} INFO - Processing /home/airflow/.local/lib/python3.12/site-packages/airflow/example_dags/example_sla_dag.py took 0.046 seconds
[2024-06-29T12:15:34.210+0000] {processor.py:161} INFO - Started process (PID=11230) to work on /home/airflow/.local/lib/python3.12/site-packages/airflow/example_dags/example_sla_dag.py
[2024-06-29T12:15:34.210+0000] {processor.py:830} INFO - Processing file /home/airflow/.local/lib/python3.12/site-packages/airflow/example_dags/example_sla_dag.py for tasks to queue
[2024-06-29T12:15:34.212+0000] {logging_mixin.py:188} INFO - [2024-06-29T12:15:34.211+0000] {dagbag.py:545} INFO - Filling up the DagBag from /home/airflow/.local/lib/python3.12/site-packages/airflow/example_dags/example_sla_dag.py
[2024-06-29T12:15:34.217+0000] {processor.py:840} INFO - DAG(s) 'example_sla_dag' retrieved from /home/airflow/.local/lib/python3.12/site-packages/airflow/example_dags/example_sla_dag.py
[2024-06-29T12:15:34.230+0000] {logging_mixin.py:188} INFO - [2024-06-29T12:15:34.230+0000] {dag.py:3096} INFO - Sync 1 DAGs
[2024-06-29T12:15:34.243+0000] {logging_mixin.py:188} INFO - [2024-06-29T12:15:34.243+0000] {dag.py:3954} INFO - Setting next_dagrun for example_sla_dag to 2024-06-29 12:12:00+00:00, run_after=2024-06-29 12:14:00+00:00
[2024-06-29T12:15:34.251+0000] {processor.py:183} INFO - Processing /home/airflow/.local/lib/python3.12/site-packages/airflow/example_dags/example_sla_dag.py took 0.045 seconds
[2024-06-29T12:16:04.419+0000] {processor.py:161} INFO - Started process (PID=11493) to work on /home/airflow/.local/lib/python3.12/site-packages/airflow/example_dags/example_sla_dag.py
[2024-06-29T12:16:04.420+0000] {processor.py:830} INFO - Processing file /home/airflow/.local/lib/python3.12/site-packages/airflow/example_dags/example_sla_dag.py for tasks to queue
[2024-06-29T12:16:04.422+0000] {logging_mixin.py:188} INFO - [2024-06-29T12:16:04.421+0000] {dagbag.py:545} INFO - Filling up the DagBag from /home/airflow/.local/lib/python3.12/site-packages/airflow/example_dags/example_sla_dag.py
[2024-06-29T12:16:04.427+0000] {processor.py:840} INFO - DAG(s) 'example_sla_dag' retrieved from /home/airflow/.local/lib/python3.12/site-packages/airflow/example_dags/example_sla_dag.py
[2024-06-29T12:16:04.442+0000] {logging_mixin.py:188} INFO - [2024-06-29T12:16:04.441+0000] {dag.py:3096} INFO - Sync 1 DAGs
[2024-06-29T12:16:04.457+0000] {logging_mixin.py:188} INFO - [2024-06-29T12:16:04.457+0000] {dag.py:3954} INFO - Setting next_dagrun for example_sla_dag to 2024-06-29 12:14:00+00:00, run_after=2024-06-29 12:16:00+00:00
[2024-06-29T12:16:04.467+0000] {processor.py:183} INFO - Processing /home/airflow/.local/lib/python3.12/site-packages/airflow/example_dags/example_sla_dag.py took 0.051 seconds
[2024-06-29T12:16:34.583+0000] {processor.py:161} INFO - Started process (PID=11755) to work on /home/airflow/.local/lib/python3.12/site-packages/airflow/example_dags/example_sla_dag.py
[2024-06-29T12:16:34.584+0000] {processor.py:830} INFO - Processing file /home/airflow/.local/lib/python3.12/site-packages/airflow/example_dags/example_sla_dag.py for tasks to queue
[2024-06-29T12:16:34.585+0000] {logging_mixin.py:188} INFO - [2024-06-29T12:16:34.584+0000] {dagbag.py:545} INFO - Filling up the DagBag from /home/airflow/.local/lib/python3.12/site-packages/airflow/example_dags/example_sla_dag.py
[2024-06-29T12:16:34.590+0000] {processor.py:840} INFO - DAG(s) 'example_sla_dag' retrieved from /home/airflow/.local/lib/python3.12/site-packages/airflow/example_dags/example_sla_dag.py
[2024-06-29T12:16:34.604+0000] {logging_mixin.py:188} INFO - [2024-06-29T12:16:34.604+0000] {dag.py:3096} INFO - Sync 1 DAGs
[2024-06-29T12:16:34.617+0000] {logging_mixin.py:188} INFO - [2024-06-29T12:16:34.617+0000] {dag.py:3954} INFO - Setting next_dagrun for example_sla_dag to 2024-06-29 12:14:00+00:00, run_after=2024-06-29 12:16:00+00:00
[2024-06-29T12:16:34.626+0000] {processor.py:183} INFO - Processing /home/airflow/.local/lib/python3.12/site-packages/airflow/example_dags/example_sla_dag.py took 0.047 seconds
[2024-06-29T12:17:04.807+0000] {processor.py:161} INFO - Started process (PID=12017) to work on /home/airflow/.local/lib/python3.12/site-packages/airflow/example_dags/example_sla_dag.py
[2024-06-29T12:17:04.808+0000] {processor.py:830} INFO - Processing file /home/airflow/.local/lib/python3.12/site-packages/airflow/example_dags/example_sla_dag.py for tasks to queue
[2024-06-29T12:17:04.809+0000] {logging_mixin.py:188} INFO - [2024-06-29T12:17:04.808+0000] {dagbag.py:545} INFO - Filling up the DagBag from /home/airflow/.local/lib/python3.12/site-packages/airflow/example_dags/example_sla_dag.py
[2024-06-29T12:17:04.814+0000] {processor.py:840} INFO - DAG(s) 'example_sla_dag' retrieved from /home/airflow/.local/lib/python3.12/site-packages/airflow/example_dags/example_sla_dag.py
[2024-06-29T12:17:04.828+0000] {logging_mixin.py:188} INFO - [2024-06-29T12:17:04.827+0000] {dag.py:3096} INFO - Sync 1 DAGs
[2024-06-29T12:17:04.840+0000] {logging_mixin.py:188} INFO - [2024-06-29T12:17:04.840+0000] {dag.py:3954} INFO - Setting next_dagrun for example_sla_dag to 2024-06-29 12:14:00+00:00, run_after=2024-06-29 12:16:00+00:00
[2024-06-29T12:17:04.851+0000] {processor.py:183} INFO - Processing /home/airflow/.local/lib/python3.12/site-packages/airflow/example_dags/example_sla_dag.py took 0.048 seconds
[2024-06-29T12:17:34.955+0000] {processor.py:161} INFO - Started process (PID=12279) to work on /home/airflow/.local/lib/python3.12/site-packages/airflow/example_dags/example_sla_dag.py
[2024-06-29T12:17:34.956+0000] {processor.py:830} INFO - Processing file /home/airflow/.local/lib/python3.12/site-packages/airflow/example_dags/example_sla_dag.py for tasks to queue
[2024-06-29T12:17:34.957+0000] {logging_mixin.py:188} INFO - [2024-06-29T12:17:34.957+0000] {dagbag.py:545} INFO - Filling up the DagBag from /home/airflow/.local/lib/python3.12/site-packages/airflow/example_dags/example_sla_dag.py
[2024-06-29T12:17:34.962+0000] {processor.py:840} INFO - DAG(s) 'example_sla_dag' retrieved from /home/airflow/.local/lib/python3.12/site-packages/airflow/example_dags/example_sla_dag.py
[2024-06-29T12:17:34.977+0000] {logging_mixin.py:188} INFO - [2024-06-29T12:17:34.977+0000] {dag.py:3096} INFO - Sync 1 DAGs
[2024-06-29T12:17:34.992+0000] {logging_mixin.py:188} INFO - [2024-06-29T12:17:34.992+0000] {dag.py:3954} INFO - Setting next_dagrun for example_sla_dag to 2024-06-29 12:14:00+00:00, run_after=2024-06-29 12:16:00+00:00
[2024-06-29T12:17:35.003+0000] {processor.py:183} INFO - Processing /home/airflow/.local/lib/python3.12/site-packages/airflow/example_dags/example_sla_dag.py took 0.052 seconds
[2024-06-29T12:18:05.140+0000] {processor.py:161} INFO - Started process (PID=12541) to work on /home/airflow/.local/lib/python3.12/site-packages/airflow/example_dags/example_sla_dag.py
[2024-06-29T12:18:05.141+0000] {processor.py:830} INFO - Processing file /home/airflow/.local/lib/python3.12/site-packages/airflow/example_dags/example_sla_dag.py for tasks to queue
[2024-06-29T12:18:05.142+0000] {logging_mixin.py:188} INFO - [2024-06-29T12:18:05.142+0000] {dagbag.py:545} INFO - Filling up the DagBag from /home/airflow/.local/lib/python3.12/site-packages/airflow/example_dags/example_sla_dag.py
[2024-06-29T12:18:05.147+0000] {processor.py:840} INFO - DAG(s) 'example_sla_dag' retrieved from /home/airflow/.local/lib/python3.12/site-packages/airflow/example_dags/example_sla_dag.py
[2024-06-29T12:18:05.160+0000] {logging_mixin.py:188} INFO - [2024-06-29T12:18:05.160+0000] {dag.py:3096} INFO - Sync 1 DAGs
[2024-06-29T12:18:05.173+0000] {logging_mixin.py:188} INFO - [2024-06-29T12:18:05.173+0000] {dag.py:3954} INFO - Setting next_dagrun for example_sla_dag to 2024-06-29 12:16:00+00:00, run_after=2024-06-29 12:18:00+00:00
[2024-06-29T12:18:05.182+0000] {processor.py:183} INFO - Processing /home/airflow/.local/lib/python3.12/site-packages/airflow/example_dags/example_sla_dag.py took 0.045 seconds
[2024-06-29T12:18:35.416+0000] {processor.py:161} INFO - Started process (PID=12802) to work on /home/airflow/.local/lib/python3.12/site-packages/airflow/example_dags/example_sla_dag.py
[2024-06-29T12:18:35.417+0000] {processor.py:830} INFO - Processing file /home/airflow/.local/lib/python3.12/site-packages/airflow/example_dags/example_sla_dag.py for tasks to queue
[2024-06-29T12:18:35.418+0000] {logging_mixin.py:188} INFO - [2024-06-29T12:18:35.418+0000] {dagbag.py:545} INFO - Filling up the DagBag from /home/airflow/.local/lib/python3.12/site-packages/airflow/example_dags/example_sla_dag.py
[2024-06-29T12:18:35.423+0000] {processor.py:840} INFO - DAG(s) 'example_sla_dag' retrieved from /home/airflow/.local/lib/python3.12/site-packages/airflow/example_dags/example_sla_dag.py
[2024-06-29T12:18:35.437+0000] {logging_mixin.py:188} INFO - [2024-06-29T12:18:35.437+0000] {dag.py:3096} INFO - Sync 1 DAGs
[2024-06-29T12:18:35.449+0000] {logging_mixin.py:188} INFO - [2024-06-29T12:18:35.449+0000] {dag.py:3954} INFO - Setting next_dagrun for example_sla_dag to 2024-06-29 12:16:00+00:00, run_after=2024-06-29 12:18:00+00:00
[2024-06-29T12:18:35.459+0000] {processor.py:183} INFO - Processing /home/airflow/.local/lib/python3.12/site-packages/airflow/example_dags/example_sla_dag.py took 0.046 seconds
[2024-06-29T12:19:05.620+0000] {processor.py:161} INFO - Started process (PID=13065) to work on /home/airflow/.local/lib/python3.12/site-packages/airflow/example_dags/example_sla_dag.py
[2024-06-29T12:19:05.621+0000] {processor.py:830} INFO - Processing file /home/airflow/.local/lib/python3.12/site-packages/airflow/example_dags/example_sla_dag.py for tasks to queue
[2024-06-29T12:19:05.622+0000] {logging_mixin.py:188} INFO - [2024-06-29T12:19:05.622+0000] {dagbag.py:545} INFO - Filling up the DagBag from /home/airflow/.local/lib/python3.12/site-packages/airflow/example_dags/example_sla_dag.py
[2024-06-29T12:19:05.627+0000] {processor.py:840} INFO - DAG(s) 'example_sla_dag' retrieved from /home/airflow/.local/lib/python3.12/site-packages/airflow/example_dags/example_sla_dag.py
[2024-06-29T12:19:05.640+0000] {logging_mixin.py:188} INFO - [2024-06-29T12:19:05.640+0000] {dag.py:3096} INFO - Sync 1 DAGs
[2024-06-29T12:19:05.653+0000] {logging_mixin.py:188} INFO - [2024-06-29T12:19:05.653+0000] {dag.py:3954} INFO - Setting next_dagrun for example_sla_dag to 2024-06-29 12:16:00+00:00, run_after=2024-06-29 12:18:00+00:00
[2024-06-29T12:19:05.661+0000] {processor.py:183} INFO - Processing /home/airflow/.local/lib/python3.12/site-packages/airflow/example_dags/example_sla_dag.py took 0.045 seconds
[2024-06-29T12:19:36.628+0000] {processor.py:161} INFO - Started process (PID=13327) to work on /home/airflow/.local/lib/python3.12/site-packages/airflow/example_dags/example_sla_dag.py
[2024-06-29T12:19:36.629+0000] {processor.py:830} INFO - Processing file /home/airflow/.local/lib/python3.12/site-packages/airflow/example_dags/example_sla_dag.py for tasks to queue
[2024-06-29T12:19:36.630+0000] {logging_mixin.py:188} INFO - [2024-06-29T12:19:36.630+0000] {dagbag.py:545} INFO - Filling up the DagBag from /home/airflow/.local/lib/python3.12/site-packages/airflow/example_dags/example_sla_dag.py
[2024-06-29T12:19:36.635+0000] {processor.py:840} INFO - DAG(s) 'example_sla_dag' retrieved from /home/airflow/.local/lib/python3.12/site-packages/airflow/example_dags/example_sla_dag.py
[2024-06-29T12:19:36.649+0000] {logging_mixin.py:188} INFO - [2024-06-29T12:19:36.649+0000] {dag.py:3096} INFO - Sync 1 DAGs
[2024-06-29T12:19:36.662+0000] {logging_mixin.py:188} INFO - [2024-06-29T12:19:36.661+0000] {dag.py:3954} INFO - Setting next_dagrun for example_sla_dag to 2024-06-29 12:16:00+00:00, run_after=2024-06-29 12:18:00+00:00
[2024-06-29T12:19:36.671+0000] {processor.py:183} INFO - Processing /home/airflow/.local/lib/python3.12/site-packages/airflow/example_dags/example_sla_dag.py took 0.046 seconds
[2024-06-29T12:20:06.819+0000] {processor.py:161} INFO - Started process (PID=13591) to work on /home/airflow/.local/lib/python3.12/site-packages/airflow/example_dags/example_sla_dag.py
[2024-06-29T12:20:06.820+0000] {processor.py:830} INFO - Processing file /home/airflow/.local/lib/python3.12/site-packages/airflow/example_dags/example_sla_dag.py for tasks to queue
[2024-06-29T12:20:06.821+0000] {logging_mixin.py:188} INFO - [2024-06-29T12:20:06.821+0000] {dagbag.py:545} INFO - Filling up the DagBag from /home/airflow/.local/lib/python3.12/site-packages/airflow/example_dags/example_sla_dag.py
[2024-06-29T12:20:06.826+0000] {processor.py:840} INFO - DAG(s) 'example_sla_dag' retrieved from /home/airflow/.local/lib/python3.12/site-packages/airflow/example_dags/example_sla_dag.py
[2024-06-29T12:20:06.839+0000] {logging_mixin.py:188} INFO - [2024-06-29T12:20:06.839+0000] {dag.py:3096} INFO - Sync 1 DAGs
[2024-06-29T12:20:06.851+0000] {logging_mixin.py:188} INFO - [2024-06-29T12:20:06.851+0000] {dag.py:3954} INFO - Setting next_dagrun for example_sla_dag to 2024-06-29 12:18:00+00:00, run_after=2024-06-29 12:20:00+00:00
[2024-06-29T12:20:06.860+0000] {processor.py:183} INFO - Processing /home/airflow/.local/lib/python3.12/site-packages/airflow/example_dags/example_sla_dag.py took 0.044 seconds
[2024-06-29T12:20:37.037+0000] {processor.py:161} INFO - Started process (PID=13851) to work on /home/airflow/.local/lib/python3.12/site-packages/airflow/example_dags/example_sla_dag.py
[2024-06-29T12:20:37.038+0000] {processor.py:830} INFO - Processing file /home/airflow/.local/lib/python3.12/site-packages/airflow/example_dags/example_sla_dag.py for tasks to queue
[2024-06-29T12:20:37.039+0000] {logging_mixin.py:188} INFO - [2024-06-29T12:20:37.039+0000] {dagbag.py:545} INFO - Filling up the DagBag from /home/airflow/.local/lib/python3.12/site-packages/airflow/example_dags/example_sla_dag.py
[2024-06-29T12:20:37.049+0000] {processor.py:840} INFO - DAG(s) 'example_sla_dag' retrieved from /home/airflow/.local/lib/python3.12/site-packages/airflow/example_dags/example_sla_dag.py
[2024-06-29T12:20:37.067+0000] {logging_mixin.py:188} INFO - [2024-06-29T12:20:37.067+0000] {dag.py:3096} INFO - Sync 1 DAGs
[2024-06-29T12:20:37.082+0000] {logging_mixin.py:188} INFO - [2024-06-29T12:20:37.082+0000] {dag.py:3954} INFO - Setting next_dagrun for example_sla_dag to 2024-06-29 12:18:00+00:00, run_after=2024-06-29 12:20:00+00:00
[2024-06-29T12:20:37.095+0000] {processor.py:183} INFO - Processing /home/airflow/.local/lib/python3.12/site-packages/airflow/example_dags/example_sla_dag.py took 0.063 seconds
[2024-06-29T12:21:07.225+0000] {processor.py:161} INFO - Started process (PID=14113) to work on /home/airflow/.local/lib/python3.12/site-packages/airflow/example_dags/example_sla_dag.py
[2024-06-29T12:21:07.226+0000] {processor.py:830} INFO - Processing file /home/airflow/.local/lib/python3.12/site-packages/airflow/example_dags/example_sla_dag.py for tasks to queue
[2024-06-29T12:21:07.227+0000] {logging_mixin.py:188} INFO - [2024-06-29T12:21:07.227+0000] {dagbag.py:545} INFO - Filling up the DagBag from /home/airflow/.local/lib/python3.12/site-packages/airflow/example_dags/example_sla_dag.py
[2024-06-29T12:21:07.232+0000] {processor.py:840} INFO - DAG(s) 'example_sla_dag' retrieved from /home/airflow/.local/lib/python3.12/site-packages/airflow/example_dags/example_sla_dag.py
[2024-06-29T12:21:07.245+0000] {logging_mixin.py:188} INFO - [2024-06-29T12:21:07.245+0000] {dag.py:3096} INFO - Sync 1 DAGs
[2024-06-29T12:21:07.258+0000] {logging_mixin.py:188} INFO - [2024-06-29T12:21:07.258+0000] {dag.py:3954} INFO - Setting next_dagrun for example_sla_dag to 2024-06-29 12:18:00+00:00, run_after=2024-06-29 12:20:00+00:00
[2024-06-29T12:21:07.267+0000] {processor.py:183} INFO - Processing /home/airflow/.local/lib/python3.12/site-packages/airflow/example_dags/example_sla_dag.py took 0.045 seconds
[2024-06-29T12:21:37.493+0000] {processor.py:161} INFO - Started process (PID=14375) to work on /home/airflow/.local/lib/python3.12/site-packages/airflow/example_dags/example_sla_dag.py
[2024-06-29T12:21:37.494+0000] {processor.py:830} INFO - Processing file /home/airflow/.local/lib/python3.12/site-packages/airflow/example_dags/example_sla_dag.py for tasks to queue
[2024-06-29T12:21:37.495+0000] {logging_mixin.py:188} INFO - [2024-06-29T12:21:37.495+0000] {dagbag.py:545} INFO - Filling up the DagBag from /home/airflow/.local/lib/python3.12/site-packages/airflow/example_dags/example_sla_dag.py
[2024-06-29T12:21:37.500+0000] {processor.py:840} INFO - DAG(s) 'example_sla_dag' retrieved from /home/airflow/.local/lib/python3.12/site-packages/airflow/example_dags/example_sla_dag.py
[2024-06-29T12:21:37.513+0000] {logging_mixin.py:188} INFO - [2024-06-29T12:21:37.513+0000] {dag.py:3096} INFO - Sync 1 DAGs
[2024-06-29T12:21:37.527+0000] {logging_mixin.py:188} INFO - [2024-06-29T12:21:37.526+0000] {dag.py:3954} INFO - Setting next_dagrun for example_sla_dag to 2024-06-29 12:18:00+00:00, run_after=2024-06-29 12:20:00+00:00
[2024-06-29T12:21:37.535+0000] {processor.py:183} INFO - Processing /home/airflow/.local/lib/python3.12/site-packages/airflow/example_dags/example_sla_dag.py took 0.045 seconds
[2024-06-29T12:22:07.611+0000] {processor.py:161} INFO - Started process (PID=14639) to work on /home/airflow/.local/lib/python3.12/site-packages/airflow/example_dags/example_sla_dag.py
[2024-06-29T12:22:07.612+0000] {processor.py:830} INFO - Processing file /home/airflow/.local/lib/python3.12/site-packages/airflow/example_dags/example_sla_dag.py for tasks to queue
[2024-06-29T12:22:07.613+0000] {logging_mixin.py:188} INFO - [2024-06-29T12:22:07.613+0000] {dagbag.py:545} INFO - Filling up the DagBag from /home/airflow/.local/lib/python3.12/site-packages/airflow/example_dags/example_sla_dag.py
[2024-06-29T12:22:07.618+0000] {processor.py:840} INFO - DAG(s) 'example_sla_dag' retrieved from /home/airflow/.local/lib/python3.12/site-packages/airflow/example_dags/example_sla_dag.py
[2024-06-29T12:22:07.631+0000] {logging_mixin.py:188} INFO - [2024-06-29T12:22:07.631+0000] {dag.py:3096} INFO - Sync 1 DAGs
[2024-06-29T12:22:07.643+0000] {logging_mixin.py:188} INFO - [2024-06-29T12:22:07.643+0000] {dag.py:3954} INFO - Setting next_dagrun for example_sla_dag to 2024-06-29 12:20:00+00:00, run_after=2024-06-29 12:22:00+00:00
[2024-06-29T12:22:07.651+0000] {processor.py:183} INFO - Processing /home/airflow/.local/lib/python3.12/site-packages/airflow/example_dags/example_sla_dag.py took 0.043 seconds
[2024-06-29T12:22:37.819+0000] {processor.py:161} INFO - Started process (PID=14900) to work on /home/airflow/.local/lib/python3.12/site-packages/airflow/example_dags/example_sla_dag.py
[2024-06-29T12:22:37.820+0000] {processor.py:830} INFO - Processing file /home/airflow/.local/lib/python3.12/site-packages/airflow/example_dags/example_sla_dag.py for tasks to queue
[2024-06-29T12:22:37.821+0000] {logging_mixin.py:188} INFO - [2024-06-29T12:22:37.821+0000] {dagbag.py:545} INFO - Filling up the DagBag from /home/airflow/.local/lib/python3.12/site-packages/airflow/example_dags/example_sla_dag.py
[2024-06-29T12:22:37.826+0000] {processor.py:840} INFO - DAG(s) 'example_sla_dag' retrieved from /home/airflow/.local/lib/python3.12/site-packages/airflow/example_dags/example_sla_dag.py
[2024-06-29T12:22:37.839+0000] {logging_mixin.py:188} INFO - [2024-06-29T12:22:37.839+0000] {dag.py:3096} INFO - Sync 1 DAGs
[2024-06-29T12:22:37.852+0000] {logging_mixin.py:188} INFO - [2024-06-29T12:22:37.852+0000] {dag.py:3954} INFO - Setting next_dagrun for example_sla_dag to 2024-06-29 12:20:00+00:00, run_after=2024-06-29 12:22:00+00:00
[2024-06-29T12:22:37.860+0000] {processor.py:183} INFO - Processing /home/airflow/.local/lib/python3.12/site-packages/airflow/example_dags/example_sla_dag.py took 0.045 seconds
[2024-06-29T12:23:08.078+0000] {processor.py:161} INFO - Started process (PID=15162) to work on /home/airflow/.local/lib/python3.12/site-packages/airflow/example_dags/example_sla_dag.py
[2024-06-29T12:23:08.079+0000] {processor.py:830} INFO - Processing file /home/airflow/.local/lib/python3.12/site-packages/airflow/example_dags/example_sla_dag.py for tasks to queue
[2024-06-29T12:23:08.080+0000] {logging_mixin.py:188} INFO - [2024-06-29T12:23:08.080+0000] {dagbag.py:545} INFO - Filling up the DagBag from /home/airflow/.local/lib/python3.12/site-packages/airflow/example_dags/example_sla_dag.py
[2024-06-29T12:23:08.085+0000] {processor.py:840} INFO - DAG(s) 'example_sla_dag' retrieved from /home/airflow/.local/lib/python3.12/site-packages/airflow/example_dags/example_sla_dag.py
[2024-06-29T12:23:08.099+0000] {logging_mixin.py:188} INFO - [2024-06-29T12:23:08.099+0000] {dag.py:3096} INFO - Sync 1 DAGs
[2024-06-29T12:23:08.112+0000] {logging_mixin.py:188} INFO - [2024-06-29T12:23:08.112+0000] {dag.py:3954} INFO - Setting next_dagrun for example_sla_dag to 2024-06-29 12:20:00+00:00, run_after=2024-06-29 12:22:00+00:00
[2024-06-29T12:23:08.122+0000] {processor.py:183} INFO - Processing /home/airflow/.local/lib/python3.12/site-packages/airflow/example_dags/example_sla_dag.py took 0.050 seconds
[2024-06-29T12:23:38.304+0000] {processor.py:161} INFO - Started process (PID=15424) to work on /home/airflow/.local/lib/python3.12/site-packages/airflow/example_dags/example_sla_dag.py
[2024-06-29T12:23:38.305+0000] {processor.py:830} INFO - Processing file /home/airflow/.local/lib/python3.12/site-packages/airflow/example_dags/example_sla_dag.py for tasks to queue
[2024-06-29T12:23:38.306+0000] {logging_mixin.py:188} INFO - [2024-06-29T12:23:38.306+0000] {dagbag.py:545} INFO - Filling up the DagBag from /home/airflow/.local/lib/python3.12/site-packages/airflow/example_dags/example_sla_dag.py
[2024-06-29T12:23:38.311+0000] {processor.py:840} INFO - DAG(s) 'example_sla_dag' retrieved from /home/airflow/.local/lib/python3.12/site-packages/airflow/example_dags/example_sla_dag.py
[2024-06-29T12:23:38.324+0000] {logging_mixin.py:188} INFO - [2024-06-29T12:23:38.324+0000] {dag.py:3096} INFO - Sync 1 DAGs
[2024-06-29T12:23:38.336+0000] {logging_mixin.py:188} INFO - [2024-06-29T12:23:38.336+0000] {dag.py:3954} INFO - Setting next_dagrun for example_sla_dag to 2024-06-29 12:20:00+00:00, run_after=2024-06-29 12:22:00+00:00
[2024-06-29T12:23:38.344+0000] {processor.py:183} INFO - Processing /home/airflow/.local/lib/python3.12/site-packages/airflow/example_dags/example_sla_dag.py took 0.044 seconds
[2024-06-29T12:24:08.441+0000] {processor.py:161} INFO - Started process (PID=15687) to work on /home/airflow/.local/lib/python3.12/site-packages/airflow/example_dags/example_sla_dag.py
[2024-06-29T12:24:08.442+0000] {processor.py:830} INFO - Processing file /home/airflow/.local/lib/python3.12/site-packages/airflow/example_dags/example_sla_dag.py for tasks to queue
[2024-06-29T12:24:08.443+0000] {logging_mixin.py:188} INFO - [2024-06-29T12:24:08.443+0000] {dagbag.py:545} INFO - Filling up the DagBag from /home/airflow/.local/lib/python3.12/site-packages/airflow/example_dags/example_sla_dag.py
[2024-06-29T12:24:08.448+0000] {processor.py:840} INFO - DAG(s) 'example_sla_dag' retrieved from /home/airflow/.local/lib/python3.12/site-packages/airflow/example_dags/example_sla_dag.py
[2024-06-29T12:24:08.461+0000] {logging_mixin.py:188} INFO - [2024-06-29T12:24:08.461+0000] {dag.py:3096} INFO - Sync 1 DAGs
[2024-06-29T12:24:08.473+0000] {logging_mixin.py:188} INFO - [2024-06-29T12:24:08.473+0000] {dag.py:3954} INFO - Setting next_dagrun for example_sla_dag to 2024-06-29 12:22:00+00:00, run_after=2024-06-29 12:24:00+00:00
[2024-06-29T12:24:08.482+0000] {processor.py:183} INFO - Processing /home/airflow/.local/lib/python3.12/site-packages/airflow/example_dags/example_sla_dag.py took 0.045 seconds
[2024-06-29T12:24:38.664+0000] {processor.py:161} INFO - Started process (PID=15952) to work on /home/airflow/.local/lib/python3.12/site-packages/airflow/example_dags/example_sla_dag.py
[2024-06-29T12:24:38.665+0000] {processor.py:830} INFO - Processing file /home/airflow/.local/lib/python3.12/site-packages/airflow/example_dags/example_sla_dag.py for tasks to queue
[2024-06-29T12:24:38.666+0000] {logging_mixin.py:188} INFO - [2024-06-29T12:24:38.666+0000] {dagbag.py:545} INFO - Filling up the DagBag from /home/airflow/.local/lib/python3.12/site-packages/airflow/example_dags/example_sla_dag.py
[2024-06-29T12:24:38.671+0000] {processor.py:840} INFO - DAG(s) 'example_sla_dag' retrieved from /home/airflow/.local/lib/python3.12/site-packages/airflow/example_dags/example_sla_dag.py
[2024-06-29T12:24:38.685+0000] {logging_mixin.py:188} INFO - [2024-06-29T12:24:38.684+0000] {dag.py:3096} INFO - Sync 1 DAGs
[2024-06-29T12:24:38.696+0000] {logging_mixin.py:188} INFO - [2024-06-29T12:24:38.696+0000] {dag.py:3954} INFO - Setting next_dagrun for example_sla_dag to 2024-06-29 12:22:00+00:00, run_after=2024-06-29 12:24:00+00:00
[2024-06-29T12:24:38.705+0000] {processor.py:183} INFO - Processing /home/airflow/.local/lib/python3.12/site-packages/airflow/example_dags/example_sla_dag.py took 0.043 seconds
[2024-06-29T12:25:08.855+0000] {processor.py:161} INFO - Started process (PID=16214) to work on /home/airflow/.local/lib/python3.12/site-packages/airflow/example_dags/example_sla_dag.py
[2024-06-29T12:25:08.856+0000] {processor.py:830} INFO - Processing file /home/airflow/.local/lib/python3.12/site-packages/airflow/example_dags/example_sla_dag.py for tasks to queue
[2024-06-29T12:25:08.857+0000] {logging_mixin.py:188} INFO - [2024-06-29T12:25:08.857+0000] {dagbag.py:545} INFO - Filling up the DagBag from /home/airflow/.local/lib/python3.12/site-packages/airflow/example_dags/example_sla_dag.py
[2024-06-29T12:25:08.862+0000] {processor.py:840} INFO - DAG(s) 'example_sla_dag' retrieved from /home/airflow/.local/lib/python3.12/site-packages/airflow/example_dags/example_sla_dag.py
[2024-06-29T12:25:08.875+0000] {logging_mixin.py:188} INFO - [2024-06-29T12:25:08.875+0000] {dag.py:3096} INFO - Sync 1 DAGs
[2024-06-29T12:25:08.887+0000] {logging_mixin.py:188} INFO - [2024-06-29T12:25:08.887+0000] {dag.py:3954} INFO - Setting next_dagrun for example_sla_dag to 2024-06-29 12:22:00+00:00, run_after=2024-06-29 12:24:00+00:00
[2024-06-29T12:25:08.896+0000] {processor.py:183} INFO - Processing /home/airflow/.local/lib/python3.12/site-packages/airflow/example_dags/example_sla_dag.py took 0.044 seconds
