[2024-06-29T11:54:20.049+0000] {processor.py:161} INFO - Started process (PID=185) to work on /home/airflow/.local/lib/python3.12/site-packages/airflow/example_dags/tutorial_taskflow_api.py
[2024-06-29T11:54:20.050+0000] {processor.py:830} INFO - Processing file /home/airflow/.local/lib/python3.12/site-packages/airflow/example_dags/tutorial_taskflow_api.py for tasks to queue
[2024-06-29T11:54:20.051+0000] {logging_mixin.py:188} INFO - [2024-06-29T11:54:20.051+0000] {dagbag.py:545} INFO - Filling up the DagBag from /home/airflow/.local/lib/python3.12/site-packages/airflow/example_dags/tutorial_taskflow_api.py
[2024-06-29T11:54:20.055+0000] {processor.py:840} INFO - DAG(s) 'tutorial_taskflow_api' retrieved from /home/airflow/.local/lib/python3.12/site-packages/airflow/example_dags/tutorial_taskflow_api.py
[2024-06-29T11:54:20.065+0000] {logging_mixin.py:188} INFO - [2024-06-29T11:54:20.065+0000] {dag.py:3096} INFO - Sync 1 DAGs
[2024-06-29T11:54:20.073+0000] {logging_mixin.py:188} INFO - [2024-06-29T11:54:20.072+0000] {dag.py:3954} INFO - Setting next_dagrun for tutorial_taskflow_api to None, run_after=None
[2024-06-29T11:54:20.082+0000] {processor.py:183} INFO - Processing /home/airflow/.local/lib/python3.12/site-packages/airflow/example_dags/tutorial_taskflow_api.py took 0.036 seconds
[2024-06-29T11:54:51.193+0000] {processor.py:161} INFO - Started process (PID=449) to work on /home/airflow/.local/lib/python3.12/site-packages/airflow/example_dags/tutorial_taskflow_api.py
[2024-06-29T11:54:51.193+0000] {processor.py:830} INFO - Processing file /home/airflow/.local/lib/python3.12/site-packages/airflow/example_dags/tutorial_taskflow_api.py for tasks to queue
[2024-06-29T11:54:51.194+0000] {logging_mixin.py:188} INFO - [2024-06-29T11:54:51.194+0000] {dagbag.py:545} INFO - Filling up the DagBag from /home/airflow/.local/lib/python3.12/site-packages/airflow/example_dags/tutorial_taskflow_api.py
[2024-06-29T11:54:51.198+0000] {processor.py:840} INFO - DAG(s) 'tutorial_taskflow_api' retrieved from /home/airflow/.local/lib/python3.12/site-packages/airflow/example_dags/tutorial_taskflow_api.py
[2024-06-29T11:54:51.245+0000] {logging_mixin.py:188} INFO - [2024-06-29T11:54:51.245+0000] {dag.py:3096} INFO - Sync 1 DAGs
[2024-06-29T11:54:51.249+0000] {logging_mixin.py:188} INFO - [2024-06-29T11:54:51.249+0000] {dag.py:3954} INFO - Setting next_dagrun for tutorial_taskflow_api to None, run_after=None
[2024-06-29T11:54:51.257+0000] {processor.py:183} INFO - Processing /home/airflow/.local/lib/python3.12/site-packages/airflow/example_dags/tutorial_taskflow_api.py took 0.068 seconds
[2024-06-29T11:55:21.984+0000] {processor.py:161} INFO - Started process (PID=709) to work on /home/airflow/.local/lib/python3.12/site-packages/airflow/example_dags/tutorial_taskflow_api.py
[2024-06-29T11:55:21.985+0000] {processor.py:830} INFO - Processing file /home/airflow/.local/lib/python3.12/site-packages/airflow/example_dags/tutorial_taskflow_api.py for tasks to queue
[2024-06-29T11:55:21.986+0000] {logging_mixin.py:188} INFO - [2024-06-29T11:55:21.986+0000] {dagbag.py:545} INFO - Filling up the DagBag from /home/airflow/.local/lib/python3.12/site-packages/airflow/example_dags/tutorial_taskflow_api.py
[2024-06-29T11:55:21.990+0000] {processor.py:840} INFO - DAG(s) 'tutorial_taskflow_api' retrieved from /home/airflow/.local/lib/python3.12/site-packages/airflow/example_dags/tutorial_taskflow_api.py
[2024-06-29T11:55:22.004+0000] {logging_mixin.py:188} INFO - [2024-06-29T11:55:22.003+0000] {dag.py:3096} INFO - Sync 1 DAGs
[2024-06-29T11:55:22.010+0000] {logging_mixin.py:188} INFO - [2024-06-29T11:55:22.010+0000] {dag.py:3954} INFO - Setting next_dagrun for tutorial_taskflow_api to None, run_after=None
[2024-06-29T11:55:22.020+0000] {processor.py:183} INFO - Processing /home/airflow/.local/lib/python3.12/site-packages/airflow/example_dags/tutorial_taskflow_api.py took 0.039 seconds
[2024-06-29T11:55:52.382+0000] {processor.py:161} INFO - Started process (PID=971) to work on /home/airflow/.local/lib/python3.12/site-packages/airflow/example_dags/tutorial_taskflow_api.py
[2024-06-29T11:55:52.383+0000] {processor.py:830} INFO - Processing file /home/airflow/.local/lib/python3.12/site-packages/airflow/example_dags/tutorial_taskflow_api.py for tasks to queue
[2024-06-29T11:55:52.384+0000] {logging_mixin.py:188} INFO - [2024-06-29T11:55:52.384+0000] {dagbag.py:545} INFO - Filling up the DagBag from /home/airflow/.local/lib/python3.12/site-packages/airflow/example_dags/tutorial_taskflow_api.py
[2024-06-29T11:55:52.388+0000] {processor.py:840} INFO - DAG(s) 'tutorial_taskflow_api' retrieved from /home/airflow/.local/lib/python3.12/site-packages/airflow/example_dags/tutorial_taskflow_api.py
[2024-06-29T11:55:52.401+0000] {logging_mixin.py:188} INFO - [2024-06-29T11:55:52.401+0000] {dag.py:3096} INFO - Sync 1 DAGs
[2024-06-29T11:55:52.408+0000] {logging_mixin.py:188} INFO - [2024-06-29T11:55:52.408+0000] {dag.py:3954} INFO - Setting next_dagrun for tutorial_taskflow_api to None, run_after=None
[2024-06-29T11:55:52.417+0000] {processor.py:183} INFO - Processing /home/airflow/.local/lib/python3.12/site-packages/airflow/example_dags/tutorial_taskflow_api.py took 0.038 seconds
[2024-06-29T11:56:22.666+0000] {processor.py:161} INFO - Started process (PID=1234) to work on /home/airflow/.local/lib/python3.12/site-packages/airflow/example_dags/tutorial_taskflow_api.py
[2024-06-29T11:56:22.666+0000] {processor.py:830} INFO - Processing file /home/airflow/.local/lib/python3.12/site-packages/airflow/example_dags/tutorial_taskflow_api.py for tasks to queue
[2024-06-29T11:56:22.667+0000] {logging_mixin.py:188} INFO - [2024-06-29T11:56:22.667+0000] {dagbag.py:545} INFO - Filling up the DagBag from /home/airflow/.local/lib/python3.12/site-packages/airflow/example_dags/tutorial_taskflow_api.py
[2024-06-29T11:56:22.671+0000] {processor.py:840} INFO - DAG(s) 'tutorial_taskflow_api' retrieved from /home/airflow/.local/lib/python3.12/site-packages/airflow/example_dags/tutorial_taskflow_api.py
[2024-06-29T11:56:22.686+0000] {logging_mixin.py:188} INFO - [2024-06-29T11:56:22.686+0000] {dag.py:3096} INFO - Sync 1 DAGs
[2024-06-29T11:56:22.693+0000] {logging_mixin.py:188} INFO - [2024-06-29T11:56:22.692+0000] {dag.py:3954} INFO - Setting next_dagrun for tutorial_taskflow_api to None, run_after=None
[2024-06-29T11:56:22.702+0000] {processor.py:183} INFO - Processing /home/airflow/.local/lib/python3.12/site-packages/airflow/example_dags/tutorial_taskflow_api.py took 0.040 seconds
[2024-06-29T11:56:52.839+0000] {processor.py:161} INFO - Started process (PID=1496) to work on /home/airflow/.local/lib/python3.12/site-packages/airflow/example_dags/tutorial_taskflow_api.py
[2024-06-29T11:56:52.839+0000] {processor.py:830} INFO - Processing file /home/airflow/.local/lib/python3.12/site-packages/airflow/example_dags/tutorial_taskflow_api.py for tasks to queue
[2024-06-29T11:56:52.840+0000] {logging_mixin.py:188} INFO - [2024-06-29T11:56:52.840+0000] {dagbag.py:545} INFO - Filling up the DagBag from /home/airflow/.local/lib/python3.12/site-packages/airflow/example_dags/tutorial_taskflow_api.py
[2024-06-29T11:56:52.844+0000] {processor.py:840} INFO - DAG(s) 'tutorial_taskflow_api' retrieved from /home/airflow/.local/lib/python3.12/site-packages/airflow/example_dags/tutorial_taskflow_api.py
[2024-06-29T11:56:52.858+0000] {logging_mixin.py:188} INFO - [2024-06-29T11:56:52.858+0000] {dag.py:3096} INFO - Sync 1 DAGs
[2024-06-29T11:56:52.865+0000] {logging_mixin.py:188} INFO - [2024-06-29T11:56:52.864+0000] {dag.py:3954} INFO - Setting next_dagrun for tutorial_taskflow_api to None, run_after=None
[2024-06-29T11:56:52.874+0000] {processor.py:183} INFO - Processing /home/airflow/.local/lib/python3.12/site-packages/airflow/example_dags/tutorial_taskflow_api.py took 0.039 seconds
[2024-06-29T11:57:23.081+0000] {processor.py:161} INFO - Started process (PID=1760) to work on /home/airflow/.local/lib/python3.12/site-packages/airflow/example_dags/tutorial_taskflow_api.py
[2024-06-29T11:57:23.082+0000] {processor.py:830} INFO - Processing file /home/airflow/.local/lib/python3.12/site-packages/airflow/example_dags/tutorial_taskflow_api.py for tasks to queue
[2024-06-29T11:57:23.083+0000] {logging_mixin.py:188} INFO - [2024-06-29T11:57:23.083+0000] {dagbag.py:545} INFO - Filling up the DagBag from /home/airflow/.local/lib/python3.12/site-packages/airflow/example_dags/tutorial_taskflow_api.py
[2024-06-29T11:57:23.087+0000] {processor.py:840} INFO - DAG(s) 'tutorial_taskflow_api' retrieved from /home/airflow/.local/lib/python3.12/site-packages/airflow/example_dags/tutorial_taskflow_api.py
[2024-06-29T11:57:23.100+0000] {logging_mixin.py:188} INFO - [2024-06-29T11:57:23.100+0000] {dag.py:3096} INFO - Sync 1 DAGs
[2024-06-29T11:57:23.106+0000] {logging_mixin.py:188} INFO - [2024-06-29T11:57:23.106+0000] {dag.py:3954} INFO - Setting next_dagrun for tutorial_taskflow_api to None, run_after=None
[2024-06-29T11:57:23.115+0000] {processor.py:183} INFO - Processing /home/airflow/.local/lib/python3.12/site-packages/airflow/example_dags/tutorial_taskflow_api.py took 0.040 seconds
[2024-06-29T11:57:53.447+0000] {processor.py:161} INFO - Started process (PID=2020) to work on /home/airflow/.local/lib/python3.12/site-packages/airflow/example_dags/tutorial_taskflow_api.py
[2024-06-29T11:57:53.448+0000] {processor.py:830} INFO - Processing file /home/airflow/.local/lib/python3.12/site-packages/airflow/example_dags/tutorial_taskflow_api.py for tasks to queue
[2024-06-29T11:57:53.449+0000] {logging_mixin.py:188} INFO - [2024-06-29T11:57:53.449+0000] {dagbag.py:545} INFO - Filling up the DagBag from /home/airflow/.local/lib/python3.12/site-packages/airflow/example_dags/tutorial_taskflow_api.py
[2024-06-29T11:57:53.453+0000] {processor.py:840} INFO - DAG(s) 'tutorial_taskflow_api' retrieved from /home/airflow/.local/lib/python3.12/site-packages/airflow/example_dags/tutorial_taskflow_api.py
[2024-06-29T11:57:53.467+0000] {logging_mixin.py:188} INFO - [2024-06-29T11:57:53.467+0000] {dag.py:3096} INFO - Sync 1 DAGs
[2024-06-29T11:57:53.474+0000] {logging_mixin.py:188} INFO - [2024-06-29T11:57:53.473+0000] {dag.py:3954} INFO - Setting next_dagrun for tutorial_taskflow_api to None, run_after=None
[2024-06-29T11:57:53.483+0000] {processor.py:183} INFO - Processing /home/airflow/.local/lib/python3.12/site-packages/airflow/example_dags/tutorial_taskflow_api.py took 0.039 seconds
[2024-06-29T11:58:23.670+0000] {processor.py:161} INFO - Started process (PID=2284) to work on /home/airflow/.local/lib/python3.12/site-packages/airflow/example_dags/tutorial_taskflow_api.py
[2024-06-29T11:58:23.671+0000] {processor.py:830} INFO - Processing file /home/airflow/.local/lib/python3.12/site-packages/airflow/example_dags/tutorial_taskflow_api.py for tasks to queue
[2024-06-29T11:58:23.673+0000] {logging_mixin.py:188} INFO - [2024-06-29T11:58:23.673+0000] {dagbag.py:545} INFO - Filling up the DagBag from /home/airflow/.local/lib/python3.12/site-packages/airflow/example_dags/tutorial_taskflow_api.py
[2024-06-29T11:58:23.677+0000] {processor.py:840} INFO - DAG(s) 'tutorial_taskflow_api' retrieved from /home/airflow/.local/lib/python3.12/site-packages/airflow/example_dags/tutorial_taskflow_api.py
[2024-06-29T11:58:23.690+0000] {logging_mixin.py:188} INFO - [2024-06-29T11:58:23.690+0000] {dag.py:3096} INFO - Sync 1 DAGs
[2024-06-29T11:58:23.697+0000] {logging_mixin.py:188} INFO - [2024-06-29T11:58:23.697+0000] {dag.py:3954} INFO - Setting next_dagrun for tutorial_taskflow_api to None, run_after=None
[2024-06-29T11:58:23.706+0000] {processor.py:183} INFO - Processing /home/airflow/.local/lib/python3.12/site-packages/airflow/example_dags/tutorial_taskflow_api.py took 0.039 seconds
[2024-06-29T11:58:53.841+0000] {processor.py:161} INFO - Started process (PID=2546) to work on /home/airflow/.local/lib/python3.12/site-packages/airflow/example_dags/tutorial_taskflow_api.py
[2024-06-29T11:58:53.841+0000] {processor.py:830} INFO - Processing file /home/airflow/.local/lib/python3.12/site-packages/airflow/example_dags/tutorial_taskflow_api.py for tasks to queue
[2024-06-29T11:58:53.842+0000] {logging_mixin.py:188} INFO - [2024-06-29T11:58:53.842+0000] {dagbag.py:545} INFO - Filling up the DagBag from /home/airflow/.local/lib/python3.12/site-packages/airflow/example_dags/tutorial_taskflow_api.py
[2024-06-29T11:58:53.846+0000] {processor.py:840} INFO - DAG(s) 'tutorial_taskflow_api' retrieved from /home/airflow/.local/lib/python3.12/site-packages/airflow/example_dags/tutorial_taskflow_api.py
[2024-06-29T11:58:53.860+0000] {logging_mixin.py:188} INFO - [2024-06-29T11:58:53.860+0000] {dag.py:3096} INFO - Sync 1 DAGs
[2024-06-29T11:58:53.866+0000] {logging_mixin.py:188} INFO - [2024-06-29T11:58:53.866+0000] {dag.py:3954} INFO - Setting next_dagrun for tutorial_taskflow_api to None, run_after=None
[2024-06-29T11:58:53.875+0000] {processor.py:183} INFO - Processing /home/airflow/.local/lib/python3.12/site-packages/airflow/example_dags/tutorial_taskflow_api.py took 0.038 seconds
[2024-06-29T11:59:24.240+0000] {processor.py:161} INFO - Started process (PID=2806) to work on /home/airflow/.local/lib/python3.12/site-packages/airflow/example_dags/tutorial_taskflow_api.py
[2024-06-29T11:59:24.241+0000] {processor.py:830} INFO - Processing file /home/airflow/.local/lib/python3.12/site-packages/airflow/example_dags/tutorial_taskflow_api.py for tasks to queue
[2024-06-29T11:59:24.242+0000] {logging_mixin.py:188} INFO - [2024-06-29T11:59:24.241+0000] {dagbag.py:545} INFO - Filling up the DagBag from /home/airflow/.local/lib/python3.12/site-packages/airflow/example_dags/tutorial_taskflow_api.py
[2024-06-29T11:59:24.246+0000] {processor.py:840} INFO - DAG(s) 'tutorial_taskflow_api' retrieved from /home/airflow/.local/lib/python3.12/site-packages/airflow/example_dags/tutorial_taskflow_api.py
[2024-06-29T11:59:24.259+0000] {logging_mixin.py:188} INFO - [2024-06-29T11:59:24.259+0000] {dag.py:3096} INFO - Sync 1 DAGs
[2024-06-29T11:59:24.266+0000] {logging_mixin.py:188} INFO - [2024-06-29T11:59:24.266+0000] {dag.py:3954} INFO - Setting next_dagrun for tutorial_taskflow_api to None, run_after=None
[2024-06-29T11:59:24.275+0000] {processor.py:183} INFO - Processing /home/airflow/.local/lib/python3.12/site-packages/airflow/example_dags/tutorial_taskflow_api.py took 0.039 seconds
[2024-06-29T11:59:54.471+0000] {processor.py:161} INFO - Started process (PID=3070) to work on /home/airflow/.local/lib/python3.12/site-packages/airflow/example_dags/tutorial_taskflow_api.py
[2024-06-29T11:59:54.472+0000] {processor.py:830} INFO - Processing file /home/airflow/.local/lib/python3.12/site-packages/airflow/example_dags/tutorial_taskflow_api.py for tasks to queue
[2024-06-29T11:59:54.473+0000] {logging_mixin.py:188} INFO - [2024-06-29T11:59:54.473+0000] {dagbag.py:545} INFO - Filling up the DagBag from /home/airflow/.local/lib/python3.12/site-packages/airflow/example_dags/tutorial_taskflow_api.py
[2024-06-29T11:59:54.477+0000] {processor.py:840} INFO - DAG(s) 'tutorial_taskflow_api' retrieved from /home/airflow/.local/lib/python3.12/site-packages/airflow/example_dags/tutorial_taskflow_api.py
[2024-06-29T11:59:54.490+0000] {logging_mixin.py:188} INFO - [2024-06-29T11:59:54.490+0000] {dag.py:3096} INFO - Sync 1 DAGs
[2024-06-29T11:59:54.497+0000] {logging_mixin.py:188} INFO - [2024-06-29T11:59:54.497+0000] {dag.py:3954} INFO - Setting next_dagrun for tutorial_taskflow_api to None, run_after=None
[2024-06-29T11:59:54.506+0000] {processor.py:183} INFO - Processing /home/airflow/.local/lib/python3.12/site-packages/airflow/example_dags/tutorial_taskflow_api.py took 0.038 seconds
[2024-06-29T12:00:24.629+0000] {processor.py:161} INFO - Started process (PID=3332) to work on /home/airflow/.local/lib/python3.12/site-packages/airflow/example_dags/tutorial_taskflow_api.py
[2024-06-29T12:00:24.630+0000] {processor.py:830} INFO - Processing file /home/airflow/.local/lib/python3.12/site-packages/airflow/example_dags/tutorial_taskflow_api.py for tasks to queue
[2024-06-29T12:00:24.631+0000] {logging_mixin.py:188} INFO - [2024-06-29T12:00:24.631+0000] {dagbag.py:545} INFO - Filling up the DagBag from /home/airflow/.local/lib/python3.12/site-packages/airflow/example_dags/tutorial_taskflow_api.py
[2024-06-29T12:00:24.635+0000] {processor.py:840} INFO - DAG(s) 'tutorial_taskflow_api' retrieved from /home/airflow/.local/lib/python3.12/site-packages/airflow/example_dags/tutorial_taskflow_api.py
[2024-06-29T12:00:24.648+0000] {logging_mixin.py:188} INFO - [2024-06-29T12:00:24.648+0000] {dag.py:3096} INFO - Sync 1 DAGs
[2024-06-29T12:00:24.655+0000] {logging_mixin.py:188} INFO - [2024-06-29T12:00:24.655+0000] {dag.py:3954} INFO - Setting next_dagrun for tutorial_taskflow_api to None, run_after=None
[2024-06-29T12:00:24.664+0000] {processor.py:183} INFO - Processing /home/airflow/.local/lib/python3.12/site-packages/airflow/example_dags/tutorial_taskflow_api.py took 0.039 seconds
[2024-06-29T12:00:54.778+0000] {processor.py:161} INFO - Started process (PID=3594) to work on /home/airflow/.local/lib/python3.12/site-packages/airflow/example_dags/tutorial_taskflow_api.py
[2024-06-29T12:00:54.779+0000] {processor.py:830} INFO - Processing file /home/airflow/.local/lib/python3.12/site-packages/airflow/example_dags/tutorial_taskflow_api.py for tasks to queue
[2024-06-29T12:00:54.780+0000] {logging_mixin.py:188} INFO - [2024-06-29T12:00:54.780+0000] {dagbag.py:545} INFO - Filling up the DagBag from /home/airflow/.local/lib/python3.12/site-packages/airflow/example_dags/tutorial_taskflow_api.py
[2024-06-29T12:00:54.784+0000] {processor.py:840} INFO - DAG(s) 'tutorial_taskflow_api' retrieved from /home/airflow/.local/lib/python3.12/site-packages/airflow/example_dags/tutorial_taskflow_api.py
[2024-06-29T12:00:54.797+0000] {logging_mixin.py:188} INFO - [2024-06-29T12:00:54.797+0000] {dag.py:3096} INFO - Sync 1 DAGs
[2024-06-29T12:00:54.804+0000] {logging_mixin.py:188} INFO - [2024-06-29T12:00:54.803+0000] {dag.py:3954} INFO - Setting next_dagrun for tutorial_taskflow_api to None, run_after=None
[2024-06-29T12:00:54.813+0000] {processor.py:183} INFO - Processing /home/airflow/.local/lib/python3.12/site-packages/airflow/example_dags/tutorial_taskflow_api.py took 0.038 seconds
[2024-06-29T12:01:25.018+0000] {processor.py:161} INFO - Started process (PID=3854) to work on /home/airflow/.local/lib/python3.12/site-packages/airflow/example_dags/tutorial_taskflow_api.py
[2024-06-29T12:01:25.018+0000] {processor.py:830} INFO - Processing file /home/airflow/.local/lib/python3.12/site-packages/airflow/example_dags/tutorial_taskflow_api.py for tasks to queue
[2024-06-29T12:01:25.020+0000] {logging_mixin.py:188} INFO - [2024-06-29T12:01:25.019+0000] {dagbag.py:545} INFO - Filling up the DagBag from /home/airflow/.local/lib/python3.12/site-packages/airflow/example_dags/tutorial_taskflow_api.py
[2024-06-29T12:01:25.023+0000] {processor.py:840} INFO - DAG(s) 'tutorial_taskflow_api' retrieved from /home/airflow/.local/lib/python3.12/site-packages/airflow/example_dags/tutorial_taskflow_api.py
[2024-06-29T12:01:25.038+0000] {logging_mixin.py:188} INFO - [2024-06-29T12:01:25.038+0000] {dag.py:3096} INFO - Sync 1 DAGs
[2024-06-29T12:01:25.047+0000] {logging_mixin.py:188} INFO - [2024-06-29T12:01:25.047+0000] {dag.py:3954} INFO - Setting next_dagrun for tutorial_taskflow_api to None, run_after=None
[2024-06-29T12:01:25.057+0000] {processor.py:183} INFO - Processing /home/airflow/.local/lib/python3.12/site-packages/airflow/example_dags/tutorial_taskflow_api.py took 0.043 seconds
[2024-06-29T12:01:55.223+0000] {processor.py:161} INFO - Started process (PID=4116) to work on /home/airflow/.local/lib/python3.12/site-packages/airflow/example_dags/tutorial_taskflow_api.py
[2024-06-29T12:01:55.224+0000] {processor.py:830} INFO - Processing file /home/airflow/.local/lib/python3.12/site-packages/airflow/example_dags/tutorial_taskflow_api.py for tasks to queue
[2024-06-29T12:01:55.225+0000] {logging_mixin.py:188} INFO - [2024-06-29T12:01:55.225+0000] {dagbag.py:545} INFO - Filling up the DagBag from /home/airflow/.local/lib/python3.12/site-packages/airflow/example_dags/tutorial_taskflow_api.py
[2024-06-29T12:01:55.229+0000] {processor.py:840} INFO - DAG(s) 'tutorial_taskflow_api' retrieved from /home/airflow/.local/lib/python3.12/site-packages/airflow/example_dags/tutorial_taskflow_api.py
[2024-06-29T12:01:55.243+0000] {logging_mixin.py:188} INFO - [2024-06-29T12:01:55.243+0000] {dag.py:3096} INFO - Sync 1 DAGs
[2024-06-29T12:01:55.250+0000] {logging_mixin.py:188} INFO - [2024-06-29T12:01:55.250+0000] {dag.py:3954} INFO - Setting next_dagrun for tutorial_taskflow_api to None, run_after=None
[2024-06-29T12:01:55.259+0000] {processor.py:183} INFO - Processing /home/airflow/.local/lib/python3.12/site-packages/airflow/example_dags/tutorial_taskflow_api.py took 0.040 seconds
[2024-06-29T12:02:25.490+0000] {processor.py:161} INFO - Started process (PID=4380) to work on /home/airflow/.local/lib/python3.12/site-packages/airflow/example_dags/tutorial_taskflow_api.py
[2024-06-29T12:02:25.491+0000] {processor.py:830} INFO - Processing file /home/airflow/.local/lib/python3.12/site-packages/airflow/example_dags/tutorial_taskflow_api.py for tasks to queue
[2024-06-29T12:02:25.493+0000] {logging_mixin.py:188} INFO - [2024-06-29T12:02:25.493+0000] {dagbag.py:545} INFO - Filling up the DagBag from /home/airflow/.local/lib/python3.12/site-packages/airflow/example_dags/tutorial_taskflow_api.py
[2024-06-29T12:02:25.496+0000] {processor.py:840} INFO - DAG(s) 'tutorial_taskflow_api' retrieved from /home/airflow/.local/lib/python3.12/site-packages/airflow/example_dags/tutorial_taskflow_api.py
[2024-06-29T12:02:25.510+0000] {logging_mixin.py:188} INFO - [2024-06-29T12:02:25.510+0000] {dag.py:3096} INFO - Sync 1 DAGs
[2024-06-29T12:02:25.516+0000] {logging_mixin.py:188} INFO - [2024-06-29T12:02:25.516+0000] {dag.py:3954} INFO - Setting next_dagrun for tutorial_taskflow_api to None, run_after=None
[2024-06-29T12:02:25.525+0000] {processor.py:183} INFO - Processing /home/airflow/.local/lib/python3.12/site-packages/airflow/example_dags/tutorial_taskflow_api.py took 0.054 seconds
[2024-06-29T12:02:55.873+0000] {processor.py:161} INFO - Started process (PID=4640) to work on /home/airflow/.local/lib/python3.12/site-packages/airflow/example_dags/tutorial_taskflow_api.py
[2024-06-29T12:02:55.874+0000] {processor.py:830} INFO - Processing file /home/airflow/.local/lib/python3.12/site-packages/airflow/example_dags/tutorial_taskflow_api.py for tasks to queue
[2024-06-29T12:02:55.876+0000] {logging_mixin.py:188} INFO - [2024-06-29T12:02:55.876+0000] {dagbag.py:545} INFO - Filling up the DagBag from /home/airflow/.local/lib/python3.12/site-packages/airflow/example_dags/tutorial_taskflow_api.py
[2024-06-29T12:02:55.882+0000] {processor.py:840} INFO - DAG(s) 'tutorial_taskflow_api' retrieved from /home/airflow/.local/lib/python3.12/site-packages/airflow/example_dags/tutorial_taskflow_api.py
[2024-06-29T12:02:55.898+0000] {logging_mixin.py:188} INFO - [2024-06-29T12:02:55.898+0000] {dag.py:3096} INFO - Sync 1 DAGs
[2024-06-29T12:02:55.910+0000] {logging_mixin.py:188} INFO - [2024-06-29T12:02:55.910+0000] {dag.py:3954} INFO - Setting next_dagrun for tutorial_taskflow_api to None, run_after=None
[2024-06-29T12:02:55.924+0000] {processor.py:183} INFO - Processing /home/airflow/.local/lib/python3.12/site-packages/airflow/example_dags/tutorial_taskflow_api.py took 0.055 seconds
[2024-06-29T12:03:26.081+0000] {processor.py:161} INFO - Started process (PID=4910) to work on /home/airflow/.local/lib/python3.12/site-packages/airflow/example_dags/tutorial_taskflow_api.py
[2024-06-29T12:03:26.082+0000] {processor.py:830} INFO - Processing file /home/airflow/.local/lib/python3.12/site-packages/airflow/example_dags/tutorial_taskflow_api.py for tasks to queue
[2024-06-29T12:03:26.083+0000] {logging_mixin.py:188} INFO - [2024-06-29T12:03:26.083+0000] {dagbag.py:545} INFO - Filling up the DagBag from /home/airflow/.local/lib/python3.12/site-packages/airflow/example_dags/tutorial_taskflow_api.py
[2024-06-29T12:03:26.087+0000] {processor.py:840} INFO - DAG(s) 'tutorial_taskflow_api' retrieved from /home/airflow/.local/lib/python3.12/site-packages/airflow/example_dags/tutorial_taskflow_api.py
[2024-06-29T12:03:26.101+0000] {logging_mixin.py:188} INFO - [2024-06-29T12:03:26.101+0000] {dag.py:3096} INFO - Sync 1 DAGs
[2024-06-29T12:03:26.109+0000] {logging_mixin.py:188} INFO - [2024-06-29T12:03:26.109+0000] {dag.py:3954} INFO - Setting next_dagrun for tutorial_taskflow_api to None, run_after=None
[2024-06-29T12:03:26.120+0000] {processor.py:183} INFO - Processing /home/airflow/.local/lib/python3.12/site-packages/airflow/example_dags/tutorial_taskflow_api.py took 0.043 seconds
[2024-06-29T12:03:56.217+0000] {processor.py:161} INFO - Started process (PID=5167) to work on /home/airflow/.local/lib/python3.12/site-packages/airflow/example_dags/tutorial_taskflow_api.py
[2024-06-29T12:03:56.218+0000] {processor.py:830} INFO - Processing file /home/airflow/.local/lib/python3.12/site-packages/airflow/example_dags/tutorial_taskflow_api.py for tasks to queue
[2024-06-29T12:03:56.219+0000] {logging_mixin.py:188} INFO - [2024-06-29T12:03:56.219+0000] {dagbag.py:545} INFO - Filling up the DagBag from /home/airflow/.local/lib/python3.12/site-packages/airflow/example_dags/tutorial_taskflow_api.py
[2024-06-29T12:03:56.223+0000] {processor.py:840} INFO - DAG(s) 'tutorial_taskflow_api' retrieved from /home/airflow/.local/lib/python3.12/site-packages/airflow/example_dags/tutorial_taskflow_api.py
[2024-06-29T12:03:56.237+0000] {logging_mixin.py:188} INFO - [2024-06-29T12:03:56.237+0000] {dag.py:3096} INFO - Sync 1 DAGs
[2024-06-29T12:03:56.244+0000] {logging_mixin.py:188} INFO - [2024-06-29T12:03:56.244+0000] {dag.py:3954} INFO - Setting next_dagrun for tutorial_taskflow_api to None, run_after=None
[2024-06-29T12:03:56.253+0000] {processor.py:183} INFO - Processing /home/airflow/.local/lib/python3.12/site-packages/airflow/example_dags/tutorial_taskflow_api.py took 0.040 seconds
[2024-06-29T12:04:26.547+0000] {processor.py:161} INFO - Started process (PID=5429) to work on /home/airflow/.local/lib/python3.12/site-packages/airflow/example_dags/tutorial_taskflow_api.py
[2024-06-29T12:04:26.548+0000] {processor.py:830} INFO - Processing file /home/airflow/.local/lib/python3.12/site-packages/airflow/example_dags/tutorial_taskflow_api.py for tasks to queue
[2024-06-29T12:04:26.549+0000] {logging_mixin.py:188} INFO - [2024-06-29T12:04:26.549+0000] {dagbag.py:545} INFO - Filling up the DagBag from /home/airflow/.local/lib/python3.12/site-packages/airflow/example_dags/tutorial_taskflow_api.py
[2024-06-29T12:04:26.553+0000] {processor.py:840} INFO - DAG(s) 'tutorial_taskflow_api' retrieved from /home/airflow/.local/lib/python3.12/site-packages/airflow/example_dags/tutorial_taskflow_api.py
[2024-06-29T12:04:26.567+0000] {logging_mixin.py:188} INFO - [2024-06-29T12:04:26.566+0000] {dag.py:3096} INFO - Sync 1 DAGs
[2024-06-29T12:04:26.573+0000] {logging_mixin.py:188} INFO - [2024-06-29T12:04:26.573+0000] {dag.py:3954} INFO - Setting next_dagrun for tutorial_taskflow_api to None, run_after=None
[2024-06-29T12:04:26.582+0000] {processor.py:183} INFO - Processing /home/airflow/.local/lib/python3.12/site-packages/airflow/example_dags/tutorial_taskflow_api.py took 0.038 seconds
[2024-06-29T12:04:56.844+0000] {processor.py:161} INFO - Started process (PID=5691) to work on /home/airflow/.local/lib/python3.12/site-packages/airflow/example_dags/tutorial_taskflow_api.py
[2024-06-29T12:04:56.845+0000] {processor.py:830} INFO - Processing file /home/airflow/.local/lib/python3.12/site-packages/airflow/example_dags/tutorial_taskflow_api.py for tasks to queue
[2024-06-29T12:04:56.846+0000] {logging_mixin.py:188} INFO - [2024-06-29T12:04:56.846+0000] {dagbag.py:545} INFO - Filling up the DagBag from /home/airflow/.local/lib/python3.12/site-packages/airflow/example_dags/tutorial_taskflow_api.py
[2024-06-29T12:04:56.850+0000] {processor.py:840} INFO - DAG(s) 'tutorial_taskflow_api' retrieved from /home/airflow/.local/lib/python3.12/site-packages/airflow/example_dags/tutorial_taskflow_api.py
[2024-06-29T12:04:56.864+0000] {logging_mixin.py:188} INFO - [2024-06-29T12:04:56.864+0000] {dag.py:3096} INFO - Sync 1 DAGs
[2024-06-29T12:04:56.870+0000] {logging_mixin.py:188} INFO - [2024-06-29T12:04:56.870+0000] {dag.py:3954} INFO - Setting next_dagrun for tutorial_taskflow_api to None, run_after=None
[2024-06-29T12:04:56.879+0000] {processor.py:183} INFO - Processing /home/airflow/.local/lib/python3.12/site-packages/airflow/example_dags/tutorial_taskflow_api.py took 0.038 seconds
[2024-06-29T12:05:27.007+0000] {processor.py:161} INFO - Started process (PID=5953) to work on /home/airflow/.local/lib/python3.12/site-packages/airflow/example_dags/tutorial_taskflow_api.py
[2024-06-29T12:05:27.008+0000] {processor.py:830} INFO - Processing file /home/airflow/.local/lib/python3.12/site-packages/airflow/example_dags/tutorial_taskflow_api.py for tasks to queue
[2024-06-29T12:05:27.009+0000] {logging_mixin.py:188} INFO - [2024-06-29T12:05:27.009+0000] {dagbag.py:545} INFO - Filling up the DagBag from /home/airflow/.local/lib/python3.12/site-packages/airflow/example_dags/tutorial_taskflow_api.py
[2024-06-29T12:05:27.013+0000] {processor.py:840} INFO - DAG(s) 'tutorial_taskflow_api' retrieved from /home/airflow/.local/lib/python3.12/site-packages/airflow/example_dags/tutorial_taskflow_api.py
[2024-06-29T12:05:27.026+0000] {logging_mixin.py:188} INFO - [2024-06-29T12:05:27.026+0000] {dag.py:3096} INFO - Sync 1 DAGs
[2024-06-29T12:05:27.033+0000] {logging_mixin.py:188} INFO - [2024-06-29T12:05:27.033+0000] {dag.py:3954} INFO - Setting next_dagrun for tutorial_taskflow_api to None, run_after=None
[2024-06-29T12:05:27.043+0000] {processor.py:183} INFO - Processing /home/airflow/.local/lib/python3.12/site-packages/airflow/example_dags/tutorial_taskflow_api.py took 0.039 seconds
[2024-06-29T12:05:57.381+0000] {processor.py:161} INFO - Started process (PID=6215) to work on /home/airflow/.local/lib/python3.12/site-packages/airflow/example_dags/tutorial_taskflow_api.py
[2024-06-29T12:05:57.382+0000] {processor.py:830} INFO - Processing file /home/airflow/.local/lib/python3.12/site-packages/airflow/example_dags/tutorial_taskflow_api.py for tasks to queue
[2024-06-29T12:05:57.383+0000] {logging_mixin.py:188} INFO - [2024-06-29T12:05:57.383+0000] {dagbag.py:545} INFO - Filling up the DagBag from /home/airflow/.local/lib/python3.12/site-packages/airflow/example_dags/tutorial_taskflow_api.py
[2024-06-29T12:05:57.387+0000] {processor.py:840} INFO - DAG(s) 'tutorial_taskflow_api' retrieved from /home/airflow/.local/lib/python3.12/site-packages/airflow/example_dags/tutorial_taskflow_api.py
[2024-06-29T12:05:57.401+0000] {logging_mixin.py:188} INFO - [2024-06-29T12:05:57.400+0000] {dag.py:3096} INFO - Sync 1 DAGs
[2024-06-29T12:05:57.407+0000] {logging_mixin.py:188} INFO - [2024-06-29T12:05:57.407+0000] {dag.py:3954} INFO - Setting next_dagrun for tutorial_taskflow_api to None, run_after=None
[2024-06-29T12:05:57.416+0000] {processor.py:183} INFO - Processing /home/airflow/.local/lib/python3.12/site-packages/airflow/example_dags/tutorial_taskflow_api.py took 0.038 seconds
[2024-06-29T12:06:27.519+0000] {processor.py:161} INFO - Started process (PID=6477) to work on /home/airflow/.local/lib/python3.12/site-packages/airflow/example_dags/tutorial_taskflow_api.py
[2024-06-29T12:06:27.520+0000] {processor.py:830} INFO - Processing file /home/airflow/.local/lib/python3.12/site-packages/airflow/example_dags/tutorial_taskflow_api.py for tasks to queue
[2024-06-29T12:06:27.521+0000] {logging_mixin.py:188} INFO - [2024-06-29T12:06:27.521+0000] {dagbag.py:545} INFO - Filling up the DagBag from /home/airflow/.local/lib/python3.12/site-packages/airflow/example_dags/tutorial_taskflow_api.py
[2024-06-29T12:06:27.525+0000] {processor.py:840} INFO - DAG(s) 'tutorial_taskflow_api' retrieved from /home/airflow/.local/lib/python3.12/site-packages/airflow/example_dags/tutorial_taskflow_api.py
[2024-06-29T12:06:27.538+0000] {logging_mixin.py:188} INFO - [2024-06-29T12:06:27.538+0000] {dag.py:3096} INFO - Sync 1 DAGs
[2024-06-29T12:06:27.545+0000] {logging_mixin.py:188} INFO - [2024-06-29T12:06:27.545+0000] {dag.py:3954} INFO - Setting next_dagrun for tutorial_taskflow_api to None, run_after=None
[2024-06-29T12:06:27.555+0000] {processor.py:183} INFO - Processing /home/airflow/.local/lib/python3.12/site-packages/airflow/example_dags/tutorial_taskflow_api.py took 0.039 seconds
[2024-06-29T12:06:57.802+0000] {processor.py:161} INFO - Started process (PID=6740) to work on /home/airflow/.local/lib/python3.12/site-packages/airflow/example_dags/tutorial_taskflow_api.py
[2024-06-29T12:06:57.803+0000] {processor.py:830} INFO - Processing file /home/airflow/.local/lib/python3.12/site-packages/airflow/example_dags/tutorial_taskflow_api.py for tasks to queue
[2024-06-29T12:06:57.804+0000] {logging_mixin.py:188} INFO - [2024-06-29T12:06:57.804+0000] {dagbag.py:545} INFO - Filling up the DagBag from /home/airflow/.local/lib/python3.12/site-packages/airflow/example_dags/tutorial_taskflow_api.py
[2024-06-29T12:06:57.808+0000] {processor.py:840} INFO - DAG(s) 'tutorial_taskflow_api' retrieved from /home/airflow/.local/lib/python3.12/site-packages/airflow/example_dags/tutorial_taskflow_api.py
[2024-06-29T12:06:57.821+0000] {logging_mixin.py:188} INFO - [2024-06-29T12:06:57.821+0000] {dag.py:3096} INFO - Sync 1 DAGs
[2024-06-29T12:06:57.828+0000] {logging_mixin.py:188} INFO - [2024-06-29T12:06:57.828+0000] {dag.py:3954} INFO - Setting next_dagrun for tutorial_taskflow_api to None, run_after=None
[2024-06-29T12:06:57.837+0000] {processor.py:183} INFO - Processing /home/airflow/.local/lib/python3.12/site-packages/airflow/example_dags/tutorial_taskflow_api.py took 0.038 seconds
[2024-06-29T12:07:28.039+0000] {processor.py:161} INFO - Started process (PID=7002) to work on /home/airflow/.local/lib/python3.12/site-packages/airflow/example_dags/tutorial_taskflow_api.py
[2024-06-29T12:07:28.040+0000] {processor.py:830} INFO - Processing file /home/airflow/.local/lib/python3.12/site-packages/airflow/example_dags/tutorial_taskflow_api.py for tasks to queue
[2024-06-29T12:07:28.041+0000] {logging_mixin.py:188} INFO - [2024-06-29T12:07:28.041+0000] {dagbag.py:545} INFO - Filling up the DagBag from /home/airflow/.local/lib/python3.12/site-packages/airflow/example_dags/tutorial_taskflow_api.py
[2024-06-29T12:07:28.045+0000] {processor.py:840} INFO - DAG(s) 'tutorial_taskflow_api' retrieved from /home/airflow/.local/lib/python3.12/site-packages/airflow/example_dags/tutorial_taskflow_api.py
[2024-06-29T12:07:28.058+0000] {logging_mixin.py:188} INFO - [2024-06-29T12:07:28.058+0000] {dag.py:3096} INFO - Sync 1 DAGs
[2024-06-29T12:07:28.065+0000] {logging_mixin.py:188} INFO - [2024-06-29T12:07:28.065+0000] {dag.py:3954} INFO - Setting next_dagrun for tutorial_taskflow_api to None, run_after=None
[2024-06-29T12:07:28.074+0000] {processor.py:183} INFO - Processing /home/airflow/.local/lib/python3.12/site-packages/airflow/example_dags/tutorial_taskflow_api.py took 0.038 seconds
[2024-06-29T12:07:58.213+0000] {processor.py:161} INFO - Started process (PID=7264) to work on /home/airflow/.local/lib/python3.12/site-packages/airflow/example_dags/tutorial_taskflow_api.py
[2024-06-29T12:07:58.214+0000] {processor.py:830} INFO - Processing file /home/airflow/.local/lib/python3.12/site-packages/airflow/example_dags/tutorial_taskflow_api.py for tasks to queue
[2024-06-29T12:07:58.215+0000] {logging_mixin.py:188} INFO - [2024-06-29T12:07:58.215+0000] {dagbag.py:545} INFO - Filling up the DagBag from /home/airflow/.local/lib/python3.12/site-packages/airflow/example_dags/tutorial_taskflow_api.py
[2024-06-29T12:07:58.219+0000] {processor.py:840} INFO - DAG(s) 'tutorial_taskflow_api' retrieved from /home/airflow/.local/lib/python3.12/site-packages/airflow/example_dags/tutorial_taskflow_api.py
[2024-06-29T12:07:58.232+0000] {logging_mixin.py:188} INFO - [2024-06-29T12:07:58.232+0000] {dag.py:3096} INFO - Sync 1 DAGs
[2024-06-29T12:07:58.238+0000] {logging_mixin.py:188} INFO - [2024-06-29T12:07:58.238+0000] {dag.py:3954} INFO - Setting next_dagrun for tutorial_taskflow_api to None, run_after=None
[2024-06-29T12:07:58.248+0000] {processor.py:183} INFO - Processing /home/airflow/.local/lib/python3.12/site-packages/airflow/example_dags/tutorial_taskflow_api.py took 0.038 seconds
[2024-06-29T12:08:28.376+0000] {processor.py:161} INFO - Started process (PID=7527) to work on /home/airflow/.local/lib/python3.12/site-packages/airflow/example_dags/tutorial_taskflow_api.py
[2024-06-29T12:08:28.377+0000] {processor.py:830} INFO - Processing file /home/airflow/.local/lib/python3.12/site-packages/airflow/example_dags/tutorial_taskflow_api.py for tasks to queue
[2024-06-29T12:08:28.378+0000] {logging_mixin.py:188} INFO - [2024-06-29T12:08:28.378+0000] {dagbag.py:545} INFO - Filling up the DagBag from /home/airflow/.local/lib/python3.12/site-packages/airflow/example_dags/tutorial_taskflow_api.py
[2024-06-29T12:08:28.382+0000] {processor.py:840} INFO - DAG(s) 'tutorial_taskflow_api' retrieved from /home/airflow/.local/lib/python3.12/site-packages/airflow/example_dags/tutorial_taskflow_api.py
[2024-06-29T12:08:28.395+0000] {logging_mixin.py:188} INFO - [2024-06-29T12:08:28.395+0000] {dag.py:3096} INFO - Sync 1 DAGs
[2024-06-29T12:08:28.402+0000] {logging_mixin.py:188} INFO - [2024-06-29T12:08:28.401+0000] {dag.py:3954} INFO - Setting next_dagrun for tutorial_taskflow_api to None, run_after=None
[2024-06-29T12:08:28.412+0000] {processor.py:183} INFO - Processing /home/airflow/.local/lib/python3.12/site-packages/airflow/example_dags/tutorial_taskflow_api.py took 0.039 seconds
[2024-06-29T12:08:58.646+0000] {processor.py:161} INFO - Started process (PID=7790) to work on /home/airflow/.local/lib/python3.12/site-packages/airflow/example_dags/tutorial_taskflow_api.py
[2024-06-29T12:08:58.646+0000] {processor.py:830} INFO - Processing file /home/airflow/.local/lib/python3.12/site-packages/airflow/example_dags/tutorial_taskflow_api.py for tasks to queue
[2024-06-29T12:08:58.648+0000] {logging_mixin.py:188} INFO - [2024-06-29T12:08:58.647+0000] {dagbag.py:545} INFO - Filling up the DagBag from /home/airflow/.local/lib/python3.12/site-packages/airflow/example_dags/tutorial_taskflow_api.py
[2024-06-29T12:08:58.651+0000] {processor.py:840} INFO - DAG(s) 'tutorial_taskflow_api' retrieved from /home/airflow/.local/lib/python3.12/site-packages/airflow/example_dags/tutorial_taskflow_api.py
[2024-06-29T12:08:58.665+0000] {logging_mixin.py:188} INFO - [2024-06-29T12:08:58.665+0000] {dag.py:3096} INFO - Sync 1 DAGs
[2024-06-29T12:08:58.672+0000] {logging_mixin.py:188} INFO - [2024-06-29T12:08:58.672+0000] {dag.py:3954} INFO - Setting next_dagrun for tutorial_taskflow_api to None, run_after=None
[2024-06-29T12:08:58.681+0000] {processor.py:183} INFO - Processing /home/airflow/.local/lib/python3.12/site-packages/airflow/example_dags/tutorial_taskflow_api.py took 0.039 seconds
[2024-06-29T12:09:28.999+0000] {processor.py:161} INFO - Started process (PID=8052) to work on /home/airflow/.local/lib/python3.12/site-packages/airflow/example_dags/tutorial_taskflow_api.py
[2024-06-29T12:09:29.000+0000] {processor.py:830} INFO - Processing file /home/airflow/.local/lib/python3.12/site-packages/airflow/example_dags/tutorial_taskflow_api.py for tasks to queue
[2024-06-29T12:09:29.001+0000] {logging_mixin.py:188} INFO - [2024-06-29T12:09:29.001+0000] {dagbag.py:545} INFO - Filling up the DagBag from /home/airflow/.local/lib/python3.12/site-packages/airflow/example_dags/tutorial_taskflow_api.py
[2024-06-29T12:09:29.005+0000] {processor.py:840} INFO - DAG(s) 'tutorial_taskflow_api' retrieved from /home/airflow/.local/lib/python3.12/site-packages/airflow/example_dags/tutorial_taskflow_api.py
[2024-06-29T12:09:29.019+0000] {logging_mixin.py:188} INFO - [2024-06-29T12:09:29.019+0000] {dag.py:3096} INFO - Sync 1 DAGs
[2024-06-29T12:09:29.025+0000] {logging_mixin.py:188} INFO - [2024-06-29T12:09:29.025+0000] {dag.py:3954} INFO - Setting next_dagrun for tutorial_taskflow_api to None, run_after=None
[2024-06-29T12:09:29.035+0000] {processor.py:183} INFO - Processing /home/airflow/.local/lib/python3.12/site-packages/airflow/example_dags/tutorial_taskflow_api.py took 0.039 seconds
[2024-06-29T12:09:59.400+0000] {processor.py:161} INFO - Started process (PID=8314) to work on /home/airflow/.local/lib/python3.12/site-packages/airflow/example_dags/tutorial_taskflow_api.py
[2024-06-29T12:09:59.402+0000] {processor.py:830} INFO - Processing file /home/airflow/.local/lib/python3.12/site-packages/airflow/example_dags/tutorial_taskflow_api.py for tasks to queue
[2024-06-29T12:09:59.403+0000] {logging_mixin.py:188} INFO - [2024-06-29T12:09:59.403+0000] {dagbag.py:545} INFO - Filling up the DagBag from /home/airflow/.local/lib/python3.12/site-packages/airflow/example_dags/tutorial_taskflow_api.py
[2024-06-29T12:09:59.407+0000] {processor.py:840} INFO - DAG(s) 'tutorial_taskflow_api' retrieved from /home/airflow/.local/lib/python3.12/site-packages/airflow/example_dags/tutorial_taskflow_api.py
[2024-06-29T12:09:59.424+0000] {logging_mixin.py:188} INFO - [2024-06-29T12:09:59.424+0000] {dag.py:3096} INFO - Sync 1 DAGs
[2024-06-29T12:09:59.435+0000] {logging_mixin.py:188} INFO - [2024-06-29T12:09:59.434+0000] {dag.py:3954} INFO - Setting next_dagrun for tutorial_taskflow_api to None, run_after=None
[2024-06-29T12:09:59.444+0000] {processor.py:183} INFO - Processing /home/airflow/.local/lib/python3.12/site-packages/airflow/example_dags/tutorial_taskflow_api.py took 0.048 seconds
[2024-06-29T12:10:30.110+0000] {processor.py:161} INFO - Started process (PID=8581) to work on /home/airflow/.local/lib/python3.12/site-packages/airflow/example_dags/tutorial_taskflow_api.py
[2024-06-29T12:10:30.111+0000] {processor.py:830} INFO - Processing file /home/airflow/.local/lib/python3.12/site-packages/airflow/example_dags/tutorial_taskflow_api.py for tasks to queue
[2024-06-29T12:10:30.112+0000] {logging_mixin.py:188} INFO - [2024-06-29T12:10:30.112+0000] {dagbag.py:545} INFO - Filling up the DagBag from /home/airflow/.local/lib/python3.12/site-packages/airflow/example_dags/tutorial_taskflow_api.py
[2024-06-29T12:10:30.115+0000] {processor.py:840} INFO - DAG(s) 'tutorial_taskflow_api' retrieved from /home/airflow/.local/lib/python3.12/site-packages/airflow/example_dags/tutorial_taskflow_api.py
[2024-06-29T12:10:30.129+0000] {logging_mixin.py:188} INFO - [2024-06-29T12:10:30.129+0000] {dag.py:3096} INFO - Sync 1 DAGs
[2024-06-29T12:10:30.137+0000] {logging_mixin.py:188} INFO - [2024-06-29T12:10:30.136+0000] {dag.py:3954} INFO - Setting next_dagrun for tutorial_taskflow_api to None, run_after=None
[2024-06-29T12:10:30.146+0000] {processor.py:183} INFO - Processing /home/airflow/.local/lib/python3.12/site-packages/airflow/example_dags/tutorial_taskflow_api.py took 0.040 seconds
[2024-06-29T12:11:00.790+0000] {processor.py:161} INFO - Started process (PID=8843) to work on /home/airflow/.local/lib/python3.12/site-packages/airflow/example_dags/tutorial_taskflow_api.py
[2024-06-29T12:11:00.791+0000] {processor.py:830} INFO - Processing file /home/airflow/.local/lib/python3.12/site-packages/airflow/example_dags/tutorial_taskflow_api.py for tasks to queue
[2024-06-29T12:11:00.792+0000] {logging_mixin.py:188} INFO - [2024-06-29T12:11:00.792+0000] {dagbag.py:545} INFO - Filling up the DagBag from /home/airflow/.local/lib/python3.12/site-packages/airflow/example_dags/tutorial_taskflow_api.py
[2024-06-29T12:11:00.796+0000] {processor.py:840} INFO - DAG(s) 'tutorial_taskflow_api' retrieved from /home/airflow/.local/lib/python3.12/site-packages/airflow/example_dags/tutorial_taskflow_api.py
[2024-06-29T12:11:00.809+0000] {logging_mixin.py:188} INFO - [2024-06-29T12:11:00.809+0000] {dag.py:3096} INFO - Sync 1 DAGs
[2024-06-29T12:11:00.815+0000] {logging_mixin.py:188} INFO - [2024-06-29T12:11:00.815+0000] {dag.py:3954} INFO - Setting next_dagrun for tutorial_taskflow_api to None, run_after=None
[2024-06-29T12:11:00.824+0000] {processor.py:183} INFO - Processing /home/airflow/.local/lib/python3.12/site-packages/airflow/example_dags/tutorial_taskflow_api.py took 0.037 seconds
[2024-06-29T12:11:31.385+0000] {processor.py:161} INFO - Started process (PID=9107) to work on /home/airflow/.local/lib/python3.12/site-packages/airflow/example_dags/tutorial_taskflow_api.py
[2024-06-29T12:11:31.385+0000] {processor.py:830} INFO - Processing file /home/airflow/.local/lib/python3.12/site-packages/airflow/example_dags/tutorial_taskflow_api.py for tasks to queue
[2024-06-29T12:11:31.387+0000] {logging_mixin.py:188} INFO - [2024-06-29T12:11:31.386+0000] {dagbag.py:545} INFO - Filling up the DagBag from /home/airflow/.local/lib/python3.12/site-packages/airflow/example_dags/tutorial_taskflow_api.py
[2024-06-29T12:11:31.390+0000] {processor.py:840} INFO - DAG(s) 'tutorial_taskflow_api' retrieved from /home/airflow/.local/lib/python3.12/site-packages/airflow/example_dags/tutorial_taskflow_api.py
[2024-06-29T12:11:31.404+0000] {logging_mixin.py:188} INFO - [2024-06-29T12:11:31.404+0000] {dag.py:3096} INFO - Sync 1 DAGs
[2024-06-29T12:11:31.410+0000] {logging_mixin.py:188} INFO - [2024-06-29T12:11:31.410+0000] {dag.py:3954} INFO - Setting next_dagrun for tutorial_taskflow_api to None, run_after=None
[2024-06-29T12:11:31.418+0000] {processor.py:183} INFO - Processing /home/airflow/.local/lib/python3.12/site-packages/airflow/example_dags/tutorial_taskflow_api.py took 0.037 seconds
[2024-06-29T12:12:01.667+0000] {processor.py:161} INFO - Started process (PID=9367) to work on /home/airflow/.local/lib/python3.12/site-packages/airflow/example_dags/tutorial_taskflow_api.py
[2024-06-29T12:12:01.668+0000] {processor.py:830} INFO - Processing file /home/airflow/.local/lib/python3.12/site-packages/airflow/example_dags/tutorial_taskflow_api.py for tasks to queue
[2024-06-29T12:12:01.670+0000] {logging_mixin.py:188} INFO - [2024-06-29T12:12:01.670+0000] {dagbag.py:545} INFO - Filling up the DagBag from /home/airflow/.local/lib/python3.12/site-packages/airflow/example_dags/tutorial_taskflow_api.py
[2024-06-29T12:12:01.766+0000] {processor.py:840} INFO - DAG(s) 'tutorial_taskflow_api' retrieved from /home/airflow/.local/lib/python3.12/site-packages/airflow/example_dags/tutorial_taskflow_api.py
[2024-06-29T12:12:01.778+0000] {logging_mixin.py:188} INFO - [2024-06-29T12:12:01.778+0000] {dag.py:3096} INFO - Sync 1 DAGs
[2024-06-29T12:12:01.784+0000] {logging_mixin.py:188} INFO - [2024-06-29T12:12:01.784+0000] {dag.py:3954} INFO - Setting next_dagrun for tutorial_taskflow_api to None, run_after=None
[2024-06-29T12:12:01.793+0000] {processor.py:183} INFO - Processing /home/airflow/.local/lib/python3.12/site-packages/airflow/example_dags/tutorial_taskflow_api.py took 0.132 seconds
[2024-06-29T12:12:32.043+0000] {processor.py:161} INFO - Started process (PID=9630) to work on /home/airflow/.local/lib/python3.12/site-packages/airflow/example_dags/tutorial_taskflow_api.py
[2024-06-29T12:12:32.044+0000] {processor.py:830} INFO - Processing file /home/airflow/.local/lib/python3.12/site-packages/airflow/example_dags/tutorial_taskflow_api.py for tasks to queue
[2024-06-29T12:12:32.045+0000] {logging_mixin.py:188} INFO - [2024-06-29T12:12:32.045+0000] {dagbag.py:545} INFO - Filling up the DagBag from /home/airflow/.local/lib/python3.12/site-packages/airflow/example_dags/tutorial_taskflow_api.py
[2024-06-29T12:12:32.049+0000] {processor.py:840} INFO - DAG(s) 'tutorial_taskflow_api' retrieved from /home/airflow/.local/lib/python3.12/site-packages/airflow/example_dags/tutorial_taskflow_api.py
[2024-06-29T12:12:32.062+0000] {logging_mixin.py:188} INFO - [2024-06-29T12:12:32.062+0000] {dag.py:3096} INFO - Sync 1 DAGs
[2024-06-29T12:12:32.069+0000] {logging_mixin.py:188} INFO - [2024-06-29T12:12:32.069+0000] {dag.py:3954} INFO - Setting next_dagrun for tutorial_taskflow_api to None, run_after=None
[2024-06-29T12:12:32.078+0000] {processor.py:183} INFO - Processing /home/airflow/.local/lib/python3.12/site-packages/airflow/example_dags/tutorial_taskflow_api.py took 0.038 seconds
[2024-06-29T12:13:02.307+0000] {processor.py:161} INFO - Started process (PID=9892) to work on /home/airflow/.local/lib/python3.12/site-packages/airflow/example_dags/tutorial_taskflow_api.py
[2024-06-29T12:13:02.307+0000] {processor.py:830} INFO - Processing file /home/airflow/.local/lib/python3.12/site-packages/airflow/example_dags/tutorial_taskflow_api.py for tasks to queue
[2024-06-29T12:13:02.308+0000] {logging_mixin.py:188} INFO - [2024-06-29T12:13:02.308+0000] {dagbag.py:545} INFO - Filling up the DagBag from /home/airflow/.local/lib/python3.12/site-packages/airflow/example_dags/tutorial_taskflow_api.py
[2024-06-29T12:13:02.312+0000] {processor.py:840} INFO - DAG(s) 'tutorial_taskflow_api' retrieved from /home/airflow/.local/lib/python3.12/site-packages/airflow/example_dags/tutorial_taskflow_api.py
[2024-06-29T12:13:02.326+0000] {logging_mixin.py:188} INFO - [2024-06-29T12:13:02.326+0000] {dag.py:3096} INFO - Sync 1 DAGs
[2024-06-29T12:13:02.333+0000] {logging_mixin.py:188} INFO - [2024-06-29T12:13:02.333+0000] {dag.py:3954} INFO - Setting next_dagrun for tutorial_taskflow_api to None, run_after=None
[2024-06-29T12:13:02.341+0000] {processor.py:183} INFO - Processing /home/airflow/.local/lib/python3.12/site-packages/airflow/example_dags/tutorial_taskflow_api.py took 0.039 seconds
[2024-06-29T12:13:32.547+0000] {processor.py:161} INFO - Started process (PID=10153) to work on /home/airflow/.local/lib/python3.12/site-packages/airflow/example_dags/tutorial_taskflow_api.py
[2024-06-29T12:13:32.548+0000] {processor.py:830} INFO - Processing file /home/airflow/.local/lib/python3.12/site-packages/airflow/example_dags/tutorial_taskflow_api.py for tasks to queue
[2024-06-29T12:13:32.549+0000] {logging_mixin.py:188} INFO - [2024-06-29T12:13:32.549+0000] {dagbag.py:545} INFO - Filling up the DagBag from /home/airflow/.local/lib/python3.12/site-packages/airflow/example_dags/tutorial_taskflow_api.py
[2024-06-29T12:13:32.553+0000] {processor.py:840} INFO - DAG(s) 'tutorial_taskflow_api' retrieved from /home/airflow/.local/lib/python3.12/site-packages/airflow/example_dags/tutorial_taskflow_api.py
[2024-06-29T12:13:32.566+0000] {logging_mixin.py:188} INFO - [2024-06-29T12:13:32.566+0000] {dag.py:3096} INFO - Sync 1 DAGs
[2024-06-29T12:13:32.573+0000] {logging_mixin.py:188} INFO - [2024-06-29T12:13:32.573+0000] {dag.py:3954} INFO - Setting next_dagrun for tutorial_taskflow_api to None, run_after=None
[2024-06-29T12:13:32.582+0000] {processor.py:183} INFO - Processing /home/airflow/.local/lib/python3.12/site-packages/airflow/example_dags/tutorial_taskflow_api.py took 0.039 seconds
[2024-06-29T12:14:02.709+0000] {processor.py:161} INFO - Started process (PID=10415) to work on /home/airflow/.local/lib/python3.12/site-packages/airflow/example_dags/tutorial_taskflow_api.py
[2024-06-29T12:14:02.710+0000] {processor.py:830} INFO - Processing file /home/airflow/.local/lib/python3.12/site-packages/airflow/example_dags/tutorial_taskflow_api.py for tasks to queue
[2024-06-29T12:14:02.711+0000] {logging_mixin.py:188} INFO - [2024-06-29T12:14:02.711+0000] {dagbag.py:545} INFO - Filling up the DagBag from /home/airflow/.local/lib/python3.12/site-packages/airflow/example_dags/tutorial_taskflow_api.py
[2024-06-29T12:14:02.715+0000] {processor.py:840} INFO - DAG(s) 'tutorial_taskflow_api' retrieved from /home/airflow/.local/lib/python3.12/site-packages/airflow/example_dags/tutorial_taskflow_api.py
[2024-06-29T12:14:02.728+0000] {logging_mixin.py:188} INFO - [2024-06-29T12:14:02.728+0000] {dag.py:3096} INFO - Sync 1 DAGs
[2024-06-29T12:14:02.735+0000] {logging_mixin.py:188} INFO - [2024-06-29T12:14:02.735+0000] {dag.py:3954} INFO - Setting next_dagrun for tutorial_taskflow_api to None, run_after=None
[2024-06-29T12:14:02.744+0000] {processor.py:183} INFO - Processing /home/airflow/.local/lib/python3.12/site-packages/airflow/example_dags/tutorial_taskflow_api.py took 0.038 seconds
[2024-06-29T12:14:32.845+0000] {processor.py:161} INFO - Started process (PID=10677) to work on /home/airflow/.local/lib/python3.12/site-packages/airflow/example_dags/tutorial_taskflow_api.py
[2024-06-29T12:14:32.846+0000] {processor.py:830} INFO - Processing file /home/airflow/.local/lib/python3.12/site-packages/airflow/example_dags/tutorial_taskflow_api.py for tasks to queue
[2024-06-29T12:14:32.847+0000] {logging_mixin.py:188} INFO - [2024-06-29T12:14:32.847+0000] {dagbag.py:545} INFO - Filling up the DagBag from /home/airflow/.local/lib/python3.12/site-packages/airflow/example_dags/tutorial_taskflow_api.py
[2024-06-29T12:14:32.851+0000] {processor.py:840} INFO - DAG(s) 'tutorial_taskflow_api' retrieved from /home/airflow/.local/lib/python3.12/site-packages/airflow/example_dags/tutorial_taskflow_api.py
[2024-06-29T12:14:32.865+0000] {logging_mixin.py:188} INFO - [2024-06-29T12:14:32.865+0000] {dag.py:3096} INFO - Sync 1 DAGs
[2024-06-29T12:14:32.871+0000] {logging_mixin.py:188} INFO - [2024-06-29T12:14:32.871+0000] {dag.py:3954} INFO - Setting next_dagrun for tutorial_taskflow_api to None, run_after=None
[2024-06-29T12:14:32.880+0000] {processor.py:183} INFO - Processing /home/airflow/.local/lib/python3.12/site-packages/airflow/example_dags/tutorial_taskflow_api.py took 0.038 seconds
[2024-06-29T12:15:03.765+0000] {processor.py:161} INFO - Started process (PID=10933) to work on /home/airflow/.local/lib/python3.12/site-packages/airflow/example_dags/tutorial_taskflow_api.py
[2024-06-29T12:15:03.766+0000] {processor.py:830} INFO - Processing file /home/airflow/.local/lib/python3.12/site-packages/airflow/example_dags/tutorial_taskflow_api.py for tasks to queue
[2024-06-29T12:15:03.767+0000] {logging_mixin.py:188} INFO - [2024-06-29T12:15:03.767+0000] {dagbag.py:545} INFO - Filling up the DagBag from /home/airflow/.local/lib/python3.12/site-packages/airflow/example_dags/tutorial_taskflow_api.py
[2024-06-29T12:15:03.771+0000] {processor.py:840} INFO - DAG(s) 'tutorial_taskflow_api' retrieved from /home/airflow/.local/lib/python3.12/site-packages/airflow/example_dags/tutorial_taskflow_api.py
[2024-06-29T12:15:03.785+0000] {logging_mixin.py:188} INFO - [2024-06-29T12:15:03.785+0000] {dag.py:3096} INFO - Sync 1 DAGs
[2024-06-29T12:15:03.791+0000] {logging_mixin.py:188} INFO - [2024-06-29T12:15:03.791+0000] {dag.py:3954} INFO - Setting next_dagrun for tutorial_taskflow_api to None, run_after=None
[2024-06-29T12:15:03.800+0000] {processor.py:183} INFO - Processing /home/airflow/.local/lib/python3.12/site-packages/airflow/example_dags/tutorial_taskflow_api.py took 0.039 seconds
[2024-06-29T12:15:33.984+0000] {processor.py:161} INFO - Started process (PID=11195) to work on /home/airflow/.local/lib/python3.12/site-packages/airflow/example_dags/tutorial_taskflow_api.py
[2024-06-29T12:15:33.984+0000] {processor.py:830} INFO - Processing file /home/airflow/.local/lib/python3.12/site-packages/airflow/example_dags/tutorial_taskflow_api.py for tasks to queue
[2024-06-29T12:15:33.986+0000] {logging_mixin.py:188} INFO - [2024-06-29T12:15:33.985+0000] {dagbag.py:545} INFO - Filling up the DagBag from /home/airflow/.local/lib/python3.12/site-packages/airflow/example_dags/tutorial_taskflow_api.py
[2024-06-29T12:15:33.989+0000] {processor.py:840} INFO - DAG(s) 'tutorial_taskflow_api' retrieved from /home/airflow/.local/lib/python3.12/site-packages/airflow/example_dags/tutorial_taskflow_api.py
[2024-06-29T12:15:34.003+0000] {logging_mixin.py:188} INFO - [2024-06-29T12:15:34.003+0000] {dag.py:3096} INFO - Sync 1 DAGs
[2024-06-29T12:15:34.010+0000] {logging_mixin.py:188} INFO - [2024-06-29T12:15:34.010+0000] {dag.py:3954} INFO - Setting next_dagrun for tutorial_taskflow_api to None, run_after=None
[2024-06-29T12:15:34.022+0000] {processor.py:183} INFO - Processing /home/airflow/.local/lib/python3.12/site-packages/airflow/example_dags/tutorial_taskflow_api.py took 0.043 seconds
[2024-06-29T12:16:04.152+0000] {processor.py:161} INFO - Started process (PID=11460) to work on /home/airflow/.local/lib/python3.12/site-packages/airflow/example_dags/tutorial_taskflow_api.py
[2024-06-29T12:16:04.152+0000] {processor.py:830} INFO - Processing file /home/airflow/.local/lib/python3.12/site-packages/airflow/example_dags/tutorial_taskflow_api.py for tasks to queue
[2024-06-29T12:16:04.154+0000] {logging_mixin.py:188} INFO - [2024-06-29T12:16:04.153+0000] {dagbag.py:545} INFO - Filling up the DagBag from /home/airflow/.local/lib/python3.12/site-packages/airflow/example_dags/tutorial_taskflow_api.py
[2024-06-29T12:16:04.158+0000] {processor.py:840} INFO - DAG(s) 'tutorial_taskflow_api' retrieved from /home/airflow/.local/lib/python3.12/site-packages/airflow/example_dags/tutorial_taskflow_api.py
[2024-06-29T12:16:04.172+0000] {logging_mixin.py:188} INFO - [2024-06-29T12:16:04.172+0000] {dag.py:3096} INFO - Sync 1 DAGs
[2024-06-29T12:16:04.180+0000] {logging_mixin.py:188} INFO - [2024-06-29T12:16:04.180+0000] {dag.py:3954} INFO - Setting next_dagrun for tutorial_taskflow_api to None, run_after=None
[2024-06-29T12:16:04.191+0000] {processor.py:183} INFO - Processing /home/airflow/.local/lib/python3.12/site-packages/airflow/example_dags/tutorial_taskflow_api.py took 0.043 seconds
[2024-06-29T12:16:34.316+0000] {processor.py:161} INFO - Started process (PID=11720) to work on /home/airflow/.local/lib/python3.12/site-packages/airflow/example_dags/tutorial_taskflow_api.py
[2024-06-29T12:16:34.317+0000] {processor.py:830} INFO - Processing file /home/airflow/.local/lib/python3.12/site-packages/airflow/example_dags/tutorial_taskflow_api.py for tasks to queue
[2024-06-29T12:16:34.318+0000] {logging_mixin.py:188} INFO - [2024-06-29T12:16:34.318+0000] {dagbag.py:545} INFO - Filling up the DagBag from /home/airflow/.local/lib/python3.12/site-packages/airflow/example_dags/tutorial_taskflow_api.py
[2024-06-29T12:16:34.324+0000] {processor.py:840} INFO - DAG(s) 'tutorial_taskflow_api' retrieved from /home/airflow/.local/lib/python3.12/site-packages/airflow/example_dags/tutorial_taskflow_api.py
[2024-06-29T12:16:34.344+0000] {logging_mixin.py:188} INFO - [2024-06-29T12:16:34.344+0000] {dag.py:3096} INFO - Sync 1 DAGs
[2024-06-29T12:16:34.353+0000] {logging_mixin.py:188} INFO - [2024-06-29T12:16:34.353+0000] {dag.py:3954} INFO - Setting next_dagrun for tutorial_taskflow_api to None, run_after=None
[2024-06-29T12:16:34.367+0000] {processor.py:183} INFO - Processing /home/airflow/.local/lib/python3.12/site-packages/airflow/example_dags/tutorial_taskflow_api.py took 0.055 seconds
[2024-06-29T12:17:04.570+0000] {processor.py:161} INFO - Started process (PID=11982) to work on /home/airflow/.local/lib/python3.12/site-packages/airflow/example_dags/tutorial_taskflow_api.py
[2024-06-29T12:17:04.572+0000] {processor.py:830} INFO - Processing file /home/airflow/.local/lib/python3.12/site-packages/airflow/example_dags/tutorial_taskflow_api.py for tasks to queue
[2024-06-29T12:17:04.573+0000] {logging_mixin.py:188} INFO - [2024-06-29T12:17:04.573+0000] {dagbag.py:545} INFO - Filling up the DagBag from /home/airflow/.local/lib/python3.12/site-packages/airflow/example_dags/tutorial_taskflow_api.py
[2024-06-29T12:17:04.577+0000] {processor.py:840} INFO - DAG(s) 'tutorial_taskflow_api' retrieved from /home/airflow/.local/lib/python3.12/site-packages/airflow/example_dags/tutorial_taskflow_api.py
[2024-06-29T12:17:04.594+0000] {logging_mixin.py:188} INFO - [2024-06-29T12:17:04.594+0000] {dag.py:3096} INFO - Sync 1 DAGs
[2024-06-29T12:17:04.601+0000] {logging_mixin.py:188} INFO - [2024-06-29T12:17:04.601+0000] {dag.py:3954} INFO - Setting next_dagrun for tutorial_taskflow_api to None, run_after=None
[2024-06-29T12:17:04.613+0000] {processor.py:183} INFO - Processing /home/airflow/.local/lib/python3.12/site-packages/airflow/example_dags/tutorial_taskflow_api.py took 0.047 seconds
[2024-06-29T12:17:34.657+0000] {processor.py:161} INFO - Started process (PID=12244) to work on /home/airflow/.local/lib/python3.12/site-packages/airflow/example_dags/tutorial_taskflow_api.py
[2024-06-29T12:17:34.658+0000] {processor.py:830} INFO - Processing file /home/airflow/.local/lib/python3.12/site-packages/airflow/example_dags/tutorial_taskflow_api.py for tasks to queue
[2024-06-29T12:17:34.659+0000] {logging_mixin.py:188} INFO - [2024-06-29T12:17:34.659+0000] {dagbag.py:545} INFO - Filling up the DagBag from /home/airflow/.local/lib/python3.12/site-packages/airflow/example_dags/tutorial_taskflow_api.py
[2024-06-29T12:17:34.663+0000] {processor.py:840} INFO - DAG(s) 'tutorial_taskflow_api' retrieved from /home/airflow/.local/lib/python3.12/site-packages/airflow/example_dags/tutorial_taskflow_api.py
[2024-06-29T12:17:34.677+0000] {logging_mixin.py:188} INFO - [2024-06-29T12:17:34.677+0000] {dag.py:3096} INFO - Sync 1 DAGs
[2024-06-29T12:17:34.683+0000] {logging_mixin.py:188} INFO - [2024-06-29T12:17:34.683+0000] {dag.py:3954} INFO - Setting next_dagrun for tutorial_taskflow_api to None, run_after=None
[2024-06-29T12:17:34.692+0000] {processor.py:183} INFO - Processing /home/airflow/.local/lib/python3.12/site-packages/airflow/example_dags/tutorial_taskflow_api.py took 0.038 seconds
[2024-06-29T12:18:04.876+0000] {processor.py:161} INFO - Started process (PID=12506) to work on /home/airflow/.local/lib/python3.12/site-packages/airflow/example_dags/tutorial_taskflow_api.py
[2024-06-29T12:18:04.876+0000] {processor.py:830} INFO - Processing file /home/airflow/.local/lib/python3.12/site-packages/airflow/example_dags/tutorial_taskflow_api.py for tasks to queue
[2024-06-29T12:18:04.878+0000] {logging_mixin.py:188} INFO - [2024-06-29T12:18:04.877+0000] {dagbag.py:545} INFO - Filling up the DagBag from /home/airflow/.local/lib/python3.12/site-packages/airflow/example_dags/tutorial_taskflow_api.py
[2024-06-29T12:18:04.881+0000] {processor.py:840} INFO - DAG(s) 'tutorial_taskflow_api' retrieved from /home/airflow/.local/lib/python3.12/site-packages/airflow/example_dags/tutorial_taskflow_api.py
[2024-06-29T12:18:04.895+0000] {logging_mixin.py:188} INFO - [2024-06-29T12:18:04.895+0000] {dag.py:3096} INFO - Sync 1 DAGs
[2024-06-29T12:18:04.902+0000] {logging_mixin.py:188} INFO - [2024-06-29T12:18:04.902+0000] {dag.py:3954} INFO - Setting next_dagrun for tutorial_taskflow_api to None, run_after=None
[2024-06-29T12:18:04.912+0000] {processor.py:183} INFO - Processing /home/airflow/.local/lib/python3.12/site-packages/airflow/example_dags/tutorial_taskflow_api.py took 0.040 seconds
[2024-06-29T12:18:35.187+0000] {processor.py:161} INFO - Started process (PID=12767) to work on /home/airflow/.local/lib/python3.12/site-packages/airflow/example_dags/tutorial_taskflow_api.py
[2024-06-29T12:18:35.188+0000] {processor.py:830} INFO - Processing file /home/airflow/.local/lib/python3.12/site-packages/airflow/example_dags/tutorial_taskflow_api.py for tasks to queue
[2024-06-29T12:18:35.190+0000] {logging_mixin.py:188} INFO - [2024-06-29T12:18:35.189+0000] {dagbag.py:545} INFO - Filling up the DagBag from /home/airflow/.local/lib/python3.12/site-packages/airflow/example_dags/tutorial_taskflow_api.py
[2024-06-29T12:18:35.194+0000] {processor.py:840} INFO - DAG(s) 'tutorial_taskflow_api' retrieved from /home/airflow/.local/lib/python3.12/site-packages/airflow/example_dags/tutorial_taskflow_api.py
[2024-06-29T12:18:35.210+0000] {logging_mixin.py:188} INFO - [2024-06-29T12:18:35.210+0000] {dag.py:3096} INFO - Sync 1 DAGs
[2024-06-29T12:18:35.218+0000] {logging_mixin.py:188} INFO - [2024-06-29T12:18:35.218+0000] {dag.py:3954} INFO - Setting next_dagrun for tutorial_taskflow_api to None, run_after=None
[2024-06-29T12:18:35.232+0000] {processor.py:183} INFO - Processing /home/airflow/.local/lib/python3.12/site-packages/airflow/example_dags/tutorial_taskflow_api.py took 0.050 seconds
[2024-06-29T12:19:05.404+0000] {processor.py:161} INFO - Started process (PID=13030) to work on /home/airflow/.local/lib/python3.12/site-packages/airflow/example_dags/tutorial_taskflow_api.py
[2024-06-29T12:19:05.404+0000] {processor.py:830} INFO - Processing file /home/airflow/.local/lib/python3.12/site-packages/airflow/example_dags/tutorial_taskflow_api.py for tasks to queue
[2024-06-29T12:19:05.405+0000] {logging_mixin.py:188} INFO - [2024-06-29T12:19:05.405+0000] {dagbag.py:545} INFO - Filling up the DagBag from /home/airflow/.local/lib/python3.12/site-packages/airflow/example_dags/tutorial_taskflow_api.py
[2024-06-29T12:19:05.409+0000] {processor.py:840} INFO - DAG(s) 'tutorial_taskflow_api' retrieved from /home/airflow/.local/lib/python3.12/site-packages/airflow/example_dags/tutorial_taskflow_api.py
[2024-06-29T12:19:05.423+0000] {logging_mixin.py:188} INFO - [2024-06-29T12:19:05.423+0000] {dag.py:3096} INFO - Sync 1 DAGs
[2024-06-29T12:19:05.430+0000] {logging_mixin.py:188} INFO - [2024-06-29T12:19:05.430+0000] {dag.py:3954} INFO - Setting next_dagrun for tutorial_taskflow_api to None, run_after=None
[2024-06-29T12:19:05.439+0000] {processor.py:183} INFO - Processing /home/airflow/.local/lib/python3.12/site-packages/airflow/example_dags/tutorial_taskflow_api.py took 0.039 seconds
[2024-06-29T12:19:36.419+0000] {processor.py:161} INFO - Started process (PID=13292) to work on /home/airflow/.local/lib/python3.12/site-packages/airflow/example_dags/tutorial_taskflow_api.py
[2024-06-29T12:19:36.420+0000] {processor.py:830} INFO - Processing file /home/airflow/.local/lib/python3.12/site-packages/airflow/example_dags/tutorial_taskflow_api.py for tasks to queue
[2024-06-29T12:19:36.421+0000] {logging_mixin.py:188} INFO - [2024-06-29T12:19:36.421+0000] {dagbag.py:545} INFO - Filling up the DagBag from /home/airflow/.local/lib/python3.12/site-packages/airflow/example_dags/tutorial_taskflow_api.py
[2024-06-29T12:19:36.425+0000] {processor.py:840} INFO - DAG(s) 'tutorial_taskflow_api' retrieved from /home/airflow/.local/lib/python3.12/site-packages/airflow/example_dags/tutorial_taskflow_api.py
[2024-06-29T12:19:36.439+0000] {logging_mixin.py:188} INFO - [2024-06-29T12:19:36.439+0000] {dag.py:3096} INFO - Sync 1 DAGs
[2024-06-29T12:19:36.446+0000] {logging_mixin.py:188} INFO - [2024-06-29T12:19:36.446+0000] {dag.py:3954} INFO - Setting next_dagrun for tutorial_taskflow_api to None, run_after=None
[2024-06-29T12:19:36.457+0000] {processor.py:183} INFO - Processing /home/airflow/.local/lib/python3.12/site-packages/airflow/example_dags/tutorial_taskflow_api.py took 0.041 seconds
[2024-06-29T12:20:06.589+0000] {processor.py:161} INFO - Started process (PID=13556) to work on /home/airflow/.local/lib/python3.12/site-packages/airflow/example_dags/tutorial_taskflow_api.py
[2024-06-29T12:20:06.590+0000] {processor.py:830} INFO - Processing file /home/airflow/.local/lib/python3.12/site-packages/airflow/example_dags/tutorial_taskflow_api.py for tasks to queue
[2024-06-29T12:20:06.591+0000] {logging_mixin.py:188} INFO - [2024-06-29T12:20:06.591+0000] {dagbag.py:545} INFO - Filling up the DagBag from /home/airflow/.local/lib/python3.12/site-packages/airflow/example_dags/tutorial_taskflow_api.py
[2024-06-29T12:20:06.595+0000] {processor.py:840} INFO - DAG(s) 'tutorial_taskflow_api' retrieved from /home/airflow/.local/lib/python3.12/site-packages/airflow/example_dags/tutorial_taskflow_api.py
[2024-06-29T12:20:06.609+0000] {logging_mixin.py:188} INFO - [2024-06-29T12:20:06.608+0000] {dag.py:3096} INFO - Sync 1 DAGs
[2024-06-29T12:20:06.615+0000] {logging_mixin.py:188} INFO - [2024-06-29T12:20:06.615+0000] {dag.py:3954} INFO - Setting next_dagrun for tutorial_taskflow_api to None, run_after=None
[2024-06-29T12:20:06.624+0000] {processor.py:183} INFO - Processing /home/airflow/.local/lib/python3.12/site-packages/airflow/example_dags/tutorial_taskflow_api.py took 0.039 seconds
[2024-06-29T12:20:36.811+0000] {processor.py:161} INFO - Started process (PID=13818) to work on /home/airflow/.local/lib/python3.12/site-packages/airflow/example_dags/tutorial_taskflow_api.py
[2024-06-29T12:20:36.812+0000] {processor.py:830} INFO - Processing file /home/airflow/.local/lib/python3.12/site-packages/airflow/example_dags/tutorial_taskflow_api.py for tasks to queue
[2024-06-29T12:20:36.813+0000] {logging_mixin.py:188} INFO - [2024-06-29T12:20:36.813+0000] {dagbag.py:545} INFO - Filling up the DagBag from /home/airflow/.local/lib/python3.12/site-packages/airflow/example_dags/tutorial_taskflow_api.py
[2024-06-29T12:20:36.819+0000] {processor.py:840} INFO - DAG(s) 'tutorial_taskflow_api' retrieved from /home/airflow/.local/lib/python3.12/site-packages/airflow/example_dags/tutorial_taskflow_api.py
[2024-06-29T12:20:36.834+0000] {logging_mixin.py:188} INFO - [2024-06-29T12:20:36.834+0000] {dag.py:3096} INFO - Sync 1 DAGs
[2024-06-29T12:20:36.842+0000] {logging_mixin.py:188} INFO - [2024-06-29T12:20:36.842+0000] {dag.py:3954} INFO - Setting next_dagrun for tutorial_taskflow_api to None, run_after=None
[2024-06-29T12:20:36.851+0000] {processor.py:183} INFO - Processing /home/airflow/.local/lib/python3.12/site-packages/airflow/example_dags/tutorial_taskflow_api.py took 0.045 seconds
[2024-06-29T12:21:07.013+0000] {processor.py:161} INFO - Started process (PID=14078) to work on /home/airflow/.local/lib/python3.12/site-packages/airflow/example_dags/tutorial_taskflow_api.py
[2024-06-29T12:21:07.013+0000] {processor.py:830} INFO - Processing file /home/airflow/.local/lib/python3.12/site-packages/airflow/example_dags/tutorial_taskflow_api.py for tasks to queue
[2024-06-29T12:21:07.014+0000] {logging_mixin.py:188} INFO - [2024-06-29T12:21:07.014+0000] {dagbag.py:545} INFO - Filling up the DagBag from /home/airflow/.local/lib/python3.12/site-packages/airflow/example_dags/tutorial_taskflow_api.py
[2024-06-29T12:21:07.018+0000] {processor.py:840} INFO - DAG(s) 'tutorial_taskflow_api' retrieved from /home/airflow/.local/lib/python3.12/site-packages/airflow/example_dags/tutorial_taskflow_api.py
[2024-06-29T12:21:07.032+0000] {logging_mixin.py:188} INFO - [2024-06-29T12:21:07.031+0000] {dag.py:3096} INFO - Sync 1 DAGs
[2024-06-29T12:21:07.038+0000] {logging_mixin.py:188} INFO - [2024-06-29T12:21:07.038+0000] {dag.py:3954} INFO - Setting next_dagrun for tutorial_taskflow_api to None, run_after=None
[2024-06-29T12:21:07.048+0000] {processor.py:183} INFO - Processing /home/airflow/.local/lib/python3.12/site-packages/airflow/example_dags/tutorial_taskflow_api.py took 0.039 seconds
[2024-06-29T12:21:37.275+0000] {processor.py:161} INFO - Started process (PID=14340) to work on /home/airflow/.local/lib/python3.12/site-packages/airflow/example_dags/tutorial_taskflow_api.py
[2024-06-29T12:21:37.276+0000] {processor.py:830} INFO - Processing file /home/airflow/.local/lib/python3.12/site-packages/airflow/example_dags/tutorial_taskflow_api.py for tasks to queue
[2024-06-29T12:21:37.277+0000] {logging_mixin.py:188} INFO - [2024-06-29T12:21:37.277+0000] {dagbag.py:545} INFO - Filling up the DagBag from /home/airflow/.local/lib/python3.12/site-packages/airflow/example_dags/tutorial_taskflow_api.py
[2024-06-29T12:21:37.281+0000] {processor.py:840} INFO - DAG(s) 'tutorial_taskflow_api' retrieved from /home/airflow/.local/lib/python3.12/site-packages/airflow/example_dags/tutorial_taskflow_api.py
[2024-06-29T12:21:37.294+0000] {logging_mixin.py:188} INFO - [2024-06-29T12:21:37.294+0000] {dag.py:3096} INFO - Sync 1 DAGs
[2024-06-29T12:21:37.302+0000] {logging_mixin.py:188} INFO - [2024-06-29T12:21:37.302+0000] {dag.py:3954} INFO - Setting next_dagrun for tutorial_taskflow_api to None, run_after=None
[2024-06-29T12:21:37.312+0000] {processor.py:183} INFO - Processing /home/airflow/.local/lib/python3.12/site-packages/airflow/example_dags/tutorial_taskflow_api.py took 0.040 seconds
[2024-06-29T12:22:07.377+0000] {processor.py:161} INFO - Started process (PID=14602) to work on /home/airflow/.local/lib/python3.12/site-packages/airflow/example_dags/tutorial_taskflow_api.py
[2024-06-29T12:22:07.378+0000] {processor.py:830} INFO - Processing file /home/airflow/.local/lib/python3.12/site-packages/airflow/example_dags/tutorial_taskflow_api.py for tasks to queue
[2024-06-29T12:22:07.379+0000] {logging_mixin.py:188} INFO - [2024-06-29T12:22:07.379+0000] {dagbag.py:545} INFO - Filling up the DagBag from /home/airflow/.local/lib/python3.12/site-packages/airflow/example_dags/tutorial_taskflow_api.py
[2024-06-29T12:22:07.383+0000] {processor.py:840} INFO - DAG(s) 'tutorial_taskflow_api' retrieved from /home/airflow/.local/lib/python3.12/site-packages/airflow/example_dags/tutorial_taskflow_api.py
[2024-06-29T12:22:07.396+0000] {logging_mixin.py:188} INFO - [2024-06-29T12:22:07.396+0000] {dag.py:3096} INFO - Sync 1 DAGs
[2024-06-29T12:22:07.403+0000] {logging_mixin.py:188} INFO - [2024-06-29T12:22:07.403+0000] {dag.py:3954} INFO - Setting next_dagrun for tutorial_taskflow_api to None, run_after=None
[2024-06-29T12:22:07.412+0000] {processor.py:183} INFO - Processing /home/airflow/.local/lib/python3.12/site-packages/airflow/example_dags/tutorial_taskflow_api.py took 0.038 seconds
[2024-06-29T12:22:37.611+0000] {processor.py:161} INFO - Started process (PID=14865) to work on /home/airflow/.local/lib/python3.12/site-packages/airflow/example_dags/tutorial_taskflow_api.py
[2024-06-29T12:22:37.611+0000] {processor.py:830} INFO - Processing file /home/airflow/.local/lib/python3.12/site-packages/airflow/example_dags/tutorial_taskflow_api.py for tasks to queue
[2024-06-29T12:22:37.612+0000] {logging_mixin.py:188} INFO - [2024-06-29T12:22:37.612+0000] {dagbag.py:545} INFO - Filling up the DagBag from /home/airflow/.local/lib/python3.12/site-packages/airflow/example_dags/tutorial_taskflow_api.py
[2024-06-29T12:22:37.616+0000] {processor.py:840} INFO - DAG(s) 'tutorial_taskflow_api' retrieved from /home/airflow/.local/lib/python3.12/site-packages/airflow/example_dags/tutorial_taskflow_api.py
[2024-06-29T12:22:37.630+0000] {logging_mixin.py:188} INFO - [2024-06-29T12:22:37.630+0000] {dag.py:3096} INFO - Sync 1 DAGs
[2024-06-29T12:22:37.637+0000] {logging_mixin.py:188} INFO - [2024-06-29T12:22:37.637+0000] {dag.py:3954} INFO - Setting next_dagrun for tutorial_taskflow_api to None, run_after=None
[2024-06-29T12:22:37.646+0000] {processor.py:183} INFO - Processing /home/airflow/.local/lib/python3.12/site-packages/airflow/example_dags/tutorial_taskflow_api.py took 0.039 seconds
[2024-06-29T12:23:07.811+0000] {processor.py:161} INFO - Started process (PID=15127) to work on /home/airflow/.local/lib/python3.12/site-packages/airflow/example_dags/tutorial_taskflow_api.py
[2024-06-29T12:23:07.812+0000] {processor.py:830} INFO - Processing file /home/airflow/.local/lib/python3.12/site-packages/airflow/example_dags/tutorial_taskflow_api.py for tasks to queue
[2024-06-29T12:23:07.813+0000] {logging_mixin.py:188} INFO - [2024-06-29T12:23:07.813+0000] {dagbag.py:545} INFO - Filling up the DagBag from /home/airflow/.local/lib/python3.12/site-packages/airflow/example_dags/tutorial_taskflow_api.py
[2024-06-29T12:23:07.817+0000] {processor.py:840} INFO - DAG(s) 'tutorial_taskflow_api' retrieved from /home/airflow/.local/lib/python3.12/site-packages/airflow/example_dags/tutorial_taskflow_api.py
[2024-06-29T12:23:07.831+0000] {logging_mixin.py:188} INFO - [2024-06-29T12:23:07.830+0000] {dag.py:3096} INFO - Sync 1 DAGs
[2024-06-29T12:23:07.837+0000] {logging_mixin.py:188} INFO - [2024-06-29T12:23:07.837+0000] {dag.py:3954} INFO - Setting next_dagrun for tutorial_taskflow_api to None, run_after=None
[2024-06-29T12:23:07.846+0000] {processor.py:183} INFO - Processing /home/airflow/.local/lib/python3.12/site-packages/airflow/example_dags/tutorial_taskflow_api.py took 0.039 seconds
[2024-06-29T12:23:37.972+0000] {processor.py:161} INFO - Started process (PID=15384) to work on /home/airflow/.local/lib/python3.12/site-packages/airflow/example_dags/tutorial_taskflow_api.py
[2024-06-29T12:23:37.973+0000] {processor.py:830} INFO - Processing file /home/airflow/.local/lib/python3.12/site-packages/airflow/example_dags/tutorial_taskflow_api.py for tasks to queue
[2024-06-29T12:23:37.974+0000] {logging_mixin.py:188} INFO - [2024-06-29T12:23:37.973+0000] {dagbag.py:545} INFO - Filling up the DagBag from /home/airflow/.local/lib/python3.12/site-packages/airflow/example_dags/tutorial_taskflow_api.py
[2024-06-29T12:23:37.977+0000] {processor.py:840} INFO - DAG(s) 'tutorial_taskflow_api' retrieved from /home/airflow/.local/lib/python3.12/site-packages/airflow/example_dags/tutorial_taskflow_api.py
[2024-06-29T12:23:37.991+0000] {logging_mixin.py:188} INFO - [2024-06-29T12:23:37.991+0000] {dag.py:3096} INFO - Sync 1 DAGs
[2024-06-29T12:23:37.999+0000] {logging_mixin.py:188} INFO - [2024-06-29T12:23:37.999+0000] {dag.py:3954} INFO - Setting next_dagrun for tutorial_taskflow_api to None, run_after=None
[2024-06-29T12:23:38.012+0000] {processor.py:183} INFO - Processing /home/airflow/.local/lib/python3.12/site-packages/airflow/example_dags/tutorial_taskflow_api.py took 0.044 seconds
[2024-06-29T12:24:08.166+0000] {processor.py:161} INFO - Started process (PID=15647) to work on /home/airflow/.local/lib/python3.12/site-packages/airflow/example_dags/tutorial_taskflow_api.py
[2024-06-29T12:24:08.166+0000] {processor.py:830} INFO - Processing file /home/airflow/.local/lib/python3.12/site-packages/airflow/example_dags/tutorial_taskflow_api.py for tasks to queue
[2024-06-29T12:24:08.168+0000] {logging_mixin.py:188} INFO - [2024-06-29T12:24:08.167+0000] {dagbag.py:545} INFO - Filling up the DagBag from /home/airflow/.local/lib/python3.12/site-packages/airflow/example_dags/tutorial_taskflow_api.py
[2024-06-29T12:24:08.171+0000] {processor.py:840} INFO - DAG(s) 'tutorial_taskflow_api' retrieved from /home/airflow/.local/lib/python3.12/site-packages/airflow/example_dags/tutorial_taskflow_api.py
[2024-06-29T12:24:08.188+0000] {logging_mixin.py:188} INFO - [2024-06-29T12:24:08.187+0000] {dag.py:3096} INFO - Sync 1 DAGs
[2024-06-29T12:24:08.195+0000] {logging_mixin.py:188} INFO - [2024-06-29T12:24:08.195+0000] {dag.py:3954} INFO - Setting next_dagrun for tutorial_taskflow_api to None, run_after=None
[2024-06-29T12:24:08.204+0000] {processor.py:183} INFO - Processing /home/airflow/.local/lib/python3.12/site-packages/airflow/example_dags/tutorial_taskflow_api.py took 0.042 seconds
[2024-06-29T12:24:38.331+0000] {processor.py:161} INFO - Started process (PID=15910) to work on /home/airflow/.local/lib/python3.12/site-packages/airflow/example_dags/tutorial_taskflow_api.py
[2024-06-29T12:24:38.332+0000] {processor.py:830} INFO - Processing file /home/airflow/.local/lib/python3.12/site-packages/airflow/example_dags/tutorial_taskflow_api.py for tasks to queue
[2024-06-29T12:24:38.333+0000] {logging_mixin.py:188} INFO - [2024-06-29T12:24:38.333+0000] {dagbag.py:545} INFO - Filling up the DagBag from /home/airflow/.local/lib/python3.12/site-packages/airflow/example_dags/tutorial_taskflow_api.py
[2024-06-29T12:24:38.337+0000] {processor.py:840} INFO - DAG(s) 'tutorial_taskflow_api' retrieved from /home/airflow/.local/lib/python3.12/site-packages/airflow/example_dags/tutorial_taskflow_api.py
[2024-06-29T12:24:38.351+0000] {logging_mixin.py:188} INFO - [2024-06-29T12:24:38.351+0000] {dag.py:3096} INFO - Sync 1 DAGs
[2024-06-29T12:24:38.358+0000] {logging_mixin.py:188} INFO - [2024-06-29T12:24:38.358+0000] {dag.py:3954} INFO - Setting next_dagrun for tutorial_taskflow_api to None, run_after=None
[2024-06-29T12:24:38.367+0000] {processor.py:183} INFO - Processing /home/airflow/.local/lib/python3.12/site-packages/airflow/example_dags/tutorial_taskflow_api.py took 0.039 seconds
[2024-06-29T12:25:08.567+0000] {processor.py:161} INFO - Started process (PID=16172) to work on /home/airflow/.local/lib/python3.12/site-packages/airflow/example_dags/tutorial_taskflow_api.py
[2024-06-29T12:25:08.568+0000] {processor.py:830} INFO - Processing file /home/airflow/.local/lib/python3.12/site-packages/airflow/example_dags/tutorial_taskflow_api.py for tasks to queue
[2024-06-29T12:25:08.569+0000] {logging_mixin.py:188} INFO - [2024-06-29T12:25:08.569+0000] {dagbag.py:545} INFO - Filling up the DagBag from /home/airflow/.local/lib/python3.12/site-packages/airflow/example_dags/tutorial_taskflow_api.py
[2024-06-29T12:25:08.573+0000] {processor.py:840} INFO - DAG(s) 'tutorial_taskflow_api' retrieved from /home/airflow/.local/lib/python3.12/site-packages/airflow/example_dags/tutorial_taskflow_api.py
[2024-06-29T12:25:08.586+0000] {logging_mixin.py:188} INFO - [2024-06-29T12:25:08.586+0000] {dag.py:3096} INFO - Sync 1 DAGs
[2024-06-29T12:25:08.593+0000] {logging_mixin.py:188} INFO - [2024-06-29T12:25:08.593+0000] {dag.py:3954} INFO - Setting next_dagrun for tutorial_taskflow_api to None, run_after=None
[2024-06-29T12:25:08.602+0000] {processor.py:183} INFO - Processing /home/airflow/.local/lib/python3.12/site-packages/airflow/example_dags/tutorial_taskflow_api.py took 0.039 seconds
