[2024-06-29T11:54:20.233+0000] {processor.py:161} INFO - Started process (PID=215) to work on /home/airflow/.local/lib/python3.12/site-packages/airflow/example_dags/tutorial.py
[2024-06-29T11:54:20.234+0000] {processor.py:830} INFO - Processing file /home/airflow/.local/lib/python3.12/site-packages/airflow/example_dags/tutorial.py for tasks to queue
[2024-06-29T11:54:20.236+0000] {logging_mixin.py:188} INFO - [2024-06-29T11:54:20.236+0000] {dagbag.py:545} INFO - Filling up the DagBag from /home/airflow/.local/lib/python3.12/site-packages/airflow/example_dags/tutorial.py
[2024-06-29T11:54:20.242+0000] {processor.py:840} INFO - DAG(s) 'tutorial' retrieved from /home/airflow/.local/lib/python3.12/site-packages/airflow/example_dags/tutorial.py
[2024-06-29T11:54:20.254+0000] {logging_mixin.py:188} INFO - [2024-06-29T11:54:20.254+0000] {dag.py:3096} INFO - Sync 1 DAGs
[2024-06-29T11:54:20.266+0000] {logging_mixin.py:188} INFO - [2024-06-29T11:54:20.266+0000] {dag.py:3954} INFO - Setting next_dagrun for tutorial to 2024-06-28 00:00:00+00:00, run_after=2024-06-29 00:00:00+00:00
[2024-06-29T11:54:20.276+0000] {processor.py:183} INFO - Processing /home/airflow/.local/lib/python3.12/site-packages/airflow/example_dags/tutorial.py took 0.049 seconds
[2024-06-29T11:54:51.468+0000] {processor.py:161} INFO - Started process (PID=477) to work on /home/airflow/.local/lib/python3.12/site-packages/airflow/example_dags/tutorial.py
[2024-06-29T11:54:51.469+0000] {processor.py:830} INFO - Processing file /home/airflow/.local/lib/python3.12/site-packages/airflow/example_dags/tutorial.py for tasks to queue
[2024-06-29T11:54:51.470+0000] {logging_mixin.py:188} INFO - [2024-06-29T11:54:51.470+0000] {dagbag.py:545} INFO - Filling up the DagBag from /home/airflow/.local/lib/python3.12/site-packages/airflow/example_dags/tutorial.py
[2024-06-29T11:54:51.473+0000] {processor.py:840} INFO - DAG(s) 'tutorial' retrieved from /home/airflow/.local/lib/python3.12/site-packages/airflow/example_dags/tutorial.py
[2024-06-29T11:54:51.522+0000] {logging_mixin.py:188} INFO - [2024-06-29T11:54:51.522+0000] {dag.py:3096} INFO - Sync 1 DAGs
[2024-06-29T11:54:51.531+0000] {logging_mixin.py:188} INFO - [2024-06-29T11:54:51.531+0000] {dag.py:3954} INFO - Setting next_dagrun for tutorial to 2024-06-28 00:00:00+00:00, run_after=2024-06-29 00:00:00+00:00
[2024-06-29T11:54:51.541+0000] {processor.py:183} INFO - Processing /home/airflow/.local/lib/python3.12/site-packages/airflow/example_dags/tutorial.py took 0.076 seconds
[2024-06-29T11:55:22.163+0000] {processor.py:161} INFO - Started process (PID=739) to work on /home/airflow/.local/lib/python3.12/site-packages/airflow/example_dags/tutorial.py
[2024-06-29T11:55:22.164+0000] {processor.py:830} INFO - Processing file /home/airflow/.local/lib/python3.12/site-packages/airflow/example_dags/tutorial.py for tasks to queue
[2024-06-29T11:55:22.165+0000] {logging_mixin.py:188} INFO - [2024-06-29T11:55:22.164+0000] {dagbag.py:545} INFO - Filling up the DagBag from /home/airflow/.local/lib/python3.12/site-packages/airflow/example_dags/tutorial.py
[2024-06-29T11:55:22.168+0000] {processor.py:840} INFO - DAG(s) 'tutorial' retrieved from /home/airflow/.local/lib/python3.12/site-packages/airflow/example_dags/tutorial.py
[2024-06-29T11:55:22.182+0000] {logging_mixin.py:188} INFO - [2024-06-29T11:55:22.182+0000] {dag.py:3096} INFO - Sync 1 DAGs
[2024-06-29T11:55:22.194+0000] {logging_mixin.py:188} INFO - [2024-06-29T11:55:22.194+0000] {dag.py:3954} INFO - Setting next_dagrun for tutorial to 2024-06-28 00:00:00+00:00, run_after=2024-06-29 00:00:00+00:00
[2024-06-29T11:55:22.203+0000] {processor.py:183} INFO - Processing /home/airflow/.local/lib/python3.12/site-packages/airflow/example_dags/tutorial.py took 0.044 seconds
[2024-06-29T11:55:52.560+0000] {processor.py:161} INFO - Started process (PID=1001) to work on /home/airflow/.local/lib/python3.12/site-packages/airflow/example_dags/tutorial.py
[2024-06-29T11:55:52.560+0000] {processor.py:830} INFO - Processing file /home/airflow/.local/lib/python3.12/site-packages/airflow/example_dags/tutorial.py for tasks to queue
[2024-06-29T11:55:52.562+0000] {logging_mixin.py:188} INFO - [2024-06-29T11:55:52.561+0000] {dagbag.py:545} INFO - Filling up the DagBag from /home/airflow/.local/lib/python3.12/site-packages/airflow/example_dags/tutorial.py
[2024-06-29T11:55:52.565+0000] {processor.py:840} INFO - DAG(s) 'tutorial' retrieved from /home/airflow/.local/lib/python3.12/site-packages/airflow/example_dags/tutorial.py
[2024-06-29T11:55:52.579+0000] {logging_mixin.py:188} INFO - [2024-06-29T11:55:52.579+0000] {dag.py:3096} INFO - Sync 1 DAGs
[2024-06-29T11:55:52.591+0000] {logging_mixin.py:188} INFO - [2024-06-29T11:55:52.591+0000] {dag.py:3954} INFO - Setting next_dagrun for tutorial to 2024-06-28 00:00:00+00:00, run_after=2024-06-29 00:00:00+00:00
[2024-06-29T11:55:52.601+0000] {processor.py:183} INFO - Processing /home/airflow/.local/lib/python3.12/site-packages/airflow/example_dags/tutorial.py took 0.045 seconds
[2024-06-29T11:56:22.846+0000] {processor.py:161} INFO - Started process (PID=1264) to work on /home/airflow/.local/lib/python3.12/site-packages/airflow/example_dags/tutorial.py
[2024-06-29T11:56:22.847+0000] {processor.py:830} INFO - Processing file /home/airflow/.local/lib/python3.12/site-packages/airflow/example_dags/tutorial.py for tasks to queue
[2024-06-29T11:56:22.848+0000] {logging_mixin.py:188} INFO - [2024-06-29T11:56:22.848+0000] {dagbag.py:545} INFO - Filling up the DagBag from /home/airflow/.local/lib/python3.12/site-packages/airflow/example_dags/tutorial.py
[2024-06-29T11:56:22.851+0000] {processor.py:840} INFO - DAG(s) 'tutorial' retrieved from /home/airflow/.local/lib/python3.12/site-packages/airflow/example_dags/tutorial.py
[2024-06-29T11:56:22.865+0000] {logging_mixin.py:188} INFO - [2024-06-29T11:56:22.865+0000] {dag.py:3096} INFO - Sync 1 DAGs
[2024-06-29T11:56:22.876+0000] {logging_mixin.py:188} INFO - [2024-06-29T11:56:22.876+0000] {dag.py:3954} INFO - Setting next_dagrun for tutorial to 2024-06-28 00:00:00+00:00, run_after=2024-06-29 00:00:00+00:00
[2024-06-29T11:56:22.886+0000] {processor.py:183} INFO - Processing /home/airflow/.local/lib/python3.12/site-packages/airflow/example_dags/tutorial.py took 0.044 seconds
[2024-06-29T11:56:53.015+0000] {processor.py:161} INFO - Started process (PID=1526) to work on /home/airflow/.local/lib/python3.12/site-packages/airflow/example_dags/tutorial.py
[2024-06-29T11:56:53.015+0000] {processor.py:830} INFO - Processing file /home/airflow/.local/lib/python3.12/site-packages/airflow/example_dags/tutorial.py for tasks to queue
[2024-06-29T11:56:53.016+0000] {logging_mixin.py:188} INFO - [2024-06-29T11:56:53.016+0000] {dagbag.py:545} INFO - Filling up the DagBag from /home/airflow/.local/lib/python3.12/site-packages/airflow/example_dags/tutorial.py
[2024-06-29T11:56:53.020+0000] {processor.py:840} INFO - DAG(s) 'tutorial' retrieved from /home/airflow/.local/lib/python3.12/site-packages/airflow/example_dags/tutorial.py
[2024-06-29T11:56:53.033+0000] {logging_mixin.py:188} INFO - [2024-06-29T11:56:53.033+0000] {dag.py:3096} INFO - Sync 1 DAGs
[2024-06-29T11:56:53.045+0000] {logging_mixin.py:188} INFO - [2024-06-29T11:56:53.045+0000] {dag.py:3954} INFO - Setting next_dagrun for tutorial to 2024-06-28 00:00:00+00:00, run_after=2024-06-29 00:00:00+00:00
[2024-06-29T11:56:53.054+0000] {processor.py:183} INFO - Processing /home/airflow/.local/lib/python3.12/site-packages/airflow/example_dags/tutorial.py took 0.043 seconds
[2024-06-29T11:57:23.265+0000] {processor.py:161} INFO - Started process (PID=1788) to work on /home/airflow/.local/lib/python3.12/site-packages/airflow/example_dags/tutorial.py
[2024-06-29T11:57:23.266+0000] {processor.py:830} INFO - Processing file /home/airflow/.local/lib/python3.12/site-packages/airflow/example_dags/tutorial.py for tasks to queue
[2024-06-29T11:57:23.267+0000] {logging_mixin.py:188} INFO - [2024-06-29T11:57:23.267+0000] {dagbag.py:545} INFO - Filling up the DagBag from /home/airflow/.local/lib/python3.12/site-packages/airflow/example_dags/tutorial.py
[2024-06-29T11:57:23.270+0000] {processor.py:840} INFO - DAG(s) 'tutorial' retrieved from /home/airflow/.local/lib/python3.12/site-packages/airflow/example_dags/tutorial.py
[2024-06-29T11:57:23.284+0000] {logging_mixin.py:188} INFO - [2024-06-29T11:57:23.284+0000] {dag.py:3096} INFO - Sync 1 DAGs
[2024-06-29T11:57:23.296+0000] {logging_mixin.py:188} INFO - [2024-06-29T11:57:23.296+0000] {dag.py:3954} INFO - Setting next_dagrun for tutorial to 2024-06-28 00:00:00+00:00, run_after=2024-06-29 00:00:00+00:00
[2024-06-29T11:57:23.306+0000] {processor.py:183} INFO - Processing /home/airflow/.local/lib/python3.12/site-packages/airflow/example_dags/tutorial.py took 0.045 seconds
[2024-06-29T11:57:53.624+0000] {processor.py:161} INFO - Started process (PID=2050) to work on /home/airflow/.local/lib/python3.12/site-packages/airflow/example_dags/tutorial.py
[2024-06-29T11:57:53.625+0000] {processor.py:830} INFO - Processing file /home/airflow/.local/lib/python3.12/site-packages/airflow/example_dags/tutorial.py for tasks to queue
[2024-06-29T11:57:53.626+0000] {logging_mixin.py:188} INFO - [2024-06-29T11:57:53.626+0000] {dagbag.py:545} INFO - Filling up the DagBag from /home/airflow/.local/lib/python3.12/site-packages/airflow/example_dags/tutorial.py
[2024-06-29T11:57:53.630+0000] {processor.py:840} INFO - DAG(s) 'tutorial' retrieved from /home/airflow/.local/lib/python3.12/site-packages/airflow/example_dags/tutorial.py
[2024-06-29T11:57:53.643+0000] {logging_mixin.py:188} INFO - [2024-06-29T11:57:53.643+0000] {dag.py:3096} INFO - Sync 1 DAGs
[2024-06-29T11:57:53.655+0000] {logging_mixin.py:188} INFO - [2024-06-29T11:57:53.655+0000] {dag.py:3954} INFO - Setting next_dagrun for tutorial to 2024-06-28 00:00:00+00:00, run_after=2024-06-29 00:00:00+00:00
[2024-06-29T11:57:53.664+0000] {processor.py:183} INFO - Processing /home/airflow/.local/lib/python3.12/site-packages/airflow/example_dags/tutorial.py took 0.043 seconds
[2024-06-29T11:58:23.845+0000] {processor.py:161} INFO - Started process (PID=2312) to work on /home/airflow/.local/lib/python3.12/site-packages/airflow/example_dags/tutorial.py
[2024-06-29T11:58:23.845+0000] {processor.py:830} INFO - Processing file /home/airflow/.local/lib/python3.12/site-packages/airflow/example_dags/tutorial.py for tasks to queue
[2024-06-29T11:58:23.846+0000] {logging_mixin.py:188} INFO - [2024-06-29T11:58:23.846+0000] {dagbag.py:545} INFO - Filling up the DagBag from /home/airflow/.local/lib/python3.12/site-packages/airflow/example_dags/tutorial.py
[2024-06-29T11:58:23.850+0000] {processor.py:840} INFO - DAG(s) 'tutorial' retrieved from /home/airflow/.local/lib/python3.12/site-packages/airflow/example_dags/tutorial.py
[2024-06-29T11:58:23.863+0000] {logging_mixin.py:188} INFO - [2024-06-29T11:58:23.863+0000] {dag.py:3096} INFO - Sync 1 DAGs
[2024-06-29T11:58:23.874+0000] {logging_mixin.py:188} INFO - [2024-06-29T11:58:23.874+0000] {dag.py:3954} INFO - Setting next_dagrun for tutorial to 2024-06-28 00:00:00+00:00, run_after=2024-06-29 00:00:00+00:00
[2024-06-29T11:58:23.883+0000] {processor.py:183} INFO - Processing /home/airflow/.local/lib/python3.12/site-packages/airflow/example_dags/tutorial.py took 0.042 seconds
[2024-06-29T11:58:54.015+0000] {processor.py:161} INFO - Started process (PID=2574) to work on /home/airflow/.local/lib/python3.12/site-packages/airflow/example_dags/tutorial.py
[2024-06-29T11:58:54.016+0000] {processor.py:830} INFO - Processing file /home/airflow/.local/lib/python3.12/site-packages/airflow/example_dags/tutorial.py for tasks to queue
[2024-06-29T11:58:54.017+0000] {logging_mixin.py:188} INFO - [2024-06-29T11:58:54.017+0000] {dagbag.py:545} INFO - Filling up the DagBag from /home/airflow/.local/lib/python3.12/site-packages/airflow/example_dags/tutorial.py
[2024-06-29T11:58:54.021+0000] {processor.py:840} INFO - DAG(s) 'tutorial' retrieved from /home/airflow/.local/lib/python3.12/site-packages/airflow/example_dags/tutorial.py
[2024-06-29T11:58:54.034+0000] {logging_mixin.py:188} INFO - [2024-06-29T11:58:54.034+0000] {dag.py:3096} INFO - Sync 1 DAGs
[2024-06-29T11:58:54.046+0000] {logging_mixin.py:188} INFO - [2024-06-29T11:58:54.046+0000] {dag.py:3954} INFO - Setting next_dagrun for tutorial to 2024-06-28 00:00:00+00:00, run_after=2024-06-29 00:00:00+00:00
[2024-06-29T11:58:54.054+0000] {processor.py:183} INFO - Processing /home/airflow/.local/lib/python3.12/site-packages/airflow/example_dags/tutorial.py took 0.043 seconds
[2024-06-29T11:59:24.417+0000] {processor.py:161} INFO - Started process (PID=2836) to work on /home/airflow/.local/lib/python3.12/site-packages/airflow/example_dags/tutorial.py
[2024-06-29T11:59:24.418+0000] {processor.py:830} INFO - Processing file /home/airflow/.local/lib/python3.12/site-packages/airflow/example_dags/tutorial.py for tasks to queue
[2024-06-29T11:59:24.419+0000] {logging_mixin.py:188} INFO - [2024-06-29T11:59:24.418+0000] {dagbag.py:545} INFO - Filling up the DagBag from /home/airflow/.local/lib/python3.12/site-packages/airflow/example_dags/tutorial.py
[2024-06-29T11:59:24.422+0000] {processor.py:840} INFO - DAG(s) 'tutorial' retrieved from /home/airflow/.local/lib/python3.12/site-packages/airflow/example_dags/tutorial.py
[2024-06-29T11:59:24.436+0000] {logging_mixin.py:188} INFO - [2024-06-29T11:59:24.436+0000] {dag.py:3096} INFO - Sync 1 DAGs
[2024-06-29T11:59:24.448+0000] {logging_mixin.py:188} INFO - [2024-06-29T11:59:24.448+0000] {dag.py:3954} INFO - Setting next_dagrun for tutorial to 2024-06-28 00:00:00+00:00, run_after=2024-06-29 00:00:00+00:00
[2024-06-29T11:59:24.457+0000] {processor.py:183} INFO - Processing /home/airflow/.local/lib/python3.12/site-packages/airflow/example_dags/tutorial.py took 0.044 seconds
[2024-06-29T11:59:54.643+0000] {processor.py:161} INFO - Started process (PID=3098) to work on /home/airflow/.local/lib/python3.12/site-packages/airflow/example_dags/tutorial.py
[2024-06-29T11:59:54.643+0000] {processor.py:830} INFO - Processing file /home/airflow/.local/lib/python3.12/site-packages/airflow/example_dags/tutorial.py for tasks to queue
[2024-06-29T11:59:54.644+0000] {logging_mixin.py:188} INFO - [2024-06-29T11:59:54.644+0000] {dagbag.py:545} INFO - Filling up the DagBag from /home/airflow/.local/lib/python3.12/site-packages/airflow/example_dags/tutorial.py
[2024-06-29T11:59:54.648+0000] {processor.py:840} INFO - DAG(s) 'tutorial' retrieved from /home/airflow/.local/lib/python3.12/site-packages/airflow/example_dags/tutorial.py
[2024-06-29T11:59:54.662+0000] {logging_mixin.py:188} INFO - [2024-06-29T11:59:54.661+0000] {dag.py:3096} INFO - Sync 1 DAGs
[2024-06-29T11:59:54.672+0000] {logging_mixin.py:188} INFO - [2024-06-29T11:59:54.672+0000] {dag.py:3954} INFO - Setting next_dagrun for tutorial to 2024-06-28 00:00:00+00:00, run_after=2024-06-29 00:00:00+00:00
[2024-06-29T11:59:54.681+0000] {processor.py:183} INFO - Processing /home/airflow/.local/lib/python3.12/site-packages/airflow/example_dags/tutorial.py took 0.042 seconds
[2024-06-29T12:00:24.803+0000] {processor.py:161} INFO - Started process (PID=3360) to work on /home/airflow/.local/lib/python3.12/site-packages/airflow/example_dags/tutorial.py
[2024-06-29T12:00:24.804+0000] {processor.py:830} INFO - Processing file /home/airflow/.local/lib/python3.12/site-packages/airflow/example_dags/tutorial.py for tasks to queue
[2024-06-29T12:00:24.805+0000] {logging_mixin.py:188} INFO - [2024-06-29T12:00:24.805+0000] {dagbag.py:545} INFO - Filling up the DagBag from /home/airflow/.local/lib/python3.12/site-packages/airflow/example_dags/tutorial.py
[2024-06-29T12:00:24.809+0000] {processor.py:840} INFO - DAG(s) 'tutorial' retrieved from /home/airflow/.local/lib/python3.12/site-packages/airflow/example_dags/tutorial.py
[2024-06-29T12:00:24.822+0000] {logging_mixin.py:188} INFO - [2024-06-29T12:00:24.822+0000] {dag.py:3096} INFO - Sync 1 DAGs
[2024-06-29T12:00:24.833+0000] {logging_mixin.py:188} INFO - [2024-06-29T12:00:24.833+0000] {dag.py:3954} INFO - Setting next_dagrun for tutorial to 2024-06-28 00:00:00+00:00, run_after=2024-06-29 00:00:00+00:00
[2024-06-29T12:00:24.842+0000] {processor.py:183} INFO - Processing /home/airflow/.local/lib/python3.12/site-packages/airflow/example_dags/tutorial.py took 0.042 seconds
[2024-06-29T12:00:55.006+0000] {processor.py:161} INFO - Started process (PID=3624) to work on /home/airflow/.local/lib/python3.12/site-packages/airflow/example_dags/tutorial.py
[2024-06-29T12:00:55.007+0000] {processor.py:830} INFO - Processing file /home/airflow/.local/lib/python3.12/site-packages/airflow/example_dags/tutorial.py for tasks to queue
[2024-06-29T12:00:55.008+0000] {logging_mixin.py:188} INFO - [2024-06-29T12:00:55.008+0000] {dagbag.py:545} INFO - Filling up the DagBag from /home/airflow/.local/lib/python3.12/site-packages/airflow/example_dags/tutorial.py
[2024-06-29T12:00:55.012+0000] {processor.py:840} INFO - DAG(s) 'tutorial' retrieved from /home/airflow/.local/lib/python3.12/site-packages/airflow/example_dags/tutorial.py
[2024-06-29T12:00:55.025+0000] {logging_mixin.py:188} INFO - [2024-06-29T12:00:55.025+0000] {dag.py:3096} INFO - Sync 1 DAGs
[2024-06-29T12:00:55.036+0000] {logging_mixin.py:188} INFO - [2024-06-29T12:00:55.036+0000] {dag.py:3954} INFO - Setting next_dagrun for tutorial to 2024-06-28 00:00:00+00:00, run_after=2024-06-29 00:00:00+00:00
[2024-06-29T12:00:55.045+0000] {processor.py:183} INFO - Processing /home/airflow/.local/lib/python3.12/site-packages/airflow/example_dags/tutorial.py took 0.042 seconds
[2024-06-29T12:01:25.205+0000] {processor.py:161} INFO - Started process (PID=3884) to work on /home/airflow/.local/lib/python3.12/site-packages/airflow/example_dags/tutorial.py
[2024-06-29T12:01:25.205+0000] {processor.py:830} INFO - Processing file /home/airflow/.local/lib/python3.12/site-packages/airflow/example_dags/tutorial.py for tasks to queue
[2024-06-29T12:01:25.206+0000] {logging_mixin.py:188} INFO - [2024-06-29T12:01:25.206+0000] {dagbag.py:545} INFO - Filling up the DagBag from /home/airflow/.local/lib/python3.12/site-packages/airflow/example_dags/tutorial.py
[2024-06-29T12:01:25.210+0000] {processor.py:840} INFO - DAG(s) 'tutorial' retrieved from /home/airflow/.local/lib/python3.12/site-packages/airflow/example_dags/tutorial.py
[2024-06-29T12:01:25.223+0000] {logging_mixin.py:188} INFO - [2024-06-29T12:01:25.223+0000] {dag.py:3096} INFO - Sync 1 DAGs
[2024-06-29T12:01:25.235+0000] {logging_mixin.py:188} INFO - [2024-06-29T12:01:25.235+0000] {dag.py:3954} INFO - Setting next_dagrun for tutorial to 2024-06-28 00:00:00+00:00, run_after=2024-06-29 00:00:00+00:00
[2024-06-29T12:01:25.245+0000] {processor.py:183} INFO - Processing /home/airflow/.local/lib/python3.12/site-packages/airflow/example_dags/tutorial.py took 0.044 seconds
[2024-06-29T12:01:55.403+0000] {processor.py:161} INFO - Started process (PID=4146) to work on /home/airflow/.local/lib/python3.12/site-packages/airflow/example_dags/tutorial.py
[2024-06-29T12:01:55.403+0000] {processor.py:830} INFO - Processing file /home/airflow/.local/lib/python3.12/site-packages/airflow/example_dags/tutorial.py for tasks to queue
[2024-06-29T12:01:55.404+0000] {logging_mixin.py:188} INFO - [2024-06-29T12:01:55.404+0000] {dagbag.py:545} INFO - Filling up the DagBag from /home/airflow/.local/lib/python3.12/site-packages/airflow/example_dags/tutorial.py
[2024-06-29T12:01:55.408+0000] {processor.py:840} INFO - DAG(s) 'tutorial' retrieved from /home/airflow/.local/lib/python3.12/site-packages/airflow/example_dags/tutorial.py
[2024-06-29T12:01:55.422+0000] {logging_mixin.py:188} INFO - [2024-06-29T12:01:55.422+0000] {dag.py:3096} INFO - Sync 1 DAGs
[2024-06-29T12:01:55.434+0000] {logging_mixin.py:188} INFO - [2024-06-29T12:01:55.434+0000] {dag.py:3954} INFO - Setting next_dagrun for tutorial to 2024-06-28 00:00:00+00:00, run_after=2024-06-29 00:00:00+00:00
[2024-06-29T12:01:55.443+0000] {processor.py:183} INFO - Processing /home/airflow/.local/lib/python3.12/site-packages/airflow/example_dags/tutorial.py took 0.044 seconds
[2024-06-29T12:02:25.717+0000] {processor.py:161} INFO - Started process (PID=4408) to work on /home/airflow/.local/lib/python3.12/site-packages/airflow/example_dags/tutorial.py
[2024-06-29T12:02:25.717+0000] {processor.py:830} INFO - Processing file /home/airflow/.local/lib/python3.12/site-packages/airflow/example_dags/tutorial.py for tasks to queue
[2024-06-29T12:02:25.718+0000] {logging_mixin.py:188} INFO - [2024-06-29T12:02:25.718+0000] {dagbag.py:545} INFO - Filling up the DagBag from /home/airflow/.local/lib/python3.12/site-packages/airflow/example_dags/tutorial.py
[2024-06-29T12:02:25.722+0000] {processor.py:840} INFO - DAG(s) 'tutorial' retrieved from /home/airflow/.local/lib/python3.12/site-packages/airflow/example_dags/tutorial.py
[2024-06-29T12:02:25.736+0000] {logging_mixin.py:188} INFO - [2024-06-29T12:02:25.735+0000] {dag.py:3096} INFO - Sync 1 DAGs
[2024-06-29T12:02:25.746+0000] {logging_mixin.py:188} INFO - [2024-06-29T12:02:25.746+0000] {dag.py:3954} INFO - Setting next_dagrun for tutorial to 2024-06-28 00:00:00+00:00, run_after=2024-06-29 00:00:00+00:00
[2024-06-29T12:02:25.755+0000] {processor.py:183} INFO - Processing /home/airflow/.local/lib/python3.12/site-packages/airflow/example_dags/tutorial.py took 0.042 seconds
[2024-06-29T12:02:56.083+0000] {processor.py:161} INFO - Started process (PID=4670) to work on /home/airflow/.local/lib/python3.12/site-packages/airflow/example_dags/tutorial.py
[2024-06-29T12:02:56.083+0000] {processor.py:830} INFO - Processing file /home/airflow/.local/lib/python3.12/site-packages/airflow/example_dags/tutorial.py for tasks to queue
[2024-06-29T12:02:56.084+0000] {logging_mixin.py:188} INFO - [2024-06-29T12:02:56.084+0000] {dagbag.py:545} INFO - Filling up the DagBag from /home/airflow/.local/lib/python3.12/site-packages/airflow/example_dags/tutorial.py
[2024-06-29T12:02:56.088+0000] {processor.py:840} INFO - DAG(s) 'tutorial' retrieved from /home/airflow/.local/lib/python3.12/site-packages/airflow/example_dags/tutorial.py
[2024-06-29T12:02:56.102+0000] {logging_mixin.py:188} INFO - [2024-06-29T12:02:56.102+0000] {dag.py:3096} INFO - Sync 1 DAGs
[2024-06-29T12:02:56.113+0000] {logging_mixin.py:188} INFO - [2024-06-29T12:02:56.112+0000] {dag.py:3954} INFO - Setting next_dagrun for tutorial to 2024-06-28 00:00:00+00:00, run_after=2024-06-29 00:00:00+00:00
[2024-06-29T12:02:56.122+0000] {processor.py:183} INFO - Processing /home/airflow/.local/lib/python3.12/site-packages/airflow/example_dags/tutorial.py took 0.043 seconds
[2024-06-29T12:03:26.306+0000] {processor.py:161} INFO - Started process (PID=4940) to work on /home/airflow/.local/lib/python3.12/site-packages/airflow/example_dags/tutorial.py
[2024-06-29T12:03:26.306+0000] {processor.py:830} INFO - Processing file /home/airflow/.local/lib/python3.12/site-packages/airflow/example_dags/tutorial.py for tasks to queue
[2024-06-29T12:03:26.307+0000] {logging_mixin.py:188} INFO - [2024-06-29T12:03:26.307+0000] {dagbag.py:545} INFO - Filling up the DagBag from /home/airflow/.local/lib/python3.12/site-packages/airflow/example_dags/tutorial.py
[2024-06-29T12:03:26.311+0000] {processor.py:840} INFO - DAG(s) 'tutorial' retrieved from /home/airflow/.local/lib/python3.12/site-packages/airflow/example_dags/tutorial.py
[2024-06-29T12:03:26.324+0000] {logging_mixin.py:188} INFO - [2024-06-29T12:03:26.324+0000] {dag.py:3096} INFO - Sync 1 DAGs
[2024-06-29T12:03:26.336+0000] {logging_mixin.py:188} INFO - [2024-06-29T12:03:26.336+0000] {dag.py:3954} INFO - Setting next_dagrun for tutorial to 2024-06-28 00:00:00+00:00, run_after=2024-06-29 00:00:00+00:00
[2024-06-29T12:03:26.345+0000] {processor.py:183} INFO - Processing /home/airflow/.local/lib/python3.12/site-packages/airflow/example_dags/tutorial.py took 0.043 seconds
[2024-06-29T12:03:56.554+0000] {processor.py:161} INFO - Started process (PID=5202) to work on /home/airflow/.local/lib/python3.12/site-packages/airflow/example_dags/tutorial.py
[2024-06-29T12:03:56.555+0000] {processor.py:830} INFO - Processing file /home/airflow/.local/lib/python3.12/site-packages/airflow/example_dags/tutorial.py for tasks to queue
[2024-06-29T12:03:56.556+0000] {logging_mixin.py:188} INFO - [2024-06-29T12:03:56.556+0000] {dagbag.py:545} INFO - Filling up the DagBag from /home/airflow/.local/lib/python3.12/site-packages/airflow/example_dags/tutorial.py
[2024-06-29T12:03:56.559+0000] {processor.py:840} INFO - DAG(s) 'tutorial' retrieved from /home/airflow/.local/lib/python3.12/site-packages/airflow/example_dags/tutorial.py
[2024-06-29T12:03:56.573+0000] {logging_mixin.py:188} INFO - [2024-06-29T12:03:56.573+0000] {dag.py:3096} INFO - Sync 1 DAGs
[2024-06-29T12:03:56.585+0000] {logging_mixin.py:188} INFO - [2024-06-29T12:03:56.585+0000] {dag.py:3954} INFO - Setting next_dagrun for tutorial to 2024-06-28 00:00:00+00:00, run_after=2024-06-29 00:00:00+00:00
[2024-06-29T12:03:56.594+0000] {processor.py:183} INFO - Processing /home/airflow/.local/lib/python3.12/site-packages/airflow/example_dags/tutorial.py took 0.043 seconds
[2024-06-29T12:04:26.822+0000] {processor.py:161} INFO - Started process (PID=5464) to work on /home/airflow/.local/lib/python3.12/site-packages/airflow/example_dags/tutorial.py
[2024-06-29T12:04:26.823+0000] {processor.py:830} INFO - Processing file /home/airflow/.local/lib/python3.12/site-packages/airflow/example_dags/tutorial.py for tasks to queue
[2024-06-29T12:04:26.824+0000] {logging_mixin.py:188} INFO - [2024-06-29T12:04:26.823+0000] {dagbag.py:545} INFO - Filling up the DagBag from /home/airflow/.local/lib/python3.12/site-packages/airflow/example_dags/tutorial.py
[2024-06-29T12:04:26.827+0000] {processor.py:840} INFO - DAG(s) 'tutorial' retrieved from /home/airflow/.local/lib/python3.12/site-packages/airflow/example_dags/tutorial.py
[2024-06-29T12:04:26.839+0000] {logging_mixin.py:188} INFO - [2024-06-29T12:04:26.839+0000] {dag.py:3096} INFO - Sync 1 DAGs
[2024-06-29T12:04:26.850+0000] {logging_mixin.py:188} INFO - [2024-06-29T12:04:26.849+0000] {dag.py:3954} INFO - Setting next_dagrun for tutorial to 2024-06-28 00:00:00+00:00, run_after=2024-06-29 00:00:00+00:00
[2024-06-29T12:04:26.858+0000] {processor.py:183} INFO - Processing /home/airflow/.local/lib/python3.12/site-packages/airflow/example_dags/tutorial.py took 0.040 seconds
[2024-06-29T12:04:57.137+0000] {processor.py:161} INFO - Started process (PID=5726) to work on /home/airflow/.local/lib/python3.12/site-packages/airflow/example_dags/tutorial.py
[2024-06-29T12:04:57.138+0000] {processor.py:830} INFO - Processing file /home/airflow/.local/lib/python3.12/site-packages/airflow/example_dags/tutorial.py for tasks to queue
[2024-06-29T12:04:57.139+0000] {logging_mixin.py:188} INFO - [2024-06-29T12:04:57.138+0000] {dagbag.py:545} INFO - Filling up the DagBag from /home/airflow/.local/lib/python3.12/site-packages/airflow/example_dags/tutorial.py
[2024-06-29T12:04:57.142+0000] {processor.py:840} INFO - DAG(s) 'tutorial' retrieved from /home/airflow/.local/lib/python3.12/site-packages/airflow/example_dags/tutorial.py
[2024-06-29T12:04:57.155+0000] {logging_mixin.py:188} INFO - [2024-06-29T12:04:57.155+0000] {dag.py:3096} INFO - Sync 1 DAGs
[2024-06-29T12:04:57.166+0000] {logging_mixin.py:188} INFO - [2024-06-29T12:04:57.166+0000] {dag.py:3954} INFO - Setting next_dagrun for tutorial to 2024-06-28 00:00:00+00:00, run_after=2024-06-29 00:00:00+00:00
[2024-06-29T12:04:57.175+0000] {processor.py:183} INFO - Processing /home/airflow/.local/lib/python3.12/site-packages/airflow/example_dags/tutorial.py took 0.042 seconds
[2024-06-29T12:05:27.257+0000] {processor.py:161} INFO - Started process (PID=5988) to work on /home/airflow/.local/lib/python3.12/site-packages/airflow/example_dags/tutorial.py
[2024-06-29T12:05:27.257+0000] {processor.py:830} INFO - Processing file /home/airflow/.local/lib/python3.12/site-packages/airflow/example_dags/tutorial.py for tasks to queue
[2024-06-29T12:05:27.258+0000] {logging_mixin.py:188} INFO - [2024-06-29T12:05:27.258+0000] {dagbag.py:545} INFO - Filling up the DagBag from /home/airflow/.local/lib/python3.12/site-packages/airflow/example_dags/tutorial.py
[2024-06-29T12:05:27.262+0000] {processor.py:840} INFO - DAG(s) 'tutorial' retrieved from /home/airflow/.local/lib/python3.12/site-packages/airflow/example_dags/tutorial.py
[2024-06-29T12:05:27.277+0000] {logging_mixin.py:188} INFO - [2024-06-29T12:05:27.277+0000] {dag.py:3096} INFO - Sync 1 DAGs
[2024-06-29T12:05:27.290+0000] {logging_mixin.py:188} INFO - [2024-06-29T12:05:27.290+0000] {dag.py:3954} INFO - Setting next_dagrun for tutorial to 2024-06-28 00:00:00+00:00, run_after=2024-06-29 00:00:00+00:00
[2024-06-29T12:05:27.301+0000] {processor.py:183} INFO - Processing /home/airflow/.local/lib/python3.12/site-packages/airflow/example_dags/tutorial.py took 0.048 seconds
[2024-06-29T12:05:57.624+0000] {processor.py:161} INFO - Started process (PID=6250) to work on /home/airflow/.local/lib/python3.12/site-packages/airflow/example_dags/tutorial.py
[2024-06-29T12:05:57.625+0000] {processor.py:830} INFO - Processing file /home/airflow/.local/lib/python3.12/site-packages/airflow/example_dags/tutorial.py for tasks to queue
[2024-06-29T12:05:57.626+0000] {logging_mixin.py:188} INFO - [2024-06-29T12:05:57.626+0000] {dagbag.py:545} INFO - Filling up the DagBag from /home/airflow/.local/lib/python3.12/site-packages/airflow/example_dags/tutorial.py
[2024-06-29T12:05:57.630+0000] {processor.py:840} INFO - DAG(s) 'tutorial' retrieved from /home/airflow/.local/lib/python3.12/site-packages/airflow/example_dags/tutorial.py
[2024-06-29T12:05:57.646+0000] {logging_mixin.py:188} INFO - [2024-06-29T12:05:57.646+0000] {dag.py:3096} INFO - Sync 1 DAGs
[2024-06-29T12:05:57.659+0000] {logging_mixin.py:188} INFO - [2024-06-29T12:05:57.659+0000] {dag.py:3954} INFO - Setting next_dagrun for tutorial to 2024-06-28 00:00:00+00:00, run_after=2024-06-29 00:00:00+00:00
[2024-06-29T12:05:57.670+0000] {processor.py:183} INFO - Processing /home/airflow/.local/lib/python3.12/site-packages/airflow/example_dags/tutorial.py took 0.049 seconds
[2024-06-29T12:06:27.695+0000] {processor.py:161} INFO - Started process (PID=6507) to work on /home/airflow/.local/lib/python3.12/site-packages/airflow/example_dags/tutorial.py
[2024-06-29T12:06:27.696+0000] {processor.py:830} INFO - Processing file /home/airflow/.local/lib/python3.12/site-packages/airflow/example_dags/tutorial.py for tasks to queue
[2024-06-29T12:06:27.697+0000] {logging_mixin.py:188} INFO - [2024-06-29T12:06:27.697+0000] {dagbag.py:545} INFO - Filling up the DagBag from /home/airflow/.local/lib/python3.12/site-packages/airflow/example_dags/tutorial.py
[2024-06-29T12:06:27.700+0000] {processor.py:840} INFO - DAG(s) 'tutorial' retrieved from /home/airflow/.local/lib/python3.12/site-packages/airflow/example_dags/tutorial.py
[2024-06-29T12:06:27.714+0000] {logging_mixin.py:188} INFO - [2024-06-29T12:06:27.714+0000] {dag.py:3096} INFO - Sync 1 DAGs
[2024-06-29T12:06:27.724+0000] {logging_mixin.py:188} INFO - [2024-06-29T12:06:27.724+0000] {dag.py:3954} INFO - Setting next_dagrun for tutorial to 2024-06-28 00:00:00+00:00, run_after=2024-06-29 00:00:00+00:00
[2024-06-29T12:06:27.733+0000] {processor.py:183} INFO - Processing /home/airflow/.local/lib/python3.12/site-packages/airflow/example_dags/tutorial.py took 0.041 seconds
[2024-06-29T12:06:57.976+0000] {processor.py:161} INFO - Started process (PID=6770) to work on /home/airflow/.local/lib/python3.12/site-packages/airflow/example_dags/tutorial.py
[2024-06-29T12:06:57.977+0000] {processor.py:830} INFO - Processing file /home/airflow/.local/lib/python3.12/site-packages/airflow/example_dags/tutorial.py for tasks to queue
[2024-06-29T12:06:57.978+0000] {logging_mixin.py:188} INFO - [2024-06-29T12:06:57.978+0000] {dagbag.py:545} INFO - Filling up the DagBag from /home/airflow/.local/lib/python3.12/site-packages/airflow/example_dags/tutorial.py
[2024-06-29T12:06:57.981+0000] {processor.py:840} INFO - DAG(s) 'tutorial' retrieved from /home/airflow/.local/lib/python3.12/site-packages/airflow/example_dags/tutorial.py
[2024-06-29T12:06:57.994+0000] {logging_mixin.py:188} INFO - [2024-06-29T12:06:57.994+0000] {dag.py:3096} INFO - Sync 1 DAGs
[2024-06-29T12:06:58.006+0000] {logging_mixin.py:188} INFO - [2024-06-29T12:06:58.005+0000] {dag.py:3954} INFO - Setting next_dagrun for tutorial to 2024-06-28 00:00:00+00:00, run_after=2024-06-29 00:00:00+00:00
[2024-06-29T12:06:58.015+0000] {processor.py:183} INFO - Processing /home/airflow/.local/lib/python3.12/site-packages/airflow/example_dags/tutorial.py took 0.042 seconds
[2024-06-29T12:07:28.214+0000] {processor.py:161} INFO - Started process (PID=7032) to work on /home/airflow/.local/lib/python3.12/site-packages/airflow/example_dags/tutorial.py
[2024-06-29T12:07:28.215+0000] {processor.py:830} INFO - Processing file /home/airflow/.local/lib/python3.12/site-packages/airflow/example_dags/tutorial.py for tasks to queue
[2024-06-29T12:07:28.216+0000] {logging_mixin.py:188} INFO - [2024-06-29T12:07:28.215+0000] {dagbag.py:545} INFO - Filling up the DagBag from /home/airflow/.local/lib/python3.12/site-packages/airflow/example_dags/tutorial.py
[2024-06-29T12:07:28.219+0000] {processor.py:840} INFO - DAG(s) 'tutorial' retrieved from /home/airflow/.local/lib/python3.12/site-packages/airflow/example_dags/tutorial.py
[2024-06-29T12:07:28.233+0000] {logging_mixin.py:188} INFO - [2024-06-29T12:07:28.232+0000] {dag.py:3096} INFO - Sync 1 DAGs
[2024-06-29T12:07:28.244+0000] {logging_mixin.py:188} INFO - [2024-06-29T12:07:28.244+0000] {dag.py:3954} INFO - Setting next_dagrun for tutorial to 2024-06-28 00:00:00+00:00, run_after=2024-06-29 00:00:00+00:00
[2024-06-29T12:07:28.253+0000] {processor.py:183} INFO - Processing /home/airflow/.local/lib/python3.12/site-packages/airflow/example_dags/tutorial.py took 0.043 seconds
[2024-06-29T12:07:58.387+0000] {processor.py:161} INFO - Started process (PID=7294) to work on /home/airflow/.local/lib/python3.12/site-packages/airflow/example_dags/tutorial.py
[2024-06-29T12:07:58.388+0000] {processor.py:830} INFO - Processing file /home/airflow/.local/lib/python3.12/site-packages/airflow/example_dags/tutorial.py for tasks to queue
[2024-06-29T12:07:58.389+0000] {logging_mixin.py:188} INFO - [2024-06-29T12:07:58.389+0000] {dagbag.py:545} INFO - Filling up the DagBag from /home/airflow/.local/lib/python3.12/site-packages/airflow/example_dags/tutorial.py
[2024-06-29T12:07:58.392+0000] {processor.py:840} INFO - DAG(s) 'tutorial' retrieved from /home/airflow/.local/lib/python3.12/site-packages/airflow/example_dags/tutorial.py
[2024-06-29T12:07:58.406+0000] {logging_mixin.py:188} INFO - [2024-06-29T12:07:58.405+0000] {dag.py:3096} INFO - Sync 1 DAGs
[2024-06-29T12:07:58.417+0000] {logging_mixin.py:188} INFO - [2024-06-29T12:07:58.417+0000] {dag.py:3954} INFO - Setting next_dagrun for tutorial to 2024-06-28 00:00:00+00:00, run_after=2024-06-29 00:00:00+00:00
[2024-06-29T12:07:58.427+0000] {processor.py:183} INFO - Processing /home/airflow/.local/lib/python3.12/site-packages/airflow/example_dags/tutorial.py took 0.043 seconds
[2024-06-29T12:08:28.552+0000] {processor.py:161} INFO - Started process (PID=7557) to work on /home/airflow/.local/lib/python3.12/site-packages/airflow/example_dags/tutorial.py
[2024-06-29T12:08:28.552+0000] {processor.py:830} INFO - Processing file /home/airflow/.local/lib/python3.12/site-packages/airflow/example_dags/tutorial.py for tasks to queue
[2024-06-29T12:08:28.553+0000] {logging_mixin.py:188} INFO - [2024-06-29T12:08:28.553+0000] {dagbag.py:545} INFO - Filling up the DagBag from /home/airflow/.local/lib/python3.12/site-packages/airflow/example_dags/tutorial.py
[2024-06-29T12:08:28.557+0000] {processor.py:840} INFO - DAG(s) 'tutorial' retrieved from /home/airflow/.local/lib/python3.12/site-packages/airflow/example_dags/tutorial.py
[2024-06-29T12:08:28.570+0000] {logging_mixin.py:188} INFO - [2024-06-29T12:08:28.570+0000] {dag.py:3096} INFO - Sync 1 DAGs
[2024-06-29T12:08:28.582+0000] {logging_mixin.py:188} INFO - [2024-06-29T12:08:28.582+0000] {dag.py:3954} INFO - Setting next_dagrun for tutorial to 2024-06-28 00:00:00+00:00, run_after=2024-06-29 00:00:00+00:00
[2024-06-29T12:08:28.592+0000] {processor.py:183} INFO - Processing /home/airflow/.local/lib/python3.12/site-packages/airflow/example_dags/tutorial.py took 0.043 seconds
[2024-06-29T12:08:58.823+0000] {processor.py:161} INFO - Started process (PID=7820) to work on /home/airflow/.local/lib/python3.12/site-packages/airflow/example_dags/tutorial.py
[2024-06-29T12:08:58.824+0000] {processor.py:830} INFO - Processing file /home/airflow/.local/lib/python3.12/site-packages/airflow/example_dags/tutorial.py for tasks to queue
[2024-06-29T12:08:58.825+0000] {logging_mixin.py:188} INFO - [2024-06-29T12:08:58.824+0000] {dagbag.py:545} INFO - Filling up the DagBag from /home/airflow/.local/lib/python3.12/site-packages/airflow/example_dags/tutorial.py
[2024-06-29T12:08:58.828+0000] {processor.py:840} INFO - DAG(s) 'tutorial' retrieved from /home/airflow/.local/lib/python3.12/site-packages/airflow/example_dags/tutorial.py
[2024-06-29T12:08:58.842+0000] {logging_mixin.py:188} INFO - [2024-06-29T12:08:58.841+0000] {dag.py:3096} INFO - Sync 1 DAGs
[2024-06-29T12:08:58.853+0000] {logging_mixin.py:188} INFO - [2024-06-29T12:08:58.853+0000] {dag.py:3954} INFO - Setting next_dagrun for tutorial to 2024-06-28 00:00:00+00:00, run_after=2024-06-29 00:00:00+00:00
[2024-06-29T12:08:58.862+0000] {processor.py:183} INFO - Processing /home/airflow/.local/lib/python3.12/site-packages/airflow/example_dags/tutorial.py took 0.043 seconds
[2024-06-29T12:09:29.175+0000] {processor.py:161} INFO - Started process (PID=8082) to work on /home/airflow/.local/lib/python3.12/site-packages/airflow/example_dags/tutorial.py
[2024-06-29T12:09:29.176+0000] {processor.py:830} INFO - Processing file /home/airflow/.local/lib/python3.12/site-packages/airflow/example_dags/tutorial.py for tasks to queue
[2024-06-29T12:09:29.177+0000] {logging_mixin.py:188} INFO - [2024-06-29T12:09:29.177+0000] {dagbag.py:545} INFO - Filling up the DagBag from /home/airflow/.local/lib/python3.12/site-packages/airflow/example_dags/tutorial.py
[2024-06-29T12:09:29.181+0000] {processor.py:840} INFO - DAG(s) 'tutorial' retrieved from /home/airflow/.local/lib/python3.12/site-packages/airflow/example_dags/tutorial.py
[2024-06-29T12:09:29.194+0000] {logging_mixin.py:188} INFO - [2024-06-29T12:09:29.194+0000] {dag.py:3096} INFO - Sync 1 DAGs
[2024-06-29T12:09:29.206+0000] {logging_mixin.py:188} INFO - [2024-06-29T12:09:29.206+0000] {dag.py:3954} INFO - Setting next_dagrun for tutorial to 2024-06-28 00:00:00+00:00, run_after=2024-06-29 00:00:00+00:00
[2024-06-29T12:09:29.215+0000] {processor.py:183} INFO - Processing /home/airflow/.local/lib/python3.12/site-packages/airflow/example_dags/tutorial.py took 0.044 seconds
[2024-06-29T12:09:59.583+0000] {processor.py:161} INFO - Started process (PID=8344) to work on /home/airflow/.local/lib/python3.12/site-packages/airflow/example_dags/tutorial.py
[2024-06-29T12:09:59.584+0000] {processor.py:830} INFO - Processing file /home/airflow/.local/lib/python3.12/site-packages/airflow/example_dags/tutorial.py for tasks to queue
[2024-06-29T12:09:59.585+0000] {logging_mixin.py:188} INFO - [2024-06-29T12:09:59.585+0000] {dagbag.py:545} INFO - Filling up the DagBag from /home/airflow/.local/lib/python3.12/site-packages/airflow/example_dags/tutorial.py
[2024-06-29T12:09:59.588+0000] {processor.py:840} INFO - DAG(s) 'tutorial' retrieved from /home/airflow/.local/lib/python3.12/site-packages/airflow/example_dags/tutorial.py
[2024-06-29T12:09:59.602+0000] {logging_mixin.py:188} INFO - [2024-06-29T12:09:59.602+0000] {dag.py:3096} INFO - Sync 1 DAGs
[2024-06-29T12:09:59.613+0000] {logging_mixin.py:188} INFO - [2024-06-29T12:09:59.613+0000] {dag.py:3954} INFO - Setting next_dagrun for tutorial to 2024-06-28 00:00:00+00:00, run_after=2024-06-29 00:00:00+00:00
[2024-06-29T12:09:59.623+0000] {processor.py:183} INFO - Processing /home/airflow/.local/lib/python3.12/site-packages/airflow/example_dags/tutorial.py took 0.044 seconds
[2024-06-29T12:10:30.290+0000] {processor.py:161} INFO - Started process (PID=8611) to work on /home/airflow/.local/lib/python3.12/site-packages/airflow/example_dags/tutorial.py
[2024-06-29T12:10:30.290+0000] {processor.py:830} INFO - Processing file /home/airflow/.local/lib/python3.12/site-packages/airflow/example_dags/tutorial.py for tasks to queue
[2024-06-29T12:10:30.291+0000] {logging_mixin.py:188} INFO - [2024-06-29T12:10:30.291+0000] {dagbag.py:545} INFO - Filling up the DagBag from /home/airflow/.local/lib/python3.12/site-packages/airflow/example_dags/tutorial.py
[2024-06-29T12:10:30.295+0000] {processor.py:840} INFO - DAG(s) 'tutorial' retrieved from /home/airflow/.local/lib/python3.12/site-packages/airflow/example_dags/tutorial.py
[2024-06-29T12:10:30.309+0000] {logging_mixin.py:188} INFO - [2024-06-29T12:10:30.308+0000] {dag.py:3096} INFO - Sync 1 DAGs
[2024-06-29T12:10:30.319+0000] {logging_mixin.py:188} INFO - [2024-06-29T12:10:30.319+0000] {dag.py:3954} INFO - Setting next_dagrun for tutorial to 2024-06-28 00:00:00+00:00, run_after=2024-06-29 00:00:00+00:00
[2024-06-29T12:10:30.328+0000] {processor.py:183} INFO - Processing /home/airflow/.local/lib/python3.12/site-packages/airflow/example_dags/tutorial.py took 0.042 seconds
[2024-06-29T12:11:01.010+0000] {processor.py:161} INFO - Started process (PID=8873) to work on /home/airflow/.local/lib/python3.12/site-packages/airflow/example_dags/tutorial.py
[2024-06-29T12:11:01.011+0000] {processor.py:830} INFO - Processing file /home/airflow/.local/lib/python3.12/site-packages/airflow/example_dags/tutorial.py for tasks to queue
[2024-06-29T12:11:01.012+0000] {logging_mixin.py:188} INFO - [2024-06-29T12:11:01.011+0000] {dagbag.py:545} INFO - Filling up the DagBag from /home/airflow/.local/lib/python3.12/site-packages/airflow/example_dags/tutorial.py
[2024-06-29T12:11:01.015+0000] {processor.py:840} INFO - DAG(s) 'tutorial' retrieved from /home/airflow/.local/lib/python3.12/site-packages/airflow/example_dags/tutorial.py
[2024-06-29T12:11:01.029+0000] {logging_mixin.py:188} INFO - [2024-06-29T12:11:01.029+0000] {dag.py:3096} INFO - Sync 1 DAGs
[2024-06-29T12:11:01.040+0000] {logging_mixin.py:188} INFO - [2024-06-29T12:11:01.040+0000] {dag.py:3954} INFO - Setting next_dagrun for tutorial to 2024-06-28 00:00:00+00:00, run_after=2024-06-29 00:00:00+00:00
[2024-06-29T12:11:01.048+0000] {processor.py:183} INFO - Processing /home/airflow/.local/lib/python3.12/site-packages/airflow/example_dags/tutorial.py took 0.042 seconds
[2024-06-29T12:11:31.615+0000] {processor.py:161} INFO - Started process (PID=9135) to work on /home/airflow/.local/lib/python3.12/site-packages/airflow/example_dags/tutorial.py
[2024-06-29T12:11:31.616+0000] {processor.py:830} INFO - Processing file /home/airflow/.local/lib/python3.12/site-packages/airflow/example_dags/tutorial.py for tasks to queue
[2024-06-29T12:11:31.617+0000] {logging_mixin.py:188} INFO - [2024-06-29T12:11:31.617+0000] {dagbag.py:545} INFO - Filling up the DagBag from /home/airflow/.local/lib/python3.12/site-packages/airflow/example_dags/tutorial.py
[2024-06-29T12:11:31.621+0000] {processor.py:840} INFO - DAG(s) 'tutorial' retrieved from /home/airflow/.local/lib/python3.12/site-packages/airflow/example_dags/tutorial.py
[2024-06-29T12:11:31.635+0000] {logging_mixin.py:188} INFO - [2024-06-29T12:11:31.634+0000] {dag.py:3096} INFO - Sync 1 DAGs
[2024-06-29T12:11:31.646+0000] {logging_mixin.py:188} INFO - [2024-06-29T12:11:31.645+0000] {dag.py:3954} INFO - Setting next_dagrun for tutorial to 2024-06-28 00:00:00+00:00, run_after=2024-06-29 00:00:00+00:00
[2024-06-29T12:11:31.655+0000] {processor.py:183} INFO - Processing /home/airflow/.local/lib/python3.12/site-packages/airflow/example_dags/tutorial.py took 0.043 seconds
[2024-06-29T12:12:02.225+0000] {processor.py:161} INFO - Started process (PID=9399) to work on /home/airflow/.local/lib/python3.12/site-packages/airflow/example_dags/tutorial.py
[2024-06-29T12:12:02.226+0000] {processor.py:830} INFO - Processing file /home/airflow/.local/lib/python3.12/site-packages/airflow/example_dags/tutorial.py for tasks to queue
[2024-06-29T12:12:02.227+0000] {logging_mixin.py:188} INFO - [2024-06-29T12:12:02.227+0000] {dagbag.py:545} INFO - Filling up the DagBag from /home/airflow/.local/lib/python3.12/site-packages/airflow/example_dags/tutorial.py
[2024-06-29T12:12:02.231+0000] {processor.py:840} INFO - DAG(s) 'tutorial' retrieved from /home/airflow/.local/lib/python3.12/site-packages/airflow/example_dags/tutorial.py
[2024-06-29T12:12:02.244+0000] {logging_mixin.py:188} INFO - [2024-06-29T12:12:02.244+0000] {dag.py:3096} INFO - Sync 1 DAGs
[2024-06-29T12:12:02.255+0000] {logging_mixin.py:188} INFO - [2024-06-29T12:12:02.255+0000] {dag.py:3954} INFO - Setting next_dagrun for tutorial to 2024-06-28 00:00:00+00:00, run_after=2024-06-29 00:00:00+00:00
[2024-06-29T12:12:02.264+0000] {processor.py:183} INFO - Processing /home/airflow/.local/lib/python3.12/site-packages/airflow/example_dags/tutorial.py took 0.042 seconds
[2024-06-29T12:12:32.294+0000] {processor.py:161} INFO - Started process (PID=9662) to work on /home/airflow/.local/lib/python3.12/site-packages/airflow/example_dags/tutorial.py
[2024-06-29T12:12:32.295+0000] {processor.py:830} INFO - Processing file /home/airflow/.local/lib/python3.12/site-packages/airflow/example_dags/tutorial.py for tasks to queue
[2024-06-29T12:12:32.296+0000] {logging_mixin.py:188} INFO - [2024-06-29T12:12:32.296+0000] {dagbag.py:545} INFO - Filling up the DagBag from /home/airflow/.local/lib/python3.12/site-packages/airflow/example_dags/tutorial.py
[2024-06-29T12:12:32.300+0000] {processor.py:840} INFO - DAG(s) 'tutorial' retrieved from /home/airflow/.local/lib/python3.12/site-packages/airflow/example_dags/tutorial.py
[2024-06-29T12:12:32.313+0000] {logging_mixin.py:188} INFO - [2024-06-29T12:12:32.313+0000] {dag.py:3096} INFO - Sync 1 DAGs
[2024-06-29T12:12:32.324+0000] {logging_mixin.py:188} INFO - [2024-06-29T12:12:32.324+0000] {dag.py:3954} INFO - Setting next_dagrun for tutorial to 2024-06-28 00:00:00+00:00, run_after=2024-06-29 00:00:00+00:00
[2024-06-29T12:12:32.333+0000] {processor.py:183} INFO - Processing /home/airflow/.local/lib/python3.12/site-packages/airflow/example_dags/tutorial.py took 0.042 seconds
[2024-06-29T12:13:02.482+0000] {processor.py:161} INFO - Started process (PID=9922) to work on /home/airflow/.local/lib/python3.12/site-packages/airflow/example_dags/tutorial.py
[2024-06-29T12:13:02.482+0000] {processor.py:830} INFO - Processing file /home/airflow/.local/lib/python3.12/site-packages/airflow/example_dags/tutorial.py for tasks to queue
[2024-06-29T12:13:02.484+0000] {logging_mixin.py:188} INFO - [2024-06-29T12:13:02.483+0000] {dagbag.py:545} INFO - Filling up the DagBag from /home/airflow/.local/lib/python3.12/site-packages/airflow/example_dags/tutorial.py
[2024-06-29T12:13:02.487+0000] {processor.py:840} INFO - DAG(s) 'tutorial' retrieved from /home/airflow/.local/lib/python3.12/site-packages/airflow/example_dags/tutorial.py
[2024-06-29T12:13:02.501+0000] {logging_mixin.py:188} INFO - [2024-06-29T12:13:02.501+0000] {dag.py:3096} INFO - Sync 1 DAGs
[2024-06-29T12:13:02.512+0000] {logging_mixin.py:188} INFO - [2024-06-29T12:13:02.512+0000] {dag.py:3954} INFO - Setting next_dagrun for tutorial to 2024-06-28 00:00:00+00:00, run_after=2024-06-29 00:00:00+00:00
[2024-06-29T12:13:02.521+0000] {processor.py:183} INFO - Processing /home/airflow/.local/lib/python3.12/site-packages/airflow/example_dags/tutorial.py took 0.043 seconds
[2024-06-29T12:13:32.725+0000] {processor.py:161} INFO - Started process (PID=10183) to work on /home/airflow/.local/lib/python3.12/site-packages/airflow/example_dags/tutorial.py
[2024-06-29T12:13:32.725+0000] {processor.py:830} INFO - Processing file /home/airflow/.local/lib/python3.12/site-packages/airflow/example_dags/tutorial.py for tasks to queue
[2024-06-29T12:13:32.726+0000] {logging_mixin.py:188} INFO - [2024-06-29T12:13:32.726+0000] {dagbag.py:545} INFO - Filling up the DagBag from /home/airflow/.local/lib/python3.12/site-packages/airflow/example_dags/tutorial.py
[2024-06-29T12:13:32.730+0000] {processor.py:840} INFO - DAG(s) 'tutorial' retrieved from /home/airflow/.local/lib/python3.12/site-packages/airflow/example_dags/tutorial.py
[2024-06-29T12:13:32.743+0000] {logging_mixin.py:188} INFO - [2024-06-29T12:13:32.743+0000] {dag.py:3096} INFO - Sync 1 DAGs
[2024-06-29T12:13:32.755+0000] {logging_mixin.py:188} INFO - [2024-06-29T12:13:32.755+0000] {dag.py:3954} INFO - Setting next_dagrun for tutorial to 2024-06-28 00:00:00+00:00, run_after=2024-06-29 00:00:00+00:00
[2024-06-29T12:13:32.764+0000] {processor.py:183} INFO - Processing /home/airflow/.local/lib/python3.12/site-packages/airflow/example_dags/tutorial.py took 0.043 seconds
[2024-06-29T12:14:02.885+0000] {processor.py:161} INFO - Started process (PID=10445) to work on /home/airflow/.local/lib/python3.12/site-packages/airflow/example_dags/tutorial.py
[2024-06-29T12:14:02.885+0000] {processor.py:830} INFO - Processing file /home/airflow/.local/lib/python3.12/site-packages/airflow/example_dags/tutorial.py for tasks to queue
[2024-06-29T12:14:02.887+0000] {logging_mixin.py:188} INFO - [2024-06-29T12:14:02.886+0000] {dagbag.py:545} INFO - Filling up the DagBag from /home/airflow/.local/lib/python3.12/site-packages/airflow/example_dags/tutorial.py
[2024-06-29T12:14:02.890+0000] {processor.py:840} INFO - DAG(s) 'tutorial' retrieved from /home/airflow/.local/lib/python3.12/site-packages/airflow/example_dags/tutorial.py
[2024-06-29T12:14:02.904+0000] {logging_mixin.py:188} INFO - [2024-06-29T12:14:02.904+0000] {dag.py:3096} INFO - Sync 1 DAGs
[2024-06-29T12:14:02.916+0000] {logging_mixin.py:188} INFO - [2024-06-29T12:14:02.915+0000] {dag.py:3954} INFO - Setting next_dagrun for tutorial to 2024-06-28 00:00:00+00:00, run_after=2024-06-29 00:00:00+00:00
[2024-06-29T12:14:02.924+0000] {processor.py:183} INFO - Processing /home/airflow/.local/lib/python3.12/site-packages/airflow/example_dags/tutorial.py took 0.043 seconds
[2024-06-29T12:14:33.022+0000] {processor.py:161} INFO - Started process (PID=10707) to work on /home/airflow/.local/lib/python3.12/site-packages/airflow/example_dags/tutorial.py
[2024-06-29T12:14:33.023+0000] {processor.py:830} INFO - Processing file /home/airflow/.local/lib/python3.12/site-packages/airflow/example_dags/tutorial.py for tasks to queue
[2024-06-29T12:14:33.024+0000] {logging_mixin.py:188} INFO - [2024-06-29T12:14:33.023+0000] {dagbag.py:545} INFO - Filling up the DagBag from /home/airflow/.local/lib/python3.12/site-packages/airflow/example_dags/tutorial.py
[2024-06-29T12:14:33.027+0000] {processor.py:840} INFO - DAG(s) 'tutorial' retrieved from /home/airflow/.local/lib/python3.12/site-packages/airflow/example_dags/tutorial.py
[2024-06-29T12:14:33.041+0000] {logging_mixin.py:188} INFO - [2024-06-29T12:14:33.041+0000] {dag.py:3096} INFO - Sync 1 DAGs
[2024-06-29T12:14:33.053+0000] {logging_mixin.py:188} INFO - [2024-06-29T12:14:33.052+0000] {dag.py:3954} INFO - Setting next_dagrun for tutorial to 2024-06-28 00:00:00+00:00, run_after=2024-06-29 00:00:00+00:00
[2024-06-29T12:14:33.062+0000] {processor.py:183} INFO - Processing /home/airflow/.local/lib/python3.12/site-packages/airflow/example_dags/tutorial.py took 0.043 seconds
[2024-06-29T12:15:03.946+0000] {processor.py:161} INFO - Started process (PID=10963) to work on /home/airflow/.local/lib/python3.12/site-packages/airflow/example_dags/tutorial.py
[2024-06-29T12:15:03.947+0000] {processor.py:830} INFO - Processing file /home/airflow/.local/lib/python3.12/site-packages/airflow/example_dags/tutorial.py for tasks to queue
[2024-06-29T12:15:03.948+0000] {logging_mixin.py:188} INFO - [2024-06-29T12:15:03.948+0000] {dagbag.py:545} INFO - Filling up the DagBag from /home/airflow/.local/lib/python3.12/site-packages/airflow/example_dags/tutorial.py
[2024-06-29T12:15:03.952+0000] {processor.py:840} INFO - DAG(s) 'tutorial' retrieved from /home/airflow/.local/lib/python3.12/site-packages/airflow/example_dags/tutorial.py
[2024-06-29T12:15:03.969+0000] {logging_mixin.py:188} INFO - [2024-06-29T12:15:03.969+0000] {dag.py:3096} INFO - Sync 1 DAGs
[2024-06-29T12:15:03.982+0000] {logging_mixin.py:188} INFO - [2024-06-29T12:15:03.981+0000] {dag.py:3954} INFO - Setting next_dagrun for tutorial to 2024-06-28 00:00:00+00:00, run_after=2024-06-29 00:00:00+00:00
[2024-06-29T12:15:03.990+0000] {processor.py:183} INFO - Processing /home/airflow/.local/lib/python3.12/site-packages/airflow/example_dags/tutorial.py took 0.049 seconds
[2024-06-29T12:15:34.175+0000] {processor.py:161} INFO - Started process (PID=11225) to work on /home/airflow/.local/lib/python3.12/site-packages/airflow/example_dags/tutorial.py
[2024-06-29T12:15:34.176+0000] {processor.py:830} INFO - Processing file /home/airflow/.local/lib/python3.12/site-packages/airflow/example_dags/tutorial.py for tasks to queue
[2024-06-29T12:15:34.177+0000] {logging_mixin.py:188} INFO - [2024-06-29T12:15:34.177+0000] {dagbag.py:545} INFO - Filling up the DagBag from /home/airflow/.local/lib/python3.12/site-packages/airflow/example_dags/tutorial.py
[2024-06-29T12:15:34.180+0000] {processor.py:840} INFO - DAG(s) 'tutorial' retrieved from /home/airflow/.local/lib/python3.12/site-packages/airflow/example_dags/tutorial.py
[2024-06-29T12:15:34.194+0000] {logging_mixin.py:188} INFO - [2024-06-29T12:15:34.194+0000] {dag.py:3096} INFO - Sync 1 DAGs
[2024-06-29T12:15:34.206+0000] {logging_mixin.py:188} INFO - [2024-06-29T12:15:34.206+0000] {dag.py:3954} INFO - Setting next_dagrun for tutorial to 2024-06-28 00:00:00+00:00, run_after=2024-06-29 00:00:00+00:00
[2024-06-29T12:15:34.215+0000] {processor.py:183} INFO - Processing /home/airflow/.local/lib/python3.12/site-packages/airflow/example_dags/tutorial.py took 0.044 seconds
[2024-06-29T12:16:04.397+0000] {processor.py:161} INFO - Started process (PID=11488) to work on /home/airflow/.local/lib/python3.12/site-packages/airflow/example_dags/tutorial.py
[2024-06-29T12:16:04.398+0000] {processor.py:830} INFO - Processing file /home/airflow/.local/lib/python3.12/site-packages/airflow/example_dags/tutorial.py for tasks to queue
[2024-06-29T12:16:04.400+0000] {logging_mixin.py:188} INFO - [2024-06-29T12:16:04.400+0000] {dagbag.py:545} INFO - Filling up the DagBag from /home/airflow/.local/lib/python3.12/site-packages/airflow/example_dags/tutorial.py
[2024-06-29T12:16:04.405+0000] {processor.py:840} INFO - DAG(s) 'tutorial' retrieved from /home/airflow/.local/lib/python3.12/site-packages/airflow/example_dags/tutorial.py
[2024-06-29T12:16:04.421+0000] {logging_mixin.py:188} INFO - [2024-06-29T12:16:04.420+0000] {dag.py:3096} INFO - Sync 1 DAGs
[2024-06-29T12:16:04.434+0000] {logging_mixin.py:188} INFO - [2024-06-29T12:16:04.434+0000] {dag.py:3954} INFO - Setting next_dagrun for tutorial to 2024-06-28 00:00:00+00:00, run_after=2024-06-29 00:00:00+00:00
[2024-06-29T12:16:04.443+0000] {processor.py:183} INFO - Processing /home/airflow/.local/lib/python3.12/site-packages/airflow/example_dags/tutorial.py took 0.051 seconds
[2024-06-29T12:16:34.543+0000] {processor.py:161} INFO - Started process (PID=11750) to work on /home/airflow/.local/lib/python3.12/site-packages/airflow/example_dags/tutorial.py
[2024-06-29T12:16:34.543+0000] {processor.py:830} INFO - Processing file /home/airflow/.local/lib/python3.12/site-packages/airflow/example_dags/tutorial.py for tasks to queue
[2024-06-29T12:16:34.544+0000] {logging_mixin.py:188} INFO - [2024-06-29T12:16:34.544+0000] {dagbag.py:545} INFO - Filling up the DagBag from /home/airflow/.local/lib/python3.12/site-packages/airflow/example_dags/tutorial.py
[2024-06-29T12:16:34.548+0000] {processor.py:840} INFO - DAG(s) 'tutorial' retrieved from /home/airflow/.local/lib/python3.12/site-packages/airflow/example_dags/tutorial.py
[2024-06-29T12:16:34.562+0000] {logging_mixin.py:188} INFO - [2024-06-29T12:16:34.561+0000] {dag.py:3096} INFO - Sync 1 DAGs
[2024-06-29T12:16:34.573+0000] {logging_mixin.py:188} INFO - [2024-06-29T12:16:34.573+0000] {dag.py:3954} INFO - Setting next_dagrun for tutorial to 2024-06-28 00:00:00+00:00, run_after=2024-06-29 00:00:00+00:00
[2024-06-29T12:16:34.582+0000] {processor.py:183} INFO - Processing /home/airflow/.local/lib/python3.12/site-packages/airflow/example_dags/tutorial.py took 0.044 seconds
[2024-06-29T12:17:04.768+0000] {processor.py:161} INFO - Started process (PID=12012) to work on /home/airflow/.local/lib/python3.12/site-packages/airflow/example_dags/tutorial.py
[2024-06-29T12:17:04.769+0000] {processor.py:830} INFO - Processing file /home/airflow/.local/lib/python3.12/site-packages/airflow/example_dags/tutorial.py for tasks to queue
[2024-06-29T12:17:04.770+0000] {logging_mixin.py:188} INFO - [2024-06-29T12:17:04.770+0000] {dagbag.py:545} INFO - Filling up the DagBag from /home/airflow/.local/lib/python3.12/site-packages/airflow/example_dags/tutorial.py
[2024-06-29T12:17:04.773+0000] {processor.py:840} INFO - DAG(s) 'tutorial' retrieved from /home/airflow/.local/lib/python3.12/site-packages/airflow/example_dags/tutorial.py
[2024-06-29T12:17:04.788+0000] {logging_mixin.py:188} INFO - [2024-06-29T12:17:04.787+0000] {dag.py:3096} INFO - Sync 1 DAGs
[2024-06-29T12:17:04.799+0000] {logging_mixin.py:188} INFO - [2024-06-29T12:17:04.799+0000] {dag.py:3954} INFO - Setting next_dagrun for tutorial to 2024-06-28 00:00:00+00:00, run_after=2024-06-29 00:00:00+00:00
[2024-06-29T12:17:04.809+0000] {processor.py:183} INFO - Processing /home/airflow/.local/lib/python3.12/site-packages/airflow/example_dags/tutorial.py took 0.045 seconds
[2024-06-29T12:17:34.931+0000] {processor.py:161} INFO - Started process (PID=12274) to work on /home/airflow/.local/lib/python3.12/site-packages/airflow/example_dags/tutorial.py
[2024-06-29T12:17:34.932+0000] {processor.py:830} INFO - Processing file /home/airflow/.local/lib/python3.12/site-packages/airflow/example_dags/tutorial.py for tasks to queue
[2024-06-29T12:17:34.934+0000] {logging_mixin.py:188} INFO - [2024-06-29T12:17:34.933+0000] {dagbag.py:545} INFO - Filling up the DagBag from /home/airflow/.local/lib/python3.12/site-packages/airflow/example_dags/tutorial.py
[2024-06-29T12:17:34.938+0000] {processor.py:840} INFO - DAG(s) 'tutorial' retrieved from /home/airflow/.local/lib/python3.12/site-packages/airflow/example_dags/tutorial.py
[2024-06-29T12:17:34.954+0000] {logging_mixin.py:188} INFO - [2024-06-29T12:17:34.953+0000] {dag.py:3096} INFO - Sync 1 DAGs
[2024-06-29T12:17:34.967+0000] {logging_mixin.py:188} INFO - [2024-06-29T12:17:34.967+0000] {dag.py:3954} INFO - Setting next_dagrun for tutorial to 2024-06-28 00:00:00+00:00, run_after=2024-06-29 00:00:00+00:00
[2024-06-29T12:17:34.977+0000] {processor.py:183} INFO - Processing /home/airflow/.local/lib/python3.12/site-packages/airflow/example_dags/tutorial.py took 0.050 seconds
[2024-06-29T12:18:05.119+0000] {processor.py:161} INFO - Started process (PID=12536) to work on /home/airflow/.local/lib/python3.12/site-packages/airflow/example_dags/tutorial.py
[2024-06-29T12:18:05.120+0000] {processor.py:830} INFO - Processing file /home/airflow/.local/lib/python3.12/site-packages/airflow/example_dags/tutorial.py for tasks to queue
[2024-06-29T12:18:05.121+0000] {logging_mixin.py:188} INFO - [2024-06-29T12:18:05.121+0000] {dagbag.py:545} INFO - Filling up the DagBag from /home/airflow/.local/lib/python3.12/site-packages/airflow/example_dags/tutorial.py
[2024-06-29T12:18:05.125+0000] {processor.py:840} INFO - DAG(s) 'tutorial' retrieved from /home/airflow/.local/lib/python3.12/site-packages/airflow/example_dags/tutorial.py
[2024-06-29T12:18:05.139+0000] {logging_mixin.py:188} INFO - [2024-06-29T12:18:05.138+0000] {dag.py:3096} INFO - Sync 1 DAGs
[2024-06-29T12:18:05.151+0000] {logging_mixin.py:188} INFO - [2024-06-29T12:18:05.151+0000] {dag.py:3954} INFO - Setting next_dagrun for tutorial to 2024-06-28 00:00:00+00:00, run_after=2024-06-29 00:00:00+00:00
[2024-06-29T12:18:05.160+0000] {processor.py:183} INFO - Processing /home/airflow/.local/lib/python3.12/site-packages/airflow/example_dags/tutorial.py took 0.044 seconds
[2024-06-29T12:18:35.385+0000] {processor.py:161} INFO - Started process (PID=12797) to work on /home/airflow/.local/lib/python3.12/site-packages/airflow/example_dags/tutorial.py
[2024-06-29T12:18:35.386+0000] {processor.py:830} INFO - Processing file /home/airflow/.local/lib/python3.12/site-packages/airflow/example_dags/tutorial.py for tasks to queue
[2024-06-29T12:18:35.387+0000] {logging_mixin.py:188} INFO - [2024-06-29T12:18:35.387+0000] {dagbag.py:545} INFO - Filling up the DagBag from /home/airflow/.local/lib/python3.12/site-packages/airflow/example_dags/tutorial.py
[2024-06-29T12:18:35.390+0000] {processor.py:840} INFO - DAG(s) 'tutorial' retrieved from /home/airflow/.local/lib/python3.12/site-packages/airflow/example_dags/tutorial.py
[2024-06-29T12:18:35.404+0000] {logging_mixin.py:188} INFO - [2024-06-29T12:18:35.404+0000] {dag.py:3096} INFO - Sync 1 DAGs
[2024-06-29T12:18:35.416+0000] {logging_mixin.py:188} INFO - [2024-06-29T12:18:35.416+0000] {dag.py:3954} INFO - Setting next_dagrun for tutorial to 2024-06-28 00:00:00+00:00, run_after=2024-06-29 00:00:00+00:00
[2024-06-29T12:18:35.425+0000] {processor.py:183} INFO - Processing /home/airflow/.local/lib/python3.12/site-packages/airflow/example_dags/tutorial.py took 0.044 seconds
[2024-06-29T12:19:05.586+0000] {processor.py:161} INFO - Started process (PID=13060) to work on /home/airflow/.local/lib/python3.12/site-packages/airflow/example_dags/tutorial.py
[2024-06-29T12:19:05.586+0000] {processor.py:830} INFO - Processing file /home/airflow/.local/lib/python3.12/site-packages/airflow/example_dags/tutorial.py for tasks to queue
[2024-06-29T12:19:05.587+0000] {logging_mixin.py:188} INFO - [2024-06-29T12:19:05.587+0000] {dagbag.py:545} INFO - Filling up the DagBag from /home/airflow/.local/lib/python3.12/site-packages/airflow/example_dags/tutorial.py
[2024-06-29T12:19:05.591+0000] {processor.py:840} INFO - DAG(s) 'tutorial' retrieved from /home/airflow/.local/lib/python3.12/site-packages/airflow/example_dags/tutorial.py
[2024-06-29T12:19:05.604+0000] {logging_mixin.py:188} INFO - [2024-06-29T12:19:05.604+0000] {dag.py:3096} INFO - Sync 1 DAGs
[2024-06-29T12:19:05.616+0000] {logging_mixin.py:188} INFO - [2024-06-29T12:19:05.616+0000] {dag.py:3954} INFO - Setting next_dagrun for tutorial to 2024-06-28 00:00:00+00:00, run_after=2024-06-29 00:00:00+00:00
[2024-06-29T12:19:05.626+0000] {processor.py:183} INFO - Processing /home/airflow/.local/lib/python3.12/site-packages/airflow/example_dags/tutorial.py took 0.044 seconds
[2024-06-29T12:19:36.604+0000] {processor.py:161} INFO - Started process (PID=13322) to work on /home/airflow/.local/lib/python3.12/site-packages/airflow/example_dags/tutorial.py
[2024-06-29T12:19:36.605+0000] {processor.py:830} INFO - Processing file /home/airflow/.local/lib/python3.12/site-packages/airflow/example_dags/tutorial.py for tasks to queue
[2024-06-29T12:19:36.606+0000] {logging_mixin.py:188} INFO - [2024-06-29T12:19:36.606+0000] {dagbag.py:545} INFO - Filling up the DagBag from /home/airflow/.local/lib/python3.12/site-packages/airflow/example_dags/tutorial.py
[2024-06-29T12:19:36.610+0000] {processor.py:840} INFO - DAG(s) 'tutorial' retrieved from /home/airflow/.local/lib/python3.12/site-packages/airflow/example_dags/tutorial.py
[2024-06-29T12:19:36.623+0000] {logging_mixin.py:188} INFO - [2024-06-29T12:19:36.623+0000] {dag.py:3096} INFO - Sync 1 DAGs
[2024-06-29T12:19:36.635+0000] {logging_mixin.py:188} INFO - [2024-06-29T12:19:36.635+0000] {dag.py:3954} INFO - Setting next_dagrun for tutorial to 2024-06-28 00:00:00+00:00, run_after=2024-06-29 00:00:00+00:00
[2024-06-29T12:19:36.644+0000] {processor.py:183} INFO - Processing /home/airflow/.local/lib/python3.12/site-packages/airflow/example_dags/tutorial.py took 0.043 seconds
[2024-06-29T12:20:06.763+0000] {processor.py:161} INFO - Started process (PID=13584) to work on /home/airflow/.local/lib/python3.12/site-packages/airflow/example_dags/tutorial.py
[2024-06-29T12:20:06.764+0000] {processor.py:830} INFO - Processing file /home/airflow/.local/lib/python3.12/site-packages/airflow/example_dags/tutorial.py for tasks to queue
[2024-06-29T12:20:06.765+0000] {logging_mixin.py:188} INFO - [2024-06-29T12:20:06.765+0000] {dagbag.py:545} INFO - Filling up the DagBag from /home/airflow/.local/lib/python3.12/site-packages/airflow/example_dags/tutorial.py
[2024-06-29T12:20:06.768+0000] {processor.py:840} INFO - DAG(s) 'tutorial' retrieved from /home/airflow/.local/lib/python3.12/site-packages/airflow/example_dags/tutorial.py
[2024-06-29T12:20:06.782+0000] {logging_mixin.py:188} INFO - [2024-06-29T12:20:06.782+0000] {dag.py:3096} INFO - Sync 1 DAGs
[2024-06-29T12:20:06.793+0000] {logging_mixin.py:188} INFO - [2024-06-29T12:20:06.793+0000] {dag.py:3954} INFO - Setting next_dagrun for tutorial to 2024-06-28 00:00:00+00:00, run_after=2024-06-29 00:00:00+00:00
[2024-06-29T12:20:06.801+0000] {processor.py:183} INFO - Processing /home/airflow/.local/lib/python3.12/site-packages/airflow/example_dags/tutorial.py took 0.042 seconds
[2024-06-29T12:20:37.012+0000] {processor.py:161} INFO - Started process (PID=13846) to work on /home/airflow/.local/lib/python3.12/site-packages/airflow/example_dags/tutorial.py
[2024-06-29T12:20:37.013+0000] {processor.py:830} INFO - Processing file /home/airflow/.local/lib/python3.12/site-packages/airflow/example_dags/tutorial.py for tasks to queue
[2024-06-29T12:20:37.014+0000] {logging_mixin.py:188} INFO - [2024-06-29T12:20:37.014+0000] {dagbag.py:545} INFO - Filling up the DagBag from /home/airflow/.local/lib/python3.12/site-packages/airflow/example_dags/tutorial.py
[2024-06-29T12:20:37.018+0000] {processor.py:840} INFO - DAG(s) 'tutorial' retrieved from /home/airflow/.local/lib/python3.12/site-packages/airflow/example_dags/tutorial.py
[2024-06-29T12:20:37.037+0000] {logging_mixin.py:188} INFO - [2024-06-29T12:20:37.037+0000] {dag.py:3096} INFO - Sync 1 DAGs
[2024-06-29T12:20:37.059+0000] {logging_mixin.py:188} INFO - [2024-06-29T12:20:37.058+0000] {dag.py:3954} INFO - Setting next_dagrun for tutorial to 2024-06-28 00:00:00+00:00, run_after=2024-06-29 00:00:00+00:00
[2024-06-29T12:20:37.070+0000] {processor.py:183} INFO - Processing /home/airflow/.local/lib/python3.12/site-packages/airflow/example_dags/tutorial.py took 0.063 seconds
[2024-06-29T12:21:07.193+0000] {processor.py:161} INFO - Started process (PID=14108) to work on /home/airflow/.local/lib/python3.12/site-packages/airflow/example_dags/tutorial.py
[2024-06-29T12:21:07.193+0000] {processor.py:830} INFO - Processing file /home/airflow/.local/lib/python3.12/site-packages/airflow/example_dags/tutorial.py for tasks to queue
[2024-06-29T12:21:07.195+0000] {logging_mixin.py:188} INFO - [2024-06-29T12:21:07.194+0000] {dagbag.py:545} INFO - Filling up the DagBag from /home/airflow/.local/lib/python3.12/site-packages/airflow/example_dags/tutorial.py
[2024-06-29T12:21:07.198+0000] {processor.py:840} INFO - DAG(s) 'tutorial' retrieved from /home/airflow/.local/lib/python3.12/site-packages/airflow/example_dags/tutorial.py
[2024-06-29T12:21:07.212+0000] {logging_mixin.py:188} INFO - [2024-06-29T12:21:07.211+0000] {dag.py:3096} INFO - Sync 1 DAGs
[2024-06-29T12:21:07.223+0000] {logging_mixin.py:188} INFO - [2024-06-29T12:21:07.223+0000] {dag.py:3954} INFO - Setting next_dagrun for tutorial to 2024-06-28 00:00:00+00:00, run_after=2024-06-29 00:00:00+00:00
[2024-06-29T12:21:07.233+0000] {processor.py:183} INFO - Processing /home/airflow/.local/lib/python3.12/site-packages/airflow/example_dags/tutorial.py took 0.044 seconds
[2024-06-29T12:21:37.458+0000] {processor.py:161} INFO - Started process (PID=14370) to work on /home/airflow/.local/lib/python3.12/site-packages/airflow/example_dags/tutorial.py
[2024-06-29T12:21:37.459+0000] {processor.py:830} INFO - Processing file /home/airflow/.local/lib/python3.12/site-packages/airflow/example_dags/tutorial.py for tasks to queue
[2024-06-29T12:21:37.460+0000] {logging_mixin.py:188} INFO - [2024-06-29T12:21:37.460+0000] {dagbag.py:545} INFO - Filling up the DagBag from /home/airflow/.local/lib/python3.12/site-packages/airflow/example_dags/tutorial.py
[2024-06-29T12:21:37.464+0000] {processor.py:840} INFO - DAG(s) 'tutorial' retrieved from /home/airflow/.local/lib/python3.12/site-packages/airflow/example_dags/tutorial.py
[2024-06-29T12:21:37.482+0000] {logging_mixin.py:188} INFO - [2024-06-29T12:21:37.482+0000] {dag.py:3096} INFO - Sync 1 DAGs
[2024-06-29T12:21:37.494+0000] {logging_mixin.py:188} INFO - [2024-06-29T12:21:37.494+0000] {dag.py:3954} INFO - Setting next_dagrun for tutorial to 2024-06-28 00:00:00+00:00, run_after=2024-06-29 00:00:00+00:00
[2024-06-29T12:21:37.503+0000] {processor.py:183} INFO - Processing /home/airflow/.local/lib/python3.12/site-packages/airflow/example_dags/tutorial.py took 0.050 seconds
[2024-06-29T12:22:07.562+0000] {processor.py:161} INFO - Started process (PID=14632) to work on /home/airflow/.local/lib/python3.12/site-packages/airflow/example_dags/tutorial.py
[2024-06-29T12:22:07.563+0000] {processor.py:830} INFO - Processing file /home/airflow/.local/lib/python3.12/site-packages/airflow/example_dags/tutorial.py for tasks to queue
[2024-06-29T12:22:07.564+0000] {logging_mixin.py:188} INFO - [2024-06-29T12:22:07.564+0000] {dagbag.py:545} INFO - Filling up the DagBag from /home/airflow/.local/lib/python3.12/site-packages/airflow/example_dags/tutorial.py
[2024-06-29T12:22:07.567+0000] {processor.py:840} INFO - DAG(s) 'tutorial' retrieved from /home/airflow/.local/lib/python3.12/site-packages/airflow/example_dags/tutorial.py
[2024-06-29T12:22:07.581+0000] {logging_mixin.py:188} INFO - [2024-06-29T12:22:07.581+0000] {dag.py:3096} INFO - Sync 1 DAGs
[2024-06-29T12:22:07.592+0000] {logging_mixin.py:188} INFO - [2024-06-29T12:22:07.592+0000] {dag.py:3954} INFO - Setting next_dagrun for tutorial to 2024-06-28 00:00:00+00:00, run_after=2024-06-29 00:00:00+00:00
[2024-06-29T12:22:07.600+0000] {processor.py:183} INFO - Processing /home/airflow/.local/lib/python3.12/site-packages/airflow/example_dags/tutorial.py took 0.042 seconds
[2024-06-29T12:22:37.788+0000] {processor.py:161} INFO - Started process (PID=14895) to work on /home/airflow/.local/lib/python3.12/site-packages/airflow/example_dags/tutorial.py
[2024-06-29T12:22:37.789+0000] {processor.py:830} INFO - Processing file /home/airflow/.local/lib/python3.12/site-packages/airflow/example_dags/tutorial.py for tasks to queue
[2024-06-29T12:22:37.790+0000] {logging_mixin.py:188} INFO - [2024-06-29T12:22:37.789+0000] {dagbag.py:545} INFO - Filling up the DagBag from /home/airflow/.local/lib/python3.12/site-packages/airflow/example_dags/tutorial.py
[2024-06-29T12:22:37.793+0000] {processor.py:840} INFO - DAG(s) 'tutorial' retrieved from /home/airflow/.local/lib/python3.12/site-packages/airflow/example_dags/tutorial.py
[2024-06-29T12:22:37.807+0000] {logging_mixin.py:188} INFO - [2024-06-29T12:22:37.807+0000] {dag.py:3096} INFO - Sync 1 DAGs
[2024-06-29T12:22:37.818+0000] {logging_mixin.py:188} INFO - [2024-06-29T12:22:37.818+0000] {dag.py:3954} INFO - Setting next_dagrun for tutorial to 2024-06-28 00:00:00+00:00, run_after=2024-06-29 00:00:00+00:00
[2024-06-29T12:22:37.827+0000] {processor.py:183} INFO - Processing /home/airflow/.local/lib/python3.12/site-packages/airflow/example_dags/tutorial.py took 0.043 seconds
[2024-06-29T12:23:08.051+0000] {processor.py:161} INFO - Started process (PID=15157) to work on /home/airflow/.local/lib/python3.12/site-packages/airflow/example_dags/tutorial.py
[2024-06-29T12:23:08.053+0000] {processor.py:830} INFO - Processing file /home/airflow/.local/lib/python3.12/site-packages/airflow/example_dags/tutorial.py for tasks to queue
[2024-06-29T12:23:08.054+0000] {logging_mixin.py:188} INFO - [2024-06-29T12:23:08.054+0000] {dagbag.py:545} INFO - Filling up the DagBag from /home/airflow/.local/lib/python3.12/site-packages/airflow/example_dags/tutorial.py
[2024-06-29T12:23:08.058+0000] {processor.py:840} INFO - DAG(s) 'tutorial' retrieved from /home/airflow/.local/lib/python3.12/site-packages/airflow/example_dags/tutorial.py
[2024-06-29T12:23:08.078+0000] {logging_mixin.py:188} INFO - [2024-06-29T12:23:08.078+0000] {dag.py:3096} INFO - Sync 1 DAGs
[2024-06-29T12:23:08.091+0000] {logging_mixin.py:188} INFO - [2024-06-29T12:23:08.091+0000] {dag.py:3954} INFO - Setting next_dagrun for tutorial to 2024-06-28 00:00:00+00:00, run_after=2024-06-29 00:00:00+00:00
[2024-06-29T12:23:08.100+0000] {processor.py:183} INFO - Processing /home/airflow/.local/lib/python3.12/site-packages/airflow/example_dags/tutorial.py took 0.053 seconds
[2024-06-29T12:23:38.291+0000] {processor.py:161} INFO - Started process (PID=15419) to work on /home/airflow/.local/lib/python3.12/site-packages/airflow/example_dags/tutorial.py
[2024-06-29T12:23:38.292+0000] {processor.py:830} INFO - Processing file /home/airflow/.local/lib/python3.12/site-packages/airflow/example_dags/tutorial.py for tasks to queue
[2024-06-29T12:23:38.293+0000] {logging_mixin.py:188} INFO - [2024-06-29T12:23:38.292+0000] {dagbag.py:545} INFO - Filling up the DagBag from /home/airflow/.local/lib/python3.12/site-packages/airflow/example_dags/tutorial.py
[2024-06-29T12:23:38.296+0000] {processor.py:840} INFO - DAG(s) 'tutorial' retrieved from /home/airflow/.local/lib/python3.12/site-packages/airflow/example_dags/tutorial.py
[2024-06-29T12:23:38.311+0000] {logging_mixin.py:188} INFO - [2024-06-29T12:23:38.310+0000] {dag.py:3096} INFO - Sync 1 DAGs
[2024-06-29T12:23:38.322+0000] {logging_mixin.py:188} INFO - [2024-06-29T12:23:38.321+0000] {dag.py:3954} INFO - Setting next_dagrun for tutorial to 2024-06-28 00:00:00+00:00, run_after=2024-06-29 00:00:00+00:00
[2024-06-29T12:23:38.330+0000] {processor.py:183} INFO - Processing /home/airflow/.local/lib/python3.12/site-packages/airflow/example_dags/tutorial.py took 0.044 seconds
[2024-06-29T12:24:08.419+0000] {processor.py:161} INFO - Started process (PID=15682) to work on /home/airflow/.local/lib/python3.12/site-packages/airflow/example_dags/tutorial.py
[2024-06-29T12:24:08.420+0000] {processor.py:830} INFO - Processing file /home/airflow/.local/lib/python3.12/site-packages/airflow/example_dags/tutorial.py for tasks to queue
[2024-06-29T12:24:08.421+0000] {logging_mixin.py:188} INFO - [2024-06-29T12:24:08.421+0000] {dagbag.py:545} INFO - Filling up the DagBag from /home/airflow/.local/lib/python3.12/site-packages/airflow/example_dags/tutorial.py
[2024-06-29T12:24:08.425+0000] {processor.py:840} INFO - DAG(s) 'tutorial' retrieved from /home/airflow/.local/lib/python3.12/site-packages/airflow/example_dags/tutorial.py
[2024-06-29T12:24:08.438+0000] {logging_mixin.py:188} INFO - [2024-06-29T12:24:08.438+0000] {dag.py:3096} INFO - Sync 1 DAGs
[2024-06-29T12:24:08.450+0000] {logging_mixin.py:188} INFO - [2024-06-29T12:24:08.450+0000] {dag.py:3954} INFO - Setting next_dagrun for tutorial to 2024-06-28 00:00:00+00:00, run_after=2024-06-29 00:00:00+00:00
[2024-06-29T12:24:08.458+0000] {processor.py:183} INFO - Processing /home/airflow/.local/lib/python3.12/site-packages/airflow/example_dags/tutorial.py took 0.043 seconds
[2024-06-29T12:24:38.608+0000] {processor.py:161} INFO - Started process (PID=15945) to work on /home/airflow/.local/lib/python3.12/site-packages/airflow/example_dags/tutorial.py
[2024-06-29T12:24:38.608+0000] {processor.py:830} INFO - Processing file /home/airflow/.local/lib/python3.12/site-packages/airflow/example_dags/tutorial.py for tasks to queue
[2024-06-29T12:24:38.610+0000] {logging_mixin.py:188} INFO - [2024-06-29T12:24:38.609+0000] {dagbag.py:545} INFO - Filling up the DagBag from /home/airflow/.local/lib/python3.12/site-packages/airflow/example_dags/tutorial.py
[2024-06-29T12:24:38.613+0000] {processor.py:840} INFO - DAG(s) 'tutorial' retrieved from /home/airflow/.local/lib/python3.12/site-packages/airflow/example_dags/tutorial.py
[2024-06-29T12:24:38.627+0000] {logging_mixin.py:188} INFO - [2024-06-29T12:24:38.627+0000] {dag.py:3096} INFO - Sync 1 DAGs
[2024-06-29T12:24:38.638+0000] {logging_mixin.py:188} INFO - [2024-06-29T12:24:38.638+0000] {dag.py:3954} INFO - Setting next_dagrun for tutorial to 2024-06-28 00:00:00+00:00, run_after=2024-06-29 00:00:00+00:00
[2024-06-29T12:24:38.647+0000] {processor.py:183} INFO - Processing /home/airflow/.local/lib/python3.12/site-packages/airflow/example_dags/tutorial.py took 0.044 seconds
[2024-06-29T12:25:08.805+0000] {processor.py:161} INFO - Started process (PID=16207) to work on /home/airflow/.local/lib/python3.12/site-packages/airflow/example_dags/tutorial.py
[2024-06-29T12:25:08.806+0000] {processor.py:830} INFO - Processing file /home/airflow/.local/lib/python3.12/site-packages/airflow/example_dags/tutorial.py for tasks to queue
[2024-06-29T12:25:08.807+0000] {logging_mixin.py:188} INFO - [2024-06-29T12:25:08.807+0000] {dagbag.py:545} INFO - Filling up the DagBag from /home/airflow/.local/lib/python3.12/site-packages/airflow/example_dags/tutorial.py
[2024-06-29T12:25:08.810+0000] {processor.py:840} INFO - DAG(s) 'tutorial' retrieved from /home/airflow/.local/lib/python3.12/site-packages/airflow/example_dags/tutorial.py
[2024-06-29T12:25:08.824+0000] {logging_mixin.py:188} INFO - [2024-06-29T12:25:08.824+0000] {dag.py:3096} INFO - Sync 1 DAGs
[2024-06-29T12:25:08.834+0000] {logging_mixin.py:188} INFO - [2024-06-29T12:25:08.834+0000] {dag.py:3954} INFO - Setting next_dagrun for tutorial to 2024-06-28 00:00:00+00:00, run_after=2024-06-29 00:00:00+00:00
[2024-06-29T12:25:08.843+0000] {processor.py:183} INFO - Processing /home/airflow/.local/lib/python3.12/site-packages/airflow/example_dags/tutorial.py took 0.041 seconds
